0it [00:00, ?it/s]
2815it [00:10, 278.67it/s]
6207it [00:20, 294.44it/s]
9758it [00:30, 307.54it/s]
13371it [00:40, 321.90it/s]
17185it [00:50, 337.63it/s]
20996it [01:01, 343.61it/s]
24581it [01:11, 342.67it/s]
28437it [01:21, 354.50it/s]
32293it [01:32, 352.81it/s]
36073it [01:42, 359.99it/s]
39853it [01:53, 355.77it/s]
43830it [02:03, 367.37it/s]
47807it [02:13, 372.41it/s]
51655it [02:25, 360.93it/s]
55524it [02:35, 368.33it/s]
59393it [02:45, 372.90it/s]
63234it [02:58, 345.40it/s]
66181it [03:08, 327.03it/s]
67342it [03:12, 349.89it/s]

0it [00:00, ?it/s]
3702it [00:10, 370.20it/s]
7404it [00:20, 369.61it/s]
9536it [00:28, 340.14it/s]

0it [00:00, ?it/s]
8957it [00:10, 895.66it/s]
17959it [00:20, 896.99it/s]
26960it [00:30, 883.67it/s]
35803it [00:40, 883.84it/s]
44835it [00:50, 889.55it/s]
53867it [01:00, 889.58it/s]
62764it [01:10, 885.30it/s]
71519it [01:21, 873.12it/s]
76878it [01:27, 875.64it/s]

0it [00:00, ?it/s]
462869it [00:10, 46286.78it/s]
937812it [00:20, 46642.54it/s]
1418819it [00:30, 47070.62it/s]
1702926it [00:35, 47430.01it/s]

0it [00:00, ?it/s]
370045it [00:10, 37004.30it/s]
807843it [00:20, 38806.01it/s]
1270269it [00:30, 40773.08it/s]
1702926it [00:39, 43366.91it/s]

  0%|          | 0/4209 [00:00<?, ?it/s]
em: 0.0383, f1: 0.0450, loss: 7.2202 ||:   1%|          | 38/4209 [00:10<18:42,  3.72it/s]
em: 0.0444, f1: 0.0534, loss: 6.6763 ||:   2%|1         | 77/4209 [00:21<18:46,  3.67it/s]
em: 0.0523, f1: 0.0648, loss: 6.3646 ||:   3%|2         | 115/4209 [00:31<18:25,  3.70it/s]
em: 0.0551, f1: 0.0701, loss: 6.1303 ||:   4%|3         | 154/4209 [00:41<18:04,  3.74it/s]
em: 0.0640, f1: 0.0832, loss: 5.9320 ||:   5%|4         | 194/4209 [00:51<17:39,  3.79it/s]
em: 0.0709, f1: 0.0945, loss: 5.7906 ||:   6%|5         | 234/4209 [01:01<17:16,  3.83it/s]
em: 0.0750, f1: 0.1003, loss: 5.6935 ||:   7%|6         | 274/4209 [01:11<16:57,  3.87it/s]
em: 0.0804, f1: 0.1080, loss: 5.6445 ||:   7%|7         | 314/4209 [01:22<16:47,  3.86it/s]
em: 0.0857, f1: 0.1142, loss: 5.5600 ||:   8%|8         | 353/4209 [01:33<16:57,  3.79it/s]
em: 0.0902, f1: 0.1194, loss: 5.5237 ||:   9%|9         | 392/4209 [01:43<16:46,  3.79it/s]
em: 0.0915, f1: 0.1198, loss: 5.4724 ||:  10%|#         | 431/4209 [01:53<16:36,  3.79it/s]
em: 0.0926, f1: 0.1217, loss: 5.4379 ||:  11%|#1        | 471/4209 [02:03<16:12,  3.84it/s]
em: 0.0945, f1: 0.1239, loss: 5.3928 ||:  12%|#2        | 511/4209 [02:14<16:10,  3.81it/s]
em: 0.0987, f1: 0.1285, loss: 5.3484 ||:  13%|#3        | 550/4209 [02:24<15:54,  3.83it/s]
em: 0.1013, f1: 0.1307, loss: 5.2964 ||:  14%|#3        | 589/4209 [02:34<15:46,  3.83it/s]
em: 0.1032, f1: 0.1330, loss: 5.2625 ||:  15%|#4        | 628/4209 [02:44<15:36,  3.82it/s]
em: 0.1054, f1: 0.1355, loss: 5.2326 ||:  16%|#5        | 667/4209 [02:58<17:03,  3.46it/s]
em: 0.1062, f1: 0.1361, loss: 5.1982 ||:  17%|#6        | 706/4209 [03:08<16:18,  3.58it/s]
em: 0.1082, f1: 0.1384, loss: 5.1784 ||:  18%|#7        | 745/4209 [03:18<15:46,  3.66it/s]
em: 0.1100, f1: 0.1404, loss: 5.1461 ||:  19%|#8        | 784/4209 [03:28<15:19,  3.72it/s]
em: 0.1115, f1: 0.1417, loss: 5.1213 ||:  20%|#9        | 823/4209 [03:39<15:04,  3.75it/s]
em: 0.1120, f1: 0.1428, loss: 5.1084 ||:  21%|##        | 864/4209 [03:49<14:33,  3.83it/s]
em: 0.1129, f1: 0.1440, loss: 5.0914 ||:  22%|##1       | 905/4209 [04:00<14:26,  3.81it/s]
em: 0.1150, f1: 0.1463, loss: 5.0658 ||:  22%|##2       | 944/4209 [04:10<14:14,  3.82it/s]
em: 0.1159, f1: 0.1476, loss: 5.0334 ||:  23%|##3       | 983/4209 [04:20<13:59,  3.84it/s]
em: 0.1180, f1: 0.1496, loss: 5.0138 ||:  24%|##4       | 1022/4209 [04:30<13:50,  3.84it/s]
em: 0.1194, f1: 0.1509, loss: 5.0077 ||:  25%|##5       | 1063/4209 [04:40<13:26,  3.90it/s]
em: 0.1209, f1: 0.1521, loss: 4.9947 ||:  26%|##6       | 1104/4209 [04:52<13:49,  3.74it/s]
em: 0.1208, f1: 0.1520, loss: 4.9857 ||:  27%|##7       | 1142/4209 [05:02<13:39,  3.74it/s]
em: 0.1215, f1: 0.1529, loss: 4.9738 ||:  28%|##8       | 1181/4209 [05:12<13:24,  3.77it/s]
em: 0.1227, f1: 0.1537, loss: 4.9539 ||:  29%|##8       | 1220/4209 [05:23<13:10,  3.78it/s]
em: 0.1242, f1: 0.1550, loss: 4.9339 ||:  30%|##9       | 1259/4209 [05:33<12:57,  3.79it/s]
em: 0.1250, f1: 0.1557, loss: 4.9174 ||:  31%|###       | 1298/4209 [05:43<12:41,  3.82it/s]
em: 0.1253, f1: 0.1561, loss: 4.9123 ||:  32%|###1      | 1338/4209 [05:53<12:22,  3.87it/s]
em: 0.1273, f1: 0.1580, loss: 4.8964 ||:  33%|###2      | 1378/4209 [06:03<12:11,  3.87it/s]
em: 0.1279, f1: 0.1586, loss: 4.8846 ||:  34%|###3      | 1417/4209 [06:14<12:14,  3.80it/s]
em: 0.1284, f1: 0.1590, loss: 4.8714 ||:  35%|###4      | 1456/4209 [06:24<12:01,  3.81it/s]
em: 0.1286, f1: 0.1593, loss: 4.8557 ||:  36%|###5      | 1495/4209 [06:34<11:55,  3.79it/s]
em: 0.1283, f1: 0.1589, loss: 4.8466 ||:  36%|###6      | 1533/4209 [06:45<11:46,  3.79it/s]
em: 0.1287, f1: 0.1593, loss: 4.8354 ||:  37%|###7      | 1571/4209 [06:58<12:45,  3.45it/s]
em: 0.1291, f1: 0.1599, loss: 4.8237 ||:  38%|###8      | 1610/4209 [07:08<12:07,  3.57it/s]
em: 0.1297, f1: 0.1603, loss: 4.8112 ||:  39%|###9      | 1649/4209 [07:18<11:41,  3.65it/s]
em: 0.1299, f1: 0.1606, loss: 4.8053 ||:  40%|####      | 1688/4209 [07:28<11:22,  3.70it/s]
em: 0.1303, f1: 0.1610, loss: 4.7918 ||:  41%|####1     | 1728/4209 [07:38<10:59,  3.76it/s]
em: 0.1307, f1: 0.1611, loss: 4.7790 ||:  42%|####2     | 1768/4209 [07:49<10:43,  3.79it/s]
em: 0.1310, f1: 0.1615, loss: 4.7689 ||:  43%|####2     | 1807/4209 [07:59<10:33,  3.79it/s]
em: 0.1310, f1: 0.1618, loss: 4.7599 ||:  44%|####3     | 1846/4209 [08:09<10:18,  3.82it/s]
em: 0.1314, f1: 0.1622, loss: 4.7552 ||:  45%|####4     | 1886/4209 [08:19<10:03,  3.85it/s]
em: 0.1315, f1: 0.1623, loss: 4.7467 ||:  46%|####5     | 1926/4209 [08:30<09:54,  3.84it/s]
em: 0.1321, f1: 0.1626, loss: 4.7374 ||:  47%|####6     | 1965/4209 [08:40<09:48,  3.82it/s]
em: 0.1325, f1: 0.1630, loss: 4.7281 ||:  48%|####7     | 2003/4209 [08:50<09:42,  3.79it/s]
em: 0.1325, f1: 0.1637, loss: 4.7199 ||:  49%|####8     | 2042/4209 [09:00<09:28,  3.81it/s]
em: 0.1329, f1: 0.1641, loss: 4.7082 ||:  49%|####9     | 2081/4209 [09:11<09:19,  3.80it/s]
em: 0.1335, f1: 0.1645, loss: 4.7013 ||:  50%|#####     | 2120/4209 [09:21<09:08,  3.81it/s]
em: 0.1339, f1: 0.1649, loss: 4.6971 ||:  51%|#####1    | 2159/4209 [09:31<08:57,  3.81it/s]
em: 0.1342, f1: 0.1652, loss: 4.6857 ||:  52%|#####2    | 2198/4209 [09:42<08:50,  3.79it/s]
em: 0.1347, f1: 0.1657, loss: 4.6754 ||:  53%|#####3    | 2238/4209 [09:52<08:34,  3.83it/s]
em: 0.1351, f1: 0.1662, loss: 4.6647 ||:  54%|#####4    | 2278/4209 [10:02<08:19,  3.86it/s]
em: 0.1356, f1: 0.1667, loss: 4.6559 ||:  55%|#####5    | 2318/4209 [10:12<08:10,  3.86it/s]
em: 0.1364, f1: 0.1675, loss: 4.6474 ||:  56%|#####5    | 2357/4209 [10:24<08:18,  3.71it/s]
em: 0.1364, f1: 0.1673, loss: 4.6416 ||:  57%|#####6    | 2396/4209 [10:34<08:03,  3.75it/s]
em: 0.1367, f1: 0.1678, loss: 4.6343 ||:  58%|#####7    | 2435/4209 [10:44<07:49,  3.78it/s]
em: 0.1375, f1: 0.1686, loss: 4.6299 ||:  59%|#####8    | 2474/4209 [10:54<07:37,  3.79it/s]
em: 0.1377, f1: 0.1688, loss: 4.6281 ||:  60%|#####9    | 2514/4209 [11:04<07:20,  3.84it/s]
em: 0.1380, f1: 0.1692, loss: 4.6191 ||:  61%|######    | 2554/4209 [11:15<07:08,  3.86it/s]
em: 0.1383, f1: 0.1695, loss: 4.6145 ||:  62%|######1   | 2594/4209 [11:25<06:55,  3.89it/s]
em: 0.1385, f1: 0.1698, loss: 4.6069 ||:  63%|######2   | 2634/4209 [11:35<06:46,  3.88it/s]
em: 0.1391, f1: 0.1704, loss: 4.5997 ||:  64%|######3   | 2674/4209 [11:45<06:33,  3.90it/s]
em: 0.1397, f1: 0.1710, loss: 4.5922 ||:  64%|######4   | 2714/4209 [11:56<06:25,  3.88it/s]
em: 0.1395, f1: 0.1709, loss: 4.5886 ||:  65%|######5   | 2753/4209 [12:10<07:05,  3.42it/s]
em: 0.1395, f1: 0.1708, loss: 4.5841 ||:  66%|######6   | 2792/4209 [12:20<06:39,  3.54it/s]
em: 0.1395, f1: 0.1707, loss: 4.5815 ||:  67%|######7   | 2831/4209 [12:31<06:21,  3.61it/s]
em: 0.1396, f1: 0.1708, loss: 4.5764 ||:  68%|######8   | 2870/4209 [12:41<06:03,  3.69it/s]
em: 0.1401, f1: 0.1717, loss: 4.5687 ||:  69%|######9   | 2909/4209 [12:51<05:49,  3.72it/s]
em: 0.1405, f1: 0.1721, loss: 4.5656 ||:  70%|#######   | 2948/4209 [13:01<05:35,  3.75it/s]
em: 0.1410, f1: 0.1725, loss: 4.5645 ||:  71%|#######   | 2987/4209 [13:11<05:24,  3.76it/s]
em: 0.1415, f1: 0.1730, loss: 4.5641 ||:  72%|#######1  | 3025/4209 [13:22<05:18,  3.72it/s]
em: 0.1418, f1: 0.1733, loss: 4.5587 ||:  73%|#######2  | 3063/4209 [13:32<05:07,  3.73it/s]
em: 0.1422, f1: 0.1736, loss: 4.5552 ||:  74%|#######3  | 3101/4209 [13:42<04:55,  3.74it/s]
em: 0.1427, f1: 0.1740, loss: 4.5442 ||:  75%|#######4  | 3140/4209 [13:52<04:43,  3.78it/s]
em: 0.1432, f1: 0.1746, loss: 4.5365 ||:  76%|#######5  | 3180/4209 [14:02<04:29,  3.82it/s]
em: 0.1434, f1: 0.1747, loss: 4.5316 ||:  77%|#######6  | 3220/4209 [14:13<04:20,  3.79it/s]
em: 0.1436, f1: 0.1748, loss: 4.5246 ||:  77%|#######7  | 3259/4209 [14:23<04:10,  3.80it/s]
em: 0.1440, f1: 0.1752, loss: 4.5202 ||:  78%|#######8  | 3299/4209 [14:33<03:57,  3.84it/s]
em: 0.1445, f1: 0.1759, loss: 4.5140 ||:  79%|#######9  | 3339/4209 [14:44<03:45,  3.85it/s]
em: 0.1446, f1: 0.1759, loss: 4.5066 ||:  80%|########  | 3380/4209 [14:54<03:32,  3.91it/s]
em: 0.1448, f1: 0.1760, loss: 4.4974 ||:  81%|########1 | 3421/4209 [15:06<03:28,  3.78it/s]
em: 0.1451, f1: 0.1762, loss: 4.4947 ||:  82%|########2 | 3460/4209 [15:16<03:16,  3.81it/s]
em: 0.1454, f1: 0.1766, loss: 4.4914 ||:  83%|########3 | 3499/4209 [15:26<03:05,  3.83it/s]
em: 0.1455, f1: 0.1767, loss: 4.4886 ||:  84%|########4 | 3538/4209 [15:36<02:56,  3.81it/s]
em: 0.1459, f1: 0.1772, loss: 4.4851 ||:  85%|########4 | 3577/4209 [15:46<02:45,  3.81it/s]
em: 0.1465, f1: 0.1777, loss: 4.4796 ||:  86%|########5 | 3616/4209 [15:56<02:35,  3.83it/s]
em: 0.1466, f1: 0.1779, loss: 4.4771 ||:  87%|########6 | 3656/4209 [16:06<02:23,  3.86it/s]
em: 0.1466, f1: 0.1779, loss: 4.4744 ||:  88%|########7 | 3696/4209 [16:17<02:13,  3.85it/s]
em: 0.1471, f1: 0.1783, loss: 4.4687 ||:  89%|########8 | 3735/4209 [16:27<02:03,  3.84it/s]
em: 0.1472, f1: 0.1784, loss: 4.4618 ||:  90%|########9 | 3774/4209 [16:37<01:53,  3.85it/s]
em: 0.1472, f1: 0.1785, loss: 4.4576 ||:  91%|######### | 3813/4209 [16:48<01:43,  3.82it/s]
em: 0.1476, f1: 0.1788, loss: 4.4537 ||:  91%|#########1| 3851/4209 [16:58<01:34,  3.80it/s]
em: 0.1477, f1: 0.1789, loss: 4.4505 ||:  92%|#########2| 3889/4209 [17:08<01:24,  3.79it/s]
em: 0.1477, f1: 0.1789, loss: 4.4506 ||:  93%|#########3| 3927/4209 [17:18<01:14,  3.78it/s]
em: 0.1475, f1: 0.1790, loss: 4.4507 ||:  94%|#########4| 3967/4209 [17:28<01:03,  3.82it/s]
em: 0.1472, f1: 0.1789, loss: 4.4559 ||:  95%|#########5| 4008/4209 [17:38<00:51,  3.89it/s]
em: 0.1471, f1: 0.1789, loss: 4.4593 ||:  96%|#########6| 4049/4209 [17:49<00:41,  3.87it/s]
em: 0.1466, f1: 0.1785, loss: 4.4639 ||:  97%|#########7| 4088/4209 [17:59<00:31,  3.86it/s]
em: 0.1463, f1: 0.1784, loss: 4.4680 ||:  98%|#########8| 4127/4209 [18:09<00:21,  3.86it/s]
em: 0.1461, f1: 0.1782, loss: 4.4730 ||:  99%|#########9| 4167/4209 [18:19<00:10,  3.88it/s]
em: 0.1458, f1: 0.1779, loss: 4.4772 ||: 100%|#########9| 4207/4209 [18:35<00:00,  3.39it/s]
em: 0.1455, f1: 0.1777, loss: 4.4814 ||: : 4246it [18:45,  3.52it/s]                        
em: 0.1452, f1: 0.1774, loss: 4.4825 ||: : 4265it [18:49,  3.77it/s]

  0%|          | 0/596 [00:00<?, ?it/s]
em: 0.2327, f1: 0.2585, loss: 1274353.7769 ||:  13%|#2        | 77/596 [00:10<01:10,  7.33it/s]
em: 0.2189, f1: 0.2465, loss: 1564444.0251 ||:  27%|##7       | 161/596 [00:20<00:57,  7.61it/s]
em: 0.2132, f1: 0.2407, loss: 1402442.1503 ||:  41%|####1     | 246/596 [00:30<00:44,  7.86it/s]
em: 0.2131, f1: 0.2391, loss: 1312314.3829 ||:  56%|#####5    | 331/596 [00:40<00:33,  7.98it/s]
em: 0.2153, f1: 0.2407, loss: 1286235.0889 ||:  69%|######9   | 414/596 [00:51<00:23,  7.89it/s]
em: 0.2032, f1: 0.2291, loss: 1433084.0119 ||:  83%|########3 | 495/596 [01:01<00:12,  7.88it/s]
em: 0.1906, f1: 0.2166, loss: 1598277.5954 ||: 100%|#########9| 594/596 [01:12<00:00,  8.38it/s]
em: 0.1903, f1: 0.2162, loss: 1581129.0414 ||: : 604it [01:13,  8.23it/s]                       

  0%|          | 0/4209 [00:00<?, ?it/s]
em: 0.1627, f1: 0.2053, loss: 3.7865 ||:   1%|          | 42/4209 [00:10<16:44,  4.15it/s]
em: 0.1868, f1: 0.2239, loss: 3.8455 ||:   2%|2         | 85/4209 [00:20<16:24,  4.19it/s]
em: 0.1798, f1: 0.2167, loss: 3.8972 ||:   3%|3         | 128/4209 [00:30<16:10,  4.21it/s]
em: 0.1838, f1: 0.2211, loss: 3.8804 ||:   4%|4         | 171/4209 [00:40<15:58,  4.21it/s]
em: 0.1881, f1: 0.2247, loss: 3.8647 ||:   5%|5         | 215/4209 [00:50<15:40,  4.25it/s]
em: 0.1881, f1: 0.2241, loss: 3.8632 ||:   6%|6         | 259/4209 [01:01<15:32,  4.23it/s]
em: 0.1888, f1: 0.2252, loss: 3.8834 ||:   7%|7         | 304/4209 [01:11<15:09,  4.29it/s]
em: 0.1934, f1: 0.2296, loss: 3.8845 ||:   8%|8         | 349/4209 [01:22<15:15,  4.21it/s]
em: 0.1915, f1: 0.2269, loss: 3.9109 ||:   9%|9         | 391/4209 [01:32<15:12,  4.18it/s]
em: 0.1879, f1: 0.2227, loss: 3.9173 ||:  10%|#         | 435/4209 [01:42<14:49,  4.24it/s]
em: 0.1873, f1: 0.2218, loss: 3.9079 ||:  11%|#1        | 479/4209 [01:52<14:31,  4.28it/s]
em: 0.1858, f1: 0.2202, loss: 3.9035 ||:  12%|#2        | 523/4209 [02:03<14:24,  4.26it/s]
em: 0.1873, f1: 0.2217, loss: 3.8811 ||:  13%|#3        | 566/4209 [02:13<14:18,  4.24it/s]
em: 0.1883, f1: 0.2231, loss: 3.8730 ||:  14%|#4        | 609/4209 [02:23<14:14,  4.21it/s]
em: 0.1893, f1: 0.2240, loss: 3.8647 ||:  15%|#5        | 652/4209 [02:33<14:05,  4.21it/s]
em: 0.1878, f1: 0.2219, loss: 3.8585 ||:  17%|#6        | 695/4209 [02:43<13:50,  4.23it/s]
em: 0.1882, f1: 0.2224, loss: 3.8600 ||:  18%|#7        | 740/4209 [02:54<13:27,  4.30it/s]
em: 0.1882, f1: 0.2220, loss: 3.8500 ||:  19%|#8        | 785/4209 [03:04<13:14,  4.31it/s]
em: 0.1878, f1: 0.2216, loss: 3.8554 ||:  20%|#9        | 829/4209 [03:14<13:05,  4.30it/s]
em: 0.1878, f1: 0.2222, loss: 3.8617 ||:  21%|##        | 873/4209 [03:24<12:52,  4.32it/s]
em: 0.1884, f1: 0.2226, loss: 3.8644 ||:  22%|##1       | 917/4209 [03:35<12:58,  4.23it/s]
em: 0.1900, f1: 0.2246, loss: 3.8531 ||:  23%|##2       | 959/4209 [03:45<12:50,  4.22it/s]
em: 0.1901, f1: 0.2245, loss: 3.8424 ||:  24%|##3       | 1003/4209 [03:55<12:32,  4.26it/s]
em: 0.1919, f1: 0.2260, loss: 3.8478 ||:  25%|##4       | 1047/4209 [04:06<12:22,  4.26it/s]
em: 0.1924, f1: 0.2265, loss: 3.8537 ||:  26%|##5       | 1090/4209 [04:16<12:14,  4.25it/s]
em: 0.1910, f1: 0.2253, loss: 3.8612 ||:  27%|##6       | 1133/4209 [04:26<12:07,  4.23it/s]
em: 0.1912, f1: 0.2255, loss: 3.8589 ||:  28%|##7       | 1176/4209 [04:36<11:56,  4.23it/s]
em: 0.1921, f1: 0.2264, loss: 3.8498 ||:  29%|##8       | 1219/4209 [04:47<11:49,  4.21it/s]
em: 0.1927, f1: 0.2269, loss: 3.8492 ||:  30%|##9       | 1261/4209 [04:57<11:41,  4.20it/s]
em: 0.1933, f1: 0.2273, loss: 3.8449 ||:  31%|###       | 1304/4209 [05:07<11:28,  4.22it/s]
em: 0.1931, f1: 0.2273, loss: 3.8494 ||:  32%|###2      | 1348/4209 [05:17<11:11,  4.26it/s]
em: 0.1933, f1: 0.2274, loss: 3.8487 ||:  33%|###3      | 1392/4209 [05:27<11:02,  4.25it/s]
em: 0.1942, f1: 0.2285, loss: 3.8443 ||:  34%|###4      | 1435/4209 [05:37<10:55,  4.23it/s]
em: 0.1943, f1: 0.2286, loss: 3.8423 ||:  35%|###5      | 1478/4209 [05:48<10:46,  4.22it/s]
em: 0.1936, f1: 0.2280, loss: 3.8351 ||:  36%|###6      | 1521/4209 [05:58<10:41,  4.19it/s]
em: 0.1933, f1: 0.2278, loss: 3.8366 ||:  37%|###7      | 1564/4209 [06:08<10:28,  4.21it/s]
em: 0.1931, f1: 0.2277, loss: 3.8289 ||:  38%|###8      | 1607/4209 [06:18<10:14,  4.23it/s]
em: 0.1936, f1: 0.2281, loss: 3.8264 ||:  39%|###9      | 1650/4209 [06:29<10:10,  4.19it/s]
em: 0.1942, f1: 0.2284, loss: 3.8257 ||:  40%|####      | 1694/4209 [06:39<09:54,  4.23it/s]
em: 0.1943, f1: 0.2286, loss: 3.8225 ||:  41%|####1     | 1738/4209 [06:49<09:42,  4.24it/s]
em: 0.1942, f1: 0.2284, loss: 3.8198 ||:  42%|####2     | 1781/4209 [06:59<09:31,  4.25it/s]
em: 0.1946, f1: 0.2290, loss: 3.8164 ||:  43%|####3     | 1824/4209 [07:10<09:23,  4.24it/s]
em: 0.1953, f1: 0.2297, loss: 3.8145 ||:  44%|####4     | 1867/4209 [07:20<09:12,  4.24it/s]
em: 0.1959, f1: 0.2303, loss: 3.8161 ||:  45%|####5     | 1911/4209 [07:30<08:56,  4.28it/s]
em: 0.1956, f1: 0.2302, loss: 3.8124 ||:  46%|####6     | 1955/4209 [07:40<08:52,  4.24it/s]
em: 0.1956, f1: 0.2301, loss: 3.8122 ||:  47%|####7     | 1997/4209 [07:50<08:45,  4.21it/s]
em: 0.1958, f1: 0.2305, loss: 3.8085 ||:  48%|####8     | 2040/4209 [08:01<08:34,  4.22it/s]
em: 0.1955, f1: 0.2302, loss: 3.8082 ||:  49%|####9     | 2083/4209 [08:11<08:24,  4.21it/s]
em: 0.1956, f1: 0.2303, loss: 3.8069 ||:  51%|#####     | 2126/4209 [08:21<08:13,  4.22it/s]
em: 0.1957, f1: 0.2303, loss: 3.8096 ||:  52%|#####1    | 2169/4209 [08:31<08:04,  4.21it/s]
em: 0.1960, f1: 0.2307, loss: 3.8042 ||:  53%|#####2    | 2213/4209 [08:41<07:50,  4.24it/s]
em: 0.1964, f1: 0.2313, loss: 3.7997 ||:  54%|#####3    | 2257/4209 [08:52<07:38,  4.26it/s]
em: 0.1968, f1: 0.2315, loss: 3.7970 ||:  55%|#####4    | 2301/4209 [09:02<07:25,  4.29it/s]
em: 0.1972, f1: 0.2318, loss: 3.7940 ||:  56%|#####5    | 2345/4209 [09:12<07:16,  4.27it/s]
em: 0.1972, f1: 0.2317, loss: 3.7923 ||:  57%|#####6    | 2388/4209 [09:23<07:09,  4.24it/s]
em: 0.1975, f1: 0.2321, loss: 3.7892 ||:  58%|#####7    | 2432/4209 [09:33<06:56,  4.26it/s]
em: 0.1976, f1: 0.2323, loss: 3.7913 ||:  59%|#####8    | 2476/4209 [09:44<06:52,  4.20it/s]
em: 0.1980, f1: 0.2327, loss: 3.7917 ||:  60%|#####9    | 2521/4209 [09:54<06:34,  4.28it/s]
em: 0.1981, f1: 0.2327, loss: 3.7907 ||:  61%|######    | 2566/4209 [10:04<06:21,  4.31it/s]
em: 0.1985, f1: 0.2333, loss: 3.7878 ||:  62%|######2   | 2610/4209 [10:14<06:09,  4.32it/s]
em: 0.1985, f1: 0.2332, loss: 3.7863 ||:  63%|######3   | 2654/4209 [10:25<06:03,  4.27it/s]
em: 0.1993, f1: 0.2340, loss: 3.7814 ||:  64%|######4   | 2697/4209 [10:35<05:53,  4.28it/s]
em: 0.1991, f1: 0.2335, loss: 3.7820 ||:  65%|######5   | 2740/4209 [10:45<05:50,  4.19it/s]
em: 0.1991, f1: 0.2335, loss: 3.7825 ||:  66%|######6   | 2783/4209 [10:55<05:38,  4.21it/s]
em: 0.1986, f1: 0.2331, loss: 3.7846 ||:  67%|######7   | 2826/4209 [11:06<05:28,  4.20it/s]
em: 0.1988, f1: 0.2334, loss: 3.7826 ||:  68%|######8   | 2869/4209 [11:16<05:18,  4.21it/s]
em: 0.1990, f1: 0.2336, loss: 3.7813 ||:  69%|######9   | 2912/4209 [11:26<05:06,  4.23it/s]
em: 0.1993, f1: 0.2339, loss: 3.7832 ||:  70%|#######   | 2955/4209 [11:36<04:57,  4.21it/s]
em: 0.1997, f1: 0.2344, loss: 3.7860 ||:  71%|#######1  | 2998/4209 [11:46<04:47,  4.21it/s]
em: 0.1999, f1: 0.2345, loss: 3.7872 ||:  72%|#######2  | 3041/4209 [11:57<04:42,  4.14it/s]
em: 0.2004, f1: 0.2349, loss: 3.7866 ||:  73%|#######3  | 3083/4209 [12:07<04:31,  4.15it/s]
em: 0.2008, f1: 0.2353, loss: 3.7808 ||:  74%|#######4  | 3127/4209 [12:18<04:17,  4.20it/s]
em: 0.2013, f1: 0.2359, loss: 3.7763 ||:  75%|#######5  | 3171/4209 [12:28<04:04,  4.25it/s]
em: 0.2019, f1: 0.2365, loss: 3.7742 ||:  76%|#######6  | 3215/4209 [12:38<03:52,  4.27it/s]
em: 0.2027, f1: 0.2372, loss: 3.7702 ||:  77%|#######7  | 3259/4209 [12:48<03:43,  4.25it/s]
em: 0.2026, f1: 0.2370, loss: 3.7681 ||:  78%|#######8  | 3304/4209 [12:58<03:30,  4.30it/s]
em: 0.2027, f1: 0.2372, loss: 3.7664 ||:  80%|#######9  | 3349/4209 [13:09<03:21,  4.27it/s]
em: 0.2030, f1: 0.2373, loss: 3.7617 ||:  81%|########  | 3394/4209 [13:19<03:09,  4.31it/s]
em: 0.2032, f1: 0.2375, loss: 3.7569 ||:  82%|########1 | 3439/4209 [13:30<03:00,  4.28it/s]
em: 0.2033, f1: 0.2377, loss: 3.7569 ||:  83%|########2 | 3482/4209 [13:40<02:50,  4.26it/s]
em: 0.2034, f1: 0.2377, loss: 3.7566 ||:  84%|########3 | 3525/4209 [13:50<02:41,  4.24it/s]
em: 0.2039, f1: 0.2383, loss: 3.7544 ||:  85%|########4 | 3568/4209 [14:01<02:31,  4.24it/s]
em: 0.2043, f1: 0.2387, loss: 3.7527 ||:  86%|########5 | 3611/4209 [14:11<02:22,  4.19it/s]
em: 0.2045, f1: 0.2389, loss: 3.7538 ||:  87%|########6 | 3653/4209 [14:21<02:12,  4.19it/s]
em: 0.2046, f1: 0.2390, loss: 3.7554 ||:  88%|########7 | 3696/4209 [14:31<02:01,  4.22it/s]
em: 0.2051, f1: 0.2394, loss: 3.7514 ||:  89%|########8 | 3739/4209 [14:41<01:51,  4.23it/s]
em: 0.2050, f1: 0.2394, loss: 3.7477 ||:  90%|########9 | 3782/4209 [14:51<01:40,  4.24it/s]
em: 0.2054, f1: 0.2398, loss: 3.7452 ||:  91%|######### | 3825/4209 [15:02<01:30,  4.23it/s]
em: 0.2058, f1: 0.2403, loss: 3.7455 ||:  92%|#########1| 3868/4209 [15:12<01:21,  4.20it/s]
em: 0.2059, f1: 0.2403, loss: 3.7458 ||:  93%|#########2| 3911/4209 [15:22<01:10,  4.22it/s]
em: 0.2054, f1: 0.2400, loss: 3.7495 ||:  94%|#########3| 3954/4209 [15:33<01:00,  4.19it/s]
em: 0.2050, f1: 0.2398, loss: 3.7562 ||:  95%|#########4| 3997/4209 [15:43<00:50,  4.22it/s]
em: 0.2042, f1: 0.2390, loss: 3.7665 ||:  96%|#########5| 4040/4209 [15:53<00:39,  4.23it/s]
em: 0.2033, f1: 0.2382, loss: 3.7756 ||:  97%|#########7| 4083/4209 [16:03<00:29,  4.24it/s]
em: 0.2025, f1: 0.2375, loss: 3.7846 ||:  98%|#########8| 4126/4209 [16:13<00:19,  4.24it/s]
em: 0.2017, f1: 0.2368, loss: 3.7955 ||:  99%|#########9| 4169/4209 [16:23<00:09,  4.24it/s]
em: 0.2011, f1: 0.2362, loss: 3.8024 ||: : 4212it [16:33,  4.23it/s]                        
em: 0.2003, f1: 0.2354, loss: 3.8111 ||: : 4255it [16:44,  4.20it/s]
em: 0.2001, f1: 0.2353, loss: 3.8122 ||: : 4265it [16:46,  4.24it/s]

  0%|          | 0/596 [00:00<?, ?it/s]
em: 0.2830, f1: 0.3118, loss: 1370415.4849 ||:  18%|#8        | 109/596 [00:10<00:44, 10.84it/s]
em: 0.2662, f1: 0.2919, loss: 1399085.3214 ||:  37%|###6      | 218/596 [00:20<00:35, 10.70it/s]
em: 0.2633, f1: 0.2879, loss: 1315589.2649 ||:  54%|#####4    | 324/596 [00:30<00:25, 10.67it/s]
em: 0.2655, f1: 0.2896, loss: 1274712.1883 ||:  72%|#######2  | 430/596 [00:41<00:16, 10.34it/s]
em: 0.2476, f1: 0.2722, loss: 1520798.0595 ||:  92%|#########1| 547/596 [00:51<00:04, 10.70it/s]
em: 0.2362, f1: 0.2611, loss: 1576989.6152 ||: : 604it [00:57, 10.53it/s]                       

  0%|          | 0/4209 [00:00<?, ?it/s]
em: 0.2412, f1: 0.2710, loss: 3.2977 ||:   1%|1         | 43/4209 [00:10<16:27,  4.22it/s]
em: 0.2406, f1: 0.2705, loss: 3.3806 ||:   2%|2         | 87/4209 [00:20<16:12,  4.24it/s]
em: 0.2206, f1: 0.2505, loss: 3.5479 ||:   3%|3         | 131/4209 [00:30<15:52,  4.28it/s]
em: 0.2239, f1: 0.2557, loss: 3.5183 ||:   4%|4         | 175/4209 [00:41<15:50,  4.24it/s]
em: 0.2317, f1: 0.2644, loss: 3.5219 ||:   5%|5         | 218/4209 [00:51<15:40,  4.24it/s]
em: 0.2330, f1: 0.2665, loss: 3.5031 ||:   6%|6         | 261/4209 [01:01<15:31,  4.24it/s]
em: 0.2326, f1: 0.2660, loss: 3.5301 ||:   7%|7         | 305/4209 [01:11<15:21,  4.24it/s]
em: 0.2351, f1: 0.2691, loss: 3.5365 ||:   8%|8         | 348/4209 [01:22<15:22,  4.19it/s]
em: 0.2347, f1: 0.2684, loss: 3.5580 ||:   9%|9         | 390/4209 [01:32<15:17,  4.16it/s]
em: 0.2293, f1: 0.2625, loss: 3.5760 ||:  10%|#         | 434/4209 [01:42<14:57,  4.20it/s]
em: 0.2296, f1: 0.2628, loss: 3.5581 ||:  11%|#1        | 478/4209 [01:52<14:41,  4.23it/s]
em: 0.2295, f1: 0.2625, loss: 3.5530 ||:  12%|#2        | 522/4209 [02:03<14:34,  4.22it/s]
em: 0.2315, f1: 0.2646, loss: 3.5336 ||:  13%|#3        | 565/4209 [02:13<14:19,  4.24it/s]
em: 0.2313, f1: 0.2650, loss: 3.5248 ||:  14%|#4        | 608/4209 [02:23<14:16,  4.21it/s]
em: 0.2339, f1: 0.2679, loss: 3.5191 ||:  15%|#5        | 650/4209 [02:34<14:10,  4.18it/s]
em: 0.2333, f1: 0.2667, loss: 3.5151 ||:  16%|#6        | 693/4209 [02:44<13:56,  4.20it/s]
em: 0.2333, f1: 0.2665, loss: 3.5170 ||:  18%|#7        | 737/4209 [02:54<13:40,  4.23it/s]
em: 0.2339, f1: 0.2671, loss: 3.5099 ||:  19%|#8        | 781/4209 [03:04<13:28,  4.24it/s]
em: 0.2330, f1: 0.2665, loss: 3.5133 ||:  20%|#9        | 824/4209 [03:14<13:14,  4.26it/s]
em: 0.2326, f1: 0.2666, loss: 3.5279 ||:  21%|##        | 870/4209 [03:25<12:51,  4.33it/s]
em: 0.2324, f1: 0.2663, loss: 3.5364 ||:  22%|##1       | 915/4209 [03:36<12:54,  4.26it/s]
em: 0.2336, f1: 0.2678, loss: 3.5220 ||:  23%|##2       | 959/4209 [03:46<12:38,  4.29it/s]
em: 0.2345, f1: 0.2686, loss: 3.5192 ||:  24%|##3       | 1003/4209 [03:56<12:32,  4.26it/s]
em: 0.2358, f1: 0.2697, loss: 3.5237 ||:  25%|##4       | 1046/4209 [04:06<12:23,  4.25it/s]
em: 0.2356, f1: 0.2693, loss: 3.5267 ||:  26%|##5       | 1089/4209 [04:16<12:16,  4.24it/s]
em: 0.2352, f1: 0.2692, loss: 3.5352 ||:  27%|##6       | 1132/4209 [04:27<12:10,  4.21it/s]
em: 0.2344, f1: 0.2685, loss: 3.5382 ||:  28%|##7       | 1175/4209 [04:37<12:00,  4.21it/s]
em: 0.2364, f1: 0.2702, loss: 3.5290 ||:  29%|##8       | 1218/4209 [04:47<11:51,  4.20it/s]
em: 0.2360, f1: 0.2696, loss: 3.5299 ||:  30%|##9       | 1260/4209 [04:57<11:42,  4.20it/s]
em: 0.2354, f1: 0.2688, loss: 3.5259 ||:  31%|###       | 1303/4209 [05:07<11:30,  4.21it/s]
em: 0.2350, f1: 0.2685, loss: 3.5328 ||:  32%|###2      | 1347/4209 [05:18<11:15,  4.24it/s]
em: 0.2357, f1: 0.2693, loss: 3.5268 ||:  33%|###3      | 1391/4209 [05:28<11:04,  4.24it/s]
em: 0.2364, f1: 0.2698, loss: 3.5248 ||:  34%|###4      | 1434/4209 [05:39<11:00,  4.20it/s]
em: 0.2353, f1: 0.2687, loss: 3.5254 ||:  35%|###5      | 1476/4209 [05:49<10:54,  4.17it/s]
em: 0.2350, f1: 0.2687, loss: 3.5196 ||:  36%|###6      | 1518/4209 [05:59<10:46,  4.16it/s]
em: 0.2360, f1: 0.2696, loss: 3.5210 ||:  37%|###7      | 1561/4209 [06:09<10:34,  4.17it/s]
em: 0.2357, f1: 0.2693, loss: 3.5188 ||:  38%|###8      | 1604/4209 [06:19<10:22,  4.19it/s]
em: 0.2357, f1: 0.2693, loss: 3.5205 ||:  39%|###9      | 1647/4209 [06:29<10:07,  4.21it/s]
em: 0.2360, f1: 0.2694, loss: 3.5206 ||:  40%|####      | 1690/4209 [06:40<09:57,  4.21it/s]
em: 0.2360, f1: 0.2692, loss: 3.5203 ||:  41%|####1     | 1734/4209 [06:50<09:41,  4.25it/s]
em: 0.2362, f1: 0.2694, loss: 3.5178 ||:  42%|####2     | 1778/4209 [07:00<09:30,  4.26it/s]
em: 0.2358, f1: 0.2693, loss: 3.5153 ||:  43%|####3     | 1821/4209 [07:10<09:21,  4.26it/s]
em: 0.2360, f1: 0.2697, loss: 3.5161 ||:  44%|####4     | 1865/4209 [07:20<09:08,  4.27it/s]
em: 0.2360, f1: 0.2697, loss: 3.5190 ||:  45%|####5     | 1909/4209 [07:31<08:57,  4.28it/s]
em: 0.2352, f1: 0.2689, loss: 3.5163 ||:  46%|####6     | 1952/4209 [07:41<08:49,  4.26it/s]
em: 0.2357, f1: 0.2695, loss: 3.5132 ||:  47%|####7     | 1995/4209 [07:51<08:40,  4.25it/s]
em: 0.2356, f1: 0.2696, loss: 3.5131 ||:  48%|####8     | 2038/4209 [08:01<08:30,  4.25it/s]
em: 0.2360, f1: 0.2700, loss: 3.5121 ||:  49%|####9     | 2081/4209 [08:11<08:21,  4.24it/s]
em: 0.2362, f1: 0.2703, loss: 3.5122 ||:  50%|#####     | 2124/4209 [08:22<08:13,  4.22it/s]
em: 0.2365, f1: 0.2705, loss: 3.5152 ||:  51%|#####1    | 2166/4209 [08:32<08:04,  4.22it/s]
em: 0.2367, f1: 0.2708, loss: 3.5105 ||:  52%|#####2    | 2208/4209 [08:42<07:57,  4.19it/s]
em: 0.2368, f1: 0.2710, loss: 3.5074 ||:  54%|#####3    | 2252/4209 [08:52<07:42,  4.23it/s]
em: 0.2372, f1: 0.2712, loss: 3.5037 ||:  55%|#####4    | 2296/4209 [09:02<07:31,  4.24it/s]
em: 0.2371, f1: 0.2712, loss: 3.5003 ||:  56%|#####5    | 2339/4209 [09:12<07:19,  4.25it/s]
em: 0.2371, f1: 0.2711, loss: 3.4991 ||:  57%|#####6    | 2382/4209 [09:23<07:13,  4.22it/s]
em: 0.2372, f1: 0.2713, loss: 3.4984 ||:  58%|#####7    | 2424/4209 [09:33<07:04,  4.21it/s]
em: 0.2373, f1: 0.2716, loss: 3.5008 ||:  59%|#####8    | 2467/4209 [09:43<06:53,  4.21it/s]
em: 0.2368, f1: 0.2712, loss: 3.5031 ||:  60%|#####9    | 2511/4209 [09:53<06:38,  4.26it/s]
em: 0.2367, f1: 0.2710, loss: 3.5032 ||:  61%|######    | 2555/4209 [10:03<06:26,  4.27it/s]
em: 0.2374, f1: 0.2714, loss: 3.5008 ||:  62%|######1   | 2599/4209 [10:13<06:16,  4.28it/s]
em: 0.2377, f1: 0.2718, loss: 3.4976 ||:  63%|######2   | 2642/4209 [10:24<06:09,  4.24it/s]
em: 0.2379, f1: 0.2720, loss: 3.4941 ||:  64%|######3   | 2685/4209 [10:34<05:59,  4.24it/s]
em: 0.2380, f1: 0.2721, loss: 3.4945 ||:  65%|######4   | 2729/4209 [10:44<05:47,  4.26it/s]
em: 0.2381, f1: 0.2721, loss: 3.4959 ||:  66%|######5   | 2773/4209 [10:55<05:38,  4.24it/s]
em: 0.2378, f1: 0.2719, loss: 3.4980 ||:  67%|######6   | 2816/4209 [11:05<05:28,  4.24it/s]
em: 0.2380, f1: 0.2721, loss: 3.4964 ||:  68%|######7   | 2859/4209 [11:15<05:19,  4.23it/s]
em: 0.2385, f1: 0.2728, loss: 3.4943 ||:  69%|######8   | 2902/4209 [11:25<05:09,  4.22it/s]
em: 0.2388, f1: 0.2732, loss: 3.4959 ||:  70%|######9   | 2945/4209 [11:35<04:57,  4.24it/s]
em: 0.2385, f1: 0.2728, loss: 3.5004 ||:  71%|#######   | 2988/4209 [11:45<04:49,  4.22it/s]
em: 0.2385, f1: 0.2728, loss: 3.5036 ||:  72%|#######1  | 3030/4209 [11:56<04:40,  4.20it/s]
em: 0.2388, f1: 0.2731, loss: 3.5047 ||:  73%|#######2  | 3072/4209 [12:06<04:31,  4.19it/s]
em: 0.2390, f1: 0.2733, loss: 3.5019 ||:  74%|#######4  | 3115/4209 [12:16<04:20,  4.21it/s]
em: 0.2397, f1: 0.2740, loss: 3.4955 ||:  75%|#######5  | 3158/4209 [12:26<04:11,  4.18it/s]
em: 0.2398, f1: 0.2740, loss: 3.4968 ||:  76%|#######6  | 3201/4209 [12:36<04:00,  4.18it/s]
em: 0.2404, f1: 0.2747, loss: 3.4943 ||:  77%|#######7  | 3243/4209 [12:47<03:51,  4.18it/s]
em: 0.2408, f1: 0.2750, loss: 3.4909 ||:  78%|#######8  | 3286/4209 [12:57<03:39,  4.21it/s]
em: 0.2410, f1: 0.2753, loss: 3.4889 ||:  79%|#######9  | 3329/4209 [13:07<03:27,  4.24it/s]
em: 0.2413, f1: 0.2756, loss: 3.4870 ||:  80%|########  | 3372/4209 [13:17<03:16,  4.25it/s]
em: 0.2420, f1: 0.2761, loss: 3.4805 ||:  81%|########1 | 3415/4209 [13:27<03:06,  4.26it/s]
em: 0.2423, f1: 0.2763, loss: 3.4819 ||:  82%|########2 | 3458/4209 [13:37<02:56,  4.25it/s]
em: 0.2423, f1: 0.2765, loss: 3.4824 ||:  83%|########3 | 3501/4209 [13:47<02:48,  4.21it/s]
em: 0.2424, f1: 0.2768, loss: 3.4833 ||:  84%|########4 | 3543/4209 [13:57<02:39,  4.18it/s]
em: 0.2430, f1: 0.2774, loss: 3.4814 ||:  85%|########5 | 3586/4209 [14:08<02:28,  4.19it/s]
em: 0.2432, f1: 0.2776, loss: 3.4813 ||:  86%|########6 | 3630/4209 [14:18<02:17,  4.22it/s]
em: 0.2431, f1: 0.2775, loss: 3.4840 ||:  87%|########7 | 3674/4209 [14:28<02:06,  4.24it/s]
em: 0.2431, f1: 0.2775, loss: 3.4839 ||:  88%|########8 | 3717/4209 [14:38<01:56,  4.23it/s]
em: 0.2433, f1: 0.2777, loss: 3.4787 ||:  89%|########9 | 3761/4209 [14:49<01:45,  4.25it/s]
em: 0.2430, f1: 0.2775, loss: 3.4786 ||:  90%|######### | 3805/4209 [14:59<01:35,  4.23it/s]
em: 0.2436, f1: 0.2780, loss: 3.4791 ||:  91%|#########1| 3847/4209 [15:09<01:25,  4.21it/s]
em: 0.2437, f1: 0.2781, loss: 3.4791 ||:  92%|#########2| 3889/4209 [15:19<01:16,  4.20it/s]
em: 0.2434, f1: 0.2780, loss: 3.4826 ||:  93%|#########3| 3932/4209 [15:29<01:05,  4.23it/s]
em: 0.2431, f1: 0.2778, loss: 3.4869 ||:  94%|#########4| 3975/4209 [15:39<00:55,  4.24it/s]
em: 0.2423, f1: 0.2771, loss: 3.4992 ||:  95%|#########5| 4019/4209 [15:50<00:44,  4.26it/s]
em: 0.2414, f1: 0.2762, loss: 3.5088 ||:  97%|#########6| 4063/4209 [16:00<00:34,  4.26it/s]
em: 0.2403, f1: 0.2752, loss: 3.5189 ||:  98%|#########7| 4106/4209 [16:10<00:24,  4.23it/s]
em: 0.2391, f1: 0.2741, loss: 3.5307 ||:  99%|#########8| 4149/4209 [16:20<00:14,  4.24it/s]
em: 0.2385, f1: 0.2734, loss: 3.5397 ||: 100%|#########9| 4192/4209 [16:30<00:03,  4.26it/s]
em: 0.2373, f1: 0.2723, loss: 3.5493 ||: : 4235it [16:41,  4.21it/s]                        
em: 0.2366, f1: 0.2717, loss: 3.5548 ||: : 4265it [16:48,  4.23it/s]

  0%|          | 0/596 [00:00<?, ?it/s]
em: 0.3287, f1: 0.3558, loss: 1376149.2599 ||:  18%|#8        | 109/596 [00:10<00:44, 10.88it/s]
em: 0.3274, f1: 0.3508, loss: 1401952.1106 ||:  37%|###6      | 218/596 [00:20<00:35, 10.73it/s]
em: 0.3213, f1: 0.3443, loss: 1317518.0956 ||:  54%|#####4    | 324/596 [00:30<00:25, 10.69it/s]
em: 0.3168, f1: 0.3397, loss: 1276165.5145 ||:  72%|#######2  | 430/596 [00:41<00:15, 10.41it/s]
em: 0.3015, f1: 0.3246, loss: 1525002.6342 ||:  92%|#########2| 550/596 [00:51<00:04, 10.83it/s]
em: 0.2861, f1: 0.3095, loss: 1578024.2027 ||: : 604it [00:56, 10.62it/s]                       

  0%|          | 0/4209 [00:00<?, ?it/s]
em: 0.2892, f1: 0.3243, loss: 3.0611 ||:   1%|          | 42/4209 [00:10<16:47,  4.14it/s]
em: 0.3007, f1: 0.3306, loss: 3.0986 ||:   2%|2         | 86/4209 [00:20<16:20,  4.21it/s]
em: 0.2886, f1: 0.3188, loss: 3.2833 ||:   3%|3         | 130/4209 [00:30<16:06,  4.22it/s]
em: 0.2887, f1: 0.3199, loss: 3.2528 ||:   4%|4         | 173/4209 [00:40<15:57,  4.22it/s]
em: 0.2911, f1: 0.3226, loss: 3.2627 ||:   5%|5         | 216/4209 [00:50<15:41,  4.24it/s]
em: 0.2862, f1: 0.3179, loss: 3.2667 ||:   6%|6         | 259/4209 [01:00<15:28,  4.25it/s]
em: 0.2861, f1: 0.3182, loss: 3.2880 ||:   7%|7         | 305/4209 [01:11<15:06,  4.31it/s]
em: 0.2850, f1: 0.3178, loss: 3.3212 ||:   8%|8         | 350/4209 [01:21<15:03,  4.27it/s]
em: 0.2802, f1: 0.3133, loss: 3.3388 ||:   9%|9         | 392/4209 [01:31<14:59,  4.24it/s]
em: 0.2766, f1: 0.3095, loss: 3.3535 ||:  10%|#         | 436/4209 [01:42<14:42,  4.27it/s]
em: 0.2744, f1: 0.3068, loss: 3.3523 ||:  11%|#1        | 480/4209 [01:52<14:26,  4.30it/s]
em: 0.2774, f1: 0.3101, loss: 3.3495 ||:  12%|#2        | 524/4209 [02:02<14:16,  4.30it/s]
em: 0.2780, f1: 0.3104, loss: 3.3305 ||:  13%|#3        | 568/4209 [02:12<14:09,  4.29it/s]
em: 0.2772, f1: 0.3102, loss: 3.3246 ||:  15%|#4        | 611/4209 [02:23<14:08,  4.24it/s]
em: 0.2780, f1: 0.3110, loss: 3.3243 ||:  16%|#5        | 654/4209 [02:33<13:56,  4.25it/s]
em: 0.2763, f1: 0.3096, loss: 3.3270 ||:  17%|#6        | 697/4209 [02:43<13:47,  4.25it/s]
em: 0.2755, f1: 0.3093, loss: 3.3282 ||:  18%|#7        | 742/4209 [02:53<13:26,  4.30it/s]
em: 0.2750, f1: 0.3093, loss: 3.3200 ||:  19%|#8        | 787/4209 [03:03<13:14,  4.31it/s]
em: 0.2736, f1: 0.3081, loss: 3.3277 ||:  20%|#9        | 831/4209 [03:14<13:01,  4.32it/s]
em: 0.2724, f1: 0.3075, loss: 3.3393 ||:  21%|##        | 875/4209 [03:24<12:51,  4.32it/s]
em: 0.2717, f1: 0.3066, loss: 3.3433 ||:  22%|##1       | 919/4209 [03:34<12:49,  4.27it/s]
em: 0.2733, f1: 0.3084, loss: 3.3325 ||:  23%|##2       | 963/4209 [03:44<12:35,  4.29it/s]
em: 0.2737, f1: 0.3084, loss: 3.3260 ||:  24%|##3       | 1007/4209 [03:55<12:29,  4.27it/s]
em: 0.2743, f1: 0.3088, loss: 3.3327 ||:  25%|##4       | 1051/4209 [04:05<12:13,  4.31it/s]
em: 0.2732, f1: 0.3080, loss: 3.3437 ||:  26%|##6       | 1095/4209 [04:15<12:07,  4.28it/s]
em: 0.2727, f1: 0.3077, loss: 3.3517 ||:  27%|##7       | 1138/4209 [04:25<11:58,  4.27it/s]
em: 0.2720, f1: 0.3072, loss: 3.3536 ||:  28%|##8       | 1181/4209 [04:36<11:51,  4.26it/s]
em: 0.2743, f1: 0.3094, loss: 3.3441 ||:  29%|##9       | 1224/4209 [04:46<11:40,  4.26it/s]
em: 0.2741, f1: 0.3092, loss: 3.3472 ||:  30%|###       | 1267/4209 [04:56<11:31,  4.26it/s]
em: 0.2738, f1: 0.3087, loss: 3.3470 ||:  31%|###1      | 1311/4209 [05:06<11:16,  4.28it/s]
em: 0.2737, f1: 0.3086, loss: 3.3467 ||:  32%|###2      | 1355/4209 [05:16<11:05,  4.29it/s]
em: 0.2732, f1: 0.3082, loss: 3.3488 ||:  33%|###3      | 1399/4209 [05:27<10:57,  4.27it/s]
em: 0.2742, f1: 0.3090, loss: 3.3466 ||:  34%|###4      | 1442/4209 [05:37<10:53,  4.23it/s]
em: 0.2734, f1: 0.3086, loss: 3.3458 ||:  35%|###5      | 1484/4209 [05:47<10:49,  4.20it/s]
em: 0.2730, f1: 0.3084, loss: 3.3439 ||:  36%|###6      | 1526/4209 [05:57<10:39,  4.19it/s]
em: 0.2730, f1: 0.3084, loss: 3.3411 ||:  37%|###7      | 1571/4209 [06:07<10:19,  4.26it/s]
em: 0.2728, f1: 0.3084, loss: 3.3380 ||:  38%|###8      | 1616/4209 [06:18<10:05,  4.28it/s]
em: 0.2724, f1: 0.3080, loss: 3.3424 ||:  39%|###9      | 1660/4209 [06:28<09:53,  4.30it/s]
em: 0.2722, f1: 0.3079, loss: 3.3421 ||:  40%|####      | 1704/4209 [06:38<09:44,  4.28it/s]
em: 0.2723, f1: 0.3078, loss: 3.3435 ||:  42%|####1     | 1749/4209 [06:49<09:32,  4.30it/s]
em: 0.2711, f1: 0.3067, loss: 3.3475 ||:  43%|####2     | 1793/4209 [06:59<09:25,  4.28it/s]
em: 0.2707, f1: 0.3063, loss: 3.3441 ||:  44%|####3     | 1836/4209 [07:09<09:15,  4.27it/s]
em: 0.2712, f1: 0.3070, loss: 3.3458 ||:  45%|####4     | 1879/4209 [07:19<09:04,  4.28it/s]
em: 0.2711, f1: 0.3068, loss: 3.3491 ||:  46%|####5     | 1923/4209 [07:29<08:51,  4.30it/s]
em: 0.2705, f1: 0.3062, loss: 3.3452 ||:  47%|####6     | 1967/4209 [07:40<08:44,  4.28it/s]
em: 0.2703, f1: 0.3059, loss: 3.3448 ||:  48%|####7     | 2010/4209 [07:50<08:36,  4.26it/s]
em: 0.2705, f1: 0.3063, loss: 3.3442 ||:  49%|####8     | 2053/4209 [08:00<08:28,  4.24it/s]
em: 0.2704, f1: 0.3064, loss: 3.3442 ||:  50%|####9     | 2097/4209 [08:10<08:16,  4.25it/s]
em: 0.2701, f1: 0.3061, loss: 3.3437 ||:  51%|#####     | 2140/4209 [08:21<08:09,  4.23it/s]
em: 0.2697, f1: 0.3058, loss: 3.3473 ||:  52%|#####1    | 2184/4209 [08:31<07:56,  4.25it/s]
em: 0.2702, f1: 0.3064, loss: 3.3410 ||:  53%|#####2    | 2227/4209 [08:41<07:45,  4.25it/s]
em: 0.2709, f1: 0.3070, loss: 3.3376 ||:  54%|#####3    | 2270/4209 [08:51<07:34,  4.26it/s]
em: 0.2710, f1: 0.3069, loss: 3.3336 ||:  55%|#####4    | 2314/4209 [09:01<07:23,  4.28it/s]
em: 0.2707, f1: 0.3066, loss: 3.3345 ||:  56%|#####6    | 2358/4209 [09:12<07:15,  4.25it/s]
em: 0.2701, f1: 0.3061, loss: 3.3326 ||:  57%|#####7    | 2400/4209 [09:22<07:07,  4.23it/s]
em: 0.2704, f1: 0.3066, loss: 3.3326 ||:  58%|#####8    | 2443/4209 [09:32<06:57,  4.23it/s]
em: 0.2703, f1: 0.3067, loss: 3.3362 ||:  59%|#####9    | 2488/4209 [09:42<06:40,  4.29it/s]
em: 0.2702, f1: 0.3065, loss: 3.3401 ||:  60%|######    | 2533/4209 [09:52<06:28,  4.31it/s]
em: 0.2704, f1: 0.3067, loss: 3.3377 ||:  61%|######1   | 2577/4209 [10:03<06:18,  4.31it/s]
em: 0.2712, f1: 0.3074, loss: 3.3340 ||:  62%|######2   | 2622/4209 [10:13<06:04,  4.35it/s]
em: 0.2711, f1: 0.3073, loss: 3.3331 ||:  63%|######3   | 2667/4209 [10:23<05:58,  4.30it/s]
em: 0.2716, f1: 0.3078, loss: 3.3285 ||:  64%|######4   | 2711/4209 [10:33<05:46,  4.32it/s]
em: 0.2712, f1: 0.3074, loss: 3.3321 ||:  65%|######5   | 2755/4209 [10:44<05:37,  4.31it/s]
em: 0.2708, f1: 0.3070, loss: 3.3352 ||:  66%|######6   | 2798/4209 [10:54<05:28,  4.29it/s]
em: 0.2706, f1: 0.3069, loss: 3.3336 ||:  67%|######7   | 2841/4209 [11:04<05:20,  4.27it/s]
em: 0.2708, f1: 0.3070, loss: 3.3331 ||:  69%|######8   | 2884/4209 [11:14<05:10,  4.26it/s]
em: 0.2716, f1: 0.3079, loss: 3.3308 ||:  70%|######9   | 2927/4209 [11:25<05:04,  4.22it/s]
em: 0.2713, f1: 0.3075, loss: 3.3374 ||:  71%|#######   | 2969/4209 [11:35<04:54,  4.21it/s]
em: 0.2709, f1: 0.3071, loss: 3.3413 ||:  72%|#######1  | 3011/4209 [11:45<04:47,  4.17it/s]
em: 0.2712, f1: 0.3074, loss: 3.3431 ||:  73%|#######2  | 3054/4209 [11:55<04:35,  4.19it/s]
em: 0.2714, f1: 0.3075, loss: 3.3433 ||:  74%|#######3  | 3098/4209 [12:05<04:22,  4.23it/s]
em: 0.2721, f1: 0.3081, loss: 3.3391 ||:  75%|#######4  | 3142/4209 [12:16<04:13,  4.22it/s]
em: 0.2720, f1: 0.3081, loss: 3.3371 ||:  76%|#######5  | 3185/4209 [12:26<04:01,  4.24it/s]
em: 0.2726, f1: 0.3087, loss: 3.3359 ||:  77%|#######6  | 3228/4209 [12:36<03:52,  4.22it/s]
em: 0.2729, f1: 0.3089, loss: 3.3328 ||:  78%|#######7  | 3272/4209 [12:46<03:40,  4.24it/s]
em: 0.2732, f1: 0.3092, loss: 3.3318 ||:  79%|#######8  | 3315/4209 [12:56<03:30,  4.25it/s]
em: 0.2731, f1: 0.3090, loss: 3.3303 ||:  80%|#######9  | 3360/4209 [13:07<03:17,  4.30it/s]
em: 0.2735, f1: 0.3094, loss: 3.3242 ||:  81%|########  | 3405/4209 [13:17<03:05,  4.33it/s]
em: 0.2738, f1: 0.3096, loss: 3.3227 ||:  82%|########1 | 3449/4209 [13:27<02:56,  4.31it/s]
em: 0.2735, f1: 0.3094, loss: 3.3249 ||:  83%|########2 | 3492/4209 [13:37<02:47,  4.28it/s]
em: 0.2738, f1: 0.3098, loss: 3.3256 ||:  84%|########3 | 3535/4209 [13:48<02:39,  4.22it/s]
em: 0.2744, f1: 0.3105, loss: 3.3237 ||:  85%|########5 | 3578/4209 [13:58<02:29,  4.23it/s]
em: 0.2745, f1: 0.3106, loss: 3.3235 ||:  86%|########6 | 3621/4209 [14:08<02:19,  4.21it/s]
em: 0.2745, f1: 0.3107, loss: 3.3253 ||:  87%|########7 | 3665/4209 [14:18<02:07,  4.25it/s]
em: 0.2743, f1: 0.3105, loss: 3.3256 ||:  88%|########8 | 3709/4209 [14:28<01:56,  4.29it/s]
em: 0.2749, f1: 0.3110, loss: 3.3222 ||:  89%|########9 | 3753/4209 [14:39<01:45,  4.30it/s]
em: 0.2746, f1: 0.3108, loss: 3.3204 ||:  90%|######### | 3797/4209 [14:49<01:36,  4.29it/s]
em: 0.2749, f1: 0.3110, loss: 3.3207 ||:  91%|#########1| 3840/4209 [14:59<01:27,  4.22it/s]
em: 0.2750, f1: 0.3110, loss: 3.3210 ||:  92%|#########2| 3883/4209 [15:10<01:17,  4.22it/s]
em: 0.2747, f1: 0.3108, loss: 3.3234 ||:  93%|#########3| 3926/4209 [15:20<01:07,  4.21it/s]
em: 0.2739, f1: 0.3101, loss: 3.3313 ||:  94%|#########4| 3969/4209 [15:30<00:56,  4.21it/s]
em: 0.2732, f1: 0.3095, loss: 3.3408 ||:  95%|#########5| 4013/4209 [15:40<00:46,  4.24it/s]
em: 0.2720, f1: 0.3083, loss: 3.3518 ||:  96%|#########6| 4057/4209 [15:50<00:35,  4.28it/s]
em: 0.2706, f1: 0.3069, loss: 3.3624 ||:  97%|#########7| 4101/4209 [16:01<00:25,  4.28it/s]
em: 0.2693, f1: 0.3057, loss: 3.3730 ||:  98%|#########8| 4144/4209 [16:11<00:15,  4.27it/s]
em: 0.2680, f1: 0.3043, loss: 3.3840 ||: 100%|#########9| 4190/4209 [16:21<00:04,  4.33it/s]
em: 0.2667, f1: 0.3031, loss: 3.3939 ||: : 4235it [16:32,  4.31it/s]                        
em: 0.2659, f1: 0.3023, loss: 3.3993 ||: : 4265it [16:39,  4.27it/s]

  0%|          | 0/596 [00:00<?, ?it/s]
em: 0.3463, f1: 0.3697, loss: 1369320.6009 ||:  18%|#8        | 110/596 [00:10<00:44, 10.91it/s]
em: 0.3414, f1: 0.3656, loss: 1386366.1202 ||:  37%|###6      | 220/596 [00:20<00:34, 10.82it/s]
em: 0.3344, f1: 0.3591, loss: 1311164.6390 ||:  55%|#####4    | 327/596 [00:30<00:24, 10.78it/s]
em: 0.3311, f1: 0.3560, loss: 1274484.1735 ||:  73%|#######2  | 434/596 [00:41<00:15, 10.53it/s]
em: 0.3150, f1: 0.3400, loss: 1531534.0422 ||:  93%|#########3| 555/596 [00:51<00:03, 10.94it/s]
em: 0.3000, f1: 0.3254, loss: 1578024.0721 ||: : 604it [00:56, 10.72it/s]                       

  0%|          | 0/4209 [00:00<?, ?it/s]
em: 0.3221, f1: 0.3591, loss: 2.9918 ||:   1%|1         | 43/4209 [00:10<16:22,  4.24it/s]
em: 0.3168, f1: 0.3499, loss: 3.0412 ||:   2%|2         | 88/4209 [00:20<15:58,  4.30it/s]
em: 0.3051, f1: 0.3411, loss: 3.1225 ||:   3%|3         | 133/4209 [00:30<15:46,  4.31it/s]
em: 0.3016, f1: 0.3371, loss: 3.1539 ||:   4%|4         | 177/4209 [00:41<15:41,  4.28it/s]
em: 0.3105, f1: 0.3463, loss: 3.1052 ||:   5%|5         | 220/4209 [00:51<15:36,  4.26it/s]
em: 0.3047, f1: 0.3405, loss: 3.1243 ||:   6%|6         | 263/4209 [01:01<15:25,  4.26it/s]
em: 0.3030, f1: 0.3382, loss: 3.1620 ||:   7%|7         | 307/4209 [01:11<15:06,  4.30it/s]
em: 0.3000, f1: 0.3362, loss: 3.1831 ||:   8%|8         | 351/4209 [01:22<15:12,  4.23it/s]
em: 0.2953, f1: 0.3312, loss: 3.2198 ||:   9%|9         | 394/4209 [01:32<15:01,  4.23it/s]
em: 0.2915, f1: 0.3274, loss: 3.2342 ||:  10%|#         | 438/4209 [01:42<14:42,  4.27it/s]
em: 0.2943, f1: 0.3298, loss: 3.2218 ||:  11%|#1        | 482/4209 [01:52<14:24,  4.31it/s]
em: 0.2972, f1: 0.3322, loss: 3.2126 ||:  12%|#2        | 526/4209 [02:02<14:16,  4.30it/s]
em: 0.2993, f1: 0.3346, loss: 3.1857 ||:  14%|#3        | 569/4209 [02:12<14:09,  4.28it/s]
em: 0.2998, f1: 0.3361, loss: 3.1815 ||:  15%|#4        | 612/4209 [02:22<14:01,  4.27it/s]
em: 0.2997, f1: 0.3356, loss: 3.1782 ||:  16%|#5        | 655/4209 [02:33<13:56,  4.25it/s]
em: 0.2988, f1: 0.3347, loss: 3.1759 ||:  17%|#6        | 700/4209 [02:43<13:37,  4.29it/s]
em: 0.2998, f1: 0.3354, loss: 3.1773 ||:  18%|#7        | 745/4209 [02:53<13:21,  4.32it/s]
em: 0.2995, f1: 0.3354, loss: 3.1723 ||:  19%|#8        | 789/4209 [03:04<13:18,  4.28it/s]
em: 0.2981, f1: 0.3340, loss: 3.1847 ||:  20%|#9        | 833/4209 [03:14<13:06,  4.29it/s]
em: 0.2976, f1: 0.3342, loss: 3.2000 ||:  21%|##        | 877/4209 [03:24<12:51,  4.32it/s]
em: 0.2954, f1: 0.3322, loss: 3.2111 ||:  22%|##1       | 921/4209 [03:34<12:47,  4.28it/s]
em: 0.2984, f1: 0.3350, loss: 3.1945 ||:  23%|##2       | 966/4209 [03:45<12:31,  4.32it/s]
em: 0.2975, f1: 0.3341, loss: 3.1923 ||:  24%|##3       | 1010/4209 [03:55<12:21,  4.32it/s]
em: 0.2989, f1: 0.3352, loss: 3.2005 ||:  25%|##5       | 1054/4209 [04:05<12:13,  4.30it/s]
em: 0.2990, f1: 0.3356, loss: 3.2075 ||:  26%|##6       | 1097/4209 [04:15<12:06,  4.29it/s]
em: 0.2983, f1: 0.3350, loss: 3.2155 ||:  27%|##7       | 1140/4209 [04:25<11:57,  4.28it/s]
em: 0.2973, f1: 0.3341, loss: 3.2161 ||:  28%|##8       | 1183/4209 [04:35<11:46,  4.28it/s]
em: 0.2984, f1: 0.3350, loss: 3.2083 ||:  29%|##9       | 1227/4209 [04:45<11:33,  4.30it/s]
em: 0.2987, f1: 0.3349, loss: 3.2087 ||:  30%|###       | 1271/4209 [04:56<11:30,  4.26it/s]
em: 0.2985, f1: 0.3347, loss: 3.2124 ||:  31%|###1      | 1315/4209 [05:06<11:15,  4.28it/s]
em: 0.2983, f1: 0.3348, loss: 3.2131 ||:  32%|###2      | 1360/4209 [05:16<11:00,  4.31it/s]
em: 0.2983, f1: 0.3348, loss: 3.2121 ||:  33%|###3      | 1404/4209 [05:27<10:53,  4.29it/s]
em: 0.2981, f1: 0.3346, loss: 3.2110 ||:  34%|###4      | 1447/4209 [05:37<10:50,  4.24it/s]
em: 0.2981, f1: 0.3348, loss: 3.2074 ||:  35%|###5      | 1490/4209 [05:47<10:41,  4.24it/s]
em: 0.2975, f1: 0.3343, loss: 3.2041 ||:  36%|###6      | 1533/4209 [05:58<10:34,  4.22it/s]
em: 0.2974, f1: 0.3344, loss: 3.2021 ||:  37%|###7      | 1576/4209 [06:08<10:23,  4.23it/s]
em: 0.2967, f1: 0.3336, loss: 3.2028 ||:  38%|###8      | 1620/4209 [06:18<10:06,  4.27it/s]
em: 0.2959, f1: 0.3328, loss: 3.2058 ||:  40%|###9      | 1664/4209 [06:28<09:59,  4.25it/s]
em: 0.2957, f1: 0.3325, loss: 3.2059 ||:  41%|####      | 1707/4209 [06:38<09:47,  4.26it/s]
em: 0.2953, f1: 0.3321, loss: 3.2057 ||:  42%|####1     | 1750/4209 [06:49<09:37,  4.26it/s]
em: 0.2947, f1: 0.3313, loss: 3.2063 ||:  43%|####2     | 1793/4209 [06:59<09:26,  4.27it/s]
em: 0.2940, f1: 0.3308, loss: 3.2092 ||:  44%|####3     | 1836/4209 [07:09<09:17,  4.26it/s]
em: 0.2935, f1: 0.3302, loss: 3.2134 ||:  45%|####4     | 1879/4209 [07:19<09:06,  4.26it/s]
em: 0.2940, f1: 0.3308, loss: 3.2138 ||:  46%|####5     | 1923/4209 [07:29<08:53,  4.28it/s]
em: 0.2934, f1: 0.3300, loss: 3.2116 ||:  47%|####6     | 1967/4209 [07:39<08:47,  4.25it/s]
em: 0.2933, f1: 0.3300, loss: 3.2135 ||:  48%|####7     | 2009/4209 [07:50<08:41,  4.22it/s]
em: 0.2935, f1: 0.3303, loss: 3.2124 ||:  49%|####8     | 2051/4209 [08:00<08:33,  4.20it/s]
em: 0.2933, f1: 0.3300, loss: 3.2108 ||:  50%|####9     | 2093/4209 [08:10<08:24,  4.19it/s]
em: 0.2926, f1: 0.3296, loss: 3.2129 ||:  51%|#####     | 2136/4209 [08:20<08:11,  4.22it/s]
em: 0.2925, f1: 0.3294, loss: 3.2151 ||:  52%|#####1    | 2179/4209 [08:30<08:02,  4.20it/s]
em: 0.2933, f1: 0.3304, loss: 3.2094 ||:  53%|#####2    | 2222/4209 [08:40<07:51,  4.22it/s]
em: 0.2935, f1: 0.3305, loss: 3.2057 ||:  54%|#####3    | 2266/4209 [08:50<07:37,  4.24it/s]
em: 0.2938, f1: 0.3307, loss: 3.2025 ||:  55%|#####4    | 2311/4209 [09:01<07:22,  4.29it/s]
em: 0.2937, f1: 0.3306, loss: 3.2033 ||:  56%|#####5    | 2355/4209 [09:11<07:13,  4.28it/s]
em: 0.2932, f1: 0.3300, loss: 3.2026 ||:  57%|#####6    | 2398/4209 [09:21<07:04,  4.27it/s]
em: 0.2935, f1: 0.3304, loss: 3.2028 ||:  58%|#####7    | 2441/4209 [09:31<06:55,  4.25it/s]
em: 0.2930, f1: 0.3298, loss: 3.2070 ||:  59%|#####9    | 2484/4209 [09:42<06:46,  4.25it/s]
em: 0.2930, f1: 0.3298, loss: 3.2088 ||:  60%|######    | 2530/4209 [09:52<06:28,  4.32it/s]
em: 0.2928, f1: 0.3295, loss: 3.2087 ||:  61%|######1   | 2576/4209 [10:03<06:19,  4.30it/s]
em: 0.2938, f1: 0.3305, loss: 3.2030 ||:  62%|######2   | 2620/4209 [10:13<06:07,  4.33it/s]
em: 0.2937, f1: 0.3304, loss: 3.2022 ||:  63%|######3   | 2664/4209 [10:23<06:00,  4.29it/s]
em: 0.2941, f1: 0.3307, loss: 3.1988 ||:  64%|######4   | 2709/4209 [10:33<05:47,  4.32it/s]
em: 0.2937, f1: 0.3304, loss: 3.2006 ||:  65%|######5   | 2753/4209 [10:44<05:38,  4.30it/s]
em: 0.2935, f1: 0.3302, loss: 3.2020 ||:  66%|######6   | 2796/4209 [10:54<05:31,  4.26it/s]
em: 0.2937, f1: 0.3304, loss: 3.2023 ||:  67%|######7   | 2839/4209 [11:04<05:20,  4.27it/s]
em: 0.2937, f1: 0.3304, loss: 3.2013 ||:  68%|######8   | 2882/4209 [11:14<05:11,  4.26it/s]
em: 0.2944, f1: 0.3311, loss: 3.1990 ||:  69%|######9   | 2925/4209 [11:24<05:00,  4.27it/s]
em: 0.2940, f1: 0.3307, loss: 3.2054 ||:  71%|#######   | 2968/4209 [11:34<04:52,  4.24it/s]
em: 0.2936, f1: 0.3303, loss: 3.2096 ||:  72%|#######1  | 3010/4209 [11:45<04:45,  4.19it/s]
em: 0.2940, f1: 0.3307, loss: 3.2104 ||:  73%|#######2  | 3052/4209 [11:55<04:37,  4.17it/s]
em: 0.2945, f1: 0.3312, loss: 3.2093 ||:  74%|#######3  | 3095/4209 [12:05<04:25,  4.20it/s]
em: 0.2951, f1: 0.3317, loss: 3.2051 ||:  75%|#######4  | 3139/4209 [12:15<04:11,  4.25it/s]
em: 0.2954, f1: 0.3321, loss: 3.2021 ||:  76%|#######5  | 3183/4209 [12:25<04:00,  4.26it/s]
em: 0.2957, f1: 0.3323, loss: 3.2007 ||:  77%|#######6  | 3226/4209 [12:35<03:51,  4.24it/s]
em: 0.2960, f1: 0.3325, loss: 3.1986 ||:  78%|#######7  | 3269/4209 [12:46<03:41,  4.25it/s]
em: 0.2959, f1: 0.3324, loss: 3.1979 ||:  79%|#######8  | 3314/4209 [12:56<03:27,  4.31it/s]
em: 0.2963, f1: 0.3327, loss: 3.1967 ||:  80%|#######9  | 3359/4209 [13:06<03:15,  4.34it/s]
em: 0.2966, f1: 0.3329, loss: 3.1924 ||:  81%|########  | 3404/4209 [13:16<03:05,  4.35it/s]
em: 0.2969, f1: 0.3332, loss: 3.1920 ||:  82%|########1 | 3448/4209 [13:26<02:56,  4.32it/s]
em: 0.2967, f1: 0.3331, loss: 3.1920 ||:  83%|########2 | 3492/4209 [13:37<02:45,  4.33it/s]
em: 0.2968, f1: 0.3332, loss: 3.1932 ||:  84%|########4 | 3536/4209 [13:47<02:37,  4.28it/s]
em: 0.2973, f1: 0.3338, loss: 3.1921 ||:  85%|########5 | 3579/4209 [13:57<02:27,  4.26it/s]
em: 0.2974, f1: 0.3338, loss: 3.1920 ||:  86%|########6 | 3622/4209 [14:08<02:18,  4.25it/s]
em: 0.2973, f1: 0.3337, loss: 3.1940 ||:  87%|########7 | 3666/4209 [14:18<02:07,  4.27it/s]
em: 0.2971, f1: 0.3335, loss: 3.1957 ||:  88%|########8 | 3710/4209 [14:28<01:56,  4.29it/s]
em: 0.2975, f1: 0.3340, loss: 3.1908 ||:  89%|########9 | 3754/4209 [14:38<01:45,  4.30it/s]
em: 0.2971, f1: 0.3336, loss: 3.1901 ||:  90%|######### | 3798/4209 [14:48<01:36,  4.28it/s]
em: 0.2978, f1: 0.3342, loss: 3.1902 ||:  91%|#########1| 3841/4209 [14:59<01:27,  4.22it/s]
em: 0.2979, f1: 0.3344, loss: 3.1889 ||:  92%|#########2| 3883/4209 [15:09<01:17,  4.20it/s]
em: 0.2977, f1: 0.3343, loss: 3.1920 ||:  93%|#########3| 3927/4209 [15:19<01:06,  4.24it/s]
em: 0.2971, f1: 0.3337, loss: 3.1979 ||:  94%|#########4| 3971/4209 [15:30<00:56,  4.22it/s]
em: 0.2956, f1: 0.3323, loss: 3.2103 ||:  95%|#########5| 4015/4209 [15:40<00:45,  4.25it/s]
em: 0.2942, f1: 0.3310, loss: 3.2210 ||:  96%|#########6| 4059/4209 [15:50<00:35,  4.27it/s]
em: 0.2928, f1: 0.3295, loss: 3.2315 ||:  97%|#########7| 4103/4209 [16:00<00:24,  4.28it/s]
em: 0.2915, f1: 0.3284, loss: 3.2410 ||:  99%|#########8| 4146/4209 [16:10<00:14,  4.28it/s]
em: 0.2902, f1: 0.3270, loss: 3.2521 ||: 100%|#########9| 4190/4209 [16:21<00:04,  4.29it/s]
em: 0.2886, f1: 0.3255, loss: 3.2626 ||: : 4234it [16:31,  4.30it/s]                        
em: 0.2877, f1: 0.3246, loss: 3.2684 ||: : 4265it [16:38,  4.27it/s]

  0%|          | 0/596 [00:00<?, ?it/s]
em: 0.3601, f1: 0.3852, loss: 1363638.6884 ||:  18%|#8        | 110/596 [00:10<00:44, 10.92it/s]
em: 0.3575, f1: 0.3802, loss: 1389206.9498 ||:  37%|###6      | 220/596 [00:20<00:34, 10.80it/s]
em: 0.3519, f1: 0.3751, loss: 1306993.3771 ||:  55%|#####5    | 329/596 [00:30<00:24, 10.80it/s]
em: 0.3510, f1: 0.3746, loss: 1267165.0008 ||:  73%|#######3  | 437/596 [00:41<00:15, 10.52it/s]
em: 0.3306, f1: 0.3547, loss: 1532260.5228 ||:  94%|#########3| 558/596 [00:51<00:03, 10.94it/s]
em: 0.3169, f1: 0.3420, loss: 1576989.2484 ||: : 604it [00:56, 10.72it/s]                       

  0%|          | 0/4209 [00:00<?, ?it/s]
em: 0.3634, f1: 0.3941, loss: 2.7366 ||:   1%|1         | 44/4209 [00:10<16:03,  4.32it/s]
em: 0.3398, f1: 0.3699, loss: 2.8768 ||:   2%|2         | 88/4209 [00:20<15:53,  4.32it/s]
em: 0.3245, f1: 0.3553, loss: 3.0209 ||:   3%|3         | 132/4209 [00:30<15:44,  4.32it/s]
em: 0.3172, f1: 0.3512, loss: 3.0702 ||:   4%|4         | 176/4209 [00:40<15:39,  4.29it/s]
em: 0.3240, f1: 0.3588, loss: 3.0195 ||:   5%|5         | 221/4209 [00:51<15:19,  4.34it/s]
em: 0.3181, f1: 0.3524, loss: 3.0347 ||:   6%|6         | 266/4209 [01:01<15:11,  4.32it/s]
em: 0.3186, f1: 0.3534, loss: 3.0566 ||:   7%|7         | 310/4209 [01:11<15:03,  4.32it/s]
em: 0.3170, f1: 0.3522, loss: 3.0993 ||:   8%|8         | 353/4209 [01:22<15:04,  4.26it/s]
em: 0.3128, f1: 0.3484, loss: 3.1149 ||:   9%|9         | 395/4209 [01:32<15:05,  4.21it/s]
em: 0.3134, f1: 0.3487, loss: 3.1123 ||:  10%|#         | 440/4209 [01:42<14:41,  4.28it/s]
em: 0.3145, f1: 0.3501, loss: 3.1267 ||:  12%|#1        | 485/4209 [01:52<14:25,  4.30it/s]
em: 0.3153, f1: 0.3505, loss: 3.1124 ||:  13%|#2        | 529/4209 [02:03<14:12,  4.32it/s]
em: 0.3175, f1: 0.3531, loss: 3.0875 ||:  14%|#3        | 573/4209 [02:13<14:08,  4.29it/s]
em: 0.3161, f1: 0.3527, loss: 3.0812 ||:  15%|#4        | 616/4209 [02:23<14:03,  4.26it/s]
em: 0.3172, f1: 0.3536, loss: 3.0793 ||:  16%|#5        | 658/4209 [02:33<14:03,  4.21it/s]
em: 0.3168, f1: 0.3534, loss: 3.0773 ||:  17%|#6        | 702/4209 [02:44<13:45,  4.25it/s]
em: 0.3152, f1: 0.3517, loss: 3.0781 ||:  18%|#7        | 746/4209 [02:54<13:31,  4.27it/s]
em: 0.3156, f1: 0.3526, loss: 3.0672 ||:  19%|#8        | 790/4209 [03:04<13:21,  4.27it/s]
em: 0.3147, f1: 0.3518, loss: 3.0792 ||:  20%|#9        | 833/4209 [03:14<13:11,  4.26it/s]
em: 0.3130, f1: 0.3510, loss: 3.0955 ||:  21%|##        | 876/4209 [03:24<13:01,  4.27it/s]
em: 0.3121, f1: 0.3501, loss: 3.1021 ||:  22%|##1       | 919/4209 [03:34<12:53,  4.25it/s]
em: 0.3138, f1: 0.3519, loss: 3.0926 ||:  23%|##2       | 963/4209 [03:44<12:35,  4.29it/s]
em: 0.3148, f1: 0.3526, loss: 3.0882 ||:  24%|##3       | 1007/4209 [03:55<12:30,  4.27it/s]
em: 0.3153, f1: 0.3533, loss: 3.0965 ||:  25%|##4       | 1052/4209 [04:05<12:10,  4.32it/s]
em: 0.3143, f1: 0.3525, loss: 3.1078 ||:  26%|##6       | 1097/4209 [04:16<12:11,  4.25it/s]
em: 0.3146, f1: 0.3529, loss: 3.1104 ||:  27%|##7       | 1140/4209 [04:26<12:01,  4.25it/s]
em: 0.3136, f1: 0.3517, loss: 3.1092 ||:  28%|##8       | 1183/4209 [04:36<11:55,  4.23it/s]
em: 0.3147, f1: 0.3526, loss: 3.1027 ||:  29%|##9       | 1226/4209 [04:46<11:41,  4.25it/s]
em: 0.3139, f1: 0.3515, loss: 3.1089 ||:  30%|###       | 1269/4209 [04:57<11:36,  4.22it/s]
em: 0.3147, f1: 0.3524, loss: 3.1059 ||:  31%|###1      | 1313/4209 [05:07<11:20,  4.26it/s]
em: 0.3140, f1: 0.3517, loss: 3.1095 ||:  32%|###2      | 1357/4209 [05:17<11:12,  4.24it/s]
em: 0.3141, f1: 0.3522, loss: 3.1039 ||:  33%|###3      | 1400/4209 [05:27<11:01,  4.24it/s]
em: 0.3138, f1: 0.3519, loss: 3.1042 ||:  34%|###4      | 1443/4209 [05:38<10:52,  4.24it/s]
em: 0.3135, f1: 0.3518, loss: 3.1033 ||:  35%|###5      | 1486/4209 [05:48<10:53,  4.16it/s]
em: 0.3132, f1: 0.3515, loss: 3.1025 ||:  36%|###6      | 1528/4209 [05:58<10:44,  4.16it/s]
em: 0.3135, f1: 0.3517, loss: 3.1040 ||:  37%|###7      | 1572/4209 [06:09<10:25,  4.22it/s]
em: 0.3142, f1: 0.3523, loss: 3.1001 ||:  38%|###8      | 1616/4209 [06:19<10:13,  4.23it/s]
em: 0.3131, f1: 0.3509, loss: 3.1062 ||:  39%|###9      | 1659/4209 [06:29<10:01,  4.24it/s]
em: 0.3125, f1: 0.3505, loss: 3.1073 ||:  40%|####      | 1703/4209 [06:39<09:48,  4.26it/s]
em: 0.3120, f1: 0.3499, loss: 3.1072 ||:  42%|####1     | 1748/4209 [06:49<09:28,  4.33it/s]
em: 0.3114, f1: 0.3493, loss: 3.1078 ||:  43%|####2     | 1793/4209 [07:00<09:25,  4.28it/s]
em: 0.3110, f1: 0.3492, loss: 3.1074 ||:  44%|####3     | 1837/4209 [07:10<09:11,  4.30it/s]
em: 0.3108, f1: 0.3490, loss: 3.1103 ||:  45%|####4     | 1881/4209 [07:20<09:00,  4.31it/s]
em: 0.3106, f1: 0.3489, loss: 3.1107 ||:  46%|####5     | 1926/4209 [07:30<08:45,  4.35it/s]
em: 0.3103, f1: 0.3484, loss: 3.1103 ||:  47%|####6     | 1971/4209 [07:41<08:38,  4.32it/s]
em: 0.3101, f1: 0.3482, loss: 3.1114 ||:  48%|####7     | 2014/4209 [07:51<08:32,  4.28it/s]
em: 0.3097, f1: 0.3478, loss: 3.1123 ||:  49%|####8     | 2056/4209 [08:01<08:27,  4.24it/s]
em: 0.3099, f1: 0.3481, loss: 3.1113 ||:  50%|####9     | 2099/4209 [08:12<08:17,  4.25it/s]
em: 0.3095, f1: 0.3479, loss: 3.1133 ||:  51%|#####     | 2142/4209 [08:22<08:07,  4.24it/s]
em: 0.3097, f1: 0.3480, loss: 3.1133 ||:  52%|#####1    | 2185/4209 [08:32<07:59,  4.22it/s]
em: 0.3101, f1: 0.3485, loss: 3.1090 ||:  53%|#####2    | 2229/4209 [08:42<07:43,  4.27it/s]
em: 0.3104, f1: 0.3487, loss: 3.1066 ||:  54%|#####4    | 2273/4209 [08:52<07:32,  4.27it/s]
em: 0.3104, f1: 0.3487, loss: 3.1046 ||:  55%|#####5    | 2316/4209 [09:02<07:23,  4.27it/s]
em: 0.3102, f1: 0.3485, loss: 3.1050 ||:  56%|#####6    | 2359/4209 [09:12<07:13,  4.27it/s]
em: 0.3094, f1: 0.3477, loss: 3.1050 ||:  57%|#####7    | 2402/4209 [09:23<07:07,  4.23it/s]
em: 0.3101, f1: 0.3485, loss: 3.1032 ||:  58%|#####8    | 2446/4209 [09:33<06:52,  4.28it/s]
em: 0.3093, f1: 0.3477, loss: 3.1082 ||:  59%|#####9    | 2490/4209 [09:43<06:39,  4.31it/s]
em: 0.3094, f1: 0.3477, loss: 3.1093 ||:  60%|######    | 2534/4209 [09:53<06:30,  4.29it/s]
em: 0.3094, f1: 0.3476, loss: 3.1101 ||:  61%|######1   | 2578/4209 [10:03<06:18,  4.31it/s]
em: 0.3107, f1: 0.3488, loss: 3.1052 ||:  62%|######2   | 2622/4209 [10:13<06:07,  4.32it/s]
em: 0.3106, f1: 0.3486, loss: 3.1042 ||:  63%|######3   | 2666/4209 [10:24<05:59,  4.30it/s]
em: 0.3108, f1: 0.3488, loss: 3.1013 ||:  64%|######4   | 2710/4209 [10:34<05:48,  4.30it/s]
em: 0.3105, f1: 0.3485, loss: 3.1046 ||:  65%|######5   | 2753/4209 [10:44<05:39,  4.29it/s]
em: 0.3101, f1: 0.3479, loss: 3.1069 ||:  66%|######6   | 2797/4209 [10:54<05:28,  4.30it/s]
em: 0.3104, f1: 0.3484, loss: 3.1054 ||:  67%|######7   | 2841/4209 [11:05<05:19,  4.28it/s]
em: 0.3101, f1: 0.3482, loss: 3.1069 ||:  69%|######8   | 2885/4209 [11:15<05:07,  4.30it/s]
em: 0.3106, f1: 0.3485, loss: 3.1054 ||:  70%|######9   | 2929/4209 [11:25<04:58,  4.28it/s]
em: 0.3100, f1: 0.3479, loss: 3.1114 ||:  71%|#######   | 2973/4209 [11:35<04:47,  4.30it/s]
em: 0.3098, f1: 0.3477, loss: 3.1146 ||:  72%|#######1  | 3017/4209 [11:46<04:40,  4.25it/s]
em: 0.3100, f1: 0.3479, loss: 3.1171 ||:  73%|#######2  | 3060/4209 [11:56<04:30,  4.24it/s]
em: 0.3100, f1: 0.3479, loss: 3.1150 ||:  74%|#######3  | 3104/4209 [12:06<04:19,  4.26it/s]
em: 0.3109, f1: 0.3487, loss: 3.1092 ||:  75%|#######4  | 3148/4209 [12:17<04:08,  4.28it/s]
em: 0.3109, f1: 0.3487, loss: 3.1092 ||:  76%|#######5  | 3192/4209 [12:27<03:58,  4.27it/s]
em: 0.3114, f1: 0.3492, loss: 3.1074 ||:  77%|#######6  | 3235/4209 [12:37<03:48,  4.25it/s]
em: 0.3116, f1: 0.3492, loss: 3.1062 ||:  78%|#######7  | 3279/4209 [12:47<03:37,  4.27it/s]
em: 0.3117, f1: 0.3493, loss: 3.1054 ||:  79%|#######8  | 3324/4209 [12:58<03:25,  4.31it/s]
em: 0.3123, f1: 0.3498, loss: 3.1032 ||:  80%|########  | 3369/4209 [13:08<03:13,  4.34it/s]
em: 0.3127, f1: 0.3502, loss: 3.0989 ||:  81%|########1 | 3413/4209 [13:18<03:03,  4.33it/s]
em: 0.3126, f1: 0.3500, loss: 3.0991 ||:  82%|########2 | 3457/4209 [13:28<02:53,  4.32it/s]
em: 0.3126, f1: 0.3501, loss: 3.0998 ||:  83%|########3 | 3501/4209 [13:39<02:45,  4.27it/s]
em: 0.3129, f1: 0.3504, loss: 3.1000 ||:  84%|########4 | 3544/4209 [13:49<02:36,  4.26it/s]
em: 0.3135, f1: 0.3510, loss: 3.0993 ||:  85%|########5 | 3587/4209 [13:59<02:26,  4.26it/s]
em: 0.3133, f1: 0.3507, loss: 3.1014 ||:  86%|########6 | 3630/4209 [14:09<02:16,  4.24it/s]
em: 0.3134, f1: 0.3507, loss: 3.1021 ||:  87%|########7 | 3673/4209 [14:19<02:05,  4.26it/s]
em: 0.3129, f1: 0.3503, loss: 3.1026 ||:  88%|########8 | 3716/4209 [14:29<01:55,  4.25it/s]
em: 0.3135, f1: 0.3509, loss: 3.0982 ||:  89%|########9 | 3759/4209 [14:40<01:45,  4.26it/s]
em: 0.3131, f1: 0.3505, loss: 3.0969 ||:  90%|######### | 3802/4209 [14:50<01:35,  4.25it/s]
em: 0.3134, f1: 0.3509, loss: 3.0976 ||:  91%|#########1| 3845/4209 [15:00<01:25,  4.26it/s]
em: 0.3136, f1: 0.3510, loss: 3.0985 ||:  92%|#########2| 3888/4209 [15:10<01:16,  4.21it/s]
em: 0.3131, f1: 0.3507, loss: 3.1013 ||:  93%|#########3| 3931/4209 [15:20<01:05,  4.21it/s]
em: 0.3129, f1: 0.3504, loss: 3.1057 ||:  94%|#########4| 3974/4209 [15:30<00:55,  4.23it/s]
em: 0.3116, f1: 0.3492, loss: 3.1170 ||:  95%|#########5| 4017/4209 [15:41<00:45,  4.23it/s]
em: 0.3104, f1: 0.3480, loss: 3.1281 ||:  97%|#########6| 4062/4209 [15:51<00:34,  4.29it/s]
em: 0.3088, f1: 0.3464, loss: 3.1396 ||:  98%|#########7| 4107/4209 [16:02<00:23,  4.25it/s]
em: 0.3072, f1: 0.3448, loss: 3.1504 ||:  99%|#########8| 4151/4209 [16:12<00:13,  4.28it/s]
em: 0.3057, f1: 0.3435, loss: 3.1607 ||: 100%|#########9| 4196/4209 [16:22<00:03,  4.32it/s]
em: 0.3042, f1: 0.3421, loss: 3.1712 ||: : 4241it [16:33,  4.28it/s]                        
em: 0.3033, f1: 0.3412, loss: 3.1763 ||: : 4265it [16:38,  4.27it/s]

  0%|          | 0/596 [00:00<?, ?it/s]
em: 0.3710, f1: 0.3961, loss: 1363638.6447 ||:  18%|#8        | 110/596 [00:10<00:44, 10.94it/s]
em: 0.3647, f1: 0.3892, loss: 1389206.9358 ||:  37%|###6      | 220/596 [00:20<00:34, 10.82it/s]
em: 0.3607, f1: 0.3853, loss: 1309072.5950 ||:  55%|#####5    | 328/596 [00:30<00:24, 10.80it/s]
em: 0.3621, f1: 0.3868, loss: 1275805.2478 ||:  73%|#######3  | 436/596 [00:41<00:15, 10.54it/s]
em: 0.3431, f1: 0.3677, loss: 1537255.5421 ||:  93%|#########3| 557/596 [00:51<00:03, 10.94it/s]
em: 0.3278, f1: 0.3535, loss: 1578023.9688 ||: : 604it [00:56, 10.72it/s]                       

  0%|          | 0/4209 [00:00<?, ?it/s]
em: 0.3569, f1: 0.3912, loss: 2.9011 ||:   1%|          | 42/4209 [00:10<16:54,  4.11it/s]
em: 0.3506, f1: 0.3832, loss: 2.9152 ||:   2%|2         | 88/4209 [00:20<16:16,  4.22it/s]
em: 0.3381, f1: 0.3737, loss: 2.9812 ||:   3%|3         | 134/4209 [00:31<16:01,  4.24it/s]
em: 0.3408, f1: 0.3781, loss: 2.9716 ||:   4%|4         | 178/4209 [00:41<15:45,  4.26it/s]
em: 0.3411, f1: 0.3789, loss: 2.9443 ||:   5%|5         | 222/4209 [00:51<15:36,  4.26it/s]
em: 0.3344, f1: 0.3725, loss: 2.9519 ||:   6%|6         | 265/4209 [01:01<15:23,  4.27it/s]
em: 0.3376, f1: 0.3750, loss: 2.9726 ||:   7%|7         | 309/4209 [01:11<15:06,  4.30it/s]
em: 0.3341, f1: 0.3713, loss: 3.0050 ||:   8%|8         | 353/4209 [01:22<15:11,  4.23it/s]
em: 0.3296, f1: 0.3676, loss: 3.0314 ||:   9%|9         | 395/4209 [01:32<15:04,  4.22it/s]
em: 0.3257, f1: 0.3636, loss: 3.0393 ||:  10%|#         | 438/4209 [01:42<14:50,  4.23it/s]
em: 0.3264, f1: 0.3642, loss: 3.0480 ||:  11%|#1        | 482/4209 [01:52<14:32,  4.27it/s]
em: 0.3284, f1: 0.3660, loss: 3.0205 ||:  12%|#2        | 526/4209 [02:03<14:24,  4.26it/s]
em: 0.3311, f1: 0.3688, loss: 2.9955 ||:  14%|#3        | 570/4209 [02:13<14:10,  4.28it/s]
em: 0.3293, f1: 0.3674, loss: 3.0051 ||:  15%|#4        | 614/4209 [02:23<14:09,  4.23it/s]
em: 0.3280, f1: 0.3658, loss: 2.9939 ||:  16%|#5        | 657/4209 [02:34<13:57,  4.24it/s]
em: 0.3274, f1: 0.3657, loss: 2.9917 ||:  17%|#6        | 700/4209 [02:44<13:47,  4.24it/s]
em: 0.3281, f1: 0.3661, loss: 2.9880 ||:  18%|#7        | 745/4209 [02:54<13:26,  4.30it/s]
em: 0.3266, f1: 0.3651, loss: 2.9872 ||:  19%|#8        | 790/4209 [03:04<13:14,  4.30it/s]
em: 0.3253, f1: 0.3638, loss: 2.9920 ||:  20%|#9        | 834/4209 [03:14<13:02,  4.31it/s]
em: 0.3244, f1: 0.3632, loss: 3.0051 ||:  21%|##        | 878/4209 [03:25<12:51,  4.32it/s]
em: 0.3231, f1: 0.3620, loss: 3.0137 ||:  22%|##1       | 922/4209 [03:35<12:46,  4.29it/s]
em: 0.3252, f1: 0.3638, loss: 3.0048 ||:  23%|##2       | 967/4209 [03:45<12:26,  4.34it/s]
em: 0.3272, f1: 0.3655, loss: 2.9982 ||:  24%|##4       | 1012/4209 [03:56<12:20,  4.32it/s]
em: 0.3267, f1: 0.3653, loss: 3.0091 ||:  25%|##5       | 1056/4209 [04:06<12:06,  4.34it/s]
em: 0.3261, f1: 0.3648, loss: 3.0150 ||:  26%|##6       | 1100/4209 [04:16<11:57,  4.33it/s]
em: 0.3251, f1: 0.3640, loss: 3.0219 ||:  27%|##7       | 1144/4209 [04:27<11:59,  4.26it/s]
em: 0.3244, f1: 0.3634, loss: 3.0233 ||:  28%|##8       | 1187/4209 [04:37<11:49,  4.26it/s]
em: 0.3257, f1: 0.3646, loss: 3.0194 ||:  29%|##9       | 1231/4209 [04:47<11:36,  4.27it/s]
em: 0.3258, f1: 0.3646, loss: 3.0176 ||:  30%|###       | 1275/4209 [04:57<11:27,  4.27it/s]
em: 0.3247, f1: 0.3631, loss: 3.0222 ||:  31%|###1      | 1318/4209 [05:07<11:18,  4.26it/s]
em: 0.3262, f1: 0.3652, loss: 3.0189 ||:  32%|###2      | 1363/4209 [05:18<11:00,  4.31it/s]
em: 0.3261, f1: 0.3650, loss: 3.0189 ||:  33%|###3      | 1408/4209 [05:28<10:52,  4.29it/s]
em: 0.3267, f1: 0.3653, loss: 3.0170 ||:  34%|###4      | 1451/4209 [05:38<10:49,  4.25it/s]
em: 0.3260, f1: 0.3648, loss: 3.0173 ||:  35%|###5      | 1494/4209 [05:49<10:41,  4.23it/s]
em: 0.3254, f1: 0.3642, loss: 3.0182 ||:  37%|###6      | 1537/4209 [05:59<10:33,  4.22it/s]
em: 0.3259, f1: 0.3645, loss: 3.0155 ||:  38%|###7      | 1580/4209 [06:09<10:19,  4.24it/s]
em: 0.3257, f1: 0.3641, loss: 3.0150 ||:  39%|###8      | 1623/4209 [06:19<10:07,  4.25it/s]
em: 0.3246, f1: 0.3630, loss: 3.0202 ||:  40%|###9      | 1667/4209 [06:29<09:55,  4.27it/s]
em: 0.3247, f1: 0.3629, loss: 3.0201 ||:  41%|####      | 1711/4209 [06:40<09:51,  4.22it/s]
em: 0.3249, f1: 0.3631, loss: 3.0191 ||:  42%|####1     | 1755/4209 [06:50<09:34,  4.27it/s]
em: 0.3246, f1: 0.3628, loss: 3.0208 ||:  43%|####2     | 1799/4209 [07:01<09:28,  4.24it/s]
em: 0.3241, f1: 0.3623, loss: 3.0233 ||:  44%|####3     | 1843/4209 [07:11<09:14,  4.26it/s]
em: 0.3243, f1: 0.3625, loss: 3.0259 ||:  45%|####4     | 1887/4209 [07:21<09:03,  4.27it/s]
em: 0.3245, f1: 0.3626, loss: 3.0229 ||:  46%|####5     | 1931/4209 [07:31<08:51,  4.28it/s]
em: 0.3243, f1: 0.3626, loss: 3.0217 ||:  47%|####6     | 1975/4209 [07:42<08:43,  4.27it/s]
em: 0.3234, f1: 0.3617, loss: 3.0270 ||:  48%|####7     | 2018/4209 [07:52<08:38,  4.22it/s]
em: 0.3232, f1: 0.3616, loss: 3.0256 ||:  49%|####8     | 2061/4209 [08:02<08:28,  4.22it/s]
em: 0.3233, f1: 0.3618, loss: 3.0259 ||:  50%|#####     | 2105/4209 [08:12<08:14,  4.26it/s]
em: 0.3232, f1: 0.3617, loss: 3.0297 ||:  51%|#####1    | 2149/4209 [08:23<08:06,  4.23it/s]
em: 0.3236, f1: 0.3621, loss: 3.0273 ||:  52%|#####2    | 2192/4209 [08:33<07:56,  4.23it/s]
em: 0.3243, f1: 0.3627, loss: 3.0228 ||:  53%|#####3    | 2236/4209 [08:43<07:41,  4.27it/s]
em: 0.3245, f1: 0.3627, loss: 3.0205 ||:  54%|#####4    | 2280/4209 [08:53<07:29,  4.29it/s]
em: 0.3249, f1: 0.3633, loss: 3.0185 ||:  55%|#####5    | 2324/4209 [09:04<07:19,  4.29it/s]
em: 0.3254, f1: 0.3637, loss: 3.0155 ||:  56%|#####6    | 2367/4209 [09:14<07:09,  4.29it/s]
em: 0.3248, f1: 0.3633, loss: 3.0178 ||:  57%|#####7    | 2410/4209 [09:24<07:00,  4.27it/s]
em: 0.3257, f1: 0.3642, loss: 3.0168 ||:  58%|#####8    | 2453/4209 [09:34<06:50,  4.28it/s]
em: 0.3254, f1: 0.3641, loss: 3.0202 ||:  59%|#####9    | 2498/4209 [09:44<06:34,  4.33it/s]
em: 0.3253, f1: 0.3638, loss: 3.0229 ||:  60%|######    | 2543/4209 [09:54<06:26,  4.31it/s]
em: 0.3255, f1: 0.3640, loss: 3.0226 ||:  61%|######1   | 2587/4209 [10:05<06:15,  4.32it/s]
em: 0.3264, f1: 0.3647, loss: 3.0179 ||:  63%|######2   | 2631/4209 [10:15<06:07,  4.29it/s]
em: 0.3265, f1: 0.3649, loss: 3.0166 ||:  64%|######3   | 2674/4209 [10:25<05:58,  4.28it/s]
em: 0.3269, f1: 0.3653, loss: 3.0129 ||:  65%|######4   | 2718/4209 [10:35<05:47,  4.29it/s]
em: 0.3265, f1: 0.3649, loss: 3.0158 ||:  66%|######5   | 2762/4209 [10:46<05:39,  4.26it/s]
em: 0.3263, f1: 0.3648, loss: 3.0183 ||:  67%|######6   | 2805/4209 [10:56<05:29,  4.26it/s]
em: 0.3260, f1: 0.3645, loss: 3.0178 ||:  68%|######7   | 2848/4209 [11:06<05:21,  4.23it/s]
em: 0.3259, f1: 0.3646, loss: 3.0176 ||:  69%|######8   | 2892/4209 [11:16<05:09,  4.26it/s]
em: 0.3265, f1: 0.3652, loss: 3.0190 ||:  70%|######9   | 2936/4209 [11:27<04:59,  4.25it/s]
em: 0.3262, f1: 0.3650, loss: 3.0241 ||:  71%|#######   | 2979/4209 [11:37<04:49,  4.25it/s]
em: 0.3262, f1: 0.3650, loss: 3.0262 ||:  72%|#######1  | 3022/4209 [11:47<04:40,  4.24it/s]
em: 0.3264, f1: 0.3651, loss: 3.0271 ||:  73%|#######2  | 3064/4209 [11:57<04:31,  4.22it/s]
em: 0.3266, f1: 0.3653, loss: 3.0254 ||:  74%|#######3  | 3107/4209 [12:07<04:19,  4.24it/s]
em: 0.3269, f1: 0.3656, loss: 3.0212 ||:  75%|#######4  | 3150/4209 [12:17<04:10,  4.22it/s]
em: 0.3271, f1: 0.3657, loss: 3.0203 ||:  76%|#######5  | 3193/4209 [12:28<04:02,  4.20it/s]
em: 0.3275, f1: 0.3660, loss: 3.0193 ||:  77%|#######6  | 3235/4209 [12:38<03:52,  4.19it/s]
em: 0.3275, f1: 0.3660, loss: 3.0170 ||:  78%|#######7  | 3279/4209 [12:48<03:40,  4.22it/s]
em: 0.3274, f1: 0.3658, loss: 3.0178 ||:  79%|#######8  | 3323/4209 [12:58<03:27,  4.26it/s]
em: 0.3281, f1: 0.3665, loss: 3.0146 ||:  80%|#######9  | 3367/4209 [13:08<03:15,  4.30it/s]
em: 0.3287, f1: 0.3668, loss: 3.0100 ||:  81%|########1 | 3411/4209 [13:18<03:04,  4.31it/s]
em: 0.3283, f1: 0.3665, loss: 3.0109 ||:  82%|########2 | 3455/4209 [13:29<02:55,  4.29it/s]
em: 0.3281, f1: 0.3664, loss: 3.0111 ||:  83%|########3 | 3498/4209 [13:39<02:47,  4.26it/s]
em: 0.3282, f1: 0.3665, loss: 3.0131 ||:  84%|########4 | 3540/4209 [13:49<02:38,  4.21it/s]
em: 0.3287, f1: 0.3669, loss: 3.0112 ||:  85%|########5 | 3583/4209 [13:59<02:28,  4.21it/s]
em: 0.3287, f1: 0.3670, loss: 3.0115 ||:  86%|########6 | 3627/4209 [14:10<02:16,  4.25it/s]
em: 0.3287, f1: 0.3669, loss: 3.0134 ||:  87%|########7 | 3671/4209 [14:20<02:05,  4.29it/s]
em: 0.3286, f1: 0.3668, loss: 3.0132 ||:  88%|########8 | 3715/4209 [14:30<01:54,  4.30it/s]
em: 0.3292, f1: 0.3673, loss: 3.0086 ||:  89%|########9 | 3760/4209 [14:40<01:43,  4.34it/s]
em: 0.3289, f1: 0.3671, loss: 3.0075 ||:  90%|######### | 3805/4209 [14:50<01:33,  4.31it/s]
em: 0.3290, f1: 0.3673, loss: 3.0081 ||:  91%|#########1| 3848/4209 [15:01<01:25,  4.23it/s]
em: 0.3290, f1: 0.3673, loss: 3.0072 ||:  92%|#########2| 3891/4209 [15:11<01:14,  4.24it/s]
em: 0.3285, f1: 0.3669, loss: 3.0110 ||:  93%|#########3| 3934/4209 [15:22<01:05,  4.21it/s]
em: 0.3276, f1: 0.3661, loss: 3.0175 ||:  94%|#########4| 3977/4209 [15:32<00:54,  4.23it/s]
em: 0.3266, f1: 0.3652, loss: 3.0277 ||:  96%|#########5| 4021/4209 [15:42<00:44,  4.26it/s]
em: 0.3251, f1: 0.3637, loss: 3.0392 ||:  97%|#########6| 4065/4209 [15:52<00:33,  4.27it/s]
em: 0.3234, f1: 0.3620, loss: 3.0508 ||:  98%|#########7| 4109/4209 [16:03<00:23,  4.24it/s]
em: 0.3218, f1: 0.3604, loss: 3.0609 ||:  99%|#########8| 4152/4209 [16:13<00:13,  4.24it/s]
em: 0.3203, f1: 0.3590, loss: 3.0711 ||: 100%|#########9| 4197/4209 [16:23<00:02,  4.30it/s]
em: 0.3187, f1: 0.3575, loss: 3.0822 ||: : 4242it [16:34,  4.25it/s]                        
em: 0.3180, f1: 0.3568, loss: 3.0866 ||: : 4265it [16:39,  4.27it/s]

  0%|          | 0/596 [00:00<?, ?it/s]
em: 0.3847, f1: 0.4097, loss: 1369320.4119 ||:  18%|#8        | 110/596 [00:10<00:44, 10.99it/s]
em: 0.3802, f1: 0.4034, loss: 1389206.8747 ||:  37%|###6      | 220/596 [00:20<00:34, 10.88it/s]
em: 0.3844, f1: 0.4080, loss: 1312692.3776 ||:  55%|#####5    | 329/596 [00:30<00:24, 10.87it/s]
em: 0.3840, f1: 0.4078, loss: 1271406.5445 ||:  73%|#######3  | 438/596 [00:41<00:14, 10.60it/s]
em: 0.3636, f1: 0.3875, loss: 1542936.1545 ||:  94%|#########3| 559/596 [00:51<00:03, 10.99it/s]
em: 0.3497, f1: 0.3744, loss: 1581128.2084 ||: : 604it [00:55, 10.79it/s]                       

  0%|          | 0/4209 [00:00<?, ?it/s]
em: 0.4111, f1: 0.4397, loss: 2.6710 ||:   1%|          | 42/4209 [00:10<16:40,  4.17it/s]
em: 0.3912, f1: 0.4216, loss: 2.7121 ||:   2%|2         | 86/4209 [00:20<16:15,  4.23it/s]
em: 0.3623, f1: 0.3967, loss: 2.9044 ||:   3%|3         | 130/4209 [00:30<16:00,  4.25it/s]
em: 0.3575, f1: 0.3918, loss: 2.8732 ||:   4%|4         | 173/4209 [00:40<15:55,  4.22it/s]
em: 0.3551, f1: 0.3913, loss: 2.8921 ||:   5%|5         | 216/4209 [00:50<15:44,  4.23it/s]
em: 0.3553, f1: 0.3918, loss: 2.8967 ||:   6%|6         | 260/4209 [01:01<15:28,  4.25it/s]
em: 0.3567, f1: 0.3925, loss: 2.9021 ||:   7%|7         | 304/4209 [01:11<15:11,  4.28it/s]
em: 0.3499, f1: 0.3854, loss: 2.9362 ||:   8%|8         | 348/4209 [01:22<15:21,  4.19it/s]
em: 0.3418, f1: 0.3779, loss: 2.9630 ||:   9%|9         | 391/4209 [01:32<15:09,  4.20it/s]
em: 0.3382, f1: 0.3745, loss: 2.9801 ||:  10%|#         | 435/4209 [01:42<14:51,  4.23it/s]
em: 0.3405, f1: 0.3770, loss: 2.9726 ||:  11%|#1        | 479/4209 [01:52<14:38,  4.25it/s]
em: 0.3406, f1: 0.3766, loss: 2.9644 ||:  12%|#2        | 523/4209 [02:03<14:24,  4.26it/s]
em: 0.3456, f1: 0.3814, loss: 2.9355 ||:  13%|#3        | 566/4209 [02:13<14:16,  4.25it/s]
em: 0.3456, f1: 0.3821, loss: 2.9358 ||:  14%|#4        | 609/4209 [02:23<14:08,  4.24it/s]
em: 0.3474, f1: 0.3838, loss: 2.9295 ||:  15%|#5        | 652/4209 [02:33<13:58,  4.24it/s]
em: 0.3450, f1: 0.3826, loss: 2.9292 ||:  17%|#6        | 696/4209 [02:43<13:41,  4.28it/s]
em: 0.3452, f1: 0.3826, loss: 2.9250 ||:  18%|#7        | 741/4209 [02:53<13:23,  4.32it/s]
em: 0.3450, f1: 0.3823, loss: 2.9206 ||:  19%|#8        | 786/4209 [03:04<13:17,  4.29it/s]
em: 0.3435, f1: 0.3805, loss: 2.9308 ||:  20%|#9        | 830/4209 [03:14<13:03,  4.31it/s]
em: 0.3422, f1: 0.3798, loss: 2.9437 ||:  21%|##        | 874/4209 [03:24<12:51,  4.32it/s]
em: 0.3402, f1: 0.3779, loss: 2.9538 ||:  22%|##1       | 918/4209 [03:35<12:58,  4.23it/s]
em: 0.3413, f1: 0.3790, loss: 2.9483 ||:  23%|##2       | 962/4209 [03:45<12:42,  4.26it/s]
em: 0.3404, f1: 0.3779, loss: 2.9409 ||:  24%|##3       | 1006/4209 [03:56<12:31,  4.26it/s]
em: 0.3416, f1: 0.3791, loss: 2.9454 ||:  25%|##4       | 1049/4209 [04:06<12:23,  4.25it/s]
em: 0.3409, f1: 0.3784, loss: 2.9525 ||:  26%|##5       | 1092/4209 [04:16<12:11,  4.26it/s]
em: 0.3408, f1: 0.3787, loss: 2.9609 ||:  27%|##6       | 1136/4209 [04:26<11:57,  4.28it/s]
em: 0.3402, f1: 0.3780, loss: 2.9632 ||:  28%|##8       | 1180/4209 [04:36<11:51,  4.25it/s]
em: 0.3425, f1: 0.3800, loss: 2.9514 ||:  29%|##9       | 1224/4209 [04:47<11:36,  4.29it/s]
em: 0.3420, f1: 0.3794, loss: 2.9546 ||:  30%|###       | 1268/4209 [04:57<11:28,  4.27it/s]
em: 0.3408, f1: 0.3783, loss: 2.9603 ||:  31%|###1      | 1312/4209 [05:07<11:15,  4.29it/s]
em: 0.3414, f1: 0.3795, loss: 2.9575 ||:  32%|###2      | 1356/4209 [05:17<11:03,  4.30it/s]
em: 0.3414, f1: 0.3794, loss: 2.9546 ||:  33%|###3      | 1400/4209 [05:28<10:53,  4.30it/s]
em: 0.3417, f1: 0.3796, loss: 2.9524 ||:  34%|###4      | 1443/4209 [05:38<10:44,  4.29it/s]
em: 0.3407, f1: 0.3787, loss: 2.9518 ||:  35%|###5      | 1486/4209 [05:48<10:46,  4.21it/s]
em: 0.3401, f1: 0.3782, loss: 2.9487 ||:  36%|###6      | 1529/4209 [05:58<10:33,  4.23it/s]
em: 0.3403, f1: 0.3783, loss: 2.9509 ||:  37%|###7      | 1572/4209 [06:09<10:24,  4.22it/s]
em: 0.3410, f1: 0.3791, loss: 2.9460 ||:  38%|###8      | 1617/4209 [06:19<10:03,  4.29it/s]
em: 0.3405, f1: 0.3783, loss: 2.9477 ||:  39%|###9      | 1662/4209 [06:29<09:53,  4.29it/s]
em: 0.3400, f1: 0.3777, loss: 2.9486 ||:  41%|####      | 1705/4209 [06:39<09:43,  4.29it/s]
em: 0.3402, f1: 0.3779, loss: 2.9495 ||:  42%|####1     | 1750/4209 [06:49<09:27,  4.34it/s]
em: 0.3396, f1: 0.3772, loss: 2.9516 ||:  43%|####2     | 1795/4209 [07:00<09:16,  4.34it/s]
em: 0.3388, f1: 0.3764, loss: 2.9519 ||:  44%|####3     | 1839/4209 [07:10<09:07,  4.33it/s]
em: 0.3391, f1: 0.3765, loss: 2.9522 ||:  45%|####4     | 1883/4209 [07:20<08:55,  4.35it/s]
em: 0.3387, f1: 0.3763, loss: 2.9557 ||:  46%|####5     | 1927/4209 [07:30<08:43,  4.36it/s]
em: 0.3388, f1: 0.3765, loss: 2.9538 ||:  47%|####6     | 1971/4209 [07:40<08:38,  4.31it/s]
em: 0.3381, f1: 0.3760, loss: 2.9562 ||:  48%|####7     | 2014/4209 [07:50<08:31,  4.29it/s]
em: 0.3380, f1: 0.3760, loss: 2.9557 ||:  49%|####8     | 2057/4209 [08:01<08:27,  4.24it/s]
em: 0.3379, f1: 0.3760, loss: 2.9542 ||:  50%|####9     | 2100/4209 [08:11<08:15,  4.25it/s]
em: 0.3370, f1: 0.3750, loss: 2.9587 ||:  51%|#####     | 2143/4209 [08:21<08:07,  4.24it/s]
em: 0.3366, f1: 0.3748, loss: 2.9590 ||:  52%|#####1    | 2187/4209 [08:31<07:54,  4.26it/s]
em: 0.3367, f1: 0.3750, loss: 2.9553 ||:  53%|#####3    | 2231/4209 [08:41<07:41,  4.28it/s]
em: 0.3375, f1: 0.3757, loss: 2.9522 ||:  54%|#####4    | 2276/4209 [08:52<07:27,  4.32it/s]
em: 0.3377, f1: 0.3758, loss: 2.9471 ||:  55%|#####5    | 2321/4209 [09:02<07:15,  4.33it/s]
em: 0.3374, f1: 0.3757, loss: 2.9486 ||:  56%|#####6    | 2365/4209 [09:12<07:08,  4.30it/s]
em: 0.3368, f1: 0.3752, loss: 2.9491 ||:  57%|#####7    | 2409/4209 [09:23<06:56,  4.32it/s]
em: 0.3369, f1: 0.3754, loss: 2.9485 ||:  58%|#####8    | 2453/4209 [09:33<06:46,  4.32it/s]
em: 0.3365, f1: 0.3752, loss: 2.9534 ||:  59%|#####9    | 2498/4209 [09:43<06:33,  4.35it/s]
em: 0.3370, f1: 0.3757, loss: 2.9523 ||:  60%|######    | 2543/4209 [09:53<06:21,  4.37it/s]
em: 0.3370, f1: 0.3755, loss: 2.9539 ||:  61%|######1   | 2588/4209 [10:04<06:12,  4.35it/s]
em: 0.3378, f1: 0.3762, loss: 2.9493 ||:  63%|######2   | 2632/4209 [10:14<06:02,  4.35it/s]
em: 0.3377, f1: 0.3760, loss: 2.9471 ||:  64%|######3   | 2676/4209 [10:24<05:54,  4.32it/s]
em: 0.3381, f1: 0.3765, loss: 2.9432 ||:  65%|######4   | 2720/4209 [10:34<05:44,  4.32it/s]
em: 0.3376, f1: 0.3759, loss: 2.9452 ||:  66%|######5   | 2764/4209 [10:45<05:36,  4.30it/s]
em: 0.3372, f1: 0.3757, loss: 2.9490 ||:  67%|######6   | 2807/4209 [10:55<05:26,  4.29it/s]
em: 0.3372, f1: 0.3757, loss: 2.9488 ||:  68%|######7   | 2850/4209 [11:05<05:20,  4.24it/s]
em: 0.3373, f1: 0.3758, loss: 2.9482 ||:  69%|######8   | 2893/4209 [11:15<05:09,  4.25it/s]
em: 0.3379, f1: 0.3763, loss: 2.9495 ||:  70%|######9   | 2937/4209 [11:25<04:57,  4.27it/s]
em: 0.3380, f1: 0.3764, loss: 2.9548 ||:  71%|#######   | 2981/4209 [11:36<04:49,  4.25it/s]
em: 0.3379, f1: 0.3763, loss: 2.9573 ||:  72%|#######1  | 3023/4209 [11:46<04:41,  4.21it/s]
em: 0.3386, f1: 0.3771, loss: 2.9566 ||:  73%|#######2  | 3066/4209 [11:56<04:31,  4.21it/s]
em: 0.3388, f1: 0.3772, loss: 2.9571 ||:  74%|#######3  | 3110/4209 [12:06<04:19,  4.24it/s]
em: 0.3394, f1: 0.3778, loss: 2.9517 ||:  75%|#######4  | 3154/4209 [12:17<04:09,  4.23it/s]
em: 0.3389, f1: 0.3775, loss: 2.9518 ||:  76%|#######5  | 3197/4209 [12:27<03:59,  4.23it/s]
em: 0.3395, f1: 0.3778, loss: 2.9499 ||:  77%|#######7  | 3241/4209 [12:37<03:47,  4.26it/s]
em: 0.3400, f1: 0.3783, loss: 2.9493 ||:  78%|#######8  | 3285/4209 [12:47<03:35,  4.29it/s]
em: 0.3398, f1: 0.3780, loss: 2.9499 ||:  79%|#######9  | 3329/4209 [12:57<03:23,  4.32it/s]
em: 0.3406, f1: 0.3788, loss: 2.9454 ||:  80%|########  | 3373/4209 [13:07<03:12,  4.34it/s]
em: 0.3410, f1: 0.3790, loss: 2.9413 ||:  81%|########1 | 3417/4209 [13:17<03:02,  4.34it/s]
em: 0.3411, f1: 0.3791, loss: 2.9424 ||:  82%|########2 | 3461/4209 [13:28<02:54,  4.29it/s]
em: 0.3408, f1: 0.3790, loss: 2.9441 ||:  83%|########3 | 3504/4209 [13:38<02:44,  4.27it/s]
em: 0.3412, f1: 0.3795, loss: 2.9441 ||:  84%|########4 | 3547/4209 [13:48<02:34,  4.28it/s]
em: 0.3416, f1: 0.3799, loss: 2.9434 ||:  85%|########5 | 3590/4209 [13:58<02:24,  4.28it/s]
em: 0.3415, f1: 0.3798, loss: 2.9427 ||:  86%|########6 | 3633/4209 [14:08<02:14,  4.27it/s]
em: 0.3414, f1: 0.3796, loss: 2.9451 ||:  87%|########7 | 3677/4209 [14:19<02:04,  4.28it/s]
em: 0.3417, f1: 0.3800, loss: 2.9435 ||:  88%|########8 | 3721/4209 [14:29<01:53,  4.31it/s]
em: 0.3421, f1: 0.3805, loss: 2.9389 ||:  89%|########9 | 3765/4209 [14:39<01:43,  4.30it/s]
em: 0.3419, f1: 0.3802, loss: 2.9393 ||:  90%|######### | 3808/4209 [14:49<01:33,  4.28it/s]
em: 0.3422, f1: 0.3805, loss: 2.9384 ||:  91%|#########1| 3851/4209 [14:59<01:23,  4.27it/s]
em: 0.3420, f1: 0.3803, loss: 2.9409 ||:  93%|#########2| 3894/4209 [15:10<01:14,  4.22it/s]
em: 0.3415, f1: 0.3799, loss: 2.9431 ||:  94%|#########3| 3937/4209 [15:20<01:04,  4.24it/s]
em: 0.3411, f1: 0.3796, loss: 2.9491 ||:  95%|#########4| 3981/4209 [15:30<00:53,  4.27it/s]
em: 0.3396, f1: 0.3782, loss: 2.9614 ||:  96%|#########5| 4025/4209 [15:40<00:43,  4.27it/s]
em: 0.3381, f1: 0.3768, loss: 2.9715 ||:  97%|#########6| 4068/4209 [15:50<00:33,  4.25it/s]
em: 0.3364, f1: 0.3752, loss: 2.9835 ||:  98%|#########7| 4112/4209 [16:00<00:22,  4.28it/s]
em: 0.3348, f1: 0.3738, loss: 2.9930 ||:  99%|#########8| 4156/4209 [16:11<00:12,  4.27it/s]
em: 0.3331, f1: 0.3721, loss: 3.0037 ||: 100%|#########9| 4199/4209 [16:21<00:02,  4.25it/s]
em: 0.3317, f1: 0.3708, loss: 3.0126 ||: : 4242it [16:31,  4.25it/s]                        
em: 0.3310, f1: 0.3702, loss: 3.0169 ||: : 4265it [16:36,  4.28it/s]

  0%|          | 0/596 [00:00<?, ?it/s]
em: 0.3939, f1: 0.4172, loss: 1369320.3553 ||:  18%|#8        | 110/596 [00:10<00:44, 10.95it/s]
em: 0.3882, f1: 0.4146, loss: 1386365.9092 ||:  37%|###6      | 220/596 [00:20<00:34, 10.84it/s]
em: 0.3890, f1: 0.4144, loss: 1312692.3345 ||:  55%|#####5    | 329/596 [00:30<00:24, 10.83it/s]
em: 0.3895, f1: 0.4145, loss: 1268552.6159 ||:  73%|#######3  | 438/596 [00:41<00:14, 10.59it/s]
em: 0.3692, f1: 0.3948, loss: 1536227.7028 ||:  94%|#########3| 559/596 [00:51<00:03, 10.99it/s]
em: 0.3555, f1: 0.3819, loss: 1576989.0898 ||: : 604it [00:56, 10.77it/s]                       

  0%|          | 0/4209 [00:00<?, ?it/s]
em: 0.3735, f1: 0.4125, loss: 2.6428 ||:   1%|          | 42/4209 [00:10<16:41,  4.16it/s]
em: 0.3904, f1: 0.4222, loss: 2.6488 ||:   2%|2         | 86/4209 [00:20<16:19,  4.21it/s]
em: 0.3760, f1: 0.4080, loss: 2.7763 ||:   3%|3         | 130/4209 [00:30<16:06,  4.22it/s]
em: 0.3746, f1: 0.4100, loss: 2.7792 ||:   4%|4         | 173/4209 [00:40<15:54,  4.23it/s]
em: 0.3738, f1: 0.4098, loss: 2.7652 ||:   5%|5         | 216/4209 [00:50<15:45,  4.22it/s]
em: 0.3670, f1: 0.4032, loss: 2.7885 ||:   6%|6         | 260/4209 [01:01<15:28,  4.25it/s]
em: 0.3692, f1: 0.4051, loss: 2.8082 ||:   7%|7         | 305/4209 [01:11<15:12,  4.28it/s]
em: 0.3601, f1: 0.3971, loss: 2.8409 ||:   8%|8         | 349/4209 [01:22<15:11,  4.24it/s]
em: 0.3561, f1: 0.3937, loss: 2.8628 ||:   9%|9         | 391/4209 [01:32<15:07,  4.21it/s]
em: 0.3537, f1: 0.3911, loss: 2.8774 ||:  10%|#         | 435/4209 [01:42<14:47,  4.25it/s]
em: 0.3539, f1: 0.3920, loss: 2.8832 ||:  11%|#1        | 479/4209 [01:52<14:33,  4.27it/s]
em: 0.3535, f1: 0.3912, loss: 2.8821 ||:  12%|#2        | 523/4209 [02:02<14:24,  4.26it/s]
em: 0.3561, f1: 0.3937, loss: 2.8604 ||:  13%|#3        | 566/4209 [02:12<14:12,  4.27it/s]
em: 0.3539, f1: 0.3928, loss: 2.8608 ||:  14%|#4        | 609/4209 [02:23<14:10,  4.23it/s]
em: 0.3526, f1: 0.3915, loss: 2.8639 ||:  16%|#5        | 653/4209 [02:33<13:56,  4.25it/s]
em: 0.3533, f1: 0.3918, loss: 2.8580 ||:  17%|#6        | 696/4209 [02:43<13:48,  4.24it/s]
em: 0.3523, f1: 0.3908, loss: 2.8604 ||:  18%|#7        | 741/4209 [02:53<13:28,  4.29it/s]
em: 0.3543, f1: 0.3927, loss: 2.8539 ||:  19%|#8        | 785/4209 [03:04<13:19,  4.29it/s]
em: 0.3522, f1: 0.3904, loss: 2.8616 ||:  20%|#9        | 829/4209 [03:14<13:06,  4.30it/s]
em: 0.3520, f1: 0.3904, loss: 2.8782 ||:  21%|##        | 873/4209 [03:24<12:53,  4.31it/s]
em: 0.3499, f1: 0.3880, loss: 2.8891 ||:  22%|##1       | 917/4209 [03:35<12:55,  4.24it/s]
em: 0.3519, f1: 0.3900, loss: 2.8776 ||:  23%|##2       | 960/4209 [03:45<12:43,  4.26it/s]
em: 0.3517, f1: 0.3897, loss: 2.8793 ||:  24%|##3       | 1003/4209 [03:55<12:34,  4.25it/s]
em: 0.3534, f1: 0.3913, loss: 2.8826 ||:  25%|##4       | 1047/4209 [04:05<12:18,  4.28it/s]
em: 0.3525, f1: 0.3907, loss: 2.8879 ||:  26%|##5       | 1091/4209 [04:15<12:07,  4.29it/s]
em: 0.3525, f1: 0.3910, loss: 2.8937 ||:  27%|##6       | 1134/4209 [04:25<11:59,  4.27it/s]
em: 0.3525, f1: 0.3910, loss: 2.8946 ||:  28%|##7       | 1177/4209 [04:35<11:49,  4.28it/s]
em: 0.3545, f1: 0.3928, loss: 2.8885 ||:  29%|##8       | 1220/4209 [04:46<11:43,  4.25it/s]
em: 0.3549, f1: 0.3931, loss: 2.8879 ||:  30%|###       | 1263/4209 [04:56<11:31,  4.26it/s]
em: 0.3546, f1: 0.3927, loss: 2.8897 ||:  31%|###1      | 1306/4209 [05:06<11:20,  4.27it/s]
em: 0.3539, f1: 0.3923, loss: 2.8947 ||:  32%|###2      | 1350/4209 [05:16<11:07,  4.28it/s]
em: 0.3550, f1: 0.3938, loss: 2.8856 ||:  33%|###3      | 1394/4209 [05:26<10:56,  4.29it/s]
em: 0.3553, f1: 0.3938, loss: 2.8820 ||:  34%|###4      | 1438/4209 [05:37<10:47,  4.28it/s]
em: 0.3548, f1: 0.3934, loss: 2.8836 ||:  35%|###5      | 1481/4209 [05:47<10:41,  4.25it/s]
em: 0.3537, f1: 0.3926, loss: 2.8852 ||:  36%|###6      | 1523/4209 [05:57<10:36,  4.22it/s]
em: 0.3540, f1: 0.3929, loss: 2.8849 ||:  37%|###7      | 1568/4209 [06:07<10:16,  4.28it/s]
em: 0.3540, f1: 0.3927, loss: 2.8803 ||:  38%|###8      | 1613/4209 [06:17<10:01,  4.31it/s]
em: 0.3530, f1: 0.3917, loss: 2.8848 ||:  39%|###9      | 1657/4209 [06:28<09:51,  4.31it/s]
em: 0.3526, f1: 0.3913, loss: 2.8837 ||:  40%|####      | 1701/4209 [06:38<09:45,  4.29it/s]
em: 0.3524, f1: 0.3909, loss: 2.8853 ||:  41%|####1     | 1746/4209 [06:48<09:29,  4.32it/s]
em: 0.3520, f1: 0.3905, loss: 2.8854 ||:  43%|####2     | 1791/4209 [06:59<09:29,  4.25it/s]
em: 0.3513, f1: 0.3900, loss: 2.8893 ||:  44%|####3     | 1835/4209 [07:09<09:16,  4.26it/s]
em: 0.3513, f1: 0.3899, loss: 2.8895 ||:  45%|####4     | 1879/4209 [07:20<09:05,  4.27it/s]
em: 0.3509, f1: 0.3897, loss: 2.8878 ||:  46%|####5     | 1923/4209 [07:30<08:51,  4.30it/s]
em: 0.3512, f1: 0.3899, loss: 2.8872 ||:  47%|####6     | 1967/4209 [07:40<08:45,  4.27it/s]
em: 0.3506, f1: 0.3893, loss: 2.8871 ||:  48%|####7     | 2010/4209 [07:51<08:38,  4.24it/s]
em: 0.3503, f1: 0.3891, loss: 2.8867 ||:  49%|####8     | 2053/4209 [08:01<08:29,  4.23it/s]
em: 0.3502, f1: 0.3891, loss: 2.8860 ||:  50%|####9     | 2096/4209 [08:11<08:18,  4.24it/s]
em: 0.3497, f1: 0.3887, loss: 2.8888 ||:  51%|#####     | 2139/4209 [08:21<08:07,  4.24it/s]
em: 0.3497, f1: 0.3887, loss: 2.8884 ||:  52%|#####1    | 2182/4209 [08:31<08:00,  4.22it/s]
em: 0.3503, f1: 0.3893, loss: 2.8841 ||:  53%|#####2    | 2224/4209 [08:41<07:51,  4.21it/s]
em: 0.3508, f1: 0.3897, loss: 2.8810 ||:  54%|#####3    | 2268/4209 [08:51<07:35,  4.26it/s]
em: 0.3517, f1: 0.3904, loss: 2.8769 ||:  55%|#####4    | 2312/4209 [09:02<07:23,  4.28it/s]
em: 0.3512, f1: 0.3899, loss: 2.8790 ||:  56%|#####5    | 2356/4209 [09:12<07:10,  4.30it/s]
em: 0.3508, f1: 0.3895, loss: 2.8781 ||:  57%|#####7    | 2400/4209 [09:22<07:05,  4.25it/s]
em: 0.3512, f1: 0.3901, loss: 2.8773 ||:  58%|#####8    | 2443/4209 [09:32<06:55,  4.25it/s]
em: 0.3506, f1: 0.3896, loss: 2.8826 ||:  59%|#####9    | 2488/4209 [09:43<06:40,  4.30it/s]
em: 0.3505, f1: 0.3897, loss: 2.8836 ||:  60%|######    | 2533/4209 [09:53<06:30,  4.29it/s]
em: 0.3506, f1: 0.3898, loss: 2.8829 ||:  61%|######1   | 2577/4209 [10:03<06:19,  4.31it/s]
em: 0.3516, f1: 0.3905, loss: 2.8791 ||:  62%|######2   | 2621/4209 [10:13<06:08,  4.31it/s]
em: 0.3517, f1: 0.3906, loss: 2.8767 ||:  63%|######3   | 2665/4209 [10:24<05:59,  4.30it/s]
em: 0.3526, f1: 0.3915, loss: 2.8736 ||:  64%|######4   | 2708/4209 [10:34<05:49,  4.29it/s]
em: 0.3517, f1: 0.3906, loss: 2.8746 ||:  65%|######5   | 2751/4209 [10:44<05:41,  4.27it/s]
em: 0.3510, f1: 0.3900, loss: 2.8760 ||:  66%|######6   | 2794/4209 [10:54<05:32,  4.26it/s]
em: 0.3504, f1: 0.3894, loss: 2.8781 ||:  67%|######7   | 2837/4209 [11:04<05:23,  4.24it/s]
em: 0.3503, f1: 0.3895, loss: 2.8773 ||:  68%|######8   | 2881/4209 [11:15<05:11,  4.26it/s]
em: 0.3512, f1: 0.3904, loss: 2.8757 ||:  69%|######9   | 2925/4209 [11:25<05:01,  4.26it/s]
em: 0.3509, f1: 0.3900, loss: 2.8821 ||:  71%|#######   | 2968/4209 [11:35<04:52,  4.24it/s]
em: 0.3504, f1: 0.3896, loss: 2.8854 ||:  72%|#######1  | 3010/4209 [11:45<04:45,  4.20it/s]
em: 0.3506, f1: 0.3897, loss: 2.8867 ||:  73%|#######2  | 3052/4209 [11:55<04:35,  4.19it/s]
em: 0.3507, f1: 0.3898, loss: 2.8871 ||:  74%|#######3  | 3095/4209 [12:06<04:24,  4.21it/s]
em: 0.3511, f1: 0.3902, loss: 2.8819 ||:  75%|#######4  | 3138/4209 [12:16<04:13,  4.22it/s]
em: 0.3514, f1: 0.3904, loss: 2.8810 ||:  76%|#######5  | 3181/4209 [12:26<04:03,  4.22it/s]
em: 0.3513, f1: 0.3903, loss: 2.8799 ||:  77%|#######6  | 3224/4209 [12:36<03:55,  4.19it/s]
em: 0.3517, f1: 0.3906, loss: 2.8771 ||:  78%|#######7  | 3267/4209 [12:47<03:44,  4.20it/s]
em: 0.3521, f1: 0.3910, loss: 2.8764 ||:  79%|#######8  | 3310/4209 [12:57<03:33,  4.21it/s]
em: 0.3522, f1: 0.3912, loss: 2.8753 ||:  80%|#######9  | 3353/4209 [13:07<03:23,  4.22it/s]
em: 0.3528, f1: 0.3918, loss: 2.8715 ||:  81%|########  | 3397/4209 [13:17<03:10,  4.25it/s]
em: 0.3530, f1: 0.3919, loss: 2.8697 ||:  82%|########1 | 3441/4209 [13:27<03:00,  4.26it/s]
em: 0.3529, f1: 0.3919, loss: 2.8700 ||:  83%|########2 | 3484/4209 [13:37<02:50,  4.26it/s]
em: 0.3530, f1: 0.3921, loss: 2.8715 ||:  84%|########3 | 3527/4209 [13:48<02:41,  4.23it/s]
em: 0.3533, f1: 0.3924, loss: 2.8706 ||:  85%|########4 | 3570/4209 [13:58<02:30,  4.25it/s]
em: 0.3535, f1: 0.3926, loss: 2.8695 ||:  86%|########5 | 3613/4209 [14:08<02:20,  4.23it/s]
em: 0.3533, f1: 0.3923, loss: 2.8712 ||:  87%|########6 | 3656/4209 [14:18<02:10,  4.24it/s]
em: 0.3535, f1: 0.3925, loss: 2.8719 ||:  88%|########7 | 3700/4209 [14:28<01:59,  4.28it/s]
em: 0.3536, f1: 0.3926, loss: 2.8698 ||:  89%|########8 | 3744/4209 [14:38<01:48,  4.30it/s]
em: 0.3539, f1: 0.3929, loss: 2.8661 ||:  90%|########9 | 3788/4209 [14:49<01:38,  4.27it/s]
em: 0.3537, f1: 0.3928, loss: 2.8673 ||:  91%|#########1| 3831/4209 [14:59<01:28,  4.28it/s]
em: 0.3539, f1: 0.3929, loss: 2.8670 ||:  92%|#########2| 3874/4209 [15:09<01:18,  4.26it/s]
em: 0.3537, f1: 0.3927, loss: 2.8687 ||:  93%|#########3| 3917/4209 [15:19<01:09,  4.23it/s]
em: 0.3528, f1: 0.3919, loss: 2.8767 ||:  94%|#########4| 3961/4209 [15:29<00:58,  4.25it/s]
em: 0.3523, f1: 0.3915, loss: 2.8846 ||:  95%|#########5| 4006/4209 [15:40<00:47,  4.31it/s]
em: 0.3503, f1: 0.3895, loss: 2.8979 ||:  96%|#########6| 4051/4209 [15:50<00:36,  4.29it/s]
em: 0.3490, f1: 0.3881, loss: 2.9073 ||:  97%|#########7| 4095/4209 [16:00<00:26,  4.32it/s]
em: 0.3471, f1: 0.3864, loss: 2.9190 ||:  98%|#########8| 4139/4209 [16:10<00:16,  4.31it/s]
em: 0.3453, f1: 0.3846, loss: 2.9305 ||:  99%|#########9| 4182/4209 [16:20<00:06,  4.31it/s]
em: 0.3440, f1: 0.3833, loss: 2.9390 ||: : 4225it [16:31,  4.26it/s]                        
em: 0.3427, f1: 0.3820, loss: 2.9472 ||: : 4265it [16:40,  4.26it/s]

  0%|          | 0/596 [00:00<?, ?it/s]
em: 0.4051, f1: 0.4285, loss: 1370414.9472 ||:  18%|#8        | 109/596 [00:10<00:44, 10.88it/s]
em: 0.3956, f1: 0.4227, loss: 1401951.7799 ||:  37%|###6      | 218/596 [00:20<00:35, 10.78it/s]
em: 0.3996, f1: 0.4254, loss: 1315588.7333 ||:  54%|#####4    | 324/596 [00:30<00:25, 10.72it/s]
em: 0.3969, f1: 0.4227, loss: 1274711.6653 ||:  72%|#######2  | 430/596 [00:41<00:15, 10.48it/s]
em: 0.3797, f1: 0.4061, loss: 1517534.1365 ||:  92%|#########2| 549/596 [00:51<00:04, 10.85it/s]
em: 0.3640, f1: 0.3907, loss: 1579058.5871 ||: : 604it [00:56, 10.66it/s]                       

  0%|          | 0/4209 [00:00<?, ?it/s]
em: 0.3976, f1: 0.4353, loss: 2.6134 ||:   1%|          | 42/4209 [00:10<16:33,  4.19it/s]
em: 0.3919, f1: 0.4280, loss: 2.6838 ||:   2%|2         | 86/4209 [00:20<16:11,  4.25it/s]
em: 0.3765, f1: 0.4130, loss: 2.7739 ||:   3%|3         | 130/4209 [00:30<16:04,  4.23it/s]
em: 0.3754, f1: 0.4133, loss: 2.7941 ||:   4%|4         | 173/4209 [00:40<15:50,  4.25it/s]
em: 0.3794, f1: 0.4165, loss: 2.7711 ||:   5%|5         | 217/4209 [00:50<15:34,  4.27it/s]
em: 0.3743, f1: 0.4128, loss: 2.7831 ||:   6%|6         | 261/4209 [01:01<15:24,  4.27it/s]
em: 0.3771, f1: 0.4152, loss: 2.7890 ||:   7%|7         | 305/4209 [01:11<15:07,  4.30it/s]
em: 0.3696, f1: 0.4083, loss: 2.8063 ||:   8%|8         | 349/4209 [01:21<15:10,  4.24it/s]
em: 0.3619, f1: 0.4007, loss: 2.8336 ||:   9%|9         | 391/4209 [01:31<15:04,  4.22it/s]
em: 0.3586, f1: 0.3985, loss: 2.8498 ||:  10%|#         | 435/4209 [01:41<14:43,  4.27it/s]
em: 0.3594, f1: 0.3991, loss: 2.8441 ||:  11%|#1        | 479/4209 [01:52<14:31,  4.28it/s]
em: 0.3603, f1: 0.3992, loss: 2.8472 ||:  12%|#2        | 522/4209 [02:02<14:21,  4.28it/s]
em: 0.3644, f1: 0.4034, loss: 2.8050 ||:  13%|#3        | 566/4209 [02:12<14:07,  4.30it/s]
em: 0.3619, f1: 0.4020, loss: 2.8066 ||:  14%|#4        | 610/4209 [02:22<14:00,  4.28it/s]
em: 0.3625, f1: 0.4027, loss: 2.8082 ||:  16%|#5        | 653/4209 [02:33<13:58,  4.24it/s]
em: 0.3604, f1: 0.4010, loss: 2.8079 ||:  17%|#6        | 697/4209 [02:43<13:42,  4.27it/s]
em: 0.3606, f1: 0.4012, loss: 2.7977 ||:  18%|#7        | 741/4209 [02:53<13:28,  4.29it/s]
em: 0.3633, f1: 0.4041, loss: 2.7850 ||:  19%|#8        | 785/4209 [03:03<13:22,  4.27it/s]
em: 0.3610, f1: 0.4018, loss: 2.7957 ||:  20%|#9        | 828/4209 [03:13<13:12,  4.27it/s]
em: 0.3598, f1: 0.4011, loss: 2.8149 ||:  21%|##        | 874/4209 [03:23<12:46,  4.35it/s]
em: 0.3573, f1: 0.3985, loss: 2.8274 ||:  22%|##1       | 920/4209 [03:35<12:50,  4.27it/s]
em: 0.3594, f1: 0.4005, loss: 2.8166 ||:  23%|##2       | 963/4209 [03:45<12:38,  4.28it/s]
em: 0.3600, f1: 0.4007, loss: 2.8127 ||:  24%|##3       | 1007/4209 [03:55<12:23,  4.31it/s]
em: 0.3611, f1: 0.4018, loss: 2.8201 ||:  25%|##4       | 1051/4209 [04:05<12:13,  4.30it/s]
em: 0.3609, f1: 0.4014, loss: 2.8245 ||:  26%|##5       | 1094/4209 [04:15<12:05,  4.30it/s]
em: 0.3603, f1: 0.4011, loss: 2.8344 ||:  27%|##7       | 1137/4209 [04:25<11:57,  4.28it/s]
em: 0.3605, f1: 0.4013, loss: 2.8338 ||:  28%|##8       | 1180/4209 [04:35<11:51,  4.26it/s]
em: 0.3621, f1: 0.4026, loss: 2.8284 ||:  29%|##9       | 1223/4209 [04:46<11:41,  4.26it/s]
em: 0.3606, f1: 0.4011, loss: 2.8281 ||:  30%|###       | 1266/4209 [04:56<11:31,  4.26it/s]
em: 0.3607, f1: 0.4011, loss: 2.8289 ||:  31%|###1      | 1309/4209 [05:06<11:19,  4.27it/s]
em: 0.3610, f1: 0.4016, loss: 2.8282 ||:  32%|###2      | 1352/4209 [05:16<11:09,  4.26it/s]
em: 0.3607, f1: 0.4015, loss: 2.8250 ||:  33%|###3      | 1395/4209 [05:26<11:00,  4.26it/s]
em: 0.3618, f1: 0.4024, loss: 2.8207 ||:  34%|###4      | 1438/4209 [05:36<10:52,  4.25it/s]
em: 0.3613, f1: 0.4019, loss: 2.8191 ||:  35%|###5      | 1481/4209 [05:46<10:44,  4.23it/s]
em: 0.3606, f1: 0.4012, loss: 2.8207 ||:  36%|###6      | 1523/4209 [05:57<10:43,  4.17it/s]
em: 0.3604, f1: 0.4009, loss: 2.8193 ||:  37%|###7      | 1567/4209 [06:07<10:27,  4.21it/s]
em: 0.3602, f1: 0.4007, loss: 2.8218 ||:  38%|###8      | 1612/4209 [06:17<10:06,  4.28it/s]
em: 0.3598, f1: 0.4003, loss: 2.8236 ||:  39%|###9      | 1657/4209 [06:28<09:57,  4.27it/s]
em: 0.3590, f1: 0.3995, loss: 2.8268 ||:  40%|####      | 1702/4209 [06:38<09:41,  4.31it/s]
em: 0.3593, f1: 0.3995, loss: 2.8251 ||:  42%|####1     | 1747/4209 [06:48<09:26,  4.34it/s]
em: 0.3590, f1: 0.3991, loss: 2.8243 ||:  43%|####2     | 1792/4209 [06:59<09:23,  4.29it/s]
em: 0.3587, f1: 0.3991, loss: 2.8255 ||:  44%|####3     | 1836/4209 [07:09<09:12,  4.30it/s]
em: 0.3586, f1: 0.3990, loss: 2.8281 ||:  45%|####4     | 1880/4209 [07:19<09:02,  4.29it/s]
em: 0.3589, f1: 0.3993, loss: 2.8270 ||:  46%|####5     | 1924/4209 [07:29<08:48,  4.33it/s]
em: 0.3587, f1: 0.3989, loss: 2.8249 ||:  47%|####6     | 1968/4209 [07:40<08:39,  4.31it/s]
em: 0.3582, f1: 0.3986, loss: 2.8267 ||:  48%|####7     | 2012/4209 [07:50<08:29,  4.31it/s]
em: 0.3580, f1: 0.3987, loss: 2.8255 ||:  49%|####8     | 2056/4209 [08:00<08:25,  4.26it/s]
em: 0.3584, f1: 0.3991, loss: 2.8226 ||:  50%|####9     | 2100/4209 [08:10<08:12,  4.28it/s]
em: 0.3578, f1: 0.3985, loss: 2.8261 ||:  51%|#####     | 2144/4209 [08:21<08:05,  4.25it/s]
em: 0.3575, f1: 0.3981, loss: 2.8258 ||:  52%|#####1    | 2188/4209 [08:31<07:52,  4.27it/s]
em: 0.3581, f1: 0.3987, loss: 2.8208 ||:  53%|#####3    | 2232/4209 [08:41<07:40,  4.30it/s]
em: 0.3586, f1: 0.3991, loss: 2.8173 ||:  54%|#####4    | 2276/4209 [08:51<07:29,  4.30it/s]
em: 0.3586, f1: 0.3993, loss: 2.8145 ||:  55%|#####5    | 2320/4209 [09:02<07:24,  4.25it/s]
em: 0.3585, f1: 0.3993, loss: 2.8158 ||:  56%|#####6    | 2364/4209 [09:12<07:11,  4.27it/s]
em: 0.3584, f1: 0.3993, loss: 2.8153 ||:  57%|#####7    | 2408/4209 [09:23<07:01,  4.27it/s]
em: 0.3582, f1: 0.3990, loss: 2.8189 ||:  58%|#####8    | 2451/4209 [09:33<06:51,  4.27it/s]
em: 0.3578, f1: 0.3987, loss: 2.8213 ||:  59%|#####9    | 2495/4209 [09:43<06:37,  4.31it/s]
em: 0.3579, f1: 0.3988, loss: 2.8224 ||:  60%|######    | 2539/4209 [09:53<06:28,  4.30it/s]
em: 0.3580, f1: 0.3987, loss: 2.8231 ||:  61%|######1   | 2583/4209 [10:03<06:17,  4.31it/s]
em: 0.3591, f1: 0.3996, loss: 2.8186 ||:  62%|######2   | 2627/4209 [10:13<06:08,  4.30it/s]
em: 0.3594, f1: 0.3999, loss: 2.8152 ||:  63%|######3   | 2670/4209 [10:24<05:59,  4.28it/s]
em: 0.3598, f1: 0.4003, loss: 2.8122 ||:  64%|######4   | 2714/4209 [10:34<05:46,  4.31it/s]
em: 0.3591, f1: 0.3996, loss: 2.8150 ||:  66%|######5   | 2758/4209 [10:44<05:40,  4.26it/s]
em: 0.3586, f1: 0.3992, loss: 2.8167 ||:  67%|######6   | 2801/4209 [10:54<05:29,  4.27it/s]
em: 0.3587, f1: 0.3993, loss: 2.8164 ||:  68%|######7   | 2844/4209 [11:04<05:20,  4.25it/s]
em: 0.3590, f1: 0.3997, loss: 2.8157 ||:  69%|######8   | 2888/4209 [11:15<05:08,  4.28it/s]
em: 0.3596, f1: 0.4002, loss: 2.8148 ||:  70%|######9   | 2932/4209 [11:25<04:59,  4.26it/s]
em: 0.3595, f1: 0.4001, loss: 2.8204 ||:  71%|#######   | 2976/4209 [11:35<04:48,  4.27it/s]
em: 0.3592, f1: 0.3997, loss: 2.8248 ||:  72%|#######1  | 3019/4209 [11:46<04:41,  4.23it/s]
em: 0.3597, f1: 0.4001, loss: 2.8244 ||:  73%|#######2  | 3062/4209 [11:56<04:31,  4.22it/s]
em: 0.3601, f1: 0.4004, loss: 2.8223 ||:  74%|#######3  | 3105/4209 [12:06<04:21,  4.23it/s]
em: 0.3601, f1: 0.4004, loss: 2.8190 ||:  75%|#######4  | 3148/4209 [12:16<04:10,  4.24it/s]
em: 0.3603, f1: 0.4005, loss: 2.8193 ||:  76%|#######5  | 3191/4209 [12:26<03:59,  4.24it/s]
em: 0.3606, f1: 0.4008, loss: 2.8176 ||:  77%|#######6  | 3234/4209 [12:37<03:51,  4.21it/s]
em: 0.3607, f1: 0.4007, loss: 2.8156 ||:  78%|#######7  | 3278/4209 [12:47<03:39,  4.25it/s]
em: 0.3608, f1: 0.4008, loss: 2.8167 ||:  79%|#######8  | 3322/4209 [12:57<03:28,  4.25it/s]
em: 0.3608, f1: 0.4008, loss: 2.8166 ||:  80%|#######9  | 3366/4209 [13:07<03:16,  4.28it/s]
em: 0.3616, f1: 0.4014, loss: 2.8120 ||:  81%|########1 | 3410/4209 [13:17<03:05,  4.31it/s]
em: 0.3619, f1: 0.4018, loss: 2.8097 ||:  82%|########2 | 3454/4209 [13:27<02:55,  4.31it/s]
em: 0.3616, f1: 0.4016, loss: 2.8113 ||:  83%|########3 | 3498/4209 [13:38<02:46,  4.28it/s]
em: 0.3620, f1: 0.4020, loss: 2.8118 ||:  84%|########4 | 3541/4209 [13:48<02:37,  4.25it/s]
em: 0.3626, f1: 0.4027, loss: 2.8097 ||:  85%|########5 | 3585/4209 [13:58<02:25,  4.29it/s]
em: 0.3627, f1: 0.4026, loss: 2.8098 ||:  86%|########6 | 3629/4209 [14:09<02:15,  4.28it/s]
em: 0.3627, f1: 0.4028, loss: 2.8116 ||:  87%|########7 | 3673/4209 [14:19<02:04,  4.32it/s]
em: 0.3631, f1: 0.4031, loss: 2.8111 ||:  88%|########8 | 3717/4209 [14:29<01:54,  4.30it/s]
em: 0.3633, f1: 0.4035, loss: 2.8070 ||:  89%|########9 | 3760/4209 [14:39<01:44,  4.30it/s]
em: 0.3629, f1: 0.4032, loss: 2.8061 ||:  90%|######### | 3803/4209 [14:49<01:34,  4.29it/s]
em: 0.3633, f1: 0.4035, loss: 2.8071 ||:  91%|#########1| 3846/4209 [14:59<01:25,  4.24it/s]
em: 0.3630, f1: 0.4033, loss: 2.8079 ||:  92%|#########2| 3890/4209 [15:10<01:14,  4.26it/s]
em: 0.3625, f1: 0.4028, loss: 2.8110 ||:  93%|#########3| 3933/4209 [15:20<01:04,  4.26it/s]
em: 0.3622, f1: 0.4025, loss: 2.8161 ||:  95%|#########4| 3978/4209 [15:30<00:53,  4.29it/s]
em: 0.3605, f1: 0.4009, loss: 2.8299 ||:  96%|#########5| 4022/4209 [15:40<00:43,  4.30it/s]
em: 0.3588, f1: 0.3992, loss: 2.8401 ||:  97%|#########6| 4066/4209 [15:50<00:33,  4.31it/s]
em: 0.3570, f1: 0.3974, loss: 2.8525 ||:  98%|#########7| 4110/4209 [16:01<00:23,  4.26it/s]
em: 0.3554, f1: 0.3958, loss: 2.8617 ||:  99%|#########8| 4154/4209 [16:11<00:12,  4.27it/s]
em: 0.3536, f1: 0.3941, loss: 2.8715 ||: 100%|#########9| 4199/4209 [16:21<00:02,  4.33it/s]
em: 0.3523, f1: 0.3928, loss: 2.8798 ||: : 4244it [16:32,  4.25it/s]                        
em: 0.3515, f1: 0.3921, loss: 2.8845 ||: : 4265it [16:37,  4.28it/s]

  0%|          | 0/596 [00:00<?, ?it/s]
em: 0.4071, f1: 0.4348, loss: 1375002.0797 ||:  18%|#8        | 110/596 [00:10<00:44, 10.89it/s]
em: 0.4024, f1: 0.4310, loss: 1392696.2847 ||:  37%|###6      | 219/596 [00:20<00:34, 10.83it/s]
em: 0.4077, f1: 0.4343, loss: 1313075.6721 ||:  55%|#####4    | 327/596 [00:30<00:24, 10.80it/s]
em: 0.4079, f1: 0.4351, loss: 1268680.4738 ||:  73%|#######2  | 435/596 [00:41<00:15, 10.57it/s]
em: 0.3892, f1: 0.4168, loss: 1536133.2801 ||:  93%|#########3| 557/596 [00:51<00:03, 10.99it/s]
em: 0.3750, f1: 0.4030, loss: 1574919.4797 ||: : 604it [00:56, 10.78it/s]                       

