2019-05-30 12:03:17,944 - INFO - allennlp.common.params - evaluate_on_test = False
2019-05-30 12:03:17,944 - INFO - allennlp.common.from_params - instantiating class <class 'allennlp.data.dataset_readers.dataset_reader.DatasetReader'> from params {'instance_format': 'drop', 'passage_length_limit': 200, 'question_length_limit': 50, 'skip_when_all_empty': ['passage_span', 'question_span', 'addition_subtraction', 'counting'], 'token_indexers': {'token_characters': {'min_padding_length': 5, 'type': 'characters'}, 'tokens': {'lowercase_tokens': True, 'type': 'single_id'}}, 'type': 'drop_rc_v2_fixed'} and extras set()
2019-05-30 12:03:17,945 - INFO - allennlp.common.params - dataset_reader.type = drop_rc_v2_fixed
2019-05-30 12:03:17,945 - INFO - allennlp.common.from_params - instantiating class <class 'drop_library.dataset_readers.rc_drop_reader_v2_fixed.RCDropReaderV2Fixed'> from params {'instance_format': 'drop', 'passage_length_limit': 200, 'question_length_limit': 50, 'skip_when_all_empty': ['passage_span', 'question_span', 'addition_subtraction', 'counting'], 'token_indexers': {'token_characters': {'min_padding_length': 5, 'type': 'characters'}, 'tokens': {'lowercase_tokens': True, 'type': 'single_id'}}} and extras set()
2019-05-30 12:03:17,946 - INFO - allennlp.common.from_params - instantiating class allennlp.data.token_indexers.token_indexer.TokenIndexer from params {'min_padding_length': 5, 'type': 'characters'} and extras set()
2019-05-30 12:03:17,946 - INFO - allennlp.common.params - dataset_reader.token_indexers.token_characters.type = characters
2019-05-30 12:03:17,947 - INFO - allennlp.common.from_params - instantiating class allennlp.data.token_indexers.token_characters_indexer.TokenCharactersIndexer from params {'min_padding_length': 5} and extras set()
2019-05-30 12:03:17,947 - INFO - allennlp.common.params - dataset_reader.token_indexers.token_characters.namespace = token_characters
2019-05-30 12:03:17,947 - INFO - allennlp.common.params - dataset_reader.token_indexers.token_characters.start_tokens = None
2019-05-30 12:03:17,947 - INFO - allennlp.common.params - dataset_reader.token_indexers.token_characters.end_tokens = None
2019-05-30 12:03:17,948 - INFO - allennlp.common.params - dataset_reader.token_indexers.token_characters.min_padding_length = 5
2019-05-30 12:03:17,948 - INFO - allennlp.common.from_params - instantiating class allennlp.data.token_indexers.token_indexer.TokenIndexer from params {'lowercase_tokens': True, 'type': 'single_id'} and extras set()
2019-05-30 12:03:17,948 - INFO - allennlp.common.params - dataset_reader.token_indexers.tokens.type = single_id
2019-05-30 12:03:17,948 - INFO - allennlp.common.from_params - instantiating class allennlp.data.token_indexers.single_id_token_indexer.SingleIdTokenIndexer from params {'lowercase_tokens': True} and extras set()
2019-05-30 12:03:17,949 - INFO - allennlp.common.params - dataset_reader.token_indexers.tokens.namespace = tokens
2019-05-30 12:03:17,949 - INFO - allennlp.common.params - dataset_reader.token_indexers.tokens.lowercase_tokens = True
2019-05-30 12:03:17,949 - INFO - allennlp.common.params - dataset_reader.token_indexers.tokens.start_tokens = None
2019-05-30 12:03:17,949 - INFO - allennlp.common.params - dataset_reader.token_indexers.tokens.end_tokens = None
2019-05-30 12:03:17,949 - INFO - allennlp.common.params - dataset_reader.lazy = False
2019-05-30 12:03:17,949 - INFO - allennlp.common.params - dataset_reader.passage_length_limit = 200
2019-05-30 12:03:17,949 - INFO - allennlp.common.params - dataset_reader.question_length_limit = 50
2019-05-30 12:03:17,950 - INFO - allennlp.common.params - dataset_reader.skip_when_all_empty = ['passage_span', 'question_span', 'addition_subtraction', 'counting']
2019-05-30 12:03:17,950 - INFO - allennlp.common.params - dataset_reader.instance_format = drop
2019-05-30 12:03:17,950 - INFO - allennlp.common.params - dataset_reader.relaxed_span_match_for_finding_labels = True
2019-05-30 12:03:18,371 - INFO - allennlp.training.util - Using a separate dataset reader to load validation and test data.
2019-05-30 12:03:18,371 - INFO - allennlp.common.from_params - instantiating class <class 'allennlp.data.dataset_readers.dataset_reader.DatasetReader'> from params {'instance_format': 'drop', 'passage_length_limit': 500, 'question_length_limit': 100, 'skip_when_all_empty': [], 'token_indexers': {'token_characters': {'min_padding_length': 5, 'type': 'characters'}, 'tokens': {'lowercase_tokens': True, 'type': 'single_id'}}, 'type': 'drop_rc_v2_fixed'} and extras set()
2019-05-30 12:03:18,371 - INFO - allennlp.common.params - validation_dataset_reader.type = drop_rc_v2_fixed
2019-05-30 12:03:18,372 - INFO - allennlp.common.from_params - instantiating class <class 'drop_library.dataset_readers.rc_drop_reader_v2_fixed.RCDropReaderV2Fixed'> from params {'instance_format': 'drop', 'passage_length_limit': 500, 'question_length_limit': 100, 'skip_when_all_empty': [], 'token_indexers': {'token_characters': {'min_padding_length': 5, 'type': 'characters'}, 'tokens': {'lowercase_tokens': True, 'type': 'single_id'}}} and extras set()
2019-05-30 12:03:18,372 - INFO - allennlp.common.from_params - instantiating class allennlp.data.token_indexers.token_indexer.TokenIndexer from params {'min_padding_length': 5, 'type': 'characters'} and extras set()
2019-05-30 12:03:18,372 - INFO - allennlp.common.params - validation_dataset_reader.token_indexers.token_characters.type = characters
2019-05-30 12:03:18,372 - INFO - allennlp.common.from_params - instantiating class allennlp.data.token_indexers.token_characters_indexer.TokenCharactersIndexer from params {'min_padding_length': 5} and extras set()
2019-05-30 12:03:18,372 - INFO - allennlp.common.params - validation_dataset_reader.token_indexers.token_characters.namespace = token_characters
2019-05-30 12:03:18,372 - INFO - allennlp.common.params - validation_dataset_reader.token_indexers.token_characters.start_tokens = None
2019-05-30 12:03:18,372 - INFO - allennlp.common.params - validation_dataset_reader.token_indexers.token_characters.end_tokens = None
2019-05-30 12:03:18,372 - INFO - allennlp.common.params - validation_dataset_reader.token_indexers.token_characters.min_padding_length = 5
2019-05-30 12:03:18,372 - INFO - allennlp.common.from_params - instantiating class allennlp.data.token_indexers.token_indexer.TokenIndexer from params {'lowercase_tokens': True, 'type': 'single_id'} and extras set()
2019-05-30 12:03:18,373 - INFO - allennlp.common.params - validation_dataset_reader.token_indexers.tokens.type = single_id
2019-05-30 12:03:18,373 - INFO - allennlp.common.from_params - instantiating class allennlp.data.token_indexers.single_id_token_indexer.SingleIdTokenIndexer from params {'lowercase_tokens': True} and extras set()
2019-05-30 12:03:18,373 - INFO - allennlp.common.params - validation_dataset_reader.token_indexers.tokens.namespace = tokens
2019-05-30 12:03:18,373 - INFO - allennlp.common.params - validation_dataset_reader.token_indexers.tokens.lowercase_tokens = True
2019-05-30 12:03:18,373 - INFO - allennlp.common.params - validation_dataset_reader.token_indexers.tokens.start_tokens = None
2019-05-30 12:03:18,373 - INFO - allennlp.common.params - validation_dataset_reader.token_indexers.tokens.end_tokens = None
2019-05-30 12:03:18,373 - INFO - allennlp.common.params - validation_dataset_reader.lazy = False
2019-05-30 12:03:18,373 - INFO - allennlp.common.params - validation_dataset_reader.passage_length_limit = 500
2019-05-30 12:03:18,373 - INFO - allennlp.common.params - validation_dataset_reader.question_length_limit = 100
2019-05-30 12:03:18,373 - INFO - allennlp.common.params - validation_dataset_reader.skip_when_all_empty = []
2019-05-30 12:03:18,373 - INFO - allennlp.common.params - validation_dataset_reader.instance_format = drop
2019-05-30 12:03:18,374 - INFO - allennlp.common.params - validation_dataset_reader.relaxed_span_match_for_finding_labels = True
2019-05-30 12:03:18,374 - INFO - allennlp.common.params - train_data_path = drop_dataset/drop_dataset_train.json
2019-05-30 12:03:18,374 - INFO - allennlp.training.util - Reading training data from drop_dataset/drop_dataset_train.json
2019-05-30 12:03:18,387 - INFO - drop_library.dataset_readers.rc_drop_reader_v2_fixed - Reading file at drop_dataset/drop_dataset_train.json
2019-05-30 12:03:19,805 - INFO - drop_library.dataset_readers.rc_drop_reader_v2_fixed - Reading the dataset
2019-05-30 12:06:30,820 - INFO - drop_library.dataset_readers.rc_drop_reader_v2_fixed - Skipped 10067 questions, kept 67342 questions.
2019-05-30 12:06:30,839 - INFO - allennlp.common.params - validation_data_path = drop_dataset/drop_dataset_dev.json
2019-05-30 12:06:30,839 - INFO - allennlp.training.util - Reading validation data from drop_dataset/drop_dataset_dev.json
2019-05-30 12:06:30,840 - INFO - drop_library.dataset_readers.rc_drop_reader_v2_fixed - Reading file at drop_dataset/drop_dataset_dev.json
2019-05-30 12:06:31,138 - INFO - drop_library.dataset_readers.rc_drop_reader_v2_fixed - Reading the dataset
2019-05-30 12:06:58,870 - INFO - drop_library.dataset_readers.rc_drop_reader_v2_fixed - Skipped 0 questions, kept 9536 questions.
2019-05-30 12:06:58,876 - INFO - allennlp.common.params - test_data_path = None
2019-05-30 12:06:58,876 - INFO - allennlp.training.trainer - From dataset instances, train, validation will be considered for vocabulary creation.
2019-05-30 12:06:58,876 - INFO - allennlp.common.params - vocabulary.type = None
2019-05-30 12:06:58,876 - INFO - allennlp.common.params - vocabulary.extend = False
2019-05-30 12:06:58,876 - INFO - allennlp.common.params - vocabulary.directory_path = None
2019-05-30 12:06:58,876 - INFO - allennlp.common.params - vocabulary.max_vocab_size = None
2019-05-30 12:06:58,876 - INFO - allennlp.common.params - vocabulary.non_padded_namespaces = ('*tags', '*labels')
2019-05-30 12:06:58,876 - INFO - allennlp.common.params - vocabulary.min_pretrained_embeddings = None
2019-05-30 12:06:58,876 - INFO - allennlp.common.params - vocabulary.only_include_pretrained_words = True
2019-05-30 12:06:58,877 - INFO - allennlp.common.params - vocabulary.tokens_to_add = None
2019-05-30 12:06:58,877 - INFO - allennlp.data.vocabulary - Fitting token dictionary from dataset.
2019-05-30 12:08:26,674 - INFO - allennlp.data.vocabulary - Reading pretrained tokens from: https://s3-us-west-2.amazonaws.com/allennlp/datasets/glove/glove.840B.300d.lower.converted.zip
2019-05-30 12:09:03,488 - INFO - allennlp.common.from_params - instantiating class <class 'allennlp.models.model.Model'> from params {'answering_abilities': ['passage_span_extraction', 'question_span_extraction', 'addition_subtraction', 'counting'], 'dropout_prob': 0.1, 'matrix_attention_layer': {'combination': 'x,y,x*y', 'tensor_1_dim': 128, 'tensor_2_dim': 128, 'type': 'linear'}, 'modeling_layer': {'attention_dropout_prob': 0, 'attention_projection_dim': 128, 'conv_kernel_size': 5, 'dropout_prob': 0.1, 'feedforward_hidden_dim': 128, 'hidden_dim': 128, 'input_dim': 128, 'layer_dropout_undecayed_prob': 0.1, 'num_attention_heads': 8, 'num_blocks': 1, 'num_convs_per_block': 2, 'type': 'qanet_encoder'}, 'num_highway_layers': 2, 'phrase_layer': {'attention_dropout_prob': 0, 'attention_projection_dim': 128, 'conv_kernel_size': 7, 'dropout_prob': 0.1, 'feedforward_hidden_dim': 128, 'hidden_dim': 128, 'input_dim': 128, 'layer_dropout_undecayed_prob': 0.1, 'num_attention_heads': 8, 'num_blocks': 1, 'num_convs_per_block': 4, 'type': 'qanet_encoder'}, 'regularizer': [['.*', {'alpha': 1e-07, 'type': 'l2'}]], 'text_field_embedder': {'token_embedders': {'token_characters': {'embedding': {'embedding_dim': 64}, 'encoder': {'embedding_dim': 64, 'ngram_filter_sizes': [5], 'num_filters': 200, 'type': 'cnn'}, 'type': 'character_encoding'}, 'tokens': {'embedding_dim': 300, 'pretrained_file': 'https://s3-us-west-2.amazonaws.com/allennlp/datasets/glove/glove.840B.300d.lower.converted.zip', 'trainable': False, 'type': 'embedding'}}}, 'type': 'naqanet'} and extras {'vocab'}
2019-05-30 12:09:03,488 - INFO - allennlp.common.params - model.type = naqanet
2019-05-30 12:09:03,488 - INFO - allennlp.common.from_params - instantiating class <class 'allennlp.models.reading_comprehension.naqanet.NumericallyAugmentedQaNet'> from params {'answering_abilities': ['passage_span_extraction', 'question_span_extraction', 'addition_subtraction', 'counting'], 'dropout_prob': 0.1, 'matrix_attention_layer': {'combination': 'x,y,x*y', 'tensor_1_dim': 128, 'tensor_2_dim': 128, 'type': 'linear'}, 'modeling_layer': {'attention_dropout_prob': 0, 'attention_projection_dim': 128, 'conv_kernel_size': 5, 'dropout_prob': 0.1, 'feedforward_hidden_dim': 128, 'hidden_dim': 128, 'input_dim': 128, 'layer_dropout_undecayed_prob': 0.1, 'num_attention_heads': 8, 'num_blocks': 1, 'num_convs_per_block': 2, 'type': 'qanet_encoder'}, 'num_highway_layers': 2, 'phrase_layer': {'attention_dropout_prob': 0, 'attention_projection_dim': 128, 'conv_kernel_size': 7, 'dropout_prob': 0.1, 'feedforward_hidden_dim': 128, 'hidden_dim': 128, 'input_dim': 128, 'layer_dropout_undecayed_prob': 0.1, 'num_attention_heads': 8, 'num_blocks': 1, 'num_convs_per_block': 4, 'type': 'qanet_encoder'}, 'regularizer': [['.*', {'alpha': 1e-07, 'type': 'l2'}]], 'text_field_embedder': {'token_embedders': {'token_characters': {'embedding': {'embedding_dim': 64}, 'encoder': {'embedding_dim': 64, 'ngram_filter_sizes': [5], 'num_filters': 200, 'type': 'cnn'}, 'type': 'character_encoding'}, 'tokens': {'embedding_dim': 300, 'pretrained_file': 'https://s3-us-west-2.amazonaws.com/allennlp/datasets/glove/glove.840B.300d.lower.converted.zip', 'trainable': False, 'type': 'embedding'}}}} and extras {'vocab'}
2019-05-30 12:09:03,489 - INFO - allennlp.common.from_params - instantiating class <class 'allennlp.modules.text_field_embedders.text_field_embedder.TextFieldEmbedder'> from params {'token_embedders': {'token_characters': {'embedding': {'embedding_dim': 64}, 'encoder': {'embedding_dim': 64, 'ngram_filter_sizes': [5], 'num_filters': 200, 'type': 'cnn'}, 'type': 'character_encoding'}, 'tokens': {'embedding_dim': 300, 'pretrained_file': 'https://s3-us-west-2.amazonaws.com/allennlp/datasets/glove/glove.840B.300d.lower.converted.zip', 'trainable': False, 'type': 'embedding'}}} and extras {'vocab'}
2019-05-30 12:09:03,489 - INFO - allennlp.common.params - model.text_field_embedder.type = basic
2019-05-30 12:09:03,489 - INFO - allennlp.common.params - model.text_field_embedder.embedder_to_indexer_map = None
2019-05-30 12:09:03,489 - INFO - allennlp.common.params - model.text_field_embedder.allow_unmatched_keys = False
2019-05-30 12:09:03,489 - INFO - allennlp.common.from_params - instantiating class <class 'allennlp.modules.token_embedders.token_embedder.TokenEmbedder'> from params {'embedding': {'embedding_dim': 64}, 'encoder': {'embedding_dim': 64, 'ngram_filter_sizes': [5], 'num_filters': 200, 'type': 'cnn'}, 'type': 'character_encoding'} and extras {'vocab'}
2019-05-30 12:09:03,489 - INFO - allennlp.common.params - model.text_field_embedder.token_embedders.token_characters.type = character_encoding
2019-05-30 12:09:03,489 - INFO - allennlp.common.params - model.text_field_embedder.token_embedders.token_characters.embedding.num_embeddings = None
2019-05-30 12:09:03,489 - INFO - allennlp.common.params - model.text_field_embedder.token_embedders.token_characters.embedding.vocab_namespace = token_characters
2019-05-30 12:09:03,489 - INFO - allennlp.common.params - model.text_field_embedder.token_embedders.token_characters.embedding.embedding_dim = 64
2019-05-30 12:09:03,489 - INFO - allennlp.common.params - model.text_field_embedder.token_embedders.token_characters.embedding.pretrained_file = None
2019-05-30 12:09:03,490 - INFO - allennlp.common.params - model.text_field_embedder.token_embedders.token_characters.embedding.projection_dim = None
2019-05-30 12:09:03,490 - INFO - allennlp.common.params - model.text_field_embedder.token_embedders.token_characters.embedding.trainable = True
2019-05-30 12:09:03,490 - INFO - allennlp.common.params - model.text_field_embedder.token_embedders.token_characters.embedding.padding_index = None
2019-05-30 12:09:03,490 - INFO - allennlp.common.params - model.text_field_embedder.token_embedders.token_characters.embedding.max_norm = None
2019-05-30 12:09:03,490 - INFO - allennlp.common.params - model.text_field_embedder.token_embedders.token_characters.embedding.norm_type = 2.0
2019-05-30 12:09:03,490 - INFO - allennlp.common.params - model.text_field_embedder.token_embedders.token_characters.embedding.scale_grad_by_freq = False
2019-05-30 12:09:03,490 - INFO - allennlp.common.params - model.text_field_embedder.token_embedders.token_characters.embedding.sparse = False
2019-05-30 12:09:03,490 - INFO - allennlp.common.from_params - instantiating class <class 'allennlp.modules.seq2vec_encoders.seq2vec_encoder.Seq2VecEncoder'> from params {'embedding_dim': 64, 'ngram_filter_sizes': [5], 'num_filters': 200, 'type': 'cnn'} and extras set()
2019-05-30 12:09:03,490 - INFO - allennlp.common.params - model.text_field_embedder.token_embedders.token_characters.encoder.type = cnn
2019-05-30 12:09:03,491 - INFO - allennlp.common.from_params - instantiating class <class 'allennlp.modules.seq2vec_encoders.cnn_encoder.CnnEncoder'> from params {'embedding_dim': 64, 'ngram_filter_sizes': [5], 'num_filters': 200} and extras set()
2019-05-30 12:09:03,491 - INFO - allennlp.common.params - model.text_field_embedder.token_embedders.token_characters.encoder.embedding_dim = 64
2019-05-30 12:09:03,491 - INFO - allennlp.common.params - model.text_field_embedder.token_embedders.token_characters.encoder.num_filters = 200
2019-05-30 12:09:03,491 - INFO - allennlp.common.params - model.text_field_embedder.token_embedders.token_characters.encoder.ngram_filter_sizes = [5]
2019-05-30 12:09:03,491 - INFO - allennlp.common.params - model.text_field_embedder.token_embedders.token_characters.encoder.output_dim = None
2019-05-30 12:09:03,493 - INFO - allennlp.common.params - model.text_field_embedder.token_embedders.token_characters.dropout = 0.0
2019-05-30 12:09:03,494 - INFO - allennlp.common.from_params - instantiating class <class 'allennlp.modules.token_embedders.token_embedder.TokenEmbedder'> from params {'embedding_dim': 300, 'pretrained_file': 'https://s3-us-west-2.amazonaws.com/allennlp/datasets/glove/glove.840B.300d.lower.converted.zip', 'trainable': False, 'type': 'embedding'} and extras {'vocab'}
2019-05-30 12:09:03,494 - INFO - allennlp.common.params - model.text_field_embedder.token_embedders.tokens.type = embedding
2019-05-30 12:09:03,494 - INFO - allennlp.common.params - model.text_field_embedder.token_embedders.tokens.num_embeddings = None
2019-05-30 12:09:03,494 - INFO - allennlp.common.params - model.text_field_embedder.token_embedders.tokens.vocab_namespace = tokens
2019-05-30 12:09:03,494 - INFO - allennlp.common.params - model.text_field_embedder.token_embedders.tokens.embedding_dim = 300
2019-05-30 12:09:03,494 - INFO - allennlp.common.params - model.text_field_embedder.token_embedders.tokens.pretrained_file = https://s3-us-west-2.amazonaws.com/allennlp/datasets/glove/glove.840B.300d.lower.converted.zip
2019-05-30 12:09:03,494 - INFO - allennlp.common.params - model.text_field_embedder.token_embedders.tokens.projection_dim = None
2019-05-30 12:09:03,494 - INFO - allennlp.common.params - model.text_field_embedder.token_embedders.tokens.trainable = False
2019-05-30 12:09:03,494 - INFO - allennlp.common.params - model.text_field_embedder.token_embedders.tokens.padding_index = None
2019-05-30 12:09:03,494 - INFO - allennlp.common.params - model.text_field_embedder.token_embedders.tokens.max_norm = None
2019-05-30 12:09:03,494 - INFO - allennlp.common.params - model.text_field_embedder.token_embedders.tokens.norm_type = 2.0
2019-05-30 12:09:03,494 - INFO - allennlp.common.params - model.text_field_embedder.token_embedders.tokens.scale_grad_by_freq = False
2019-05-30 12:09:03,494 - INFO - allennlp.common.params - model.text_field_embedder.token_embedders.tokens.sparse = False
2019-05-30 12:09:03,497 - INFO - allennlp.modules.token_embedders.embedding - Reading pretrained embeddings from file
2019-05-30 12:09:42,947 - INFO - allennlp.modules.token_embedders.embedding - Initializing pre-trained embedding layer
2019-05-30 12:09:44,124 - INFO - allennlp.modules.token_embedders.embedding - Pretrained embeddings were found for 37355 out of 37357 tokens
2019-05-30 12:09:44,134 - INFO - allennlp.common.params - model.num_highway_layers = 2
2019-05-30 12:09:44,134 - INFO - allennlp.common.from_params - instantiating class <class 'allennlp.modules.seq2seq_encoders.seq2seq_encoder.Seq2SeqEncoder'> from params {'attention_dropout_prob': 0, 'attention_projection_dim': 128, 'conv_kernel_size': 7, 'dropout_prob': 0.1, 'feedforward_hidden_dim': 128, 'hidden_dim': 128, 'input_dim': 128, 'layer_dropout_undecayed_prob': 0.1, 'num_attention_heads': 8, 'num_blocks': 1, 'num_convs_per_block': 4, 'type': 'qanet_encoder'} and extras {'vocab'}
2019-05-30 12:09:44,134 - INFO - allennlp.common.params - model.phrase_layer.type = qanet_encoder
2019-05-30 12:09:44,134 - INFO - allennlp.common.from_params - instantiating class <class 'allennlp.modules.seq2seq_encoders.qanet_encoder.QaNetEncoder'> from params {'attention_dropout_prob': 0, 'attention_projection_dim': 128, 'conv_kernel_size': 7, 'dropout_prob': 0.1, 'feedforward_hidden_dim': 128, 'hidden_dim': 128, 'input_dim': 128, 'layer_dropout_undecayed_prob': 0.1, 'num_attention_heads': 8, 'num_blocks': 1, 'num_convs_per_block': 4} and extras {'vocab'}
2019-05-30 12:09:44,135 - INFO - allennlp.common.params - model.phrase_layer.input_dim = 128
2019-05-30 12:09:44,135 - INFO - allennlp.common.params - model.phrase_layer.hidden_dim = 128
2019-05-30 12:09:44,135 - INFO - allennlp.common.params - model.phrase_layer.attention_projection_dim = 128
2019-05-30 12:09:44,135 - INFO - allennlp.common.params - model.phrase_layer.feedforward_hidden_dim = 128
2019-05-30 12:09:44,135 - INFO - allennlp.common.params - model.phrase_layer.num_blocks = 1
2019-05-30 12:09:44,135 - INFO - allennlp.common.params - model.phrase_layer.num_convs_per_block = 4
2019-05-30 12:09:44,135 - INFO - allennlp.common.params - model.phrase_layer.conv_kernel_size = 7
2019-05-30 12:09:44,135 - INFO - allennlp.common.params - model.phrase_layer.num_attention_heads = 8
2019-05-30 12:09:44,135 - INFO - allennlp.common.params - model.phrase_layer.use_positional_encoding = True
2019-05-30 12:09:44,135 - INFO - allennlp.common.params - model.phrase_layer.dropout_prob = 0.1
2019-05-30 12:09:44,135 - INFO - allennlp.common.params - model.phrase_layer.layer_dropout_undecayed_prob = 0.1
2019-05-30 12:09:44,136 - INFO - allennlp.common.params - model.phrase_layer.attention_dropout_prob = 0
2019-05-30 12:09:44,140 - INFO - allennlp.common.from_params - instantiating class <class 'allennlp.modules.matrix_attention.matrix_attention.MatrixAttention'> from params {'combination': 'x,y,x*y', 'tensor_1_dim': 128, 'tensor_2_dim': 128, 'type': 'linear'} and extras {'vocab'}
2019-05-30 12:09:44,140 - INFO - allennlp.common.params - model.matrix_attention_layer.type = linear
2019-05-30 12:09:44,140 - INFO - allennlp.common.from_params - instantiating class <class 'allennlp.modules.matrix_attention.linear_matrix_attention.LinearMatrixAttention'> from params {'combination': 'x,y,x*y', 'tensor_1_dim': 128, 'tensor_2_dim': 128} and extras {'vocab'}
2019-05-30 12:09:44,141 - INFO - allennlp.common.params - model.matrix_attention_layer.tensor_1_dim = 128
2019-05-30 12:09:44,141 - INFO - allennlp.common.params - model.matrix_attention_layer.tensor_2_dim = 128
2019-05-30 12:09:44,141 - INFO - allennlp.common.params - model.matrix_attention_layer.combination = x,y,x*y
2019-05-30 12:09:44,141 - INFO - allennlp.common.from_params - instantiating class <class 'allennlp.modules.seq2seq_encoders.seq2seq_encoder.Seq2SeqEncoder'> from params {'attention_dropout_prob': 0, 'attention_projection_dim': 128, 'conv_kernel_size': 5, 'dropout_prob': 0.1, 'feedforward_hidden_dim': 128, 'hidden_dim': 128, 'input_dim': 128, 'layer_dropout_undecayed_prob': 0.1, 'num_attention_heads': 8, 'num_blocks': 1, 'num_convs_per_block': 2, 'type': 'qanet_encoder'} and extras {'vocab'}
2019-05-30 12:09:44,141 - INFO - allennlp.common.params - model.modeling_layer.type = qanet_encoder
2019-05-30 12:09:44,141 - INFO - allennlp.common.from_params - instantiating class <class 'allennlp.modules.seq2seq_encoders.qanet_encoder.QaNetEncoder'> from params {'attention_dropout_prob': 0, 'attention_projection_dim': 128, 'conv_kernel_size': 5, 'dropout_prob': 0.1, 'feedforward_hidden_dim': 128, 'hidden_dim': 128, 'input_dim': 128, 'layer_dropout_undecayed_prob': 0.1, 'num_attention_heads': 8, 'num_blocks': 1, 'num_convs_per_block': 2} and extras {'vocab'}
2019-05-30 12:09:44,141 - INFO - allennlp.common.params - model.modeling_layer.input_dim = 128
2019-05-30 12:09:44,141 - INFO - allennlp.common.params - model.modeling_layer.hidden_dim = 128
2019-05-30 12:09:44,141 - INFO - allennlp.common.params - model.modeling_layer.attention_projection_dim = 128
2019-05-30 12:09:44,142 - INFO - allennlp.common.params - model.modeling_layer.feedforward_hidden_dim = 128
2019-05-30 12:09:44,142 - INFO - allennlp.common.params - model.modeling_layer.num_blocks = 1
2019-05-30 12:09:44,142 - INFO - allennlp.common.params - model.modeling_layer.num_convs_per_block = 2
2019-05-30 12:09:44,142 - INFO - allennlp.common.params - model.modeling_layer.conv_kernel_size = 5
2019-05-30 12:09:44,142 - INFO - allennlp.common.params - model.modeling_layer.num_attention_heads = 8
2019-05-30 12:09:44,142 - INFO - allennlp.common.params - model.modeling_layer.use_positional_encoding = True
2019-05-30 12:09:44,142 - INFO - allennlp.common.params - model.modeling_layer.dropout_prob = 0.1
2019-05-30 12:09:44,142 - INFO - allennlp.common.params - model.modeling_layer.layer_dropout_undecayed_prob = 0.1
2019-05-30 12:09:44,142 - INFO - allennlp.common.params - model.modeling_layer.attention_dropout_prob = 0
2019-05-30 12:09:44,145 - INFO - allennlp.common.params - model.dropout_prob = 0.1
2019-05-30 12:09:44,145 - INFO - allennlp.common.params - model.regularizer = [['.*', {'alpha': 1e-07, 'type': 'l2'}]]
2019-05-30 12:09:44,145 - INFO - allennlp.common.params - model.regularizer.0.1.type = l2
2019-05-30 12:09:44,146 - INFO - allennlp.common.params - model.answering_abilities = ['passage_span_extraction', 'question_span_extraction', 'addition_subtraction', 'counting']
2019-05-30 12:09:44,153 - INFO - allennlp.nn.initializers - Initializing parameters
2019-05-30 12:09:44,153 - INFO - allennlp.nn.initializers - Done initializing parameters; the following parameters are using their default initialization from their code
2019-05-30 12:09:44,153 - INFO - allennlp.nn.initializers -    _answer_ability_predictor._linear_layers.0.bias
2019-05-30 12:09:44,153 - INFO - allennlp.nn.initializers -    _answer_ability_predictor._linear_layers.0.weight
2019-05-30 12:09:44,153 - INFO - allennlp.nn.initializers -    _answer_ability_predictor._linear_layers.1.bias
2019-05-30 12:09:44,153 - INFO - allennlp.nn.initializers -    _answer_ability_predictor._linear_layers.1.weight
2019-05-30 12:09:44,154 - INFO - allennlp.nn.initializers -    _count_number_predictor._linear_layers.0.bias
2019-05-30 12:09:44,154 - INFO - allennlp.nn.initializers -    _count_number_predictor._linear_layers.0.weight
2019-05-30 12:09:44,154 - INFO - allennlp.nn.initializers -    _count_number_predictor._linear_layers.1.bias
2019-05-30 12:09:44,154 - INFO - allennlp.nn.initializers -    _count_number_predictor._linear_layers.1.weight
2019-05-30 12:09:44,154 - INFO - allennlp.nn.initializers -    _embedding_proj_layer.bias
2019-05-30 12:09:44,154 - INFO - allennlp.nn.initializers -    _embedding_proj_layer.weight
2019-05-30 12:09:44,154 - INFO - allennlp.nn.initializers -    _encoding_proj_layer.bias
2019-05-30 12:09:44,154 - INFO - allennlp.nn.initializers -    _encoding_proj_layer.weight
2019-05-30 12:09:44,154 - INFO - allennlp.nn.initializers -    _highway_layer._layers.0.bias
2019-05-30 12:09:44,154 - INFO - allennlp.nn.initializers -    _highway_layer._layers.0.weight
2019-05-30 12:09:44,154 - INFO - allennlp.nn.initializers -    _highway_layer._layers.1.bias
2019-05-30 12:09:44,154 - INFO - allennlp.nn.initializers -    _highway_layer._layers.1.weight
2019-05-30 12:09:44,154 - INFO - allennlp.nn.initializers -    _matrix_attention._bias
2019-05-30 12:09:44,154 - INFO - allennlp.nn.initializers -    _matrix_attention._weight_vector
2019-05-30 12:09:44,154 - INFO - allennlp.nn.initializers -    _modeling_layer.encoder_block_0._conv_layers.0.1.bias
2019-05-30 12:09:44,154 - INFO - allennlp.nn.initializers -    _modeling_layer.encoder_block_0._conv_layers.0.1.weight
2019-05-30 12:09:44,154 - INFO - allennlp.nn.initializers -    _modeling_layer.encoder_block_0._conv_layers.0.2.bias
2019-05-30 12:09:44,155 - INFO - allennlp.nn.initializers -    _modeling_layer.encoder_block_0._conv_layers.0.2.weight
2019-05-30 12:09:44,155 - INFO - allennlp.nn.initializers -    _modeling_layer.encoder_block_0._conv_layers.1.1.bias
2019-05-30 12:09:44,155 - INFO - allennlp.nn.initializers -    _modeling_layer.encoder_block_0._conv_layers.1.1.weight
2019-05-30 12:09:44,155 - INFO - allennlp.nn.initializers -    _modeling_layer.encoder_block_0._conv_layers.1.2.bias
2019-05-30 12:09:44,155 - INFO - allennlp.nn.initializers -    _modeling_layer.encoder_block_0._conv_layers.1.2.weight
2019-05-30 12:09:44,155 - INFO - allennlp.nn.initializers -    _modeling_layer.encoder_block_0._conv_norm_layers.0.bias
2019-05-30 12:09:44,155 - INFO - allennlp.nn.initializers -    _modeling_layer.encoder_block_0._conv_norm_layers.0.weight
2019-05-30 12:09:44,155 - INFO - allennlp.nn.initializers -    _modeling_layer.encoder_block_0._conv_norm_layers.1.bias
2019-05-30 12:09:44,155 - INFO - allennlp.nn.initializers -    _modeling_layer.encoder_block_0._conv_norm_layers.1.weight
2019-05-30 12:09:44,155 - INFO - allennlp.nn.initializers -    _modeling_layer.encoder_block_0.attention_layer._combined_projection.bias
2019-05-30 12:09:44,155 - INFO - allennlp.nn.initializers -    _modeling_layer.encoder_block_0.attention_layer._combined_projection.weight
2019-05-30 12:09:44,155 - INFO - allennlp.nn.initializers -    _modeling_layer.encoder_block_0.attention_layer._output_projection.bias
2019-05-30 12:09:44,155 - INFO - allennlp.nn.initializers -    _modeling_layer.encoder_block_0.attention_layer._output_projection.weight
2019-05-30 12:09:44,155 - INFO - allennlp.nn.initializers -    _modeling_layer.encoder_block_0.attention_norm_layer.bias
2019-05-30 12:09:44,155 - INFO - allennlp.nn.initializers -    _modeling_layer.encoder_block_0.attention_norm_layer.weight
2019-05-30 12:09:44,155 - INFO - allennlp.nn.initializers -    _modeling_layer.encoder_block_0.feedforward._linear_layers.0.bias
2019-05-30 12:09:44,155 - INFO - allennlp.nn.initializers -    _modeling_layer.encoder_block_0.feedforward._linear_layers.0.weight
2019-05-30 12:09:44,156 - INFO - allennlp.nn.initializers -    _modeling_layer.encoder_block_0.feedforward._linear_layers.1.bias
2019-05-30 12:09:44,156 - INFO - allennlp.nn.initializers -    _modeling_layer.encoder_block_0.feedforward._linear_layers.1.weight
2019-05-30 12:09:44,156 - INFO - allennlp.nn.initializers -    _modeling_layer.encoder_block_0.feedforward_norm_layer.bias
2019-05-30 12:09:44,156 - INFO - allennlp.nn.initializers -    _modeling_layer.encoder_block_0.feedforward_norm_layer.weight
2019-05-30 12:09:44,156 - INFO - allennlp.nn.initializers -    _modeling_proj_layer.bias
2019-05-30 12:09:44,156 - INFO - allennlp.nn.initializers -    _modeling_proj_layer.weight
2019-05-30 12:09:44,156 - INFO - allennlp.nn.initializers -    _number_sign_predictor._linear_layers.0.bias
2019-05-30 12:09:44,156 - INFO - allennlp.nn.initializers -    _number_sign_predictor._linear_layers.0.weight
2019-05-30 12:09:44,156 - INFO - allennlp.nn.initializers -    _number_sign_predictor._linear_layers.1.bias
2019-05-30 12:09:44,156 - INFO - allennlp.nn.initializers -    _number_sign_predictor._linear_layers.1.weight
2019-05-30 12:09:44,156 - INFO - allennlp.nn.initializers -    _passage_span_end_predictor._linear_layers.0.bias
2019-05-30 12:09:44,156 - INFO - allennlp.nn.initializers -    _passage_span_end_predictor._linear_layers.0.weight
2019-05-30 12:09:44,156 - INFO - allennlp.nn.initializers -    _passage_span_end_predictor._linear_layers.1.bias
2019-05-30 12:09:44,156 - INFO - allennlp.nn.initializers -    _passage_span_end_predictor._linear_layers.1.weight
2019-05-30 12:09:44,156 - INFO - allennlp.nn.initializers -    _passage_span_start_predictor._linear_layers.0.bias
2019-05-30 12:09:44,156 - INFO - allennlp.nn.initializers -    _passage_span_start_predictor._linear_layers.0.weight
2019-05-30 12:09:44,156 - INFO - allennlp.nn.initializers -    _passage_span_start_predictor._linear_layers.1.bias
2019-05-30 12:09:44,157 - INFO - allennlp.nn.initializers -    _passage_span_start_predictor._linear_layers.1.weight
2019-05-30 12:09:44,157 - INFO - allennlp.nn.initializers -    _passage_weights_predictor.bias
2019-05-30 12:09:44,157 - INFO - allennlp.nn.initializers -    _passage_weights_predictor.weight
2019-05-30 12:09:44,157 - INFO - allennlp.nn.initializers -    _phrase_layer.encoder_block_0._conv_layers.0.1.bias
2019-05-30 12:09:44,157 - INFO - allennlp.nn.initializers -    _phrase_layer.encoder_block_0._conv_layers.0.1.weight
2019-05-30 12:09:44,157 - INFO - allennlp.nn.initializers -    _phrase_layer.encoder_block_0._conv_layers.0.2.bias
2019-05-30 12:09:44,157 - INFO - allennlp.nn.initializers -    _phrase_layer.encoder_block_0._conv_layers.0.2.weight
2019-05-30 12:09:44,157 - INFO - allennlp.nn.initializers -    _phrase_layer.encoder_block_0._conv_layers.1.1.bias
2019-05-30 12:09:44,157 - INFO - allennlp.nn.initializers -    _phrase_layer.encoder_block_0._conv_layers.1.1.weight
2019-05-30 12:09:44,157 - INFO - allennlp.nn.initializers -    _phrase_layer.encoder_block_0._conv_layers.1.2.bias
2019-05-30 12:09:44,157 - INFO - allennlp.nn.initializers -    _phrase_layer.encoder_block_0._conv_layers.1.2.weight
2019-05-30 12:09:44,157 - INFO - allennlp.nn.initializers -    _phrase_layer.encoder_block_0._conv_layers.2.1.bias
2019-05-30 12:09:44,157 - INFO - allennlp.nn.initializers -    _phrase_layer.encoder_block_0._conv_layers.2.1.weight
2019-05-30 12:09:44,157 - INFO - allennlp.nn.initializers -    _phrase_layer.encoder_block_0._conv_layers.2.2.bias
2019-05-30 12:09:44,157 - INFO - allennlp.nn.initializers -    _phrase_layer.encoder_block_0._conv_layers.2.2.weight
2019-05-30 12:09:44,157 - INFO - allennlp.nn.initializers -    _phrase_layer.encoder_block_0._conv_layers.3.1.bias
2019-05-30 12:09:44,157 - INFO - allennlp.nn.initializers -    _phrase_layer.encoder_block_0._conv_layers.3.1.weight
2019-05-30 12:09:44,158 - INFO - allennlp.nn.initializers -    _phrase_layer.encoder_block_0._conv_layers.3.2.bias
2019-05-30 12:09:44,158 - INFO - allennlp.nn.initializers -    _phrase_layer.encoder_block_0._conv_layers.3.2.weight
2019-05-30 12:09:44,158 - INFO - allennlp.nn.initializers -    _phrase_layer.encoder_block_0._conv_norm_layers.0.bias
2019-05-30 12:09:44,158 - INFO - allennlp.nn.initializers -    _phrase_layer.encoder_block_0._conv_norm_layers.0.weight
2019-05-30 12:09:44,158 - INFO - allennlp.nn.initializers -    _phrase_layer.encoder_block_0._conv_norm_layers.1.bias
2019-05-30 12:09:44,158 - INFO - allennlp.nn.initializers -    _phrase_layer.encoder_block_0._conv_norm_layers.1.weight
2019-05-30 12:09:44,158 - INFO - allennlp.nn.initializers -    _phrase_layer.encoder_block_0._conv_norm_layers.2.bias
2019-05-30 12:09:44,158 - INFO - allennlp.nn.initializers -    _phrase_layer.encoder_block_0._conv_norm_layers.2.weight
2019-05-30 12:09:44,158 - INFO - allennlp.nn.initializers -    _phrase_layer.encoder_block_0._conv_norm_layers.3.bias
2019-05-30 12:09:44,158 - INFO - allennlp.nn.initializers -    _phrase_layer.encoder_block_0._conv_norm_layers.3.weight
2019-05-30 12:09:44,158 - INFO - allennlp.nn.initializers -    _phrase_layer.encoder_block_0.attention_layer._combined_projection.bias
2019-05-30 12:09:44,158 - INFO - allennlp.nn.initializers -    _phrase_layer.encoder_block_0.attention_layer._combined_projection.weight
2019-05-30 12:09:44,158 - INFO - allennlp.nn.initializers -    _phrase_layer.encoder_block_0.attention_layer._output_projection.bias
2019-05-30 12:09:44,158 - INFO - allennlp.nn.initializers -    _phrase_layer.encoder_block_0.attention_layer._output_projection.weight
2019-05-30 12:09:44,158 - INFO - allennlp.nn.initializers -    _phrase_layer.encoder_block_0.attention_norm_layer.bias
2019-05-30 12:09:44,158 - INFO - allennlp.nn.initializers -    _phrase_layer.encoder_block_0.attention_norm_layer.weight
2019-05-30 12:09:44,158 - INFO - allennlp.nn.initializers -    _phrase_layer.encoder_block_0.feedforward._linear_layers.0.bias
2019-05-30 12:09:44,159 - INFO - allennlp.nn.initializers -    _phrase_layer.encoder_block_0.feedforward._linear_layers.0.weight
2019-05-30 12:09:44,159 - INFO - allennlp.nn.initializers -    _phrase_layer.encoder_block_0.feedforward._linear_layers.1.bias
2019-05-30 12:09:44,159 - INFO - allennlp.nn.initializers -    _phrase_layer.encoder_block_0.feedforward._linear_layers.1.weight
2019-05-30 12:09:44,159 - INFO - allennlp.nn.initializers -    _phrase_layer.encoder_block_0.feedforward_norm_layer.bias
2019-05-30 12:09:44,159 - INFO - allennlp.nn.initializers -    _phrase_layer.encoder_block_0.feedforward_norm_layer.weight
2019-05-30 12:09:44,159 - INFO - allennlp.nn.initializers -    _question_span_end_predictor._linear_layers.0.bias
2019-05-30 12:09:44,159 - INFO - allennlp.nn.initializers -    _question_span_end_predictor._linear_layers.0.weight
2019-05-30 12:09:44,159 - INFO - allennlp.nn.initializers -    _question_span_end_predictor._linear_layers.1.bias
2019-05-30 12:09:44,159 - INFO - allennlp.nn.initializers -    _question_span_end_predictor._linear_layers.1.weight
2019-05-30 12:09:44,159 - INFO - allennlp.nn.initializers -    _question_span_start_predictor._linear_layers.0.bias
2019-05-30 12:09:44,159 - INFO - allennlp.nn.initializers -    _question_span_start_predictor._linear_layers.0.weight
2019-05-30 12:09:44,159 - INFO - allennlp.nn.initializers -    _question_span_start_predictor._linear_layers.1.bias
2019-05-30 12:09:44,159 - INFO - allennlp.nn.initializers -    _question_span_start_predictor._linear_layers.1.weight
2019-05-30 12:09:44,159 - INFO - allennlp.nn.initializers -    _question_weights_predictor.bias
2019-05-30 12:09:44,159 - INFO - allennlp.nn.initializers -    _question_weights_predictor.weight
2019-05-30 12:09:44,159 - INFO - allennlp.nn.initializers -    _text_field_embedder.token_embedder_token_characters._embedding._module.weight
2019-05-30 12:09:44,159 - INFO - allennlp.nn.initializers -    _text_field_embedder.token_embedder_token_characters._encoder._module.conv_layer_0.bias
2019-05-30 12:09:44,160 - INFO - allennlp.nn.initializers -    _text_field_embedder.token_embedder_token_characters._encoder._module.conv_layer_0.weight
2019-05-30 12:09:44,160 - INFO - allennlp.nn.initializers -    _text_field_embedder.token_embedder_tokens.weight
2019-05-30 12:09:44,282 - INFO - allennlp.common.from_params - instantiating class <class 'allennlp.data.iterators.data_iterator.DataIterator'> from params {'batch_size': 16, 'max_instances_in_memory': 600, 'sorting_keys': [['passage', 'num_tokens'], ['question', 'num_tokens']], 'type': 'bucket'} and extras set()
2019-05-30 12:09:44,282 - INFO - allennlp.common.params - iterator.type = bucket
2019-05-30 12:09:44,282 - INFO - allennlp.common.from_params - instantiating class <class 'allennlp.data.iterators.bucket_iterator.BucketIterator'> from params {'batch_size': 16, 'max_instances_in_memory': 600, 'sorting_keys': [['passage', 'num_tokens'], ['question', 'num_tokens']]} and extras set()
2019-05-30 12:09:44,282 - INFO - allennlp.common.params - iterator.sorting_keys = [['passage', 'num_tokens'], ['question', 'num_tokens']]
2019-05-30 12:09:44,283 - INFO - allennlp.common.params - iterator.padding_noise = 0.1
2019-05-30 12:09:44,283 - INFO - allennlp.common.params - iterator.biggest_batch_first = False
2019-05-30 12:09:44,283 - INFO - allennlp.common.params - iterator.batch_size = 16
2019-05-30 12:09:44,283 - INFO - allennlp.common.params - iterator.instances_per_epoch = None
2019-05-30 12:09:44,283 - INFO - allennlp.common.params - iterator.max_instances_in_memory = 600
2019-05-30 12:09:44,283 - INFO - allennlp.common.params - iterator.cache_instances = False
2019-05-30 12:09:44,283 - INFO - allennlp.common.params - iterator.track_epoch = False
2019-05-30 12:09:44,283 - INFO - allennlp.common.params - iterator.maximum_samples_per_batch = None
2019-05-30 12:09:44,283 - INFO - allennlp.common.params - validation_iterator = None
2019-05-30 12:09:44,283 - INFO - allennlp.common.params - trainer.no_grad = ()
2019-05-30 12:09:44,285 - INFO - allennlp.training.trainer - Following parameters are Frozen  (without gradient):
2019-05-30 12:09:44,285 - INFO - allennlp.training.trainer - _text_field_embedder.token_embedder_tokens.weight
2019-05-30 12:09:44,285 - INFO - allennlp.training.trainer - Following parameters are Tunable (with gradient):
2019-05-30 12:09:44,285 - INFO - allennlp.training.trainer - _text_field_embedder.token_embedder_token_characters._embedding._module.weight
2019-05-30 12:09:44,285 - INFO - allennlp.training.trainer - _text_field_embedder.token_embedder_token_characters._encoder._module.conv_layer_0.weight
2019-05-30 12:09:44,285 - INFO - allennlp.training.trainer - _text_field_embedder.token_embedder_token_characters._encoder._module.conv_layer_0.bias
2019-05-30 12:09:44,285 - INFO - allennlp.training.trainer - _embedding_proj_layer.weight
2019-05-30 12:09:44,285 - INFO - allennlp.training.trainer - _embedding_proj_layer.bias
2019-05-30 12:09:44,285 - INFO - allennlp.training.trainer - _highway_layer._layers.0.weight
2019-05-30 12:09:44,285 - INFO - allennlp.training.trainer - _highway_layer._layers.0.bias
2019-05-30 12:09:44,285 - INFO - allennlp.training.trainer - _highway_layer._layers.1.weight
2019-05-30 12:09:44,285 - INFO - allennlp.training.trainer - _highway_layer._layers.1.bias
2019-05-30 12:09:44,285 - INFO - allennlp.training.trainer - _encoding_proj_layer.weight
2019-05-30 12:09:44,285 - INFO - allennlp.training.trainer - _encoding_proj_layer.bias
2019-05-30 12:09:44,286 - INFO - allennlp.training.trainer - _phrase_layer.encoder_block_0._conv_norm_layers.0.weight
2019-05-30 12:09:44,286 - INFO - allennlp.training.trainer - _phrase_layer.encoder_block_0._conv_norm_layers.0.bias
2019-05-30 12:09:44,286 - INFO - allennlp.training.trainer - _phrase_layer.encoder_block_0._conv_norm_layers.1.weight
2019-05-30 12:09:44,286 - INFO - allennlp.training.trainer - _phrase_layer.encoder_block_0._conv_norm_layers.1.bias
2019-05-30 12:09:44,286 - INFO - allennlp.training.trainer - _phrase_layer.encoder_block_0._conv_norm_layers.2.weight
2019-05-30 12:09:44,286 - INFO - allennlp.training.trainer - _phrase_layer.encoder_block_0._conv_norm_layers.2.bias
2019-05-30 12:09:44,286 - INFO - allennlp.training.trainer - _phrase_layer.encoder_block_0._conv_norm_layers.3.weight
2019-05-30 12:09:44,286 - INFO - allennlp.training.trainer - _phrase_layer.encoder_block_0._conv_norm_layers.3.bias
2019-05-30 12:09:44,286 - INFO - allennlp.training.trainer - _phrase_layer.encoder_block_0._conv_layers.0.1.weight
2019-05-30 12:09:44,286 - INFO - allennlp.training.trainer - _phrase_layer.encoder_block_0._conv_layers.0.1.bias
2019-05-30 12:09:44,286 - INFO - allennlp.training.trainer - _phrase_layer.encoder_block_0._conv_layers.0.2.weight
2019-05-30 12:09:44,286 - INFO - allennlp.training.trainer - _phrase_layer.encoder_block_0._conv_layers.0.2.bias
2019-05-30 12:09:44,286 - INFO - allennlp.training.trainer - _phrase_layer.encoder_block_0._conv_layers.1.1.weight
2019-05-30 12:09:44,287 - INFO - allennlp.training.trainer - _phrase_layer.encoder_block_0._conv_layers.1.1.bias
2019-05-30 12:09:44,287 - INFO - allennlp.training.trainer - _phrase_layer.encoder_block_0._conv_layers.1.2.weight
2019-05-30 12:09:44,287 - INFO - allennlp.training.trainer - _phrase_layer.encoder_block_0._conv_layers.1.2.bias
2019-05-30 12:09:44,287 - INFO - allennlp.training.trainer - _phrase_layer.encoder_block_0._conv_layers.2.1.weight
2019-05-30 12:09:44,287 - INFO - allennlp.training.trainer - _phrase_layer.encoder_block_0._conv_layers.2.1.bias
2019-05-30 12:09:44,287 - INFO - allennlp.training.trainer - _phrase_layer.encoder_block_0._conv_layers.2.2.weight
2019-05-30 12:09:44,287 - INFO - allennlp.training.trainer - _phrase_layer.encoder_block_0._conv_layers.2.2.bias
2019-05-30 12:09:44,287 - INFO - allennlp.training.trainer - _phrase_layer.encoder_block_0._conv_layers.3.1.weight
2019-05-30 12:09:44,287 - INFO - allennlp.training.trainer - _phrase_layer.encoder_block_0._conv_layers.3.1.bias
2019-05-30 12:09:44,287 - INFO - allennlp.training.trainer - _phrase_layer.encoder_block_0._conv_layers.3.2.weight
2019-05-30 12:09:44,287 - INFO - allennlp.training.trainer - _phrase_layer.encoder_block_0._conv_layers.3.2.bias
2019-05-30 12:09:44,287 - INFO - allennlp.training.trainer - _phrase_layer.encoder_block_0.attention_norm_layer.weight
2019-05-30 12:09:44,287 - INFO - allennlp.training.trainer - _phrase_layer.encoder_block_0.attention_norm_layer.bias
2019-05-30 12:09:44,287 - INFO - allennlp.training.trainer - _phrase_layer.encoder_block_0.attention_layer._combined_projection.weight
2019-05-30 12:09:44,288 - INFO - allennlp.training.trainer - _phrase_layer.encoder_block_0.attention_layer._combined_projection.bias
2019-05-30 12:09:44,288 - INFO - allennlp.training.trainer - _phrase_layer.encoder_block_0.attention_layer._output_projection.weight
2019-05-30 12:09:44,288 - INFO - allennlp.training.trainer - _phrase_layer.encoder_block_0.attention_layer._output_projection.bias
2019-05-30 12:09:44,288 - INFO - allennlp.training.trainer - _phrase_layer.encoder_block_0.feedforward_norm_layer.weight
2019-05-30 12:09:44,288 - INFO - allennlp.training.trainer - _phrase_layer.encoder_block_0.feedforward_norm_layer.bias
2019-05-30 12:09:44,288 - INFO - allennlp.training.trainer - _phrase_layer.encoder_block_0.feedforward._linear_layers.0.weight
2019-05-30 12:09:44,288 - INFO - allennlp.training.trainer - _phrase_layer.encoder_block_0.feedforward._linear_layers.0.bias
2019-05-30 12:09:44,288 - INFO - allennlp.training.trainer - _phrase_layer.encoder_block_0.feedforward._linear_layers.1.weight
2019-05-30 12:09:44,288 - INFO - allennlp.training.trainer - _phrase_layer.encoder_block_0.feedforward._linear_layers.1.bias
2019-05-30 12:09:44,288 - INFO - allennlp.training.trainer - _matrix_attention._weight_vector
2019-05-30 12:09:44,288 - INFO - allennlp.training.trainer - _matrix_attention._bias
2019-05-30 12:09:44,288 - INFO - allennlp.training.trainer - _modeling_proj_layer.weight
2019-05-30 12:09:44,288 - INFO - allennlp.training.trainer - _modeling_proj_layer.bias
2019-05-30 12:09:44,288 - INFO - allennlp.training.trainer - _modeling_layer.encoder_block_0._conv_norm_layers.0.weight
2019-05-30 12:09:44,289 - INFO - allennlp.training.trainer - _modeling_layer.encoder_block_0._conv_norm_layers.0.bias
2019-05-30 12:09:44,289 - INFO - allennlp.training.trainer - _modeling_layer.encoder_block_0._conv_norm_layers.1.weight
2019-05-30 12:09:44,289 - INFO - allennlp.training.trainer - _modeling_layer.encoder_block_0._conv_norm_layers.1.bias
2019-05-30 12:09:44,289 - INFO - allennlp.training.trainer - _modeling_layer.encoder_block_0._conv_layers.0.1.weight
2019-05-30 12:09:44,289 - INFO - allennlp.training.trainer - _modeling_layer.encoder_block_0._conv_layers.0.1.bias
2019-05-30 12:09:44,289 - INFO - allennlp.training.trainer - _modeling_layer.encoder_block_0._conv_layers.0.2.weight
2019-05-30 12:09:44,289 - INFO - allennlp.training.trainer - _modeling_layer.encoder_block_0._conv_layers.0.2.bias
2019-05-30 12:09:44,289 - INFO - allennlp.training.trainer - _modeling_layer.encoder_block_0._conv_layers.1.1.weight
2019-05-30 12:09:44,289 - INFO - allennlp.training.trainer - _modeling_layer.encoder_block_0._conv_layers.1.1.bias
2019-05-30 12:09:44,289 - INFO - allennlp.training.trainer - _modeling_layer.encoder_block_0._conv_layers.1.2.weight
2019-05-30 12:09:44,289 - INFO - allennlp.training.trainer - _modeling_layer.encoder_block_0._conv_layers.1.2.bias
2019-05-30 12:09:44,289 - INFO - allennlp.training.trainer - _modeling_layer.encoder_block_0.attention_norm_layer.weight
2019-05-30 12:09:44,289 - INFO - allennlp.training.trainer - _modeling_layer.encoder_block_0.attention_norm_layer.bias
2019-05-30 12:09:44,289 - INFO - allennlp.training.trainer - _modeling_layer.encoder_block_0.attention_layer._combined_projection.weight
2019-05-30 12:09:44,290 - INFO - allennlp.training.trainer - _modeling_layer.encoder_block_0.attention_layer._combined_projection.bias
2019-05-30 12:09:44,290 - INFO - allennlp.training.trainer - _modeling_layer.encoder_block_0.attention_layer._output_projection.weight
2019-05-30 12:09:44,290 - INFO - allennlp.training.trainer - _modeling_layer.encoder_block_0.attention_layer._output_projection.bias
2019-05-30 12:09:44,290 - INFO - allennlp.training.trainer - _modeling_layer.encoder_block_0.feedforward_norm_layer.weight
2019-05-30 12:09:44,290 - INFO - allennlp.training.trainer - _modeling_layer.encoder_block_0.feedforward_norm_layer.bias
2019-05-30 12:09:44,290 - INFO - allennlp.training.trainer - _modeling_layer.encoder_block_0.feedforward._linear_layers.0.weight
2019-05-30 12:09:44,290 - INFO - allennlp.training.trainer - _modeling_layer.encoder_block_0.feedforward._linear_layers.0.bias
2019-05-30 12:09:44,290 - INFO - allennlp.training.trainer - _modeling_layer.encoder_block_0.feedforward._linear_layers.1.weight
2019-05-30 12:09:44,290 - INFO - allennlp.training.trainer - _modeling_layer.encoder_block_0.feedforward._linear_layers.1.bias
2019-05-30 12:09:44,290 - INFO - allennlp.training.trainer - _passage_weights_predictor.weight
2019-05-30 12:09:44,290 - INFO - allennlp.training.trainer - _passage_weights_predictor.bias
2019-05-30 12:09:44,290 - INFO - allennlp.training.trainer - _question_weights_predictor.weight
2019-05-30 12:09:44,290 - INFO - allennlp.training.trainer - _question_weights_predictor.bias
2019-05-30 12:09:44,290 - INFO - allennlp.training.trainer - _answer_ability_predictor._linear_layers.0.weight
2019-05-30 12:09:44,291 - INFO - allennlp.training.trainer - _answer_ability_predictor._linear_layers.0.bias
2019-05-30 12:09:44,291 - INFO - allennlp.training.trainer - _answer_ability_predictor._linear_layers.1.weight
2019-05-30 12:09:44,291 - INFO - allennlp.training.trainer - _answer_ability_predictor._linear_layers.1.bias
2019-05-30 12:09:44,291 - INFO - allennlp.training.trainer - _passage_span_start_predictor._linear_layers.0.weight
2019-05-30 12:09:44,291 - INFO - allennlp.training.trainer - _passage_span_start_predictor._linear_layers.0.bias
2019-05-30 12:09:44,291 - INFO - allennlp.training.trainer - _passage_span_start_predictor._linear_layers.1.weight
2019-05-30 12:09:44,291 - INFO - allennlp.training.trainer - _passage_span_start_predictor._linear_layers.1.bias
2019-05-30 12:09:44,291 - INFO - allennlp.training.trainer - _passage_span_end_predictor._linear_layers.0.weight
2019-05-30 12:09:44,291 - INFO - allennlp.training.trainer - _passage_span_end_predictor._linear_layers.0.bias
2019-05-30 12:09:44,291 - INFO - allennlp.training.trainer - _passage_span_end_predictor._linear_layers.1.weight
2019-05-30 12:09:44,291 - INFO - allennlp.training.trainer - _passage_span_end_predictor._linear_layers.1.bias
2019-05-30 12:09:44,291 - INFO - allennlp.training.trainer - _question_span_start_predictor._linear_layers.0.weight
2019-05-30 12:09:44,291 - INFO - allennlp.training.trainer - _question_span_start_predictor._linear_layers.0.bias
2019-05-30 12:09:44,291 - INFO - allennlp.training.trainer - _question_span_start_predictor._linear_layers.1.weight
2019-05-30 12:09:44,292 - INFO - allennlp.training.trainer - _question_span_start_predictor._linear_layers.1.bias
2019-05-30 12:09:44,292 - INFO - allennlp.training.trainer - _question_span_end_predictor._linear_layers.0.weight
2019-05-30 12:09:44,292 - INFO - allennlp.training.trainer - _question_span_end_predictor._linear_layers.0.bias
2019-05-30 12:09:44,292 - INFO - allennlp.training.trainer - _question_span_end_predictor._linear_layers.1.weight
2019-05-30 12:09:44,292 - INFO - allennlp.training.trainer - _question_span_end_predictor._linear_layers.1.bias
2019-05-30 12:09:44,292 - INFO - allennlp.training.trainer - _number_sign_predictor._linear_layers.0.weight
2019-05-30 12:09:44,292 - INFO - allennlp.training.trainer - _number_sign_predictor._linear_layers.0.bias
2019-05-30 12:09:44,292 - INFO - allennlp.training.trainer - _number_sign_predictor._linear_layers.1.weight
2019-05-30 12:09:44,292 - INFO - allennlp.training.trainer - _number_sign_predictor._linear_layers.1.bias
2019-05-30 12:09:44,292 - INFO - allennlp.training.trainer - _count_number_predictor._linear_layers.0.weight
2019-05-30 12:09:44,292 - INFO - allennlp.training.trainer - _count_number_predictor._linear_layers.0.bias
2019-05-30 12:09:44,292 - INFO - allennlp.training.trainer - _count_number_predictor._linear_layers.1.weight
2019-05-30 12:09:44,292 - INFO - allennlp.training.trainer - _count_number_predictor._linear_layers.1.bias
2019-05-30 12:09:44,292 - INFO - allennlp.common.params - trainer.patience = 10
2019-05-30 12:09:44,293 - INFO - allennlp.common.params - trainer.validation_metric = +f1
2019-05-30 12:09:44,293 - INFO - allennlp.common.params - trainer.shuffle = True
2019-05-30 12:09:44,293 - INFO - allennlp.common.params - trainer.num_epochs = 10
2019-05-30 12:09:44,293 - INFO - allennlp.common.params - trainer.cuda_device = 0
2019-05-30 12:09:44,293 - INFO - allennlp.common.params - trainer.grad_norm = 5
2019-05-30 12:09:44,293 - INFO - allennlp.common.params - trainer.grad_clipping = None
2019-05-30 12:09:44,293 - INFO - allennlp.common.params - trainer.learning_rate_scheduler = None
2019-05-30 12:09:44,293 - INFO - allennlp.common.params - trainer.momentum_scheduler = None
2019-05-30 12:09:52,204 - INFO - allennlp.common.params - trainer.optimizer.type = adam
2019-05-30 12:09:52,205 - INFO - allennlp.common.params - trainer.optimizer.parameter_groups = None
2019-05-30 12:09:52,205 - INFO - allennlp.training.optimizers - Number of trainable parameters: 822816
2019-05-30 12:09:52,205 - INFO - allennlp.common.params - trainer.optimizer.infer_type_and_cast = True
2019-05-30 12:09:52,205 - INFO - allennlp.common.params - Converting Params object to dict; logging of default values will not occur when dictionary parameters are used subsequently.
2019-05-30 12:09:52,206 - INFO - allennlp.common.params - CURRENTLY DEFINED PARAMETERS: 
2019-05-30 12:09:52,206 - INFO - allennlp.common.params - trainer.optimizer.betas = [0.8, 0.999]
2019-05-30 12:09:52,206 - INFO - allennlp.common.params - trainer.optimizer.eps = 1e-07
2019-05-30 12:09:52,206 - INFO - allennlp.common.params - trainer.optimizer.lr = 0.0005
2019-05-30 12:09:52,206 - INFO - allennlp.common.from_params - instantiating class <class 'allennlp.training.moving_average.MovingAverage'> from params {'decay': 0.9999, 'type': 'exponential'} and extras {'parameters'}
2019-05-30 12:09:52,206 - INFO - allennlp.common.params - trainer.moving_average.type = exponential
2019-05-30 12:09:52,206 - INFO - allennlp.common.from_params - instantiating class <class 'allennlp.training.moving_average.ExponentialMovingAverage'> from params {'decay': 0.9999} and extras {'parameters'}
2019-05-30 12:09:52,206 - INFO - allennlp.common.params - trainer.moving_average.decay = 0.9999
2019-05-30 12:09:52,206 - INFO - allennlp.common.params - trainer.moving_average.numerator = 1.0
2019-05-30 12:09:52,207 - INFO - allennlp.common.params - trainer.moving_average.denominator = 10.0
2019-05-30 12:09:52,212 - INFO - allennlp.common.params - trainer.num_serialized_models_to_keep = 1
2019-05-30 12:09:52,212 - INFO - allennlp.common.params - trainer.keep_serialized_model_every_num_seconds = None
2019-05-30 12:09:52,212 - INFO - allennlp.common.params - trainer.model_save_interval = None
2019-05-30 12:09:52,212 - INFO - allennlp.common.params - trainer.summary_interval = 100
2019-05-30 12:09:52,212 - INFO - allennlp.common.params - trainer.histogram_interval = None
2019-05-30 12:09:52,213 - INFO - allennlp.common.params - trainer.should_log_parameter_statistics = True
2019-05-30 12:09:52,213 - INFO - allennlp.common.params - trainer.should_log_learning_rate = False
2019-05-30 12:09:52,213 - INFO - allennlp.common.params - trainer.log_batch_size_period = None
2019-05-30 12:09:52,224 - INFO - allennlp.training.trainer - Beginning training.
2019-05-30 12:09:52,224 - INFO - allennlp.training.trainer - Epoch 0/9
2019-05-30 12:09:52,224 - INFO - allennlp.training.trainer - Peak CPU memory usage MB: 5542.748
2019-05-30 12:09:52,331 - INFO - allennlp.training.trainer - GPU 0 memory usage MB: 988
2019-05-30 12:09:52,334 - INFO - allennlp.training.trainer - Training
2019-05-30 12:28:42,155 - INFO - allennlp.training.trainer - Validating
2019-05-30 12:29:55,523 - INFO - allennlp.training.tensorboard_writer -                     Training |  Validation
2019-05-30 12:29:55,524 - INFO - allennlp.training.tensorboard_writer - cpu_memory_MB   |  5542.748  |       N/A
2019-05-30 12:29:55,524 - INFO - allennlp.training.tensorboard_writer - em              |     0.145  |     0.190
2019-05-30 12:29:55,525 - INFO - allennlp.training.tensorboard_writer - f1              |     0.177  |     0.216
2019-05-30 12:29:55,525 - INFO - allennlp.training.tensorboard_writer - gpu_0_memory_MB |   988.000  |       N/A
2019-05-30 12:29:55,525 - INFO - allennlp.training.tensorboard_writer - loss            |     4.482  |  1581129.041
2019-05-30 12:29:56,140 - INFO - allennlp.training.checkpointer - Best validation performance so far. Copying weights to 'out/rc_baseline_simple_v3/best.th'.
2019-05-30 12:29:56,611 - INFO - allennlp.training.trainer - Epoch duration: 00:20:04
2019-05-30 12:29:56,612 - INFO - allennlp.training.trainer - Estimated training time remaining: 3:00:39
2019-05-30 12:29:56,612 - INFO - allennlp.training.trainer - Epoch 1/9
2019-05-30 12:29:56,612 - INFO - allennlp.training.trainer - Peak CPU memory usage MB: 7600.62
2019-05-30 12:29:56,753 - INFO - allennlp.training.trainer - GPU 0 memory usage MB: 3697
2019-05-30 12:29:56,756 - INFO - allennlp.training.trainer - Training
2019-05-30 12:46:43,256 - INFO - allennlp.training.trainer - Validating
2019-05-30 12:47:40,620 - INFO - allennlp.training.tensorboard_writer -                     Training |  Validation
2019-05-30 12:47:40,621 - INFO - allennlp.training.tensorboard_writer - cpu_memory_MB   |  7600.620  |       N/A
2019-05-30 12:47:40,621 - INFO - allennlp.training.tensorboard_writer - em              |     0.200  |     0.236
2019-05-30 12:47:40,622 - INFO - allennlp.training.tensorboard_writer - f1              |     0.235  |     0.261
2019-05-30 12:47:40,622 - INFO - allennlp.training.tensorboard_writer - gpu_0_memory_MB |  3697.000  |       N/A
2019-05-30 12:47:40,623 - INFO - allennlp.training.tensorboard_writer - loss            |     3.812  |  1576989.615
2019-05-30 12:47:41,488 - INFO - allennlp.training.checkpointer - Best validation performance so far. Copying weights to 'out/rc_baseline_simple_v3/best.th'.
2019-05-30 12:47:42,313 - INFO - allennlp.training.trainer - Epoch duration: 00:17:45
2019-05-30 12:47:42,313 - INFO - allennlp.training.trainer - Estimated training time remaining: 2:31:20
2019-05-30 12:47:42,313 - INFO - allennlp.training.trainer - Epoch 2/9
2019-05-30 12:47:42,314 - INFO - allennlp.training.trainer - Peak CPU memory usage MB: 7602.1
2019-05-30 12:47:42,464 - INFO - allennlp.training.trainer - GPU 0 memory usage MB: 3697
2019-05-30 12:47:42,467 - INFO - allennlp.training.trainer - Training
2019-05-30 13:04:30,668 - INFO - allennlp.training.trainer - Validating
2019-05-30 13:05:27,547 - INFO - allennlp.training.tensorboard_writer -                     Training |  Validation
2019-05-30 13:05:27,547 - INFO - allennlp.training.tensorboard_writer - cpu_memory_MB   |  7602.100  |       N/A
2019-05-30 13:05:27,548 - INFO - allennlp.training.tensorboard_writer - em              |     0.237  |     0.286
2019-05-30 13:05:27,548 - INFO - allennlp.training.tensorboard_writer - f1              |     0.272  |     0.310
2019-05-30 13:05:27,549 - INFO - allennlp.training.tensorboard_writer - gpu_0_memory_MB |  3697.000  |       N/A
2019-05-30 13:05:27,549 - INFO - allennlp.training.tensorboard_writer - loss            |     3.555  |  1578024.203
2019-05-30 13:05:28,190 - INFO - allennlp.training.checkpointer - Best validation performance so far. Copying weights to 'out/rc_baseline_simple_v3/best.th'.
2019-05-30 13:05:29,170 - INFO - allennlp.training.trainer - Epoch duration: 00:17:46
2019-05-30 13:05:29,170 - INFO - allennlp.training.trainer - Estimated training time remaining: 2:09:46
2019-05-30 13:05:29,170 - INFO - allennlp.training.trainer - Epoch 3/9
2019-05-30 13:05:29,171 - INFO - allennlp.training.trainer - Peak CPU memory usage MB: 7602.7
2019-05-30 13:05:29,299 - INFO - allennlp.training.trainer - GPU 0 memory usage MB: 3697
2019-05-30 13:05:29,302 - INFO - allennlp.training.trainer - Training
2019-05-30 13:22:08,374 - INFO - allennlp.training.trainer - Validating
2019-05-30 13:23:04,718 - INFO - allennlp.training.tensorboard_writer -                     Training |  Validation
2019-05-30 13:23:04,719 - INFO - allennlp.training.tensorboard_writer - cpu_memory_MB   |  7602.700  |       N/A
2019-05-30 13:23:04,719 - INFO - allennlp.training.tensorboard_writer - em              |     0.266  |     0.300
2019-05-30 13:23:04,720 - INFO - allennlp.training.tensorboard_writer - f1              |     0.302  |     0.325
2019-05-30 13:23:04,720 - INFO - allennlp.training.tensorboard_writer - gpu_0_memory_MB |  3697.000  |       N/A
2019-05-30 13:23:04,721 - INFO - allennlp.training.tensorboard_writer - loss            |     3.399  |  1578024.072
2019-05-30 13:23:05,458 - INFO - allennlp.training.checkpointer - Best validation performance so far. Copying weights to 'out/rc_baseline_simple_v3/best.th'.
2019-05-30 13:23:06,102 - INFO - allennlp.training.trainer - Epoch duration: 00:17:36
2019-05-30 13:23:06,102 - INFO - allennlp.training.trainer - Estimated training time remaining: 1:49:50
2019-05-30 13:23:06,102 - INFO - allennlp.training.trainer - Epoch 4/9
2019-05-30 13:23:06,103 - INFO - allennlp.training.trainer - Peak CPU memory usage MB: 7602.956
2019-05-30 13:23:06,238 - INFO - allennlp.training.trainer - GPU 0 memory usage MB: 3697
2019-05-30 13:23:06,240 - INFO - allennlp.training.trainer - Training
2019-05-30 13:39:44,789 - INFO - allennlp.training.trainer - Validating
2019-05-30 13:40:41,136 - INFO - allennlp.training.tensorboard_writer -                     Training |  Validation
2019-05-30 13:40:41,137 - INFO - allennlp.training.tensorboard_writer - cpu_memory_MB   |  7602.956  |       N/A
2019-05-30 13:40:41,137 - INFO - allennlp.training.tensorboard_writer - em              |     0.288  |     0.317
2019-05-30 13:40:41,138 - INFO - allennlp.training.tensorboard_writer - f1              |     0.325  |     0.342
2019-05-30 13:40:41,138 - INFO - allennlp.training.tensorboard_writer - gpu_0_memory_MB |  3697.000  |       N/A
2019-05-30 13:40:41,139 - INFO - allennlp.training.tensorboard_writer - loss            |     3.268  |  1576989.248
2019-05-30 13:40:41,819 - INFO - allennlp.training.checkpointer - Best validation performance so far. Copying weights to 'out/rc_baseline_simple_v3/best.th'.
2019-05-30 13:40:42,530 - INFO - allennlp.training.trainer - Epoch duration: 00:17:36
2019-05-30 13:40:42,530 - INFO - allennlp.training.trainer - Estimated training time remaining: 1:30:50
2019-05-30 13:40:42,530 - INFO - allennlp.training.trainer - Epoch 5/9
2019-05-30 13:40:42,530 - INFO - allennlp.training.trainer - Peak CPU memory usage MB: 7602.956
2019-05-30 13:40:42,656 - INFO - allennlp.training.trainer - GPU 0 memory usage MB: 3697
2019-05-30 13:40:42,659 - INFO - allennlp.training.trainer - Training
2019-05-30 13:57:21,384 - INFO - allennlp.training.trainer - Validating
2019-05-30 13:58:17,733 - INFO - allennlp.training.tensorboard_writer -                     Training |  Validation
2019-05-30 13:58:17,734 - INFO - allennlp.training.tensorboard_writer - cpu_memory_MB   |  7602.956  |       N/A
2019-05-30 13:58:17,734 - INFO - allennlp.training.tensorboard_writer - em              |     0.303  |     0.328
2019-05-30 13:58:17,735 - INFO - allennlp.training.tensorboard_writer - f1              |     0.341  |     0.354
2019-05-30 13:58:17,735 - INFO - allennlp.training.tensorboard_writer - gpu_0_memory_MB |  3697.000  |       N/A
2019-05-30 13:58:17,736 - INFO - allennlp.training.tensorboard_writer - loss            |     3.176  |  1578023.969
2019-05-30 13:58:18,296 - INFO - allennlp.training.checkpointer - Best validation performance so far. Copying weights to 'out/rc_baseline_simple_v3/best.th'.
2019-05-30 13:58:18,813 - INFO - allennlp.training.trainer - Epoch duration: 00:17:36
2019-05-30 13:58:18,813 - INFO - allennlp.training.trainer - Estimated training time remaining: 1:12:17
2019-05-30 13:58:18,813 - INFO - allennlp.training.trainer - Epoch 6/9
2019-05-30 13:58:18,813 - INFO - allennlp.training.trainer - Peak CPU memory usage MB: 7603.416
2019-05-30 13:58:18,941 - INFO - allennlp.training.trainer - GPU 0 memory usage MB: 3697
2019-05-30 13:58:18,944 - INFO - allennlp.training.trainer - Training
2019-05-30 14:14:58,597 - INFO - allennlp.training.trainer - Validating
2019-05-30 14:15:54,605 - INFO - allennlp.training.tensorboard_writer -                     Training |  Validation
2019-05-30 14:15:54,606 - INFO - allennlp.training.tensorboard_writer - cpu_memory_MB   |  7603.416  |       N/A
2019-05-30 14:15:54,606 - INFO - allennlp.training.tensorboard_writer - em              |     0.318  |     0.350
2019-05-30 14:15:54,607 - INFO - allennlp.training.tensorboard_writer - f1              |     0.357  |     0.374
2019-05-30 14:15:54,607 - INFO - allennlp.training.tensorboard_writer - gpu_0_memory_MB |  3697.000  |       N/A
2019-05-30 14:15:54,607 - INFO - allennlp.training.tensorboard_writer - loss            |     3.087  |  1581128.208
2019-05-30 14:15:55,176 - INFO - allennlp.training.checkpointer - Best validation performance so far. Copying weights to 'out/rc_baseline_simple_v3/best.th'.
2019-05-30 14:15:55,723 - INFO - allennlp.training.trainer - Epoch duration: 00:17:36
2019-05-30 14:15:55,723 - INFO - allennlp.training.trainer - Estimated training time remaining: 0:54:01
2019-05-30 14:15:55,724 - INFO - allennlp.training.trainer - Epoch 7/9
2019-05-30 14:15:55,724 - INFO - allennlp.training.trainer - Peak CPU memory usage MB: 7603.416
2019-05-30 14:15:55,842 - INFO - allennlp.training.trainer - GPU 0 memory usage MB: 3696
2019-05-30 14:15:55,845 - INFO - allennlp.training.trainer - Training
2019-05-30 14:32:32,732 - INFO - allennlp.training.trainer - Validating
2019-05-30 14:33:28,811 - INFO - allennlp.training.tensorboard_writer -                     Training |  Validation
2019-05-30 14:33:28,812 - INFO - allennlp.training.tensorboard_writer - cpu_memory_MB   |  7603.416  |       N/A
2019-05-30 14:33:28,812 - INFO - allennlp.training.tensorboard_writer - em              |     0.331  |     0.355
2019-05-30 14:33:28,812 - INFO - allennlp.training.tensorboard_writer - f1              |     0.370  |     0.382
2019-05-30 14:33:28,813 - INFO - allennlp.training.tensorboard_writer - gpu_0_memory_MB |  3696.000  |       N/A
2019-05-30 14:33:28,813 - INFO - allennlp.training.tensorboard_writer - loss            |     3.017  |  1576989.090
2019-05-30 14:33:29,494 - INFO - allennlp.training.checkpointer - Best validation performance so far. Copying weights to 'out/rc_baseline_simple_v3/best.th'.
2019-05-30 14:33:30,134 - INFO - allennlp.training.trainer - Epoch duration: 00:17:34
2019-05-30 14:33:30,134 - INFO - allennlp.training.trainer - Estimated training time remaining: 0:35:54
2019-05-30 14:33:30,134 - INFO - allennlp.training.trainer - Epoch 8/9
2019-05-30 14:33:30,134 - INFO - allennlp.training.trainer - Peak CPU memory usage MB: 7603.66
2019-05-30 14:33:30,239 - INFO - allennlp.training.trainer - GPU 0 memory usage MB: 3696
2019-05-30 14:33:30,242 - INFO - allennlp.training.trainer - Training
2019-05-30 14:50:10,837 - INFO - allennlp.training.trainer - Validating
2019-05-30 14:51:07,479 - INFO - allennlp.training.tensorboard_writer -                     Training |  Validation
2019-05-30 14:51:07,480 - INFO - allennlp.training.tensorboard_writer - cpu_memory_MB   |  7603.660  |       N/A
2019-05-30 14:51:07,481 - INFO - allennlp.training.tensorboard_writer - em              |     0.343  |     0.364
2019-05-30 14:51:07,481 - INFO - allennlp.training.tensorboard_writer - f1              |     0.382  |     0.391
2019-05-30 14:51:07,481 - INFO - allennlp.training.tensorboard_writer - gpu_0_memory_MB |  3696.000  |       N/A
2019-05-30 14:51:07,482 - INFO - allennlp.training.tensorboard_writer - loss            |     2.947  |  1579058.587
2019-05-30 14:51:08,075 - INFO - allennlp.training.checkpointer - Best validation performance so far. Copying weights to 'out/rc_baseline_simple_v3/best.th'.
2019-05-30 14:51:08,571 - INFO - allennlp.training.trainer - Epoch duration: 00:17:38
2019-05-30 14:51:08,571 - INFO - allennlp.training.trainer - Estimated training time remaining: 0:17:55
2019-05-30 14:51:08,571 - INFO - allennlp.training.trainer - Epoch 9/9
2019-05-30 14:51:08,571 - INFO - allennlp.training.trainer - Peak CPU memory usage MB: 7603.66
2019-05-30 14:51:08,670 - INFO - allennlp.training.trainer - GPU 0 memory usage MB: 3698
2019-05-30 14:51:08,673 - INFO - allennlp.training.trainer - Training
2019-05-30 15:07:46,320 - INFO - allennlp.training.trainer - Validating
2019-05-30 15:08:42,368 - INFO - allennlp.training.tensorboard_writer -                     Training |  Validation
2019-05-30 15:08:42,368 - INFO - allennlp.training.tensorboard_writer - cpu_memory_MB   |  7603.660  |       N/A
2019-05-30 15:08:42,369 - INFO - allennlp.training.tensorboard_writer - em              |     0.352  |     0.375
2019-05-30 15:08:42,369 - INFO - allennlp.training.tensorboard_writer - f1              |     0.392  |     0.403
2019-05-30 15:08:42,370 - INFO - allennlp.training.tensorboard_writer - gpu_0_memory_MB |  3698.000  |       N/A
2019-05-30 15:08:42,370 - INFO - allennlp.training.tensorboard_writer - loss            |     2.884  |  1574919.480
2019-05-30 15:08:42,991 - INFO - allennlp.training.checkpointer - Best validation performance so far. Copying weights to 'out/rc_baseline_simple_v3/best.th'.
2019-05-30 15:08:44,043 - INFO - allennlp.training.trainer - Epoch duration: 00:17:35
2019-05-30 15:08:44,043 - INFO - allennlp.training.checkpointer - loading best weights
