0it [00:00, ?it/s]
7915it [00:10, 791.47it/s]
15947it [00:20, 794.94it/s]
24063it [00:30, 799.86it/s]
32249it [00:40, 805.38it/s]
40757it [00:50, 818.46it/s]
49265it [01:00, 822.84it/s]
57598it [01:10, 824.69it/s]
66042it [01:20, 830.49it/s]
74486it [01:31, 798.56it/s]
75188it [01:32, 810.66it/s]

0it [00:00, ?it/s]
411793it [00:10, 41179.21it/s]
859224it [00:20, 42187.29it/s]
1308540it [00:30, 42974.71it/s]
1702926it [00:38, 43956.23it/s]

0it [00:00, ?it/s]
336883it [00:10, 33688.26it/s]
739421it [00:20, 35421.41it/s]
1152455it [00:30, 37002.25it/s]
1580012it [00:40, 38558.80it/s]
1702926it [00:42, 39780.83it/s]

  0%|          | 0/4104 [00:00<?, ?it/s]
em: 0.0000, f1: 0.0112, loss: 9.4704 ||:   0%|          | 1/4104 [00:27<31:15:28, 27.43s/it]
em: 0.0211, f1: 0.0280, loss: 6.9022 ||:   1%|          | 39/4104 [00:37<21:46:16, 19.28s/it]
em: 0.0395, f1: 0.0477, loss: 6.4157 ||:   2%|1         | 77/4104 [00:48<15:11:12, 13.58s/it]
em: 0.0413, f1: 0.0505, loss: 6.2763 ||:   3%|2         | 115/4104 [00:58<10:37:18,  9.59s/it]
em: 0.0584, f1: 0.0690, loss: 6.1066 ||:   4%|3         | 153/4104 [01:08<7:27:15,  6.79s/it] 
em: 0.0627, f1: 0.0813, loss: 5.9201 ||:   5%|4         | 191/4104 [01:18<5:15:15,  4.83s/it]
em: 0.0697, f1: 0.0930, loss: 5.7749 ||:   6%|5         | 229/4104 [01:29<3:43:43,  3.46s/it]
em: 0.0740, f1: 0.1002, loss: 5.6954 ||:   7%|6         | 267/4104 [01:39<2:40:09,  2.50s/it]
em: 0.0748, f1: 0.1021, loss: 5.6430 ||:   7%|7         | 305/4104 [01:49<1:56:15,  1.84s/it]
em: 0.0840, f1: 0.1122, loss: 5.5476 ||:   8%|8         | 343/4104 [02:00<1:25:52,  1.37s/it]
em: 0.0848, f1: 0.1130, loss: 5.4968 ||:   9%|9         | 381/4104 [02:10<1:04:33,  1.04s/it]
em: 0.0865, f1: 0.1138, loss: 5.4589 ||:  10%|#         | 419/4104 [02:21<49:45,  1.23it/s]  
em: 0.0886, f1: 0.1157, loss: 5.4074 ||:  11%|#1        | 457/4104 [02:31<39:20,  1.55it/s]
em: 0.0903, f1: 0.1184, loss: 5.3775 ||:  12%|#2        | 496/4104 [02:41<31:58,  1.88it/s]
em: 0.0940, f1: 0.1225, loss: 5.3141 ||:  13%|#3        | 535/4104 [02:52<27:02,  2.20it/s]
em: 0.0979, f1: 0.1265, loss: 5.2664 ||:  14%|#3        | 573/4104 [03:02<23:28,  2.51it/s]
em: 0.1008, f1: 0.1300, loss: 5.2207 ||:  15%|#4        | 611/4104 [03:12<20:56,  2.78it/s]
em: 0.1025, f1: 0.1317, loss: 5.1862 ||:  16%|#5        | 649/4104 [03:23<19:15,  2.99it/s]
em: 0.1035, f1: 0.1328, loss: 5.1503 ||:  17%|#6        | 687/4104 [03:33<17:51,  3.19it/s]
em: 0.1046, f1: 0.1344, loss: 5.1196 ||:  18%|#7        | 725/4104 [03:43<16:51,  3.34it/s]
em: 0.1067, f1: 0.1366, loss: 5.0915 ||:  19%|#8        | 763/4104 [03:57<17:50,  3.12it/s]
em: 0.1078, f1: 0.1377, loss: 5.0534 ||:  19%|#9        | 800/4104 [04:07<16:52,  3.26it/s]
em: 0.1093, f1: 0.1401, loss: 5.0382 ||:  20%|##        | 839/4104 [04:17<15:56,  3.41it/s]
em: 0.1106, f1: 0.1416, loss: 5.0223 ||:  21%|##1       | 878/4104 [04:28<15:22,  3.50it/s]
em: 0.1123, f1: 0.1434, loss: 5.0043 ||:  22%|##2       | 916/4104 [04:38<15:02,  3.53it/s]
em: 0.1138, f1: 0.1448, loss: 4.9684 ||:  23%|##3       | 954/4104 [04:48<14:36,  3.59it/s]
em: 0.1151, f1: 0.1461, loss: 4.9511 ||:  24%|##4       | 992/4104 [04:59<14:20,  3.62it/s]
em: 0.1168, f1: 0.1477, loss: 4.9410 ||:  25%|##5       | 1030/4104 [05:09<14:00,  3.66it/s]
em: 0.1176, f1: 0.1486, loss: 4.9288 ||:  26%|##6       | 1068/4104 [05:19<13:46,  3.68it/s]
em: 0.1178, f1: 0.1487, loss: 4.9201 ||:  27%|##6       | 1106/4104 [05:30<13:40,  3.65it/s]
em: 0.1191, f1: 0.1498, loss: 4.9098 ||:  28%|##7       | 1143/4104 [05:40<13:34,  3.63it/s]
em: 0.1197, f1: 0.1501, loss: 4.8902 ||:  29%|##8       | 1180/4104 [05:50<13:21,  3.65it/s]
em: 0.1205, f1: 0.1507, loss: 4.8812 ||:  30%|##9       | 1217/4104 [06:00<13:15,  3.63it/s]
em: 0.1207, f1: 0.1506, loss: 4.8691 ||:  31%|###       | 1255/4104 [06:10<13:00,  3.65it/s]
em: 0.1214, f1: 0.1515, loss: 4.8568 ||:  32%|###1      | 1293/4104 [06:21<12:45,  3.67it/s]
em: 0.1226, f1: 0.1528, loss: 4.8425 ||:  32%|###2      | 1331/4104 [06:31<12:34,  3.68it/s]
em: 0.1236, f1: 0.1537, loss: 4.8292 ||:  33%|###3      | 1369/4104 [06:41<12:26,  3.66it/s]
em: 0.1240, f1: 0.1541, loss: 4.8153 ||:  34%|###4      | 1407/4104 [06:52<12:19,  3.65it/s]
em: 0.1245, f1: 0.1548, loss: 4.8003 ||:  35%|###5      | 1445/4104 [07:03<12:11,  3.63it/s]
em: 0.1240, f1: 0.1546, loss: 4.7876 ||:  36%|###6      | 1483/4104 [07:13<12:03,  3.62it/s]
em: 0.1243, f1: 0.1547, loss: 4.7796 ||:  37%|###7      | 1521/4104 [07:23<11:47,  3.65it/s]
em: 0.1246, f1: 0.1549, loss: 4.7680 ||:  38%|###7      | 1559/4104 [07:33<11:32,  3.68it/s]
em: 0.1252, f1: 0.1556, loss: 4.7567 ||:  39%|###8      | 1597/4104 [07:44<11:17,  3.70it/s]
em: 0.1257, f1: 0.1559, loss: 4.7500 ||:  40%|###9      | 1635/4104 [07:58<12:21,  3.33it/s]
em: 0.1264, f1: 0.1568, loss: 4.7382 ||:  41%|####      | 1673/4104 [08:08<11:49,  3.43it/s]
em: 0.1270, f1: 0.1572, loss: 4.7266 ||:  42%|####1     | 1711/4104 [08:18<11:19,  3.52it/s]
em: 0.1274, f1: 0.1576, loss: 4.7171 ||:  43%|####2     | 1749/4104 [08:28<10:57,  3.58it/s]
em: 0.1276, f1: 0.1579, loss: 4.7046 ||:  44%|####3     | 1787/4104 [08:38<10:39,  3.62it/s]
em: 0.1282, f1: 0.1588, loss: 4.6960 ||:  44%|####4     | 1825/4104 [08:49<10:27,  3.63it/s]
em: 0.1287, f1: 0.1594, loss: 4.6911 ||:  45%|####5     | 1863/4104 [08:59<10:11,  3.66it/s]
em: 0.1288, f1: 0.1594, loss: 4.6831 ||:  46%|####6     | 1901/4104 [09:09<10:01,  3.66it/s]
em: 0.1288, f1: 0.1594, loss: 4.6726 ||:  47%|####7     | 1939/4104 [09:20<09:52,  3.65it/s]
em: 0.1289, f1: 0.1598, loss: 4.6633 ||:  48%|####8     | 1977/4104 [09:30<09:39,  3.67it/s]
em: 0.1296, f1: 0.1605, loss: 4.6528 ||:  49%|####9     | 2015/4104 [09:41<09:29,  3.67it/s]
em: 0.1302, f1: 0.1611, loss: 4.6467 ||:  50%|#####     | 2053/4104 [09:51<09:21,  3.65it/s]
em: 0.1307, f1: 0.1615, loss: 4.6420 ||:  51%|#####     | 2091/4104 [10:01<09:10,  3.66it/s]
em: 0.1317, f1: 0.1624, loss: 4.6365 ||:  52%|#####1    | 2129/4104 [10:12<09:02,  3.64it/s]
em: 0.1323, f1: 0.1631, loss: 4.6256 ||:  53%|#####2    | 2167/4104 [10:22<08:50,  3.65it/s]
em: 0.1332, f1: 0.1642, loss: 4.6128 ||:  54%|#####3    | 2205/4104 [10:32<08:34,  3.69it/s]
em: 0.1335, f1: 0.1644, loss: 4.6012 ||:  55%|#####4    | 2244/4104 [10:42<08:18,  3.73it/s]
em: 0.1344, f1: 0.1656, loss: 4.5913 ||:  56%|#####5    | 2283/4104 [10:53<08:09,  3.72it/s]
em: 0.1351, f1: 0.1661, loss: 4.5820 ||:  57%|#####6    | 2321/4104 [11:03<08:00,  3.71it/s]
em: 0.1350, f1: 0.1660, loss: 4.5726 ||:  57%|#####7    | 2358/4104 [11:13<07:53,  3.69it/s]
em: 0.1356, f1: 0.1667, loss: 4.5707 ||:  58%|#####8    | 2396/4104 [11:24<07:40,  3.71it/s]
em: 0.1364, f1: 0.1676, loss: 4.5669 ||:  59%|#####9    | 2434/4104 [11:34<07:33,  3.68it/s]
em: 0.1365, f1: 0.1677, loss: 4.5606 ||:  60%|######    | 2472/4104 [11:44<07:19,  3.72it/s]
em: 0.1366, f1: 0.1679, loss: 4.5573 ||:  61%|######1   | 2510/4104 [11:54<07:08,  3.72it/s]
em: 0.1373, f1: 0.1685, loss: 4.5490 ||:  62%|######2   | 2548/4104 [12:05<06:58,  3.72it/s]
em: 0.1382, f1: 0.1693, loss: 4.5376 ||:  63%|######3   | 2586/4104 [12:15<06:47,  3.73it/s]
em: 0.1389, f1: 0.1700, loss: 4.5340 ||:  64%|######3   | 2624/4104 [12:25<06:39,  3.71it/s]
em: 0.1392, f1: 0.1702, loss: 4.5262 ||:  65%|######4   | 2661/4104 [12:35<06:30,  3.70it/s]
em: 0.1397, f1: 0.1708, loss: 4.5204 ||:  66%|######5   | 2699/4104 [12:45<06:20,  3.70it/s]
em: 0.1400, f1: 0.1711, loss: 4.5155 ||:  67%|######6   | 2737/4104 [12:56<06:13,  3.66it/s]
em: 0.1401, f1: 0.1712, loss: 4.5106 ||:  68%|######7   | 2775/4104 [13:10<06:44,  3.29it/s]
em: 0.1406, f1: 0.1717, loss: 4.5068 ||:  69%|######8   | 2813/4104 [13:21<06:21,  3.38it/s]
em: 0.1413, f1: 0.1724, loss: 4.4995 ||:  69%|######9   | 2851/4104 [13:31<06:00,  3.48it/s]
em: 0.1417, f1: 0.1729, loss: 4.4980 ||:  70%|#######   | 2889/4104 [13:41<05:44,  3.52it/s]
em: 0.1422, f1: 0.1733, loss: 4.4977 ||:  71%|#######1  | 2927/4104 [13:52<05:30,  3.56it/s]
em: 0.1428, f1: 0.1739, loss: 4.4954 ||:  72%|#######2  | 2965/4104 [14:02<05:17,  3.59it/s]
em: 0.1427, f1: 0.1738, loss: 4.4934 ||:  73%|#######3  | 3003/4104 [14:13<05:07,  3.58it/s]
em: 0.1433, f1: 0.1744, loss: 4.4873 ||:  74%|#######4  | 3041/4104 [14:23<04:54,  3.61it/s]
em: 0.1442, f1: 0.1753, loss: 4.4771 ||:  75%|#######5  | 3079/4104 [14:33<04:41,  3.65it/s]
em: 0.1444, f1: 0.1756, loss: 4.4710 ||:  76%|#######5  | 3117/4104 [14:44<04:28,  3.67it/s]
em: 0.1447, f1: 0.1758, loss: 4.4663 ||:  77%|#######6  | 3155/4104 [14:54<04:18,  3.67it/s]
em: 0.1453, f1: 0.1764, loss: 4.4573 ||:  78%|#######7  | 3193/4104 [15:04<04:06,  3.70it/s]
em: 0.1455, f1: 0.1766, loss: 4.4527 ||:  79%|#######8  | 3231/4104 [15:14<03:55,  3.70it/s]
em: 0.1462, f1: 0.1771, loss: 4.4472 ||:  80%|#######9  | 3269/4104 [15:24<03:44,  3.71it/s]
em: 0.1462, f1: 0.1771, loss: 4.4419 ||:  81%|########  | 3307/4104 [15:35<03:33,  3.73it/s]
em: 0.1464, f1: 0.1773, loss: 4.4330 ||:  82%|########1 | 3345/4104 [15:45<03:22,  3.74it/s]
em: 0.1469, f1: 0.1778, loss: 4.4303 ||:  82%|########2 | 3383/4104 [15:55<03:14,  3.71it/s]
em: 0.1473, f1: 0.1782, loss: 4.4263 ||:  83%|########3 | 3421/4104 [16:05<03:04,  3.69it/s]
em: 0.1477, f1: 0.1786, loss: 4.4230 ||:  84%|########4 | 3459/4104 [16:16<02:55,  3.67it/s]
em: 0.1482, f1: 0.1792, loss: 4.4188 ||:  85%|########5 | 3497/4104 [16:26<02:44,  3.69it/s]
em: 0.1486, f1: 0.1795, loss: 4.4141 ||:  86%|########6 | 3535/4104 [16:36<02:34,  3.68it/s]
em: 0.1489, f1: 0.1798, loss: 4.4118 ||:  87%|########7 | 3573/4104 [16:47<02:24,  3.67it/s]
em: 0.1491, f1: 0.1799, loss: 4.4098 ||:  88%|########7 | 3611/4104 [16:57<02:13,  3.68it/s]
em: 0.1494, f1: 0.1801, loss: 4.4038 ||:  89%|########8 | 3649/4104 [17:07<02:03,  3.69it/s]
em: 0.1496, f1: 0.1804, loss: 4.3977 ||:  90%|########9 | 3687/4104 [17:18<01:52,  3.69it/s]
em: 0.1495, f1: 0.1802, loss: 4.3947 ||:  91%|######### | 3725/4104 [17:28<01:43,  3.67it/s]
em: 0.1502, f1: 0.1809, loss: 4.3918 ||:  92%|#########1| 3763/4104 [17:39<01:33,  3.66it/s]
em: 0.1502, f1: 0.1809, loss: 4.3892 ||:  93%|#########2| 3801/4104 [17:49<01:23,  3.64it/s]
em: 0.1507, f1: 0.1814, loss: 4.3859 ||:  94%|#########3| 3839/4104 [17:59<01:12,  3.66it/s]
em: 0.1503, f1: 0.1811, loss: 4.3895 ||:  94%|#########4| 3877/4104 [18:10<01:02,  3.65it/s]
em: 0.1502, f1: 0.1814, loss: 4.3921 ||:  95%|#########5| 3915/4104 [18:20<00:51,  3.69it/s]
em: 0.1500, f1: 0.1813, loss: 4.3955 ||:  96%|#########6| 3953/4104 [18:30<00:40,  3.69it/s]
em: 0.1498, f1: 0.1812, loss: 4.3997 ||:  97%|#########7| 3991/4104 [18:40<00:30,  3.70it/s]
em: 0.1494, f1: 0.1809, loss: 4.4026 ||:  98%|#########8| 4029/4104 [18:51<00:20,  3.69it/s]
em: 0.1493, f1: 0.1809, loss: 4.4069 ||:  99%|#########9| 4067/4104 [19:01<00:09,  3.71it/s]
em: 0.1492, f1: 0.1808, loss: 4.4088 ||: : 4105it [19:11,  3.70it/s]                        
em: 0.1489, f1: 0.1806, loss: 4.4130 ||: : 4143it [19:21,  3.72it/s]
em: 0.1488, f1: 0.1806, loss: 4.4140 ||: : 4158it [19:25,  3.57it/s]

  0%|          | 0/596 [00:00<?, ?it/s]
em: 0.2744, f1: 0.2942, loss: 993592.8119 ||:   7%|6         | 39/596 [00:10<02:35,  3.58it/s]
em: 0.2238, f1: 0.2549, loss: 1735540.1295 ||:  20%|##        | 121/596 [00:20<01:50,  4.31it/s]
em: 0.2045, f1: 0.2343, loss: 1708746.8472 ||:  34%|###4      | 203/596 [00:30<01:18,  5.02it/s]
em: 0.2054, f1: 0.2371, loss: 1592108.3766 ||:  48%|####7     | 285/596 [00:41<00:55,  5.65it/s]
em: 0.2037, f1: 0.2331, loss: 1562503.1295 ||:  61%|######1   | 366/596 [00:51<00:37,  6.13it/s]
em: 0.1997, f1: 0.2301, loss: 1508186.0530 ||:  74%|#######4  | 443/596 [01:02<00:23,  6.50it/s]
em: 0.1886, f1: 0.2190, loss: 1817545.2888 ||:  89%|########9 | 533/596 [01:12<00:09,  6.96it/s]
em: 0.1796, f1: 0.2095, loss: 1954680.2171 ||: : 604it [01:20,  7.51it/s]                       

  0%|          | 0/4104 [00:00<?, ?it/s]
em: 0.2022, f1: 0.2333, loss: 3.7090 ||:   1%|          | 41/4104 [00:10<16:52,  4.01it/s]
em: 0.2091, f1: 0.2410, loss: 3.7660 ||:   2%|1         | 82/4104 [00:20<16:37,  4.03it/s]
em: 0.1965, f1: 0.2274, loss: 3.8999 ||:   3%|2         | 123/4104 [00:30<16:25,  4.04it/s]
em: 0.1942, f1: 0.2237, loss: 3.8734 ||:   4%|4         | 165/4104 [00:40<16:09,  4.06it/s]
em: 0.1939, f1: 0.2241, loss: 3.8578 ||:   5%|5         | 207/4104 [00:50<15:55,  4.08it/s]
em: 0.1977, f1: 0.2295, loss: 3.8476 ||:   6%|6         | 249/4104 [01:01<15:47,  4.07it/s]
em: 0.1956, f1: 0.2277, loss: 3.8699 ||:   7%|7         | 291/4104 [01:11<15:30,  4.10it/s]
em: 0.1937, f1: 0.2272, loss: 3.8884 ||:   8%|8         | 333/4104 [01:21<15:28,  4.06it/s]
em: 0.1906, f1: 0.2244, loss: 3.8947 ||:   9%|9         | 373/4104 [01:31<15:26,  4.03it/s]
em: 0.1886, f1: 0.2213, loss: 3.9193 ||:  10%|#         | 415/4104 [01:42<15:08,  4.06it/s]
em: 0.1871, f1: 0.2195, loss: 3.9141 ||:  11%|#1        | 457/4104 [01:52<14:59,  4.05it/s]
em: 0.1848, f1: 0.2166, loss: 3.9269 ||:  12%|#2        | 500/4104 [02:02<14:38,  4.10it/s]
em: 0.1853, f1: 0.2164, loss: 3.9028 ||:  13%|#3        | 543/4104 [02:13<14:32,  4.08it/s]
em: 0.1859, f1: 0.2177, loss: 3.8966 ||:  14%|#4        | 585/4104 [02:23<14:19,  4.10it/s]
em: 0.1852, f1: 0.2167, loss: 3.8867 ||:  15%|#5        | 627/4104 [02:33<14:12,  4.08it/s]
em: 0.1851, f1: 0.2173, loss: 3.8850 ||:  16%|#6        | 668/4104 [02:44<14:06,  4.06it/s]
em: 0.1865, f1: 0.2190, loss: 3.8719 ||:  17%|#7        | 711/4104 [02:54<13:47,  4.10it/s]
em: 0.1852, f1: 0.2181, loss: 3.8711 ||:  18%|#8        | 754/4104 [03:04<13:38,  4.09it/s]
em: 0.1841, f1: 0.2168, loss: 3.8628 ||:  19%|#9        | 795/4104 [03:14<13:30,  4.08it/s]
em: 0.1855, f1: 0.2184, loss: 3.8726 ||:  20%|##        | 837/4104 [03:25<13:16,  4.10it/s]
em: 0.1854, f1: 0.2185, loss: 3.8789 ||:  21%|##1       | 879/4104 [03:35<13:10,  4.08it/s]
em: 0.1853, f1: 0.2186, loss: 3.8799 ||:  22%|##2       | 920/4104 [03:45<13:04,  4.06it/s]
em: 0.1863, f1: 0.2197, loss: 3.8657 ||:  23%|##3       | 962/4104 [03:55<12:47,  4.09it/s]
em: 0.1880, f1: 0.2210, loss: 3.8667 ||:  24%|##4       | 1004/4104 [04:06<12:39,  4.08it/s]
em: 0.1877, f1: 0.2206, loss: 3.8748 ||:  25%|##5       | 1046/4104 [04:16<12:28,  4.09it/s]
em: 0.1876, f1: 0.2205, loss: 3.8823 ||:  26%|##6       | 1087/4104 [04:26<12:20,  4.07it/s]
em: 0.1874, f1: 0.2203, loss: 3.8885 ||:  27%|##7       | 1128/4104 [04:36<12:11,  4.07it/s]
em: 0.1875, f1: 0.2204, loss: 3.8874 ||:  28%|##8       | 1169/4104 [04:46<12:03,  4.06it/s]
em: 0.1883, f1: 0.2211, loss: 3.8835 ||:  29%|##9       | 1210/4104 [04:56<11:50,  4.07it/s]
em: 0.1885, f1: 0.2211, loss: 3.8833 ||:  30%|###       | 1251/4104 [05:06<11:42,  4.06it/s]
em: 0.1884, f1: 0.2210, loss: 3.8819 ||:  32%|###1      | 1293/4104 [05:17<11:32,  4.06it/s]
em: 0.1887, f1: 0.2212, loss: 3.8811 ||:  33%|###2      | 1335/4104 [05:27<11:19,  4.07it/s]
em: 0.1889, f1: 0.2214, loss: 3.8759 ||:  34%|###3      | 1377/4104 [05:38<11:11,  4.06it/s]
em: 0.1887, f1: 0.2215, loss: 3.8725 ||:  35%|###4      | 1418/4104 [05:48<11:03,  4.05it/s]
em: 0.1889, f1: 0.2217, loss: 3.8671 ||:  36%|###5      | 1459/4104 [05:58<10:57,  4.02it/s]
em: 0.1885, f1: 0.2214, loss: 3.8635 ||:  37%|###6      | 1500/4104 [06:08<10:47,  4.02it/s]
em: 0.1887, f1: 0.2217, loss: 3.8580 ||:  38%|###7      | 1542/4104 [06:19<10:33,  4.04it/s]
em: 0.1892, f1: 0.2224, loss: 3.8527 ||:  39%|###8      | 1584/4104 [06:29<10:18,  4.07it/s]
em: 0.1891, f1: 0.2221, loss: 3.8557 ||:  40%|###9      | 1626/4104 [06:39<10:07,  4.08it/s]
em: 0.1896, f1: 0.2225, loss: 3.8532 ||:  41%|####      | 1668/4104 [06:49<09:59,  4.06it/s]
em: 0.1899, f1: 0.2228, loss: 3.8499 ||:  42%|####1     | 1710/4104 [06:59<09:44,  4.09it/s]
em: 0.1902, f1: 0.2231, loss: 3.8462 ||:  43%|####2     | 1752/4104 [07:10<09:37,  4.07it/s]
em: 0.1901, f1: 0.2232, loss: 3.8415 ||:  44%|####3     | 1793/4104 [07:20<09:29,  4.06it/s]
em: 0.1904, f1: 0.2235, loss: 3.8381 ||:  45%|####4     | 1835/4104 [07:30<09:14,  4.09it/s]
em: 0.1915, f1: 0.2247, loss: 3.8360 ||:  46%|####5     | 1877/4104 [07:40<09:03,  4.10it/s]
em: 0.1913, f1: 0.2245, loss: 3.8337 ||:  47%|####6     | 1919/4104 [07:51<08:56,  4.07it/s]
em: 0.1918, f1: 0.2250, loss: 3.8270 ||:  48%|####7     | 1960/4104 [08:01<08:49,  4.05it/s]
em: 0.1920, f1: 0.2255, loss: 3.8259 ||:  49%|####8     | 2001/4104 [08:11<08:37,  4.06it/s]
em: 0.1922, f1: 0.2257, loss: 3.8215 ||:  50%|####9     | 2042/4104 [08:21<08:27,  4.06it/s]
em: 0.1920, f1: 0.2255, loss: 3.8210 ||:  51%|#####     | 2083/4104 [08:31<08:16,  4.07it/s]
em: 0.1922, f1: 0.2254, loss: 3.8231 ||:  52%|#####1    | 2124/4104 [08:41<08:08,  4.06it/s]
em: 0.1925, f1: 0.2258, loss: 3.8173 ||:  53%|#####2    | 2165/4104 [08:52<08:02,  4.02it/s]
em: 0.1928, f1: 0.2262, loss: 3.8121 ||:  54%|#####3    | 2207/4104 [09:02<07:47,  4.05it/s]
em: 0.1928, f1: 0.2262, loss: 3.8060 ||:  55%|#####4    | 2249/4104 [09:12<07:33,  4.09it/s]
em: 0.1932, f1: 0.2266, loss: 3.8024 ||:  56%|#####5    | 2291/4104 [09:22<07:22,  4.10it/s]
em: 0.1934, f1: 0.2268, loss: 3.7999 ||:  57%|#####6    | 2333/4104 [09:33<07:13,  4.09it/s]
em: 0.1937, f1: 0.2269, loss: 3.7937 ||:  58%|#####7    | 2374/4104 [09:43<07:04,  4.07it/s]
em: 0.1943, f1: 0.2275, loss: 3.7969 ||:  59%|#####8    | 2415/4104 [09:53<06:54,  4.08it/s]
em: 0.1946, f1: 0.2278, loss: 3.7963 ||:  60%|#####9    | 2457/4104 [10:03<06:42,  4.09it/s]
em: 0.1948, f1: 0.2280, loss: 3.7968 ||:  61%|######    | 2500/4104 [10:13<06:28,  4.12it/s]
em: 0.1957, f1: 0.2289, loss: 3.7908 ||:  62%|######1   | 2543/4104 [10:24<06:19,  4.11it/s]
em: 0.1965, f1: 0.2297, loss: 3.7863 ||:  63%|######2   | 2585/4104 [10:34<06:10,  4.10it/s]
em: 0.1972, f1: 0.2304, loss: 3.7847 ||:  64%|######3   | 2626/4104 [10:44<06:01,  4.09it/s]
em: 0.1977, f1: 0.2309, loss: 3.7813 ||:  65%|######4   | 2667/4104 [10:54<05:53,  4.07it/s]
em: 0.1978, f1: 0.2310, loss: 3.7797 ||:  66%|######5   | 2708/4104 [11:04<05:44,  4.05it/s]
em: 0.1977, f1: 0.2310, loss: 3.7792 ||:  67%|######6   | 2749/4104 [11:15<05:35,  4.03it/s]
em: 0.1978, f1: 0.2311, loss: 3.7770 ||:  68%|######7   | 2790/4104 [11:25<05:25,  4.03it/s]
em: 0.1983, f1: 0.2318, loss: 3.7764 ||:  69%|######9   | 2832/4104 [11:35<05:11,  4.08it/s]
em: 0.1986, f1: 0.2322, loss: 3.7773 ||:  70%|#######   | 2874/4104 [11:46<05:04,  4.04it/s]
em: 0.1988, f1: 0.2323, loss: 3.7799 ||:  71%|#######1  | 2914/4104 [11:56<04:55,  4.03it/s]
em: 0.1994, f1: 0.2329, loss: 3.7803 ||:  72%|#######2  | 2955/4104 [12:06<04:44,  4.03it/s]
em: 0.1991, f1: 0.2326, loss: 3.7824 ||:  73%|#######3  | 2996/4104 [12:16<04:36,  4.00it/s]
em: 0.1993, f1: 0.2328, loss: 3.7793 ||:  74%|#######4  | 3037/4104 [12:26<04:25,  4.01it/s]
em: 0.1998, f1: 0.2333, loss: 3.7728 ||:  75%|#######5  | 3078/4104 [12:36<04:14,  4.03it/s]
em: 0.2002, f1: 0.2338, loss: 3.7688 ||:  76%|#######5  | 3119/4104 [12:47<04:04,  4.03it/s]
em: 0.2008, f1: 0.2345, loss: 3.7664 ||:  77%|#######6  | 3160/4104 [12:57<03:54,  4.02it/s]
em: 0.2016, f1: 0.2352, loss: 3.7601 ||:  78%|#######8  | 3202/4104 [13:07<03:42,  4.06it/s]
em: 0.2017, f1: 0.2353, loss: 3.7585 ||:  79%|#######9  | 3244/4104 [13:17<03:30,  4.08it/s]
em: 0.2017, f1: 0.2353, loss: 3.7568 ||:  80%|########  | 3286/4104 [13:27<03:19,  4.09it/s]
em: 0.2023, f1: 0.2358, loss: 3.7517 ||:  81%|########1 | 3328/4104 [13:37<03:09,  4.10it/s]
em: 0.2027, f1: 0.2363, loss: 3.7481 ||:  82%|########2 | 3370/4104 [13:48<02:59,  4.09it/s]
em: 0.2031, f1: 0.2367, loss: 3.7487 ||:  83%|########3 | 3411/4104 [13:58<02:49,  4.08it/s]
em: 0.2030, f1: 0.2367, loss: 3.7477 ||:  84%|########4 | 3452/4104 [14:08<02:41,  4.04it/s]
em: 0.2038, f1: 0.2376, loss: 3.7448 ||:  85%|########5 | 3494/4104 [14:18<02:29,  4.07it/s]
em: 0.2045, f1: 0.2383, loss: 3.7429 ||:  86%|########6 | 3536/4104 [14:29<02:19,  4.06it/s]
em: 0.2048, f1: 0.2385, loss: 3.7436 ||:  87%|########7 | 3577/4104 [14:39<02:10,  4.05it/s]
em: 0.2051, f1: 0.2388, loss: 3.7435 ||:  88%|########8 | 3619/4104 [14:49<01:58,  4.08it/s]
em: 0.2054, f1: 0.2392, loss: 3.7376 ||:  89%|########9 | 3661/4104 [14:59<01:48,  4.10it/s]
em: 0.2057, f1: 0.2395, loss: 3.7348 ||:  90%|######### | 3703/4104 [15:10<01:38,  4.09it/s]
em: 0.2062, f1: 0.2399, loss: 3.7333 ||:  91%|#########1| 3744/4104 [15:20<01:29,  4.04it/s]
em: 0.2064, f1: 0.2402, loss: 3.7318 ||:  92%|#########2| 3785/4104 [15:30<01:19,  4.03it/s]
em: 0.2066, f1: 0.2404, loss: 3.7321 ||:  93%|#########3| 3826/4104 [15:40<01:08,  4.04it/s]
em: 0.2061, f1: 0.2400, loss: 3.7365 ||:  94%|#########4| 3867/4104 [15:51<00:59,  4.01it/s]
em: 0.2060, f1: 0.2401, loss: 3.7432 ||:  95%|#########5| 3909/4104 [16:01<00:48,  4.06it/s]
em: 0.2055, f1: 0.2397, loss: 3.7509 ||:  96%|#########6| 3951/4104 [16:11<00:37,  4.05it/s]
em: 0.2048, f1: 0.2391, loss: 3.7590 ||:  97%|#########7| 3992/4104 [16:21<00:27,  4.05it/s]
em: 0.2043, f1: 0.2386, loss: 3.7653 ||:  98%|#########8| 4033/4104 [16:32<00:17,  4.04it/s]
em: 0.2035, f1: 0.2380, loss: 3.7741 ||:  99%|#########9| 4075/4104 [16:42<00:07,  4.08it/s]
em: 0.2029, f1: 0.2374, loss: 3.7816 ||: : 4117it [16:52,  4.06it/s]                        
em: 0.2022, f1: 0.2367, loss: 3.7896 ||: : 4158it [17:02,  4.04it/s]

  0%|          | 0/596 [00:00<?, ?it/s]
em: 0.2950, f1: 0.3183, loss: 1666669.1706 ||:  18%|#8        | 108/596 [00:10<00:45, 10.76it/s]
em: 0.2769, f1: 0.3011, loss: 1669562.8501 ||:  36%|###6      | 216/596 [00:20<00:35, 10.65it/s]
em: 0.2685, f1: 0.2939, loss: 1612152.3074 ||:  54%|#####3    | 321/596 [00:30<00:26, 10.56it/s]
em: 0.2694, f1: 0.2935, loss: 1523532.2254 ||:  71%|#######1  | 425/596 [00:41<00:16, 10.18it/s]
em: 0.2518, f1: 0.2769, loss: 1860011.9262 ||:  91%|######### | 542/596 [00:51<00:05, 10.58it/s]
em: 0.2374, f1: 0.2632, loss: 1954679.8713 ||: : 604it [00:57, 10.46it/s]                       

  0%|          | 0/4104 [00:00<?, ?it/s]
em: 0.2611, f1: 0.3003, loss: 3.2723 ||:   1%|          | 40/4104 [00:10<16:58,  3.99it/s]
em: 0.2617, f1: 0.2986, loss: 3.3355 ||:   2%|1         | 81/4104 [00:20<16:40,  4.02it/s]
em: 0.2495, f1: 0.2858, loss: 3.5220 ||:   3%|2         | 122/4104 [00:30<16:26,  4.04it/s]
em: 0.2461, f1: 0.2823, loss: 3.4942 ||:   4%|3         | 163/4104 [00:40<16:13,  4.05it/s]
em: 0.2494, f1: 0.2860, loss: 3.4741 ||:   5%|4         | 205/4104 [00:50<15:58,  4.07it/s]
em: 0.2482, f1: 0.2850, loss: 3.4615 ||:   6%|6         | 247/4104 [01:00<15:46,  4.07it/s]
em: 0.2482, f1: 0.2851, loss: 3.4971 ||:   7%|7         | 288/4104 [01:10<15:37,  4.07it/s]
em: 0.2496, f1: 0.2872, loss: 3.4979 ||:   8%|8         | 329/4104 [01:21<15:37,  4.03it/s]
em: 0.2466, f1: 0.2848, loss: 3.5152 ||:   9%|9         | 370/4104 [01:31<15:26,  4.03it/s]
em: 0.2418, f1: 0.2794, loss: 3.5316 ||:  10%|#         | 411/4104 [01:41<15:17,  4.02it/s]
em: 0.2412, f1: 0.2789, loss: 3.5235 ||:  11%|#1        | 453/4104 [01:51<14:59,  4.06it/s]
em: 0.2395, f1: 0.2778, loss: 3.5347 ||:  12%|#2        | 495/4104 [02:02<14:48,  4.06it/s]
em: 0.2409, f1: 0.2782, loss: 3.5028 ||:  13%|#3        | 536/4104 [02:12<14:38,  4.06it/s]
em: 0.2433, f1: 0.2810, loss: 3.4987 ||:  14%|#4        | 578/4104 [02:22<14:25,  4.08it/s]
em: 0.2451, f1: 0.2823, loss: 3.4837 ||:  15%|#5        | 620/4104 [02:32<14:15,  4.07it/s]
em: 0.2455, f1: 0.2823, loss: 3.4869 ||:  16%|#6        | 661/4104 [02:42<14:09,  4.05it/s]
em: 0.2447, f1: 0.2816, loss: 3.4825 ||:  17%|#7        | 704/4104 [02:53<13:50,  4.09it/s]
em: 0.2446, f1: 0.2816, loss: 3.4770 ||:  18%|#8        | 746/4104 [03:03<13:40,  4.09it/s]
em: 0.2441, f1: 0.2807, loss: 3.4698 ||:  19%|#9        | 787/4104 [03:13<13:36,  4.06it/s]
em: 0.2440, f1: 0.2805, loss: 3.4803 ||:  20%|##        | 829/4104 [03:23<13:18,  4.10it/s]
em: 0.2447, f1: 0.2815, loss: 3.4862 ||:  21%|##1       | 871/4104 [03:33<13:08,  4.10it/s]
em: 0.2447, f1: 0.2815, loss: 3.4943 ||:  22%|##2       | 912/4104 [03:44<13:08,  4.05it/s]
em: 0.2446, f1: 0.2813, loss: 3.4836 ||:  23%|##3       | 953/4104 [03:54<12:57,  4.05it/s]
em: 0.2459, f1: 0.2825, loss: 3.4761 ||:  24%|##4       | 994/4104 [04:04<12:47,  4.05it/s]
em: 0.2453, f1: 0.2815, loss: 3.4890 ||:  25%|##5       | 1036/4104 [04:14<12:32,  4.08it/s]
em: 0.2457, f1: 0.2818, loss: 3.4934 ||:  26%|##6       | 1078/4104 [04:25<12:21,  4.08it/s]
em: 0.2452, f1: 0.2813, loss: 3.4990 ||:  27%|##7       | 1119/4104 [04:35<12:16,  4.05it/s]
em: 0.2454, f1: 0.2816, loss: 3.4999 ||:  28%|##8       | 1161/4104 [04:45<11:59,  4.09it/s]
em: 0.2456, f1: 0.2815, loss: 3.4922 ||:  29%|##9       | 1203/4104 [04:55<11:55,  4.05it/s]
em: 0.2460, f1: 0.2818, loss: 3.4971 ||:  30%|###       | 1244/4104 [05:06<11:45,  4.06it/s]
em: 0.2462, f1: 0.2821, loss: 3.4964 ||:  31%|###1      | 1285/4104 [05:16<11:36,  4.04it/s]
em: 0.2468, f1: 0.2829, loss: 3.4955 ||:  32%|###2      | 1327/4104 [05:26<11:19,  4.09it/s]
em: 0.2460, f1: 0.2824, loss: 3.4961 ||:  33%|###3      | 1369/4104 [05:36<11:15,  4.05it/s]
em: 0.2461, f1: 0.2824, loss: 3.4958 ||:  34%|###4      | 1409/4104 [05:46<11:08,  4.03it/s]
em: 0.2462, f1: 0.2827, loss: 3.4942 ||:  35%|###5      | 1449/4104 [05:57<11:02,  4.01it/s]
em: 0.2465, f1: 0.2830, loss: 3.4866 ||:  36%|###6      | 1489/4104 [06:07<10:53,  4.00it/s]
em: 0.2465, f1: 0.2830, loss: 3.4909 ||:  37%|###7      | 1530/4104 [06:17<10:39,  4.03it/s]
em: 0.2465, f1: 0.2828, loss: 3.4888 ||:  38%|###8      | 1571/4104 [06:27<10:26,  4.04it/s]
em: 0.2470, f1: 0.2836, loss: 3.4904 ||:  39%|###9      | 1614/4104 [06:37<10:08,  4.09it/s]
em: 0.2470, f1: 0.2833, loss: 3.4892 ||:  40%|####      | 1657/4104 [06:47<10:00,  4.08it/s]
em: 0.2466, f1: 0.2827, loss: 3.4887 ||:  41%|####1     | 1699/4104 [06:58<09:47,  4.09it/s]
em: 0.2468, f1: 0.2828, loss: 3.4880 ||:  42%|####2     | 1741/4104 [07:08<09:35,  4.11it/s]
em: 0.2464, f1: 0.2825, loss: 3.4862 ||:  43%|####3     | 1783/4104 [07:18<09:26,  4.09it/s]
em: 0.2467, f1: 0.2828, loss: 3.4849 ||:  44%|####4     | 1824/4104 [07:28<09:19,  4.08it/s]
em: 0.2469, f1: 0.2831, loss: 3.4891 ||:  45%|####5     | 1865/4104 [07:38<09:10,  4.07it/s]
em: 0.2461, f1: 0.2822, loss: 3.4862 ||:  46%|####6     | 1906/4104 [07:49<09:03,  4.04it/s]
em: 0.2456, f1: 0.2817, loss: 3.4810 ||:  47%|####7     | 1947/4104 [07:59<08:53,  4.04it/s]
em: 0.2452, f1: 0.2814, loss: 3.4831 ||:  48%|####8     | 1988/4104 [08:09<08:44,  4.04it/s]
em: 0.2452, f1: 0.2817, loss: 3.4832 ||:  49%|####9     | 2029/4104 [08:19<08:34,  4.04it/s]
em: 0.2453, f1: 0.2817, loss: 3.4832 ||:  50%|#####     | 2070/4104 [08:29<08:25,  4.02it/s]
em: 0.2449, f1: 0.2813, loss: 3.4854 ||:  51%|#####1    | 2111/4104 [08:40<08:14,  4.03it/s]
em: 0.2450, f1: 0.2814, loss: 3.4815 ||:  52%|#####2    | 2152/4104 [08:50<08:04,  4.03it/s]
em: 0.2453, f1: 0.2817, loss: 3.4786 ||:  53%|#####3    | 2193/4104 [09:00<07:52,  4.04it/s]
em: 0.2448, f1: 0.2810, loss: 3.4748 ||:  54%|#####4    | 2235/4104 [09:10<07:37,  4.09it/s]
em: 0.2443, f1: 0.2806, loss: 3.4745 ||:  55%|#####5    | 2277/4104 [09:20<07:25,  4.10it/s]
em: 0.2445, f1: 0.2807, loss: 3.4741 ||:  57%|#####6    | 2319/4104 [09:30<07:18,  4.07it/s]
em: 0.2440, f1: 0.2803, loss: 3.4709 ||:  58%|#####7    | 2361/4104 [09:41<07:06,  4.09it/s]
em: 0.2441, f1: 0.2805, loss: 3.4763 ||:  59%|#####8    | 2403/4104 [09:51<06:56,  4.09it/s]
em: 0.2444, f1: 0.2807, loss: 3.4766 ||:  60%|#####9    | 2444/4104 [10:01<06:48,  4.07it/s]
em: 0.2444, f1: 0.2807, loss: 3.4784 ||:  61%|######    | 2486/4104 [10:11<06:36,  4.08it/s]
em: 0.2446, f1: 0.2808, loss: 3.4767 ||:  62%|######1   | 2528/4104 [10:21<06:24,  4.10it/s]
em: 0.2452, f1: 0.2813, loss: 3.4739 ||:  63%|######2   | 2570/4104 [10:32<06:14,  4.10it/s]
em: 0.2457, f1: 0.2818, loss: 3.4724 ||:  64%|######3   | 2611/4104 [10:42<06:04,  4.09it/s]
em: 0.2463, f1: 0.2824, loss: 3.4681 ||:  65%|######4   | 2652/4104 [10:52<05:56,  4.08it/s]
em: 0.2463, f1: 0.2824, loss: 3.4685 ||:  66%|######5   | 2693/4104 [11:02<05:47,  4.06it/s]
em: 0.2462, f1: 0.2823, loss: 3.4689 ||:  67%|######6   | 2734/4104 [11:12<05:38,  4.04it/s]
em: 0.2460, f1: 0.2822, loss: 3.4679 ||:  68%|######7   | 2775/4104 [11:23<05:30,  4.03it/s]
em: 0.2458, f1: 0.2820, loss: 3.4708 ||:  69%|######8   | 2816/4104 [11:33<05:19,  4.04it/s]
em: 0.2460, f1: 0.2821, loss: 3.4692 ||:  70%|######9   | 2858/4104 [11:43<05:07,  4.05it/s]
em: 0.2460, f1: 0.2822, loss: 3.4736 ||:  71%|#######   | 2899/4104 [11:53<04:59,  4.03it/s]
em: 0.2461, f1: 0.2823, loss: 3.4772 ||:  72%|#######1  | 2941/4104 [12:04<04:47,  4.05it/s]
em: 0.2461, f1: 0.2823, loss: 3.4807 ||:  73%|#######2  | 2982/4104 [12:14<04:38,  4.02it/s]
em: 0.2457, f1: 0.2819, loss: 3.4820 ||:  74%|#######3  | 3022/4104 [12:24<04:29,  4.01it/s]
em: 0.2461, f1: 0.2823, loss: 3.4774 ||:  75%|#######4  | 3062/4104 [12:34<04:20,  4.00it/s]
em: 0.2465, f1: 0.2827, loss: 3.4742 ||:  76%|#######5  | 3104/4104 [12:44<04:07,  4.04it/s]
em: 0.2469, f1: 0.2830, loss: 3.4738 ||:  77%|#######6  | 3146/4104 [12:54<03:55,  4.06it/s]
em: 0.2475, f1: 0.2835, loss: 3.4698 ||:  78%|#######7  | 3188/4104 [13:05<03:46,  4.05it/s]
em: 0.2476, f1: 0.2836, loss: 3.4665 ||:  79%|#######8  | 3230/4104 [13:15<03:33,  4.09it/s]
em: 0.2476, f1: 0.2836, loss: 3.4669 ||:  80%|#######9  | 3272/4104 [13:25<03:23,  4.08it/s]
em: 0.2478, f1: 0.2838, loss: 3.4643 ||:  81%|########  | 3314/4104 [13:35<03:12,  4.09it/s]
em: 0.2482, f1: 0.2840, loss: 3.4597 ||:  82%|########1 | 3356/4104 [13:46<03:03,  4.07it/s]
em: 0.2483, f1: 0.2842, loss: 3.4606 ||:  83%|########2 | 3397/4104 [13:56<02:53,  4.06it/s]
em: 0.2482, f1: 0.2841, loss: 3.4607 ||:  84%|########3 | 3438/4104 [14:06<02:45,  4.03it/s]
em: 0.2488, f1: 0.2847, loss: 3.4596 ||:  85%|########4 | 3480/4104 [14:16<02:33,  4.06it/s]
em: 0.2491, f1: 0.2850, loss: 3.4576 ||:  86%|########5 | 3522/4104 [14:27<02:22,  4.08it/s]
em: 0.2491, f1: 0.2850, loss: 3.4575 ||:  87%|########6 | 3564/4104 [14:37<02:12,  4.07it/s]
em: 0.2493, f1: 0.2851, loss: 3.4594 ||:  88%|########7 | 3605/4104 [14:47<02:02,  4.07it/s]
em: 0.2494, f1: 0.2852, loss: 3.4570 ||:  89%|########8 | 3646/4104 [14:57<01:52,  4.08it/s]
em: 0.2496, f1: 0.2854, loss: 3.4527 ||:  90%|########9 | 3687/4104 [15:07<01:42,  4.07it/s]
em: 0.2494, f1: 0.2852, loss: 3.4524 ||:  91%|######### | 3728/4104 [15:17<01:32,  4.06it/s]
em: 0.2499, f1: 0.2857, loss: 3.4524 ||:  92%|#########1| 3769/4104 [15:28<01:22,  4.04it/s]
em: 0.2499, f1: 0.2857, loss: 3.4539 ||:  93%|#########2| 3810/4104 [15:38<01:13,  4.03it/s]
em: 0.2494, f1: 0.2851, loss: 3.4582 ||:  94%|#########3| 3851/4104 [15:48<01:02,  4.03it/s]
em: 0.2487, f1: 0.2846, loss: 3.4636 ||:  95%|#########4| 3892/4104 [15:58<00:52,  4.03it/s]
em: 0.2481, f1: 0.2841, loss: 3.4720 ||:  96%|#########5| 3933/4104 [16:08<00:42,  4.04it/s]
em: 0.2471, f1: 0.2830, loss: 3.4825 ||:  97%|#########6| 3975/4104 [16:18<00:31,  4.07it/s]
em: 0.2462, f1: 0.2823, loss: 3.4908 ||:  98%|#########7| 4017/4104 [16:29<00:21,  4.06it/s]
em: 0.2452, f1: 0.2813, loss: 3.5006 ||:  99%|#########8| 4059/4104 [16:39<00:11,  4.08it/s]
em: 0.2443, f1: 0.2805, loss: 3.5078 ||: 100%|#########9| 4101/4104 [16:49<00:00,  4.10it/s]
em: 0.2430, f1: 0.2793, loss: 3.5178 ||: : 4143it [17:00,  4.04it/s]                        
em: 0.2427, f1: 0.2789, loss: 3.5207 ||: : 4158it [17:03,  4.06it/s]

  0%|          | 0/596 [00:00<?, ?it/s]
em: 0.3189, f1: 0.3409, loss: 1649307.9436 ||:  18%|#8        | 108/596 [00:10<00:45, 10.71it/s]
em: 0.3039, f1: 0.3263, loss: 1669562.7038 ||:  36%|###6      | 216/596 [00:20<00:35, 10.57it/s]
em: 0.2973, f1: 0.3197, loss: 1612152.1647 ||:  54%|#####3    | 321/596 [00:30<00:26, 10.53it/s]
em: 0.3014, f1: 0.3231, loss: 1525824.2587 ||:  71%|#######1  | 426/596 [00:41<00:16, 10.18it/s]
em: 0.2811, f1: 0.3038, loss: 1862341.4060 ||:  91%|#########1| 543/596 [00:51<00:05, 10.58it/s]
em: 0.2664, f1: 0.2895, loss: 1953644.9559 ||: : 604it [00:57, 10.44it/s]                       

  0%|          | 0/4104 [00:00<?, ?it/s]
em: 0.3022, f1: 0.3336, loss: 3.0178 ||:   1%|          | 40/4104 [00:10<17:07,  3.96it/s]
em: 0.2878, f1: 0.3178, loss: 3.2007 ||:   2%|1         | 82/4104 [00:20<16:42,  4.01it/s]
em: 0.2811, f1: 0.3149, loss: 3.3288 ||:   3%|3         | 124/4104 [00:30<16:26,  4.03it/s]
em: 0.2791, f1: 0.3121, loss: 3.3145 ||:   4%|4         | 165/4104 [00:40<16:14,  4.04it/s]
em: 0.2813, f1: 0.3146, loss: 3.2775 ||:   5%|5         | 206/4104 [00:50<16:03,  4.05it/s]
em: 0.2825, f1: 0.3167, loss: 3.2967 ||:   6%|6         | 248/4104 [01:00<15:48,  4.07it/s]
em: 0.2816, f1: 0.3162, loss: 3.3114 ||:   7%|7         | 290/4104 [01:11<15:32,  4.09it/s]
em: 0.2788, f1: 0.3140, loss: 3.3372 ||:   8%|8         | 332/4104 [01:21<15:34,  4.04it/s]
em: 0.2751, f1: 0.3101, loss: 3.3403 ||:   9%|9         | 373/4104 [01:32<15:26,  4.03it/s]
em: 0.2715, f1: 0.3061, loss: 3.3613 ||:  10%|#         | 415/4104 [01:42<15:09,  4.06it/s]
em: 0.2730, f1: 0.3074, loss: 3.3499 ||:  11%|#1        | 457/4104 [01:52<15:00,  4.05it/s]
em: 0.2722, f1: 0.3069, loss: 3.3509 ||:  12%|#2        | 499/4104 [02:02<14:42,  4.08it/s]
em: 0.2742, f1: 0.3083, loss: 3.3231 ||:  13%|#3        | 541/4104 [02:13<14:38,  4.06it/s]
em: 0.2749, f1: 0.3095, loss: 3.3030 ||:  14%|#4        | 583/4104 [02:23<14:23,  4.08it/s]
em: 0.2750, f1: 0.3100, loss: 3.3122 ||:  15%|#5        | 625/4104 [02:33<14:19,  4.05it/s]
em: 0.2750, f1: 0.3097, loss: 3.3023 ||:  16%|#6        | 666/4104 [02:44<14:11,  4.04it/s]
em: 0.2731, f1: 0.3078, loss: 3.3120 ||:  17%|#7        | 708/4104 [02:54<13:52,  4.08it/s]
em: 0.2736, f1: 0.3085, loss: 3.2974 ||:  18%|#8        | 750/4104 [03:04<13:39,  4.09it/s]
em: 0.2730, f1: 0.3078, loss: 3.2884 ||:  19%|#9        | 792/4104 [03:14<13:31,  4.08it/s]
em: 0.2722, f1: 0.3074, loss: 3.3048 ||:  20%|##        | 834/4104 [03:24<13:14,  4.11it/s]
em: 0.2727, f1: 0.3076, loss: 3.3124 ||:  21%|##1       | 876/4104 [03:35<13:10,  4.08it/s]
em: 0.2726, f1: 0.3082, loss: 3.3148 ||:  22%|##2       | 918/4104 [03:45<12:59,  4.09it/s]
em: 0.2718, f1: 0.3074, loss: 3.3090 ||:  23%|##3       | 960/4104 [03:55<12:50,  4.08it/s]
em: 0.2737, f1: 0.3092, loss: 3.3002 ||:  24%|##4       | 1001/4104 [04:06<12:44,  4.06it/s]
em: 0.2736, f1: 0.3092, loss: 3.3075 ||:  25%|##5       | 1043/4104 [04:16<12:29,  4.08it/s]
em: 0.2727, f1: 0.3083, loss: 3.3187 ||:  26%|##6       | 1085/4104 [04:26<12:21,  4.07it/s]
em: 0.2723, f1: 0.3079, loss: 3.3268 ||:  27%|##7       | 1126/4104 [04:36<12:16,  4.04it/s]
em: 0.2722, f1: 0.3078, loss: 3.3237 ||:  28%|##8       | 1168/4104 [04:46<12:00,  4.07it/s]
em: 0.2741, f1: 0.3099, loss: 3.3207 ||:  29%|##9       | 1210/4104 [04:57<11:53,  4.06it/s]
em: 0.2736, f1: 0.3092, loss: 3.3202 ||:  30%|###       | 1251/4104 [05:07<11:46,  4.04it/s]
em: 0.2737, f1: 0.3092, loss: 3.3216 ||:  31%|###1      | 1292/4104 [05:17<11:34,  4.05it/s]
em: 0.2732, f1: 0.3088, loss: 3.3254 ||:  32%|###2      | 1333/4104 [05:28<11:27,  4.03it/s]
em: 0.2725, f1: 0.3082, loss: 3.3239 ||:  33%|###3      | 1374/4104 [05:38<11:16,  4.03it/s]
em: 0.2719, f1: 0.3077, loss: 3.3245 ||:  34%|###4      | 1415/4104 [05:48<11:08,  4.02it/s]
em: 0.2722, f1: 0.3080, loss: 3.3199 ||:  35%|###5      | 1455/4104 [05:58<11:02,  4.00it/s]
em: 0.2720, f1: 0.3079, loss: 3.3184 ||:  36%|###6      | 1495/4104 [06:08<10:53,  3.99it/s]
em: 0.2725, f1: 0.3082, loss: 3.3184 ||:  37%|###7      | 1536/4104 [06:18<10:41,  4.00it/s]
em: 0.2733, f1: 0.3090, loss: 3.3143 ||:  38%|###8      | 1578/4104 [06:28<10:22,  4.06it/s]
em: 0.2725, f1: 0.3080, loss: 3.3198 ||:  39%|###9      | 1620/4104 [06:39<10:11,  4.07it/s]
em: 0.2717, f1: 0.3071, loss: 3.3230 ||:  40%|####      | 1661/4104 [06:49<10:05,  4.04it/s]
em: 0.2721, f1: 0.3072, loss: 3.3209 ||:  41%|####1     | 1703/4104 [06:59<09:50,  4.07it/s]
em: 0.2717, f1: 0.3067, loss: 3.3230 ||:  43%|####2     | 1745/4104 [07:09<09:40,  4.06it/s]
em: 0.2713, f1: 0.3065, loss: 3.3233 ||:  44%|####3     | 1787/4104 [07:20<09:30,  4.06it/s]
em: 0.2711, f1: 0.3062, loss: 3.3260 ||:  45%|####4     | 1828/4104 [07:30<09:20,  4.06it/s]
em: 0.2708, f1: 0.3061, loss: 3.3283 ||:  46%|####5     | 1869/4104 [07:40<09:09,  4.07it/s]
em: 0.2707, f1: 0.3060, loss: 3.3257 ||:  47%|####6     | 1910/4104 [07:50<08:59,  4.07it/s]
em: 0.2706, f1: 0.3059, loss: 3.3247 ||:  48%|####7     | 1951/4104 [08:00<08:52,  4.05it/s]
em: 0.2703, f1: 0.3059, loss: 3.3264 ||:  49%|####8     | 1992/4104 [08:10<08:40,  4.06it/s]
em: 0.2701, f1: 0.3057, loss: 3.3237 ||:  50%|####9     | 2033/4104 [08:21<08:33,  4.03it/s]
em: 0.2699, f1: 0.3055, loss: 3.3253 ||:  51%|#####     | 2074/4104 [08:31<08:21,  4.05it/s]
em: 0.2693, f1: 0.3049, loss: 3.3297 ||:  52%|#####1    | 2115/4104 [08:41<08:13,  4.03it/s]
em: 0.2690, f1: 0.3046, loss: 3.3276 ||:  53%|#####2    | 2155/4104 [08:51<08:04,  4.02it/s]
em: 0.2692, f1: 0.3050, loss: 3.3251 ||:  54%|#####3    | 2197/4104 [09:01<07:50,  4.05it/s]
em: 0.2700, f1: 0.3056, loss: 3.3191 ||:  55%|#####4    | 2240/4104 [09:11<07:34,  4.10it/s]
em: 0.2696, f1: 0.3052, loss: 3.3178 ||:  56%|#####5    | 2283/4104 [09:22<07:27,  4.07it/s]
em: 0.2696, f1: 0.3051, loss: 3.3162 ||:  57%|#####6    | 2324/4104 [09:32<07:17,  4.07it/s]
em: 0.2694, f1: 0.3049, loss: 3.3150 ||:  58%|#####7    | 2365/4104 [09:42<07:08,  4.06it/s]
em: 0.2692, f1: 0.3048, loss: 3.3173 ||:  59%|#####8    | 2406/4104 [09:52<06:57,  4.07it/s]
em: 0.2690, f1: 0.3045, loss: 3.3194 ||:  60%|#####9    | 2447/4104 [10:03<06:49,  4.05it/s]
em: 0.2691, f1: 0.3046, loss: 3.3206 ||:  61%|######    | 2490/4104 [10:13<06:33,  4.10it/s]
em: 0.2695, f1: 0.3051, loss: 3.3184 ||:  62%|######1   | 2533/4104 [10:23<06:25,  4.08it/s]
em: 0.2701, f1: 0.3054, loss: 3.3169 ||:  63%|######2   | 2574/4104 [10:33<06:14,  4.08it/s]
em: 0.2707, f1: 0.3060, loss: 3.3133 ||:  64%|######3   | 2616/4104 [10:44<06:03,  4.09it/s]
em: 0.2708, f1: 0.3060, loss: 3.3099 ||:  65%|######4   | 2658/4104 [10:54<05:54,  4.08it/s]
em: 0.2706, f1: 0.3058, loss: 3.3114 ||:  66%|######5   | 2699/4104 [11:04<05:46,  4.06it/s]
em: 0.2704, f1: 0.3058, loss: 3.3125 ||:  67%|######6   | 2740/4104 [11:14<05:37,  4.04it/s]
em: 0.2704, f1: 0.3059, loss: 3.3103 ||:  68%|######7   | 2781/4104 [11:25<05:26,  4.05it/s]
em: 0.2701, f1: 0.3056, loss: 3.3151 ||:  69%|######8   | 2822/4104 [11:35<05:18,  4.03it/s]
em: 0.2703, f1: 0.3058, loss: 3.3149 ||:  70%|######9   | 2863/4104 [11:45<05:07,  4.03it/s]
em: 0.2705, f1: 0.3061, loss: 3.3188 ||:  71%|#######   | 2904/4104 [11:55<04:56,  4.05it/s]
em: 0.2709, f1: 0.3066, loss: 3.3200 ||:  72%|#######1  | 2945/4104 [12:05<04:46,  4.04it/s]
em: 0.2713, f1: 0.3069, loss: 3.3226 ||:  73%|#######2  | 2986/4104 [12:16<04:38,  4.02it/s]
em: 0.2711, f1: 0.3067, loss: 3.3231 ||:  74%|#######3  | 3026/4104 [12:26<04:29,  4.00it/s]
em: 0.2712, f1: 0.3066, loss: 3.3208 ||:  75%|#######4  | 3067/4104 [12:36<04:17,  4.03it/s]
em: 0.2715, f1: 0.3070, loss: 3.3185 ||:  76%|#######5  | 3108/4104 [12:46<04:05,  4.05it/s]
em: 0.2720, f1: 0.3076, loss: 3.3175 ||:  77%|#######6  | 3149/4104 [12:56<03:56,  4.04it/s]
em: 0.2730, f1: 0.3084, loss: 3.3128 ||:  78%|#######7  | 3190/4104 [13:06<03:45,  4.05it/s]
em: 0.2731, f1: 0.3087, loss: 3.3110 ||:  79%|#######8  | 3231/4104 [13:16<03:35,  4.05it/s]
em: 0.2730, f1: 0.3085, loss: 3.3109 ||:  80%|#######9  | 3272/4104 [13:26<03:24,  4.06it/s]
em: 0.2734, f1: 0.3088, loss: 3.3072 ||:  81%|########  | 3314/4104 [13:36<03:13,  4.09it/s]
em: 0.2739, f1: 0.3092, loss: 3.3048 ||:  82%|########1 | 3356/4104 [13:47<03:03,  4.08it/s]
em: 0.2740, f1: 0.3093, loss: 3.3045 ||:  83%|########2 | 3397/4104 [13:57<02:53,  4.09it/s]
em: 0.2740, f1: 0.3094, loss: 3.3046 ||:  84%|########3 | 3438/4104 [14:07<02:42,  4.09it/s]
em: 0.2740, f1: 0.3095, loss: 3.3046 ||:  85%|########4 | 3479/4104 [14:17<02:34,  4.05it/s]
em: 0.2742, f1: 0.3097, loss: 3.3037 ||:  86%|########5 | 3521/4104 [14:27<02:23,  4.06it/s]
em: 0.2744, f1: 0.3099, loss: 3.3034 ||:  87%|########6 | 3562/4104 [14:37<02:13,  4.05it/s]
em: 0.2743, f1: 0.3098, loss: 3.3048 ||:  88%|########7 | 3605/4104 [14:48<02:01,  4.10it/s]
em: 0.2742, f1: 0.3098, loss: 3.3027 ||:  89%|########8 | 3648/4104 [14:58<01:51,  4.08it/s]
em: 0.2748, f1: 0.3104, loss: 3.2980 ||:  90%|########9 | 3689/4104 [15:08<01:42,  4.06it/s]
em: 0.2745, f1: 0.3101, loss: 3.2985 ||:  91%|######### | 3730/4104 [15:19<01:32,  4.05it/s]
em: 0.2746, f1: 0.3101, loss: 3.2991 ||:  92%|#########1| 3771/4104 [15:29<01:22,  4.04it/s]
em: 0.2744, f1: 0.3100, loss: 3.3019 ||:  93%|#########2| 3812/4104 [15:39<01:12,  4.02it/s]
em: 0.2738, f1: 0.3096, loss: 3.3044 ||:  94%|#########3| 3853/4104 [15:49<01:02,  4.02it/s]
em: 0.2732, f1: 0.3092, loss: 3.3119 ||:  95%|#########4| 3895/4104 [15:59<00:51,  4.06it/s]
em: 0.2722, f1: 0.3083, loss: 3.3202 ||:  96%|#########5| 3937/4104 [16:10<00:41,  4.07it/s]
em: 0.2711, f1: 0.3072, loss: 3.3302 ||:  97%|#########6| 3978/4104 [16:20<00:31,  4.06it/s]
em: 0.2701, f1: 0.3062, loss: 3.3388 ||:  98%|#########7| 4019/4104 [16:30<00:20,  4.07it/s]
em: 0.2688, f1: 0.3050, loss: 3.3493 ||:  99%|#########8| 4061/4104 [16:40<00:10,  4.09it/s]
em: 0.2677, f1: 0.3041, loss: 3.3571 ||: 100%|#########9| 4103/4104 [16:50<00:00,  4.10it/s]
em: 0.2664, f1: 0.3028, loss: 3.3674 ||: : 4145it [17:01,  4.01it/s]                        
em: 0.2661, f1: 0.3025, loss: 3.3697 ||: : 4158it [17:04,  4.06it/s]

  0%|          | 0/596 [00:00<?, ?it/s]
em: 0.3411, f1: 0.3660, loss: 1649307.8704 ||:  18%|#8        | 108/596 [00:10<00:45, 10.78it/s]
em: 0.3358, f1: 0.3574, loss: 1669562.6001 ||:  36%|###6      | 216/596 [00:20<00:35, 10.63it/s]
em: 0.3258, f1: 0.3476, loss: 1613283.7800 ||:  54%|#####3    | 320/596 [00:30<00:26, 10.55it/s]
em: 0.3274, f1: 0.3493, loss: 1524177.0905 ||:  71%|#######1  | 424/596 [00:41<00:16, 10.21it/s]
em: 0.3082, f1: 0.3318, loss: 1856518.1561 ||:  91%|######### | 541/596 [00:51<00:05, 10.61it/s]
em: 0.2907, f1: 0.3142, loss: 1955714.3901 ||: : 604it [00:57, 10.49it/s]                       

  0%|          | 0/4104 [00:00<?, ?it/s]
em: 0.3333, f1: 0.3611, loss: 2.9405 ||:   1%|          | 41/4104 [00:10<16:51,  4.02it/s]
em: 0.3194, f1: 0.3452, loss: 3.1036 ||:   2%|1         | 82/4104 [00:20<16:38,  4.03it/s]
em: 0.3156, f1: 0.3457, loss: 3.1621 ||:   3%|3         | 124/4104 [00:30<16:21,  4.05it/s]
em: 0.3091, f1: 0.3420, loss: 3.1746 ||:   4%|4         | 166/4104 [00:40<16:07,  4.07it/s]
em: 0.3127, f1: 0.3464, loss: 3.1540 ||:   5%|5         | 208/4104 [00:51<15:58,  4.06it/s]
em: 0.3174, f1: 0.3515, loss: 3.1280 ||:   6%|6         | 250/4104 [01:01<15:43,  4.09it/s]
em: 0.3077, f1: 0.3410, loss: 3.1828 ||:   7%|7         | 292/4104 [01:11<15:33,  4.08it/s]
em: 0.3050, f1: 0.3396, loss: 3.1889 ||:   8%|8         | 333/4104 [01:21<15:30,  4.05it/s]
em: 0.3000, f1: 0.3352, loss: 3.2214 ||:   9%|9         | 374/4104 [01:32<15:24,  4.04it/s]
em: 0.2972, f1: 0.3321, loss: 3.2277 ||:  10%|#         | 415/4104 [01:42<15:14,  4.04it/s]
em: 0.2977, f1: 0.3326, loss: 3.2228 ||:  11%|#1        | 457/4104 [01:52<14:59,  4.05it/s]
em: 0.2986, f1: 0.3333, loss: 3.2289 ||:  12%|#2        | 499/4104 [02:02<14:43,  4.08it/s]
em: 0.2991, f1: 0.3335, loss: 3.1957 ||:  13%|#3        | 541/4104 [02:12<14:31,  4.09it/s]
em: 0.3004, f1: 0.3356, loss: 3.1844 ||:  14%|#4        | 583/4104 [02:23<14:27,  4.06it/s]
em: 0.2991, f1: 0.3342, loss: 3.1883 ||:  15%|#5        | 624/4104 [02:33<14:17,  4.06it/s]
em: 0.2991, f1: 0.3341, loss: 3.1806 ||:  16%|#6        | 665/4104 [02:43<14:06,  4.06it/s]
em: 0.2982, f1: 0.3332, loss: 3.1836 ||:  17%|#7        | 706/4104 [02:53<13:56,  4.06it/s]
em: 0.2993, f1: 0.3352, loss: 3.1689 ||:  18%|#8        | 748/4104 [03:03<13:41,  4.09it/s]
em: 0.2982, f1: 0.3340, loss: 3.1647 ||:  19%|#9        | 790/4104 [03:14<13:34,  4.07it/s]
em: 0.2976, f1: 0.3340, loss: 3.1756 ||:  20%|##        | 832/4104 [03:24<13:20,  4.09it/s]
em: 0.2978, f1: 0.3340, loss: 3.1862 ||:  21%|##1       | 874/4104 [03:34<13:10,  4.09it/s]
em: 0.2980, f1: 0.3345, loss: 3.1907 ||:  22%|##2       | 915/4104 [03:44<13:04,  4.06it/s]
em: 0.2994, f1: 0.3357, loss: 3.1798 ||:  23%|##3       | 957/4104 [03:55<12:50,  4.08it/s]
em: 0.3003, f1: 0.3368, loss: 3.1795 ||:  24%|##4       | 999/4104 [04:05<12:41,  4.08it/s]
em: 0.2990, f1: 0.3355, loss: 3.1859 ||:  25%|##5       | 1040/4104 [04:15<12:31,  4.08it/s]
em: 0.2990, f1: 0.3353, loss: 3.1939 ||:  26%|##6       | 1081/4104 [04:25<12:20,  4.08it/s]
em: 0.2972, f1: 0.3337, loss: 3.2034 ||:  27%|##7       | 1122/4104 [04:35<12:15,  4.05it/s]
em: 0.2968, f1: 0.3332, loss: 3.2023 ||:  28%|##8       | 1164/4104 [04:45<12:01,  4.08it/s]
em: 0.2974, f1: 0.3336, loss: 3.2035 ||:  29%|##9       | 1206/4104 [04:56<11:52,  4.07it/s]
em: 0.2971, f1: 0.3329, loss: 3.2040 ||:  30%|###       | 1247/4104 [05:06<11:42,  4.07it/s]
em: 0.2982, f1: 0.3343, loss: 3.2003 ||:  31%|###1      | 1288/4104 [05:16<11:31,  4.07it/s]
em: 0.2988, f1: 0.3351, loss: 3.2009 ||:  32%|###2      | 1330/4104 [05:26<11:17,  4.10it/s]
em: 0.2986, f1: 0.3351, loss: 3.2009 ||:  33%|###3      | 1372/4104 [05:37<11:12,  4.06it/s]
em: 0.2983, f1: 0.3349, loss: 3.2002 ||:  34%|###4      | 1413/4104 [05:47<11:05,  4.04it/s]
em: 0.2990, f1: 0.3358, loss: 3.1936 ||:  35%|###5      | 1454/4104 [05:57<10:58,  4.02it/s]
em: 0.2984, f1: 0.3353, loss: 3.1956 ||:  36%|###6      | 1494/4104 [06:07<10:50,  4.01it/s]
em: 0.2980, f1: 0.3347, loss: 3.1965 ||:  37%|###7      | 1536/4104 [06:17<10:35,  4.04it/s]
em: 0.2980, f1: 0.3347, loss: 3.1927 ||:  38%|###8      | 1578/4104 [06:28<10:24,  4.04it/s]
em: 0.2971, f1: 0.3340, loss: 3.1974 ||:  39%|###9      | 1619/4104 [06:38<10:12,  4.06it/s]
em: 0.2964, f1: 0.3332, loss: 3.1984 ||:  40%|####      | 1660/4104 [06:48<10:01,  4.06it/s]
em: 0.2964, f1: 0.3330, loss: 3.1968 ||:  41%|####1     | 1701/4104 [06:58<09:50,  4.07it/s]
em: 0.2957, f1: 0.3323, loss: 3.1970 ||:  42%|####2     | 1742/4104 [07:08<09:40,  4.07it/s]
em: 0.2948, f1: 0.3316, loss: 3.1997 ||:  43%|####3     | 1783/4104 [07:18<09:30,  4.07it/s]
em: 0.2947, f1: 0.3313, loss: 3.2004 ||:  44%|####4     | 1824/4104 [07:28<09:20,  4.07it/s]
em: 0.2951, f1: 0.3318, loss: 3.2028 ||:  45%|####5     | 1865/4104 [07:38<09:09,  4.08it/s]
em: 0.2949, f1: 0.3315, loss: 3.1980 ||:  46%|####6     | 1906/4104 [07:48<09:00,  4.07it/s]
em: 0.2951, f1: 0.3318, loss: 3.1949 ||:  47%|####7     | 1947/4104 [07:58<08:52,  4.05it/s]
em: 0.2944, f1: 0.3310, loss: 3.1966 ||:  48%|####8     | 1988/4104 [08:09<08:41,  4.06it/s]
em: 0.2940, f1: 0.3307, loss: 3.1961 ||:  49%|####9     | 2029/4104 [08:19<08:31,  4.06it/s]
em: 0.2937, f1: 0.3305, loss: 3.1977 ||:  50%|#####     | 2070/4104 [08:29<08:23,  4.04it/s]
em: 0.2931, f1: 0.3300, loss: 3.1987 ||:  51%|#####1    | 2111/4104 [08:39<08:12,  4.04it/s]
em: 0.2933, f1: 0.3300, loss: 3.1991 ||:  52%|#####2    | 2152/4104 [08:49<08:03,  4.04it/s]
em: 0.2937, f1: 0.3307, loss: 3.1952 ||:  53%|#####3    | 2193/4104 [08:59<07:51,  4.05it/s]
em: 0.2946, f1: 0.3315, loss: 3.1908 ||:  54%|#####4    | 2235/4104 [09:09<07:36,  4.09it/s]
em: 0.2943, f1: 0.3312, loss: 3.1912 ||:  55%|#####5    | 2277/4104 [09:19<07:25,  4.10it/s]
em: 0.2945, f1: 0.3313, loss: 3.1911 ||:  57%|#####6    | 2319/4104 [09:30<07:19,  4.06it/s]
em: 0.2941, f1: 0.3309, loss: 3.1891 ||:  58%|#####7    | 2360/4104 [09:40<07:09,  4.06it/s]
em: 0.2937, f1: 0.3306, loss: 3.1928 ||:  59%|#####8    | 2402/4104 [09:50<06:57,  4.07it/s]
em: 0.2939, f1: 0.3309, loss: 3.1945 ||:  60%|#####9    | 2444/4104 [10:01<06:46,  4.08it/s]
em: 0.2943, f1: 0.3313, loss: 3.1955 ||:  61%|######    | 2486/4104 [10:11<06:34,  4.10it/s]
em: 0.2944, f1: 0.3313, loss: 3.1960 ||:  62%|######1   | 2528/4104 [10:21<06:22,  4.12it/s]
em: 0.2949, f1: 0.3316, loss: 3.1901 ||:  63%|######2   | 2570/4104 [10:31<06:14,  4.10it/s]
em: 0.2959, f1: 0.3324, loss: 3.1872 ||:  64%|######3   | 2612/4104 [10:41<06:03,  4.10it/s]
em: 0.2961, f1: 0.3326, loss: 3.1856 ||:  65%|######4   | 2654/4104 [10:52<05:54,  4.09it/s]
em: 0.2957, f1: 0.3323, loss: 3.1870 ||:  66%|######5   | 2695/4104 [11:02<05:46,  4.07it/s]
em: 0.2955, f1: 0.3320, loss: 3.1884 ||:  67%|######6   | 2736/4104 [11:12<05:37,  4.06it/s]
em: 0.2955, f1: 0.3322, loss: 3.1882 ||:  68%|######7   | 2777/4104 [11:22<05:29,  4.03it/s]
em: 0.2955, f1: 0.3321, loss: 3.1900 ||:  69%|######8   | 2818/4104 [11:33<05:18,  4.04it/s]
em: 0.2954, f1: 0.3321, loss: 3.1919 ||:  70%|######9   | 2859/4104 [11:43<05:08,  4.04it/s]
em: 0.2952, f1: 0.3321, loss: 3.1962 ||:  71%|#######   | 2900/4104 [11:53<04:58,  4.03it/s]
em: 0.2950, f1: 0.3319, loss: 3.1995 ||:  72%|#######1  | 2941/4104 [12:03<04:48,  4.03it/s]
em: 0.2955, f1: 0.3324, loss: 3.2015 ||:  73%|#######2  | 2982/4104 [12:13<04:39,  4.01it/s]
em: 0.2952, f1: 0.3321, loss: 3.2023 ||:  74%|#######3  | 3023/4104 [12:24<04:28,  4.02it/s]
em: 0.2952, f1: 0.3321, loss: 3.1992 ||:  75%|#######4  | 3065/4104 [12:34<04:16,  4.05it/s]
em: 0.2953, f1: 0.3322, loss: 3.1975 ||:  76%|#######5  | 3107/4104 [12:44<04:05,  4.06it/s]
em: 0.2954, f1: 0.3321, loss: 3.1977 ||:  77%|#######6  | 3148/4104 [12:54<03:56,  4.05it/s]
em: 0.2959, f1: 0.3325, loss: 3.1930 ||:  78%|#######7  | 3189/4104 [13:04<03:45,  4.06it/s]
em: 0.2964, f1: 0.3329, loss: 3.1911 ||:  79%|#######8  | 3231/4104 [13:15<03:34,  4.06it/s]
em: 0.2963, f1: 0.3328, loss: 3.1920 ||:  80%|#######9  | 3272/4104 [13:25<03:24,  4.07it/s]
em: 0.2966, f1: 0.3331, loss: 3.1893 ||:  81%|########  | 3314/4104 [13:35<03:12,  4.10it/s]
em: 0.2970, f1: 0.3334, loss: 3.1858 ||:  82%|########1 | 3356/4104 [13:45<03:02,  4.10it/s]
em: 0.2967, f1: 0.3332, loss: 3.1880 ||:  83%|########2 | 3397/4104 [13:55<02:53,  4.07it/s]
em: 0.2969, f1: 0.3334, loss: 3.1873 ||:  84%|########3 | 3439/4104 [14:05<02:42,  4.08it/s]
em: 0.2968, f1: 0.3333, loss: 3.1879 ||:  85%|########4 | 3481/4104 [14:16<02:33,  4.05it/s]
em: 0.2971, f1: 0.3336, loss: 3.1858 ||:  86%|########5 | 3522/4104 [14:26<02:23,  4.07it/s]
em: 0.2973, f1: 0.3338, loss: 3.1873 ||:  87%|########6 | 3563/4104 [14:36<02:12,  4.07it/s]
em: 0.2971, f1: 0.3336, loss: 3.1886 ||:  88%|########7 | 3604/4104 [14:46<02:02,  4.08it/s]
em: 0.2968, f1: 0.3334, loss: 3.1872 ||:  89%|########8 | 3645/4104 [14:56<01:52,  4.08it/s]
em: 0.2972, f1: 0.3337, loss: 3.1832 ||:  90%|########9 | 3686/4104 [15:06<01:42,  4.06it/s]
em: 0.2967, f1: 0.3332, loss: 3.1844 ||:  91%|######### | 3727/4104 [15:16<01:33,  4.04it/s]
em: 0.2973, f1: 0.3337, loss: 3.1853 ||:  92%|#########1| 3768/4104 [15:27<01:23,  4.03it/s]
em: 0.2973, f1: 0.3336, loss: 3.1861 ||:  93%|#########2| 3809/4104 [15:37<01:13,  4.00it/s]
em: 0.2966, f1: 0.3331, loss: 3.1905 ||:  94%|#########3| 3850/4104 [15:47<01:03,  4.02it/s]
em: 0.2956, f1: 0.3323, loss: 3.1976 ||:  95%|#########4| 3891/4104 [15:57<00:52,  4.03it/s]
em: 0.2946, f1: 0.3314, loss: 3.2068 ||:  96%|#########5| 3932/4104 [16:07<00:42,  4.04it/s]
em: 0.2932, f1: 0.3301, loss: 3.2169 ||:  97%|#########6| 3974/4104 [16:18<00:31,  4.08it/s]
em: 0.2919, f1: 0.3288, loss: 3.2266 ||:  98%|#########7| 4016/4104 [16:28<00:21,  4.06it/s]
em: 0.2906, f1: 0.3276, loss: 3.2349 ||:  99%|#########8| 4058/4104 [16:38<00:11,  4.08it/s]
em: 0.2894, f1: 0.3264, loss: 3.2435 ||: 100%|#########9| 4100/4104 [16:48<00:00,  4.09it/s]
em: 0.2881, f1: 0.3252, loss: 3.2534 ||: : 4142it [16:59,  4.03it/s]                        
em: 0.2875, f1: 0.3247, loss: 3.2566 ||: : 4158it [17:03,  4.06it/s]

  0%|          | 0/596 [00:00<?, ?it/s]
em: 0.3499, f1: 0.3757, loss: 1655094.8314 ||:  18%|#8        | 108/596 [00:10<00:45, 10.66it/s]
em: 0.3441, f1: 0.3698, loss: 1677327.9362 ||:  36%|###6      | 215/596 [00:20<00:36, 10.56it/s]
em: 0.3410, f1: 0.3654, loss: 1619143.0974 ||:  54%|#####3    | 320/596 [00:30<00:26, 10.53it/s]
em: 0.3439, f1: 0.3686, loss: 1526473.0875 ||:  71%|#######1  | 425/596 [00:41<00:16, 10.19it/s]
em: 0.3242, f1: 0.3505, loss: 1850651.7275 ||:  90%|######### | 539/596 [00:51<00:05, 10.52it/s]
em: 0.3060, f1: 0.3320, loss: 1956749.0933 ||: : 604it [00:57, 10.43it/s]                       

