2019-05-07 11:37:22,612 - INFO - allennlp.common.params - evaluate_on_test = False
2019-05-07 11:37:22,612 - INFO - allennlp.common.from_params - instantiating class <class 'allennlp.data.dataset_readers.dataset_reader.DatasetReader'> from params {'instance_format': 'drop', 'passage_length_limit': 200, 'question_length_limit': 50, 'skip_when_all_empty': ['passage_span', 'question_span', 'addition_subtraction', 'counting'], 'token_indexers': {'token_characters': {'min_padding_length': 5, 'type': 'characters'}, 'tokens': {'lowercase_tokens': True, 'type': 'single_id'}}, 'type': 'drop'} and extras set()
2019-05-07 11:37:22,613 - INFO - allennlp.common.params - dataset_reader.type = drop
2019-05-07 11:37:22,613 - INFO - allennlp.common.from_params - instantiating class <class 'allennlp.data.dataset_readers.reading_comprehension.drop.DropReader'> from params {'instance_format': 'drop', 'passage_length_limit': 200, 'question_length_limit': 50, 'skip_when_all_empty': ['passage_span', 'question_span', 'addition_subtraction', 'counting'], 'token_indexers': {'token_characters': {'min_padding_length': 5, 'type': 'characters'}, 'tokens': {'lowercase_tokens': True, 'type': 'single_id'}}} and extras set()
2019-05-07 11:37:22,614 - INFO - allennlp.common.from_params - instantiating class allennlp.data.token_indexers.token_indexer.TokenIndexer from params {'min_padding_length': 5, 'type': 'characters'} and extras set()
2019-05-07 11:37:22,614 - INFO - allennlp.common.params - dataset_reader.token_indexers.token_characters.type = characters
2019-05-07 11:37:22,614 - INFO - allennlp.common.from_params - instantiating class allennlp.data.token_indexers.token_characters_indexer.TokenCharactersIndexer from params {'min_padding_length': 5} and extras set()
2019-05-07 11:37:22,615 - INFO - allennlp.common.params - dataset_reader.token_indexers.token_characters.namespace = token_characters
2019-05-07 11:37:22,615 - INFO - allennlp.common.params - dataset_reader.token_indexers.token_characters.start_tokens = None
2019-05-07 11:37:22,615 - INFO - allennlp.common.params - dataset_reader.token_indexers.token_characters.end_tokens = None
2019-05-07 11:37:22,615 - INFO - allennlp.common.params - dataset_reader.token_indexers.token_characters.min_padding_length = 5
2019-05-07 11:37:22,615 - INFO - allennlp.common.from_params - instantiating class allennlp.data.token_indexers.token_indexer.TokenIndexer from params {'lowercase_tokens': True, 'type': 'single_id'} and extras set()
2019-05-07 11:37:22,616 - INFO - allennlp.common.params - dataset_reader.token_indexers.tokens.type = single_id
2019-05-07 11:37:22,616 - INFO - allennlp.common.from_params - instantiating class allennlp.data.token_indexers.single_id_token_indexer.SingleIdTokenIndexer from params {'lowercase_tokens': True} and extras set()
2019-05-07 11:37:22,616 - INFO - allennlp.common.params - dataset_reader.token_indexers.tokens.namespace = tokens
2019-05-07 11:37:22,616 - INFO - allennlp.common.params - dataset_reader.token_indexers.tokens.lowercase_tokens = True
2019-05-07 11:37:22,616 - INFO - allennlp.common.params - dataset_reader.token_indexers.tokens.start_tokens = None
2019-05-07 11:37:22,617 - INFO - allennlp.common.params - dataset_reader.token_indexers.tokens.end_tokens = None
2019-05-07 11:37:22,617 - INFO - allennlp.common.params - dataset_reader.lazy = False
2019-05-07 11:37:22,617 - INFO - allennlp.common.params - dataset_reader.passage_length_limit = 200
2019-05-07 11:37:22,617 - INFO - allennlp.common.params - dataset_reader.question_length_limit = 50
2019-05-07 11:37:22,617 - INFO - allennlp.common.params - dataset_reader.skip_when_all_empty = ['passage_span', 'question_span', 'addition_subtraction', 'counting']
2019-05-07 11:37:22,618 - INFO - allennlp.common.params - dataset_reader.instance_format = drop
2019-05-07 11:37:22,618 - INFO - allennlp.common.params - dataset_reader.relaxed_span_match_for_finding_labels = True
2019-05-07 11:37:23,031 - INFO - allennlp.training.util - Using a separate dataset reader to load validation and test data.
2019-05-07 11:37:23,031 - INFO - allennlp.common.from_params - instantiating class <class 'allennlp.data.dataset_readers.dataset_reader.DatasetReader'> from params {'instance_format': 'drop', 'passage_length_limit': 500, 'question_length_limit': 100, 'skip_when_all_empty': [], 'token_indexers': {'token_characters': {'min_padding_length': 5, 'type': 'characters'}, 'tokens': {'lowercase_tokens': True, 'type': 'single_id'}}, 'type': 'drop'} and extras set()
2019-05-07 11:37:23,032 - INFO - allennlp.common.params - validation_dataset_reader.type = drop
2019-05-07 11:37:23,032 - INFO - allennlp.common.from_params - instantiating class <class 'allennlp.data.dataset_readers.reading_comprehension.drop.DropReader'> from params {'instance_format': 'drop', 'passage_length_limit': 500, 'question_length_limit': 100, 'skip_when_all_empty': [], 'token_indexers': {'token_characters': {'min_padding_length': 5, 'type': 'characters'}, 'tokens': {'lowercase_tokens': True, 'type': 'single_id'}}} and extras set()
2019-05-07 11:37:23,032 - INFO - allennlp.common.from_params - instantiating class allennlp.data.token_indexers.token_indexer.TokenIndexer from params {'min_padding_length': 5, 'type': 'characters'} and extras set()
2019-05-07 11:37:23,032 - INFO - allennlp.common.params - validation_dataset_reader.token_indexers.token_characters.type = characters
2019-05-07 11:37:23,032 - INFO - allennlp.common.from_params - instantiating class allennlp.data.token_indexers.token_characters_indexer.TokenCharactersIndexer from params {'min_padding_length': 5} and extras set()
2019-05-07 11:37:23,032 - INFO - allennlp.common.params - validation_dataset_reader.token_indexers.token_characters.namespace = token_characters
2019-05-07 11:37:23,032 - INFO - allennlp.common.params - validation_dataset_reader.token_indexers.token_characters.start_tokens = None
2019-05-07 11:37:23,032 - INFO - allennlp.common.params - validation_dataset_reader.token_indexers.token_characters.end_tokens = None
2019-05-07 11:37:23,033 - INFO - allennlp.common.params - validation_dataset_reader.token_indexers.token_characters.min_padding_length = 5
2019-05-07 11:37:23,033 - INFO - allennlp.common.from_params - instantiating class allennlp.data.token_indexers.token_indexer.TokenIndexer from params {'lowercase_tokens': True, 'type': 'single_id'} and extras set()
2019-05-07 11:37:23,033 - INFO - allennlp.common.params - validation_dataset_reader.token_indexers.tokens.type = single_id
2019-05-07 11:37:23,033 - INFO - allennlp.common.from_params - instantiating class allennlp.data.token_indexers.single_id_token_indexer.SingleIdTokenIndexer from params {'lowercase_tokens': True} and extras set()
2019-05-07 11:37:23,033 - INFO - allennlp.common.params - validation_dataset_reader.token_indexers.tokens.namespace = tokens
2019-05-07 11:37:23,033 - INFO - allennlp.common.params - validation_dataset_reader.token_indexers.tokens.lowercase_tokens = True
2019-05-07 11:37:23,033 - INFO - allennlp.common.params - validation_dataset_reader.token_indexers.tokens.start_tokens = None
2019-05-07 11:37:23,033 - INFO - allennlp.common.params - validation_dataset_reader.token_indexers.tokens.end_tokens = None
2019-05-07 11:37:23,033 - INFO - allennlp.common.params - validation_dataset_reader.lazy = False
2019-05-07 11:37:23,033 - INFO - allennlp.common.params - validation_dataset_reader.passage_length_limit = 500
2019-05-07 11:37:23,033 - INFO - allennlp.common.params - validation_dataset_reader.question_length_limit = 100
2019-05-07 11:37:23,034 - INFO - allennlp.common.params - validation_dataset_reader.skip_when_all_empty = []
2019-05-07 11:37:23,034 - INFO - allennlp.common.params - validation_dataset_reader.instance_format = drop
2019-05-07 11:37:23,034 - INFO - allennlp.common.params - validation_dataset_reader.relaxed_span_match_for_finding_labels = True
2019-05-07 11:37:23,034 - INFO - allennlp.common.params - train_data_path = drop_dataset/drop_dataset_train.json
2019-05-07 11:37:23,034 - INFO - allennlp.training.util - Reading training data from drop_dataset/drop_dataset_train.json
2019-05-07 11:37:23,035 - INFO - allennlp.data.dataset_readers.reading_comprehension.drop - Reading file at drop_dataset/drop_dataset_train.json
2019-05-07 11:37:24,316 - INFO - allennlp.data.dataset_readers.reading_comprehension.drop - Reading the dataset
2019-05-07 11:39:37,643 - INFO - allennlp.data.dataset_readers.reading_comprehension.drop - Skipped 11757 questions, kept 65652 questions.
2019-05-07 11:39:37,663 - INFO - allennlp.common.params - validation_data_path = drop_dataset/drop_dataset_dev.json
2019-05-07 11:39:37,663 - INFO - allennlp.training.util - Reading validation data from drop_dataset/drop_dataset_dev.json
2019-05-07 11:39:37,665 - INFO - allennlp.data.dataset_readers.reading_comprehension.drop - Reading file at drop_dataset/drop_dataset_dev.json
2019-05-07 11:39:37,987 - INFO - allennlp.data.dataset_readers.reading_comprehension.drop - Reading the dataset
2019-05-07 11:39:54,705 - INFO - allennlp.data.dataset_readers.reading_comprehension.drop - Skipped 0 questions, kept 9536 questions.
2019-05-07 11:39:54,710 - INFO - allennlp.common.params - test_data_path = None
2019-05-07 11:39:54,710 - INFO - allennlp.training.trainer - From dataset instances, train, validation will be considered for vocabulary creation.
2019-05-07 11:39:54,710 - INFO - allennlp.common.params - vocabulary.type = None
2019-05-07 11:39:54,710 - INFO - allennlp.common.params - vocabulary.extend = False
2019-05-07 11:39:54,711 - INFO - allennlp.common.params - vocabulary.directory_path = None
2019-05-07 11:39:54,711 - INFO - allennlp.common.params - vocabulary.max_vocab_size = None
2019-05-07 11:39:54,711 - INFO - allennlp.common.params - vocabulary.non_padded_namespaces = ('*tags', '*labels')
2019-05-07 11:39:54,711 - INFO - allennlp.common.params - vocabulary.min_pretrained_embeddings = None
2019-05-07 11:39:54,711 - INFO - allennlp.common.params - vocabulary.only_include_pretrained_words = True
2019-05-07 11:39:54,711 - INFO - allennlp.common.params - vocabulary.tokens_to_add = None
2019-05-07 11:39:54,711 - INFO - allennlp.data.vocabulary - Fitting token dictionary from dataset.
2019-05-07 11:41:27,465 - INFO - allennlp.data.vocabulary - Reading pretrained tokens from: https://s3-us-west-2.amazonaws.com/allennlp/datasets/glove/glove.840B.300d.lower.converted.zip
2019-05-07 11:42:08,453 - INFO - allennlp.common.from_params - instantiating class <class 'allennlp.models.model.Model'> from params {'answering_abilities': ['passage_span_extraction', 'question_span_extraction', 'addition_subtraction', 'counting'], 'dropout_prob': 0.1, 'matrix_attention_layer': {'combination': 'x,y,x*y', 'tensor_1_dim': 128, 'tensor_2_dim': 128, 'type': 'linear'}, 'modeling_layer': {'attention_dropout_prob': 0, 'attention_projection_dim': 128, 'conv_kernel_size': 5, 'dropout_prob': 0.1, 'feedforward_hidden_dim': 128, 'hidden_dim': 128, 'input_dim': 128, 'layer_dropout_undecayed_prob': 0.1, 'num_attention_heads': 8, 'num_blocks': 1, 'num_convs_per_block': 2, 'type': 'qanet_encoder'}, 'num_highway_layers': 2, 'phrase_layer': {'attention_dropout_prob': 0, 'attention_projection_dim': 128, 'conv_kernel_size': 7, 'dropout_prob': 0.1, 'feedforward_hidden_dim': 128, 'hidden_dim': 128, 'input_dim': 128, 'layer_dropout_undecayed_prob': 0.1, 'num_attention_heads': 8, 'num_blocks': 1, 'num_convs_per_block': 4, 'type': 'qanet_encoder'}, 'regularizer': [['.*', {'alpha': 1e-07, 'type': 'l2'}]], 'text_field_embedder': {'token_embedders': {'token_characters': {'embedding': {'embedding_dim': 64}, 'encoder': {'embedding_dim': 64, 'ngram_filter_sizes': [5], 'num_filters': 200, 'type': 'cnn'}, 'type': 'character_encoding'}, 'tokens': {'embedding_dim': 300, 'pretrained_file': 'https://s3-us-west-2.amazonaws.com/allennlp/datasets/glove/glove.840B.300d.lower.converted.zip', 'trainable': False, 'type': 'embedding'}}}, 'type': 'naqanet'} and extras {'vocab'}
2019-05-07 11:42:08,454 - INFO - allennlp.common.params - model.type = naqanet
2019-05-07 11:42:08,454 - INFO - allennlp.common.from_params - instantiating class <class 'allennlp.models.reading_comprehension.naqanet.NumericallyAugmentedQaNet'> from params {'answering_abilities': ['passage_span_extraction', 'question_span_extraction', 'addition_subtraction', 'counting'], 'dropout_prob': 0.1, 'matrix_attention_layer': {'combination': 'x,y,x*y', 'tensor_1_dim': 128, 'tensor_2_dim': 128, 'type': 'linear'}, 'modeling_layer': {'attention_dropout_prob': 0, 'attention_projection_dim': 128, 'conv_kernel_size': 5, 'dropout_prob': 0.1, 'feedforward_hidden_dim': 128, 'hidden_dim': 128, 'input_dim': 128, 'layer_dropout_undecayed_prob': 0.1, 'num_attention_heads': 8, 'num_blocks': 1, 'num_convs_per_block': 2, 'type': 'qanet_encoder'}, 'num_highway_layers': 2, 'phrase_layer': {'attention_dropout_prob': 0, 'attention_projection_dim': 128, 'conv_kernel_size': 7, 'dropout_prob': 0.1, 'feedforward_hidden_dim': 128, 'hidden_dim': 128, 'input_dim': 128, 'layer_dropout_undecayed_prob': 0.1, 'num_attention_heads': 8, 'num_blocks': 1, 'num_convs_per_block': 4, 'type': 'qanet_encoder'}, 'regularizer': [['.*', {'alpha': 1e-07, 'type': 'l2'}]], 'text_field_embedder': {'token_embedders': {'token_characters': {'embedding': {'embedding_dim': 64}, 'encoder': {'embedding_dim': 64, 'ngram_filter_sizes': [5], 'num_filters': 200, 'type': 'cnn'}, 'type': 'character_encoding'}, 'tokens': {'embedding_dim': 300, 'pretrained_file': 'https://s3-us-west-2.amazonaws.com/allennlp/datasets/glove/glove.840B.300d.lower.converted.zip', 'trainable': False, 'type': 'embedding'}}}} and extras {'vocab'}
2019-05-07 11:42:08,454 - INFO - allennlp.common.from_params - instantiating class <class 'allennlp.modules.text_field_embedders.text_field_embedder.TextFieldEmbedder'> from params {'token_embedders': {'token_characters': {'embedding': {'embedding_dim': 64}, 'encoder': {'embedding_dim': 64, 'ngram_filter_sizes': [5], 'num_filters': 200, 'type': 'cnn'}, 'type': 'character_encoding'}, 'tokens': {'embedding_dim': 300, 'pretrained_file': 'https://s3-us-west-2.amazonaws.com/allennlp/datasets/glove/glove.840B.300d.lower.converted.zip', 'trainable': False, 'type': 'embedding'}}} and extras {'vocab'}
2019-05-07 11:42:08,455 - INFO - allennlp.common.params - model.text_field_embedder.type = basic
2019-05-07 11:42:08,455 - INFO - allennlp.common.params - model.text_field_embedder.embedder_to_indexer_map = None
2019-05-07 11:42:08,455 - INFO - allennlp.common.params - model.text_field_embedder.allow_unmatched_keys = False
2019-05-07 11:42:08,455 - INFO - allennlp.common.from_params - instantiating class <class 'allennlp.modules.token_embedders.token_embedder.TokenEmbedder'> from params {'embedding': {'embedding_dim': 64}, 'encoder': {'embedding_dim': 64, 'ngram_filter_sizes': [5], 'num_filters': 200, 'type': 'cnn'}, 'type': 'character_encoding'} and extras {'vocab'}
2019-05-07 11:42:08,455 - INFO - allennlp.common.params - model.text_field_embedder.token_embedders.token_characters.type = character_encoding
2019-05-07 11:42:08,455 - INFO - allennlp.common.params - model.text_field_embedder.token_embedders.token_characters.embedding.num_embeddings = None
2019-05-07 11:42:08,455 - INFO - allennlp.common.params - model.text_field_embedder.token_embedders.token_characters.embedding.vocab_namespace = token_characters
2019-05-07 11:42:08,455 - INFO - allennlp.common.params - model.text_field_embedder.token_embedders.token_characters.embedding.embedding_dim = 64
2019-05-07 11:42:08,455 - INFO - allennlp.common.params - model.text_field_embedder.token_embedders.token_characters.embedding.pretrained_file = None
2019-05-07 11:42:08,455 - INFO - allennlp.common.params - model.text_field_embedder.token_embedders.token_characters.embedding.projection_dim = None
2019-05-07 11:42:08,455 - INFO - allennlp.common.params - model.text_field_embedder.token_embedders.token_characters.embedding.trainable = True
2019-05-07 11:42:08,455 - INFO - allennlp.common.params - model.text_field_embedder.token_embedders.token_characters.embedding.padding_index = None
2019-05-07 11:42:08,456 - INFO - allennlp.common.params - model.text_field_embedder.token_embedders.token_characters.embedding.max_norm = None
2019-05-07 11:42:08,456 - INFO - allennlp.common.params - model.text_field_embedder.token_embedders.token_characters.embedding.norm_type = 2.0
2019-05-07 11:42:08,456 - INFO - allennlp.common.params - model.text_field_embedder.token_embedders.token_characters.embedding.scale_grad_by_freq = False
2019-05-07 11:42:08,456 - INFO - allennlp.common.params - model.text_field_embedder.token_embedders.token_characters.embedding.sparse = False
2019-05-07 11:42:08,799 - INFO - allennlp.common.from_params - instantiating class <class 'allennlp.modules.seq2vec_encoders.seq2vec_encoder.Seq2VecEncoder'> from params {'embedding_dim': 64, 'ngram_filter_sizes': [5], 'num_filters': 200, 'type': 'cnn'} and extras set()
2019-05-07 11:42:08,799 - INFO - allennlp.common.params - model.text_field_embedder.token_embedders.token_characters.encoder.type = cnn
2019-05-07 11:42:08,800 - INFO - allennlp.common.from_params - instantiating class <class 'allennlp.modules.seq2vec_encoders.cnn_encoder.CnnEncoder'> from params {'embedding_dim': 64, 'ngram_filter_sizes': [5], 'num_filters': 200} and extras set()
2019-05-07 11:42:08,800 - INFO - allennlp.common.params - model.text_field_embedder.token_embedders.token_characters.encoder.embedding_dim = 64
2019-05-07 11:42:08,801 - INFO - allennlp.common.params - model.text_field_embedder.token_embedders.token_characters.encoder.num_filters = 200
2019-05-07 11:42:08,801 - INFO - allennlp.common.params - model.text_field_embedder.token_embedders.token_characters.encoder.ngram_filter_sizes = [5]
2019-05-07 11:42:08,801 - INFO - allennlp.common.params - model.text_field_embedder.token_embedders.token_characters.encoder.output_dim = None
2019-05-07 11:42:08,809 - INFO - allennlp.common.params - model.text_field_embedder.token_embedders.token_characters.dropout = 0.0
2019-05-07 11:42:08,810 - INFO - allennlp.common.from_params - instantiating class <class 'allennlp.modules.token_embedders.token_embedder.TokenEmbedder'> from params {'embedding_dim': 300, 'pretrained_file': 'https://s3-us-west-2.amazonaws.com/allennlp/datasets/glove/glove.840B.300d.lower.converted.zip', 'trainable': False, 'type': 'embedding'} and extras {'vocab'}
2019-05-07 11:42:08,810 - INFO - allennlp.common.params - model.text_field_embedder.token_embedders.tokens.type = embedding
2019-05-07 11:42:08,810 - INFO - allennlp.common.params - model.text_field_embedder.token_embedders.tokens.num_embeddings = None
2019-05-07 11:42:08,810 - INFO - allennlp.common.params - model.text_field_embedder.token_embedders.tokens.vocab_namespace = tokens
2019-05-07 11:42:08,810 - INFO - allennlp.common.params - model.text_field_embedder.token_embedders.tokens.embedding_dim = 300
2019-05-07 11:42:08,810 - INFO - allennlp.common.params - model.text_field_embedder.token_embedders.tokens.pretrained_file = https://s3-us-west-2.amazonaws.com/allennlp/datasets/glove/glove.840B.300d.lower.converted.zip
2019-05-07 11:42:08,811 - INFO - allennlp.common.params - model.text_field_embedder.token_embedders.tokens.projection_dim = None
2019-05-07 11:42:08,811 - INFO - allennlp.common.params - model.text_field_embedder.token_embedders.tokens.trainable = False
2019-05-07 11:42:08,811 - INFO - allennlp.common.params - model.text_field_embedder.token_embedders.tokens.padding_index = None
2019-05-07 11:42:08,811 - INFO - allennlp.common.params - model.text_field_embedder.token_embedders.tokens.max_norm = None
2019-05-07 11:42:08,811 - INFO - allennlp.common.params - model.text_field_embedder.token_embedders.tokens.norm_type = 2.0
2019-05-07 11:42:08,811 - INFO - allennlp.common.params - model.text_field_embedder.token_embedders.tokens.scale_grad_by_freq = False
2019-05-07 11:42:08,811 - INFO - allennlp.common.params - model.text_field_embedder.token_embedders.tokens.sparse = False
2019-05-07 11:42:08,814 - INFO - allennlp.modules.token_embedders.embedding - Reading pretrained embeddings from file
2019-05-07 11:42:51,956 - INFO - allennlp.modules.token_embedders.embedding - Initializing pre-trained embedding layer
2019-05-07 11:42:53,553 - INFO - allennlp.modules.token_embedders.embedding - Pretrained embeddings were found for 36769 out of 36771 tokens
2019-05-07 11:42:53,564 - INFO - allennlp.common.params - model.num_highway_layers = 2
2019-05-07 11:42:53,565 - INFO - allennlp.common.from_params - instantiating class <class 'allennlp.modules.seq2seq_encoders.seq2seq_encoder.Seq2SeqEncoder'> from params {'attention_dropout_prob': 0, 'attention_projection_dim': 128, 'conv_kernel_size': 7, 'dropout_prob': 0.1, 'feedforward_hidden_dim': 128, 'hidden_dim': 128, 'input_dim': 128, 'layer_dropout_undecayed_prob': 0.1, 'num_attention_heads': 8, 'num_blocks': 1, 'num_convs_per_block': 4, 'type': 'qanet_encoder'} and extras {'vocab'}
2019-05-07 11:42:53,565 - INFO - allennlp.common.params - model.phrase_layer.type = qanet_encoder
2019-05-07 11:42:53,565 - INFO - allennlp.common.from_params - instantiating class <class 'allennlp.modules.seq2seq_encoders.qanet_encoder.QaNetEncoder'> from params {'attention_dropout_prob': 0, 'attention_projection_dim': 128, 'conv_kernel_size': 7, 'dropout_prob': 0.1, 'feedforward_hidden_dim': 128, 'hidden_dim': 128, 'input_dim': 128, 'layer_dropout_undecayed_prob': 0.1, 'num_attention_heads': 8, 'num_blocks': 1, 'num_convs_per_block': 4} and extras {'vocab'}
2019-05-07 11:42:53,565 - INFO - allennlp.common.params - model.phrase_layer.input_dim = 128
2019-05-07 11:42:53,565 - INFO - allennlp.common.params - model.phrase_layer.hidden_dim = 128
2019-05-07 11:42:53,565 - INFO - allennlp.common.params - model.phrase_layer.attention_projection_dim = 128
2019-05-07 11:42:53,565 - INFO - allennlp.common.params - model.phrase_layer.feedforward_hidden_dim = 128
2019-05-07 11:42:53,565 - INFO - allennlp.common.params - model.phrase_layer.num_blocks = 1
2019-05-07 11:42:53,565 - INFO - allennlp.common.params - model.phrase_layer.num_convs_per_block = 4
2019-05-07 11:42:53,566 - INFO - allennlp.common.params - model.phrase_layer.conv_kernel_size = 7
2019-05-07 11:42:53,566 - INFO - allennlp.common.params - model.phrase_layer.num_attention_heads = 8
2019-05-07 11:42:53,566 - INFO - allennlp.common.params - model.phrase_layer.use_positional_encoding = True
2019-05-07 11:42:53,566 - INFO - allennlp.common.params - model.phrase_layer.dropout_prob = 0.1
2019-05-07 11:42:53,566 - INFO - allennlp.common.params - model.phrase_layer.layer_dropout_undecayed_prob = 0.1
2019-05-07 11:42:53,566 - INFO - allennlp.common.params - model.phrase_layer.attention_dropout_prob = 0
2019-05-07 11:42:53,603 - INFO - allennlp.common.from_params - instantiating class <class 'allennlp.modules.matrix_attention.matrix_attention.MatrixAttention'> from params {'combination': 'x,y,x*y', 'tensor_1_dim': 128, 'tensor_2_dim': 128, 'type': 'linear'} and extras {'vocab'}
2019-05-07 11:42:53,603 - INFO - allennlp.common.params - model.matrix_attention_layer.type = linear
2019-05-07 11:42:53,603 - INFO - allennlp.common.from_params - instantiating class <class 'allennlp.modules.matrix_attention.linear_matrix_attention.LinearMatrixAttention'> from params {'combination': 'x,y,x*y', 'tensor_1_dim': 128, 'tensor_2_dim': 128} and extras {'vocab'}
2019-05-07 11:42:53,604 - INFO - allennlp.common.params - model.matrix_attention_layer.tensor_1_dim = 128
2019-05-07 11:42:53,604 - INFO - allennlp.common.params - model.matrix_attention_layer.tensor_2_dim = 128
2019-05-07 11:42:53,604 - INFO - allennlp.common.params - model.matrix_attention_layer.combination = x,y,x*y
2019-05-07 11:42:53,605 - INFO - allennlp.common.from_params - instantiating class <class 'allennlp.modules.seq2seq_encoders.seq2seq_encoder.Seq2SeqEncoder'> from params {'attention_dropout_prob': 0, 'attention_projection_dim': 128, 'conv_kernel_size': 5, 'dropout_prob': 0.1, 'feedforward_hidden_dim': 128, 'hidden_dim': 128, 'input_dim': 128, 'layer_dropout_undecayed_prob': 0.1, 'num_attention_heads': 8, 'num_blocks': 1, 'num_convs_per_block': 2, 'type': 'qanet_encoder'} and extras {'vocab'}
2019-05-07 11:42:53,605 - INFO - allennlp.common.params - model.modeling_layer.type = qanet_encoder
2019-05-07 11:42:53,605 - INFO - allennlp.common.from_params - instantiating class <class 'allennlp.modules.seq2seq_encoders.qanet_encoder.QaNetEncoder'> from params {'attention_dropout_prob': 0, 'attention_projection_dim': 128, 'conv_kernel_size': 5, 'dropout_prob': 0.1, 'feedforward_hidden_dim': 128, 'hidden_dim': 128, 'input_dim': 128, 'layer_dropout_undecayed_prob': 0.1, 'num_attention_heads': 8, 'num_blocks': 1, 'num_convs_per_block': 2} and extras {'vocab'}
2019-05-07 11:42:53,605 - INFO - allennlp.common.params - model.modeling_layer.input_dim = 128
2019-05-07 11:42:53,606 - INFO - allennlp.common.params - model.modeling_layer.hidden_dim = 128
2019-05-07 11:42:53,606 - INFO - allennlp.common.params - model.modeling_layer.attention_projection_dim = 128
2019-05-07 11:42:53,606 - INFO - allennlp.common.params - model.modeling_layer.feedforward_hidden_dim = 128
2019-05-07 11:42:53,606 - INFO - allennlp.common.params - model.modeling_layer.num_blocks = 1
2019-05-07 11:42:53,606 - INFO - allennlp.common.params - model.modeling_layer.num_convs_per_block = 2
2019-05-07 11:42:53,606 - INFO - allennlp.common.params - model.modeling_layer.conv_kernel_size = 5
2019-05-07 11:42:53,606 - INFO - allennlp.common.params - model.modeling_layer.num_attention_heads = 8
2019-05-07 11:42:53,606 - INFO - allennlp.common.params - model.modeling_layer.use_positional_encoding = True
2019-05-07 11:42:53,606 - INFO - allennlp.common.params - model.modeling_layer.dropout_prob = 0.1
2019-05-07 11:42:53,607 - INFO - allennlp.common.params - model.modeling_layer.layer_dropout_undecayed_prob = 0.1
2019-05-07 11:42:53,607 - INFO - allennlp.common.params - model.modeling_layer.attention_dropout_prob = 0
2019-05-07 11:42:53,611 - INFO - allennlp.common.params - model.dropout_prob = 0.1
2019-05-07 11:42:53,611 - INFO - allennlp.common.params - model.regularizer = [['.*', {'alpha': 1e-07, 'type': 'l2'}]]
2019-05-07 11:42:53,611 - INFO - allennlp.common.params - model.regularizer.0.1.type = l2
2019-05-07 11:42:53,611 - INFO - allennlp.common.params - model.answering_abilities = ['passage_span_extraction', 'question_span_extraction', 'addition_subtraction', 'counting']
2019-05-07 11:42:53,620 - INFO - allennlp.nn.initializers - Initializing parameters
2019-05-07 11:42:53,621 - INFO - allennlp.nn.initializers - Done initializing parameters; the following parameters are using their default initialization from their code
2019-05-07 11:42:53,621 - INFO - allennlp.nn.initializers -    _answer_ability_predictor._linear_layers.0.bias
2019-05-07 11:42:53,621 - INFO - allennlp.nn.initializers -    _answer_ability_predictor._linear_layers.0.weight
2019-05-07 11:42:53,621 - INFO - allennlp.nn.initializers -    _answer_ability_predictor._linear_layers.1.bias
2019-05-07 11:42:53,621 - INFO - allennlp.nn.initializers -    _answer_ability_predictor._linear_layers.1.weight
2019-05-07 11:42:53,621 - INFO - allennlp.nn.initializers -    _count_number_predictor._linear_layers.0.bias
2019-05-07 11:42:53,621 - INFO - allennlp.nn.initializers -    _count_number_predictor._linear_layers.0.weight
2019-05-07 11:42:53,621 - INFO - allennlp.nn.initializers -    _count_number_predictor._linear_layers.1.bias
2019-05-07 11:42:53,622 - INFO - allennlp.nn.initializers -    _count_number_predictor._linear_layers.1.weight
2019-05-07 11:42:53,622 - INFO - allennlp.nn.initializers -    _embedding_proj_layer.bias
2019-05-07 11:42:53,622 - INFO - allennlp.nn.initializers -    _embedding_proj_layer.weight
2019-05-07 11:42:53,622 - INFO - allennlp.nn.initializers -    _encoding_proj_layer.bias
2019-05-07 11:42:53,622 - INFO - allennlp.nn.initializers -    _encoding_proj_layer.weight
2019-05-07 11:42:53,622 - INFO - allennlp.nn.initializers -    _highway_layer._layers.0.bias
2019-05-07 11:42:53,622 - INFO - allennlp.nn.initializers -    _highway_layer._layers.0.weight
2019-05-07 11:42:53,622 - INFO - allennlp.nn.initializers -    _highway_layer._layers.1.bias
2019-05-07 11:42:53,622 - INFO - allennlp.nn.initializers -    _highway_layer._layers.1.weight
2019-05-07 11:42:53,622 - INFO - allennlp.nn.initializers -    _matrix_attention._bias
2019-05-07 11:42:53,622 - INFO - allennlp.nn.initializers -    _matrix_attention._weight_vector
2019-05-07 11:42:53,623 - INFO - allennlp.nn.initializers -    _modeling_layer.encoder_block_0._conv_layers.0.1.bias
2019-05-07 11:42:53,623 - INFO - allennlp.nn.initializers -    _modeling_layer.encoder_block_0._conv_layers.0.1.weight
2019-05-07 11:42:53,623 - INFO - allennlp.nn.initializers -    _modeling_layer.encoder_block_0._conv_layers.0.2.bias
2019-05-07 11:42:53,623 - INFO - allennlp.nn.initializers -    _modeling_layer.encoder_block_0._conv_layers.0.2.weight
2019-05-07 11:42:53,623 - INFO - allennlp.nn.initializers -    _modeling_layer.encoder_block_0._conv_layers.1.1.bias
2019-05-07 11:42:53,623 - INFO - allennlp.nn.initializers -    _modeling_layer.encoder_block_0._conv_layers.1.1.weight
2019-05-07 11:42:53,623 - INFO - allennlp.nn.initializers -    _modeling_layer.encoder_block_0._conv_layers.1.2.bias
2019-05-07 11:42:53,623 - INFO - allennlp.nn.initializers -    _modeling_layer.encoder_block_0._conv_layers.1.2.weight
2019-05-07 11:42:53,623 - INFO - allennlp.nn.initializers -    _modeling_layer.encoder_block_0._conv_norm_layers.0.bias
2019-05-07 11:42:53,623 - INFO - allennlp.nn.initializers -    _modeling_layer.encoder_block_0._conv_norm_layers.0.weight
2019-05-07 11:42:53,623 - INFO - allennlp.nn.initializers -    _modeling_layer.encoder_block_0._conv_norm_layers.1.bias
2019-05-07 11:42:53,623 - INFO - allennlp.nn.initializers -    _modeling_layer.encoder_block_0._conv_norm_layers.1.weight
2019-05-07 11:42:53,624 - INFO - allennlp.nn.initializers -    _modeling_layer.encoder_block_0.attention_layer._combined_projection.bias
2019-05-07 11:42:53,624 - INFO - allennlp.nn.initializers -    _modeling_layer.encoder_block_0.attention_layer._combined_projection.weight
2019-05-07 11:42:53,624 - INFO - allennlp.nn.initializers -    _modeling_layer.encoder_block_0.attention_layer._output_projection.bias
2019-05-07 11:42:53,624 - INFO - allennlp.nn.initializers -    _modeling_layer.encoder_block_0.attention_layer._output_projection.weight
2019-05-07 11:42:53,624 - INFO - allennlp.nn.initializers -    _modeling_layer.encoder_block_0.attention_norm_layer.bias
2019-05-07 11:42:53,624 - INFO - allennlp.nn.initializers -    _modeling_layer.encoder_block_0.attention_norm_layer.weight
2019-05-07 11:42:53,624 - INFO - allennlp.nn.initializers -    _modeling_layer.encoder_block_0.feedforward._linear_layers.0.bias
2019-05-07 11:42:53,624 - INFO - allennlp.nn.initializers -    _modeling_layer.encoder_block_0.feedforward._linear_layers.0.weight
2019-05-07 11:42:53,624 - INFO - allennlp.nn.initializers -    _modeling_layer.encoder_block_0.feedforward._linear_layers.1.bias
2019-05-07 11:42:53,624 - INFO - allennlp.nn.initializers -    _modeling_layer.encoder_block_0.feedforward._linear_layers.1.weight
2019-05-07 11:42:53,624 - INFO - allennlp.nn.initializers -    _modeling_layer.encoder_block_0.feedforward_norm_layer.bias
2019-05-07 11:42:53,625 - INFO - allennlp.nn.initializers -    _modeling_layer.encoder_block_0.feedforward_norm_layer.weight
2019-05-07 11:42:53,625 - INFO - allennlp.nn.initializers -    _modeling_proj_layer.bias
2019-05-07 11:42:53,625 - INFO - allennlp.nn.initializers -    _modeling_proj_layer.weight
2019-05-07 11:42:53,625 - INFO - allennlp.nn.initializers -    _number_sign_predictor._linear_layers.0.bias
2019-05-07 11:42:53,625 - INFO - allennlp.nn.initializers -    _number_sign_predictor._linear_layers.0.weight
2019-05-07 11:42:53,625 - INFO - allennlp.nn.initializers -    _number_sign_predictor._linear_layers.1.bias
2019-05-07 11:42:53,625 - INFO - allennlp.nn.initializers -    _number_sign_predictor._linear_layers.1.weight
2019-05-07 11:42:53,625 - INFO - allennlp.nn.initializers -    _passage_span_end_predictor._linear_layers.0.bias
2019-05-07 11:42:53,625 - INFO - allennlp.nn.initializers -    _passage_span_end_predictor._linear_layers.0.weight
2019-05-07 11:42:53,625 - INFO - allennlp.nn.initializers -    _passage_span_end_predictor._linear_layers.1.bias
2019-05-07 11:42:53,626 - INFO - allennlp.nn.initializers -    _passage_span_end_predictor._linear_layers.1.weight
2019-05-07 11:42:53,626 - INFO - allennlp.nn.initializers -    _passage_span_start_predictor._linear_layers.0.bias
2019-05-07 11:42:53,626 - INFO - allennlp.nn.initializers -    _passage_span_start_predictor._linear_layers.0.weight
2019-05-07 11:42:53,626 - INFO - allennlp.nn.initializers -    _passage_span_start_predictor._linear_layers.1.bias
2019-05-07 11:42:53,626 - INFO - allennlp.nn.initializers -    _passage_span_start_predictor._linear_layers.1.weight
2019-05-07 11:42:53,626 - INFO - allennlp.nn.initializers -    _passage_weights_predictor.bias
2019-05-07 11:42:53,626 - INFO - allennlp.nn.initializers -    _passage_weights_predictor.weight
2019-05-07 11:42:53,626 - INFO - allennlp.nn.initializers -    _phrase_layer.encoder_block_0._conv_layers.0.1.bias
2019-05-07 11:42:53,626 - INFO - allennlp.nn.initializers -    _phrase_layer.encoder_block_0._conv_layers.0.1.weight
2019-05-07 11:42:53,626 - INFO - allennlp.nn.initializers -    _phrase_layer.encoder_block_0._conv_layers.0.2.bias
2019-05-07 11:42:53,626 - INFO - allennlp.nn.initializers -    _phrase_layer.encoder_block_0._conv_layers.0.2.weight
2019-05-07 11:42:53,627 - INFO - allennlp.nn.initializers -    _phrase_layer.encoder_block_0._conv_layers.1.1.bias
2019-05-07 11:42:53,627 - INFO - allennlp.nn.initializers -    _phrase_layer.encoder_block_0._conv_layers.1.1.weight
2019-05-07 11:42:53,627 - INFO - allennlp.nn.initializers -    _phrase_layer.encoder_block_0._conv_layers.1.2.bias
2019-05-07 11:42:53,627 - INFO - allennlp.nn.initializers -    _phrase_layer.encoder_block_0._conv_layers.1.2.weight
2019-05-07 11:42:53,627 - INFO - allennlp.nn.initializers -    _phrase_layer.encoder_block_0._conv_layers.2.1.bias
2019-05-07 11:42:53,627 - INFO - allennlp.nn.initializers -    _phrase_layer.encoder_block_0._conv_layers.2.1.weight
2019-05-07 11:42:53,627 - INFO - allennlp.nn.initializers -    _phrase_layer.encoder_block_0._conv_layers.2.2.bias
2019-05-07 11:42:53,627 - INFO - allennlp.nn.initializers -    _phrase_layer.encoder_block_0._conv_layers.2.2.weight
2019-05-07 11:42:53,627 - INFO - allennlp.nn.initializers -    _phrase_layer.encoder_block_0._conv_layers.3.1.bias
2019-05-07 11:42:53,627 - INFO - allennlp.nn.initializers -    _phrase_layer.encoder_block_0._conv_layers.3.1.weight
2019-05-07 11:42:53,627 - INFO - allennlp.nn.initializers -    _phrase_layer.encoder_block_0._conv_layers.3.2.bias
2019-05-07 11:42:53,627 - INFO - allennlp.nn.initializers -    _phrase_layer.encoder_block_0._conv_layers.3.2.weight
2019-05-07 11:42:53,628 - INFO - allennlp.nn.initializers -    _phrase_layer.encoder_block_0._conv_norm_layers.0.bias
2019-05-07 11:42:53,628 - INFO - allennlp.nn.initializers -    _phrase_layer.encoder_block_0._conv_norm_layers.0.weight
2019-05-07 11:42:53,628 - INFO - allennlp.nn.initializers -    _phrase_layer.encoder_block_0._conv_norm_layers.1.bias
2019-05-07 11:42:53,628 - INFO - allennlp.nn.initializers -    _phrase_layer.encoder_block_0._conv_norm_layers.1.weight
2019-05-07 11:42:53,628 - INFO - allennlp.nn.initializers -    _phrase_layer.encoder_block_0._conv_norm_layers.2.bias
2019-05-07 11:42:53,628 - INFO - allennlp.nn.initializers -    _phrase_layer.encoder_block_0._conv_norm_layers.2.weight
2019-05-07 11:42:53,628 - INFO - allennlp.nn.initializers -    _phrase_layer.encoder_block_0._conv_norm_layers.3.bias
2019-05-07 11:42:53,628 - INFO - allennlp.nn.initializers -    _phrase_layer.encoder_block_0._conv_norm_layers.3.weight
2019-05-07 11:42:53,628 - INFO - allennlp.nn.initializers -    _phrase_layer.encoder_block_0.attention_layer._combined_projection.bias
2019-05-07 11:42:53,628 - INFO - allennlp.nn.initializers -    _phrase_layer.encoder_block_0.attention_layer._combined_projection.weight
2019-05-07 11:42:53,628 - INFO - allennlp.nn.initializers -    _phrase_layer.encoder_block_0.attention_layer._output_projection.bias
2019-05-07 11:42:53,629 - INFO - allennlp.nn.initializers -    _phrase_layer.encoder_block_0.attention_layer._output_projection.weight
2019-05-07 11:42:53,629 - INFO - allennlp.nn.initializers -    _phrase_layer.encoder_block_0.attention_norm_layer.bias
2019-05-07 11:42:53,629 - INFO - allennlp.nn.initializers -    _phrase_layer.encoder_block_0.attention_norm_layer.weight
2019-05-07 11:42:53,629 - INFO - allennlp.nn.initializers -    _phrase_layer.encoder_block_0.feedforward._linear_layers.0.bias
2019-05-07 11:42:53,629 - INFO - allennlp.nn.initializers -    _phrase_layer.encoder_block_0.feedforward._linear_layers.0.weight
2019-05-07 11:42:53,629 - INFO - allennlp.nn.initializers -    _phrase_layer.encoder_block_0.feedforward._linear_layers.1.bias
2019-05-07 11:42:53,629 - INFO - allennlp.nn.initializers -    _phrase_layer.encoder_block_0.feedforward._linear_layers.1.weight
2019-05-07 11:42:53,629 - INFO - allennlp.nn.initializers -    _phrase_layer.encoder_block_0.feedforward_norm_layer.bias
2019-05-07 11:42:53,629 - INFO - allennlp.nn.initializers -    _phrase_layer.encoder_block_0.feedforward_norm_layer.weight
2019-05-07 11:42:53,629 - INFO - allennlp.nn.initializers -    _question_span_end_predictor._linear_layers.0.bias
2019-05-07 11:42:53,629 - INFO - allennlp.nn.initializers -    _question_span_end_predictor._linear_layers.0.weight
2019-05-07 11:42:53,629 - INFO - allennlp.nn.initializers -    _question_span_end_predictor._linear_layers.1.bias
2019-05-07 11:42:53,630 - INFO - allennlp.nn.initializers -    _question_span_end_predictor._linear_layers.1.weight
2019-05-07 11:42:53,630 - INFO - allennlp.nn.initializers -    _question_span_start_predictor._linear_layers.0.bias
2019-05-07 11:42:53,630 - INFO - allennlp.nn.initializers -    _question_span_start_predictor._linear_layers.0.weight
2019-05-07 11:42:53,630 - INFO - allennlp.nn.initializers -    _question_span_start_predictor._linear_layers.1.bias
2019-05-07 11:42:53,630 - INFO - allennlp.nn.initializers -    _question_span_start_predictor._linear_layers.1.weight
2019-05-07 11:42:53,630 - INFO - allennlp.nn.initializers -    _question_weights_predictor.bias
2019-05-07 11:42:53,630 - INFO - allennlp.nn.initializers -    _question_weights_predictor.weight
2019-05-07 11:42:53,630 - INFO - allennlp.nn.initializers -    _text_field_embedder.token_embedder_token_characters._embedding._module.weight
2019-05-07 11:42:53,630 - INFO - allennlp.nn.initializers -    _text_field_embedder.token_embedder_token_characters._encoder._module.conv_layer_0.bias
2019-05-07 11:42:53,630 - INFO - allennlp.nn.initializers -    _text_field_embedder.token_embedder_token_characters._encoder._module.conv_layer_0.weight
2019-05-07 11:42:53,630 - INFO - allennlp.nn.initializers -    _text_field_embedder.token_embedder_tokens.weight
2019-05-07 11:42:53,789 - INFO - allennlp.common.from_params - instantiating class <class 'allennlp.data.iterators.data_iterator.DataIterator'> from params {'batch_size': 16, 'max_instances_in_memory': 600, 'sorting_keys': [['passage', 'num_tokens'], ['question', 'num_tokens']], 'type': 'bucket'} and extras set()
2019-05-07 11:42:53,789 - INFO - allennlp.common.params - iterator.type = bucket
2019-05-07 11:42:53,789 - INFO - allennlp.common.from_params - instantiating class <class 'allennlp.data.iterators.bucket_iterator.BucketIterator'> from params {'batch_size': 16, 'max_instances_in_memory': 600, 'sorting_keys': [['passage', 'num_tokens'], ['question', 'num_tokens']]} and extras set()
2019-05-07 11:42:53,789 - INFO - allennlp.common.params - iterator.sorting_keys = [['passage', 'num_tokens'], ['question', 'num_tokens']]
2019-05-07 11:42:53,789 - INFO - allennlp.common.params - iterator.padding_noise = 0.1
2019-05-07 11:42:53,789 - INFO - allennlp.common.params - iterator.biggest_batch_first = False
2019-05-07 11:42:53,789 - INFO - allennlp.common.params - iterator.batch_size = 16
2019-05-07 11:42:53,789 - INFO - allennlp.common.params - iterator.instances_per_epoch = None
2019-05-07 11:42:53,790 - INFO - allennlp.common.params - iterator.max_instances_in_memory = 600
2019-05-07 11:42:53,790 - INFO - allennlp.common.params - iterator.cache_instances = False
2019-05-07 11:42:53,790 - INFO - allennlp.common.params - iterator.track_epoch = False
2019-05-07 11:42:53,790 - INFO - allennlp.common.params - iterator.maximum_samples_per_batch = None
2019-05-07 11:42:53,790 - INFO - allennlp.common.params - validation_iterator = None
2019-05-07 11:42:53,790 - INFO - allennlp.common.params - trainer.no_grad = ()
2019-05-07 11:42:53,791 - INFO - allennlp.training.trainer - Following parameters are Frozen  (without gradient):
2019-05-07 11:42:53,791 - INFO - allennlp.training.trainer - _text_field_embedder.token_embedder_tokens.weight
2019-05-07 11:42:53,792 - INFO - allennlp.training.trainer - Following parameters are Tunable (with gradient):
2019-05-07 11:42:53,792 - INFO - allennlp.training.trainer - _text_field_embedder.token_embedder_token_characters._embedding._module.weight
2019-05-07 11:42:53,792 - INFO - allennlp.training.trainer - _text_field_embedder.token_embedder_token_characters._encoder._module.conv_layer_0.weight
2019-05-07 11:42:53,792 - INFO - allennlp.training.trainer - _text_field_embedder.token_embedder_token_characters._encoder._module.conv_layer_0.bias
2019-05-07 11:42:53,792 - INFO - allennlp.training.trainer - _embedding_proj_layer.weight
2019-05-07 11:42:53,792 - INFO - allennlp.training.trainer - _embedding_proj_layer.bias
2019-05-07 11:42:53,792 - INFO - allennlp.training.trainer - _highway_layer._layers.0.weight
2019-05-07 11:42:53,792 - INFO - allennlp.training.trainer - _highway_layer._layers.0.bias
2019-05-07 11:42:53,792 - INFO - allennlp.training.trainer - _highway_layer._layers.1.weight
2019-05-07 11:42:53,792 - INFO - allennlp.training.trainer - _highway_layer._layers.1.bias
2019-05-07 11:42:53,792 - INFO - allennlp.training.trainer - _encoding_proj_layer.weight
2019-05-07 11:42:53,793 - INFO - allennlp.training.trainer - _encoding_proj_layer.bias
2019-05-07 11:42:53,793 - INFO - allennlp.training.trainer - _phrase_layer.encoder_block_0._conv_norm_layers.0.weight
2019-05-07 11:42:53,793 - INFO - allennlp.training.trainer - _phrase_layer.encoder_block_0._conv_norm_layers.0.bias
2019-05-07 11:42:53,793 - INFO - allennlp.training.trainer - _phrase_layer.encoder_block_0._conv_norm_layers.1.weight
2019-05-07 11:42:53,793 - INFO - allennlp.training.trainer - _phrase_layer.encoder_block_0._conv_norm_layers.1.bias
2019-05-07 11:42:53,793 - INFO - allennlp.training.trainer - _phrase_layer.encoder_block_0._conv_norm_layers.2.weight
2019-05-07 11:42:53,793 - INFO - allennlp.training.trainer - _phrase_layer.encoder_block_0._conv_norm_layers.2.bias
2019-05-07 11:42:53,793 - INFO - allennlp.training.trainer - _phrase_layer.encoder_block_0._conv_norm_layers.3.weight
2019-05-07 11:42:53,793 - INFO - allennlp.training.trainer - _phrase_layer.encoder_block_0._conv_norm_layers.3.bias
2019-05-07 11:42:53,793 - INFO - allennlp.training.trainer - _phrase_layer.encoder_block_0._conv_layers.0.1.weight
2019-05-07 11:42:53,793 - INFO - allennlp.training.trainer - _phrase_layer.encoder_block_0._conv_layers.0.1.bias
2019-05-07 11:42:53,793 - INFO - allennlp.training.trainer - _phrase_layer.encoder_block_0._conv_layers.0.2.weight
2019-05-07 11:42:53,794 - INFO - allennlp.training.trainer - _phrase_layer.encoder_block_0._conv_layers.0.2.bias
2019-05-07 11:42:53,794 - INFO - allennlp.training.trainer - _phrase_layer.encoder_block_0._conv_layers.1.1.weight
2019-05-07 11:42:53,794 - INFO - allennlp.training.trainer - _phrase_layer.encoder_block_0._conv_layers.1.1.bias
2019-05-07 11:42:53,794 - INFO - allennlp.training.trainer - _phrase_layer.encoder_block_0._conv_layers.1.2.weight
2019-05-07 11:42:53,794 - INFO - allennlp.training.trainer - _phrase_layer.encoder_block_0._conv_layers.1.2.bias
2019-05-07 11:42:53,794 - INFO - allennlp.training.trainer - _phrase_layer.encoder_block_0._conv_layers.2.1.weight
2019-05-07 11:42:53,794 - INFO - allennlp.training.trainer - _phrase_layer.encoder_block_0._conv_layers.2.1.bias
2019-05-07 11:42:53,794 - INFO - allennlp.training.trainer - _phrase_layer.encoder_block_0._conv_layers.2.2.weight
2019-05-07 11:42:53,794 - INFO - allennlp.training.trainer - _phrase_layer.encoder_block_0._conv_layers.2.2.bias
2019-05-07 11:42:53,794 - INFO - allennlp.training.trainer - _phrase_layer.encoder_block_0._conv_layers.3.1.weight
2019-05-07 11:42:53,794 - INFO - allennlp.training.trainer - _phrase_layer.encoder_block_0._conv_layers.3.1.bias
2019-05-07 11:42:53,794 - INFO - allennlp.training.trainer - _phrase_layer.encoder_block_0._conv_layers.3.2.weight
2019-05-07 11:42:53,795 - INFO - allennlp.training.trainer - _phrase_layer.encoder_block_0._conv_layers.3.2.bias
2019-05-07 11:42:53,795 - INFO - allennlp.training.trainer - _phrase_layer.encoder_block_0.attention_norm_layer.weight
2019-05-07 11:42:53,795 - INFO - allennlp.training.trainer - _phrase_layer.encoder_block_0.attention_norm_layer.bias
2019-05-07 11:42:53,795 - INFO - allennlp.training.trainer - _phrase_layer.encoder_block_0.attention_layer._combined_projection.weight
2019-05-07 11:42:53,795 - INFO - allennlp.training.trainer - _phrase_layer.encoder_block_0.attention_layer._combined_projection.bias
2019-05-07 11:42:53,795 - INFO - allennlp.training.trainer - _phrase_layer.encoder_block_0.attention_layer._output_projection.weight
2019-05-07 11:42:53,795 - INFO - allennlp.training.trainer - _phrase_layer.encoder_block_0.attention_layer._output_projection.bias
2019-05-07 11:42:53,795 - INFO - allennlp.training.trainer - _phrase_layer.encoder_block_0.feedforward_norm_layer.weight
2019-05-07 11:42:53,795 - INFO - allennlp.training.trainer - _phrase_layer.encoder_block_0.feedforward_norm_layer.bias
2019-05-07 11:42:53,795 - INFO - allennlp.training.trainer - _phrase_layer.encoder_block_0.feedforward._linear_layers.0.weight
2019-05-07 11:42:53,795 - INFO - allennlp.training.trainer - _phrase_layer.encoder_block_0.feedforward._linear_layers.0.bias
2019-05-07 11:42:53,795 - INFO - allennlp.training.trainer - _phrase_layer.encoder_block_0.feedforward._linear_layers.1.weight
2019-05-07 11:42:53,796 - INFO - allennlp.training.trainer - _phrase_layer.encoder_block_0.feedforward._linear_layers.1.bias
2019-05-07 11:42:53,796 - INFO - allennlp.training.trainer - _matrix_attention._weight_vector
2019-05-07 11:42:53,796 - INFO - allennlp.training.trainer - _matrix_attention._bias
2019-05-07 11:42:53,796 - INFO - allennlp.training.trainer - _modeling_proj_layer.weight
2019-05-07 11:42:53,796 - INFO - allennlp.training.trainer - _modeling_proj_layer.bias
2019-05-07 11:42:53,796 - INFO - allennlp.training.trainer - _modeling_layer.encoder_block_0._conv_norm_layers.0.weight
2019-05-07 11:42:53,796 - INFO - allennlp.training.trainer - _modeling_layer.encoder_block_0._conv_norm_layers.0.bias
2019-05-07 11:42:53,796 - INFO - allennlp.training.trainer - _modeling_layer.encoder_block_0._conv_norm_layers.1.weight
2019-05-07 11:42:53,796 - INFO - allennlp.training.trainer - _modeling_layer.encoder_block_0._conv_norm_layers.1.bias
2019-05-07 11:42:53,796 - INFO - allennlp.training.trainer - _modeling_layer.encoder_block_0._conv_layers.0.1.weight
2019-05-07 11:42:53,796 - INFO - allennlp.training.trainer - _modeling_layer.encoder_block_0._conv_layers.0.1.bias
2019-05-07 11:42:53,796 - INFO - allennlp.training.trainer - _modeling_layer.encoder_block_0._conv_layers.0.2.weight
2019-05-07 11:42:53,797 - INFO - allennlp.training.trainer - _modeling_layer.encoder_block_0._conv_layers.0.2.bias
2019-05-07 11:42:53,797 - INFO - allennlp.training.trainer - _modeling_layer.encoder_block_0._conv_layers.1.1.weight
2019-05-07 11:42:53,797 - INFO - allennlp.training.trainer - _modeling_layer.encoder_block_0._conv_layers.1.1.bias
2019-05-07 11:42:53,797 - INFO - allennlp.training.trainer - _modeling_layer.encoder_block_0._conv_layers.1.2.weight
2019-05-07 11:42:53,797 - INFO - allennlp.training.trainer - _modeling_layer.encoder_block_0._conv_layers.1.2.bias
2019-05-07 11:42:53,797 - INFO - allennlp.training.trainer - _modeling_layer.encoder_block_0.attention_norm_layer.weight
2019-05-07 11:42:53,797 - INFO - allennlp.training.trainer - _modeling_layer.encoder_block_0.attention_norm_layer.bias
2019-05-07 11:42:53,797 - INFO - allennlp.training.trainer - _modeling_layer.encoder_block_0.attention_layer._combined_projection.weight
2019-05-07 11:42:53,797 - INFO - allennlp.training.trainer - _modeling_layer.encoder_block_0.attention_layer._combined_projection.bias
2019-05-07 11:42:53,797 - INFO - allennlp.training.trainer - _modeling_layer.encoder_block_0.attention_layer._output_projection.weight
2019-05-07 11:42:53,797 - INFO - allennlp.training.trainer - _modeling_layer.encoder_block_0.attention_layer._output_projection.bias
2019-05-07 11:42:53,798 - INFO - allennlp.training.trainer - _modeling_layer.encoder_block_0.feedforward_norm_layer.weight
2019-05-07 11:42:53,798 - INFO - allennlp.training.trainer - _modeling_layer.encoder_block_0.feedforward_norm_layer.bias
2019-05-07 11:42:53,798 - INFO - allennlp.training.trainer - _modeling_layer.encoder_block_0.feedforward._linear_layers.0.weight
2019-05-07 11:42:53,798 - INFO - allennlp.training.trainer - _modeling_layer.encoder_block_0.feedforward._linear_layers.0.bias
2019-05-07 11:42:53,798 - INFO - allennlp.training.trainer - _modeling_layer.encoder_block_0.feedforward._linear_layers.1.weight
2019-05-07 11:42:53,798 - INFO - allennlp.training.trainer - _modeling_layer.encoder_block_0.feedforward._linear_layers.1.bias
2019-05-07 11:42:53,798 - INFO - allennlp.training.trainer - _passage_weights_predictor.weight
2019-05-07 11:42:53,798 - INFO - allennlp.training.trainer - _passage_weights_predictor.bias
2019-05-07 11:42:53,798 - INFO - allennlp.training.trainer - _question_weights_predictor.weight
2019-05-07 11:42:53,798 - INFO - allennlp.training.trainer - _question_weights_predictor.bias
2019-05-07 11:42:53,798 - INFO - allennlp.training.trainer - _answer_ability_predictor._linear_layers.0.weight
2019-05-07 11:42:53,798 - INFO - allennlp.training.trainer - _answer_ability_predictor._linear_layers.0.bias
2019-05-07 11:42:53,799 - INFO - allennlp.training.trainer - _answer_ability_predictor._linear_layers.1.weight
2019-05-07 11:42:53,799 - INFO - allennlp.training.trainer - _answer_ability_predictor._linear_layers.1.bias
2019-05-07 11:42:53,799 - INFO - allennlp.training.trainer - _passage_span_start_predictor._linear_layers.0.weight
2019-05-07 11:42:53,799 - INFO - allennlp.training.trainer - _passage_span_start_predictor._linear_layers.0.bias
2019-05-07 11:42:53,799 - INFO - allennlp.training.trainer - _passage_span_start_predictor._linear_layers.1.weight
2019-05-07 11:42:53,799 - INFO - allennlp.training.trainer - _passage_span_start_predictor._linear_layers.1.bias
2019-05-07 11:42:53,799 - INFO - allennlp.training.trainer - _passage_span_end_predictor._linear_layers.0.weight
2019-05-07 11:42:53,799 - INFO - allennlp.training.trainer - _passage_span_end_predictor._linear_layers.0.bias
2019-05-07 11:42:53,799 - INFO - allennlp.training.trainer - _passage_span_end_predictor._linear_layers.1.weight
2019-05-07 11:42:53,799 - INFO - allennlp.training.trainer - _passage_span_end_predictor._linear_layers.1.bias
2019-05-07 11:42:53,799 - INFO - allennlp.training.trainer - _question_span_start_predictor._linear_layers.0.weight
2019-05-07 11:42:53,799 - INFO - allennlp.training.trainer - _question_span_start_predictor._linear_layers.0.bias
2019-05-07 11:42:53,800 - INFO - allennlp.training.trainer - _question_span_start_predictor._linear_layers.1.weight
2019-05-07 11:42:53,800 - INFO - allennlp.training.trainer - _question_span_start_predictor._linear_layers.1.bias
2019-05-07 11:42:53,800 - INFO - allennlp.training.trainer - _question_span_end_predictor._linear_layers.0.weight
2019-05-07 11:42:53,800 - INFO - allennlp.training.trainer - _question_span_end_predictor._linear_layers.0.bias
2019-05-07 11:42:53,800 - INFO - allennlp.training.trainer - _question_span_end_predictor._linear_layers.1.weight
2019-05-07 11:42:53,800 - INFO - allennlp.training.trainer - _question_span_end_predictor._linear_layers.1.bias
2019-05-07 11:42:53,800 - INFO - allennlp.training.trainer - _number_sign_predictor._linear_layers.0.weight
2019-05-07 11:42:53,800 - INFO - allennlp.training.trainer - _number_sign_predictor._linear_layers.0.bias
2019-05-07 11:42:53,800 - INFO - allennlp.training.trainer - _number_sign_predictor._linear_layers.1.weight
2019-05-07 11:42:53,800 - INFO - allennlp.training.trainer - _number_sign_predictor._linear_layers.1.bias
2019-05-07 11:42:53,800 - INFO - allennlp.training.trainer - _count_number_predictor._linear_layers.0.weight
2019-05-07 11:42:53,800 - INFO - allennlp.training.trainer - _count_number_predictor._linear_layers.0.bias
2019-05-07 11:42:53,800 - INFO - allennlp.training.trainer - _count_number_predictor._linear_layers.1.weight
2019-05-07 11:42:53,800 - INFO - allennlp.training.trainer - _count_number_predictor._linear_layers.1.bias
2019-05-07 11:42:53,801 - INFO - allennlp.common.params - trainer.patience = 10
2019-05-07 11:42:53,801 - INFO - allennlp.common.params - trainer.validation_metric = +f1
2019-05-07 11:42:53,801 - INFO - allennlp.common.params - trainer.shuffle = True
2019-05-07 11:42:53,801 - INFO - allennlp.common.params - trainer.num_epochs = 5
2019-05-07 11:42:53,801 - INFO - allennlp.common.params - trainer.cuda_device = 0
2019-05-07 11:42:53,801 - INFO - allennlp.common.params - trainer.grad_norm = 5
2019-05-07 11:42:53,801 - INFO - allennlp.common.params - trainer.grad_clipping = None
2019-05-07 11:42:53,801 - INFO - allennlp.common.params - trainer.learning_rate_scheduler = None
2019-05-07 11:42:53,801 - INFO - allennlp.common.params - trainer.momentum_scheduler = None
2019-05-07 11:43:32,196 - INFO - allennlp.common.params - trainer.optimizer.type = adam
2019-05-07 11:43:32,198 - INFO - allennlp.common.params - trainer.optimizer.parameter_groups = None
2019-05-07 11:43:32,641 - INFO - allennlp.training.optimizers - Number of trainable parameters: 822880
2019-05-07 11:43:32,641 - INFO - allennlp.common.params - trainer.optimizer.infer_type_and_cast = True
2019-05-07 11:43:32,641 - INFO - allennlp.common.params - Converting Params object to dict; logging of default values will not occur when dictionary parameters are used subsequently.
2019-05-07 11:43:32,642 - INFO - allennlp.common.params - CURRENTLY DEFINED PARAMETERS: 
2019-05-07 11:43:32,642 - INFO - allennlp.common.params - trainer.optimizer.betas = [0.8, 0.999]
2019-05-07 11:43:32,642 - INFO - allennlp.common.params - trainer.optimizer.eps = 1e-07
2019-05-07 11:43:32,642 - INFO - allennlp.common.params - trainer.optimizer.lr = 0.0005
2019-05-07 11:43:32,643 - INFO - allennlp.common.from_params - instantiating class <class 'allennlp.training.moving_average.MovingAverage'> from params {'decay': 0.9999, 'type': 'exponential'} and extras {'parameters'}
2019-05-07 11:43:32,643 - INFO - allennlp.common.params - trainer.moving_average.type = exponential
2019-05-07 11:43:32,644 - INFO - allennlp.common.from_params - instantiating class <class 'allennlp.training.moving_average.ExponentialMovingAverage'> from params {'decay': 0.9999} and extras {'parameters'}
2019-05-07 11:43:32,644 - INFO - allennlp.common.params - trainer.moving_average.decay = 0.9999
2019-05-07 11:43:32,644 - INFO - allennlp.common.params - trainer.moving_average.numerator = 1.0
2019-05-07 11:43:32,644 - INFO - allennlp.common.params - trainer.moving_average.denominator = 10.0
2019-05-07 11:43:34,245 - INFO - allennlp.common.params - trainer.num_serialized_models_to_keep = 1
2019-05-07 11:43:34,245 - INFO - allennlp.common.params - trainer.keep_serialized_model_every_num_seconds = None
2019-05-07 11:43:34,246 - INFO - allennlp.common.params - trainer.model_save_interval = None
2019-05-07 11:43:34,246 - INFO - allennlp.common.params - trainer.summary_interval = 100
2019-05-07 11:43:34,246 - INFO - allennlp.common.params - trainer.histogram_interval = None
2019-05-07 11:43:34,246 - INFO - allennlp.common.params - trainer.should_log_parameter_statistics = True
2019-05-07 11:43:34,246 - INFO - allennlp.common.params - trainer.should_log_learning_rate = False
2019-05-07 11:43:34,246 - INFO - allennlp.common.params - trainer.log_batch_size_period = None
2019-05-07 11:43:34,295 - INFO - allennlp.training.trainer - Beginning training.
2019-05-07 11:43:34,295 - INFO - allennlp.training.trainer - Epoch 0/4
2019-05-07 11:43:34,296 - INFO - allennlp.training.trainer - Peak CPU memory usage MB: 5120.768
2019-05-07 11:43:34,699 - INFO - allennlp.training.trainer - GPU 0 memory usage MB: 1426
2019-05-07 11:43:34,705 - INFO - allennlp.training.trainer - Training
2019-05-07 12:03:00,076 - INFO - allennlp.training.trainer - Validating
2019-05-07 12:04:20,563 - INFO - allennlp.training.tensorboard_writer -                     Training |  Validation
2019-05-07 12:04:20,564 - INFO - allennlp.training.tensorboard_writer - loss            |     4.414  |  1954680.217
2019-05-07 12:04:20,565 - INFO - allennlp.training.tensorboard_writer - em              |     0.149  |     0.180
2019-05-07 12:04:20,565 - INFO - allennlp.training.tensorboard_writer - f1              |     0.181  |     0.209
2019-05-07 12:04:20,565 - INFO - allennlp.training.tensorboard_writer - gpu_0_memory_MB |  1426.000  |       N/A
2019-05-07 12:04:20,566 - INFO - allennlp.training.tensorboard_writer - cpu_memory_MB   |  5120.768  |       N/A
2019-05-07 12:04:21,221 - INFO - allennlp.training.checkpointer - Best validation performance so far. Copying weights to 'out/baseline_simple/best.th'.
2019-05-07 12:04:21,760 - INFO - allennlp.training.trainer - Epoch duration: 00:20:47
2019-05-07 12:04:21,766 - INFO - allennlp.training.trainer - Estimated training time remaining: 1:23:09
2019-05-07 12:04:21,767 - INFO - allennlp.training.trainer - Epoch 1/4
2019-05-07 12:04:21,768 - INFO - allennlp.training.trainer - Peak CPU memory usage MB: 7182.44
2019-05-07 12:04:22,190 - INFO - allennlp.training.trainer - GPU 0 memory usage MB: 4618
2019-05-07 12:04:22,193 - INFO - allennlp.training.trainer - Training
2019-05-07 12:21:25,090 - INFO - allennlp.training.trainer - Validating
2019-05-07 12:22:22,821 - INFO - allennlp.training.tensorboard_writer -                     Training |  Validation
2019-05-07 12:22:22,822 - INFO - allennlp.training.tensorboard_writer - loss            |     3.790  |  1954679.871
2019-05-07 12:22:22,822 - INFO - allennlp.training.tensorboard_writer - em              |     0.202  |     0.237
2019-05-07 12:22:22,822 - INFO - allennlp.training.tensorboard_writer - f1              |     0.237  |     0.263
2019-05-07 12:22:22,823 - INFO - allennlp.training.tensorboard_writer - gpu_0_memory_MB |  4618.000  |       N/A
2019-05-07 12:22:22,823 - INFO - allennlp.training.tensorboard_writer - cpu_memory_MB   |  7182.440  |       N/A
2019-05-07 12:22:23,501 - INFO - allennlp.training.checkpointer - Best validation performance so far. Copying weights to 'out/baseline_simple/best.th'.
2019-05-07 12:22:24,097 - INFO - allennlp.training.trainer - Epoch duration: 00:18:02
2019-05-07 12:22:24,098 - INFO - allennlp.training.trainer - Estimated training time remaining: 0:58:14
2019-05-07 12:22:24,098 - INFO - allennlp.training.trainer - Epoch 2/4
2019-05-07 12:22:24,098 - INFO - allennlp.training.trainer - Peak CPU memory usage MB: 7183.356
2019-05-07 12:22:24,324 - INFO - allennlp.training.trainer - GPU 0 memory usage MB: 4618
2019-05-07 12:22:24,327 - INFO - allennlp.training.trainer - Training
2019-05-07 12:39:28,258 - INFO - allennlp.training.trainer - Validating
2019-05-07 12:40:26,098 - INFO - allennlp.training.tensorboard_writer -                     Training |  Validation
2019-05-07 12:40:26,099 - INFO - allennlp.training.tensorboard_writer - loss            |     3.521  |  1953644.956
2019-05-07 12:40:26,100 - INFO - allennlp.training.tensorboard_writer - em              |     0.243  |     0.266
2019-05-07 12:40:26,100 - INFO - allennlp.training.tensorboard_writer - f1              |     0.279  |     0.289
2019-05-07 12:40:26,101 - INFO - allennlp.training.tensorboard_writer - gpu_0_memory_MB |  4618.000  |       N/A
2019-05-07 12:40:26,101 - INFO - allennlp.training.tensorboard_writer - cpu_memory_MB   |  7183.356  |       N/A
2019-05-07 12:40:26,994 - INFO - allennlp.training.checkpointer - Best validation performance so far. Copying weights to 'out/baseline_simple/best.th'.
2019-05-07 12:40:27,726 - INFO - allennlp.training.trainer - Epoch duration: 00:18:03
2019-05-07 12:40:27,726 - INFO - allennlp.training.trainer - Estimated training time remaining: 0:37:55
2019-05-07 12:40:27,726 - INFO - allennlp.training.trainer - Epoch 3/4
2019-05-07 12:40:27,726 - INFO - allennlp.training.trainer - Peak CPU memory usage MB: 7183.688
2019-05-07 12:40:27,948 - INFO - allennlp.training.trainer - GPU 0 memory usage MB: 4618
2019-05-07 12:40:27,951 - INFO - allennlp.training.trainer - Training
2019-05-07 12:57:32,681 - INFO - allennlp.training.trainer - Validating
2019-05-07 12:58:30,283 - INFO - allennlp.training.tensorboard_writer -                     Training |  Validation
2019-05-07 12:58:30,284 - INFO - allennlp.training.tensorboard_writer - loss            |     3.370  |  1955714.390
2019-05-07 12:58:30,284 - INFO - allennlp.training.tensorboard_writer - em              |     0.266  |     0.291
2019-05-07 12:58:30,285 - INFO - allennlp.training.tensorboard_writer - f1              |     0.303  |     0.314
2019-05-07 12:58:30,285 - INFO - allennlp.training.tensorboard_writer - gpu_0_memory_MB |  4618.000  |       N/A
2019-05-07 12:58:30,285 - INFO - allennlp.training.tensorboard_writer - cpu_memory_MB   |  7183.688  |       N/A
2019-05-07 12:58:31,668 - INFO - allennlp.training.checkpointer - Best validation performance so far. Copying weights to 'out/baseline_simple/best.th'.
2019-05-07 12:58:32,568 - INFO - allennlp.training.trainer - Epoch duration: 00:18:04
2019-05-07 12:58:32,568 - INFO - allennlp.training.trainer - Estimated training time remaining: 0:18:44
2019-05-07 12:58:32,569 - INFO - allennlp.training.trainer - Epoch 4/4
2019-05-07 12:58:32,569 - INFO - allennlp.training.trainer - Peak CPU memory usage MB: 7183.836
2019-05-07 12:58:32,811 - INFO - allennlp.training.trainer - GPU 0 memory usage MB: 4618
2019-05-07 12:58:32,814 - INFO - allennlp.training.trainer - Training
2019-05-07 13:15:36,246 - INFO - allennlp.training.trainer - Validating
2019-05-07 13:16:34,157 - INFO - allennlp.training.tensorboard_writer -                     Training |  Validation
2019-05-07 13:16:34,157 - INFO - allennlp.training.tensorboard_writer - loss            |     3.257  |  1956749.093
2019-05-07 13:16:34,158 - INFO - allennlp.training.tensorboard_writer - em              |     0.288  |     0.306
2019-05-07 13:16:34,158 - INFO - allennlp.training.tensorboard_writer - f1              |     0.325  |     0.332
2019-05-07 13:16:34,159 - INFO - allennlp.training.tensorboard_writer - gpu_0_memory_MB |  4618.000  |       N/A
2019-05-07 13:16:34,159 - INFO - allennlp.training.tensorboard_writer - cpu_memory_MB   |  7183.836  |       N/A
2019-05-07 13:16:34,837 - INFO - allennlp.training.checkpointer - Best validation performance so far. Copying weights to 'out/baseline_simple/best.th'.
2019-05-07 13:16:35,409 - INFO - allennlp.training.trainer - Epoch duration: 00:18:02
2019-05-07 13:16:35,409 - INFO - allennlp.training.checkpointer - loading best weights
