0it [00:00, ?it/s]
6026it [00:08, 713.50it/s]

0it [00:00, ?it/s]
444042it [00:10, 44404.18it/s]
897255it [00:20, 44675.40it/s]
1354100it [00:30, 44973.40it/s]
1702926it [00:37, 45231.99it/s]

0it [00:00, ?it/s]
402479it [00:10, 40247.88it/s]
838207it [00:20, 41190.79it/s]
1282893it [00:30, 42122.25it/s]
1702926it [00:39, 43174.78it/s]

  0%|          | 0/2 [00:00<?, ?it/s]
em: 0.0000, f1: 0.0000, loss: 6688.8694 ||: 100%|##########| 2/2 [00:00<00:00,  5.48it/s]

  0%|          | 0/376 [00:00<?, ?it/s]
em: 0.0017, f1: 0.0017, loss: 6555.9189 ||:  20%|#9        | 75/376 [00:10<00:40,  7.49it/s]
em: 0.0012, f1: 0.0012, loss: 6611.1184 ||:  41%|####      | 153/376 [00:21<00:30,  7.28it/s]
em: 0.0011, f1: 0.0011, loss: 6825.7004 ||:  61%|######    | 229/376 [00:31<00:20,  7.30it/s]
em: 0.0014, f1: 0.0014, loss: 6664.9755 ||:  85%|########4 | 318/376 [00:41<00:07,  7.71it/s]
em: 0.0013, f1: 0.0013, loss: 6642.7917 ||: : 381it [00:48,  7.85it/s]                       

  0%|          | 0/2 [00:00<?, ?it/s]
em: 0.0000, f1: 0.0000, loss: 1894.2314 ||: 100%|##########| 2/2 [00:00<00:00,  6.93it/s]

  0%|          | 0/376 [00:00<?, ?it/s]
em: 0.0023, f1: 0.0023, loss: 2123.1774 ||:  30%|##9       | 111/376 [00:10<00:24, 10.99it/s]
em: 0.0034, f1: 0.0034, loss: 2188.9325 ||:  59%|#####8    | 221/376 [00:20<00:14, 10.93it/s]
em: 0.0031, f1: 0.0031, loss: 2230.0563 ||:  88%|########7 | 330/376 [00:30<00:04, 10.91it/s]
em: 0.0030, f1: 0.0031, loss: 2270.7288 ||: : 381it [00:35, 10.86it/s]                       

  0%|          | 0/2 [00:00<?, ?it/s]
em: 0.0000, f1: 0.0000, loss: 335.6857 ||: 100%|##########| 2/2 [00:00<00:00,  6.52it/s]

  0%|          | 0/376 [00:00<?, ?it/s]
em: 0.0064, f1: 0.0066, loss: 628.1043 ||:  29%|##8       | 109/376 [00:10<00:24, 10.83it/s]
em: 0.0052, f1: 0.0054, loss: 667.0044 ||:  58%|#####7    | 218/376 [00:20<00:14, 10.81it/s]
em: 0.0052, f1: 0.0055, loss: 653.4180 ||:  87%|########6 | 327/376 [00:30<00:04, 10.82it/s]
em: 0.0048, f1: 0.0050, loss: 674.1160 ||: : 381it [00:35, 10.83it/s]                       

  0%|          | 0/2 [00:00<?, ?it/s]
em: 0.1053, f1: 0.1053, loss: 25.5145 ||: 100%|##########| 2/2 [00:00<00:00,  6.82it/s]

  0%|          | 0/376 [00:00<?, ?it/s]
em: 0.0092, f1: 0.0095, loss: 224.6276 ||:  29%|##9       | 110/376 [00:10<00:24, 10.91it/s]
em: 0.0138, f1: 0.0139, loss: 228.5239 ||:  59%|#####8    | 220/376 [00:20<00:14, 10.87it/s]
em: 0.0129, f1: 0.0130, loss: 232.3527 ||:  87%|########7 | 328/376 [00:30<00:04, 10.84it/s]
em: 0.0123, f1: 0.0124, loss: 242.1048 ||: : 381it [00:35, 10.80it/s]                       

  0%|          | 0/2 [00:00<?, ?it/s]
em: 0.0000, f1: 0.0000, loss: 5.5086 ||: 100%|##########| 2/2 [00:00<00:00,  7.00it/s]

  0%|          | 0/376 [00:00<?, ?it/s]
em: 0.0361, f1: 0.0361, loss: 161.2601 ||:  29%|##9       | 110/376 [00:10<00:24, 10.96it/s]
em: 0.0362, f1: 0.0362, loss: 164.7951 ||:  59%|#####8    | 220/376 [00:20<00:14, 10.88it/s]
em: 0.0295, f1: 0.0296, loss: 176.3698 ||:  87%|########7 | 328/376 [00:30<00:04, 10.84it/s]
em: 0.0290, f1: 0.0291, loss: 184.0033 ||: : 381it [00:35, 10.80it/s]                       

  0%|          | 0/2 [00:00<?, ?it/s]
em: 0.0000, f1: 0.0000, loss: 11.0405 ||: 100%|##########| 2/2 [00:00<00:00,  6.59it/s]

  0%|          | 0/376 [00:00<?, ?it/s]
em: 0.0321, f1: 0.0321, loss: 155.9195 ||:  28%|##8       | 106/376 [00:10<00:25, 10.52it/s]
em: 0.0366, f1: 0.0366, loss: 148.7207 ||:  57%|#####6    | 214/376 [00:20<00:15, 10.60it/s]
em: 0.0342, f1: 0.0343, loss: 156.1579 ||:  86%|########5 | 322/376 [00:30<00:05, 10.60it/s]
em: 0.0323, f1: 0.0325, loss: 164.7875 ||: : 381it [00:35, 10.71it/s]                       

  0%|          | 0/2 [00:00<?, ?it/s]
em: 0.0000, f1: 0.0000, loss: 12.7839 ||: 100%|##########| 2/2 [00:00<00:00,  6.47it/s]

  0%|          | 0/376 [00:00<?, ?it/s]
em: 0.0264, f1: 0.0267, loss: 165.5382 ||:  29%|##9       | 110/376 [00:10<00:24, 10.98it/s]
em: 0.0353, f1: 0.0356, loss: 164.2974 ||:  59%|#####8    | 220/376 [00:20<00:14, 10.91it/s]
em: 0.0305, f1: 0.0307, loss: 170.3416 ||:  87%|########7 | 328/376 [00:30<00:04, 10.81it/s]
em: 0.0293, f1: 0.0295, loss: 180.5509 ||: : 381it [00:35, 10.77it/s]                       

  0%|          | 0/2 [00:00<?, ?it/s]
em: 0.2105, f1: 0.2105, loss: 3.8416 ||: 100%|##########| 2/2 [00:00<00:00,  6.52it/s]

  0%|          | 0/376 [00:00<?, ?it/s]
em: 0.0315, f1: 0.0315, loss: 152.2787 ||:  29%|##9       | 110/376 [00:10<00:24, 10.89it/s]
em: 0.0364, f1: 0.0364, loss: 162.1191 ||:  58%|#####8    | 219/376 [00:20<00:14, 10.85it/s]
em: 0.0308, f1: 0.0310, loss: 172.4797 ||:  87%|########6 | 327/376 [00:30<00:04, 10.81it/s]
em: 0.0303, f1: 0.0305, loss: 182.9637 ||: : 381it [00:35, 10.79it/s]                       

  0%|          | 0/2 [00:00<?, ?it/s]
em: 0.0000, f1: 0.0000, loss: 4.1972 ||: 100%|##########| 2/2 [00:00<00:00,  6.89it/s]

  0%|          | 0/376 [00:00<?, ?it/s]
em: 0.0336, f1: 0.0336, loss: 160.4916 ||:  29%|##8       | 109/376 [00:10<00:24, 10.84it/s]
em: 0.0389, f1: 0.0390, loss: 153.3642 ||:  58%|#####7    | 218/376 [00:20<00:14, 10.82it/s]
em: 0.0363, f1: 0.0365, loss: 158.4657 ||:  87%|########6 | 326/376 [00:30<00:04, 10.80it/s]
em: 0.0340, f1: 0.0341, loss: 165.6454 ||: : 381it [00:35, 10.80it/s]                       

  0%|          | 0/2 [00:00<?, ?it/s]
em: 0.0000, f1: 0.0000, loss: 11.3206 ||: 100%|##########| 2/2 [00:00<00:00,  6.51it/s]

  0%|          | 0/376 [00:00<?, ?it/s]
em: 0.0373, f1: 0.0373, loss: 150.4595 ||:  29%|##9       | 110/376 [00:10<00:24, 10.91it/s]
em: 0.0411, f1: 0.0411, loss: 159.5357 ||:  59%|#####8    | 220/376 [00:20<00:14, 10.83it/s]
em: 0.0359, f1: 0.0359, loss: 159.8259 ||:  87%|########7 | 328/376 [00:30<00:04, 10.82it/s]
em: 0.0340, f1: 0.0340, loss: 167.0762 ||: : 381it [00:35, 10.76it/s]                       

