0it [00:00, ?it/s]
8814it [00:10, 881.30it/s]
17644it [00:20, 881.80it/s]
26474it [00:30, 877.44it/s]
35229it [00:40, 876.83it/s]
44110it [00:50, 880.17it/s]
52991it [01:00, 871.66it/s]
61764it [01:10, 873.34it/s]
70537it [01:21, 855.35it/s]
71659it [01:22, 867.00it/s]

0it [00:00, ?it/s]
468215it [00:10, 46821.39it/s]
944015it [00:20, 47046.38it/s]
1420380it [00:30, 47221.83it/s]
1702926it [00:35, 47407.69it/s]

0it [00:00, ?it/s]
378799it [00:10, 37879.90it/s]
818753it [00:20, 39528.22it/s]
1282561it [00:30, 41361.49it/s]
1702926it [00:38, 43761.94it/s]

  0%|          | 0/4104 [00:00<?, ?it/s]
em: 0.0632, f1: 0.0632, loss: 6661932.5966 ||:   1%|1         | 44/4104 [00:10<15:29,  4.37it/s]
em: 0.0822, f1: 0.0822, loss: 6513158.6658 ||:   2%|2         | 95/4104 [00:20<14:40,  4.55it/s]
em: 0.0898, f1: 0.0900, loss: 6549658.2808 ||:   4%|3         | 146/4104 [00:30<14:07,  4.67it/s]
em: 0.0866, f1: 0.0872, loss: 6588010.9311 ||:   5%|4         | 196/4104 [00:44<15:13,  4.28it/s]
em: 0.0871, f1: 0.0879, loss: 6654859.0071 ||:   6%|6         | 247/4104 [00:54<14:18,  4.49it/s]
em: 0.0831, f1: 0.0839, loss: 6684144.9992 ||:   7%|7         | 298/4104 [01:04<13:37,  4.65it/s]
em: 0.0876, f1: 0.0883, loss: 6606376.0738 ||:   9%|8         | 349/4104 [01:16<13:46,  4.54it/s]
em: 0.0868, f1: 0.0874, loss: 6568750.7263 ||:  10%|9         | 400/4104 [01:26<13:12,  4.67it/s]
em: 0.0860, f1: 0.0866, loss: 6588138.1896 ||:  11%|#         | 451/4104 [01:36<12:45,  4.77it/s]
em: 0.0848, f1: 0.0853, loss: 6643426.9900 ||:  12%|#2        | 502/4104 [01:47<12:39,  4.74it/s]
em: 0.0855, f1: 0.0862, loss: 6643309.9105 ||:  13%|#3        | 553/4104 [01:57<12:14,  4.83it/s]
em: 0.0887, f1: 0.0893, loss: 6609065.2608 ||:  15%|#4        | 604/4104 [02:07<11:58,  4.87it/s]
em: 0.0904, f1: 0.0911, loss: 6607416.5879 ||:  16%|#5        | 654/4104 [02:19<12:07,  4.74it/s]
em: 0.0897, f1: 0.0904, loss: 6617908.4844 ||:  17%|#7        | 705/4104 [02:29<11:41,  4.84it/s]
em: 0.0894, f1: 0.0901, loss: 6608796.9838 ||:  18%|#8        | 756/4104 [02:39<11:22,  4.91it/s]
em: 0.0893, f1: 0.0900, loss: 6570632.6651 ||:  20%|#9        | 807/4104 [02:50<11:30,  4.77it/s]
em: 0.0882, f1: 0.0889, loss: 6588330.1420 ||:  21%|##        | 859/4104 [03:00<11:04,  4.88it/s]
em: 0.0891, f1: 0.0897, loss: 6588913.9682 ||:  22%|##2       | 911/4104 [03:14<11:50,  4.50it/s]
em: 0.0900, f1: 0.0908, loss: 6573614.7032 ||:  23%|##3       | 956/4104 [03:24<11:41,  4.49it/s]
em: 0.0908, f1: 0.0915, loss: 6570258.8798 ||:  25%|##4       | 1007/4104 [03:34<11:07,  4.64it/s]
em: 0.0904, f1: 0.0912, loss: 6584632.4079 ||:  26%|##5       | 1059/4104 [03:44<10:37,  4.78it/s]
em: 0.0904, f1: 0.0912, loss: 6597097.8821 ||:  27%|##7       | 1111/4104 [03:56<10:39,  4.68it/s]
em: 0.0914, f1: 0.0922, loss: 6587532.9709 ||:  28%|##8       | 1161/4104 [04:06<10:17,  4.76it/s]
em: 0.0915, f1: 0.0923, loss: 6583643.4105 ||:  30%|##9       | 1212/4104 [04:16<09:58,  4.83it/s]
em: 0.0913, f1: 0.0921, loss: 6572150.3181 ||:  31%|###       | 1263/4104 [04:27<10:00,  4.73it/s]
em: 0.0908, f1: 0.0916, loss: 6596271.5961 ||:  32%|###2      | 1314/4104 [04:37<09:38,  4.82it/s]
em: 0.0911, f1: 0.0919, loss: 6598443.8892 ||:  33%|###3      | 1365/4104 [04:48<09:22,  4.87it/s]
em: 0.0914, f1: 0.0921, loss: 6604432.1589 ||:  35%|###4      | 1416/4104 [04:59<09:30,  4.71it/s]
em: 0.0910, f1: 0.0917, loss: 6614761.7517 ||:  36%|###5      | 1465/4104 [05:09<09:13,  4.76it/s]
em: 0.0908, f1: 0.0915, loss: 6611386.7982 ||:  37%|###6      | 1515/4104 [05:19<08:56,  4.82it/s]
em: 0.0911, f1: 0.0918, loss: 6608626.8567 ||:  38%|###8      | 1565/4104 [05:30<08:55,  4.74it/s]
em: 0.0914, f1: 0.0921, loss: 6606977.7630 ||:  39%|###9      | 1616/4104 [05:40<08:34,  4.83it/s]
em: 0.0923, f1: 0.0930, loss: 6597181.2241 ||:  41%|####      | 1667/4104 [05:51<08:18,  4.89it/s]
em: 0.0928, f1: 0.0935, loss: 6598880.1707 ||:  42%|####1     | 1718/4104 [06:02<08:18,  4.79it/s]
em: 0.0930, f1: 0.0936, loss: 6593609.2586 ||:  43%|####3     | 1768/4104 [06:12<08:03,  4.83it/s]
em: 0.0935, f1: 0.0942, loss: 6588972.0580 ||:  44%|####4     | 1818/4104 [06:25<08:34,  4.44it/s]
em: 0.0945, f1: 0.0951, loss: 6582797.2260 ||:  45%|####5     | 1863/4104 [06:35<08:23,  4.45it/s]
em: 0.0943, f1: 0.0950, loss: 6582920.1597 ||:  47%|####6     | 1913/4104 [06:45<07:57,  4.59it/s]
em: 0.0937, f1: 0.0943, loss: 6583992.0018 ||:  48%|####7     | 1963/4104 [06:55<07:35,  4.70it/s]
em: 0.0940, f1: 0.0947, loss: 6576006.6268 ||:  49%|####9     | 2013/4104 [07:06<07:18,  4.77it/s]
em: 0.0941, f1: 0.0948, loss: 6574164.5047 ||:  50%|#####     | 2063/4104 [07:17<07:16,  4.68it/s]
em: 0.0949, f1: 0.0955, loss: 6560282.2572 ||:  51%|#####1    | 2113/4104 [07:27<06:58,  4.76it/s]
em: 0.0952, f1: 0.0958, loss: 6553398.7264 ||:  53%|#####2    | 2163/4104 [07:37<06:44,  4.80it/s]
em: 0.0952, f1: 0.0959, loss: 6552757.1053 ||:  54%|#####3    | 2213/4104 [07:48<06:38,  4.75it/s]
em: 0.0952, f1: 0.0959, loss: 6553248.5679 ||:  55%|#####5    | 2263/4104 [07:58<06:22,  4.81it/s]
em: 0.0959, f1: 0.0966, loss: 6542099.6740 ||:  56%|#####6    | 2313/4104 [08:08<06:08,  4.86it/s]
em: 0.0956, f1: 0.0962, loss: 6537505.9586 ||:  58%|#####7    | 2363/4104 [08:19<06:06,  4.75it/s]
em: 0.0955, f1: 0.0961, loss: 6545412.8444 ||:  59%|#####8    | 2414/4104 [08:29<05:49,  4.83it/s]
em: 0.0955, f1: 0.0962, loss: 6546786.9588 ||:  60%|######    | 2466/4104 [08:39<05:32,  4.93it/s]
em: 0.0954, f1: 0.0960, loss: 6544877.5519 ||:  61%|######1   | 2518/4104 [08:50<05:27,  4.84it/s]
em: 0.0959, f1: 0.0965, loss: 6538537.0616 ||:  63%|######2   | 2569/4104 [09:01<05:13,  4.89it/s]
em: 0.0958, f1: 0.0965, loss: 6548903.3356 ||:  64%|######3   | 2620/4104 [09:11<05:00,  4.94it/s]
em: 0.0965, f1: 0.0971, loss: 6544600.0662 ||:  65%|######5   | 2671/4104 [09:22<04:58,  4.80it/s]
em: 0.0963, f1: 0.0969, loss: 6543780.5259 ||:  66%|######6   | 2721/4104 [09:32<04:45,  4.84it/s]
em: 0.0964, f1: 0.0970, loss: 6548629.3169 ||:  68%|######7   | 2771/4104 [09:42<04:33,  4.88it/s]
em: 0.0966, f1: 0.0973, loss: 6550426.0436 ||:  69%|######8   | 2821/4104 [09:53<04:29,  4.76it/s]
em: 0.0967, f1: 0.0974, loss: 6549547.8582 ||:  70%|######9   | 2871/4104 [10:03<04:16,  4.82it/s]
em: 0.0968, f1: 0.0975, loss: 6552551.1579 ||:  71%|#######1  | 2921/4104 [10:17<04:31,  4.36it/s]
em: 0.0971, f1: 0.0978, loss: 6555017.5239 ||:  72%|#######2  | 2965/4104 [10:27<04:20,  4.36it/s]
em: 0.0973, f1: 0.0980, loss: 6550158.3109 ||:  73%|#######3  | 3013/4104 [10:37<04:03,  4.49it/s]
em: 0.0978, f1: 0.0984, loss: 6540470.6363 ||:  75%|#######4  | 3064/4104 [10:48<03:44,  4.64it/s]
em: 0.0980, f1: 0.0987, loss: 6536918.8006 ||:  76%|#######5  | 3115/4104 [10:58<03:28,  4.74it/s]
em: 0.0979, f1: 0.0985, loss: 6539008.8744 ||:  77%|#######7  | 3166/4104 [11:09<03:21,  4.66it/s]
em: 0.0980, f1: 0.0987, loss: 6535009.9879 ||:  78%|#######8  | 3217/4104 [11:19<03:05,  4.78it/s]
em: 0.0983, f1: 0.0989, loss: 6530179.6721 ||:  80%|#######9  | 3268/4104 [11:29<02:51,  4.87it/s]
em: 0.0982, f1: 0.0988, loss: 6530205.5440 ||:  81%|########  | 3319/4104 [11:40<02:44,  4.78it/s]
em: 0.0986, f1: 0.0993, loss: 6522441.3178 ||:  82%|########2 | 3370/4104 [11:50<02:31,  4.86it/s]
em: 0.0988, f1: 0.0995, loss: 6520754.8301 ||:  83%|########3 | 3421/4104 [12:02<02:24,  4.73it/s]
em: 0.0985, f1: 0.0992, loss: 6526578.0182 ||:  85%|########4 | 3471/4104 [12:12<02:12,  4.79it/s]
em: 0.0989, f1: 0.0995, loss: 6527896.7437 ||:  86%|########5 | 3522/4104 [12:22<01:59,  4.88it/s]
em: 0.0992, f1: 0.0998, loss: 6526903.8230 ||:  87%|########7 | 3573/4104 [12:33<01:51,  4.75it/s]
em: 0.0994, f1: 0.1001, loss: 6527835.9245 ||:  88%|########8 | 3624/4104 [12:43<01:38,  4.85it/s]
em: 0.0993, f1: 0.1000, loss: 6527721.7481 ||:  90%|########9 | 3675/4104 [12:53<01:27,  4.91it/s]
em: 0.0992, f1: 0.0998, loss: 6528952.6182 ||:  91%|######### | 3726/4104 [13:05<01:19,  4.75it/s]
em: 0.0992, f1: 0.0999, loss: 6532119.8622 ||:  92%|#########1| 3775/4104 [13:15<01:08,  4.79it/s]
em: 0.0991, f1: 0.0998, loss: 6537092.1592 ||:  93%|#########3| 3825/4104 [13:25<00:57,  4.83it/s]
em: 0.0985, f1: 0.0992, loss: 6550807.1045 ||:  94%|#########4| 3875/4104 [13:35<00:47,  4.87it/s]
em: 0.0977, f1: 0.0984, loss: 6569268.1646 ||:  96%|#########5| 3925/4104 [13:46<00:37,  4.78it/s]
em: 0.0971, f1: 0.0978, loss: 6585608.0390 ||:  97%|#########6| 3976/4104 [13:56<00:26,  4.85it/s]
em: 0.0965, f1: 0.0972, loss: 6601534.0409 ||:  98%|#########8| 4027/4104 [14:06<00:15,  4.90it/s]
em: 0.0958, f1: 0.0965, loss: 6615988.8680 ||:  99%|#########9| 4078/4104 [14:18<00:05,  4.81it/s]
em: 0.0952, f1: 0.0959, loss: 6627544.8576 ||: : 4127it [14:28,  4.83it/s]                        
em: 0.0949, f1: 0.0956, loss: 6635602.6869 ||: : 4158it [14:34,  4.76it/s]

  0%|          | 0/376 [00:00<?, ?it/s]
em: 0.1447, f1: 0.1447, loss: 5982143.6201 ||:  20%|##        | 77/376 [00:10<00:39,  7.63it/s]
em: 0.1464, f1: 0.1464, loss: 6124189.0223 ||:  41%|####      | 154/376 [00:23<00:31,  7.03it/s]
em: 0.1445, f1: 0.1445, loss: 6074695.8417 ||:  65%|######5   | 246/376 [00:33<00:17,  7.55it/s]
em: 0.1311, f1: 0.1311, loss: 6416789.4998 ||:  91%|######### | 341/376 [00:43<00:04,  8.01it/s]
em: 0.1232, f1: 0.1232, loss: 6541995.3771 ||: : 381it [00:47,  8.00it/s]                       

  0%|          | 0/4104 [00:00<?, ?it/s]
em: 0.1089, f1: 0.1089, loss: 6613636.9545 ||:   1%|1         | 55/4104 [00:10<12:26,  5.42it/s]
em: 0.1075, f1: 0.1077, loss: 6584822.0759 ||:   3%|2         | 112/4104 [00:20<12:08,  5.48it/s]
em: 0.1074, f1: 0.1075, loss: 6619823.1021 ||:   4%|4         | 169/4104 [00:30<12:00,  5.46it/s]
em: 0.1092, f1: 0.1096, loss: 6594445.0600 ||:   5%|5         | 225/4104 [00:40<11:45,  5.50it/s]
em: 0.1032, f1: 0.1038, loss: 6708185.6441 ||:   7%|6         | 281/4104 [00:51<11:36,  5.49it/s]
em: 0.1066, f1: 0.1072, loss: 6644345.8415 ||:   8%|8         | 336/4104 [01:01<11:28,  5.47it/s]
em: 0.1049, f1: 0.1056, loss: 6568095.2554 ||:  10%|9         | 391/4104 [01:11<11:20,  5.46it/s]
em: 0.1032, f1: 0.1037, loss: 6605146.0400 ||:  11%|#         | 447/4104 [01:21<11:05,  5.49it/s]
em: 0.1025, f1: 0.1031, loss: 6642644.7473 ||:  12%|#2        | 503/4104 [01:31<10:52,  5.52it/s]
em: 0.1041, f1: 0.1049, loss: 6617844.9797 ||:  14%|#3        | 559/4104 [01:41<10:43,  5.51it/s]
em: 0.1050, f1: 0.1057, loss: 6615854.2734 ||:  15%|#4        | 615/4104 [01:51<10:32,  5.52it/s]
em: 0.1062, f1: 0.1070, loss: 6601155.6112 ||:  16%|#6        | 671/4104 [02:01<10:21,  5.53it/s]
em: 0.1053, f1: 0.1062, loss: 6613652.6095 ||:  18%|#7        | 727/4104 [02:11<10:09,  5.54it/s]
em: 0.1057, f1: 0.1065, loss: 6593231.7827 ||:  19%|#9        | 783/4104 [02:21<09:59,  5.54it/s]
em: 0.1047, f1: 0.1055, loss: 6607143.4760 ||:  20%|##        | 840/4104 [02:32<09:46,  5.56it/s]
em: 0.1048, f1: 0.1057, loss: 6591416.4555 ||:  22%|##1       | 897/4104 [02:42<09:38,  5.54it/s]
em: 0.1054, f1: 0.1063, loss: 6579569.9523 ||:  23%|##3       | 952/4104 [02:52<09:30,  5.52it/s]
em: 0.1049, f1: 0.1058, loss: 6580481.7724 ||:  25%|##4       | 1008/4104 [03:02<09:18,  5.54it/s]
em: 0.1052, f1: 0.1061, loss: 6587171.6700 ||:  26%|##5       | 1064/4104 [03:12<09:07,  5.55it/s]
em: 0.1051, f1: 0.1060, loss: 6603237.2182 ||:  27%|##7       | 1120/4104 [03:22<08:59,  5.53it/s]
em: 0.1063, f1: 0.1072, loss: 6592262.5158 ||:  29%|##8       | 1176/4104 [03:32<08:49,  5.53it/s]
em: 0.1064, f1: 0.1073, loss: 6596997.3627 ||:  30%|###       | 1232/4104 [03:43<08:40,  5.52it/s]
em: 0.1063, f1: 0.1072, loss: 6587510.3266 ||:  31%|###1      | 1287/4104 [03:53<08:31,  5.50it/s]
em: 0.1059, f1: 0.1068, loss: 6607209.9999 ||:  33%|###2      | 1342/4104 [04:03<08:22,  5.50it/s]
em: 0.1057, f1: 0.1065, loss: 6609442.6705 ||:  34%|###4      | 1398/4104 [04:13<08:11,  5.50it/s]
em: 0.1051, f1: 0.1059, loss: 6629986.8527 ||:  35%|###5      | 1454/4104 [04:24<08:08,  5.42it/s]
em: 0.1050, f1: 0.1058, loss: 6620447.6300 ||:  37%|###6      | 1510/4104 [04:34<07:54,  5.46it/s]
em: 0.1052, f1: 0.1060, loss: 6611191.5437 ||:  38%|###8      | 1566/4104 [04:44<07:45,  5.46it/s]
em: 0.1054, f1: 0.1061, loss: 6611984.5897 ||:  40%|###9      | 1623/4104 [04:54<07:29,  5.52it/s]
em: 0.1056, f1: 0.1063, loss: 6600819.0653 ||:  41%|####      | 1680/4104 [05:04<07:21,  5.50it/s]
em: 0.1058, f1: 0.1066, loss: 6599741.5474 ||:  42%|####2     | 1737/4104 [05:15<07:06,  5.55it/s]
em: 0.1059, f1: 0.1067, loss: 6595597.0470 ||:  44%|####3     | 1794/4104 [05:25<06:58,  5.52it/s]
em: 0.1067, f1: 0.1074, loss: 6589865.4791 ||:  45%|####5     | 1850/4104 [05:35<06:46,  5.54it/s]
em: 0.1065, f1: 0.1071, loss: 6595947.6227 ||:  46%|####6     | 1906/4104 [05:45<06:37,  5.53it/s]
em: 0.1056, f1: 0.1063, loss: 6590388.1723 ||:  48%|####7     | 1961/4104 [05:55<06:30,  5.49it/s]
em: 0.1058, f1: 0.1065, loss: 6584346.1802 ||:  49%|####9     | 2017/4104 [06:05<06:19,  5.50it/s]
em: 0.1060, f1: 0.1066, loss: 6577726.1375 ||:  51%|#####     | 2073/4104 [06:16<06:09,  5.49it/s]
em: 0.1065, f1: 0.1071, loss: 6566906.1659 ||:  52%|#####1    | 2128/4104 [06:26<06:00,  5.49it/s]
em: 0.1066, f1: 0.1073, loss: 6562500.6214 ||:  53%|#####3    | 2184/4104 [06:36<05:49,  5.50it/s]
em: 0.1064, f1: 0.1071, loss: 6562640.0680 ||:  55%|#####4    | 2241/4104 [06:46<05:35,  5.56it/s]
em: 0.1066, f1: 0.1073, loss: 6553253.4519 ||:  56%|#####5    | 2298/4104 [06:56<05:26,  5.53it/s]
em: 0.1066, f1: 0.1073, loss: 6543118.7206 ||:  57%|#####7    | 2354/4104 [07:06<05:16,  5.53it/s]
em: 0.1063, f1: 0.1070, loss: 6546162.4494 ||:  59%|#####8    | 2410/4104 [07:17<05:06,  5.53it/s]
em: 0.1062, f1: 0.1069, loss: 6550213.4320 ||:  60%|######    | 2467/4104 [07:27<04:54,  5.55it/s]
em: 0.1061, f1: 0.1068, loss: 6550000.6238 ||:  62%|######1   | 2525/4104 [07:37<04:41,  5.60it/s]
em: 0.1064, f1: 0.1071, loss: 6546409.8391 ||:  63%|######2   | 2583/4104 [07:47<04:32,  5.59it/s]
em: 0.1066, f1: 0.1073, loss: 6551961.5939 ||:  64%|######4   | 2639/4104 [07:58<04:23,  5.56it/s]
em: 0.1067, f1: 0.1075, loss: 6548470.0122 ||:  66%|######5   | 2695/4104 [08:08<04:13,  5.55it/s]
em: 0.1066, f1: 0.1073, loss: 6550800.3320 ||:  67%|######7   | 2751/4104 [08:18<04:05,  5.52it/s]
em: 0.1064, f1: 0.1071, loss: 6556154.8795 ||:  68%|######8   | 2807/4104 [08:28<03:54,  5.54it/s]
em: 0.1067, f1: 0.1074, loss: 6552567.8602 ||:  70%|######9   | 2863/4104 [08:38<03:44,  5.52it/s]
em: 0.1068, f1: 0.1075, loss: 6556612.4749 ||:  71%|#######1  | 2919/4104 [08:48<03:34,  5.52it/s]
em: 0.1069, f1: 0.1076, loss: 6558614.0654 ||:  72%|#######2  | 2975/4104 [08:59<03:25,  5.48it/s]
em: 0.1070, f1: 0.1077, loss: 6552393.3608 ||:  74%|#######3  | 3030/4104 [09:09<03:16,  5.47it/s]
em: 0.1074, f1: 0.1081, loss: 6543558.1601 ||:  75%|#######5  | 3085/4104 [09:19<03:06,  5.47it/s]
em: 0.1076, f1: 0.1082, loss: 6542105.0476 ||:  77%|#######6  | 3141/4104 [09:29<02:55,  5.50it/s]
em: 0.1077, f1: 0.1084, loss: 6537574.9118 ||:  78%|#######7  | 3197/4104 [09:39<02:44,  5.50it/s]
em: 0.1076, f1: 0.1083, loss: 6535802.7142 ||:  79%|#######9  | 3254/4104 [09:49<02:33,  5.54it/s]
em: 0.1074, f1: 0.1081, loss: 6534846.5934 ||:  81%|########  | 3311/4104 [09:59<02:22,  5.57it/s]
em: 0.1080, f1: 0.1088, loss: 6525201.0432 ||:  82%|########2 | 3368/4104 [10:10<02:12,  5.57it/s]
em: 0.1081, f1: 0.1088, loss: 6524350.8028 ||:  83%|########3 | 3424/4104 [10:20<02:02,  5.55it/s]
em: 0.1079, f1: 0.1086, loss: 6528996.0281 ||:  85%|########4 | 3479/4104 [10:30<01:53,  5.53it/s]
em: 0.1079, f1: 0.1087, loss: 6532709.2546 ||:  86%|########6 | 3535/4104 [10:40<01:42,  5.53it/s]
em: 0.1084, f1: 0.1091, loss: 6530737.1902 ||:  88%|########7 | 3591/4104 [10:50<01:32,  5.53it/s]
em: 0.1085, f1: 0.1092, loss: 6527626.0728 ||:  89%|########8 | 3647/4104 [11:00<01:22,  5.55it/s]
em: 0.1082, f1: 0.1089, loss: 6530178.8608 ||:  90%|######### | 3703/4104 [11:10<01:12,  5.54it/s]
em: 0.1082, f1: 0.1089, loss: 6532988.1225 ||:  92%|#########1| 3759/4104 [11:20<01:02,  5.53it/s]
em: 0.1080, f1: 0.1088, loss: 6536370.2176 ||:  93%|#########2| 3815/4104 [11:31<00:52,  5.48it/s]
em: 0.1073, f1: 0.1080, loss: 6551279.3605 ||:  94%|#########4| 3871/4104 [11:41<00:42,  5.48it/s]
em: 0.1066, f1: 0.1073, loss: 6572606.9323 ||:  96%|#########5| 3927/4104 [11:51<00:32,  5.52it/s]
em: 0.1057, f1: 0.1064, loss: 6590510.2798 ||:  97%|#########7| 3983/4104 [12:01<00:21,  5.52it/s]
em: 0.1048, f1: 0.1055, loss: 6606988.7262 ||:  98%|#########8| 4039/4104 [12:11<00:11,  5.51it/s]
em: 0.1039, f1: 0.1047, loss: 6623230.5879 ||: 100%|#########9| 4096/4104 [12:21<00:01,  5.55it/s]
em: 0.1032, f1: 0.1040, loss: 6637622.0030 ||: : 4153it [12:32,  5.50it/s]                        
em: 0.1032, f1: 0.1039, loss: 6638208.0764 ||: : 4158it [12:33,  5.52it/s]

  0%|          | 0/376 [00:00<?, ?it/s]
em: 0.1510, f1: 0.1510, loss: 6271368.1581 ||:  31%|###1      | 117/376 [00:10<00:22, 11.69it/s]
em: 0.1512, f1: 0.1512, loss: 5998932.3299 ||:  62%|######2   | 234/376 [00:20<00:12, 11.67it/s]
em: 0.1268, f1: 0.1268, loss: 6564236.7082 ||:  96%|#########5| 360/376 [00:30<00:01, 11.92it/s]
em: 0.1247, f1: 0.1247, loss: 6555118.7177 ||: : 381it [00:32, 11.86it/s]                       

  0%|          | 0/4104 [00:00<?, ?it/s]
em: 0.1078, f1: 0.1084, loss: 6511364.2591 ||:   1%|1         | 55/4104 [00:10<12:18,  5.48it/s]
em: 0.1058, f1: 0.1062, loss: 6579241.7210 ||:   3%|2         | 112/4104 [00:20<12:03,  5.52it/s]
em: 0.1067, f1: 0.1075, loss: 6538462.1686 ||:   4%|4         | 169/4104 [00:30<11:55,  5.50it/s]
em: 0.1076, f1: 0.1086, loss: 6601217.4181 ||:   6%|5         | 226/4104 [00:40<11:39,  5.55it/s]
em: 0.1044, f1: 0.1056, loss: 6680654.3004 ||:   7%|6         | 283/4104 [00:50<11:25,  5.58it/s]
em: 0.1075, f1: 0.1086, loss: 6625000.6176 ||:   8%|8         | 340/4104 [01:01<11:22,  5.52it/s]
em: 0.1065, f1: 0.1075, loss: 6560127.2184 ||:  10%|9         | 395/4104 [01:11<11:14,  5.50it/s]
em: 0.1047, f1: 0.1056, loss: 6610896.6372 ||:  11%|#1        | 452/4104 [01:21<10:59,  5.54it/s]
em: 0.1032, f1: 0.1042, loss: 6650295.3006 ||:  12%|#2        | 509/4104 [01:31<10:46,  5.56it/s]
em: 0.1050, f1: 0.1061, loss: 6623233.8193 ||:  14%|#3        | 566/4104 [01:42<10:36,  5.56it/s]
em: 0.1067, f1: 0.1078, loss: 6611736.9357 ||:  15%|#5        | 622/4104 [01:52<10:30,  5.53it/s]
em: 0.1065, f1: 0.1078, loss: 6613586.7500 ||:  17%|#6        | 679/4104 [02:02<10:17,  5.55it/s]
em: 0.1063, f1: 0.1076, loss: 6619048.2139 ||:  18%|#7        | 735/4104 [02:12<10:06,  5.56it/s]
em: 0.1067, f1: 0.1079, loss: 6582649.1492 ||:  19%|#9        | 791/4104 [02:22<09:58,  5.53it/s]
em: 0.1062, f1: 0.1074, loss: 6603774.1843 ||:  21%|##        | 848/4104 [02:32<09:45,  5.57it/s]
em: 0.1069, f1: 0.1082, loss: 6593923.2511 ||:  22%|##2       | 905/4104 [02:43<09:36,  5.55it/s]
em: 0.1085, f1: 0.1098, loss: 6581686.3455 ||:  23%|##3       | 961/4104 [02:53<09:27,  5.54it/s]
em: 0.1083, f1: 0.1096, loss: 6585830.6604 ||:  25%|##4       | 1018/4104 [03:03<09:14,  5.57it/s]
em: 0.1076, f1: 0.1089, loss: 6593605.2507 ||:  26%|##6       | 1075/4104 [03:13<09:05,  5.56it/s]
em: 0.1076, f1: 0.1090, loss: 6606432.9529 ||:  28%|##7       | 1131/4104 [03:23<08:56,  5.54it/s]
em: 0.1085, f1: 0.1097, loss: 6593303.0373 ||:  29%|##8       | 1187/4104 [03:34<08:48,  5.52it/s]
em: 0.1091, f1: 0.1104, loss: 6586384.3457 ||:  30%|###       | 1243/4104 [03:44<08:37,  5.52it/s]
em: 0.1084, f1: 0.1096, loss: 6597864.3370 ||:  32%|###1      | 1299/4104 [03:54<08:27,  5.52it/s]
em: 0.1087, f1: 0.1099, loss: 6610896.6103 ||:  33%|###3      | 1356/4104 [04:04<08:14,  5.56it/s]
em: 0.1088, f1: 0.1099, loss: 6611377.0952 ||:  34%|###4      | 1413/4104 [04:15<08:08,  5.50it/s]
em: 0.1077, f1: 0.1088, loss: 6629768.9808 ||:  36%|###5      | 1468/4104 [04:25<08:01,  5.48it/s]
em: 0.1083, f1: 0.1094, loss: 6618516.6773 ||:  37%|###7      | 1523/4104 [04:35<07:51,  5.47it/s]
em: 0.1086, f1: 0.1096, loss: 6612737.9318 ||:  38%|###8      | 1580/4104 [04:45<07:36,  5.53it/s]
em: 0.1084, f1: 0.1095, loss: 6615761.1274 ||:  40%|###9      | 1637/4104 [04:55<07:26,  5.52it/s]
em: 0.1086, f1: 0.1097, loss: 6606036.6035 ||:  41%|####1     | 1694/4104 [05:05<07:14,  5.55it/s]
em: 0.1088, f1: 0.1098, loss: 6604797.8525 ||:  43%|####2     | 1751/4104 [05:16<07:02,  5.56it/s]
em: 0.1092, f1: 0.1102, loss: 6596569.4945 ||:  44%|####4     | 1807/4104 [05:26<06:55,  5.53it/s]
em: 0.1101, f1: 0.1111, loss: 6592007.0335 ||:  45%|####5     | 1864/4104 [05:36<06:43,  5.55it/s]
em: 0.1095, f1: 0.1104, loss: 6597475.8699 ||:  47%|####6     | 1921/4104 [05:46<06:34,  5.53it/s]
em: 0.1085, f1: 0.1094, loss: 6595536.7642 ||:  48%|####8     | 1977/4104 [05:57<06:25,  5.51it/s]
em: 0.1086, f1: 0.1096, loss: 6588337.2160 ||:  50%|####9     | 2032/4104 [06:07<06:17,  5.49it/s]
em: 0.1088, f1: 0.1097, loss: 6578963.7261 ||:  51%|#####     | 2088/4104 [06:17<06:06,  5.50it/s]
em: 0.1097, f1: 0.1106, loss: 6567164.7851 ||:  52%|#####2    | 2144/4104 [06:27<05:58,  5.47it/s]
em: 0.1097, f1: 0.1106, loss: 6563068.7885 ||:  54%|#####3    | 2200/4104 [06:37<05:46,  5.50it/s]
em: 0.1099, f1: 0.1108, loss: 6562639.0647 ||:  55%|#####4    | 2257/4104 [06:47<05:33,  5.54it/s]
em: 0.1098, f1: 0.1107, loss: 6554127.6628 ||:  56%|#####6    | 2314/4104 [06:58<05:22,  5.55it/s]
em: 0.1097, f1: 0.1106, loss: 6552215.7993 ||:  58%|#####7    | 2370/4104 [07:08<05:12,  5.55it/s]
em: 0.1096, f1: 0.1105, loss: 6552710.8320 ||:  59%|#####9    | 2426/4104 [07:18<05:03,  5.53it/s]
em: 0.1092, f1: 0.1101, loss: 6557468.4045 ||:  61%|######    | 2484/4104 [07:28<04:50,  5.58it/s]
em: 0.1094, f1: 0.1103, loss: 6550817.2204 ||:  62%|######1   | 2541/4104 [07:38<04:39,  5.60it/s]
em: 0.1093, f1: 0.1102, loss: 6554080.6729 ||:  63%|######3   | 2598/4104 [07:49<04:29,  5.58it/s]
em: 0.1096, f1: 0.1104, loss: 6554729.3225 ||:  65%|######4   | 2654/4104 [07:59<04:19,  5.58it/s]
em: 0.1093, f1: 0.1102, loss: 6550277.3661 ||:  66%|######6   | 2710/4104 [08:09<04:11,  5.54it/s]
em: 0.1092, f1: 0.1101, loss: 6558433.3642 ||:  67%|######7   | 2766/4104 [08:19<04:00,  5.56it/s]
em: 0.1095, f1: 0.1104, loss: 6559621.4452 ||:  69%|######8   | 2822/4104 [08:29<03:51,  5.53it/s]
em: 0.1096, f1: 0.1105, loss: 6561740.7962 ||:  70%|#######   | 2879/4104 [08:39<03:40,  5.55it/s]
em: 0.1097, f1: 0.1105, loss: 6564416.4795 ||:  72%|#######1  | 2936/4104 [08:50<03:31,  5.53it/s]
em: 0.1100, f1: 0.1109, loss: 6561560.2872 ||:  73%|#######2  | 2991/4104 [09:00<03:22,  5.51it/s]
em: 0.1101, f1: 0.1109, loss: 6555319.0600 ||:  74%|#######4  | 3046/4104 [09:10<03:12,  5.50it/s]
em: 0.1103, f1: 0.1111, loss: 6546381.9783 ||:  76%|#######5  | 3102/4104 [09:20<03:01,  5.52it/s]
em: 0.1102, f1: 0.1111, loss: 6549438.5461 ||:  77%|#######6  | 3158/4104 [09:30<02:51,  5.52it/s]
em: 0.1104, f1: 0.1112, loss: 6545490.5027 ||:  78%|#######8  | 3215/4104 [09:40<02:40,  5.54it/s]
em: 0.1105, f1: 0.1113, loss: 6538241.7510 ||:  80%|#######9  | 3272/4104 [09:50<02:29,  5.56it/s]
em: 0.1103, f1: 0.1112, loss: 6536599.7149 ||:  81%|########1 | 3330/4104 [10:00<02:18,  5.60it/s]
em: 0.1106, f1: 0.1114, loss: 6528741.7627 ||:  83%|########2 | 3388/4104 [10:11<02:08,  5.57it/s]
em: 0.1106, f1: 0.1114, loss: 6530097.9160 ||:  84%|########3 | 3443/4104 [10:21<01:59,  5.54it/s]
em: 0.1106, f1: 0.1115, loss: 6534627.5456 ||:  85%|########5 | 3498/4104 [10:31<01:49,  5.52it/s]
em: 0.1109, f1: 0.1118, loss: 6537975.2996 ||:  87%|########6 | 3555/4104 [10:41<01:38,  5.55it/s]
em: 0.1112, f1: 0.1120, loss: 6539047.9701 ||:  88%|########7 | 3611/4104 [10:51<01:29,  5.54it/s]
em: 0.1112, f1: 0.1121, loss: 6533533.8766 ||:  89%|########9 | 3668/4104 [11:02<01:18,  5.57it/s]
em: 0.1109, f1: 0.1117, loss: 6537416.7234 ||:  91%|######### | 3725/4104 [11:12<01:08,  5.53it/s]
em: 0.1109, f1: 0.1118, loss: 6539021.7781 ||:  92%|#########2| 3780/4104 [11:22<00:58,  5.52it/s]
em: 0.1107, f1: 0.1116, loss: 6547185.1791 ||:  93%|#########3| 3836/4104 [11:32<00:48,  5.52it/s]
em: 0.1097, f1: 0.1106, loss: 6565551.7389 ||:  95%|#########4| 3892/4104 [11:43<00:38,  5.49it/s]
em: 0.1089, f1: 0.1098, loss: 6584895.5144 ||:  96%|#########6| 3949/4104 [11:53<00:27,  5.55it/s]
em: 0.1081, f1: 0.1089, loss: 6602128.6592 ||:  98%|#########7| 4006/4104 [12:03<00:17,  5.53it/s]
em: 0.1071, f1: 0.1079, loss: 6621647.1645 ||:  99%|#########9| 4063/4104 [12:13<00:07,  5.57it/s]
em: 0.1064, f1: 0.1072, loss: 6632585.5480 ||: : 4120it [12:24,  5.52it/s]                        
em: 0.1058, f1: 0.1067, loss: 6642667.3420 ||: : 4158it [12:30,  5.54it/s]

  0%|          | 0/376 [00:00<?, ?it/s]
em: 0.1477, f1: 0.1477, loss: 6271368.1603 ||:  31%|###1      | 117/376 [00:10<00:22, 11.68it/s]
em: 0.1518, f1: 0.1518, loss: 6006945.1677 ||:  62%|######2   | 234/376 [00:20<00:12, 11.66it/s]
em: 0.1264, f1: 0.1264, loss: 6565972.8295 ||:  96%|#########5| 360/376 [00:30<00:01, 11.92it/s]
em: 0.1244, f1: 0.1244, loss: 6553478.3107 ||: : 381it [00:32, 11.87it/s]                       

  0%|          | 0/4104 [00:00<?, ?it/s]
em: 0.1038, f1: 0.1038, loss: 6458333.9444 ||:   1%|1         | 54/4104 [00:10<12:34,  5.36it/s]
em: 0.1107, f1: 0.1109, loss: 6627252.8514 ||:   3%|2         | 111/4104 [00:20<12:11,  5.46it/s]
em: 0.1088, f1: 0.1089, loss: 6584822.0208 ||:   4%|4         | 168/4104 [00:30<11:59,  5.47it/s]
em: 0.1117, f1: 0.1119, loss: 6590402.3583 ||:   5%|5         | 224/4104 [00:40<11:45,  5.50it/s]
em: 0.1040, f1: 0.1046, loss: 6680804.1455 ||:   7%|6         | 280/4104 [00:50<11:33,  5.52it/s]
em: 0.1101, f1: 0.1107, loss: 6625744.6295 ||:   8%|8         | 336/4104 [01:00<11:27,  5.48it/s]
em: 0.1074, f1: 0.1079, loss: 6569693.7078 ||:  10%|9         | 391/4104 [01:11<11:17,  5.48it/s]
em: 0.1076, f1: 0.1081, loss: 6603747.8031 ||:  11%|#         | 447/4104 [01:21<11:03,  5.51it/s]
em: 0.1066, f1: 0.1071, loss: 6650099.9871 ||:  12%|#2        | 503/4104 [01:31<10:50,  5.54it/s]
em: 0.1062, f1: 0.1067, loss: 6624553.3582 ||:  14%|#3        | 559/4104 [01:41<10:40,  5.53it/s]
em: 0.1078, f1: 0.1082, loss: 6610772.9451 ||:  15%|#4        | 615/4104 [01:51<10:31,  5.53it/s]
em: 0.1080, f1: 0.1086, loss: 6595566.9069 ||:  16%|#6        | 671/4104 [02:01<10:23,  5.50it/s]
em: 0.1056, f1: 0.1062, loss: 6614512.2751 ||:  18%|#7        | 727/4104 [02:11<10:11,  5.53it/s]
em: 0.1072, f1: 0.1079, loss: 6578863.9381 ||:  19%|#9        | 783/4104 [02:21<09:59,  5.54it/s]
em: 0.1072, f1: 0.1078, loss: 6603423.2062 ||:  20%|##        | 840/4104 [02:31<09:46,  5.56it/s]
em: 0.1078, f1: 0.1084, loss: 6601171.1603 ||:  22%|##1       | 897/4104 [02:42<09:37,  5.55it/s]
em: 0.1087, f1: 0.1094, loss: 6581191.5703 ||:  23%|##3       | 953/4104 [02:52<09:28,  5.54it/s]
em: 0.1091, f1: 0.1097, loss: 6577352.0792 ||:  25%|##4       | 1010/4104 [03:02<09:16,  5.56it/s]
em: 0.1091, f1: 0.1097, loss: 6586223.6432 ||:  26%|##5       | 1067/4104 [03:12<09:07,  5.55it/s]
em: 0.1091, f1: 0.1098, loss: 6605076.2694 ||:  27%|##7       | 1123/4104 [03:22<08:56,  5.56it/s]
em: 0.1095, f1: 0.1102, loss: 6590331.3677 ||:  29%|##8       | 1179/4104 [03:33<08:48,  5.53it/s]
em: 0.1101, f1: 0.1109, loss: 6580227.4828 ||:  30%|###       | 1234/4104 [03:43<08:40,  5.52it/s]
em: 0.1097, f1: 0.1105, loss: 6590821.6474 ||:  31%|###1      | 1291/4104 [03:53<08:26,  5.55it/s]
em: 0.1091, f1: 0.1098, loss: 6604229.0638 ||:  33%|###2      | 1348/4104 [04:03<08:18,  5.53it/s]
em: 0.1095, f1: 0.1103, loss: 6604790.4639 ||:  34%|###4      | 1404/4104 [04:13<08:07,  5.54it/s]
em: 0.1085, f1: 0.1092, loss: 6625000.5750 ||:  36%|###5      | 1460/4104 [04:24<08:03,  5.47it/s]
em: 0.1090, f1: 0.1096, loss: 6616920.1027 ||:  37%|###6      | 1516/4104 [04:34<07:50,  5.50it/s]
em: 0.1088, f1: 0.1095, loss: 6612198.4181 ||:  38%|###8      | 1572/4104 [04:44<07:38,  5.52it/s]
em: 0.1088, f1: 0.1095, loss: 6617783.1342 ||:  40%|###9      | 1628/4104 [04:54<07:26,  5.54it/s]
em: 0.1093, f1: 0.1100, loss: 6605552.8401 ||:  41%|####1     | 1684/4104 [05:04<07:16,  5.54it/s]
em: 0.1091, f1: 0.1099, loss: 6602886.8580 ||:  42%|####2     | 1741/4104 [05:14<07:04,  5.57it/s]
em: 0.1094, f1: 0.1102, loss: 6593090.1321 ||:  44%|####3     | 1798/4104 [05:24<06:55,  5.55it/s]
em: 0.1095, f1: 0.1102, loss: 6590634.0127 ||:  45%|####5     | 1855/4104 [05:34<06:42,  5.58it/s]
em: 0.1093, f1: 0.1100, loss: 6596496.4040 ||:  47%|####6     | 1912/4104 [05:45<06:35,  5.55it/s]
em: 0.1087, f1: 0.1095, loss: 6589812.5828 ||:  48%|####7     | 1968/4104 [05:55<06:25,  5.54it/s]
em: 0.1089, f1: 0.1096, loss: 6584116.2048 ||:  49%|####9     | 2024/4104 [06:05<06:16,  5.53it/s]
em: 0.1088, f1: 0.1095, loss: 6576022.2290 ||:  51%|#####     | 2080/4104 [06:15<06:06,  5.53it/s]
em: 0.1093, f1: 0.1100, loss: 6564841.4202 ||:  52%|#####2    | 2136/4104 [06:26<05:58,  5.49it/s]
em: 0.1094, f1: 0.1102, loss: 6560363.1142 ||:  53%|#####3    | 2193/4104 [06:36<05:45,  5.53it/s]
em: 0.1092, f1: 0.1099, loss: 6562222.8186 ||:  55%|#####4    | 2250/4104 [06:46<05:33,  5.56it/s]
em: 0.1094, f1: 0.1102, loss: 6551528.5579 ||:  56%|#####6    | 2307/4104 [06:56<05:21,  5.59it/s]
em: 0.1090, f1: 0.1098, loss: 6542936.3031 ||:  58%|#####7    | 2364/4104 [07:07<05:13,  5.55it/s]
em: 0.1089, f1: 0.1097, loss: 6552045.2074 ||:  59%|#####8    | 2421/4104 [07:17<05:02,  5.57it/s]
em: 0.1088, f1: 0.1095, loss: 6551402.9376 ||:  60%|######    | 2478/4104 [07:27<04:51,  5.58it/s]
em: 0.1088, f1: 0.1095, loss: 6551775.7448 ||:  62%|######1   | 2535/4104 [07:37<04:39,  5.61it/s]
em: 0.1089, f1: 0.1097, loss: 6548756.3838 ||:  63%|######3   | 2592/4104 [07:47<04:29,  5.60it/s]
em: 0.1090, f1: 0.1098, loss: 6550935.2629 ||:  65%|######4   | 2648/4104 [07:57<04:20,  5.59it/s]
em: 0.1088, f1: 0.1096, loss: 6549325.6691 ||:  66%|######5   | 2704/4104 [08:07<04:12,  5.55it/s]
em: 0.1086, f1: 0.1094, loss: 6554121.9700 ||:  67%|######7   | 2760/4104 [08:18<04:02,  5.54it/s]
em: 0.1083, f1: 0.1091, loss: 6557395.8347 ||:  69%|######8   | 2816/4104 [08:28<03:52,  5.53it/s]
em: 0.1088, f1: 0.1095, loss: 6552490.1484 ||:  70%|######9   | 2872/4104 [08:38<03:42,  5.53it/s]
em: 0.1085, f1: 0.1093, loss: 6557804.5551 ||:  71%|#######1  | 2928/4104 [08:48<03:33,  5.50it/s]
em: 0.1087, f1: 0.1094, loss: 6559881.5856 ||:  73%|#######2  | 2983/4104 [08:58<03:23,  5.50it/s]
em: 0.1089, f1: 0.1096, loss: 6551802.7668 ||:  74%|#######4  | 3038/4104 [09:08<03:15,  5.46it/s]
em: 0.1092, f1: 0.1100, loss: 6544724.2551 ||:  75%|#######5  | 3094/4104 [09:19<03:04,  5.48it/s]
em: 0.1092, f1: 0.1099, loss: 6543452.9769 ||:  77%|#######6  | 3150/4104 [09:29<02:53,  5.51it/s]
em: 0.1092, f1: 0.1100, loss: 6540666.5347 ||:  78%|#######8  | 3206/4104 [09:39<02:43,  5.51it/s]
em: 0.1093, f1: 0.1101, loss: 6536738.2629 ||:  80%|#######9  | 3263/4104 [09:49<02:31,  5.56it/s]
em: 0.1093, f1: 0.1100, loss: 6534639.1532 ||:  81%|########  | 3320/4104 [09:59<02:20,  5.59it/s]
em: 0.1096, f1: 0.1104, loss: 6527798.9432 ||:  82%|########2 | 3377/4104 [10:09<02:10,  5.58it/s]
em: 0.1099, f1: 0.1106, loss: 6527272.6659 ||:  84%|########3 | 3433/4104 [10:19<02:01,  5.52it/s]
em: 0.1097, f1: 0.1104, loss: 6532137.3152 ||:  85%|########5 | 3489/4104 [10:30<01:51,  5.53it/s]
em: 0.1100, f1: 0.1107, loss: 6532969.5694 ||:  86%|########6 | 3545/4104 [10:40<01:41,  5.52it/s]
em: 0.1103, f1: 0.1111, loss: 6533523.6417 ||:  88%|########7 | 3602/4104 [10:50<01:30,  5.56it/s]
em: 0.1104, f1: 0.1111, loss: 6528594.4775 ||:  89%|########9 | 3659/4104 [11:00<01:20,  5.55it/s]
em: 0.1101, f1: 0.1109, loss: 6531216.9605 ||:  91%|######### | 3716/4104 [11:10<01:09,  5.57it/s]
em: 0.1101, f1: 0.1109, loss: 6534588.4590 ||:  92%|#########1| 3773/4104 [11:21<01:00,  5.48it/s]
em: 0.1100, f1: 0.1108, loss: 6540132.5193 ||:  93%|#########3| 3828/4104 [11:31<00:50,  5.49it/s]
em: 0.1091, f1: 0.1099, loss: 6554050.2977 ||:  95%|#########4| 3883/4104 [11:41<00:40,  5.46it/s]
em: 0.1082, f1: 0.1090, loss: 6577094.4976 ||:  96%|#########6| 3940/4104 [11:51<00:29,  5.53it/s]
em: 0.1073, f1: 0.1081, loss: 6594477.6931 ||:  97%|#########7| 3997/4104 [12:02<00:19,  5.51it/s]
em: 0.1063, f1: 0.1071, loss: 6612451.2474 ||:  99%|#########8| 4054/4104 [12:12<00:09,  5.54it/s]
em: 0.1054, f1: 0.1062, loss: 6625821.5476 ||: : 4111it [12:22,  5.53it/s]                        
em: 0.1049, f1: 0.1057, loss: 6637757.1110 ||: : 4158it [12:31,  5.54it/s]

  0%|          | 0/376 [00:00<?, ?it/s]
em: 0.1465, f1: 0.1465, loss: 6265890.4608 ||:  31%|###1      | 118/376 [00:10<00:21, 11.76it/s]
em: 0.1491, f1: 0.1491, loss: 6030191.3708 ||:  63%|######2   | 236/376 [00:20<00:11, 11.73it/s]
em: 0.1252, f1: 0.1252, loss: 6573754.0454 ||:  96%|#########6| 361/376 [00:30<00:01, 11.94it/s]
em: 0.1245, f1: 0.1245, loss: 6556759.1198 ||: : 381it [00:32, 11.86it/s]                       

  0%|          | 0/4104 [00:00<?, ?it/s]
em: 0.0968, f1: 0.0976, loss: 6662947.0223 ||:   1%|1         | 56/4104 [00:10<12:08,  5.56it/s]
em: 0.1115, f1: 0.1121, loss: 6609513.8982 ||:   3%|2         | 113/4104 [00:20<11:56,  5.57it/s]
em: 0.1157, f1: 0.1171, loss: 6595588.8250 ||:   4%|4         | 170/4104 [00:30<11:49,  5.55it/s]
em: 0.1147, f1: 0.1163, loss: 6605176.7941 ||:   6%|5         | 227/4104 [00:40<11:35,  5.57it/s]
em: 0.1098, f1: 0.1114, loss: 6690141.4040 ||:   7%|6         | 284/4104 [00:50<11:25,  5.58it/s]
em: 0.1125, f1: 0.1139, loss: 6634191.7522 ||:   8%|8         | 340/4104 [01:01<11:20,  5.53it/s]
em: 0.1107, f1: 0.1120, loss: 6577532.2468 ||:  10%|9         | 395/4104 [01:11<11:13,  5.51it/s]
em: 0.1103, f1: 0.1114, loss: 6606748.3805 ||:  11%|#1        | 452/4104 [01:21<10:56,  5.56it/s]
em: 0.1097, f1: 0.1108, loss: 6642927.8856 ||:  12%|#2        | 509/4104 [01:31<10:46,  5.56it/s]
em: 0.1109, f1: 0.1119, loss: 6627650.7518 ||:  14%|#3        | 566/4104 [01:41<10:34,  5.58it/s]
em: 0.1122, f1: 0.1131, loss: 6605137.0181 ||:  15%|#5        | 623/4104 [01:52<10:28,  5.54it/s]
em: 0.1112, f1: 0.1124, loss: 6613586.7305 ||:  17%|#6        | 679/4104 [02:02<10:17,  5.54it/s]
em: 0.1096, f1: 0.1107, loss: 6613095.8153 ||:  18%|#7        | 735/4104 [02:12<10:06,  5.56it/s]
em: 0.1102, f1: 0.1112, loss: 6588180.0986 ||:  19%|#9        | 791/4104 [02:22<09:56,  5.55it/s]
em: 0.1096, f1: 0.1106, loss: 6604511.1934 ||:  21%|##        | 848/4104 [02:32<09:44,  5.58it/s]
em: 0.1100, f1: 0.1110, loss: 6595995.0558 ||:  22%|##2       | 905/4104 [02:42<09:35,  5.56it/s]
em: 0.1107, f1: 0.1118, loss: 6581035.9605 ||:  23%|##3       | 961/4104 [02:52<09:25,  5.56it/s]
em: 0.1106, f1: 0.1117, loss: 6587058.5336 ||:  25%|##4       | 1018/4104 [03:03<09:13,  5.58it/s]
em: 0.1102, f1: 0.1113, loss: 6594768.0151 ||:  26%|##6       | 1075/4104 [03:13<09:05,  5.55it/s]
em: 0.1101, f1: 0.1112, loss: 6609430.7816 ||:  28%|##7       | 1132/4104 [03:23<08:53,  5.57it/s]
em: 0.1116, f1: 0.1127, loss: 6590622.9445 ||:  29%|##8       | 1189/4104 [03:33<08:45,  5.55it/s]
em: 0.1127, f1: 0.1137, loss: 6576807.8026 ||:  30%|###       | 1245/4104 [03:44<08:35,  5.55it/s]
em: 0.1114, f1: 0.1124, loss: 6595407.9512 ||:  32%|###1      | 1301/4104 [03:54<08:26,  5.54it/s]
em: 0.1103, f1: 0.1113, loss: 6611551.7885 ||:  33%|###3      | 1357/4104 [04:04<08:15,  5.55it/s]
em: 0.1107, f1: 0.1116, loss: 6610050.1125 ||:  34%|###4      | 1413/4104 [04:14<08:09,  5.50it/s]
em: 0.1094, f1: 0.1103, loss: 6629768.9610 ||:  36%|###5      | 1468/4104 [04:24<08:01,  5.48it/s]
em: 0.1098, f1: 0.1107, loss: 6618516.6574 ||:  37%|###7      | 1523/4104 [04:34<07:51,  5.48it/s]
em: 0.1101, f1: 0.1110, loss: 6611946.7752 ||:  38%|###8      | 1580/4104 [04:45<07:37,  5.52it/s]
em: 0.1098, f1: 0.1107, loss: 6614997.5180 ||:  40%|###9      | 1637/4104 [04:55<07:25,  5.54it/s]
em: 0.1104, f1: 0.1113, loss: 6603662.7135 ||:  41%|####1     | 1693/4104 [05:05<07:14,  5.55it/s]
em: 0.1102, f1: 0.1111, loss: 6603929.1467 ||:  43%|####2     | 1750/4104 [05:15<07:02,  5.57it/s]
em: 0.1111, f1: 0.1120, loss: 6600914.1957 ||:  44%|####4     | 1806/4104 [05:25<06:54,  5.55it/s]
em: 0.1116, f1: 0.1124, loss: 6592190.5945 ||:  45%|####5     | 1863/4104 [05:35<06:42,  5.57it/s]
em: 0.1109, f1: 0.1117, loss: 6594727.1392 ||:  47%|####6     | 1920/4104 [05:46<06:33,  5.55it/s]
em: 0.1103, f1: 0.1111, loss: 6593813.8376 ||:  48%|####8     | 1976/4104 [05:56<06:23,  5.55it/s]
em: 0.1105, f1: 0.1113, loss: 6585261.4081 ||:  50%|####9     | 2032/4104 [06:06<06:14,  5.53it/s]
em: 0.1104, f1: 0.1112, loss: 6576868.4000 ||:  51%|#####     | 2088/4104 [06:16<06:04,  5.53it/s]
em: 0.1111, f1: 0.1119, loss: 6565998.7200 ||:  52%|#####2    | 2144/4104 [06:26<05:56,  5.51it/s]
em: 0.1112, f1: 0.1120, loss: 6561080.1309 ||:  54%|#####3    | 2200/4104 [06:36<05:44,  5.53it/s]
em: 0.1109, f1: 0.1117, loss: 6563192.8757 ||:  55%|#####4    | 2257/4104 [06:46<05:32,  5.56it/s]
em: 0.1110, f1: 0.1118, loss: 6554667.8305 ||:  56%|#####6    | 2314/4104 [06:57<05:21,  5.57it/s]
em: 0.1108, f1: 0.1115, loss: 6546677.8041 ||:  58%|#####7    | 2370/4104 [07:07<05:12,  5.54it/s]
em: 0.1111, f1: 0.1119, loss: 6548723.2914 ||:  59%|#####9    | 2427/4104 [07:17<05:01,  5.57it/s]
em: 0.1111, f1: 0.1118, loss: 6552436.1766 ||:  61%|######    | 2484/4104 [07:27<04:49,  5.59it/s]
em: 0.1113, f1: 0.1121, loss: 6550207.1188 ||:  62%|######1   | 2542/4104 [07:37<04:37,  5.62it/s]
em: 0.1112, f1: 0.1120, loss: 6551202.5122 ||:  63%|######3   | 2600/4104 [07:48<04:29,  5.59it/s]
em: 0.1117, f1: 0.1125, loss: 6552268.1844 ||:  65%|######4   | 2657/4104 [07:58<04:18,  5.59it/s]
em: 0.1115, f1: 0.1123, loss: 6550986.2193 ||:  66%|######6   | 2714/4104 [08:08<04:10,  5.54it/s]
em: 0.1113, f1: 0.1121, loss: 6557311.0555 ||:  67%|######7   | 2770/4104 [08:19<04:00,  5.55it/s]
em: 0.1116, f1: 0.1124, loss: 6555423.4455 ||:  69%|######8   | 2826/4104 [08:29<03:51,  5.53it/s]
em: 0.1117, f1: 0.1125, loss: 6558487.2228 ||:  70%|#######   | 2881/4104 [08:39<03:41,  5.51it/s]
em: 0.1116, f1: 0.1125, loss: 6559094.5918 ||:  72%|#######1  | 2936/4104 [08:49<03:32,  5.50it/s]
em: 0.1119, f1: 0.1127, loss: 6558843.7818 ||:  73%|#######2  | 2991/4104 [08:59<03:23,  5.48it/s]
em: 0.1120, f1: 0.1128, loss: 6553677.5406 ||:  74%|#######4  | 3046/4104 [09:09<03:13,  5.47it/s]
em: 0.1124, f1: 0.1132, loss: 6544971.5743 ||:  76%|#######5  | 3102/4104 [09:19<03:02,  5.50it/s]
em: 0.1123, f1: 0.1131, loss: 6544688.6813 ||:  77%|#######6  | 3158/4104 [09:29<02:52,  5.49it/s]
em: 0.1124, f1: 0.1132, loss: 6541796.8560 ||:  78%|#######8  | 3215/4104 [09:39<02:40,  5.53it/s]
em: 0.1124, f1: 0.1132, loss: 6537477.6686 ||:  80%|#######9  | 3272/4104 [09:50<02:29,  5.55it/s]
em: 0.1125, f1: 0.1133, loss: 6534245.1095 ||:  81%|########1 | 3329/4104 [10:00<02:19,  5.57it/s]
em: 0.1124, f1: 0.1132, loss: 6527798.8803 ||:  83%|########2 | 3386/4104 [10:10<02:09,  5.54it/s]
em: 0.1125, f1: 0.1133, loss: 6530905.5899 ||:  84%|########3 | 3442/4104 [10:20<01:59,  5.53it/s]
em: 0.1127, f1: 0.1135, loss: 6532662.1131 ||:  85%|########5 | 3498/4104 [10:31<01:49,  5.51it/s]
em: 0.1128, f1: 0.1136, loss: 6534890.8555 ||:  87%|########6 | 3554/4104 [10:41<01:39,  5.53it/s]
em: 0.1132, f1: 0.1140, loss: 6537223.5818 ||:  88%|########7 | 3610/4104 [10:51<01:29,  5.55it/s]
em: 0.1130, f1: 0.1138, loss: 6532495.1367 ||:  89%|########9 | 3666/4104 [11:01<01:19,  5.53it/s]
em: 0.1129, f1: 0.1137, loss: 6535633.3160 ||:  91%|######### | 3722/4104 [11:11<01:08,  5.55it/s]
em: 0.1129, f1: 0.1137, loss: 6538016.7372 ||:  92%|#########2| 3778/4104 [11:21<00:59,  5.49it/s]
em: 0.1125, f1: 0.1134, loss: 6546688.1217 ||:  93%|#########3| 3834/4104 [11:31<00:48,  5.52it/s]
em: 0.1116, f1: 0.1124, loss: 6563785.9327 ||:  95%|#########4| 3890/4104 [11:42<00:38,  5.49it/s]
em: 0.1108, f1: 0.1116, loss: 6581032.0065 ||:  96%|#########6| 3946/4104 [11:52<00:28,  5.52it/s]
em: 0.1100, f1: 0.1108, loss: 6601855.8997 ||:  98%|#########7| 4002/4104 [12:02<00:18,  5.51it/s]
em: 0.1090, f1: 0.1098, loss: 6619703.7027 ||:  99%|#########8| 4059/4104 [12:12<00:08,  5.56it/s]
em: 0.1081, f1: 0.1089, loss: 6631894.4015 ||: : 4116it [12:22,  5.52it/s]                        
em: 0.1076, f1: 0.1084, loss: 6640963.7742 ||: : 4158it [12:30,  5.54it/s]

  0%|          | 0/376 [00:00<?, ?it/s]
em: 0.1470, f1: 0.1470, loss: 6250000.6472 ||:  31%|###1      | 118/376 [00:10<00:21, 11.75it/s]
em: 0.1478, f1: 0.1479, loss: 6027543.0715 ||:  63%|######2   | 236/376 [00:20<00:11, 11.72it/s]
em: 0.1243, f1: 0.1244, loss: 6566828.8393 ||:  96%|#########6| 361/376 [00:30<00:01, 11.93it/s]
em: 0.1227, f1: 0.1228, loss: 6556759.1253 ||: : 381it [00:32, 11.86it/s]                       

  0%|          | 0/4104 [00:00<?, ?it/s]
em: 0.1007, f1: 0.1013, loss: 6511364.2864 ||:   1%|1         | 55/4104 [00:10<12:26,  5.42it/s]
em: 0.1075, f1: 0.1079, loss: 6601563.1250 ||:   3%|2         | 112/4104 [00:20<12:07,  5.48it/s]
em: 0.1104, f1: 0.1115, loss: 6568047.9334 ||:   4%|4         | 169/4104 [00:30<11:54,  5.51it/s]
em: 0.1104, f1: 0.1115, loss: 6580556.1511 ||:   5%|5         | 225/4104 [00:40<11:45,  5.50it/s]
em: 0.1057, f1: 0.1069, loss: 6717642.4043 ||:   7%|6         | 282/4104 [00:50<11:28,  5.55it/s]
em: 0.1121, f1: 0.1133, loss: 6622419.4543 ||:   8%|8         | 339/4104 [01:01<11:25,  5.49it/s]
em: 0.1104, f1: 0.1114, loss: 6547468.9627 ||:  10%|9         | 395/4104 [01:11<11:14,  5.50it/s]
em: 0.1094, f1: 0.1103, loss: 6603381.9635 ||:  11%|#         | 451/4104 [01:21<11:00,  5.53it/s]
em: 0.1084, f1: 0.1092, loss: 6646161.9932 ||:  12%|#2        | 508/4104 [01:31<10:46,  5.57it/s]
em: 0.1092, f1: 0.1100, loss: 6620575.8009 ||:  14%|#3        | 565/4104 [01:41<10:36,  5.56it/s]
em: 0.1101, f1: 0.1109, loss: 6608293.6538 ||:  15%|#5        | 621/4104 [01:52<10:30,  5.53it/s]
em: 0.1112, f1: 0.1121, loss: 6605428.9358 ||:  16%|#6        | 677/4104 [02:02<10:18,  5.54it/s]
em: 0.1103, f1: 0.1113, loss: 6617497.1641 ||:  18%|#7        | 733/4104 [02:12<10:07,  5.55it/s]
em: 0.1126, f1: 0.1135, loss: 6590621.6173 ||:  19%|#9        | 789/4104 [02:22<09:56,  5.56it/s]
em: 0.1124, f1: 0.1133, loss: 6605030.1580 ||:  21%|##        | 845/4104 [02:32<09:46,  5.56it/s]
em: 0.1123, f1: 0.1132, loss: 6598224.7736 ||:  22%|##1       | 901/4104 [02:42<09:37,  5.55it/s]
em: 0.1131, f1: 0.1141, loss: 6583725.7631 ||:  23%|##3       | 957/4104 [02:52<09:27,  5.55it/s]
em: 0.1132, f1: 0.1141, loss: 6581608.0757 ||:  25%|##4       | 1014/4104 [03:02<09:15,  5.56it/s]
em: 0.1128, f1: 0.1137, loss: 6587885.7311 ||:  26%|##6       | 1071/4104 [03:13<09:05,  5.56it/s]
em: 0.1127, f1: 0.1137, loss: 6606034.2895 ||:  27%|##7       | 1127/4104 [03:23<08:56,  5.55it/s]
em: 0.1133, f1: 0.1142, loss: 6590237.2636 ||:  29%|##8       | 1183/4104 [03:33<08:47,  5.54it/s]
em: 0.1138, f1: 0.1148, loss: 6584443.6785 ||:  30%|###       | 1239/4104 [03:43<08:39,  5.52it/s]
em: 0.1130, f1: 0.1140, loss: 6592664.6712 ||:  32%|###1      | 1295/4104 [03:53<08:27,  5.54it/s]
em: 0.1128, f1: 0.1137, loss: 6606680.8128 ||:  33%|###2      | 1351/4104 [04:03<08:17,  5.54it/s]
em: 0.1128, f1: 0.1137, loss: 6604922.3955 ||:  34%|###4      | 1407/4104 [04:14<08:09,  5.51it/s]
em: 0.1116, f1: 0.1125, loss: 6628335.0417 ||:  36%|###5      | 1462/4104 [04:24<08:01,  5.49it/s]
em: 0.1120, f1: 0.1128, loss: 6620386.2017 ||:  37%|###6      | 1517/4104 [04:34<07:52,  5.48it/s]
em: 0.1119, f1: 0.1128, loss: 6619282.6554 ||:  38%|###8      | 1574/4104 [04:44<07:37,  5.54it/s]
em: 0.1124, f1: 0.1133, loss: 6617106.6400 ||:  40%|###9      | 1631/4104 [04:54<07:27,  5.53it/s]
em: 0.1126, f1: 0.1134, loss: 6607513.9082 ||:  41%|####1     | 1687/4104 [05:04<07:17,  5.53it/s]
em: 0.1124, f1: 0.1132, loss: 6602996.5594 ||:  42%|####2     | 1744/4104 [05:14<07:03,  5.57it/s]
em: 0.1133, f1: 0.1141, loss: 6593906.7375 ||:  44%|####3     | 1801/4104 [05:25<06:55,  5.54it/s]
em: 0.1136, f1: 0.1143, loss: 6588738.4671 ||:  45%|####5     | 1858/4104 [05:35<06:43,  5.57it/s]
em: 0.1130, f1: 0.1138, loss: 6591710.7602 ||:  47%|####6     | 1915/4104 [05:45<06:35,  5.54it/s]
em: 0.1123, f1: 0.1130, loss: 6588661.1583 ||:  48%|####8     | 1971/4104 [05:55<06:25,  5.53it/s]
em: 0.1122, f1: 0.1130, loss: 6585780.0582 ||:  49%|####9     | 2027/4104 [06:06<06:16,  5.51it/s]
em: 0.1127, f1: 0.1135, loss: 6575852.7194 ||:  51%|#####     | 2083/4104 [06:16<06:05,  5.53it/s]
em: 0.1131, f1: 0.1138, loss: 6563523.2598 ||:  52%|#####2    | 2139/4104 [06:26<05:58,  5.48it/s]
em: 0.1132, f1: 0.1139, loss: 6556093.9802 ||:  53%|#####3    | 2195/4104 [06:36<05:46,  5.51it/s]
em: 0.1129, f1: 0.1136, loss: 6561529.6581 ||:  55%|#####4    | 2253/4104 [06:46<05:32,  5.57it/s]
em: 0.1132, f1: 0.1139, loss: 6546409.0713 ||:  56%|#####6    | 2311/4104 [06:57<05:22,  5.56it/s]
em: 0.1128, f1: 0.1135, loss: 6546789.7750 ||:  58%|#####7    | 2367/4104 [07:07<05:12,  5.56it/s]
em: 0.1129, f1: 0.1137, loss: 6551022.0495 ||:  59%|#####9    | 2423/4104 [07:17<05:02,  5.56it/s]
em: 0.1127, f1: 0.1134, loss: 6554184.0566 ||:  60%|######    | 2480/4104 [07:27<04:50,  5.59it/s]
em: 0.1131, f1: 0.1138, loss: 6546118.0536 ||:  62%|######1   | 2537/4104 [07:37<04:40,  5.58it/s]
em: 0.1128, f1: 0.1136, loss: 6548882.1958 ||:  63%|######3   | 2593/4104 [07:47<04:30,  5.58it/s]
em: 0.1130, f1: 0.1137, loss: 6549170.0891 ||:  65%|######4   | 2649/4104 [07:57<04:21,  5.57it/s]
em: 0.1132, f1: 0.1139, loss: 6548752.9014 ||:  66%|######5   | 2705/4104 [08:08<04:12,  5.54it/s]
em: 0.1130, f1: 0.1138, loss: 6551857.4727 ||:  67%|######7   | 2760/4104 [08:18<04:03,  5.53it/s]
em: 0.1132, f1: 0.1139, loss: 6553286.5565 ||:  69%|######8   | 2815/4104 [08:28<03:53,  5.51it/s]
em: 0.1135, f1: 0.1143, loss: 6549330.0911 ||:  70%|######9   | 2871/4104 [08:38<03:42,  5.53it/s]
em: 0.1133, f1: 0.1140, loss: 6555560.8882 ||:  71%|#######1  | 2927/4104 [08:48<03:34,  5.50it/s]
em: 0.1134, f1: 0.1141, loss: 6555900.6872 ||:  73%|#######2  | 2983/4104 [08:58<03:23,  5.51it/s]
em: 0.1135, f1: 0.1142, loss: 6549441.1933 ||:  74%|#######4  | 3039/4104 [09:09<03:14,  5.48it/s]
em: 0.1138, f1: 0.1146, loss: 6542407.6967 ||:  75%|#######5  | 3095/4104 [09:19<03:03,  5.50it/s]
em: 0.1138, f1: 0.1145, loss: 6542566.4390 ||:  77%|#######6  | 3151/4104 [09:29<02:52,  5.51it/s]
em: 0.1138, f1: 0.1145, loss: 6536483.2829 ||:  78%|#######8  | 3207/4104 [09:39<02:42,  5.51it/s]
em: 0.1138, f1: 0.1145, loss: 6530331.4729 ||:  80%|#######9  | 3264/4104 [09:49<02:31,  5.54it/s]
em: 0.1136, f1: 0.1144, loss: 6531730.4908 ||:  81%|########  | 3321/4104 [09:59<02:20,  5.56it/s]
em: 0.1138, f1: 0.1146, loss: 6522351.0949 ||:  82%|########2 | 3378/4104 [10:09<02:10,  5.56it/s]
em: 0.1140, f1: 0.1148, loss: 6520093.7770 ||:  84%|########3 | 3434/4104 [10:20<02:01,  5.50it/s]
em: 0.1140, f1: 0.1148, loss: 6524814.3972 ||:  85%|########5 | 3491/4104 [10:30<01:50,  5.54it/s]
em: 0.1143, f1: 0.1150, loss: 6529207.1838 ||:  86%|########6 | 3548/4104 [10:40<01:40,  5.53it/s]
em: 0.1144, f1: 0.1152, loss: 6528953.4317 ||:  88%|########7 | 3605/4104 [10:50<01:29,  5.57it/s]
em: 0.1145, f1: 0.1152, loss: 6524270.1133 ||:  89%|########9 | 3662/4104 [11:01<01:19,  5.56it/s]
em: 0.1142, f1: 0.1150, loss: 6528544.1586 ||:  91%|######### | 3718/4104 [11:11<01:09,  5.55it/s]
em: 0.1144, f1: 0.1151, loss: 6529379.2292 ||:  92%|#########1| 3774/4104 [11:21<00:59,  5.51it/s]
em: 0.1141, f1: 0.1148, loss: 6536792.1745 ||:  93%|#########3| 3829/4104 [11:31<00:50,  5.50it/s]
em: 0.1131, f1: 0.1139, loss: 6552845.5865 ||:  95%|#########4| 3884/4104 [11:41<00:40,  5.49it/s]
em: 0.1122, f1: 0.1130, loss: 6572494.2336 ||:  96%|#########6| 3940/4104 [11:51<00:29,  5.51it/s]
em: 0.1114, f1: 0.1122, loss: 6591435.7596 ||:  97%|#########7| 3996/4104 [12:01<00:19,  5.52it/s]
em: 0.1105, f1: 0.1112, loss: 6609545.2406 ||:  99%|#########8| 4052/4104 [12:11<00:09,  5.54it/s]
em: 0.1096, f1: 0.1103, loss: 6623813.8606 ||: : 4108it [12:21,  5.56it/s]                        
em: 0.1089, f1: 0.1097, loss: 6634800.9529 ||: : 4158it [12:31,  5.53it/s]

  0%|          | 0/376 [00:00<?, ?it/s]
em: 0.1477, f1: 0.1477, loss: 6276710.0029 ||:  31%|###1      | 117/376 [00:10<00:22, 11.68it/s]
em: 0.1472, f1: 0.1473, loss: 5998932.3022 ||:  62%|######2   | 234/376 [00:20<00:12, 11.66it/s]
em: 0.1224, f1: 0.1225, loss: 6555556.1318 ||:  96%|#########5| 360/376 [00:30<00:01, 11.90it/s]
em: 0.1204, f1: 0.1204, loss: 6550197.4375 ||: : 381it [00:32, 11.84it/s]                       

  0%|          | 0/4104 [00:00<?, ?it/s]
em: 0.1078, f1: 0.1084, loss: 6556818.8227 ||:   1%|1         | 55/4104 [00:10<12:19,  5.47it/s]
em: 0.1165, f1: 0.1170, loss: 6601563.1250 ||:   3%|2         | 112/4104 [00:20<12:01,  5.53it/s]
em: 0.1156, f1: 0.1165, loss: 6642012.4157 ||:   4%|4         | 169/4104 [00:30<11:51,  5.53it/s]
em: 0.1188, f1: 0.1198, loss: 6588889.4711 ||:   5%|5         | 225/4104 [00:40<11:41,  5.53it/s]
em: 0.1158, f1: 0.1168, loss: 6713209.7615 ||:   7%|6         | 282/4104 [00:50<11:27,  5.56it/s]
em: 0.1177, f1: 0.1187, loss: 6611357.4993 ||:   8%|8         | 339/4104 [01:01<11:23,  5.51it/s]
em: 0.1162, f1: 0.1170, loss: 6575949.9475 ||:  10%|9         | 395/4104 [01:11<11:12,  5.52it/s]
em: 0.1146, f1: 0.1156, loss: 6605365.6162 ||:  11%|#1        | 452/4104 [01:21<10:58,  5.54it/s]
em: 0.1140, f1: 0.1149, loss: 6642471.0266 ||:  12%|#2        | 508/4104 [01:31<10:47,  5.56it/s]
em: 0.1141, f1: 0.1149, loss: 6640487.2730 ||:  14%|#3        | 565/4104 [01:41<10:34,  5.58it/s]
em: 0.1148, f1: 0.1156, loss: 6618770.6507 ||:  15%|#5        | 622/4104 [01:51<10:26,  5.56it/s]
em: 0.1139, f1: 0.1150, loss: 6621497.6018 ||:  17%|#6        | 678/4104 [02:02<10:18,  5.54it/s]
em: 0.1134, f1: 0.1145, loss: 6620748.8507 ||:  18%|#7        | 735/4104 [02:12<10:04,  5.57it/s]
em: 0.1150, f1: 0.1161, loss: 6593277.0742 ||:  19%|#9        | 792/4104 [02:22<09:55,  5.56it/s]
em: 0.1143, f1: 0.1153, loss: 6615136.0080 ||:  21%|##        | 849/4104 [02:32<09:41,  5.60it/s]
em: 0.1161, f1: 0.1170, loss: 6596992.8333 ||:  22%|##2       | 906/4104 [02:43<09:35,  5.56it/s]
em: 0.1159, f1: 0.1169, loss: 6586539.0247 ||:  23%|##3       | 962/4104 [02:53<09:25,  5.56it/s]
em: 0.1164, f1: 0.1174, loss: 6582434.3209 ||:  25%|##4       | 1019/4104 [03:03<09:11,  5.59it/s]
em: 0.1158, f1: 0.1168, loss: 6595028.4410 ||:  26%|##6       | 1076/4104 [03:13<09:04,  5.56it/s]
em: 0.1157, f1: 0.1168, loss: 6603909.5667 ||:  28%|##7       | 1132/4104 [03:23<08:55,  5.55it/s]
em: 0.1163, f1: 0.1173, loss: 6596696.6835 ||:  29%|##8       | 1188/4104 [03:33<08:46,  5.54it/s]
em: 0.1173, f1: 0.1183, loss: 6587349.9542 ||:  30%|###       | 1245/4104 [03:43<08:33,  5.57it/s]
em: 0.1161, f1: 0.1172, loss: 6595142.6478 ||:  32%|###1      | 1302/4104 [03:54<08:24,  5.56it/s]
em: 0.1161, f1: 0.1172, loss: 6602281.6455 ||:  33%|###3      | 1359/4104 [04:04<08:12,  5.57it/s]
em: 0.1156, f1: 0.1166, loss: 6613701.1185 ||:  35%|###4      | 1416/4104 [04:14<08:04,  5.55it/s]
em: 0.1146, f1: 0.1156, loss: 6628144.6722 ||:  36%|###5      | 1471/4104 [04:24<07:58,  5.50it/s]
em: 0.1153, f1: 0.1163, loss: 6616732.7087 ||:  37%|###7      | 1527/4104 [04:35<07:46,  5.52it/s]
em: 0.1154, f1: 0.1164, loss: 6615536.8301 ||:  39%|###8      | 1585/4104 [04:45<07:32,  5.57it/s]
em: 0.1154, f1: 0.1163, loss: 6617311.7581 ||:  40%|####      | 1642/4104 [04:55<07:22,  5.56it/s]
em: 0.1158, f1: 0.1167, loss: 6608299.5527 ||:  41%|####1     | 1699/4104 [05:05<07:09,  5.60it/s]
em: 0.1159, f1: 0.1169, loss: 6602719.8034 ||:  43%|####2     | 1756/4104 [05:15<07:00,  5.58it/s]
em: 0.1163, f1: 0.1172, loss: 6598525.1023 ||:  44%|####4     | 1813/4104 [05:25<06:48,  5.60it/s]
em: 0.1168, f1: 0.1177, loss: 6597928.3639 ||:  46%|####5     | 1870/4104 [05:36<06:38,  5.61it/s]
em: 0.1165, f1: 0.1174, loss: 6595096.5637 ||:  47%|####6     | 1927/4104 [05:46<06:29,  5.59it/s]
em: 0.1157, f1: 0.1167, loss: 6594176.0512 ||:  48%|####8     | 1983/4104 [05:56<06:21,  5.56it/s]
em: 0.1158, f1: 0.1168, loss: 6586256.0795 ||:  50%|####9     | 2039/4104 [06:06<06:10,  5.57it/s]
em: 0.1166, f1: 0.1176, loss: 6573389.5874 ||:  51%|#####1    | 2095/4104 [06:16<06:03,  5.53it/s]
em: 0.1171, f1: 0.1181, loss: 6563808.0991 ||:  52%|#####2    | 2151/4104 [06:26<05:52,  5.54it/s]
em: 0.1168, f1: 0.1178, loss: 6563349.7511 ||:  54%|#####3    | 2208/4104 [06:36<05:39,  5.58it/s]
em: 0.1166, f1: 0.1176, loss: 6563603.8338 ||:  55%|#####5    | 2266/4104 [06:47<05:26,  5.62it/s]
em: 0.1167, f1: 0.1177, loss: 6550398.5912 ||:  57%|#####6    | 2324/4104 [06:57<05:17,  5.60it/s]
em: 0.1164, f1: 0.1173, loss: 6547532.0832 ||:  58%|#####7    | 2380/4104 [07:07<05:08,  5.59it/s]
em: 0.1167, f1: 0.1176, loss: 6550698.4346 ||:  59%|#####9    | 2436/4104 [07:17<04:58,  5.58it/s]
em: 0.1164, f1: 0.1174, loss: 6551975.3097 ||:  61%|######    | 2494/4104 [07:27<04:45,  5.64it/s]
em: 0.1168, f1: 0.1178, loss: 6549275.6499 ||:  62%|######2   | 2552/4104 [07:38<04:35,  5.63it/s]
em: 0.1168, f1: 0.1178, loss: 6549923.9134 ||:  64%|######3   | 2609/4104 [07:48<04:25,  5.63it/s]
em: 0.1169, f1: 0.1178, loss: 6548903.4223 ||:  65%|######4   | 2666/4104 [07:58<04:17,  5.59it/s]
em: 0.1167, f1: 0.1176, loss: 6549532.3371 ||:  66%|######6   | 2723/4104 [08:08<04:06,  5.60it/s]
em: 0.1165, f1: 0.1175, loss: 6554407.0423 ||:  68%|######7   | 2780/4104 [08:19<03:57,  5.57it/s]
em: 0.1170, f1: 0.1179, loss: 6551154.9544 ||:  69%|######9   | 2837/4104 [08:29<03:46,  5.59it/s]
em: 0.1168, f1: 0.1178, loss: 6553862.0024 ||:  71%|#######   | 2894/4104 [08:39<03:37,  5.56it/s]
em: 0.1165, f1: 0.1175, loss: 6557523.4376 ||:  72%|#######1  | 2951/4104 [08:49<03:26,  5.58it/s]
em: 0.1166, f1: 0.1175, loss: 6555228.2906 ||:  73%|#######3  | 3008/4104 [09:00<03:18,  5.51it/s]
em: 0.1168, f1: 0.1178, loss: 6547813.8810 ||:  75%|#######4  | 3064/4104 [09:10<03:08,  5.52it/s]
em: 0.1172, f1: 0.1182, loss: 6541774.0363 ||:  76%|#######6  | 3121/4104 [09:20<02:56,  5.56it/s]
em: 0.1171, f1: 0.1180, loss: 6542834.1085 ||:  77%|#######7  | 3178/4104 [09:30<02:45,  5.58it/s]
em: 0.1170, f1: 0.1179, loss: 6540572.4362 ||:  79%|#######8  | 3235/4104 [09:40<02:34,  5.62it/s]
em: 0.1170, f1: 0.1178, loss: 6537060.1053 ||:  80%|########  | 3292/4104 [09:50<02:23,  5.64it/s]
em: 0.1175, f1: 0.1184, loss: 6529934.8774 ||:  82%|########1 | 3349/4104 [10:00<02:14,  5.63it/s]
em: 0.1176, f1: 0.1185, loss: 6525330.9669 ||:  83%|########2 | 3405/4104 [10:10<02:04,  5.61it/s]
em: 0.1174, f1: 0.1183, loss: 6531530.4747 ||:  84%|########4 | 3461/4104 [10:21<01:55,  5.57it/s]
em: 0.1177, f1: 0.1187, loss: 6532476.4077 ||:  86%|########5 | 3518/4104 [10:31<01:44,  5.59it/s]
em: 0.1180, f1: 0.1190, loss: 6530769.7993 ||:  87%|########7 | 3575/4104 [10:41<01:34,  5.58it/s]
em: 0.1180, f1: 0.1190, loss: 6533512.8163 ||:  89%|########8 | 3633/4104 [10:51<01:23,  5.62it/s]
em: 0.1181, f1: 0.1190, loss: 6530751.0426 ||:  90%|########9 | 3691/4104 [11:02<01:13,  5.59it/s]
em: 0.1180, f1: 0.1189, loss: 6532726.7491 ||:  91%|#########1| 3747/4104 [11:12<01:03,  5.58it/s]
em: 0.1179, f1: 0.1188, loss: 6536452.0529 ||:  93%|#########2| 3803/4104 [11:22<00:54,  5.54it/s]
em: 0.1171, f1: 0.1180, loss: 6550350.4868 ||:  94%|#########4| 3858/4104 [11:32<00:44,  5.51it/s]
em: 0.1161, f1: 0.1171, loss: 6569285.3634 ||:  95%|#########5| 3915/4104 [11:42<00:34,  5.54it/s]
em: 0.1153, f1: 0.1162, loss: 6587834.1432 ||:  97%|#########6| 3972/4104 [11:52<00:23,  5.54it/s]
em: 0.1144, f1: 0.1153, loss: 6604860.2872 ||:  98%|#########8| 4028/4104 [12:03<00:13,  5.55it/s]
em: 0.1135, f1: 0.1144, loss: 6622949.8665 ||: 100%|#########9| 4084/4104 [12:13<00:03,  5.56it/s]
em: 0.1126, f1: 0.1136, loss: 6634058.5220 ||: : 4140it [12:23,  5.53it/s]                        
em: 0.1124, f1: 0.1134, loss: 6638408.4390 ||: : 4158it [12:26,  5.57it/s]

  0%|          | 0/376 [00:00<?, ?it/s]
em: 0.1479, f1: 0.1479, loss: 6234244.3351 ||:  32%|###1      | 119/376 [00:10<00:21, 11.86it/s]
em: 0.1484, f1: 0.1485, loss: 6026786.3952 ||:  63%|######3   | 238/376 [00:20<00:11, 11.83it/s]
em: 0.1219, f1: 0.1220, loss: 6562500.5895 ||:  97%|#########6| 364/376 [00:30<00:00, 12.04it/s]
em: 0.1204, f1: 0.1204, loss: 6548557.0290 ||: : 381it [00:31, 11.95it/s]                       

  0%|          | 0/4104 [00:00<?, ?it/s]
em: 0.1170, f1: 0.1176, loss: 6651786.2991 ||:   1%|1         | 56/4104 [00:10<12:06,  5.57it/s]
em: 0.1188, f1: 0.1192, loss: 6595982.7411 ||:   3%|2         | 112/4104 [00:20<11:59,  5.55it/s]
em: 0.1171, f1: 0.1180, loss: 6577381.5327 ||:   4%|4         | 168/4104 [00:30<11:48,  5.55it/s]
em: 0.1176, f1: 0.1189, loss: 6590402.3415 ||:   5%|5         | 224/4104 [00:40<11:40,  5.54it/s]
em: 0.1133, f1: 0.1145, loss: 6692616.1966 ||:   7%|6         | 281/4104 [00:50<11:25,  5.57it/s]
em: 0.1166, f1: 0.1178, loss: 6629068.6028 ||:   8%|8         | 338/4104 [01:01<11:22,  5.52it/s]
em: 0.1160, f1: 0.1171, loss: 6578363.5235 ||:  10%|9         | 394/4104 [01:11<11:12,  5.51it/s]
em: 0.1159, f1: 0.1169, loss: 6612500.5706 ||:  11%|#         | 450/4104 [01:21<10:59,  5.54it/s]
em: 0.1151, f1: 0.1162, loss: 6651433.3671 ||:  12%|#2        | 506/4104 [01:31<10:48,  5.55it/s]
em: 0.1151, f1: 0.1163, loss: 6642984.5688 ||:  14%|#3        | 563/4104 [01:41<10:33,  5.59it/s]
em: 0.1174, f1: 0.1186, loss: 6604839.2661 ||:  15%|#5        | 620/4104 [01:51<10:29,  5.53it/s]
em: 0.1169, f1: 0.1181, loss: 6617049.3646 ||:  16%|#6        | 676/4104 [02:01<10:17,  5.55it/s]
em: 0.1157, f1: 0.1168, loss: 6631660.3839 ||:  18%|#7        | 732/4104 [02:12<10:08,  5.54it/s]
em: 0.1176, f1: 0.1187, loss: 6595019.5961 ||:  19%|#9        | 788/4104 [02:22<09:58,  5.54it/s]
em: 0.1179, f1: 0.1189, loss: 6612856.0036 ||:  21%|##        | 844/4104 [02:32<09:49,  5.53it/s]
em: 0.1183, f1: 0.1194, loss: 6599306.1117 ||:  22%|##1       | 900/4104 [02:42<09:40,  5.52it/s]
em: 0.1179, f1: 0.1190, loss: 6587343.6553 ||:  23%|##3       | 956/4104 [02:52<09:28,  5.54it/s]
em: 0.1174, f1: 0.1184, loss: 6598938.3041 ||:  25%|##4       | 1012/4104 [03:02<09:19,  5.53it/s]
em: 0.1172, f1: 0.1183, loss: 6591175.6545 ||:  26%|##6       | 1068/4104 [03:12<09:08,  5.54it/s]
em: 0.1166, f1: 0.1178, loss: 6610320.8387 ||:  27%|##7       | 1124/4104 [03:23<08:59,  5.53it/s]
em: 0.1178, f1: 0.1189, loss: 6592691.2316 ||:  29%|##8       | 1180/4104 [03:33<08:48,  5.53it/s]
em: 0.1188, f1: 0.1200, loss: 6582221.4286 ||:  30%|###       | 1236/4104 [03:43<08:40,  5.51it/s]
em: 0.1175, f1: 0.1186, loss: 6592711.3043 ||:  32%|###1      | 1293/4104 [03:53<08:28,  5.53it/s]
em: 0.1170, f1: 0.1181, loss: 6610648.6989 ||:  33%|###2      | 1350/4104 [04:03<08:15,  5.55it/s]
em: 0.1169, f1: 0.1180, loss: 6606699.2008 ||:  34%|###4      | 1407/4104 [04:14<08:09,  5.51it/s]
em: 0.1159, f1: 0.1169, loss: 6628762.5144 ||:  36%|###5      | 1462/4104 [04:24<07:59,  5.51it/s]
em: 0.1163, f1: 0.1173, loss: 6619150.1844 ||:  37%|###6      | 1517/4104 [04:34<07:50,  5.49it/s]
em: 0.1165, f1: 0.1175, loss: 6615311.8550 ||:  38%|###8      | 1574/4104 [04:44<07:37,  5.53it/s]
em: 0.1174, f1: 0.1183, loss: 6614041.0123 ||:  40%|###9      | 1631/4104 [04:54<07:23,  5.57it/s]
em: 0.1179, f1: 0.1189, loss: 6602488.7011 ||:  41%|####1     | 1688/4104 [05:04<07:14,  5.55it/s]
em: 0.1174, f1: 0.1184, loss: 6601876.2650 ||:  43%|####2     | 1746/4104 [05:15<07:00,  5.60it/s]
em: 0.1179, f1: 0.1189, loss: 6594027.7120 ||:  44%|####3     | 1804/4104 [05:25<06:52,  5.58it/s]
em: 0.1181, f1: 0.1190, loss: 6586849.0206 ||:  45%|####5     | 1861/4104 [05:35<06:40,  5.60it/s]
em: 0.1179, f1: 0.1188, loss: 6591502.1156 ||:  47%|####6     | 1918/4104 [05:46<06:33,  5.55it/s]
em: 0.1171, f1: 0.1181, loss: 6588463.0660 ||:  48%|####8     | 1974/4104 [05:56<06:23,  5.55it/s]
em: 0.1170, f1: 0.1180, loss: 6580973.4622 ||:  49%|####9     | 2030/4104 [06:06<06:14,  5.53it/s]
em: 0.1173, f1: 0.1183, loss: 6572987.1347 ||:  51%|#####     | 2086/4104 [06:16<06:04,  5.54it/s]
em: 0.1177, f1: 0.1187, loss: 6564834.8259 ||:  52%|#####2    | 2142/4104 [06:26<05:55,  5.52it/s]
em: 0.1177, f1: 0.1187, loss: 6557810.9292 ||:  54%|#####3    | 2199/4104 [06:36<05:43,  5.55it/s]
em: 0.1173, f1: 0.1183, loss: 6556269.9451 ||:  55%|#####4    | 2257/4104 [06:46<05:29,  5.61it/s]
em: 0.1173, f1: 0.1182, loss: 6543737.0641 ||:  56%|#####6    | 2315/4104 [06:57<05:19,  5.60it/s]
em: 0.1170, f1: 0.1180, loss: 6543653.0305 ||:  58%|#####7    | 2371/4104 [07:07<05:10,  5.59it/s]
em: 0.1173, f1: 0.1182, loss: 6547435.6668 ||:  59%|#####9    | 2427/4104 [07:17<04:59,  5.59it/s]
em: 0.1169, f1: 0.1179, loss: 6549296.3367 ||:  61%|######    | 2485/4104 [07:27<04:47,  5.62it/s]
em: 0.1172, f1: 0.1181, loss: 6546402.4506 ||:  62%|######1   | 2543/4104 [07:37<04:36,  5.66it/s]
em: 0.1173, f1: 0.1183, loss: 6550365.8063 ||:  63%|######3   | 2601/4104 [07:48<04:26,  5.64it/s]
em: 0.1177, f1: 0.1187, loss: 6548157.0708 ||:  65%|######4   | 2658/4104 [07:58<04:16,  5.63it/s]
em: 0.1176, f1: 0.1187, loss: 6544307.8583 ||:  66%|######6   | 2714/4104 [08:08<04:08,  5.60it/s]
em: 0.1174, f1: 0.1185, loss: 6551670.2354 ||:  67%|######7   | 2770/4104 [08:18<03:58,  5.60it/s]
em: 0.1173, f1: 0.1183, loss: 6552441.3097 ||:  69%|######8   | 2827/4104 [08:28<03:47,  5.60it/s]
em: 0.1177, f1: 0.1187, loss: 6551231.4878 ||:  70%|#######   | 2884/4104 [08:38<03:39,  5.57it/s]
em: 0.1175, f1: 0.1185, loss: 6552509.0618 ||:  72%|#######1  | 2940/4104 [08:49<03:29,  5.56it/s]
em: 0.1177, f1: 0.1186, loss: 6553947.4865 ||:  73%|#######3  | 2996/4104 [08:59<03:19,  5.54it/s]
em: 0.1179, f1: 0.1188, loss: 6548370.4785 ||:  74%|#######4  | 3052/4104 [09:09<03:10,  5.51it/s]
em: 0.1185, f1: 0.1194, loss: 6540193.4851 ||:  76%|#######5  | 3110/4104 [09:19<02:58,  5.57it/s]
em: 0.1182, f1: 0.1191, loss: 6542272.4247 ||:  77%|#######7  | 3167/4104 [09:29<02:48,  5.55it/s]
em: 0.1185, f1: 0.1194, loss: 6536329.6543 ||:  79%|#######8  | 3224/4104 [09:40<02:37,  5.59it/s]
em: 0.1185, f1: 0.1194, loss: 6535649.5548 ||:  80%|#######9  | 3282/4104 [09:50<02:25,  5.65it/s]
em: 0.1189, f1: 0.1198, loss: 6528069.4239 ||:  81%|########1 | 3340/4104 [10:00<02:15,  5.63it/s]
em: 0.1190, f1: 0.1199, loss: 6523403.5666 ||:  83%|########2 | 3397/4104 [10:10<02:05,  5.62it/s]
em: 0.1189, f1: 0.1199, loss: 6528562.6836 ||:  84%|########4 | 3453/4104 [10:20<01:56,  5.59it/s]
em: 0.1191, f1: 0.1200, loss: 6533298.2831 ||:  86%|########5 | 3510/4104 [10:30<01:46,  5.60it/s]
em: 0.1192, f1: 0.1201, loss: 6531399.4968 ||:  87%|########6 | 3567/4104 [10:41<01:35,  5.60it/s]
em: 0.1193, f1: 0.1202, loss: 6532319.8217 ||:  88%|########8 | 3624/4104 [10:51<01:25,  5.60it/s]
em: 0.1191, f1: 0.1200, loss: 6530061.7032 ||:  90%|########9 | 3680/4104 [11:01<01:15,  5.60it/s]
em: 0.1188, f1: 0.1197, loss: 6533726.4712 ||:  91%|#########1| 3736/4104 [11:11<01:05,  5.59it/s]
em: 0.1190, f1: 0.1199, loss: 6533821.7629 ||:  92%|#########2| 3792/4104 [11:21<00:55,  5.58it/s]
em: 0.1184, f1: 0.1193, loss: 6546745.6195 ||:  94%|#########3| 3848/4104 [11:31<00:46,  5.56it/s]
em: 0.1174, f1: 0.1183, loss: 6565702.3988 ||:  95%|#########5| 3904/4104 [11:41<00:35,  5.57it/s]
em: 0.1164, f1: 0.1173, loss: 6583807.3699 ||:  96%|#########6| 3960/4104 [11:51<00:25,  5.57it/s]
em: 0.1155, f1: 0.1164, loss: 6601874.3035 ||:  98%|#########7| 4016/4104 [12:01<00:15,  5.57it/s]
em: 0.1145, f1: 0.1154, loss: 6618279.4562 ||:  99%|#########9| 4073/4104 [12:11<00:05,  5.60it/s]
em: 0.1139, f1: 0.1148, loss: 6629237.8331 ||: : 4130it [12:22,  5.55it/s]                        
em: 0.1134, f1: 0.1143, loss: 6638308.2234 ||: : 4158it [12:27,  5.57it/s]

  0%|          | 0/376 [00:00<?, ?it/s]
em: 0.1404, f1: 0.1404, loss: 6250000.6071 ||:  32%|###1      | 119/376 [00:10<00:21, 11.84it/s]
em: 0.1460, f1: 0.1460, loss: 6021534.2637 ||:  63%|######3   | 238/376 [00:20<00:11, 11.83it/s]
em: 0.1210, f1: 0.1210, loss: 6572802.7479 ||:  97%|#########6| 364/376 [00:30<00:00, 12.03it/s]
em: 0.1209, f1: 0.1209, loss: 6546916.5755 ||: : 381it [00:31, 11.95it/s]                       

  0%|          | 0/4104 [00:00<?, ?it/s]
em: 0.1147, f1: 0.1155, loss: 6579546.0136 ||:   1%|1         | 55/4104 [00:10<12:22,  5.45it/s]
em: 0.1121, f1: 0.1129, loss: 6592920.9292 ||:   3%|2         | 113/4104 [00:20<12:00,  5.54it/s]
em: 0.1157, f1: 0.1165, loss: 6597222.7675 ||:   4%|4         | 171/4104 [00:30<11:50,  5.54it/s]
em: 0.1133, f1: 0.1142, loss: 6611842.6425 ||:   6%|5         | 228/4104 [00:40<11:35,  5.57it/s]
em: 0.1119, f1: 0.1129, loss: 6675439.1211 ||:   7%|6         | 285/4104 [00:50<11:21,  5.60it/s]
em: 0.1165, f1: 0.1175, loss: 6622807.5570 ||:   8%|8         | 342/4104 [01:01<11:19,  5.53it/s]
em: 0.1132, f1: 0.1141, loss: 6571922.6621 ||:  10%|9         | 398/4104 [01:11<11:08,  5.54it/s]
em: 0.1146, f1: 0.1154, loss: 6605769.7797 ||:  11%|#1        | 455/4104 [01:21<10:54,  5.58it/s]
em: 0.1145, f1: 0.1154, loss: 6643066.9414 ||:  12%|#2        | 512/4104 [01:31<10:40,  5.61it/s]
em: 0.1151, f1: 0.1160, loss: 6627856.4236 ||:  14%|#3        | 569/4104 [01:41<10:30,  5.61it/s]
em: 0.1165, f1: 0.1174, loss: 6609425.4533 ||:  15%|#5        | 626/4104 [01:52<10:24,  5.57it/s]
em: 0.1162, f1: 0.1174, loss: 6617862.9023 ||:  17%|#6        | 683/4104 [02:02<10:12,  5.58it/s]
em: 0.1159, f1: 0.1170, loss: 6609797.8334 ||:  18%|#8        | 740/4104 [02:12<10:02,  5.59it/s]
em: 0.1175, f1: 0.1187, loss: 6592691.8849 ||:  19%|#9        | 797/4104 [02:22<09:51,  5.59it/s]
em: 0.1183, f1: 0.1193, loss: 6601288.5972 ||:  21%|##        | 854/4104 [02:32<09:39,  5.61it/s]
em: 0.1183, f1: 0.1194, loss: 6595774.4158 ||:  22%|##2       | 911/4104 [02:42<09:29,  5.61it/s]
em: 0.1186, f1: 0.1197, loss: 6585098.6849 ||:  24%|##3       | 968/4104 [02:53<09:19,  5.60it/s]
em: 0.1182, f1: 0.1193, loss: 6589024.9334 ||:  25%|##4       | 1025/4104 [03:03<09:07,  5.63it/s]
em: 0.1182, f1: 0.1193, loss: 6600046.7537 ||:  26%|##6       | 1082/4104 [03:13<09:00,  5.60it/s]
em: 0.1178, f1: 0.1188, loss: 6612478.5710 ||:  28%|##7       | 1138/4104 [03:23<08:50,  5.59it/s]
em: 0.1194, f1: 0.1205, loss: 6593384.1267 ||:  29%|##9       | 1194/4104 [03:33<08:41,  5.58it/s]
em: 0.1201, f1: 0.1212, loss: 6587500.5444 ||:  30%|###       | 1250/4104 [03:43<08:33,  5.56it/s]
em: 0.1191, f1: 0.1202, loss: 6605092.4242 ||:  32%|###1      | 1306/4104 [03:53<08:22,  5.56it/s]
em: 0.1189, f1: 0.1200, loss: 6612518.8954 ||:  33%|###3      | 1362/4104 [04:03<08:13,  5.56it/s]
em: 0.1190, f1: 0.1201, loss: 6616273.4570 ||:  35%|###4      | 1418/4104 [04:14<08:04,  5.54it/s]
em: 0.1179, f1: 0.1190, loss: 6632298.5652 ||:  36%|###5      | 1473/4104 [04:24<07:58,  5.50it/s]
em: 0.1187, f1: 0.1197, loss: 6623610.7384 ||:  37%|###7      | 1529/4104 [04:34<07:47,  5.51it/s]
em: 0.1198, f1: 0.1207, loss: 6616488.5567 ||:  39%|###8      | 1586/4104 [04:44<07:33,  5.55it/s]
em: 0.1201, f1: 0.1211, loss: 6619750.9930 ||:  40%|####      | 1643/4104 [04:54<07:23,  5.55it/s]
em: 0.1208, f1: 0.1218, loss: 6609927.0096 ||:  41%|####1     | 1700/4104 [05:04<07:09,  5.59it/s]
em: 0.1209, f1: 0.1219, loss: 6603941.9183 ||:  43%|####2     | 1757/4104 [05:14<07:00,  5.58it/s]
em: 0.1209, f1: 0.1219, loss: 6601433.8371 ||:  44%|####4     | 1814/4104 [05:25<06:48,  5.60it/s]
em: 0.1212, f1: 0.1222, loss: 6595404.0680 ||:  46%|####5     | 1871/4104 [05:35<06:38,  5.60it/s]
em: 0.1212, f1: 0.1222, loss: 6593945.0436 ||:  47%|####6     | 1928/4104 [05:45<06:29,  5.59it/s]
em: 0.1206, f1: 0.1216, loss: 6595892.6787 ||:  48%|####8     | 1984/4104 [05:55<06:21,  5.56it/s]
em: 0.1209, f1: 0.1219, loss: 6584865.7400 ||:  50%|####9     | 2040/4104 [06:05<06:11,  5.56it/s]
em: 0.1210, f1: 0.1220, loss: 6577409.8980 ||:  51%|#####1    | 2096/4104 [06:15<06:01,  5.55it/s]
em: 0.1215, f1: 0.1225, loss: 6564823.9694 ||:  52%|#####2    | 2152/4104 [06:26<05:53,  5.52it/s]
em: 0.1213, f1: 0.1223, loss: 6564480.1873 ||:  54%|#####3    | 2210/4104 [06:36<05:39,  5.57it/s]
em: 0.1207, f1: 0.1217, loss: 6561949.4044 ||:  55%|#####5    | 2268/4104 [06:46<05:27,  5.60it/s]
em: 0.1207, f1: 0.1216, loss: 6552688.7252 ||:  57%|#####6    | 2325/4104 [06:56<05:17,  5.59it/s]
em: 0.1206, f1: 0.1216, loss: 6550955.6346 ||:  58%|#####8    | 2382/4104 [07:06<05:07,  5.61it/s]
em: 0.1208, f1: 0.1218, loss: 6554428.5977 ||:  59%|#####9    | 2439/4104 [07:17<04:57,  5.59it/s]
em: 0.1207, f1: 0.1217, loss: 6554744.3486 ||:  61%|######    | 2498/4104 [07:27<04:44,  5.65it/s]
em: 0.1208, f1: 0.1218, loss: 6551379.1229 ||:  62%|######2   | 2557/4104 [07:37<04:34,  5.63it/s]
em: 0.1209, f1: 0.1219, loss: 6554849.4446 ||:  64%|######3   | 2614/4104 [07:47<04:24,  5.64it/s]
em: 0.1208, f1: 0.1218, loss: 6552087.7878 ||:  65%|######5   | 2671/4104 [07:58<04:16,  5.59it/s]
em: 0.1205, f1: 0.1214, loss: 6551384.8607 ||:  66%|######6   | 2727/4104 [08:08<04:06,  5.59it/s]
em: 0.1202, f1: 0.1212, loss: 6555650.9309 ||:  68%|######7   | 2783/4104 [08:18<03:57,  5.56it/s]
em: 0.1206, f1: 0.1215, loss: 6553917.8070 ||:  69%|######9   | 2840/4104 [08:28<03:46,  5.59it/s]
em: 0.1203, f1: 0.1212, loss: 6555920.4685 ||:  71%|#######   | 2897/4104 [08:39<03:37,  5.55it/s]
em: 0.1204, f1: 0.1213, loss: 6559643.2862 ||:  72%|#######1  | 2953/4104 [08:49<03:27,  5.56it/s]
em: 0.1202, f1: 0.1211, loss: 6557619.3605 ||:  73%|#######3  | 3009/4104 [08:59<03:18,  5.50it/s]
em: 0.1204, f1: 0.1213, loss: 6552202.8350 ||:  75%|#######4  | 3065/4104 [09:09<03:08,  5.52it/s]
em: 0.1209, f1: 0.1217, loss: 6543175.8174 ||:  76%|#######6  | 3121/4104 [09:19<02:57,  5.54it/s]
em: 0.1208, f1: 0.1217, loss: 6543319.7225 ||:  77%|#######7  | 3177/4104 [09:29<02:47,  5.55it/s]
em: 0.1207, f1: 0.1216, loss: 6541628.5693 ||:  79%|#######8  | 3234/4104 [09:39<02:35,  5.58it/s]
em: 0.1208, f1: 0.1217, loss: 6536957.4077 ||:  80%|########  | 3291/4104 [09:49<02:25,  5.58it/s]
em: 0.1211, f1: 0.1220, loss: 6531325.2283 ||:  82%|########1 | 3348/4104 [09:59<02:14,  5.61it/s]
em: 0.1212, f1: 0.1222, loss: 6527717.1522 ||:  83%|########2 | 3405/4104 [10:10<02:04,  5.60it/s]
em: 0.1210, f1: 0.1219, loss: 6531530.4634 ||:  84%|########4 | 3461/4104 [10:20<01:55,  5.56it/s]
em: 0.1209, f1: 0.1218, loss: 6531765.7661 ||:  86%|########5 | 3518/4104 [10:30<01:44,  5.59it/s]
em: 0.1211, f1: 0.1220, loss: 6532518.0408 ||:  87%|########7 | 3575/4104 [10:40<01:35,  5.56it/s]
em: 0.1212, f1: 0.1221, loss: 6530244.1599 ||:  89%|########8 | 3633/4104 [10:50<01:23,  5.61it/s]
em: 0.1211, f1: 0.1220, loss: 6532783.0020 ||:  90%|########9 | 3691/4104 [11:01<01:13,  5.58it/s]
em: 0.1211, f1: 0.1220, loss: 6533560.7398 ||:  91%|#########1| 3747/4104 [11:11<01:03,  5.58it/s]
em: 0.1209, f1: 0.1218, loss: 6538095.4815 ||:  93%|#########2| 3803/4104 [11:21<00:54,  5.54it/s]
em: 0.1202, f1: 0.1212, loss: 6550110.6870 ||:  94%|#########4| 3859/4104 [11:32<00:44,  5.53it/s]
em: 0.1192, f1: 0.1201, loss: 6570480.6333 ||:  95%|#########5| 3916/4104 [11:42<00:33,  5.58it/s]
em: 0.1183, f1: 0.1192, loss: 6587434.4782 ||:  97%|#########6| 3973/4104 [11:52<00:23,  5.57it/s]
em: 0.1173, f1: 0.1182, loss: 6606168.3286 ||:  98%|#########8| 4029/4104 [12:02<00:13,  5.56it/s]
em: 0.1163, f1: 0.1173, loss: 6622217.3271 ||: 100%|#########9| 4087/4104 [12:12<00:03,  5.62it/s]
em: 0.1156, f1: 0.1165, loss: 6635253.8574 ||: : 4145it [12:23,  5.53it/s]                        
em: 0.1154, f1: 0.1163, loss: 6639210.0950 ||: : 4158it [12:25,  5.58it/s]

  0%|          | 0/376 [00:00<?, ?it/s]
em: 0.1452, f1: 0.1455, loss: 6250000.6239 ||:  32%|###1      | 119/376 [00:10<00:21, 11.86it/s]
em: 0.1444, f1: 0.1445, loss: 6045168.7500 ||:  63%|######3   | 238/376 [00:20<00:11, 11.81it/s]
em: 0.1196, f1: 0.1197, loss: 6577953.8716 ||:  97%|#########6| 364/376 [00:30<00:00, 12.01it/s]
em: 0.1182, f1: 0.1183, loss: 6563320.7920 ||: : 381it [00:31, 11.92it/s]                       

  0%|          | 0/4104 [00:00<?, ?it/s]
em: 0.1102, f1: 0.1102, loss: 6462054.1518 ||:   1%|1         | 56/4104 [00:10<12:10,  5.54it/s]
em: 0.1093, f1: 0.1095, loss: 6587389.9358 ||:   3%|2         | 113/4104 [00:20<11:57,  5.56it/s]
em: 0.1120, f1: 0.1130, loss: 6639706.4324 ||:   4%|4         | 170/4104 [00:30<11:46,  5.57it/s]
em: 0.1155, f1: 0.1164, loss: 6584624.4452 ||:   6%|5         | 226/4104 [00:40<11:35,  5.57it/s]
em: 0.1147, f1: 0.1157, loss: 6669611.8326 ||:   7%|6         | 283/4104 [00:50<11:21,  5.61it/s]
em: 0.1194, f1: 0.1203, loss: 6615809.3629 ||:   8%|8         | 340/4104 [01:01<11:18,  5.54it/s]
em: 0.1200, f1: 0.1210, loss: 6545139.4549 ||:  10%|9         | 396/4104 [01:11<11:08,  5.55it/s]
em: 0.1183, f1: 0.1193, loss: 6599062.3662 ||:  11%|#1        | 453/4104 [01:21<10:53,  5.58it/s]
em: 0.1176, f1: 0.1186, loss: 6636029.9561 ||:  12%|#2        | 510/4104 [01:31<10:41,  5.60it/s]
em: 0.1179, f1: 0.1190, loss: 6623677.7855 ||:  14%|#3        | 567/4104 [01:41<10:29,  5.62it/s]
em: 0.1193, f1: 0.1204, loss: 6613582.2626 ||:  15%|#5        | 624/4104 [01:51<10:23,  5.58it/s]
em: 0.1199, f1: 0.1212, loss: 6614890.2325 ||:  17%|#6        | 680/4104 [02:01<10:13,  5.58it/s]
em: 0.1196, f1: 0.1208, loss: 6615502.5670 ||:  18%|#7        | 737/4104 [02:11<10:02,  5.59it/s]
em: 0.1206, f1: 0.1218, loss: 6590838.0694 ||:  19%|#9        | 794/4104 [02:22<09:53,  5.58it/s]
em: 0.1199, f1: 0.1211, loss: 6610916.0286 ||:  21%|##        | 852/4104 [02:32<09:37,  5.63it/s]
em: 0.1215, f1: 0.1226, loss: 6594780.7567 ||:  22%|##2       | 910/4104 [02:42<09:32,  5.58it/s]
em: 0.1202, f1: 0.1214, loss: 6585792.4657 ||:  24%|##3       | 966/4104 [02:52<09:23,  5.57it/s]
em: 0.1200, f1: 0.1211, loss: 6590298.6851 ||:  25%|##4       | 1023/4104 [03:02<09:09,  5.61it/s]
em: 0.1200, f1: 0.1211, loss: 6595486.6503 ||:  26%|##6       | 1080/4104 [03:13<09:00,  5.59it/s]
em: 0.1200, f1: 0.1212, loss: 6606750.7552 ||:  28%|##7       | 1137/4104 [03:23<08:50,  5.60it/s]
em: 0.1215, f1: 0.1226, loss: 6596001.3734 ||:  29%|##9       | 1194/4104 [03:33<08:41,  5.59it/s]
em: 0.1223, f1: 0.1234, loss: 6585000.5355 ||:  30%|###       | 1250/4104 [03:43<08:31,  5.58it/s]
em: 0.1218, f1: 0.1229, loss: 6599349.6921 ||:  32%|###1      | 1306/4104 [03:53<08:22,  5.56it/s]
em: 0.1205, f1: 0.1216, loss: 6617755.4849 ||:  33%|###3      | 1363/4104 [04:03<08:10,  5.58it/s]
em: 0.1201, f1: 0.1212, loss: 6618838.5594 ||:  35%|###4      | 1420/4104 [04:14<08:04,  5.54it/s]
em: 0.1197, f1: 0.1207, loss: 6631780.1887 ||:  36%|###5      | 1475/4104 [04:24<07:56,  5.52it/s]
em: 0.1199, f1: 0.1209, loss: 6623939.1309 ||:  37%|###7      | 1531/4104 [04:34<07:46,  5.52it/s]
em: 0.1207, f1: 0.1216, loss: 6621303.2328 ||:  39%|###8      | 1589/4104 [04:44<07:30,  5.58it/s]
em: 0.1209, f1: 0.1218, loss: 6623027.2422 ||:  40%|####      | 1647/4104 [04:55<07:21,  5.57it/s]
em: 0.1212, f1: 0.1221, loss: 6612016.3765 ||:  42%|####1     | 1704/4104 [05:05<07:09,  5.59it/s]
em: 0.1214, f1: 0.1224, loss: 6603847.7797 ||:  43%|####2     | 1761/4104 [05:15<06:57,  5.61it/s]
em: 0.1217, f1: 0.1226, loss: 6603067.0900 ||:  44%|####4     | 1818/4104 [05:25<06:48,  5.59it/s]
em: 0.1220, f1: 0.1229, loss: 6597519.2110 ||:  46%|####5     | 1874/4104 [05:35<06:39,  5.59it/s]
em: 0.1218, f1: 0.1228, loss: 6596179.2927 ||:  47%|####7     | 1930/4104 [05:46<06:32,  5.54it/s]
em: 0.1209, f1: 0.1219, loss: 6595718.4236 ||:  48%|####8     | 1985/4104 [05:56<06:23,  5.53it/s]
em: 0.1214, f1: 0.1223, loss: 6588988.7823 ||:  50%|####9     | 2041/4104 [06:06<06:12,  5.54it/s]
em: 0.1215, f1: 0.1224, loss: 6580532.2552 ||:  51%|#####1    | 2097/4104 [06:16<06:02,  5.54it/s]
em: 0.1220, f1: 0.1229, loss: 6568451.5450 ||:  52%|#####2    | 2153/4104 [06:26<05:52,  5.53it/s]
em: 0.1218, f1: 0.1228, loss: 6565471.3473 ||:  54%|#####3    | 2209/4104 [06:36<05:41,  5.55it/s]
em: 0.1217, f1: 0.1227, loss: 6567600.8989 ||:  55%|#####5    | 2267/4104 [06:46<05:27,  5.61it/s]
em: 0.1218, f1: 0.1227, loss: 6553226.3551 ||:  57%|#####6    | 2325/4104 [06:57<05:19,  5.56it/s]
em: 0.1215, f1: 0.1225, loss: 6551869.5121 ||:  58%|#####8    | 2381/4104 [07:07<05:09,  5.57it/s]
em: 0.1220, f1: 0.1229, loss: 6558012.4467 ||:  59%|#####9    | 2437/4104 [07:17<05:00,  5.55it/s]
em: 0.1216, f1: 0.1225, loss: 6559493.3297 ||:  61%|######    | 2494/4104 [07:27<04:47,  5.59it/s]
em: 0.1220, f1: 0.1229, loss: 6552577.9686 ||:  62%|######2   | 2551/4104 [07:37<04:37,  5.60it/s]
em: 0.1219, f1: 0.1228, loss: 6556509.3653 ||:  64%|######3   | 2608/4104 [07:47<04:26,  5.61it/s]
em: 0.1220, f1: 0.1229, loss: 6555347.6386 ||:  65%|######4   | 2665/4104 [07:57<04:17,  5.58it/s]
em: 0.1219, f1: 0.1228, loss: 6557332.4085 ||:  66%|######6   | 2721/4104 [08:08<04:08,  5.56it/s]
em: 0.1216, f1: 0.1225, loss: 6563738.3903 ||:  68%|######7   | 2777/4104 [08:18<03:58,  5.56it/s]
em: 0.1220, f1: 0.1229, loss: 6558860.4098 ||:  69%|######9   | 2833/4104 [08:28<03:49,  5.54it/s]
em: 0.1220, f1: 0.1229, loss: 6560228.9962 ||:  70%|#######   | 2889/4104 [08:38<03:40,  5.51it/s]
em: 0.1219, f1: 0.1228, loss: 6563136.9969 ||:  72%|#######1  | 2946/4104 [08:48<03:29,  5.54it/s]
em: 0.1221, f1: 0.1229, loss: 6560731.4774 ||:  73%|#######3  | 3003/4104 [08:59<03:20,  5.50it/s]
em: 0.1223, f1: 0.1232, loss: 6550548.1070 ||:  75%|#######4  | 3059/4104 [09:09<03:09,  5.52it/s]
em: 0.1226, f1: 0.1234, loss: 6546053.1740 ||:  76%|#######5  | 3116/4104 [09:19<02:58,  5.55it/s]
em: 0.1224, f1: 0.1233, loss: 6547431.9948 ||:  77%|#######7  | 3173/4104 [09:29<02:48,  5.54it/s]
em: 0.1224, f1: 0.1233, loss: 6543731.1928 ||:  79%|#######8  | 3230/4104 [09:39<02:36,  5.58it/s]
em: 0.1225, f1: 0.1233, loss: 6539208.0276 ||:  80%|########  | 3287/4104 [09:50<02:25,  5.60it/s]
em: 0.1226, f1: 0.1235, loss: 6532970.0422 ||:  81%|########1 | 3344/4104 [10:00<02:15,  5.62it/s]
em: 0.1230, f1: 0.1238, loss: 6528778.8467 ||:  83%|########2 | 3401/4104 [10:10<02:05,  5.59it/s]
em: 0.1229, f1: 0.1238, loss: 6535291.2604 ||:  84%|########4 | 3457/4104 [10:20<01:56,  5.57it/s]
em: 0.1230, f1: 0.1239, loss: 6535547.0866 ||:  86%|########5 | 3513/4104 [10:30<01:46,  5.56it/s]
em: 0.1233, f1: 0.1242, loss: 6534139.2007 ||:  87%|########6 | 3570/4104 [10:40<01:35,  5.57it/s]
em: 0.1234, f1: 0.1243, loss: 6534498.7527 ||:  88%|########8 | 3627/4104 [10:51<01:25,  5.58it/s]
em: 0.1234, f1: 0.1243, loss: 6533397.2320 ||:  90%|########9 | 3683/4104 [11:01<01:15,  5.58it/s]
em: 0.1232, f1: 0.1241, loss: 6536340.4748 ||:  91%|#########1| 3739/4104 [11:11<01:05,  5.56it/s]
em: 0.1231, f1: 0.1240, loss: 6539361.5436 ||:  92%|#########2| 3795/4104 [11:21<00:55,  5.54it/s]
em: 0.1225, f1: 0.1234, loss: 6550084.9338 ||:  94%|#########3| 3851/4104 [11:31<00:45,  5.53it/s]
em: 0.1215, f1: 0.1224, loss: 6570017.1695 ||:  95%|#########5| 3908/4104 [11:41<00:35,  5.56it/s]
em: 0.1206, f1: 0.1215, loss: 6587484.7712 ||:  97%|#########6| 3965/4104 [11:51<00:25,  5.55it/s]
em: 0.1196, f1: 0.1205, loss: 6604856.2888 ||:  98%|#########7| 4021/4104 [12:02<00:14,  5.54it/s]
em: 0.1186, f1: 0.1195, loss: 6620893.1233 ||:  99%|#########9| 4078/4104 [12:12<00:04,  5.56it/s]
em: 0.1179, f1: 0.1188, loss: 6634371.7491 ||: : 4135it [12:22,  5.53it/s]                        
em: 0.1175, f1: 0.1184, loss: 6640312.3752 ||: : 4158it [12:26,  5.57it/s]

  0%|          | 0/376 [00:00<?, ?it/s]
em: 0.1400, f1: 0.1400, loss: 6260593.8268 ||:  31%|###1      | 118/376 [00:10<00:21, 11.79it/s]
em: 0.1475, f1: 0.1477, loss: 6027543.0448 ||:  63%|######2   | 236/376 [00:20<00:11, 11.75it/s]
em: 0.1205, f1: 0.1205, loss: 6581492.2850 ||:  96%|#########6| 362/376 [00:30<00:01, 11.97it/s]
em: 0.1194, f1: 0.1194, loss: 6563320.7938 ||: : 381it [00:32, 11.89it/s]                       

