2019-05-21 12:52:37,992 - INFO - allennlp.common.params - evaluate_on_test = False
2019-05-21 12:52:37,993 - INFO - allennlp.common.from_params - instantiating class <class 'allennlp.data.dataset_readers.dataset_reader.DatasetReader'> from params {'instance_format': 'drop', 'passage_length_limit': 200, 'question_length_limit': 50, 'skip_when_all_empty': ['passage_span', 'question_span', 'addition_subtraction', 'counting'], 'token_indexers': {'token_characters': {'min_padding_length': 5, 'type': 'characters'}, 'tokens': {'lowercase_tokens': True, 'type': 'single_id'}}, 'type': 'drop'} and extras set()
2019-05-21 12:52:37,993 - INFO - allennlp.common.params - dataset_reader.type = drop
2019-05-21 12:52:37,994 - INFO - allennlp.common.from_params - instantiating class <class 'allennlp.data.dataset_readers.reading_comprehension.drop.DropReader'> from params {'instance_format': 'drop', 'passage_length_limit': 200, 'question_length_limit': 50, 'skip_when_all_empty': ['passage_span', 'question_span', 'addition_subtraction', 'counting'], 'token_indexers': {'token_characters': {'min_padding_length': 5, 'type': 'characters'}, 'tokens': {'lowercase_tokens': True, 'type': 'single_id'}}} and extras set()
2019-05-21 12:52:37,994 - INFO - allennlp.common.from_params - instantiating class allennlp.data.token_indexers.token_indexer.TokenIndexer from params {'min_padding_length': 5, 'type': 'characters'} and extras set()
2019-05-21 12:52:37,995 - INFO - allennlp.common.params - dataset_reader.token_indexers.token_characters.type = characters
2019-05-21 12:52:37,995 - INFO - allennlp.common.from_params - instantiating class allennlp.data.token_indexers.token_characters_indexer.TokenCharactersIndexer from params {'min_padding_length': 5} and extras set()
2019-05-21 12:52:37,995 - INFO - allennlp.common.params - dataset_reader.token_indexers.token_characters.namespace = token_characters
2019-05-21 12:52:37,996 - INFO - allennlp.common.params - dataset_reader.token_indexers.token_characters.start_tokens = None
2019-05-21 12:52:37,996 - INFO - allennlp.common.params - dataset_reader.token_indexers.token_characters.end_tokens = None
2019-05-21 12:52:37,996 - INFO - allennlp.common.params - dataset_reader.token_indexers.token_characters.min_padding_length = 5
2019-05-21 12:52:37,996 - INFO - allennlp.common.from_params - instantiating class allennlp.data.token_indexers.token_indexer.TokenIndexer from params {'lowercase_tokens': True, 'type': 'single_id'} and extras set()
2019-05-21 12:52:37,997 - INFO - allennlp.common.params - dataset_reader.token_indexers.tokens.type = single_id
2019-05-21 12:52:37,997 - INFO - allennlp.common.from_params - instantiating class allennlp.data.token_indexers.single_id_token_indexer.SingleIdTokenIndexer from params {'lowercase_tokens': True} and extras set()
2019-05-21 12:52:37,997 - INFO - allennlp.common.params - dataset_reader.token_indexers.tokens.namespace = tokens
2019-05-21 12:52:37,998 - INFO - allennlp.common.params - dataset_reader.token_indexers.tokens.lowercase_tokens = True
2019-05-21 12:52:37,998 - INFO - allennlp.common.params - dataset_reader.token_indexers.tokens.start_tokens = None
2019-05-21 12:52:37,998 - INFO - allennlp.common.params - dataset_reader.token_indexers.tokens.end_tokens = None
2019-05-21 12:52:37,998 - INFO - allennlp.common.params - dataset_reader.lazy = False
2019-05-21 12:52:37,998 - INFO - allennlp.common.params - dataset_reader.passage_length_limit = 200
2019-05-21 12:52:37,999 - INFO - allennlp.common.params - dataset_reader.question_length_limit = 50
2019-05-21 12:52:37,999 - INFO - allennlp.common.params - dataset_reader.skip_when_all_empty = ['passage_span', 'question_span', 'addition_subtraction', 'counting']
2019-05-21 12:52:37,999 - INFO - allennlp.common.params - dataset_reader.instance_format = drop
2019-05-21 12:52:37,999 - INFO - allennlp.common.params - dataset_reader.relaxed_span_match_for_finding_labels = True
2019-05-21 12:52:38,403 - INFO - allennlp.training.util - Using a separate dataset reader to load validation and test data.
2019-05-21 12:52:38,403 - INFO - allennlp.common.from_params - instantiating class <class 'allennlp.data.dataset_readers.dataset_reader.DatasetReader'> from params {'instance_format': 'drop', 'passage_length_limit': 500, 'question_length_limit': 100, 'skip_when_all_empty': [], 'token_indexers': {'token_characters': {'min_padding_length': 5, 'type': 'characters'}, 'tokens': {'lowercase_tokens': True, 'type': 'single_id'}}, 'type': 'drop'} and extras set()
2019-05-21 12:52:38,403 - INFO - allennlp.common.params - validation_dataset_reader.type = drop
2019-05-21 12:52:38,403 - INFO - allennlp.common.from_params - instantiating class <class 'allennlp.data.dataset_readers.reading_comprehension.drop.DropReader'> from params {'instance_format': 'drop', 'passage_length_limit': 500, 'question_length_limit': 100, 'skip_when_all_empty': [], 'token_indexers': {'token_characters': {'min_padding_length': 5, 'type': 'characters'}, 'tokens': {'lowercase_tokens': True, 'type': 'single_id'}}} and extras set()
2019-05-21 12:52:38,404 - INFO - allennlp.common.from_params - instantiating class allennlp.data.token_indexers.token_indexer.TokenIndexer from params {'min_padding_length': 5, 'type': 'characters'} and extras set()
2019-05-21 12:52:38,404 - INFO - allennlp.common.params - validation_dataset_reader.token_indexers.token_characters.type = characters
2019-05-21 12:52:38,404 - INFO - allennlp.common.from_params - instantiating class allennlp.data.token_indexers.token_characters_indexer.TokenCharactersIndexer from params {'min_padding_length': 5} and extras set()
2019-05-21 12:52:38,404 - INFO - allennlp.common.params - validation_dataset_reader.token_indexers.token_characters.namespace = token_characters
2019-05-21 12:52:38,404 - INFO - allennlp.common.params - validation_dataset_reader.token_indexers.token_characters.start_tokens = None
2019-05-21 12:52:38,404 - INFO - allennlp.common.params - validation_dataset_reader.token_indexers.token_characters.end_tokens = None
2019-05-21 12:52:38,404 - INFO - allennlp.common.params - validation_dataset_reader.token_indexers.token_characters.min_padding_length = 5
2019-05-21 12:52:38,404 - INFO - allennlp.common.from_params - instantiating class allennlp.data.token_indexers.token_indexer.TokenIndexer from params {'lowercase_tokens': True, 'type': 'single_id'} and extras set()
2019-05-21 12:52:38,404 - INFO - allennlp.common.params - validation_dataset_reader.token_indexers.tokens.type = single_id
2019-05-21 12:52:38,405 - INFO - allennlp.common.from_params - instantiating class allennlp.data.token_indexers.single_id_token_indexer.SingleIdTokenIndexer from params {'lowercase_tokens': True} and extras set()
2019-05-21 12:52:38,405 - INFO - allennlp.common.params - validation_dataset_reader.token_indexers.tokens.namespace = tokens
2019-05-21 12:52:38,405 - INFO - allennlp.common.params - validation_dataset_reader.token_indexers.tokens.lowercase_tokens = True
2019-05-21 12:52:38,405 - INFO - allennlp.common.params - validation_dataset_reader.token_indexers.tokens.start_tokens = None
2019-05-21 12:52:38,405 - INFO - allennlp.common.params - validation_dataset_reader.token_indexers.tokens.end_tokens = None
2019-05-21 12:52:38,405 - INFO - allennlp.common.params - validation_dataset_reader.lazy = False
2019-05-21 12:52:38,405 - INFO - allennlp.common.params - validation_dataset_reader.passage_length_limit = 500
2019-05-21 12:52:38,405 - INFO - allennlp.common.params - validation_dataset_reader.question_length_limit = 100
2019-05-21 12:52:38,405 - INFO - allennlp.common.params - validation_dataset_reader.skip_when_all_empty = []
2019-05-21 12:52:38,405 - INFO - allennlp.common.params - validation_dataset_reader.instance_format = drop
2019-05-21 12:52:38,405 - INFO - allennlp.common.params - validation_dataset_reader.relaxed_span_match_for_finding_labels = True
2019-05-21 12:52:38,405 - INFO - allennlp.common.params - train_data_path = drop_dataset/drop_dataset_train.json
2019-05-21 12:52:38,406 - INFO - allennlp.training.util - Reading training data from drop_dataset/drop_dataset_train.json
2019-05-21 12:52:38,407 - INFO - allennlp.data.dataset_readers.reading_comprehension.drop - Reading file at drop_dataset/drop_dataset_train.json
2019-05-21 12:52:39,855 - INFO - allennlp.data.dataset_readers.reading_comprehension.drop - Reading the dataset
2019-05-21 12:54:39,287 - INFO - allennlp.data.dataset_readers.reading_comprehension.drop - Skipped 11757 questions, kept 65652 questions.
2019-05-21 12:54:39,306 - INFO - allennlp.common.params - validation_data_path = drop_dataset/drop_dataset_dev_no_span.json
2019-05-21 12:54:39,306 - INFO - allennlp.training.util - Reading validation data from drop_dataset/drop_dataset_dev_no_span.json
2019-05-21 12:54:39,308 - INFO - allennlp.data.dataset_readers.reading_comprehension.drop - Reading file at drop_dataset/drop_dataset_dev_no_span.json
2019-05-21 12:54:39,358 - INFO - allennlp.data.dataset_readers.reading_comprehension.drop - Reading the dataset
2019-05-21 12:54:50,509 - INFO - allennlp.data.dataset_readers.reading_comprehension.drop - Skipped 0 questions, kept 6007 questions.
2019-05-21 12:54:50,512 - INFO - allennlp.common.params - test_data_path = None
2019-05-21 12:54:50,512 - INFO - allennlp.training.trainer - From dataset instances, train, validation will be considered for vocabulary creation.
2019-05-21 12:54:50,513 - INFO - allennlp.common.params - vocabulary.type = None
2019-05-21 12:54:50,513 - INFO - allennlp.common.params - vocabulary.extend = False
2019-05-21 12:54:50,513 - INFO - allennlp.common.params - vocabulary.directory_path = None
2019-05-21 12:54:50,513 - INFO - allennlp.common.params - vocabulary.max_vocab_size = None
2019-05-21 12:54:50,513 - INFO - allennlp.common.params - vocabulary.non_padded_namespaces = ('*tags', '*labels')
2019-05-21 12:54:50,513 - INFO - allennlp.common.params - vocabulary.min_pretrained_embeddings = None
2019-05-21 12:54:50,513 - INFO - allennlp.common.params - vocabulary.only_include_pretrained_words = True
2019-05-21 12:54:50,513 - INFO - allennlp.common.params - vocabulary.tokens_to_add = None
2019-05-21 12:54:50,513 - INFO - allennlp.data.vocabulary - Fitting token dictionary from dataset.
2019-05-21 12:56:13,166 - INFO - allennlp.data.vocabulary - Reading pretrained tokens from: https://s3-us-west-2.amazonaws.com/allennlp/datasets/glove/glove.840B.300d.lower.converted.zip
2019-05-21 12:56:49,993 - INFO - allennlp.common.from_params - instantiating class <class 'allennlp.models.model.Model'> from params {'answering_abilities': ['counting'], 'dropout_prob': 0.1, 'matrix_attention_layer': {'combination': 'x,y,x*y', 'tensor_1_dim': 128, 'tensor_2_dim': 128, 'type': 'linear'}, 'modeling_layer': {'attention_dropout_prob': 0, 'attention_projection_dim': 128, 'conv_kernel_size': 5, 'dropout_prob': 0.1, 'feedforward_hidden_dim': 128, 'hidden_dim': 128, 'input_dim': 128, 'layer_dropout_undecayed_prob': 0.1, 'num_attention_heads': 8, 'num_blocks': 1, 'num_convs_per_block': 2, 'type': 'qanet_encoder'}, 'num_highway_layers': 2, 'phrase_layer': {'attention_dropout_prob': 0, 'attention_projection_dim': 128, 'conv_kernel_size': 7, 'dropout_prob': 0.1, 'feedforward_hidden_dim': 128, 'hidden_dim': 128, 'input_dim': 128, 'layer_dropout_undecayed_prob': 0.1, 'num_attention_heads': 8, 'num_blocks': 1, 'num_convs_per_block': 4, 'type': 'qanet_encoder'}, 'regularizer': [['.*', {'alpha': 1e-07, 'type': 'l2'}]], 'text_field_embedder': {'token_embedders': {'token_characters': {'embedding': {'embedding_dim': 64}, 'encoder': {'embedding_dim': 64, 'ngram_filter_sizes': [5], 'num_filters': 200, 'type': 'cnn'}, 'type': 'character_encoding'}, 'tokens': {'embedding_dim': 300, 'pretrained_file': 'https://s3-us-west-2.amazonaws.com/allennlp/datasets/glove/glove.840B.300d.lower.converted.zip', 'trainable': False, 'type': 'embedding'}}}, 'type': 'naqanet'} and extras {'vocab'}
2019-05-21 12:56:49,994 - INFO - allennlp.common.params - model.type = naqanet
2019-05-21 12:56:49,994 - INFO - allennlp.common.from_params - instantiating class <class 'allennlp.models.reading_comprehension.naqanet.NumericallyAugmentedQaNet'> from params {'answering_abilities': ['counting'], 'dropout_prob': 0.1, 'matrix_attention_layer': {'combination': 'x,y,x*y', 'tensor_1_dim': 128, 'tensor_2_dim': 128, 'type': 'linear'}, 'modeling_layer': {'attention_dropout_prob': 0, 'attention_projection_dim': 128, 'conv_kernel_size': 5, 'dropout_prob': 0.1, 'feedforward_hidden_dim': 128, 'hidden_dim': 128, 'input_dim': 128, 'layer_dropout_undecayed_prob': 0.1, 'num_attention_heads': 8, 'num_blocks': 1, 'num_convs_per_block': 2, 'type': 'qanet_encoder'}, 'num_highway_layers': 2, 'phrase_layer': {'attention_dropout_prob': 0, 'attention_projection_dim': 128, 'conv_kernel_size': 7, 'dropout_prob': 0.1, 'feedforward_hidden_dim': 128, 'hidden_dim': 128, 'input_dim': 128, 'layer_dropout_undecayed_prob': 0.1, 'num_attention_heads': 8, 'num_blocks': 1, 'num_convs_per_block': 4, 'type': 'qanet_encoder'}, 'regularizer': [['.*', {'alpha': 1e-07, 'type': 'l2'}]], 'text_field_embedder': {'token_embedders': {'token_characters': {'embedding': {'embedding_dim': 64}, 'encoder': {'embedding_dim': 64, 'ngram_filter_sizes': [5], 'num_filters': 200, 'type': 'cnn'}, 'type': 'character_encoding'}, 'tokens': {'embedding_dim': 300, 'pretrained_file': 'https://s3-us-west-2.amazonaws.com/allennlp/datasets/glove/glove.840B.300d.lower.converted.zip', 'trainable': False, 'type': 'embedding'}}}} and extras {'vocab'}
2019-05-21 12:56:49,994 - INFO - allennlp.common.from_params - instantiating class <class 'allennlp.modules.text_field_embedders.text_field_embedder.TextFieldEmbedder'> from params {'token_embedders': {'token_characters': {'embedding': {'embedding_dim': 64}, 'encoder': {'embedding_dim': 64, 'ngram_filter_sizes': [5], 'num_filters': 200, 'type': 'cnn'}, 'type': 'character_encoding'}, 'tokens': {'embedding_dim': 300, 'pretrained_file': 'https://s3-us-west-2.amazonaws.com/allennlp/datasets/glove/glove.840B.300d.lower.converted.zip', 'trainable': False, 'type': 'embedding'}}} and extras {'vocab'}
2019-05-21 12:56:49,994 - INFO - allennlp.common.params - model.text_field_embedder.type = basic
2019-05-21 12:56:49,994 - INFO - allennlp.common.params - model.text_field_embedder.embedder_to_indexer_map = None
2019-05-21 12:56:49,994 - INFO - allennlp.common.params - model.text_field_embedder.allow_unmatched_keys = False
2019-05-21 12:56:49,994 - INFO - allennlp.common.from_params - instantiating class <class 'allennlp.modules.token_embedders.token_embedder.TokenEmbedder'> from params {'embedding': {'embedding_dim': 64}, 'encoder': {'embedding_dim': 64, 'ngram_filter_sizes': [5], 'num_filters': 200, 'type': 'cnn'}, 'type': 'character_encoding'} and extras {'vocab'}
2019-05-21 12:56:49,994 - INFO - allennlp.common.params - model.text_field_embedder.token_embedders.token_characters.type = character_encoding
2019-05-21 12:56:49,995 - INFO - allennlp.common.params - model.text_field_embedder.token_embedders.token_characters.embedding.num_embeddings = None
2019-05-21 12:56:49,995 - INFO - allennlp.common.params - model.text_field_embedder.token_embedders.token_characters.embedding.vocab_namespace = token_characters
2019-05-21 12:56:49,995 - INFO - allennlp.common.params - model.text_field_embedder.token_embedders.token_characters.embedding.embedding_dim = 64
2019-05-21 12:56:49,995 - INFO - allennlp.common.params - model.text_field_embedder.token_embedders.token_characters.embedding.pretrained_file = None
2019-05-21 12:56:49,995 - INFO - allennlp.common.params - model.text_field_embedder.token_embedders.token_characters.embedding.projection_dim = None
2019-05-21 12:56:49,995 - INFO - allennlp.common.params - model.text_field_embedder.token_embedders.token_characters.embedding.trainable = True
2019-05-21 12:56:49,995 - INFO - allennlp.common.params - model.text_field_embedder.token_embedders.token_characters.embedding.padding_index = None
2019-05-21 12:56:49,995 - INFO - allennlp.common.params - model.text_field_embedder.token_embedders.token_characters.embedding.max_norm = None
2019-05-21 12:56:49,995 - INFO - allennlp.common.params - model.text_field_embedder.token_embedders.token_characters.embedding.norm_type = 2.0
2019-05-21 12:56:49,995 - INFO - allennlp.common.params - model.text_field_embedder.token_embedders.token_characters.embedding.scale_grad_by_freq = False
2019-05-21 12:56:49,995 - INFO - allennlp.common.params - model.text_field_embedder.token_embedders.token_characters.embedding.sparse = False
2019-05-21 12:56:49,996 - INFO - allennlp.common.from_params - instantiating class <class 'allennlp.modules.seq2vec_encoders.seq2vec_encoder.Seq2VecEncoder'> from params {'embedding_dim': 64, 'ngram_filter_sizes': [5], 'num_filters': 200, 'type': 'cnn'} and extras set()
2019-05-21 12:56:49,996 - INFO - allennlp.common.params - model.text_field_embedder.token_embedders.token_characters.encoder.type = cnn
2019-05-21 12:56:49,996 - INFO - allennlp.common.from_params - instantiating class <class 'allennlp.modules.seq2vec_encoders.cnn_encoder.CnnEncoder'> from params {'embedding_dim': 64, 'ngram_filter_sizes': [5], 'num_filters': 200} and extras set()
2019-05-21 12:56:49,996 - INFO - allennlp.common.params - model.text_field_embedder.token_embedders.token_characters.encoder.embedding_dim = 64
2019-05-21 12:56:49,996 - INFO - allennlp.common.params - model.text_field_embedder.token_embedders.token_characters.encoder.num_filters = 200
2019-05-21 12:56:49,996 - INFO - allennlp.common.params - model.text_field_embedder.token_embedders.token_characters.encoder.ngram_filter_sizes = [5]
2019-05-21 12:56:49,996 - INFO - allennlp.common.params - model.text_field_embedder.token_embedders.token_characters.encoder.output_dim = None
2019-05-21 12:56:49,999 - INFO - allennlp.common.params - model.text_field_embedder.token_embedders.token_characters.dropout = 0.0
2019-05-21 12:56:49,999 - INFO - allennlp.common.from_params - instantiating class <class 'allennlp.modules.token_embedders.token_embedder.TokenEmbedder'> from params {'embedding_dim': 300, 'pretrained_file': 'https://s3-us-west-2.amazonaws.com/allennlp/datasets/glove/glove.840B.300d.lower.converted.zip', 'trainable': False, 'type': 'embedding'} and extras {'vocab'}
2019-05-21 12:56:49,999 - INFO - allennlp.common.params - model.text_field_embedder.token_embedders.tokens.type = embedding
2019-05-21 12:56:49,999 - INFO - allennlp.common.params - model.text_field_embedder.token_embedders.tokens.num_embeddings = None
2019-05-21 12:56:49,999 - INFO - allennlp.common.params - model.text_field_embedder.token_embedders.tokens.vocab_namespace = tokens
2019-05-21 12:56:49,999 - INFO - allennlp.common.params - model.text_field_embedder.token_embedders.tokens.embedding_dim = 300
2019-05-21 12:56:49,999 - INFO - allennlp.common.params - model.text_field_embedder.token_embedders.tokens.pretrained_file = https://s3-us-west-2.amazonaws.com/allennlp/datasets/glove/glove.840B.300d.lower.converted.zip
2019-05-21 12:56:50,000 - INFO - allennlp.common.params - model.text_field_embedder.token_embedders.tokens.projection_dim = None
2019-05-21 12:56:50,000 - INFO - allennlp.common.params - model.text_field_embedder.token_embedders.tokens.trainable = False
2019-05-21 12:56:50,000 - INFO - allennlp.common.params - model.text_field_embedder.token_embedders.tokens.padding_index = None
2019-05-21 12:56:50,000 - INFO - allennlp.common.params - model.text_field_embedder.token_embedders.tokens.max_norm = None
2019-05-21 12:56:50,000 - INFO - allennlp.common.params - model.text_field_embedder.token_embedders.tokens.norm_type = 2.0
2019-05-21 12:56:50,000 - INFO - allennlp.common.params - model.text_field_embedder.token_embedders.tokens.scale_grad_by_freq = False
2019-05-21 12:56:50,000 - INFO - allennlp.common.params - model.text_field_embedder.token_embedders.tokens.sparse = False
2019-05-21 12:56:50,002 - INFO - allennlp.modules.token_embedders.embedding - Reading pretrained embeddings from file
2019-05-21 12:57:29,218 - INFO - allennlp.modules.token_embedders.embedding - Initializing pre-trained embedding layer
2019-05-21 12:57:30,347 - INFO - allennlp.modules.token_embedders.embedding - Pretrained embeddings were found for 36655 out of 36657 tokens
2019-05-21 12:57:30,356 - INFO - allennlp.common.params - model.num_highway_layers = 2
2019-05-21 12:57:30,356 - INFO - allennlp.common.from_params - instantiating class <class 'allennlp.modules.seq2seq_encoders.seq2seq_encoder.Seq2SeqEncoder'> from params {'attention_dropout_prob': 0, 'attention_projection_dim': 128, 'conv_kernel_size': 7, 'dropout_prob': 0.1, 'feedforward_hidden_dim': 128, 'hidden_dim': 128, 'input_dim': 128, 'layer_dropout_undecayed_prob': 0.1, 'num_attention_heads': 8, 'num_blocks': 1, 'num_convs_per_block': 4, 'type': 'qanet_encoder'} and extras {'vocab'}
2019-05-21 12:57:30,356 - INFO - allennlp.common.params - model.phrase_layer.type = qanet_encoder
2019-05-21 12:57:30,357 - INFO - allennlp.common.from_params - instantiating class <class 'allennlp.modules.seq2seq_encoders.qanet_encoder.QaNetEncoder'> from params {'attention_dropout_prob': 0, 'attention_projection_dim': 128, 'conv_kernel_size': 7, 'dropout_prob': 0.1, 'feedforward_hidden_dim': 128, 'hidden_dim': 128, 'input_dim': 128, 'layer_dropout_undecayed_prob': 0.1, 'num_attention_heads': 8, 'num_blocks': 1, 'num_convs_per_block': 4} and extras {'vocab'}
2019-05-21 12:57:30,357 - INFO - allennlp.common.params - model.phrase_layer.input_dim = 128
2019-05-21 12:57:30,357 - INFO - allennlp.common.params - model.phrase_layer.hidden_dim = 128
2019-05-21 12:57:30,357 - INFO - allennlp.common.params - model.phrase_layer.attention_projection_dim = 128
2019-05-21 12:57:30,357 - INFO - allennlp.common.params - model.phrase_layer.feedforward_hidden_dim = 128
2019-05-21 12:57:30,357 - INFO - allennlp.common.params - model.phrase_layer.num_blocks = 1
2019-05-21 12:57:30,357 - INFO - allennlp.common.params - model.phrase_layer.num_convs_per_block = 4
2019-05-21 12:57:30,357 - INFO - allennlp.common.params - model.phrase_layer.conv_kernel_size = 7
2019-05-21 12:57:30,357 - INFO - allennlp.common.params - model.phrase_layer.num_attention_heads = 8
2019-05-21 12:57:30,357 - INFO - allennlp.common.params - model.phrase_layer.use_positional_encoding = True
2019-05-21 12:57:30,357 - INFO - allennlp.common.params - model.phrase_layer.dropout_prob = 0.1
2019-05-21 12:57:30,358 - INFO - allennlp.common.params - model.phrase_layer.layer_dropout_undecayed_prob = 0.1
2019-05-21 12:57:30,358 - INFO - allennlp.common.params - model.phrase_layer.attention_dropout_prob = 0
2019-05-21 12:57:30,362 - INFO - allennlp.common.from_params - instantiating class <class 'allennlp.modules.matrix_attention.matrix_attention.MatrixAttention'> from params {'combination': 'x,y,x*y', 'tensor_1_dim': 128, 'tensor_2_dim': 128, 'type': 'linear'} and extras {'vocab'}
2019-05-21 12:57:30,362 - INFO - allennlp.common.params - model.matrix_attention_layer.type = linear
2019-05-21 12:57:30,362 - INFO - allennlp.common.from_params - instantiating class <class 'allennlp.modules.matrix_attention.linear_matrix_attention.LinearMatrixAttention'> from params {'combination': 'x,y,x*y', 'tensor_1_dim': 128, 'tensor_2_dim': 128} and extras {'vocab'}
2019-05-21 12:57:30,362 - INFO - allennlp.common.params - model.matrix_attention_layer.tensor_1_dim = 128
2019-05-21 12:57:30,362 - INFO - allennlp.common.params - model.matrix_attention_layer.tensor_2_dim = 128
2019-05-21 12:57:30,362 - INFO - allennlp.common.params - model.matrix_attention_layer.combination = x,y,x*y
2019-05-21 12:57:30,363 - INFO - allennlp.common.from_params - instantiating class <class 'allennlp.modules.seq2seq_encoders.seq2seq_encoder.Seq2SeqEncoder'> from params {'attention_dropout_prob': 0, 'attention_projection_dim': 128, 'conv_kernel_size': 5, 'dropout_prob': 0.1, 'feedforward_hidden_dim': 128, 'hidden_dim': 128, 'input_dim': 128, 'layer_dropout_undecayed_prob': 0.1, 'num_attention_heads': 8, 'num_blocks': 1, 'num_convs_per_block': 2, 'type': 'qanet_encoder'} and extras {'vocab'}
2019-05-21 12:57:30,363 - INFO - allennlp.common.params - model.modeling_layer.type = qanet_encoder
2019-05-21 12:57:30,363 - INFO - allennlp.common.from_params - instantiating class <class 'allennlp.modules.seq2seq_encoders.qanet_encoder.QaNetEncoder'> from params {'attention_dropout_prob': 0, 'attention_projection_dim': 128, 'conv_kernel_size': 5, 'dropout_prob': 0.1, 'feedforward_hidden_dim': 128, 'hidden_dim': 128, 'input_dim': 128, 'layer_dropout_undecayed_prob': 0.1, 'num_attention_heads': 8, 'num_blocks': 1, 'num_convs_per_block': 2} and extras {'vocab'}
2019-05-21 12:57:30,363 - INFO - allennlp.common.params - model.modeling_layer.input_dim = 128
2019-05-21 12:57:30,363 - INFO - allennlp.common.params - model.modeling_layer.hidden_dim = 128
2019-05-21 12:57:30,363 - INFO - allennlp.common.params - model.modeling_layer.attention_projection_dim = 128
2019-05-21 12:57:30,363 - INFO - allennlp.common.params - model.modeling_layer.feedforward_hidden_dim = 128
2019-05-21 12:57:30,363 - INFO - allennlp.common.params - model.modeling_layer.num_blocks = 1
2019-05-21 12:57:30,364 - INFO - allennlp.common.params - model.modeling_layer.num_convs_per_block = 2
2019-05-21 12:57:30,364 - INFO - allennlp.common.params - model.modeling_layer.conv_kernel_size = 5
2019-05-21 12:57:30,364 - INFO - allennlp.common.params - model.modeling_layer.num_attention_heads = 8
2019-05-21 12:57:30,364 - INFO - allennlp.common.params - model.modeling_layer.use_positional_encoding = True
2019-05-21 12:57:30,364 - INFO - allennlp.common.params - model.modeling_layer.dropout_prob = 0.1
2019-05-21 12:57:30,364 - INFO - allennlp.common.params - model.modeling_layer.layer_dropout_undecayed_prob = 0.1
2019-05-21 12:57:30,364 - INFO - allennlp.common.params - model.modeling_layer.attention_dropout_prob = 0
2019-05-21 12:57:30,367 - INFO - allennlp.common.params - model.dropout_prob = 0.1
2019-05-21 12:57:30,367 - INFO - allennlp.common.params - model.regularizer = [['.*', {'alpha': 1e-07, 'type': 'l2'}]]
2019-05-21 12:57:30,367 - INFO - allennlp.common.params - model.regularizer.0.1.type = l2
2019-05-21 12:57:30,367 - INFO - allennlp.common.params - model.answering_abilities = ['counting']
2019-05-21 12:57:30,370 - INFO - allennlp.nn.initializers - Initializing parameters
2019-05-21 12:57:30,370 - INFO - allennlp.nn.initializers - Done initializing parameters; the following parameters are using their default initialization from their code
2019-05-21 12:57:30,371 - INFO - allennlp.nn.initializers -    _count_number_predictor._linear_layers.0.bias
2019-05-21 12:57:30,371 - INFO - allennlp.nn.initializers -    _count_number_predictor._linear_layers.0.weight
2019-05-21 12:57:30,371 - INFO - allennlp.nn.initializers -    _count_number_predictor._linear_layers.1.bias
2019-05-21 12:57:30,371 - INFO - allennlp.nn.initializers -    _count_number_predictor._linear_layers.1.weight
2019-05-21 12:57:30,371 - INFO - allennlp.nn.initializers -    _embedding_proj_layer.bias
2019-05-21 12:57:30,371 - INFO - allennlp.nn.initializers -    _embedding_proj_layer.weight
2019-05-21 12:57:30,371 - INFO - allennlp.nn.initializers -    _encoding_proj_layer.bias
2019-05-21 12:57:30,371 - INFO - allennlp.nn.initializers -    _encoding_proj_layer.weight
2019-05-21 12:57:30,371 - INFO - allennlp.nn.initializers -    _highway_layer._layers.0.bias
2019-05-21 12:57:30,371 - INFO - allennlp.nn.initializers -    _highway_layer._layers.0.weight
2019-05-21 12:57:30,371 - INFO - allennlp.nn.initializers -    _highway_layer._layers.1.bias
2019-05-21 12:57:30,371 - INFO - allennlp.nn.initializers -    _highway_layer._layers.1.weight
2019-05-21 12:57:30,371 - INFO - allennlp.nn.initializers -    _matrix_attention._bias
2019-05-21 12:57:30,371 - INFO - allennlp.nn.initializers -    _matrix_attention._weight_vector
2019-05-21 12:57:30,371 - INFO - allennlp.nn.initializers -    _modeling_layer.encoder_block_0._conv_layers.0.1.bias
2019-05-21 12:57:30,372 - INFO - allennlp.nn.initializers -    _modeling_layer.encoder_block_0._conv_layers.0.1.weight
2019-05-21 12:57:30,372 - INFO - allennlp.nn.initializers -    _modeling_layer.encoder_block_0._conv_layers.0.2.bias
2019-05-21 12:57:30,372 - INFO - allennlp.nn.initializers -    _modeling_layer.encoder_block_0._conv_layers.0.2.weight
2019-05-21 12:57:30,372 - INFO - allennlp.nn.initializers -    _modeling_layer.encoder_block_0._conv_layers.1.1.bias
2019-05-21 12:57:30,372 - INFO - allennlp.nn.initializers -    _modeling_layer.encoder_block_0._conv_layers.1.1.weight
2019-05-21 12:57:30,372 - INFO - allennlp.nn.initializers -    _modeling_layer.encoder_block_0._conv_layers.1.2.bias
2019-05-21 12:57:30,372 - INFO - allennlp.nn.initializers -    _modeling_layer.encoder_block_0._conv_layers.1.2.weight
2019-05-21 12:57:30,372 - INFO - allennlp.nn.initializers -    _modeling_layer.encoder_block_0._conv_norm_layers.0.bias
2019-05-21 12:57:30,372 - INFO - allennlp.nn.initializers -    _modeling_layer.encoder_block_0._conv_norm_layers.0.weight
2019-05-21 12:57:30,372 - INFO - allennlp.nn.initializers -    _modeling_layer.encoder_block_0._conv_norm_layers.1.bias
2019-05-21 12:57:30,372 - INFO - allennlp.nn.initializers -    _modeling_layer.encoder_block_0._conv_norm_layers.1.weight
2019-05-21 12:57:30,372 - INFO - allennlp.nn.initializers -    _modeling_layer.encoder_block_0.attention_layer._combined_projection.bias
2019-05-21 12:57:30,372 - INFO - allennlp.nn.initializers -    _modeling_layer.encoder_block_0.attention_layer._combined_projection.weight
2019-05-21 12:57:30,372 - INFO - allennlp.nn.initializers -    _modeling_layer.encoder_block_0.attention_layer._output_projection.bias
2019-05-21 12:57:30,372 - INFO - allennlp.nn.initializers -    _modeling_layer.encoder_block_0.attention_layer._output_projection.weight
2019-05-21 12:57:30,372 - INFO - allennlp.nn.initializers -    _modeling_layer.encoder_block_0.attention_norm_layer.bias
2019-05-21 12:57:30,372 - INFO - allennlp.nn.initializers -    _modeling_layer.encoder_block_0.attention_norm_layer.weight
2019-05-21 12:57:30,373 - INFO - allennlp.nn.initializers -    _modeling_layer.encoder_block_0.feedforward._linear_layers.0.bias
2019-05-21 12:57:30,373 - INFO - allennlp.nn.initializers -    _modeling_layer.encoder_block_0.feedforward._linear_layers.0.weight
2019-05-21 12:57:30,373 - INFO - allennlp.nn.initializers -    _modeling_layer.encoder_block_0.feedforward._linear_layers.1.bias
2019-05-21 12:57:30,373 - INFO - allennlp.nn.initializers -    _modeling_layer.encoder_block_0.feedforward._linear_layers.1.weight
2019-05-21 12:57:30,373 - INFO - allennlp.nn.initializers -    _modeling_layer.encoder_block_0.feedforward_norm_layer.bias
2019-05-21 12:57:30,373 - INFO - allennlp.nn.initializers -    _modeling_layer.encoder_block_0.feedforward_norm_layer.weight
2019-05-21 12:57:30,373 - INFO - allennlp.nn.initializers -    _modeling_proj_layer.bias
2019-05-21 12:57:30,373 - INFO - allennlp.nn.initializers -    _modeling_proj_layer.weight
2019-05-21 12:57:30,373 - INFO - allennlp.nn.initializers -    _passage_weights_predictor.bias
2019-05-21 12:57:30,373 - INFO - allennlp.nn.initializers -    _passage_weights_predictor.weight
2019-05-21 12:57:30,373 - INFO - allennlp.nn.initializers -    _phrase_layer.encoder_block_0._conv_layers.0.1.bias
2019-05-21 12:57:30,373 - INFO - allennlp.nn.initializers -    _phrase_layer.encoder_block_0._conv_layers.0.1.weight
2019-05-21 12:57:30,373 - INFO - allennlp.nn.initializers -    _phrase_layer.encoder_block_0._conv_layers.0.2.bias
2019-05-21 12:57:30,373 - INFO - allennlp.nn.initializers -    _phrase_layer.encoder_block_0._conv_layers.0.2.weight
2019-05-21 12:57:30,373 - INFO - allennlp.nn.initializers -    _phrase_layer.encoder_block_0._conv_layers.1.1.bias
2019-05-21 12:57:30,373 - INFO - allennlp.nn.initializers -    _phrase_layer.encoder_block_0._conv_layers.1.1.weight
2019-05-21 12:57:30,374 - INFO - allennlp.nn.initializers -    _phrase_layer.encoder_block_0._conv_layers.1.2.bias
2019-05-21 12:57:30,374 - INFO - allennlp.nn.initializers -    _phrase_layer.encoder_block_0._conv_layers.1.2.weight
2019-05-21 12:57:30,374 - INFO - allennlp.nn.initializers -    _phrase_layer.encoder_block_0._conv_layers.2.1.bias
2019-05-21 12:57:30,374 - INFO - allennlp.nn.initializers -    _phrase_layer.encoder_block_0._conv_layers.2.1.weight
2019-05-21 12:57:30,374 - INFO - allennlp.nn.initializers -    _phrase_layer.encoder_block_0._conv_layers.2.2.bias
2019-05-21 12:57:30,374 - INFO - allennlp.nn.initializers -    _phrase_layer.encoder_block_0._conv_layers.2.2.weight
2019-05-21 12:57:30,374 - INFO - allennlp.nn.initializers -    _phrase_layer.encoder_block_0._conv_layers.3.1.bias
2019-05-21 12:57:30,374 - INFO - allennlp.nn.initializers -    _phrase_layer.encoder_block_0._conv_layers.3.1.weight
2019-05-21 12:57:30,374 - INFO - allennlp.nn.initializers -    _phrase_layer.encoder_block_0._conv_layers.3.2.bias
2019-05-21 12:57:30,374 - INFO - allennlp.nn.initializers -    _phrase_layer.encoder_block_0._conv_layers.3.2.weight
2019-05-21 12:57:30,374 - INFO - allennlp.nn.initializers -    _phrase_layer.encoder_block_0._conv_norm_layers.0.bias
2019-05-21 12:57:30,374 - INFO - allennlp.nn.initializers -    _phrase_layer.encoder_block_0._conv_norm_layers.0.weight
2019-05-21 12:57:30,374 - INFO - allennlp.nn.initializers -    _phrase_layer.encoder_block_0._conv_norm_layers.1.bias
2019-05-21 12:57:30,374 - INFO - allennlp.nn.initializers -    _phrase_layer.encoder_block_0._conv_norm_layers.1.weight
2019-05-21 12:57:30,374 - INFO - allennlp.nn.initializers -    _phrase_layer.encoder_block_0._conv_norm_layers.2.bias
2019-05-21 12:57:30,374 - INFO - allennlp.nn.initializers -    _phrase_layer.encoder_block_0._conv_norm_layers.2.weight
2019-05-21 12:57:30,375 - INFO - allennlp.nn.initializers -    _phrase_layer.encoder_block_0._conv_norm_layers.3.bias
2019-05-21 12:57:30,375 - INFO - allennlp.nn.initializers -    _phrase_layer.encoder_block_0._conv_norm_layers.3.weight
2019-05-21 12:57:30,375 - INFO - allennlp.nn.initializers -    _phrase_layer.encoder_block_0.attention_layer._combined_projection.bias
2019-05-21 12:57:30,375 - INFO - allennlp.nn.initializers -    _phrase_layer.encoder_block_0.attention_layer._combined_projection.weight
2019-05-21 12:57:30,375 - INFO - allennlp.nn.initializers -    _phrase_layer.encoder_block_0.attention_layer._output_projection.bias
2019-05-21 12:57:30,375 - INFO - allennlp.nn.initializers -    _phrase_layer.encoder_block_0.attention_layer._output_projection.weight
2019-05-21 12:57:30,375 - INFO - allennlp.nn.initializers -    _phrase_layer.encoder_block_0.attention_norm_layer.bias
2019-05-21 12:57:30,375 - INFO - allennlp.nn.initializers -    _phrase_layer.encoder_block_0.attention_norm_layer.weight
2019-05-21 12:57:30,375 - INFO - allennlp.nn.initializers -    _phrase_layer.encoder_block_0.feedforward._linear_layers.0.bias
2019-05-21 12:57:30,375 - INFO - allennlp.nn.initializers -    _phrase_layer.encoder_block_0.feedforward._linear_layers.0.weight
2019-05-21 12:57:30,375 - INFO - allennlp.nn.initializers -    _phrase_layer.encoder_block_0.feedforward._linear_layers.1.bias
2019-05-21 12:57:30,375 - INFO - allennlp.nn.initializers -    _phrase_layer.encoder_block_0.feedforward._linear_layers.1.weight
2019-05-21 12:57:30,375 - INFO - allennlp.nn.initializers -    _phrase_layer.encoder_block_0.feedforward_norm_layer.bias
2019-05-21 12:57:30,375 - INFO - allennlp.nn.initializers -    _phrase_layer.encoder_block_0.feedforward_norm_layer.weight
2019-05-21 12:57:30,375 - INFO - allennlp.nn.initializers -    _question_weights_predictor.bias
2019-05-21 12:57:30,375 - INFO - allennlp.nn.initializers -    _question_weights_predictor.weight
2019-05-21 12:57:30,375 - INFO - allennlp.nn.initializers -    _text_field_embedder.token_embedder_token_characters._embedding._module.weight
2019-05-21 12:57:30,376 - INFO - allennlp.nn.initializers -    _text_field_embedder.token_embedder_token_characters._encoder._module.conv_layer_0.bias
2019-05-21 12:57:30,376 - INFO - allennlp.nn.initializers -    _text_field_embedder.token_embedder_token_characters._encoder._module.conv_layer_0.weight
2019-05-21 12:57:30,376 - INFO - allennlp.nn.initializers -    _text_field_embedder.token_embedder_tokens.weight
2019-05-21 12:57:30,494 - INFO - allennlp.common.from_params - instantiating class <class 'allennlp.data.iterators.data_iterator.DataIterator'> from params {'batch_size': 16, 'max_instances_in_memory': 600, 'sorting_keys': [['passage', 'num_tokens'], ['question', 'num_tokens']], 'type': 'bucket'} and extras set()
2019-05-21 12:57:30,494 - INFO - allennlp.common.params - iterator.type = bucket
2019-05-21 12:57:30,494 - INFO - allennlp.common.from_params - instantiating class <class 'allennlp.data.iterators.bucket_iterator.BucketIterator'> from params {'batch_size': 16, 'max_instances_in_memory': 600, 'sorting_keys': [['passage', 'num_tokens'], ['question', 'num_tokens']]} and extras set()
2019-05-21 12:57:30,494 - INFO - allennlp.common.params - iterator.sorting_keys = [['passage', 'num_tokens'], ['question', 'num_tokens']]
2019-05-21 12:57:30,494 - INFO - allennlp.common.params - iterator.padding_noise = 0.1
2019-05-21 12:57:30,494 - INFO - allennlp.common.params - iterator.biggest_batch_first = False
2019-05-21 12:57:30,494 - INFO - allennlp.common.params - iterator.batch_size = 16
2019-05-21 12:57:30,494 - INFO - allennlp.common.params - iterator.instances_per_epoch = None
2019-05-21 12:57:30,495 - INFO - allennlp.common.params - iterator.max_instances_in_memory = 600
2019-05-21 12:57:30,495 - INFO - allennlp.common.params - iterator.cache_instances = False
2019-05-21 12:57:30,495 - INFO - allennlp.common.params - iterator.track_epoch = False
2019-05-21 12:57:30,495 - INFO - allennlp.common.params - iterator.maximum_samples_per_batch = None
2019-05-21 12:57:30,495 - INFO - allennlp.common.params - validation_iterator = None
2019-05-21 12:57:30,495 - INFO - allennlp.common.params - trainer.no_grad = ()
2019-05-21 12:57:30,496 - INFO - allennlp.training.trainer - Following parameters are Frozen  (without gradient):
2019-05-21 12:57:30,496 - INFO - allennlp.training.trainer - _text_field_embedder.token_embedder_tokens.weight
2019-05-21 12:57:30,496 - INFO - allennlp.training.trainer - Following parameters are Tunable (with gradient):
2019-05-21 12:57:30,496 - INFO - allennlp.training.trainer - _text_field_embedder.token_embedder_token_characters._embedding._module.weight
2019-05-21 12:57:30,496 - INFO - allennlp.training.trainer - _text_field_embedder.token_embedder_token_characters._encoder._module.conv_layer_0.weight
2019-05-21 12:57:30,496 - INFO - allennlp.training.trainer - _text_field_embedder.token_embedder_token_characters._encoder._module.conv_layer_0.bias
2019-05-21 12:57:30,496 - INFO - allennlp.training.trainer - _embedding_proj_layer.weight
2019-05-21 12:57:30,496 - INFO - allennlp.training.trainer - _embedding_proj_layer.bias
2019-05-21 12:57:30,496 - INFO - allennlp.training.trainer - _highway_layer._layers.0.weight
2019-05-21 12:57:30,496 - INFO - allennlp.training.trainer - _highway_layer._layers.0.bias
2019-05-21 12:57:30,497 - INFO - allennlp.training.trainer - _highway_layer._layers.1.weight
2019-05-21 12:57:30,497 - INFO - allennlp.training.trainer - _highway_layer._layers.1.bias
2019-05-21 12:57:30,497 - INFO - allennlp.training.trainer - _encoding_proj_layer.weight
2019-05-21 12:57:30,497 - INFO - allennlp.training.trainer - _encoding_proj_layer.bias
2019-05-21 12:57:30,497 - INFO - allennlp.training.trainer - _phrase_layer.encoder_block_0._conv_norm_layers.0.weight
2019-05-21 12:57:30,497 - INFO - allennlp.training.trainer - _phrase_layer.encoder_block_0._conv_norm_layers.0.bias
2019-05-21 12:57:30,497 - INFO - allennlp.training.trainer - _phrase_layer.encoder_block_0._conv_norm_layers.1.weight
2019-05-21 12:57:30,497 - INFO - allennlp.training.trainer - _phrase_layer.encoder_block_0._conv_norm_layers.1.bias
2019-05-21 12:57:30,497 - INFO - allennlp.training.trainer - _phrase_layer.encoder_block_0._conv_norm_layers.2.weight
2019-05-21 12:57:30,497 - INFO - allennlp.training.trainer - _phrase_layer.encoder_block_0._conv_norm_layers.2.bias
2019-05-21 12:57:30,497 - INFO - allennlp.training.trainer - _phrase_layer.encoder_block_0._conv_norm_layers.3.weight
2019-05-21 12:57:30,497 - INFO - allennlp.training.trainer - _phrase_layer.encoder_block_0._conv_norm_layers.3.bias
2019-05-21 12:57:30,497 - INFO - allennlp.training.trainer - _phrase_layer.encoder_block_0._conv_layers.0.1.weight
2019-05-21 12:57:30,497 - INFO - allennlp.training.trainer - _phrase_layer.encoder_block_0._conv_layers.0.1.bias
2019-05-21 12:57:30,497 - INFO - allennlp.training.trainer - _phrase_layer.encoder_block_0._conv_layers.0.2.weight
2019-05-21 12:57:30,498 - INFO - allennlp.training.trainer - _phrase_layer.encoder_block_0._conv_layers.0.2.bias
2019-05-21 12:57:30,498 - INFO - allennlp.training.trainer - _phrase_layer.encoder_block_0._conv_layers.1.1.weight
2019-05-21 12:57:30,498 - INFO - allennlp.training.trainer - _phrase_layer.encoder_block_0._conv_layers.1.1.bias
2019-05-21 12:57:30,498 - INFO - allennlp.training.trainer - _phrase_layer.encoder_block_0._conv_layers.1.2.weight
2019-05-21 12:57:30,498 - INFO - allennlp.training.trainer - _phrase_layer.encoder_block_0._conv_layers.1.2.bias
2019-05-21 12:57:30,498 - INFO - allennlp.training.trainer - _phrase_layer.encoder_block_0._conv_layers.2.1.weight
2019-05-21 12:57:30,498 - INFO - allennlp.training.trainer - _phrase_layer.encoder_block_0._conv_layers.2.1.bias
2019-05-21 12:57:30,498 - INFO - allennlp.training.trainer - _phrase_layer.encoder_block_0._conv_layers.2.2.weight
2019-05-21 12:57:30,498 - INFO - allennlp.training.trainer - _phrase_layer.encoder_block_0._conv_layers.2.2.bias
2019-05-21 12:57:30,498 - INFO - allennlp.training.trainer - _phrase_layer.encoder_block_0._conv_layers.3.1.weight
2019-05-21 12:57:30,498 - INFO - allennlp.training.trainer - _phrase_layer.encoder_block_0._conv_layers.3.1.bias
2019-05-21 12:57:30,498 - INFO - allennlp.training.trainer - _phrase_layer.encoder_block_0._conv_layers.3.2.weight
2019-05-21 12:57:30,498 - INFO - allennlp.training.trainer - _phrase_layer.encoder_block_0._conv_layers.3.2.bias
2019-05-21 12:57:30,498 - INFO - allennlp.training.trainer - _phrase_layer.encoder_block_0.attention_norm_layer.weight
2019-05-21 12:57:30,498 - INFO - allennlp.training.trainer - _phrase_layer.encoder_block_0.attention_norm_layer.bias
2019-05-21 12:57:30,499 - INFO - allennlp.training.trainer - _phrase_layer.encoder_block_0.attention_layer._combined_projection.weight
2019-05-21 12:57:30,499 - INFO - allennlp.training.trainer - _phrase_layer.encoder_block_0.attention_layer._combined_projection.bias
2019-05-21 12:57:30,499 - INFO - allennlp.training.trainer - _phrase_layer.encoder_block_0.attention_layer._output_projection.weight
2019-05-21 12:57:30,499 - INFO - allennlp.training.trainer - _phrase_layer.encoder_block_0.attention_layer._output_projection.bias
2019-05-21 12:57:30,499 - INFO - allennlp.training.trainer - _phrase_layer.encoder_block_0.feedforward_norm_layer.weight
2019-05-21 12:57:30,499 - INFO - allennlp.training.trainer - _phrase_layer.encoder_block_0.feedforward_norm_layer.bias
2019-05-21 12:57:30,499 - INFO - allennlp.training.trainer - _phrase_layer.encoder_block_0.feedforward._linear_layers.0.weight
2019-05-21 12:57:30,499 - INFO - allennlp.training.trainer - _phrase_layer.encoder_block_0.feedforward._linear_layers.0.bias
2019-05-21 12:57:30,499 - INFO - allennlp.training.trainer - _phrase_layer.encoder_block_0.feedforward._linear_layers.1.weight
2019-05-21 12:57:30,499 - INFO - allennlp.training.trainer - _phrase_layer.encoder_block_0.feedforward._linear_layers.1.bias
2019-05-21 12:57:30,499 - INFO - allennlp.training.trainer - _matrix_attention._weight_vector
2019-05-21 12:57:30,499 - INFO - allennlp.training.trainer - _matrix_attention._bias
2019-05-21 12:57:30,499 - INFO - allennlp.training.trainer - _modeling_proj_layer.weight
2019-05-21 12:57:30,499 - INFO - allennlp.training.trainer - _modeling_proj_layer.bias
2019-05-21 12:57:30,499 - INFO - allennlp.training.trainer - _modeling_layer.encoder_block_0._conv_norm_layers.0.weight
2019-05-21 12:57:30,500 - INFO - allennlp.training.trainer - _modeling_layer.encoder_block_0._conv_norm_layers.0.bias
2019-05-21 12:57:30,500 - INFO - allennlp.training.trainer - _modeling_layer.encoder_block_0._conv_norm_layers.1.weight
2019-05-21 12:57:30,500 - INFO - allennlp.training.trainer - _modeling_layer.encoder_block_0._conv_norm_layers.1.bias
2019-05-21 12:57:30,500 - INFO - allennlp.training.trainer - _modeling_layer.encoder_block_0._conv_layers.0.1.weight
2019-05-21 12:57:30,500 - INFO - allennlp.training.trainer - _modeling_layer.encoder_block_0._conv_layers.0.1.bias
2019-05-21 12:57:30,500 - INFO - allennlp.training.trainer - _modeling_layer.encoder_block_0._conv_layers.0.2.weight
2019-05-21 12:57:30,500 - INFO - allennlp.training.trainer - _modeling_layer.encoder_block_0._conv_layers.0.2.bias
2019-05-21 12:57:30,500 - INFO - allennlp.training.trainer - _modeling_layer.encoder_block_0._conv_layers.1.1.weight
2019-05-21 12:57:30,500 - INFO - allennlp.training.trainer - _modeling_layer.encoder_block_0._conv_layers.1.1.bias
2019-05-21 12:57:30,500 - INFO - allennlp.training.trainer - _modeling_layer.encoder_block_0._conv_layers.1.2.weight
2019-05-21 12:57:30,500 - INFO - allennlp.training.trainer - _modeling_layer.encoder_block_0._conv_layers.1.2.bias
2019-05-21 12:57:30,500 - INFO - allennlp.training.trainer - _modeling_layer.encoder_block_0.attention_norm_layer.weight
2019-05-21 12:57:30,500 - INFO - allennlp.training.trainer - _modeling_layer.encoder_block_0.attention_norm_layer.bias
2019-05-21 12:57:30,500 - INFO - allennlp.training.trainer - _modeling_layer.encoder_block_0.attention_layer._combined_projection.weight
2019-05-21 12:57:30,500 - INFO - allennlp.training.trainer - _modeling_layer.encoder_block_0.attention_layer._combined_projection.bias
2019-05-21 12:57:30,501 - INFO - allennlp.training.trainer - _modeling_layer.encoder_block_0.attention_layer._output_projection.weight
2019-05-21 12:57:30,501 - INFO - allennlp.training.trainer - _modeling_layer.encoder_block_0.attention_layer._output_projection.bias
2019-05-21 12:57:30,501 - INFO - allennlp.training.trainer - _modeling_layer.encoder_block_0.feedforward_norm_layer.weight
2019-05-21 12:57:30,501 - INFO - allennlp.training.trainer - _modeling_layer.encoder_block_0.feedforward_norm_layer.bias
2019-05-21 12:57:30,501 - INFO - allennlp.training.trainer - _modeling_layer.encoder_block_0.feedforward._linear_layers.0.weight
2019-05-21 12:57:30,501 - INFO - allennlp.training.trainer - _modeling_layer.encoder_block_0.feedforward._linear_layers.0.bias
2019-05-21 12:57:30,501 - INFO - allennlp.training.trainer - _modeling_layer.encoder_block_0.feedforward._linear_layers.1.weight
2019-05-21 12:57:30,501 - INFO - allennlp.training.trainer - _modeling_layer.encoder_block_0.feedforward._linear_layers.1.bias
2019-05-21 12:57:30,501 - INFO - allennlp.training.trainer - _passage_weights_predictor.weight
2019-05-21 12:57:30,501 - INFO - allennlp.training.trainer - _passage_weights_predictor.bias
2019-05-21 12:57:30,501 - INFO - allennlp.training.trainer - _question_weights_predictor.weight
2019-05-21 12:57:30,501 - INFO - allennlp.training.trainer - _question_weights_predictor.bias
2019-05-21 12:57:30,501 - INFO - allennlp.training.trainer - _count_number_predictor._linear_layers.0.weight
2019-05-21 12:57:30,501 - INFO - allennlp.training.trainer - _count_number_predictor._linear_layers.0.bias
2019-05-21 12:57:30,501 - INFO - allennlp.training.trainer - _count_number_predictor._linear_layers.1.weight
2019-05-21 12:57:30,502 - INFO - allennlp.training.trainer - _count_number_predictor._linear_layers.1.bias
2019-05-21 12:57:30,502 - INFO - allennlp.common.params - trainer.patience = 10
2019-05-21 12:57:30,502 - INFO - allennlp.common.params - trainer.validation_metric = +f1
2019-05-21 12:57:30,502 - INFO - allennlp.common.params - trainer.shuffle = True
2019-05-21 12:57:30,502 - INFO - allennlp.common.params - trainer.num_epochs = 10
2019-05-21 12:57:30,502 - INFO - allennlp.common.params - trainer.cuda_device = 0
2019-05-21 12:57:30,502 - INFO - allennlp.common.params - trainer.grad_norm = 5
2019-05-21 12:57:30,502 - INFO - allennlp.common.params - trainer.grad_clipping = None
2019-05-21 12:57:30,502 - INFO - allennlp.common.params - trainer.learning_rate_scheduler = None
2019-05-21 12:57:30,502 - INFO - allennlp.common.params - trainer.momentum_scheduler = None
2019-05-21 12:57:38,104 - INFO - allennlp.common.params - trainer.optimizer.type = adam
2019-05-21 12:57:38,107 - INFO - allennlp.common.params - trainer.optimizer.parameter_groups = None
2019-05-21 12:57:38,107 - INFO - allennlp.training.optimizers - Number of trainable parameters: 607509
2019-05-21 12:57:38,107 - INFO - allennlp.common.params - trainer.optimizer.infer_type_and_cast = True
2019-05-21 12:57:38,107 - INFO - allennlp.common.params - Converting Params object to dict; logging of default values will not occur when dictionary parameters are used subsequently.
2019-05-21 12:57:38,107 - INFO - allennlp.common.params - CURRENTLY DEFINED PARAMETERS: 
2019-05-21 12:57:38,107 - INFO - allennlp.common.params - trainer.optimizer.betas = [0.8, 0.999]
2019-05-21 12:57:38,107 - INFO - allennlp.common.params - trainer.optimizer.eps = 1e-07
2019-05-21 12:57:38,107 - INFO - allennlp.common.params - trainer.optimizer.lr = 0.0005
2019-05-21 12:57:38,108 - INFO - allennlp.common.from_params - instantiating class <class 'allennlp.training.moving_average.MovingAverage'> from params {'decay': 0.9999, 'type': 'exponential'} and extras {'parameters'}
2019-05-21 12:57:38,108 - INFO - allennlp.common.params - trainer.moving_average.type = exponential
2019-05-21 12:57:38,108 - INFO - allennlp.common.from_params - instantiating class <class 'allennlp.training.moving_average.ExponentialMovingAverage'> from params {'decay': 0.9999} and extras {'parameters'}
2019-05-21 12:57:38,108 - INFO - allennlp.common.params - trainer.moving_average.decay = 0.9999
2019-05-21 12:57:38,108 - INFO - allennlp.common.params - trainer.moving_average.numerator = 1.0
2019-05-21 12:57:38,108 - INFO - allennlp.common.params - trainer.moving_average.denominator = 10.0
2019-05-21 12:57:38,112 - INFO - allennlp.common.params - trainer.num_serialized_models_to_keep = 1
2019-05-21 12:57:38,112 - INFO - allennlp.common.params - trainer.keep_serialized_model_every_num_seconds = None
2019-05-21 12:57:38,112 - INFO - allennlp.common.params - trainer.model_save_interval = None
2019-05-21 12:57:38,112 - INFO - allennlp.common.params - trainer.summary_interval = 100
2019-05-21 12:57:38,112 - INFO - allennlp.common.params - trainer.histogram_interval = None
2019-05-21 12:57:38,112 - INFO - allennlp.common.params - trainer.should_log_parameter_statistics = True
2019-05-21 12:57:38,113 - INFO - allennlp.common.params - trainer.should_log_learning_rate = False
2019-05-21 12:57:38,113 - INFO - allennlp.common.params - trainer.log_batch_size_period = None
2019-05-21 12:57:38,139 - INFO - allennlp.training.trainer - Beginning training.
2019-05-21 12:57:38,140 - INFO - allennlp.training.trainer - Epoch 0/9
2019-05-21 12:57:38,140 - INFO - allennlp.training.trainer - Peak CPU memory usage MB: 5316.748
2019-05-21 12:57:38,295 - INFO - allennlp.training.trainer - GPU 0 memory usage MB: 756
2019-05-21 12:57:38,297 - INFO - allennlp.training.trainer - Training
2019-05-21 13:12:12,335 - INFO - allennlp.training.trainer - Validating
2019-05-21 13:12:59,981 - INFO - allennlp.training.tensorboard_writer -                     Training |  Validation
2019-05-21 13:12:59,982 - INFO - allennlp.training.tensorboard_writer - loss            |  6635602.687  |  6541995.377
2019-05-21 13:12:59,982 - INFO - allennlp.training.tensorboard_writer - f1              |     0.096  |     0.123
2019-05-21 13:12:59,983 - INFO - allennlp.training.tensorboard_writer - em              |     0.095  |     0.123
2019-05-21 13:12:59,983 - INFO - allennlp.training.tensorboard_writer - gpu_0_memory_MB |   756.000  |       N/A
2019-05-21 13:12:59,983 - INFO - allennlp.training.tensorboard_writer - cpu_memory_MB   |  5316.748  |       N/A
2019-05-21 13:13:00,623 - INFO - allennlp.training.checkpointer - Best validation performance so far. Copying weights to 'out/baseline_simple_counting_only/best.th'.
2019-05-21 13:13:01,130 - INFO - allennlp.training.trainer - Epoch duration: 00:15:22
2019-05-21 13:13:01,130 - INFO - allennlp.training.trainer - Estimated training time remaining: 2:18:26
2019-05-21 13:13:01,131 - INFO - allennlp.training.trainer - Epoch 1/9
2019-05-21 13:13:01,131 - INFO - allennlp.training.trainer - Peak CPU memory usage MB: 7243.048
2019-05-21 13:13:01,308 - INFO - allennlp.training.trainer - GPU 0 memory usage MB: 4061
2019-05-21 13:13:01,310 - INFO - allennlp.training.trainer - Training
2019-05-21 13:25:34,690 - INFO - allennlp.training.trainer - Validating
2019-05-21 13:26:06,815 - INFO - allennlp.training.tensorboard_writer -                     Training |  Validation
2019-05-21 13:26:06,815 - INFO - allennlp.training.tensorboard_writer - loss            |  6638208.076  |  6555118.718
2019-05-21 13:26:06,816 - INFO - allennlp.training.tensorboard_writer - f1              |     0.104  |     0.125
2019-05-21 13:26:06,816 - INFO - allennlp.training.tensorboard_writer - em              |     0.103  |     0.125
2019-05-21 13:26:06,816 - INFO - allennlp.training.tensorboard_writer - gpu_0_memory_MB |  4061.000  |       N/A
2019-05-21 13:26:06,817 - INFO - allennlp.training.tensorboard_writer - cpu_memory_MB   |  7243.048  |       N/A
2019-05-21 13:26:07,397 - INFO - allennlp.training.checkpointer - Best validation performance so far. Copying weights to 'out/baseline_simple_counting_only/best.th'.
2019-05-21 13:26:07,909 - INFO - allennlp.training.trainer - Epoch duration: 00:13:06
2019-05-21 13:26:07,909 - INFO - allennlp.training.trainer - Estimated training time remaining: 1:53:59
2019-05-21 13:26:07,909 - INFO - allennlp.training.trainer - Epoch 2/9
2019-05-21 13:26:07,909 - INFO - allennlp.training.trainer - Peak CPU memory usage MB: 7245.816
2019-05-21 13:26:08,083 - INFO - allennlp.training.trainer - GPU 0 memory usage MB: 4061
2019-05-21 13:26:08,085 - INFO - allennlp.training.trainer - Training
2019-05-21 13:38:38,944 - INFO - allennlp.training.trainer - Validating
2019-05-21 13:39:11,055 - INFO - allennlp.training.tensorboard_writer -                     Training |  Validation
2019-05-21 13:39:11,056 - INFO - allennlp.training.tensorboard_writer - loss            |  6642667.342  |  6553478.311
2019-05-21 13:39:11,057 - INFO - allennlp.training.tensorboard_writer - f1              |     0.107  |     0.124
2019-05-21 13:39:11,057 - INFO - allennlp.training.tensorboard_writer - em              |     0.106  |     0.124
2019-05-21 13:39:11,057 - INFO - allennlp.training.tensorboard_writer - gpu_0_memory_MB |  4061.000  |       N/A
2019-05-21 13:39:11,057 - INFO - allennlp.training.tensorboard_writer - cpu_memory_MB   |  7245.816  |       N/A
2019-05-21 13:39:11,642 - INFO - allennlp.training.trainer - Epoch duration: 00:13:03
2019-05-21 13:39:11,642 - INFO - allennlp.training.trainer - Estimated training time remaining: 1:36:58
2019-05-21 13:39:11,642 - INFO - allennlp.training.trainer - Epoch 3/9
2019-05-21 13:39:11,642 - INFO - allennlp.training.trainer - Peak CPU memory usage MB: 7246.38
2019-05-21 13:39:11,815 - INFO - allennlp.training.trainer - GPU 0 memory usage MB: 4061
2019-05-21 13:39:11,817 - INFO - allennlp.training.trainer - Training
2019-05-21 13:51:42,986 - INFO - allennlp.training.trainer - Validating
2019-05-21 13:52:15,104 - INFO - allennlp.training.tensorboard_writer -                     Training |  Validation
2019-05-21 13:52:15,105 - INFO - allennlp.training.tensorboard_writer - loss            |  6637757.111  |  6556759.120
2019-05-21 13:52:15,105 - INFO - allennlp.training.tensorboard_writer - f1              |     0.106  |     0.125
2019-05-21 13:52:15,105 - INFO - allennlp.training.tensorboard_writer - em              |     0.105  |     0.125
2019-05-21 13:52:15,106 - INFO - allennlp.training.tensorboard_writer - gpu_0_memory_MB |  4061.000  |       N/A
2019-05-21 13:52:15,106 - INFO - allennlp.training.tensorboard_writer - cpu_memory_MB   |  7246.380  |       N/A
2019-05-21 13:52:15,728 - INFO - allennlp.training.trainer - Epoch duration: 00:13:04
2019-05-21 13:52:15,728 - INFO - allennlp.training.trainer - Estimated training time remaining: 1:21:56
2019-05-21 13:52:15,728 - INFO - allennlp.training.trainer - Epoch 4/9
2019-05-21 13:52:15,728 - INFO - allennlp.training.trainer - Peak CPU memory usage MB: 7246.38
2019-05-21 13:52:15,902 - INFO - allennlp.training.trainer - GPU 0 memory usage MB: 4061
2019-05-21 13:52:15,905 - INFO - allennlp.training.trainer - Training
2019-05-21 14:04:46,526 - INFO - allennlp.training.trainer - Validating
2019-05-21 14:05:18,664 - INFO - allennlp.training.tensorboard_writer -                     Training |  Validation
2019-05-21 14:05:18,665 - INFO - allennlp.training.tensorboard_writer - loss            |  6640963.774  |  6556759.125
2019-05-21 14:05:18,666 - INFO - allennlp.training.tensorboard_writer - f1              |     0.108  |     0.123
2019-05-21 14:05:18,666 - INFO - allennlp.training.tensorboard_writer - em              |     0.108  |     0.123
2019-05-21 14:05:18,666 - INFO - allennlp.training.tensorboard_writer - gpu_0_memory_MB |  4061.000  |       N/A
2019-05-21 14:05:18,667 - INFO - allennlp.training.tensorboard_writer - cpu_memory_MB   |  7246.380  |       N/A
2019-05-21 14:05:19,283 - INFO - allennlp.training.trainer - Epoch duration: 00:13:03
2019-05-21 14:05:19,283 - INFO - allennlp.training.trainer - Estimated training time remaining: 1:07:41
2019-05-21 14:05:19,284 - INFO - allennlp.training.trainer - Epoch 5/9
2019-05-21 14:05:19,284 - INFO - allennlp.training.trainer - Peak CPU memory usage MB: 7246.48
2019-05-21 14:05:19,455 - INFO - allennlp.training.trainer - GPU 0 memory usage MB: 4064
2019-05-21 14:05:19,457 - INFO - allennlp.training.trainer - Training
2019-05-21 14:17:50,739 - INFO - allennlp.training.trainer - Validating
2019-05-21 14:18:22,915 - INFO - allennlp.training.tensorboard_writer -                     Training |  Validation
2019-05-21 14:18:22,915 - INFO - allennlp.training.tensorboard_writer - loss            |  6634800.953  |  6550197.438
2019-05-21 14:18:22,916 - INFO - allennlp.training.tensorboard_writer - f1              |     0.110  |     0.120
2019-05-21 14:18:22,916 - INFO - allennlp.training.tensorboard_writer - em              |     0.109  |     0.120
2019-05-21 14:18:22,916 - INFO - allennlp.training.tensorboard_writer - gpu_0_memory_MB |  4064.000  |       N/A
2019-05-21 14:18:22,917 - INFO - allennlp.training.tensorboard_writer - cpu_memory_MB   |  7246.480  |       N/A
2019-05-21 14:18:23,590 - INFO - allennlp.training.trainer - Epoch duration: 00:13:04
2019-05-21 14:18:23,591 - INFO - allennlp.training.trainer - Estimated training time remaining: 0:53:50
2019-05-21 14:18:23,591 - INFO - allennlp.training.trainer - Epoch 6/9
2019-05-21 14:18:23,591 - INFO - allennlp.training.trainer - Peak CPU memory usage MB: 7246.484
2019-05-21 14:18:23,766 - INFO - allennlp.training.trainer - GPU 0 memory usage MB: 4063
2019-05-21 14:18:23,768 - INFO - allennlp.training.trainer - Training
2019-05-21 14:30:50,382 - INFO - allennlp.training.trainer - Validating
2019-05-21 14:31:22,261 - INFO - allennlp.training.tensorboard_writer -                     Training |  Validation
2019-05-21 14:31:22,261 - INFO - allennlp.training.tensorboard_writer - loss            |  6638408.439  |  6548557.029
2019-05-21 14:31:22,262 - INFO - allennlp.training.tensorboard_writer - f1              |     0.113  |     0.120
2019-05-21 14:31:22,262 - INFO - allennlp.training.tensorboard_writer - em              |     0.112  |     0.120
2019-05-21 14:31:22,262 - INFO - allennlp.training.tensorboard_writer - gpu_0_memory_MB |  4063.000  |       N/A
2019-05-21 14:31:22,263 - INFO - allennlp.training.tensorboard_writer - cpu_memory_MB   |  7246.484  |       N/A
2019-05-21 14:31:23,128 - INFO - allennlp.training.trainer - Epoch duration: 00:12:59
2019-05-21 14:31:23,129 - INFO - allennlp.training.trainer - Estimated training time remaining: 0:40:10
2019-05-21 14:31:23,129 - INFO - allennlp.training.trainer - Epoch 7/9
2019-05-21 14:31:23,129 - INFO - allennlp.training.trainer - Peak CPU memory usage MB: 7247.576
2019-05-21 14:31:23,319 - INFO - allennlp.training.trainer - GPU 0 memory usage MB: 4063
2019-05-21 14:31:23,321 - INFO - allennlp.training.trainer - Training
2019-05-21 14:43:50,377 - INFO - allennlp.training.trainer - Validating
2019-05-21 14:44:22,269 - INFO - allennlp.training.tensorboard_writer -                     Training |  Validation
2019-05-21 14:44:22,270 - INFO - allennlp.training.tensorboard_writer - loss            |  6638308.223  |  6546916.575
2019-05-21 14:44:22,271 - INFO - allennlp.training.tensorboard_writer - f1              |     0.114  |     0.121
2019-05-21 14:44:22,271 - INFO - allennlp.training.tensorboard_writer - em              |     0.113  |     0.121
2019-05-21 14:44:22,272 - INFO - allennlp.training.tensorboard_writer - gpu_0_memory_MB |  4063.000  |       N/A
2019-05-21 14:44:22,272 - INFO - allennlp.training.tensorboard_writer - cpu_memory_MB   |  7247.576  |       N/A
2019-05-21 14:44:22,924 - INFO - allennlp.training.trainer - Epoch duration: 00:12:59
2019-05-21 14:44:22,924 - INFO - allennlp.training.trainer - Estimated training time remaining: 0:26:41
2019-05-21 14:44:22,924 - INFO - allennlp.training.trainer - Epoch 8/9
2019-05-21 14:44:22,924 - INFO - allennlp.training.trainer - Peak CPU memory usage MB: 7247.592
2019-05-21 14:44:23,085 - INFO - allennlp.training.trainer - GPU 0 memory usage MB: 4063
2019-05-21 14:44:23,087 - INFO - allennlp.training.trainer - Training
2019-05-21 14:56:48,626 - INFO - allennlp.training.trainer - Validating
2019-05-21 14:57:20,582 - INFO - allennlp.training.tensorboard_writer -                     Training |  Validation
2019-05-21 14:57:20,583 - INFO - allennlp.training.tensorboard_writer - loss            |  6639210.095  |  6563320.792
2019-05-21 14:57:20,583 - INFO - allennlp.training.tensorboard_writer - f1              |     0.116  |     0.118
2019-05-21 14:57:20,583 - INFO - allennlp.training.tensorboard_writer - em              |     0.115  |     0.118
2019-05-21 14:57:20,584 - INFO - allennlp.training.tensorboard_writer - gpu_0_memory_MB |  4063.000  |       N/A
2019-05-21 14:57:20,584 - INFO - allennlp.training.tensorboard_writer - cpu_memory_MB   |  7247.592  |       N/A
2019-05-21 14:57:21,151 - INFO - allennlp.training.trainer - Epoch duration: 00:12:58
2019-05-21 14:57:21,151 - INFO - allennlp.training.trainer - Estimated training time remaining: 0:13:18
2019-05-21 14:57:21,151 - INFO - allennlp.training.trainer - Epoch 9/9
2019-05-21 14:57:21,151 - INFO - allennlp.training.trainer - Peak CPU memory usage MB: 7247.592
2019-05-21 14:57:21,311 - INFO - allennlp.training.trainer - GPU 0 memory usage MB: 4063
2019-05-21 14:57:21,313 - INFO - allennlp.training.trainer - Training
2019-05-21 15:09:48,137 - INFO - allennlp.training.trainer - Validating
2019-05-21 15:10:20,193 - INFO - allennlp.training.tensorboard_writer -                     Training |  Validation
2019-05-21 15:10:20,195 - INFO - allennlp.training.tensorboard_writer - loss            |  6640312.375  |  6563320.794
2019-05-21 15:10:20,195 - INFO - allennlp.training.tensorboard_writer - f1              |     0.118  |     0.119
2019-05-21 15:10:20,195 - INFO - allennlp.training.tensorboard_writer - em              |     0.117  |     0.119
2019-05-21 15:10:20,196 - INFO - allennlp.training.tensorboard_writer - gpu_0_memory_MB |  4063.000  |       N/A
2019-05-21 15:10:20,196 - INFO - allennlp.training.tensorboard_writer - cpu_memory_MB   |  7247.592  |       N/A
2019-05-21 15:10:20,784 - INFO - allennlp.training.trainer - Epoch duration: 00:12:59
2019-05-21 15:10:20,784 - INFO - allennlp.training.checkpointer - loading best weights
