0it [00:00, ?it/s]
2796it [00:10, 279.46it/s]
6006it [00:20, 290.73it/s]
9451it [00:30, 305.00it/s]
12992it [00:40, 318.24it/s]
16533it [00:50, 325.68it/s]
19991it [01:00, 331.46it/s]
23449it [01:10, 331.31it/s]
27085it [01:20, 340.37it/s]
30721it [01:31, 341.23it/s]
34333it [01:41, 346.98it/s]
37945it [01:51, 350.80it/s]
41546it [02:01, 347.75it/s]
45244it [02:11, 354.08it/s]
48942it [02:23, 346.67it/s]
52677it [02:33, 354.27it/s]
56411it [02:43, 356.87it/s]
60179it [02:53, 362.61it/s]
63947it [03:07, 327.90it/s]
66822it [03:17, 314.62it/s]
67262it [03:19, 337.98it/s]

0it [00:00, ?it/s]
3557it [00:10, 355.66it/s]
7114it [00:20, 354.63it/s]
9536it [00:29, 327.91it/s]

0it [00:00, ?it/s]
8818it [00:10, 881.77it/s]
17636it [00:20, 877.30it/s]
26378it [00:30, 876.35it/s]
35120it [00:40, 864.96it/s]
44147it [00:50, 875.94it/s]
53174it [01:01, 869.89it/s]
61926it [01:11, 871.46it/s]
70678it [01:21, 864.16it/s]
76798it [01:29, 860.24it/s]

0it [00:00, ?it/s]
467879it [00:10, 46787.89it/s]
949156it [00:20, 47181.89it/s]
1430432it [00:30, 47449.18it/s]
1702926it [00:35, 47757.91it/s]

0it [00:00, ?it/s]
384645it [00:10, 38464.27it/s]
831131it [00:20, 40131.85it/s]
1302363it [00:30, 42001.28it/s]
1702926it [00:38, 44380.96it/s]

  0%|          | 0/4204 [00:00<?, ?it/s]
em: 0.0146, f1: 0.0264, loss: 7.1945 ||:   1%|          | 39/4204 [00:11<19:35,  3.54it/s]
em: 0.0344, f1: 0.0424, loss: 6.6877 ||:   2%|1         | 81/4204 [00:21<18:34,  3.70it/s]
em: 0.0439, f1: 0.0549, loss: 6.3809 ||:   3%|2         | 123/4204 [00:31<17:59,  3.78it/s]
em: 0.0567, f1: 0.0700, loss: 6.2061 ||:   4%|3         | 163/4204 [00:41<17:32,  3.84it/s]
em: 0.0673, f1: 0.0848, loss: 5.9994 ||:   5%|4         | 204/4204 [00:51<17:08,  3.89it/s]
em: 0.0715, f1: 0.0920, loss: 5.8513 ||:   6%|5         | 245/4204 [01:02<16:46,  3.93it/s]
em: 0.0766, f1: 0.0995, loss: 5.7485 ||:   7%|6         | 287/4204 [01:12<16:19,  4.00it/s]
em: 0.0807, f1: 0.1050, loss: 5.6721 ||:   8%|7         | 329/4204 [01:23<16:18,  3.96it/s]
em: 0.0869, f1: 0.1113, loss: 5.6093 ||:   9%|8         | 368/4204 [01:33<16:23,  3.90it/s]
em: 0.0890, f1: 0.1138, loss: 5.5669 ||:  10%|9         | 408/4204 [01:43<16:10,  3.91it/s]
em: 0.0890, f1: 0.1136, loss: 5.5308 ||:  11%|#         | 449/4204 [01:53<15:52,  3.94it/s]
em: 0.0907, f1: 0.1166, loss: 5.4944 ||:  12%|#1        | 491/4204 [02:03<15:29,  4.00it/s]
em: 0.0926, f1: 0.1189, loss: 5.4549 ||:  13%|#2        | 533/4204 [02:15<15:53,  3.85it/s]
em: 0.0958, f1: 0.1222, loss: 5.4019 ||:  14%|#3        | 573/4204 [02:25<15:34,  3.89it/s]
em: 0.0977, f1: 0.1243, loss: 5.3678 ||:  15%|#4        | 613/4204 [02:39<16:54,  3.54it/s]
em: 0.0996, f1: 0.1266, loss: 5.3295 ||:  16%|#5        | 652/4204 [02:49<16:18,  3.63it/s]
em: 0.0997, f1: 0.1268, loss: 5.2919 ||:  16%|#6        | 693/4204 [02:59<15:34,  3.76it/s]
em: 0.1001, f1: 0.1276, loss: 5.2630 ||:  17%|#7        | 734/4204 [03:09<15:01,  3.85it/s]
em: 0.1029, f1: 0.1308, loss: 5.2381 ||:  18%|#8        | 775/4204 [03:19<14:40,  3.90it/s]
em: 0.1027, f1: 0.1309, loss: 5.2168 ||:  19%|#9        | 816/4204 [03:30<14:27,  3.90it/s]
em: 0.1032, f1: 0.1320, loss: 5.2016 ||:  20%|##        | 858/4204 [03:40<14:03,  3.97it/s]
em: 0.1050, f1: 0.1340, loss: 5.1812 ||:  21%|##1       | 900/4204 [03:51<13:54,  3.96it/s]
em: 0.1084, f1: 0.1375, loss: 5.1509 ||:  22%|##2       | 941/4204 [04:01<13:41,  3.97it/s]
em: 0.1094, f1: 0.1385, loss: 5.1202 ||:  23%|##3       | 982/4204 [04:11<13:29,  3.98it/s]
em: 0.1114, f1: 0.1403, loss: 5.1003 ||:  24%|##4       | 1022/4204 [04:21<13:22,  3.96it/s]
em: 0.1123, f1: 0.1413, loss: 5.0860 ||:  25%|##5       | 1063/4204 [04:31<13:04,  4.00it/s]
em: 0.1132, f1: 0.1423, loss: 5.0751 ||:  26%|##6       | 1104/4204 [04:43<13:26,  3.84it/s]
em: 0.1136, f1: 0.1428, loss: 5.0707 ||:  27%|##7       | 1144/4204 [04:53<13:11,  3.87it/s]
em: 0.1156, f1: 0.1449, loss: 5.0527 ||:  28%|##8       | 1184/4204 [05:03<12:53,  3.90it/s]
em: 0.1166, f1: 0.1457, loss: 5.0340 ||:  29%|##9       | 1224/4204 [05:14<12:45,  3.89it/s]
em: 0.1181, f1: 0.1473, loss: 5.0115 ||:  30%|###       | 1263/4204 [05:24<12:34,  3.90it/s]
em: 0.1179, f1: 0.1472, loss: 4.9989 ||:  31%|###       | 1303/4204 [05:34<12:19,  3.92it/s]
em: 0.1181, f1: 0.1473, loss: 4.9838 ||:  32%|###1      | 1344/4204 [05:44<12:02,  3.96it/s]
em: 0.1186, f1: 0.1481, loss: 4.9736 ||:  33%|###2      | 1385/4204 [05:54<11:54,  3.95it/s]
em: 0.1193, f1: 0.1491, loss: 4.9562 ||:  34%|###3      | 1425/4204 [06:05<11:51,  3.91it/s]
em: 0.1196, f1: 0.1493, loss: 4.9400 ||:  35%|###4      | 1464/4204 [06:15<11:44,  3.89it/s]
em: 0.1195, f1: 0.1493, loss: 4.9242 ||:  36%|###5      | 1503/4204 [06:25<11:39,  3.86it/s]
em: 0.1199, f1: 0.1497, loss: 4.9137 ||:  37%|###6      | 1541/4204 [06:39<12:43,  3.49it/s]
em: 0.1210, f1: 0.1505, loss: 4.8988 ||:  38%|###7      | 1582/4204 [06:49<12:02,  3.63it/s]
em: 0.1216, f1: 0.1510, loss: 4.8895 ||:  39%|###8      | 1623/4204 [06:59<11:33,  3.72it/s]
em: 0.1226, f1: 0.1518, loss: 4.8786 ||:  40%|###9      | 1663/4204 [07:09<11:11,  3.79it/s]
em: 0.1232, f1: 0.1524, loss: 4.8675 ||:  41%|####      | 1703/4204 [07:19<10:54,  3.82it/s]
em: 0.1237, f1: 0.1529, loss: 4.8578 ||:  41%|####1     | 1744/4204 [07:29<10:31,  3.90it/s]
em: 0.1240, f1: 0.1531, loss: 4.8429 ||:  42%|####2     | 1785/4204 [07:40<10:19,  3.91it/s]
em: 0.1244, f1: 0.1534, loss: 4.8313 ||:  43%|####3     | 1825/4204 [07:51<10:29,  3.78it/s]
em: 0.1252, f1: 0.1544, loss: 4.8247 ||:  44%|####4     | 1865/4204 [08:01<10:08,  3.84it/s]
em: 0.1257, f1: 0.1550, loss: 4.8173 ||:  45%|####5     | 1906/4204 [08:12<09:50,  3.89it/s]
em: 0.1257, f1: 0.1549, loss: 4.8064 ||:  46%|####6     | 1947/4204 [08:22<09:40,  3.89it/s]
em: 0.1259, f1: 0.1552, loss: 4.7944 ||:  47%|####7     | 1987/4204 [08:32<09:29,  3.90it/s]
em: 0.1263, f1: 0.1558, loss: 4.7850 ||:  48%|####8     | 2027/4204 [08:43<09:18,  3.89it/s]
em: 0.1272, f1: 0.1566, loss: 4.7731 ||:  49%|####9     | 2066/4204 [08:53<09:09,  3.89it/s]
em: 0.1277, f1: 0.1569, loss: 4.7653 ||:  50%|#####     | 2106/4204 [09:03<08:58,  3.90it/s]
em: 0.1285, f1: 0.1579, loss: 4.7581 ||:  51%|#####1    | 2146/4204 [09:13<08:50,  3.88it/s]
em: 0.1291, f1: 0.1583, loss: 4.7494 ||:  52%|#####1    | 2185/4204 [09:23<08:39,  3.89it/s]
em: 0.1293, f1: 0.1587, loss: 4.7410 ||:  53%|#####2    | 2225/4204 [09:33<08:25,  3.91it/s]
em: 0.1299, f1: 0.1593, loss: 4.7296 ||:  54%|#####3    | 2266/4204 [09:43<08:10,  3.95it/s]
em: 0.1301, f1: 0.1596, loss: 4.7191 ||:  55%|#####4    | 2307/4204 [09:54<07:55,  3.99it/s]
em: 0.1306, f1: 0.1601, loss: 4.7094 ||:  56%|#####5    | 2348/4204 [10:04<07:46,  3.98it/s]
em: 0.1305, f1: 0.1599, loss: 4.7020 ||:  57%|#####6    | 2388/4204 [10:14<07:38,  3.96it/s]
em: 0.1308, f1: 0.1604, loss: 4.6935 ||:  58%|#####7    | 2428/4204 [10:24<07:28,  3.96it/s]
em: 0.1315, f1: 0.1612, loss: 4.6879 ||:  59%|#####8    | 2468/4204 [10:35<07:21,  3.93it/s]
em: 0.1317, f1: 0.1616, loss: 4.6841 ||:  60%|#####9    | 2509/4204 [10:46<07:18,  3.87it/s]
em: 0.1318, f1: 0.1618, loss: 4.6770 ||:  61%|######    | 2550/4204 [10:56<07:01,  3.92it/s]
em: 0.1326, f1: 0.1626, loss: 4.6725 ||:  62%|######1   | 2592/4204 [11:06<06:45,  3.97it/s]
em: 0.1329, f1: 0.1628, loss: 4.6648 ||:  63%|######2   | 2634/4204 [11:17<06:35,  3.97it/s]
em: 0.1337, f1: 0.1637, loss: 4.6547 ||:  64%|######3   | 2675/4204 [11:27<06:22,  3.99it/s]
em: 0.1343, f1: 0.1643, loss: 4.6459 ||:  65%|######4   | 2716/4204 [11:41<06:54,  3.59it/s]
em: 0.1341, f1: 0.1642, loss: 4.6405 ||:  66%|######5   | 2755/4204 [11:51<06:34,  3.67it/s]
em: 0.1342, f1: 0.1643, loss: 4.6357 ||:  66%|######6   | 2795/4204 [12:01<06:15,  3.75it/s]
em: 0.1344, f1: 0.1645, loss: 4.6315 ||:  67%|######7   | 2835/4204 [12:11<06:00,  3.79it/s]
em: 0.1350, f1: 0.1651, loss: 4.6253 ||:  68%|######8   | 2876/4204 [12:21<05:43,  3.86it/s]
em: 0.1356, f1: 0.1659, loss: 4.6176 ||:  69%|######9   | 2917/4204 [12:32<05:30,  3.89it/s]
em: 0.1362, f1: 0.1666, loss: 4.6149 ||:  70%|#######   | 2957/4204 [12:42<05:17,  3.92it/s]
em: 0.1372, f1: 0.1676, loss: 4.6129 ||:  71%|#######1  | 2997/4204 [12:52<05:07,  3.93it/s]
em: 0.1372, f1: 0.1676, loss: 4.6086 ||:  72%|#######2  | 3037/4204 [13:02<04:59,  3.90it/s]
em: 0.1379, f1: 0.1683, loss: 4.6038 ||:  73%|#######3  | 3077/4204 [13:12<04:47,  3.92it/s]
em: 0.1382, f1: 0.1685, loss: 4.5951 ||:  74%|#######4  | 3117/4204 [13:24<04:45,  3.81it/s]
em: 0.1386, f1: 0.1688, loss: 4.5856 ||:  75%|#######5  | 3158/4204 [13:34<04:30,  3.87it/s]
em: 0.1391, f1: 0.1693, loss: 4.5799 ||:  76%|#######6  | 3199/4204 [13:44<04:18,  3.89it/s]
em: 0.1398, f1: 0.1701, loss: 4.5730 ||:  77%|#######7  | 3239/4204 [13:54<04:07,  3.90it/s]
em: 0.1404, f1: 0.1705, loss: 4.5667 ||:  78%|#######8  | 3280/4204 [14:04<03:53,  3.95it/s]
em: 0.1406, f1: 0.1708, loss: 4.5602 ||:  79%|#######8  | 3321/4204 [14:15<03:41,  3.99it/s]
em: 0.1410, f1: 0.1711, loss: 4.5536 ||:  80%|#######9  | 3362/4204 [14:25<03:29,  4.01it/s]
em: 0.1412, f1: 0.1713, loss: 4.5451 ||:  81%|########  | 3403/4204 [14:35<03:18,  4.03it/s]
em: 0.1416, f1: 0.1717, loss: 4.5391 ||:  82%|########1 | 3444/4204 [14:45<03:09,  4.01it/s]
em: 0.1420, f1: 0.1722, loss: 4.5347 ||:  83%|########2 | 3484/4204 [14:55<03:00,  4.00it/s]
em: 0.1422, f1: 0.1724, loss: 4.5301 ||:  84%|########3 | 3524/4204 [15:05<02:51,  3.96it/s]
em: 0.1429, f1: 0.1732, loss: 4.5259 ||:  85%|########4 | 3564/4204 [15:16<02:41,  3.96it/s]
em: 0.1433, f1: 0.1735, loss: 4.5209 ||:  86%|########5 | 3604/4204 [15:26<02:31,  3.96it/s]
em: 0.1438, f1: 0.1740, loss: 4.5149 ||:  87%|########6 | 3644/4204 [15:36<02:21,  3.96it/s]
em: 0.1439, f1: 0.1741, loss: 4.5150 ||:  88%|########7 | 3685/4204 [15:46<02:10,  3.98it/s]
em: 0.1440, f1: 0.1741, loss: 4.5096 ||:  89%|########8 | 3726/4204 [15:58<02:04,  3.84it/s]
em: 0.1442, f1: 0.1742, loss: 4.5027 ||:  90%|########9 | 3766/4204 [16:08<01:53,  3.87it/s]
em: 0.1441, f1: 0.1742, loss: 4.4990 ||:  91%|######### | 3806/4204 [16:18<01:42,  3.88it/s]
em: 0.1446, f1: 0.1747, loss: 4.4949 ||:  91%|#########1| 3845/4204 [16:28<01:32,  3.89it/s]
em: 0.1446, f1: 0.1746, loss: 4.4917 ||:  92%|#########2| 3884/4204 [16:38<01:22,  3.89it/s]
em: 0.1451, f1: 0.1751, loss: 4.4890 ||:  93%|#########3| 3924/4204 [16:48<01:11,  3.90it/s]
em: 0.1447, f1: 0.1751, loss: 4.4935 ||:  94%|#########4| 3965/4204 [16:58<01:00,  3.93it/s]
em: 0.1446, f1: 0.1751, loss: 4.4981 ||:  95%|#########5| 4006/4204 [17:08<00:49,  3.97it/s]
em: 0.1443, f1: 0.1749, loss: 4.5014 ||:  96%|#########6| 4047/4204 [17:19<00:39,  3.98it/s]
em: 0.1441, f1: 0.1748, loss: 4.5057 ||:  97%|#########7| 4088/4204 [17:29<00:29,  3.96it/s]
em: 0.1439, f1: 0.1747, loss: 4.5088 ||:  98%|#########8| 4128/4204 [17:44<00:21,  3.51it/s]
em: 0.1438, f1: 0.1748, loss: 4.5130 ||:  99%|#########9| 4170/4204 [17:54<00:09,  3.68it/s]
em: 0.1435, f1: 0.1745, loss: 4.5174 ||: : 4212it [18:05,  3.73it/s]                        
em: 0.1432, f1: 0.1743, loss: 4.5201 ||: : 4252it [18:15,  3.80it/s]
em: 0.1431, f1: 0.1742, loss: 4.5211 ||: : 4260it [18:17,  3.88it/s]

  0%|          | 0/596 [00:00<?, ?it/s]
em: 0.2393, f1: 0.2702, loss: 1266236.8210 ||:  13%|#2        | 77/596 [00:10<01:11,  7.29it/s]
em: 0.2260, f1: 0.2569, loss: 1560562.0124 ||:  27%|##7       | 161/596 [00:20<00:57,  7.59it/s]
em: 0.2164, f1: 0.2459, loss: 1392860.2778 ||:  41%|####1     | 245/596 [00:30<00:44,  7.80it/s]
em: 0.2144, f1: 0.2439, loss: 1295595.9307 ||:  55%|#####5    | 329/596 [00:40<00:33,  7.93it/s]
em: 0.2145, f1: 0.2425, loss: 1269724.1332 ||:  69%|######9   | 412/596 [00:51<00:23,  7.86it/s]
em: 0.2062, f1: 0.2342, loss: 1407831.5317 ||:  83%|########3 | 495/596 [01:02<00:12,  7.86it/s]
em: 0.1940, f1: 0.2228, loss: 1575633.4731 ||: 100%|#########9| 595/596 [01:12<00:00,  8.38it/s]
em: 0.1935, f1: 0.2223, loss: 1558364.1736 ||: : 604it [01:13,  8.22it/s]                       

  0%|          | 0/4204 [00:00<?, ?it/s]
em: 0.1815, f1: 0.2140, loss: 3.8661 ||:   1%|1         | 43/4204 [00:10<16:18,  4.25it/s]
em: 0.1850, f1: 0.2208, loss: 3.8748 ||:   2%|2         | 89/4204 [00:20<15:48,  4.34it/s]
em: 0.1756, f1: 0.2093, loss: 3.9958 ||:   3%|3         | 135/4204 [00:30<15:38,  4.33it/s]
em: 0.1714, f1: 0.2055, loss: 3.9811 ||:   4%|4         | 179/4204 [00:40<15:26,  4.35it/s]
em: 0.1755, f1: 0.2106, loss: 3.9608 ||:   5%|5         | 224/4204 [00:51<15:09,  4.37it/s]
em: 0.1780, f1: 0.2128, loss: 3.9556 ||:   6%|6         | 269/4204 [01:01<14:56,  4.39it/s]
em: 0.1782, f1: 0.2136, loss: 3.9532 ||:   7%|7         | 314/4204 [01:11<14:40,  4.42it/s]
em: 0.1815, f1: 0.2161, loss: 3.9716 ||:   9%|8         | 359/4204 [01:21<14:42,  4.36it/s]
em: 0.1794, f1: 0.2135, loss: 3.9768 ||:  10%|9         | 403/4204 [01:32<14:35,  4.34it/s]
em: 0.1765, f1: 0.2107, loss: 3.9899 ||:  11%|#         | 448/4204 [01:42<14:19,  4.37it/s]
em: 0.1754, f1: 0.2100, loss: 3.9888 ||:  12%|#1        | 494/4204 [01:52<13:59,  4.42it/s]
em: 0.1766, f1: 0.2111, loss: 3.9777 ||:  13%|#2        | 540/4204 [02:03<14:01,  4.35it/s]
em: 0.1761, f1: 0.2100, loss: 3.9604 ||:  14%|#3        | 585/4204 [02:13<13:47,  4.37it/s]
em: 0.1768, f1: 0.2109, loss: 3.9686 ||:  15%|#4        | 630/4204 [02:23<13:39,  4.36it/s]
em: 0.1772, f1: 0.2109, loss: 3.9571 ||:  16%|#6        | 674/4204 [02:33<13:28,  4.36it/s]
em: 0.1754, f1: 0.2094, loss: 3.9528 ||:  17%|#7        | 720/4204 [02:44<13:07,  4.42it/s]
em: 0.1762, f1: 0.2103, loss: 3.9544 ||:  18%|#8        | 766/4204 [02:54<13:00,  4.40it/s]
em: 0.1755, f1: 0.2091, loss: 3.9464 ||:  19%|#9        | 810/4204 [03:04<12:52,  4.39it/s]
em: 0.1752, f1: 0.2091, loss: 3.9550 ||:  20%|##        | 855/4204 [03:14<12:39,  4.41it/s]
em: 0.1756, f1: 0.2095, loss: 3.9587 ||:  21%|##1       | 900/4204 [03:25<12:33,  4.38it/s]
em: 0.1767, f1: 0.2108, loss: 3.9553 ||:  22%|##2       | 945/4204 [03:35<12:22,  4.39it/s]
em: 0.1766, f1: 0.2105, loss: 3.9437 ||:  24%|##3       | 990/4204 [03:45<12:13,  4.38it/s]
em: 0.1777, f1: 0.2113, loss: 3.9456 ||:  25%|##4       | 1035/4204 [03:55<12:01,  4.39it/s]
em: 0.1781, f1: 0.2118, loss: 3.9511 ||:  26%|##5       | 1080/4204 [04:06<11:53,  4.38it/s]
em: 0.1771, f1: 0.2107, loss: 3.9614 ||:  27%|##6       | 1124/4204 [04:16<11:42,  4.39it/s]
em: 0.1769, f1: 0.2103, loss: 3.9669 ||:  28%|##7       | 1169/4204 [04:26<11:31,  4.39it/s]
em: 0.1782, f1: 0.2113, loss: 3.9606 ||:  29%|##8       | 1213/4204 [04:36<11:21,  4.39it/s]
em: 0.1783, f1: 0.2113, loss: 3.9606 ||:  30%|##9       | 1257/4204 [04:46<11:18,  4.34it/s]
em: 0.1786, f1: 0.2115, loss: 3.9600 ||:  31%|###       | 1302/4204 [04:56<11:02,  4.38it/s]
em: 0.1778, f1: 0.2108, loss: 3.9609 ||:  32%|###2      | 1347/4204 [05:07<10:53,  4.37it/s]
em: 0.1779, f1: 0.2110, loss: 3.9566 ||:  33%|###3      | 1392/4204 [05:17<10:42,  4.38it/s]
em: 0.1789, f1: 0.2118, loss: 3.9492 ||:  34%|###4      | 1436/4204 [05:27<10:34,  4.36it/s]
em: 0.1787, f1: 0.2115, loss: 3.9483 ||:  35%|###5      | 1480/4204 [05:38<10:31,  4.31it/s]
em: 0.1786, f1: 0.2114, loss: 3.9424 ||:  36%|###6      | 1523/4204 [05:48<10:25,  4.28it/s]
em: 0.1794, f1: 0.2122, loss: 3.9445 ||:  37%|###7      | 1568/4204 [05:58<10:09,  4.32it/s]
em: 0.1802, f1: 0.2128, loss: 3.9381 ||:  38%|###8      | 1613/4204 [06:08<09:59,  4.32it/s]
em: 0.1806, f1: 0.2130, loss: 3.9387 ||:  39%|###9      | 1657/4204 [06:19<09:46,  4.34it/s]
em: 0.1809, f1: 0.2132, loss: 3.9358 ||:  40%|####      | 1702/4204 [06:29<09:33,  4.37it/s]
em: 0.1810, f1: 0.2134, loss: 3.9337 ||:  42%|####1     | 1747/4204 [06:39<09:19,  4.39it/s]
em: 0.1810, f1: 0.2134, loss: 3.9274 ||:  43%|####2     | 1792/4204 [06:49<09:14,  4.35it/s]
em: 0.1821, f1: 0.2146, loss: 3.9253 ||:  44%|####3     | 1837/4204 [07:00<09:01,  4.37it/s]
em: 0.1822, f1: 0.2149, loss: 3.9290 ||:  45%|####4     | 1882/4204 [07:10<08:49,  4.38it/s]
em: 0.1820, f1: 0.2148, loss: 3.9254 ||:  46%|####5     | 1927/4204 [07:20<08:37,  4.40it/s]
em: 0.1821, f1: 0.2149, loss: 3.9202 ||:  47%|####6     | 1972/4204 [07:30<08:30,  4.37it/s]
em: 0.1822, f1: 0.2150, loss: 3.9176 ||:  48%|####7     | 2016/4204 [07:41<08:23,  4.35it/s]
em: 0.1827, f1: 0.2156, loss: 3.9128 ||:  49%|####9     | 2060/4204 [07:51<08:14,  4.34it/s]
em: 0.1827, f1: 0.2157, loss: 3.9122 ||:  50%|#####     | 2105/4204 [08:01<08:02,  4.35it/s]
em: 0.1835, f1: 0.2164, loss: 3.9094 ||:  51%|#####1    | 2149/4204 [08:11<07:54,  4.33it/s]
em: 0.1836, f1: 0.2165, loss: 3.9096 ||:  52%|#####2    | 2193/4204 [08:21<07:43,  4.34it/s]
em: 0.1843, f1: 0.2174, loss: 3.9037 ||:  53%|#####3    | 2238/4204 [08:31<07:28,  4.38it/s]
em: 0.1843, f1: 0.2172, loss: 3.9003 ||:  54%|#####4    | 2283/4204 [08:42<07:18,  4.38it/s]
em: 0.1849, f1: 0.2178, loss: 3.8962 ||:  55%|#####5    | 2329/4204 [08:52<07:04,  4.42it/s]
em: 0.1850, f1: 0.2179, loss: 3.8923 ||:  56%|#####6    | 2375/4204 [09:03<06:56,  4.39it/s]
em: 0.1852, f1: 0.2181, loss: 3.8889 ||:  58%|#####7    | 2419/4204 [09:13<06:46,  4.39it/s]
em: 0.1855, f1: 0.2185, loss: 3.8898 ||:  59%|#####8    | 2463/4204 [09:23<06:39,  4.36it/s]
em: 0.1853, f1: 0.2184, loss: 3.8917 ||:  60%|#####9    | 2509/4204 [09:33<06:24,  4.41it/s]
em: 0.1853, f1: 0.2184, loss: 3.8896 ||:  61%|######    | 2555/4204 [09:43<06:13,  4.42it/s]
em: 0.1861, f1: 0.2191, loss: 3.8847 ||:  62%|######1   | 2601/4204 [09:53<06:00,  4.45it/s]
em: 0.1864, f1: 0.2194, loss: 3.8820 ||:  63%|######2   | 2647/4204 [10:04<05:53,  4.41it/s]
em: 0.1873, f1: 0.2203, loss: 3.8759 ||:  64%|######4   | 2692/4204 [10:14<05:41,  4.43it/s]
em: 0.1875, f1: 0.2205, loss: 3.8733 ||:  65%|######5   | 2737/4204 [10:24<05:30,  4.43it/s]
em: 0.1874, f1: 0.2204, loss: 3.8754 ||:  66%|######6   | 2782/4204 [10:35<05:25,  4.37it/s]
em: 0.1872, f1: 0.2202, loss: 3.8758 ||:  67%|######7   | 2827/4204 [10:45<05:13,  4.39it/s]
em: 0.1875, f1: 0.2204, loss: 3.8739 ||:  68%|######8   | 2872/4204 [10:56<05:04,  4.37it/s]
em: 0.1883, f1: 0.2213, loss: 3.8679 ||:  69%|######9   | 2917/4204 [11:06<04:52,  4.40it/s]
em: 0.1885, f1: 0.2214, loss: 3.8715 ||:  70%|#######   | 2962/4204 [11:16<04:43,  4.38it/s]
em: 0.1885, f1: 0.2214, loss: 3.8741 ||:  72%|#######1  | 3006/4204 [11:26<04:35,  4.35it/s]
em: 0.1887, f1: 0.2216, loss: 3.8730 ||:  73%|#######2  | 3049/4204 [11:36<04:27,  4.31it/s]
em: 0.1893, f1: 0.2221, loss: 3.8699 ||:  74%|#######3  | 3094/4204 [11:46<04:14,  4.36it/s]
em: 0.1896, f1: 0.2223, loss: 3.8655 ||:  75%|#######4  | 3139/4204 [11:57<04:03,  4.38it/s]
em: 0.1905, f1: 0.2231, loss: 3.8597 ||:  76%|#######5  | 3184/4204 [12:07<03:53,  4.38it/s]
em: 0.1912, f1: 0.2239, loss: 3.8578 ||:  77%|#######6  | 3228/4204 [12:17<03:43,  4.38it/s]
em: 0.1915, f1: 0.2241, loss: 3.8550 ||:  78%|#######7  | 3272/4204 [12:27<03:33,  4.36it/s]
em: 0.1917, f1: 0.2243, loss: 3.8523 ||:  79%|#######8  | 3318/4204 [12:37<03:20,  4.43it/s]
em: 0.1920, f1: 0.2246, loss: 3.8504 ||:  80%|########  | 3364/4204 [12:47<03:09,  4.44it/s]
em: 0.1928, f1: 0.2252, loss: 3.8436 ||:  81%|########1 | 3410/4204 [12:58<02:57,  4.47it/s]
em: 0.1930, f1: 0.2254, loss: 3.8412 ||:  82%|########2 | 3456/4204 [13:08<02:48,  4.44it/s]
em: 0.1936, f1: 0.2263, loss: 3.8404 ||:  83%|########3 | 3500/4204 [13:18<02:39,  4.41it/s]
em: 0.1941, f1: 0.2267, loss: 3.8398 ||:  84%|########4 | 3544/4204 [13:29<02:31,  4.36it/s]
em: 0.1946, f1: 0.2273, loss: 3.8370 ||:  85%|########5 | 3590/4204 [13:39<02:19,  4.41it/s]
em: 0.1952, f1: 0.2278, loss: 3.8348 ||:  86%|########6 | 3636/4204 [13:49<02:09,  4.40it/s]
em: 0.1954, f1: 0.2279, loss: 3.8372 ||:  88%|########7 | 3681/4204 [13:59<01:58,  4.42it/s]
em: 0.1956, f1: 0.2281, loss: 3.8347 ||:  89%|########8 | 3726/4204 [14:10<01:48,  4.39it/s]
em: 0.1956, f1: 0.2281, loss: 3.8307 ||:  90%|########9 | 3770/4204 [14:20<01:39,  4.38it/s]
em: 0.1959, f1: 0.2283, loss: 3.8291 ||:  91%|######### | 3814/4204 [14:30<01:28,  4.39it/s]
em: 0.1963, f1: 0.2287, loss: 3.8284 ||:  92%|#########1| 3858/4204 [14:40<01:19,  4.36it/s]
em: 0.1965, f1: 0.2290, loss: 3.8274 ||:  93%|#########2| 3902/4204 [14:50<01:09,  4.36it/s]
em: 0.1961, f1: 0.2287, loss: 3.8325 ||:  94%|#########3| 3946/4204 [15:00<00:59,  4.36it/s]
em: 0.1958, f1: 0.2286, loss: 3.8395 ||:  95%|#########4| 3992/4204 [15:10<00:48,  4.41it/s]
em: 0.1952, f1: 0.2281, loss: 3.8514 ||:  96%|#########6| 4038/4204 [15:21<00:37,  4.40it/s]
em: 0.1945, f1: 0.2274, loss: 3.8595 ||:  97%|#########7| 4083/4204 [15:31<00:27,  4.42it/s]
em: 0.1939, f1: 0.2269, loss: 3.8676 ||:  98%|#########8| 4128/4204 [15:41<00:17,  4.43it/s]
em: 0.1931, f1: 0.2261, loss: 3.8773 ||:  99%|#########9| 4174/4204 [15:51<00:06,  4.46it/s]
em: 0.1926, f1: 0.2257, loss: 3.8862 ||: : 4220it [16:02,  4.42it/s]                        
em: 0.1921, f1: 0.2252, loss: 3.8942 ||: : 4260it [16:11,  4.39it/s]

  0%|          | 0/596 [00:00<?, ?it/s]
em: 0.2858, f1: 0.3087, loss: 1356984.6580 ||:  19%|#8        | 111/596 [00:10<00:44, 10.98it/s]
em: 0.2643, f1: 0.2878, loss: 1365953.0692 ||:  37%|###7      | 221/596 [00:20<00:34, 10.90it/s]
em: 0.2571, f1: 0.2802, loss: 1293695.9417 ||:  55%|#####5    | 329/596 [00:30<00:24, 10.86it/s]
em: 0.2604, f1: 0.2838, loss: 1251433.1973 ||:  73%|#######3  | 437/596 [00:41<00:15, 10.56it/s]
em: 0.2417, f1: 0.2657, loss: 1523929.5714 ||:  94%|#########3| 559/596 [00:51<00:03, 11.01it/s]
em: 0.2327, f1: 0.2571, loss: 1558363.8806 ||: : 604it [00:55, 10.79it/s]                       

  0%|          | 0/4204 [00:00<?, ?it/s]
em: 0.2457, f1: 0.2779, loss: 3.3923 ||:   1%|1         | 45/4204 [00:10<15:33,  4.45it/s]
em: 0.2367, f1: 0.2669, loss: 3.5099 ||:   2%|2         | 90/4204 [00:20<15:26,  4.44it/s]
em: 0.2303, f1: 0.2619, loss: 3.5805 ||:   3%|3         | 135/4204 [00:30<15:14,  4.45it/s]
em: 0.2359, f1: 0.2681, loss: 3.5501 ||:   4%|4         | 180/4204 [00:40<15:02,  4.46it/s]
em: 0.2424, f1: 0.2753, loss: 3.5347 ||:   5%|5         | 225/4204 [00:50<14:53,  4.45it/s]
em: 0.2414, f1: 0.2753, loss: 3.5451 ||:   6%|6         | 271/4204 [01:00<14:39,  4.47it/s]
em: 0.2370, f1: 0.2708, loss: 3.5632 ||:   8%|7         | 317/4204 [01:11<14:31,  4.46it/s]
em: 0.2367, f1: 0.2708, loss: 3.6046 ||:   9%|8         | 362/4204 [01:21<14:30,  4.41it/s]
em: 0.2324, f1: 0.2660, loss: 3.6159 ||:  10%|9         | 407/4204 [01:31<14:20,  4.41it/s]
em: 0.2307, f1: 0.2650, loss: 3.6210 ||:  11%|#         | 453/4204 [01:41<14:03,  4.45it/s]
em: 0.2299, f1: 0.2643, loss: 3.6262 ||:  12%|#1        | 499/4204 [01:52<13:56,  4.43it/s]
em: 0.2326, f1: 0.2665, loss: 3.6083 ||:  13%|#2        | 543/4204 [02:02<13:48,  4.42it/s]
em: 0.2334, f1: 0.2671, loss: 3.5839 ||:  14%|#3        | 588/4204 [02:12<13:37,  4.42it/s]
em: 0.2319, f1: 0.2659, loss: 3.5886 ||:  15%|#5        | 633/4204 [02:22<13:29,  4.41it/s]
em: 0.2329, f1: 0.2668, loss: 3.5747 ||:  16%|#6        | 677/4204 [02:32<13:23,  4.39it/s]
em: 0.2315, f1: 0.2656, loss: 3.5729 ||:  17%|#7        | 723/4204 [02:43<13:03,  4.44it/s]
em: 0.2334, f1: 0.2673, loss: 3.5696 ||:  18%|#8        | 769/4204 [02:53<12:51,  4.45it/s]
em: 0.2327, f1: 0.2668, loss: 3.5638 ||:  19%|#9        | 814/4204 [03:03<12:49,  4.41it/s]
em: 0.2309, f1: 0.2654, loss: 3.5753 ||:  20%|##        | 861/4204 [03:13<12:25,  4.48it/s]
em: 0.2301, f1: 0.2648, loss: 3.5816 ||:  22%|##1       | 908/4204 [03:24<12:22,  4.44it/s]
em: 0.2320, f1: 0.2668, loss: 3.5731 ||:  23%|##2       | 953/4204 [03:34<12:10,  4.45it/s]
em: 0.2312, f1: 0.2659, loss: 3.5639 ||:  24%|##3       | 998/4204 [03:44<12:01,  4.44it/s]
em: 0.2325, f1: 0.2674, loss: 3.5704 ||:  25%|##4       | 1043/4204 [03:54<11:51,  4.44it/s]
em: 0.2336, f1: 0.2679, loss: 3.5794 ||:  26%|##5       | 1088/4204 [04:05<11:41,  4.44it/s]
em: 0.2328, f1: 0.2676, loss: 3.5838 ||:  27%|##6       | 1133/4204 [04:15<11:36,  4.41it/s]
em: 0.2328, f1: 0.2673, loss: 3.5896 ||:  28%|##8       | 1179/4204 [04:25<11:24,  4.42it/s]
em: 0.2342, f1: 0.2689, loss: 3.5826 ||:  29%|##9       | 1224/4204 [04:36<11:13,  4.42it/s]
em: 0.2338, f1: 0.2683, loss: 3.5808 ||:  30%|###       | 1269/4204 [04:46<11:06,  4.41it/s]
em: 0.2335, f1: 0.2681, loss: 3.5815 ||:  31%|###1      | 1315/4204 [04:56<10:51,  4.44it/s]
em: 0.2338, f1: 0.2682, loss: 3.5810 ||:  32%|###2      | 1361/4204 [05:07<10:42,  4.42it/s]
em: 0.2338, f1: 0.2684, loss: 3.5807 ||:  33%|###3      | 1405/4204 [05:17<10:34,  4.41it/s]
em: 0.2347, f1: 0.2692, loss: 3.5756 ||:  34%|###4      | 1449/4204 [05:27<10:28,  4.38it/s]
em: 0.2339, f1: 0.2687, loss: 3.5741 ||:  36%|###5      | 1493/4204 [05:37<10:24,  4.34it/s]
em: 0.2333, f1: 0.2684, loss: 3.5762 ||:  37%|###6      | 1537/4204 [05:47<10:12,  4.35it/s]
em: 0.2339, f1: 0.2689, loss: 3.5713 ||:  38%|###7      | 1582/4204 [05:57<09:59,  4.38it/s]
em: 0.2338, f1: 0.2690, loss: 3.5709 ||:  39%|###8      | 1628/4204 [06:07<09:42,  4.42it/s]
em: 0.2336, f1: 0.2688, loss: 3.5742 ||:  40%|###9      | 1674/4204 [06:18<09:34,  4.40it/s]
em: 0.2331, f1: 0.2682, loss: 3.5732 ||:  41%|####      | 1719/4204 [06:28<09:22,  4.42it/s]
em: 0.2331, f1: 0.2682, loss: 3.5742 ||:  42%|####1     | 1765/4204 [06:38<09:07,  4.46it/s]
em: 0.2323, f1: 0.2674, loss: 3.5726 ||:  43%|####3     | 1811/4204 [06:49<09:00,  4.43it/s]
em: 0.2324, f1: 0.2675, loss: 3.5741 ||:  44%|####4     | 1855/4204 [06:59<08:52,  4.41it/s]
em: 0.2328, f1: 0.2681, loss: 3.5780 ||:  45%|####5     | 1901/4204 [07:09<08:39,  4.44it/s]
em: 0.2327, f1: 0.2681, loss: 3.5750 ||:  46%|####6     | 1946/4204 [07:19<08:29,  4.43it/s]
em: 0.2333, f1: 0.2685, loss: 3.5707 ||:  47%|####7     | 1991/4204 [07:29<08:21,  4.41it/s]
em: 0.2336, f1: 0.2689, loss: 3.5681 ||:  48%|####8     | 2036/4204 [07:40<08:11,  4.41it/s]
em: 0.2333, f1: 0.2688, loss: 3.5669 ||:  49%|####9     | 2080/4204 [07:50<08:03,  4.39it/s]
em: 0.2332, f1: 0.2686, loss: 3.5676 ||:  51%|#####     | 2124/4204 [08:00<07:53,  4.39it/s]
em: 0.2333, f1: 0.2685, loss: 3.5721 ||:  52%|#####1    | 2168/4204 [08:10<07:45,  4.37it/s]
em: 0.2334, f1: 0.2688, loss: 3.5690 ||:  53%|#####2    | 2213/4204 [08:20<07:33,  4.39it/s]
em: 0.2339, f1: 0.2693, loss: 3.5644 ||:  54%|#####3    | 2259/4204 [08:30<07:19,  4.42it/s]
em: 0.2342, f1: 0.2695, loss: 3.5625 ||:  55%|#####4    | 2305/4204 [08:41<07:07,  4.44it/s]
em: 0.2343, f1: 0.2697, loss: 3.5612 ||:  56%|#####5    | 2351/4204 [08:51<06:54,  4.47it/s]
em: 0.2338, f1: 0.2691, loss: 3.5598 ||:  57%|#####7    | 2397/4204 [09:01<06:48,  4.43it/s]
em: 0.2342, f1: 0.2697, loss: 3.5605 ||:  58%|#####8    | 2441/4204 [09:11<06:39,  4.41it/s]
em: 0.2340, f1: 0.2696, loss: 3.5628 ||:  59%|#####9    | 2486/4204 [09:22<06:28,  4.42it/s]
em: 0.2338, f1: 0.2695, loss: 3.5625 ||:  60%|######    | 2532/4204 [09:32<06:13,  4.47it/s]
em: 0.2340, f1: 0.2696, loss: 3.5644 ||:  61%|######1   | 2579/4204 [09:42<05:59,  4.51it/s]
em: 0.2345, f1: 0.2700, loss: 3.5584 ||:  62%|######2   | 2626/4204 [09:53<05:52,  4.47it/s]
em: 0.2343, f1: 0.2697, loss: 3.5585 ||:  64%|######3   | 2671/4204 [10:03<05:43,  4.46it/s]
em: 0.2344, f1: 0.2697, loss: 3.5554 ||:  65%|######4   | 2716/4204 [10:13<05:33,  4.47it/s]
em: 0.2342, f1: 0.2695, loss: 3.5561 ||:  66%|######5   | 2761/4204 [10:23<05:25,  4.44it/s]
em: 0.2337, f1: 0.2691, loss: 3.5569 ||:  67%|######6   | 2805/4204 [10:33<05:17,  4.40it/s]
em: 0.2334, f1: 0.2689, loss: 3.5572 ||:  68%|######7   | 2849/4204 [10:43<05:08,  4.40it/s]
em: 0.2336, f1: 0.2690, loss: 3.5559 ||:  69%|######8   | 2893/4204 [10:53<04:58,  4.40it/s]
em: 0.2341, f1: 0.2697, loss: 3.5547 ||:  70%|######9   | 2938/4204 [11:03<04:47,  4.40it/s]
em: 0.2341, f1: 0.2696, loss: 3.5600 ||:  71%|#######   | 2983/4204 [11:14<04:38,  4.39it/s]
em: 0.2347, f1: 0.2701, loss: 3.5603 ||:  72%|#######2  | 3027/4204 [11:24<04:29,  4.37it/s]
em: 0.2346, f1: 0.2700, loss: 3.5618 ||:  73%|#######3  | 3071/4204 [11:34<04:19,  4.37it/s]
em: 0.2349, f1: 0.2702, loss: 3.5579 ||:  74%|#######4  | 3115/4204 [11:44<04:08,  4.38it/s]
em: 0.2350, f1: 0.2704, loss: 3.5524 ||:  75%|#######5  | 3159/4204 [11:54<03:58,  4.38it/s]
em: 0.2354, f1: 0.2707, loss: 3.5528 ||:  76%|#######6  | 3203/4204 [12:04<03:49,  4.36it/s]
em: 0.2359, f1: 0.2712, loss: 3.5501 ||:  77%|#######7  | 3248/4204 [12:14<03:37,  4.39it/s]
em: 0.2361, f1: 0.2713, loss: 3.5476 ||:  78%|#######8  | 3293/4204 [12:24<03:26,  4.42it/s]
em: 0.2359, f1: 0.2711, loss: 3.5477 ||:  79%|#######9  | 3339/4204 [12:34<03:14,  4.45it/s]
em: 0.2360, f1: 0.2712, loss: 3.5443 ||:  81%|########  | 3385/4204 [12:45<03:03,  4.47it/s]
em: 0.2365, f1: 0.2715, loss: 3.5414 ||:  82%|########1 | 3431/4204 [12:55<02:52,  4.48it/s]
em: 0.2365, f1: 0.2717, loss: 3.5414 ||:  83%|########2 | 3477/4204 [13:05<02:43,  4.44it/s]
em: 0.2366, f1: 0.2718, loss: 3.5415 ||:  84%|########3 | 3521/4204 [13:16<02:35,  4.38it/s]
em: 0.2367, f1: 0.2721, loss: 3.5412 ||:  85%|########4 | 3566/4204 [13:26<02:24,  4.42it/s]
em: 0.2373, f1: 0.2726, loss: 3.5384 ||:  86%|########5 | 3611/4204 [13:36<02:15,  4.39it/s]
em: 0.2375, f1: 0.2728, loss: 3.5389 ||:  87%|########6 | 3656/4204 [13:46<02:04,  4.39it/s]
em: 0.2374, f1: 0.2726, loss: 3.5418 ||:  88%|########8 | 3701/4204 [13:57<01:54,  4.40it/s]
em: 0.2373, f1: 0.2725, loss: 3.5396 ||:  89%|########9 | 3746/4204 [14:07<01:43,  4.43it/s]
em: 0.2371, f1: 0.2723, loss: 3.5381 ||:  90%|######### | 3791/4204 [14:17<01:33,  4.41it/s]
em: 0.2376, f1: 0.2728, loss: 3.5371 ||:  91%|#########1| 3835/4204 [14:27<01:23,  4.40it/s]
em: 0.2378, f1: 0.2730, loss: 3.5370 ||:  92%|#########2| 3879/4204 [14:37<01:14,  4.36it/s]
em: 0.2376, f1: 0.2729, loss: 3.5400 ||:  93%|#########3| 3923/4204 [14:47<01:04,  4.36it/s]
em: 0.2369, f1: 0.2723, loss: 3.5477 ||:  94%|#########4| 3969/4204 [14:58<00:53,  4.41it/s]
em: 0.2362, f1: 0.2716, loss: 3.5580 ||:  96%|#########5| 4015/4204 [15:08<00:42,  4.40it/s]
em: 0.2354, f1: 0.2708, loss: 3.5696 ||:  97%|#########6| 4061/4204 [15:18<00:32,  4.44it/s]
em: 0.2345, f1: 0.2699, loss: 3.5785 ||:  98%|#########7| 4107/4204 [15:29<00:22,  4.39it/s]
em: 0.2334, f1: 0.2689, loss: 3.5905 ||:  99%|#########8| 4153/4204 [15:39<00:11,  4.43it/s]
em: 0.2323, f1: 0.2678, loss: 3.6008 ||: 100%|#########9| 4199/4204 [15:50<00:01,  4.43it/s]
em: 0.2313, f1: 0.2669, loss: 3.6103 ||: : 4244it [16:00,  4.41it/s]                        
em: 0.2308, f1: 0.2664, loss: 3.6138 ||: : 4260it [16:03,  4.42it/s]

  0%|          | 0/596 [00:00<?, ?it/s]
em: 0.3005, f1: 0.3223, loss: 1363638.9272 ||:  18%|#8        | 110/596 [00:10<00:44, 10.99it/s]
em: 0.2776, f1: 0.2995, loss: 1375002.6929 ||:  37%|###6      | 220/596 [00:20<00:34, 10.90it/s]
em: 0.2780, f1: 0.2992, loss: 1299545.4816 ||:  55%|#####5    | 328/596 [00:30<00:24, 10.86it/s]
em: 0.2827, f1: 0.3043, loss: 1254303.3081 ||:  73%|#######3  | 436/596 [00:41<00:15, 10.58it/s]
em: 0.2621, f1: 0.2851, loss: 1521060.1235 ||:  94%|#########3| 558/596 [00:51<00:03, 10.99it/s]
em: 0.2510, f1: 0.2746, loss: 1558363.7426 ||: : 604it [00:55, 10.80it/s]                       

  0%|          | 0/4204 [00:00<?, ?it/s]
em: 0.2706, f1: 0.3061, loss: 3.2298 ||:   1%|1         | 43/4204 [00:10<16:09,  4.29it/s]
em: 0.2606, f1: 0.2899, loss: 3.2843 ||:   2%|2         | 90/4204 [00:20<15:36,  4.39it/s]
em: 0.2546, f1: 0.2865, loss: 3.3661 ||:   3%|3         | 137/4204 [00:30<15:24,  4.40it/s]
em: 0.2577, f1: 0.2892, loss: 3.3512 ||:   4%|4         | 182/4204 [00:40<15:13,  4.40it/s]
em: 0.2640, f1: 0.2954, loss: 3.3351 ||:   5%|5         | 227/4204 [00:51<14:59,  4.42it/s]
em: 0.2642, f1: 0.2964, loss: 3.3564 ||:   6%|6         | 272/4204 [01:01<14:46,  4.44it/s]
em: 0.2628, f1: 0.2956, loss: 3.3607 ||:   8%|7         | 318/4204 [01:11<14:26,  4.48it/s]
em: 0.2622, f1: 0.2945, loss: 3.3948 ||:   9%|8         | 364/4204 [01:22<14:35,  4.39it/s]
em: 0.2559, f1: 0.2883, loss: 3.4221 ||:  10%|9         | 408/4204 [01:32<14:27,  4.38it/s]
em: 0.2575, f1: 0.2903, loss: 3.4140 ||:  11%|#         | 454/4204 [01:42<14:06,  4.43it/s]
em: 0.2565, f1: 0.2895, loss: 3.4149 ||:  12%|#1        | 500/4204 [01:52<13:52,  4.45it/s]
em: 0.2588, f1: 0.2915, loss: 3.3984 ||:  13%|#2        | 546/4204 [02:03<13:50,  4.41it/s]
em: 0.2606, f1: 0.2937, loss: 3.3776 ||:  14%|#4        | 592/4204 [02:13<13:32,  4.44it/s]
em: 0.2608, f1: 0.2946, loss: 3.3839 ||:  15%|#5        | 638/4204 [02:24<13:35,  4.38it/s]
em: 0.2604, f1: 0.2942, loss: 3.3763 ||:  16%|#6        | 683/4204 [02:34<13:18,  4.41it/s]
em: 0.2603, f1: 0.2942, loss: 3.3715 ||:  17%|#7        | 729/4204 [02:44<13:01,  4.45it/s]
em: 0.2606, f1: 0.2948, loss: 3.3733 ||:  18%|#8        | 775/4204 [02:54<12:49,  4.46it/s]
em: 0.2601, f1: 0.2942, loss: 3.3784 ||:  20%|#9        | 820/4204 [03:04<12:42,  4.44it/s]
em: 0.2596, f1: 0.2941, loss: 3.3827 ||:  21%|##        | 867/4204 [03:15<12:23,  4.49it/s]
em: 0.2585, f1: 0.2934, loss: 3.3968 ||:  22%|##1       | 913/4204 [03:25<12:22,  4.43it/s]
em: 0.2608, f1: 0.2956, loss: 3.3876 ||:  23%|##2       | 958/4204 [03:36<12:14,  4.42it/s]
em: 0.2602, f1: 0.2951, loss: 3.3825 ||:  24%|##3       | 1003/4204 [03:46<12:00,  4.44it/s]
em: 0.2618, f1: 0.2966, loss: 3.3822 ||:  25%|##4       | 1048/4204 [03:56<11:47,  4.46it/s]
em: 0.2604, f1: 0.2954, loss: 3.3954 ||:  26%|##5       | 1093/4204 [04:06<11:41,  4.44it/s]
em: 0.2596, f1: 0.2948, loss: 3.4030 ||:  27%|##7       | 1137/4204 [04:16<11:33,  4.42it/s]
em: 0.2601, f1: 0.2953, loss: 3.3995 ||:  28%|##8       | 1181/4204 [04:26<11:24,  4.41it/s]
em: 0.2613, f1: 0.2964, loss: 3.3933 ||:  29%|##9       | 1225/4204 [04:36<11:19,  4.39it/s]
em: 0.2610, f1: 0.2958, loss: 3.3929 ||:  30%|###       | 1270/4204 [04:46<11:06,  4.40it/s]
em: 0.2603, f1: 0.2952, loss: 3.3925 ||:  31%|###1      | 1315/4204 [04:56<10:53,  4.42it/s]
em: 0.2599, f1: 0.2951, loss: 3.3953 ||:  32%|###2      | 1360/4204 [05:06<10:42,  4.43it/s]
em: 0.2605, f1: 0.2960, loss: 3.3934 ||:  33%|###3      | 1405/4204 [05:17<10:36,  4.40it/s]
em: 0.2611, f1: 0.2964, loss: 3.3902 ||:  34%|###4      | 1449/4204 [05:27<10:33,  4.35it/s]
em: 0.2601, f1: 0.2956, loss: 3.3904 ||:  35%|###5      | 1492/4204 [05:37<10:27,  4.32it/s]
em: 0.2596, f1: 0.2952, loss: 3.3925 ||:  37%|###6      | 1536/4204 [05:47<10:14,  4.34it/s]
em: 0.2605, f1: 0.2960, loss: 3.3887 ||:  38%|###7      | 1581/4204 [05:57<10:00,  4.37it/s]
em: 0.2604, f1: 0.2958, loss: 3.3892 ||:  39%|###8      | 1626/4204 [06:08<09:47,  4.39it/s]
em: 0.2602, f1: 0.2953, loss: 3.3946 ||:  40%|###9      | 1671/4204 [06:18<09:35,  4.40it/s]
em: 0.2599, f1: 0.2950, loss: 3.3953 ||:  41%|####      | 1716/4204 [06:28<09:24,  4.41it/s]
em: 0.2597, f1: 0.2946, loss: 3.3943 ||:  42%|####1     | 1762/4204 [06:38<09:10,  4.43it/s]
em: 0.2594, f1: 0.2943, loss: 3.3956 ||:  43%|####2     | 1807/4204 [06:48<09:01,  4.42it/s]
em: 0.2601, f1: 0.2950, loss: 3.3959 ||:  44%|####4     | 1852/4204 [06:59<08:51,  4.43it/s]
em: 0.2600, f1: 0.2949, loss: 3.3982 ||:  45%|####5     | 1897/4204 [07:09<08:39,  4.44it/s]
em: 0.2594, f1: 0.2943, loss: 3.3970 ||:  46%|####6     | 1942/4204 [07:19<08:33,  4.40it/s]
em: 0.2597, f1: 0.2946, loss: 3.3945 ||:  47%|####7     | 1986/4204 [07:29<08:24,  4.39it/s]
em: 0.2592, f1: 0.2942, loss: 3.3967 ||:  48%|####8     | 2030/4204 [07:39<08:17,  4.37it/s]
em: 0.2590, f1: 0.2943, loss: 3.3961 ||:  49%|####9     | 2074/4204 [07:49<08:06,  4.38it/s]
em: 0.2588, f1: 0.2941, loss: 3.3967 ||:  50%|#####     | 2119/4204 [07:59<07:54,  4.40it/s]
em: 0.2591, f1: 0.2943, loss: 3.4011 ||:  51%|#####1    | 2164/4204 [08:10<07:47,  4.37it/s]
em: 0.2591, f1: 0.2943, loss: 3.3981 ||:  53%|#####2    | 2208/4204 [08:20<07:37,  4.36it/s]
em: 0.2593, f1: 0.2946, loss: 3.3968 ||:  54%|#####3    | 2254/4204 [08:30<07:22,  4.41it/s]
em: 0.2596, f1: 0.2947, loss: 3.3938 ||:  55%|#####4    | 2300/4204 [08:40<07:08,  4.44it/s]
em: 0.2588, f1: 0.2940, loss: 3.3952 ||:  56%|#####5    | 2346/4204 [08:51<06:58,  4.44it/s]
em: 0.2583, f1: 0.2936, loss: 3.3936 ||:  57%|#####6    | 2391/4204 [09:01<06:49,  4.43it/s]
em: 0.2590, f1: 0.2943, loss: 3.3925 ||:  58%|#####7    | 2435/4204 [09:11<06:41,  4.40it/s]
em: 0.2587, f1: 0.2942, loss: 3.3966 ||:  59%|#####8    | 2480/4204 [09:21<06:30,  4.42it/s]
em: 0.2587, f1: 0.2940, loss: 3.3981 ||:  60%|######    | 2526/4204 [09:31<06:17,  4.45it/s]
em: 0.2586, f1: 0.2941, loss: 3.3969 ||:  61%|######1   | 2573/4204 [09:42<06:02,  4.50it/s]
em: 0.2589, f1: 0.2943, loss: 3.3946 ||:  62%|######2   | 2620/4204 [09:52<05:53,  4.48it/s]
em: 0.2589, f1: 0.2942, loss: 3.3950 ||:  63%|######3   | 2665/4204 [10:02<05:46,  4.44it/s]
em: 0.2597, f1: 0.2950, loss: 3.3894 ||:  64%|######4   | 2711/4204 [10:12<05:33,  4.48it/s]
em: 0.2593, f1: 0.2946, loss: 3.3913 ||:  66%|######5   | 2757/4204 [10:23<05:25,  4.45it/s]
em: 0.2588, f1: 0.2941, loss: 3.3933 ||:  67%|######6   | 2801/4204 [10:33<05:18,  4.41it/s]
em: 0.2586, f1: 0.2940, loss: 3.3941 ||:  68%|######7   | 2845/4204 [10:43<05:08,  4.40it/s]
em: 0.2588, f1: 0.2942, loss: 3.3926 ||:  69%|######8   | 2890/4204 [10:53<04:57,  4.41it/s]
em: 0.2594, f1: 0.2949, loss: 3.3914 ||:  70%|######9   | 2935/4204 [11:04<04:47,  4.41it/s]
em: 0.2593, f1: 0.2948, loss: 3.3954 ||:  71%|#######   | 2980/4204 [11:14<04:37,  4.41it/s]
em: 0.2593, f1: 0.2949, loss: 3.3981 ||:  72%|#######1  | 3025/4204 [11:24<04:29,  4.37it/s]
em: 0.2595, f1: 0.2951, loss: 3.4002 ||:  73%|#######3  | 3069/4204 [11:34<04:19,  4.37it/s]
em: 0.2598, f1: 0.2953, loss: 3.3964 ||:  74%|#######4  | 3114/4204 [11:45<04:08,  4.39it/s]
em: 0.2600, f1: 0.2957, loss: 3.3910 ||:  75%|#######5  | 3159/4204 [11:55<03:58,  4.38it/s]
em: 0.2604, f1: 0.2959, loss: 3.3905 ||:  76%|#######6  | 3204/4204 [12:05<03:47,  4.39it/s]
em: 0.2607, f1: 0.2961, loss: 3.3896 ||:  77%|#######7  | 3249/4204 [12:15<03:37,  4.40it/s]
em: 0.2610, f1: 0.2964, loss: 3.3866 ||:  78%|#######8  | 3295/4204 [12:25<03:24,  4.46it/s]
em: 0.2611, f1: 0.2965, loss: 3.3861 ||:  79%|#######9  | 3341/4204 [12:36<03:13,  4.45it/s]
em: 0.2613, f1: 0.2966, loss: 3.3824 ||:  81%|########  | 3387/4204 [12:46<03:01,  4.49it/s]
em: 0.2618, f1: 0.2970, loss: 3.3781 ||:  82%|########1 | 3433/4204 [12:56<02:53,  4.44it/s]
em: 0.2619, f1: 0.2972, loss: 3.3795 ||:  83%|########2 | 3478/4204 [13:06<02:42,  4.46it/s]
em: 0.2620, f1: 0.2973, loss: 3.3802 ||:  84%|########3 | 3523/4204 [13:17<02:35,  4.38it/s]
em: 0.2625, f1: 0.2978, loss: 3.3806 ||:  85%|########4 | 3569/4204 [13:27<02:23,  4.42it/s]
em: 0.2630, f1: 0.2984, loss: 3.3773 ||:  86%|########5 | 3615/4204 [13:38<02:13,  4.42it/s]
em: 0.2628, f1: 0.2982, loss: 3.3791 ||:  87%|########7 | 3660/4204 [13:48<02:02,  4.43it/s]
em: 0.2626, f1: 0.2980, loss: 3.3805 ||:  88%|########8 | 3705/4204 [13:58<01:52,  4.43it/s]
em: 0.2629, f1: 0.2984, loss: 3.3771 ||:  89%|########9 | 3750/4204 [14:08<01:42,  4.45it/s]
em: 0.2625, f1: 0.2979, loss: 3.3766 ||:  90%|######### | 3795/4204 [14:18<01:32,  4.42it/s]
em: 0.2632, f1: 0.2986, loss: 3.3754 ||:  91%|#########1| 3839/4204 [14:28<01:23,  4.39it/s]
em: 0.2629, f1: 0.2982, loss: 3.3770 ||:  92%|#########2| 3883/4204 [14:39<01:13,  4.37it/s]
em: 0.2627, f1: 0.2982, loss: 3.3798 ||:  93%|#########3| 3927/4204 [14:49<01:03,  4.35it/s]
em: 0.2619, f1: 0.2975, loss: 3.3890 ||:  94%|#########4| 3972/4204 [14:59<00:52,  4.39it/s]
em: 0.2609, f1: 0.2965, loss: 3.4002 ||:  96%|#########5| 4017/4204 [15:09<00:42,  4.42it/s]
em: 0.2599, f1: 0.2955, loss: 3.4113 ||:  97%|#########6| 4062/4204 [15:19<00:32,  4.42it/s]
em: 0.2588, f1: 0.2945, loss: 3.4202 ||:  98%|#########7| 4107/4204 [15:29<00:22,  4.39it/s]
em: 0.2579, f1: 0.2935, loss: 3.4313 ||:  99%|#########8| 4152/4204 [15:39<00:11,  4.42it/s]
em: 0.2566, f1: 0.2923, loss: 3.4414 ||: 100%|#########9| 4198/4204 [15:50<00:01,  4.44it/s]
em: 0.2553, f1: 0.2911, loss: 3.4518 ||: : 4243it [16:00,  4.39it/s]                        
em: 0.2548, f1: 0.2906, loss: 3.4557 ||: : 4260it [16:04,  4.42it/s]

  0%|          | 0/596 [00:00<?, ?it/s]
em: 0.3392, f1: 0.3635, loss: 1356984.3944 ||:  19%|#8        | 111/596 [00:10<00:43, 11.02it/s]
em: 0.3186, f1: 0.3434, loss: 1362615.1706 ||:  37%|###7      | 222/596 [00:20<00:34, 10.92it/s]
em: 0.3123, f1: 0.3356, loss: 1293563.2634 ||:  55%|#####5    | 330/596 [00:30<00:24, 10.87it/s]
em: 0.3147, f1: 0.3382, loss: 1252856.5817 ||:  73%|#######3  | 438/596 [00:41<00:14, 10.64it/s]
em: 0.2921, f1: 0.3160, loss: 1521838.6417 ||:  94%|#########4| 561/596 [00:51<00:03, 11.07it/s]
em: 0.2800, f1: 0.3047, loss: 1559398.3713 ||: : 604it [00:55, 10.85it/s]                       

  0%|          | 0/4204 [00:00<?, ?it/s]
em: 0.2888, f1: 0.3265, loss: 2.9886 ||:   1%|1         | 44/4204 [00:10<16:01,  4.33it/s]
em: 0.2993, f1: 0.3308, loss: 3.1299 ||:   2%|2         | 91/4204 [00:20<15:33,  4.41it/s]
em: 0.2806, f1: 0.3129, loss: 3.2571 ||:   3%|3         | 137/4204 [00:30<15:23,  4.40it/s]
em: 0.2824, f1: 0.3167, loss: 3.2171 ||:   4%|4         | 182/4204 [00:41<15:15,  4.39it/s]
em: 0.2882, f1: 0.3222, loss: 3.1919 ||:   5%|5         | 227/4204 [00:51<14:58,  4.43it/s]
em: 0.2870, f1: 0.3218, loss: 3.1903 ||:   6%|6         | 272/4204 [01:01<14:47,  4.43it/s]
em: 0.2875, f1: 0.3220, loss: 3.2141 ||:   8%|7         | 318/4204 [01:11<14:32,  4.46it/s]
em: 0.2826, f1: 0.3186, loss: 3.2599 ||:   9%|8         | 364/4204 [01:22<14:34,  4.39it/s]
em: 0.2787, f1: 0.3139, loss: 3.2844 ||:  10%|9         | 408/4204 [01:32<14:27,  4.38it/s]
em: 0.2776, f1: 0.3131, loss: 3.2810 ||:  11%|#         | 454/4204 [01:42<14:05,  4.44it/s]
em: 0.2792, f1: 0.3142, loss: 3.2910 ||:  12%|#1        | 500/4204 [01:52<13:55,  4.43it/s]
em: 0.2826, f1: 0.3176, loss: 3.2788 ||:  13%|#2        | 545/4204 [02:03<13:47,  4.42it/s]
em: 0.2836, f1: 0.3188, loss: 3.2524 ||:  14%|#4        | 589/4204 [02:13<13:42,  4.39it/s]
em: 0.2846, f1: 0.3208, loss: 3.2434 ||:  15%|#5        | 634/4204 [02:23<13:29,  4.41it/s]
em: 0.2839, f1: 0.3199, loss: 3.2391 ||:  16%|#6        | 679/4204 [02:33<13:24,  4.38it/s]
em: 0.2824, f1: 0.3187, loss: 3.2434 ||:  17%|#7        | 725/4204 [02:43<13:04,  4.43it/s]
em: 0.2833, f1: 0.3196, loss: 3.2404 ||:  18%|#8        | 771/4204 [02:54<12:54,  4.43it/s]
em: 0.2828, f1: 0.3195, loss: 3.2356 ||:  19%|#9        | 816/4204 [03:04<12:44,  4.43it/s]
em: 0.2818, f1: 0.3185, loss: 3.2540 ||:  21%|##        | 863/4204 [03:14<12:25,  4.48it/s]
em: 0.2810, f1: 0.3177, loss: 3.2629 ||:  22%|##1       | 910/4204 [03:25<12:24,  4.43it/s]
em: 0.2826, f1: 0.3191, loss: 3.2497 ||:  23%|##2       | 954/4204 [03:35<12:15,  4.42it/s]
em: 0.2817, f1: 0.3182, loss: 3.2457 ||:  24%|##3       | 999/4204 [03:45<12:02,  4.44it/s]
em: 0.2824, f1: 0.3187, loss: 3.2532 ||:  25%|##4       | 1044/4204 [03:55<11:52,  4.43it/s]
em: 0.2828, f1: 0.3190, loss: 3.2601 ||:  26%|##5       | 1089/4204 [04:05<11:42,  4.43it/s]
em: 0.2834, f1: 0.3198, loss: 3.2646 ||:  27%|##6       | 1134/4204 [04:16<11:33,  4.43it/s]
em: 0.2839, f1: 0.3204, loss: 3.2642 ||:  28%|##8       | 1179/4204 [04:26<11:29,  4.39it/s]
em: 0.2853, f1: 0.3216, loss: 3.2533 ||:  29%|##9       | 1224/4204 [04:36<11:18,  4.39it/s]
em: 0.2857, f1: 0.3219, loss: 3.2564 ||:  30%|###       | 1269/4204 [04:47<11:10,  4.38it/s]
em: 0.2854, f1: 0.3216, loss: 3.2573 ||:  31%|###1      | 1314/4204 [04:57<10:56,  4.40it/s]
em: 0.2863, f1: 0.3226, loss: 3.2574 ||:  32%|###2      | 1360/4204 [05:07<10:40,  4.44it/s]
em: 0.2855, f1: 0.3221, loss: 3.2581 ||:  33%|###3      | 1406/4204 [05:18<10:34,  4.41it/s]
em: 0.2863, f1: 0.3227, loss: 3.2539 ||:  34%|###4      | 1450/4204 [05:28<10:29,  4.37it/s]
em: 0.2859, f1: 0.3225, loss: 3.2522 ||:  36%|###5      | 1494/4204 [05:38<10:22,  4.35it/s]
em: 0.2859, f1: 0.3226, loss: 3.2529 ||:  37%|###6      | 1538/4204 [05:48<10:12,  4.35it/s]
em: 0.2859, f1: 0.3226, loss: 3.2511 ||:  38%|###7      | 1583/4204 [05:58<09:56,  4.39it/s]
em: 0.2858, f1: 0.3227, loss: 3.2495 ||:  39%|###8      | 1628/4204 [06:08<09:44,  4.41it/s]
em: 0.2853, f1: 0.3220, loss: 3.2564 ||:  40%|###9      | 1673/4204 [06:19<09:35,  4.40it/s]
em: 0.2848, f1: 0.3215, loss: 3.2556 ||:  41%|####      | 1718/4204 [06:29<09:24,  4.41it/s]
em: 0.2845, f1: 0.3211, loss: 3.2549 ||:  42%|####1     | 1764/4204 [06:39<09:10,  4.43it/s]
em: 0.2838, f1: 0.3204, loss: 3.2565 ||:  43%|####3     | 1809/4204 [06:49<08:59,  4.44it/s]
em: 0.2842, f1: 0.3206, loss: 3.2556 ||:  44%|####4     | 1854/4204 [06:59<08:52,  4.42it/s]
em: 0.2838, f1: 0.3204, loss: 3.2591 ||:  45%|####5     | 1899/4204 [07:09<08:39,  4.44it/s]
em: 0.2834, f1: 0.3202, loss: 3.2568 ||:  46%|####6     | 1944/4204 [07:20<08:32,  4.41it/s]
em: 0.2838, f1: 0.3207, loss: 3.2546 ||:  47%|####7     | 1988/4204 [07:30<08:23,  4.40it/s]
em: 0.2837, f1: 0.3209, loss: 3.2539 ||:  48%|####8     | 2032/4204 [07:40<08:14,  4.39it/s]
em: 0.2836, f1: 0.3208, loss: 3.2524 ||:  49%|####9     | 2076/4204 [07:50<08:06,  4.38it/s]
em: 0.2829, f1: 0.3202, loss: 3.2533 ||:  50%|#####     | 2121/4204 [08:00<07:54,  4.39it/s]
em: 0.2826, f1: 0.3199, loss: 3.2574 ||:  52%|#####1    | 2166/4204 [08:11<07:47,  4.36it/s]
em: 0.2829, f1: 0.3201, loss: 3.2553 ||:  53%|#####2    | 2209/4204 [08:21<07:39,  4.34it/s]
em: 0.2838, f1: 0.3211, loss: 3.2512 ||:  54%|#####3    | 2256/4204 [08:31<07:21,  4.41it/s]
em: 0.2840, f1: 0.3212, loss: 3.2485 ||:  55%|#####4    | 2303/4204 [08:41<07:09,  4.43it/s]
em: 0.2839, f1: 0.3211, loss: 3.2488 ||:  56%|#####5    | 2348/4204 [08:51<06:57,  4.44it/s]
em: 0.2837, f1: 0.3207, loss: 3.2470 ||:  57%|#####6    | 2393/4204 [09:02<06:49,  4.43it/s]
em: 0.2834, f1: 0.3205, loss: 3.2487 ||:  58%|#####7    | 2437/4204 [09:12<06:41,  4.41it/s]
em: 0.2832, f1: 0.3204, loss: 3.2528 ||:  59%|#####9    | 2481/4204 [09:22<06:31,  4.40it/s]
em: 0.2835, f1: 0.3206, loss: 3.2536 ||:  60%|######    | 2527/4204 [09:32<06:16,  4.45it/s]
em: 0.2833, f1: 0.3205, loss: 3.2538 ||:  61%|######1   | 2573/4204 [09:42<06:03,  4.49it/s]
em: 0.2837, f1: 0.3207, loss: 3.2517 ||:  62%|######2   | 2619/4204 [09:52<05:54,  4.47it/s]
em: 0.2837, f1: 0.3207, loss: 3.2518 ||:  63%|######3   | 2664/4204 [10:03<05:48,  4.41it/s]
em: 0.2843, f1: 0.3211, loss: 3.2489 ||:  64%|######4   | 2710/4204 [10:13<05:35,  4.45it/s]
em: 0.2839, f1: 0.3206, loss: 3.2500 ||:  66%|######5   | 2756/4204 [10:23<05:26,  4.44it/s]
em: 0.2837, f1: 0.3204, loss: 3.2532 ||:  67%|######6   | 2801/4204 [10:34<05:18,  4.41it/s]
em: 0.2836, f1: 0.3205, loss: 3.2514 ||:  68%|######7   | 2845/4204 [10:44<05:08,  4.40it/s]
em: 0.2840, f1: 0.3208, loss: 3.2493 ||:  69%|######8   | 2890/4204 [10:54<04:58,  4.40it/s]
em: 0.2843, f1: 0.3212, loss: 3.2487 ||:  70%|######9   | 2935/4204 [11:04<04:47,  4.41it/s]
em: 0.2839, f1: 0.3209, loss: 3.2568 ||:  71%|#######   | 2980/4204 [11:15<04:38,  4.39it/s]
em: 0.2842, f1: 0.3212, loss: 3.2587 ||:  72%|#######1  | 3024/4204 [11:25<04:29,  4.37it/s]
em: 0.2844, f1: 0.3214, loss: 3.2602 ||:  73%|#######2  | 3068/4204 [11:35<04:20,  4.36it/s]
em: 0.2843, f1: 0.3212, loss: 3.2583 ||:  74%|#######4  | 3113/4204 [11:45<04:09,  4.38it/s]
em: 0.2847, f1: 0.3215, loss: 3.2539 ||:  75%|#######5  | 3158/4204 [11:55<03:58,  4.39it/s]
em: 0.2847, f1: 0.3216, loss: 3.2557 ||:  76%|#######6  | 3203/4204 [12:06<03:47,  4.39it/s]
em: 0.2852, f1: 0.3221, loss: 3.2535 ||:  77%|#######7  | 3247/4204 [12:16<03:37,  4.39it/s]
em: 0.2856, f1: 0.3224, loss: 3.2515 ||:  78%|#######8  | 3293/4204 [12:26<03:24,  4.45it/s]
em: 0.2855, f1: 0.3223, loss: 3.2508 ||:  79%|#######9  | 3339/4204 [12:36<03:14,  4.44it/s]
em: 0.2862, f1: 0.3228, loss: 3.2479 ||:  81%|########  | 3385/4204 [12:46<03:03,  4.47it/s]
em: 0.2865, f1: 0.3230, loss: 3.2465 ||:  82%|########1 | 3431/4204 [12:57<02:53,  4.45it/s]
em: 0.2863, f1: 0.3228, loss: 3.2472 ||:  83%|########2 | 3476/4204 [13:07<02:44,  4.44it/s]
em: 0.2865, f1: 0.3232, loss: 3.2475 ||:  84%|########3 | 3520/4204 [13:17<02:36,  4.38it/s]
em: 0.2868, f1: 0.3236, loss: 3.2480 ||:  85%|########4 | 3565/4204 [13:27<02:25,  4.41it/s]
em: 0.2873, f1: 0.3241, loss: 3.2463 ||:  86%|########5 | 3610/4204 [13:37<02:14,  4.43it/s]
em: 0.2874, f1: 0.3242, loss: 3.2475 ||:  87%|########6 | 3655/4204 [13:48<02:04,  4.40it/s]
em: 0.2871, f1: 0.3238, loss: 3.2500 ||:  88%|########8 | 3700/4204 [13:58<01:53,  4.43it/s]
em: 0.2872, f1: 0.3240, loss: 3.2468 ||:  89%|########9 | 3745/4204 [14:08<01:43,  4.42it/s]
em: 0.2870, f1: 0.3238, loss: 3.2462 ||:  90%|######### | 3790/4204 [14:18<01:33,  4.41it/s]
em: 0.2876, f1: 0.3243, loss: 3.2456 ||:  91%|#########1| 3834/4204 [14:28<01:23,  4.41it/s]
em: 0.2874, f1: 0.3240, loss: 3.2469 ||:  92%|#########2| 3878/4204 [14:38<01:14,  4.36it/s]
em: 0.2871, f1: 0.3238, loss: 3.2498 ||:  93%|#########3| 3922/4204 [14:48<01:04,  4.37it/s]
em: 0.2859, f1: 0.3229, loss: 3.2582 ||:  94%|#########4| 3966/4204 [14:59<00:54,  4.37it/s]
em: 0.2851, f1: 0.3220, loss: 3.2686 ||:  95%|#########5| 4012/4204 [15:09<00:43,  4.41it/s]
em: 0.2838, f1: 0.3208, loss: 3.2806 ||:  97%|#########6| 4058/4204 [15:19<00:32,  4.43it/s]
em: 0.2824, f1: 0.3193, loss: 3.2916 ||:  98%|#########7| 4103/4204 [15:29<00:22,  4.41it/s]
em: 0.2809, f1: 0.3179, loss: 3.3031 ||:  99%|#########8| 4148/4204 [15:39<00:12,  4.41it/s]
em: 0.2795, f1: 0.3165, loss: 3.3131 ||: 100%|#########9| 4193/4204 [15:50<00:02,  4.43it/s]
em: 0.2781, f1: 0.3151, loss: 3.3249 ||: : 4238it [16:00,  4.40it/s]                        
em: 0.2776, f1: 0.3146, loss: 3.3297 ||: : 4260it [16:05,  4.41it/s]

  0%|          | 0/596 [00:00<?, ?it/s]
em: 0.3455, f1: 0.3709, loss: 1362614.9859 ||:  19%|#8        | 111/596 [00:10<00:43, 11.07it/s]
em: 0.3391, f1: 0.3632, loss: 1362615.1007 ||:  37%|###7      | 222/596 [00:20<00:34, 10.94it/s]
em: 0.3334, f1: 0.3570, loss: 1293563.1761 ||:  55%|#####5    | 330/596 [00:30<00:24, 10.88it/s]
em: 0.3353, f1: 0.3587, loss: 1248575.6671 ||:  73%|#######3  | 438/596 [00:41<00:14, 10.63it/s]
em: 0.3158, f1: 0.3399, loss: 1524556.0943 ||:  94%|#########3| 560/596 [00:51<00:03, 11.04it/s]
em: 0.3019, f1: 0.3272, loss: 1557328.7323 ||: : 604it [00:55, 10.82it/s]                       

  0%|          | 0/4204 [00:00<?, ?it/s]
em: 0.3290, f1: 0.3620, loss: 2.9086 ||:   1%|1         | 44/4204 [00:10<15:55,  4.36it/s]
em: 0.3263, f1: 0.3542, loss: 3.0229 ||:   2%|2         | 90/4204 [00:20<15:31,  4.42it/s]
em: 0.3102, f1: 0.3389, loss: 3.1373 ||:   3%|3         | 136/4204 [00:30<15:20,  4.42it/s]
em: 0.3146, f1: 0.3457, loss: 3.1235 ||:   4%|4         | 181/4204 [00:40<15:15,  4.39it/s]
em: 0.3184, f1: 0.3517, loss: 3.0980 ||:   5%|5         | 226/4204 [00:51<15:00,  4.42it/s]
em: 0.3163, f1: 0.3511, loss: 3.0928 ||:   6%|6         | 272/4204 [01:01<14:45,  4.44it/s]
em: 0.3129, f1: 0.3473, loss: 3.1237 ||:   8%|7         | 318/4204 [01:11<14:34,  4.45it/s]
em: 0.3088, f1: 0.3431, loss: 3.1444 ||:   9%|8         | 363/4204 [01:22<14:35,  4.39it/s]
em: 0.3029, f1: 0.3367, loss: 3.1855 ||:  10%|9         | 408/4204 [01:32<14:22,  4.40it/s]
em: 0.3040, f1: 0.3377, loss: 3.1676 ||:  11%|#         | 454/4204 [01:42<14:03,  4.44it/s]
em: 0.3028, f1: 0.3373, loss: 3.1732 ||:  12%|#1        | 500/4204 [01:52<13:56,  4.43it/s]
em: 0.3055, f1: 0.3402, loss: 3.1526 ||:  13%|#2        | 545/4204 [02:03<13:46,  4.43it/s]
em: 0.3065, f1: 0.3417, loss: 3.1432 ||:  14%|#4        | 590/4204 [02:13<13:38,  4.42it/s]
em: 0.3055, f1: 0.3408, loss: 3.1390 ||:  15%|#5        | 634/4204 [02:23<13:29,  4.41it/s]
em: 0.3043, f1: 0.3395, loss: 3.1377 ||:  16%|#6        | 678/4204 [02:33<13:21,  4.40it/s]
em: 0.3021, f1: 0.3374, loss: 3.1353 ||:  17%|#7        | 724/4204 [02:43<13:03,  4.44it/s]
em: 0.3022, f1: 0.3379, loss: 3.1286 ||:  18%|#8        | 770/4204 [02:53<12:50,  4.46it/s]
em: 0.3019, f1: 0.3370, loss: 3.1292 ||:  19%|#9        | 815/4204 [03:04<12:46,  4.42it/s]
em: 0.3003, f1: 0.3360, loss: 3.1400 ||:  20%|##        | 861/4204 [03:14<12:27,  4.47it/s]
em: 0.3005, f1: 0.3364, loss: 3.1527 ||:  22%|##1       | 907/4204 [03:24<12:24,  4.43it/s]
em: 0.3016, f1: 0.3377, loss: 3.1408 ||:  23%|##2       | 952/4204 [03:34<12:14,  4.43it/s]
em: 0.3007, f1: 0.3366, loss: 3.1410 ||:  24%|##3       | 997/4204 [03:44<12:02,  4.44it/s]
em: 0.3003, f1: 0.3365, loss: 3.1479 ||:  25%|##4       | 1042/4204 [03:55<11:51,  4.44it/s]
em: 0.3000, f1: 0.3361, loss: 3.1561 ||:  26%|##5       | 1087/4204 [04:05<11:43,  4.43it/s]
em: 0.2995, f1: 0.3362, loss: 3.1627 ||:  27%|##6       | 1131/4204 [04:15<11:35,  4.42it/s]
em: 0.2995, f1: 0.3364, loss: 3.1630 ||:  28%|##7       | 1175/4204 [04:25<11:27,  4.41it/s]
em: 0.3015, f1: 0.3381, loss: 3.1541 ||:  29%|##8       | 1219/4204 [04:35<11:21,  4.38it/s]
em: 0.3003, f1: 0.3371, loss: 3.1576 ||:  30%|###       | 1263/4204 [04:45<11:11,  4.38it/s]
em: 0.3011, f1: 0.3380, loss: 3.1540 ||:  31%|###1      | 1308/4204 [04:55<10:58,  4.39it/s]
em: 0.3010, f1: 0.3381, loss: 3.1559 ||:  32%|###2      | 1353/4204 [05:05<10:46,  4.41it/s]
em: 0.3011, f1: 0.3383, loss: 3.1580 ||:  33%|###3      | 1398/4204 [05:15<10:34,  4.42it/s]
em: 0.3021, f1: 0.3392, loss: 3.1517 ||:  34%|###4      | 1443/4204 [05:26<10:28,  4.39it/s]
em: 0.3010, f1: 0.3383, loss: 3.1491 ||:  35%|###5      | 1487/4204 [05:36<10:25,  4.34it/s]
em: 0.3011, f1: 0.3387, loss: 3.1481 ||:  36%|###6      | 1530/4204 [05:46<10:17,  4.33it/s]
em: 0.3006, f1: 0.3383, loss: 3.1498 ||:  37%|###7      | 1576/4204 [05:56<09:58,  4.39it/s]
em: 0.3006, f1: 0.3384, loss: 3.1470 ||:  39%|###8      | 1622/4204 [06:07<09:47,  4.40it/s]
em: 0.3001, f1: 0.3378, loss: 3.1519 ||:  40%|###9      | 1667/4204 [06:17<09:36,  4.40it/s]
em: 0.3001, f1: 0.3377, loss: 3.1516 ||:  41%|####      | 1712/4204 [06:27<09:27,  4.39it/s]
em: 0.2997, f1: 0.3372, loss: 3.1537 ||:  42%|####1     | 1758/4204 [06:37<09:09,  4.45it/s]
em: 0.2989, f1: 0.3363, loss: 3.1543 ||:  43%|####2     | 1804/4204 [06:48<09:03,  4.42it/s]
em: 0.2987, f1: 0.3361, loss: 3.1564 ||:  44%|####3     | 1849/4204 [06:58<08:51,  4.43it/s]
em: 0.2988, f1: 0.3362, loss: 3.1571 ||:  45%|####5     | 1895/4204 [07:08<08:38,  4.45it/s]
em: 0.2984, f1: 0.3358, loss: 3.1555 ||:  46%|####6     | 1941/4204 [07:19<08:32,  4.42it/s]
em: 0.2985, f1: 0.3360, loss: 3.1545 ||:  47%|####7     | 1985/4204 [07:29<08:23,  4.41it/s]
em: 0.2984, f1: 0.3359, loss: 3.1543 ||:  48%|####8     | 2029/4204 [07:39<08:17,  4.37it/s]
em: 0.2990, f1: 0.3366, loss: 3.1538 ||:  49%|####9     | 2074/4204 [07:49<08:04,  4.39it/s]
em: 0.2989, f1: 0.3366, loss: 3.1548 ||:  50%|#####     | 2119/4204 [08:00<07:56,  4.38it/s]
em: 0.2984, f1: 0.3360, loss: 3.1595 ||:  51%|#####1    | 2163/4204 [08:10<07:46,  4.37it/s]
em: 0.2988, f1: 0.3364, loss: 3.1567 ||:  52%|#####2    | 2207/4204 [08:20<07:40,  4.34it/s]
em: 0.2995, f1: 0.3372, loss: 3.1504 ||:  54%|#####3    | 2253/4204 [08:30<07:22,  4.41it/s]
em: 0.2994, f1: 0.3370, loss: 3.1523 ||:  55%|#####4    | 2299/4204 [08:40<07:08,  4.44it/s]
em: 0.2992, f1: 0.3367, loss: 3.1498 ||:  56%|#####5    | 2345/4204 [08:51<06:57,  4.45it/s]
em: 0.2988, f1: 0.3362, loss: 3.1501 ||:  57%|#####6    | 2390/4204 [09:01<06:49,  4.43it/s]
em: 0.2990, f1: 0.3365, loss: 3.1504 ||:  58%|#####7    | 2434/4204 [09:11<06:42,  4.40it/s]
em: 0.2987, f1: 0.3363, loss: 3.1538 ||:  59%|#####8    | 2479/4204 [09:21<06:31,  4.40it/s]
em: 0.2982, f1: 0.3358, loss: 3.1546 ||:  60%|######    | 2526/4204 [09:31<06:16,  4.46it/s]
em: 0.2991, f1: 0.3365, loss: 3.1529 ||:  61%|######1   | 2573/4204 [09:42<06:04,  4.47it/s]
em: 0.2999, f1: 0.3374, loss: 3.1510 ||:  62%|######2   | 2618/4204 [09:52<05:55,  4.46it/s]
em: 0.3000, f1: 0.3374, loss: 3.1492 ||:  63%|######3   | 2663/4204 [10:02<05:47,  4.43it/s]
em: 0.3008, f1: 0.3381, loss: 3.1434 ||:  64%|######4   | 2709/4204 [10:13<05:36,  4.45it/s]
em: 0.3007, f1: 0.3379, loss: 3.1449 ||:  66%|######5   | 2754/4204 [10:23<05:27,  4.43it/s]
em: 0.3001, f1: 0.3375, loss: 3.1499 ||:  67%|######6   | 2798/4204 [10:33<05:19,  4.40it/s]
em: 0.3000, f1: 0.3374, loss: 3.1491 ||:  68%|######7   | 2842/4204 [10:43<05:10,  4.39it/s]
em: 0.3002, f1: 0.3376, loss: 3.1487 ||:  69%|######8   | 2888/4204 [10:53<04:57,  4.42it/s]
em: 0.3005, f1: 0.3379, loss: 3.1480 ||:  70%|######9   | 2934/4204 [11:04<04:50,  4.38it/s]
em: 0.3003, f1: 0.3377, loss: 3.1540 ||:  71%|#######   | 2979/4204 [11:14<04:39,  4.38it/s]
em: 0.3006, f1: 0.3381, loss: 3.1551 ||:  72%|#######1  | 3024/4204 [11:25<04:31,  4.34it/s]
em: 0.3010, f1: 0.3385, loss: 3.1554 ||:  73%|#######3  | 3069/4204 [11:35<04:19,  4.37it/s]
em: 0.3012, f1: 0.3387, loss: 3.1535 ||:  74%|#######4  | 3114/4204 [11:45<04:09,  4.36it/s]
em: 0.3015, f1: 0.3390, loss: 3.1501 ||:  75%|#######5  | 3159/4204 [11:55<03:58,  4.39it/s]
em: 0.3014, f1: 0.3389, loss: 3.1514 ||:  76%|#######6  | 3204/4204 [12:06<03:48,  4.38it/s]
em: 0.3019, f1: 0.3392, loss: 3.1501 ||:  77%|#######7  | 3248/4204 [12:16<03:38,  4.38it/s]
em: 0.3023, f1: 0.3395, loss: 3.1454 ||:  78%|#######8  | 3294/4204 [12:26<03:25,  4.42it/s]
em: 0.3019, f1: 0.3390, loss: 3.1486 ||:  79%|#######9  | 3340/4204 [12:36<03:14,  4.44it/s]
em: 0.3024, f1: 0.3394, loss: 3.1454 ||:  81%|########  | 3386/4204 [12:46<03:03,  4.46it/s]
em: 0.3030, f1: 0.3400, loss: 3.1422 ||:  82%|########1 | 3432/4204 [12:57<02:53,  4.44it/s]
em: 0.3031, f1: 0.3401, loss: 3.1424 ||:  83%|########2 | 3477/4204 [13:07<02:43,  4.45it/s]
em: 0.3028, f1: 0.3398, loss: 3.1447 ||:  84%|########3 | 3522/4204 [13:18<02:35,  4.39it/s]
em: 0.3035, f1: 0.3404, loss: 3.1448 ||:  85%|########4 | 3567/4204 [13:28<02:24,  4.41it/s]
em: 0.3038, f1: 0.3409, loss: 3.1427 ||:  86%|########5 | 3612/4204 [13:38<02:14,  4.40it/s]
em: 0.3036, f1: 0.3406, loss: 3.1445 ||:  87%|########6 | 3657/4204 [13:48<02:03,  4.42it/s]
em: 0.3034, f1: 0.3403, loss: 3.1481 ||:  88%|########8 | 3702/4204 [13:58<01:53,  4.41it/s]
em: 0.3035, f1: 0.3405, loss: 3.1453 ||:  89%|########9 | 3747/4204 [14:08<01:43,  4.42it/s]
em: 0.3032, f1: 0.3403, loss: 3.1446 ||:  90%|######### | 3792/4204 [14:19<01:33,  4.43it/s]
em: 0.3037, f1: 0.3406, loss: 3.1441 ||:  91%|#########1| 3837/4204 [14:29<01:23,  4.41it/s]
em: 0.3034, f1: 0.3403, loss: 3.1460 ||:  92%|#########2| 3881/4204 [14:39<01:13,  4.37it/s]
em: 0.3029, f1: 0.3399, loss: 3.1495 ||:  93%|#########3| 3926/4204 [14:49<01:03,  4.38it/s]
em: 0.3022, f1: 0.3393, loss: 3.1570 ||:  94%|#########4| 3971/4204 [14:59<00:52,  4.40it/s]
em: 0.3008, f1: 0.3381, loss: 3.1690 ||:  96%|#########5| 4016/4204 [15:10<00:42,  4.41it/s]
em: 0.2996, f1: 0.3369, loss: 3.1808 ||:  97%|#########6| 4061/4204 [15:20<00:32,  4.43it/s]
em: 0.2979, f1: 0.3351, loss: 3.1921 ||:  98%|#########7| 4106/4204 [15:30<00:22,  4.40it/s]
em: 0.2964, f1: 0.3338, loss: 3.2025 ||:  99%|#########8| 4151/4204 [15:40<00:11,  4.42it/s]
em: 0.2951, f1: 0.3325, loss: 3.2148 ||: 100%|#########9| 4197/4204 [15:50<00:01,  4.45it/s]
em: 0.2936, f1: 0.3312, loss: 3.2257 ||: : 4243it [16:01,  4.41it/s]                        
em: 0.2930, f1: 0.3306, loss: 3.2299 ||: : 4260it [16:05,  4.41it/s]

  0%|          | 0/596 [00:00<?, ?it/s]
em: 0.3653, f1: 0.3910, loss: 1356984.2909 ||:  19%|#8        | 111/596 [00:10<00:43, 11.06it/s]
em: 0.3568, f1: 0.3823, loss: 1362615.0431 ||:  37%|###7      | 222/596 [00:20<00:34, 10.94it/s]
em: 0.3557, f1: 0.3800, loss: 1291543.2930 ||:  56%|#####5    | 331/596 [00:30<00:24, 10.89it/s]
em: 0.3586, f1: 0.3824, loss: 1251426.2422 ||:  74%|#######3  | 439/596 [00:41<00:14, 10.55it/s]
em: 0.3389, f1: 0.3637, loss: 1524691.0783 ||:  94%|#########4| 562/596 [00:51<00:03, 11.00it/s]
em: 0.3249, f1: 0.3503, loss: 1560432.9727 ||: : 604it [00:55, 10.79it/s]                       

  0%|          | 0/4204 [00:00<?, ?it/s]
em: 0.3491, f1: 0.3853, loss: 2.8142 ||:   1%|1         | 44/4204 [00:10<16:07,  4.30it/s]
em: 0.3507, f1: 0.3862, loss: 2.9045 ||:   2%|2         | 91/4204 [00:20<15:37,  4.39it/s]
em: 0.3355, f1: 0.3717, loss: 3.0280 ||:   3%|3         | 138/4204 [00:30<15:20,  4.42it/s]
em: 0.3414, f1: 0.3808, loss: 2.9986 ||:   4%|4         | 183/4204 [00:41<15:12,  4.41it/s]
em: 0.3425, f1: 0.3804, loss: 2.9754 ||:   5%|5         | 228/4204 [00:51<14:57,  4.43it/s]
em: 0.3372, f1: 0.3758, loss: 3.0006 ||:   6%|6         | 273/4204 [01:01<14:46,  4.43it/s]
em: 0.3388, f1: 0.3769, loss: 3.0251 ||:   8%|7         | 319/4204 [01:11<14:28,  4.47it/s]
em: 0.3307, f1: 0.3696, loss: 3.0534 ||:   9%|8         | 365/4204 [01:22<14:33,  4.39it/s]
em: 0.3223, f1: 0.3604, loss: 3.0845 ||:  10%|9         | 409/4204 [01:32<14:24,  4.39it/s]
em: 0.3245, f1: 0.3621, loss: 3.0720 ||:  11%|#         | 455/4204 [01:42<14:07,  4.42it/s]
em: 0.3246, f1: 0.3617, loss: 3.0812 ||:  12%|#1        | 500/4204 [01:52<13:56,  4.43it/s]
em: 0.3250, f1: 0.3625, loss: 3.0650 ||:  13%|#2        | 545/4204 [02:02<13:46,  4.43it/s]
em: 0.3270, f1: 0.3643, loss: 3.0420 ||:  14%|#4        | 590/4204 [02:13<13:35,  4.43it/s]
em: 0.3246, f1: 0.3626, loss: 3.0502 ||:  15%|#5        | 635/4204 [02:23<13:34,  4.38it/s]
em: 0.3227, f1: 0.3603, loss: 3.0429 ||:  16%|#6        | 680/4204 [02:33<13:20,  4.40it/s]
em: 0.3214, f1: 0.3595, loss: 3.0434 ||:  17%|#7        | 727/4204 [02:43<12:58,  4.46it/s]
em: 0.3220, f1: 0.3600, loss: 3.0346 ||:  18%|#8        | 774/4204 [02:54<12:49,  4.45it/s]
em: 0.3196, f1: 0.3573, loss: 3.0459 ||:  19%|#9        | 819/4204 [03:04<12:40,  4.45it/s]
em: 0.3193, f1: 0.3577, loss: 3.0568 ||:  21%|##        | 865/4204 [03:14<12:27,  4.47it/s]
em: 0.3176, f1: 0.3562, loss: 3.0683 ||:  22%|##1       | 911/4204 [03:25<12:24,  4.42it/s]
em: 0.3204, f1: 0.3590, loss: 3.0551 ||:  23%|##2       | 955/4204 [03:35<12:16,  4.41it/s]
em: 0.3204, f1: 0.3586, loss: 3.0491 ||:  24%|##3       | 1000/4204 [03:45<12:03,  4.43it/s]
em: 0.3205, f1: 0.3586, loss: 3.0623 ||:  25%|##4       | 1045/4204 [03:55<11:52,  4.43it/s]
em: 0.3204, f1: 0.3586, loss: 3.0657 ||:  26%|##5       | 1090/4204 [04:05<11:44,  4.42it/s]
em: 0.3208, f1: 0.3594, loss: 3.0697 ||:  27%|##6       | 1134/4204 [04:15<11:36,  4.41it/s]
em: 0.3197, f1: 0.3580, loss: 3.0740 ||:  28%|##8       | 1179/4204 [04:26<11:27,  4.40it/s]
em: 0.3214, f1: 0.3595, loss: 3.0641 ||:  29%|##9       | 1224/4204 [04:36<11:15,  4.41it/s]
em: 0.3217, f1: 0.3597, loss: 3.0621 ||:  30%|###       | 1269/4204 [04:46<11:04,  4.42it/s]
em: 0.3200, f1: 0.3579, loss: 3.0656 ||:  31%|###1      | 1314/4204 [04:56<10:53,  4.42it/s]
em: 0.3196, f1: 0.3576, loss: 3.0650 ||:  32%|###2      | 1359/4204 [05:06<10:43,  4.42it/s]
em: 0.3198, f1: 0.3585, loss: 3.0634 ||:  33%|###3      | 1404/4204 [05:17<10:34,  4.41it/s]
em: 0.3209, f1: 0.3594, loss: 3.0575 ||:  34%|###4      | 1449/4204 [05:27<10:29,  4.37it/s]
em: 0.3201, f1: 0.3587, loss: 3.0587 ||:  35%|###5      | 1492/4204 [05:37<10:24,  4.34it/s]
em: 0.3195, f1: 0.3583, loss: 3.0579 ||:  37%|###6      | 1537/4204 [05:47<10:10,  4.37it/s]
em: 0.3196, f1: 0.3582, loss: 3.0586 ||:  38%|###7      | 1582/4204 [05:57<09:56,  4.40it/s]
em: 0.3190, f1: 0.3576, loss: 3.0579 ||:  39%|###8      | 1627/4204 [06:08<09:45,  4.40it/s]
em: 0.3182, f1: 0.3566, loss: 3.0628 ||:  40%|###9      | 1672/4204 [06:18<09:33,  4.41it/s]
em: 0.3178, f1: 0.3563, loss: 3.0625 ||:  41%|####      | 1717/4204 [06:28<09:23,  4.42it/s]
em: 0.3170, f1: 0.3553, loss: 3.0634 ||:  42%|####1     | 1763/4204 [06:38<09:09,  4.44it/s]
em: 0.3166, f1: 0.3550, loss: 3.0649 ||:  43%|####3     | 1809/4204 [06:49<08:59,  4.44it/s]
em: 0.3160, f1: 0.3544, loss: 3.0683 ||:  44%|####4     | 1854/4204 [06:59<08:53,  4.41it/s]
em: 0.3162, f1: 0.3546, loss: 3.0699 ||:  45%|####5     | 1900/4204 [07:09<08:38,  4.45it/s]
em: 0.3168, f1: 0.3550, loss: 3.0657 ||:  46%|####6     | 1946/4204 [07:20<08:31,  4.41it/s]
em: 0.3169, f1: 0.3550, loss: 3.0659 ||:  47%|####7     | 1991/4204 [07:30<08:21,  4.41it/s]
em: 0.3164, f1: 0.3546, loss: 3.0658 ||:  48%|####8     | 2036/4204 [07:40<08:12,  4.40it/s]
em: 0.3161, f1: 0.3544, loss: 3.0642 ||:  49%|####9     | 2080/4204 [07:50<08:03,  4.39it/s]
em: 0.3161, f1: 0.3546, loss: 3.0651 ||:  51%|#####     | 2125/4204 [08:00<07:53,  4.40it/s]
em: 0.3163, f1: 0.3547, loss: 3.0675 ||:  52%|#####1    | 2169/4204 [08:11<07:47,  4.35it/s]
em: 0.3167, f1: 0.3552, loss: 3.0644 ||:  53%|#####2    | 2214/4204 [08:21<07:33,  4.39it/s]
em: 0.3174, f1: 0.3558, loss: 3.0574 ||:  54%|#####3    | 2259/4204 [08:31<07:21,  4.41it/s]
em: 0.3179, f1: 0.3561, loss: 3.0554 ||:  55%|#####4    | 2306/4204 [08:41<07:05,  4.46it/s]
em: 0.3173, f1: 0.3555, loss: 3.0578 ||:  56%|#####5    | 2353/4204 [08:52<06:55,  4.45it/s]
em: 0.3170, f1: 0.3551, loss: 3.0592 ||:  57%|#####7    | 2398/4204 [09:02<06:48,  4.42it/s]
em: 0.3169, f1: 0.3552, loss: 3.0597 ||:  58%|#####8    | 2442/4204 [09:12<06:41,  4.39it/s]
em: 0.3162, f1: 0.3544, loss: 3.0636 ||:  59%|#####9    | 2488/4204 [09:23<06:27,  4.42it/s]
em: 0.3161, f1: 0.3543, loss: 3.0664 ||:  60%|######    | 2535/4204 [09:33<06:12,  4.48it/s]
em: 0.3169, f1: 0.3549, loss: 3.0647 ||:  61%|######1   | 2582/4204 [09:43<06:00,  4.50it/s]
em: 0.3176, f1: 0.3556, loss: 3.0614 ||:  63%|######2   | 2628/4204 [09:54<05:54,  4.45it/s]
em: 0.3177, f1: 0.3558, loss: 3.0596 ||:  64%|######3   | 2673/4204 [10:04<05:45,  4.44it/s]
em: 0.3182, f1: 0.3562, loss: 3.0559 ||:  65%|######4   | 2719/4204 [10:14<05:32,  4.46it/s]
em: 0.3178, f1: 0.3557, loss: 3.0580 ||:  66%|######5   | 2765/4204 [10:25<05:25,  4.42it/s]
em: 0.3172, f1: 0.3553, loss: 3.0598 ||:  67%|######6   | 2810/4204 [10:35<05:15,  4.42it/s]
em: 0.3172, f1: 0.3554, loss: 3.0604 ||:  68%|######7   | 2855/4204 [10:45<05:07,  4.39it/s]
em: 0.3176, f1: 0.3559, loss: 3.0592 ||:  69%|######8   | 2900/4204 [10:55<04:56,  4.40it/s]
em: 0.3178, f1: 0.3562, loss: 3.0613 ||:  70%|#######   | 2945/4204 [11:06<04:45,  4.41it/s]
em: 0.3175, f1: 0.3559, loss: 3.0667 ||:  71%|#######1  | 2990/4204 [11:16<04:35,  4.41it/s]
em: 0.3180, f1: 0.3564, loss: 3.0675 ||:  72%|#######2  | 3035/4204 [11:26<04:27,  4.37it/s]
em: 0.3179, f1: 0.3564, loss: 3.0686 ||:  73%|#######3  | 3079/4204 [11:36<04:17,  4.37it/s]
em: 0.3180, f1: 0.3565, loss: 3.0654 ||:  74%|#######4  | 3124/4204 [11:47<04:06,  4.38it/s]
em: 0.3184, f1: 0.3568, loss: 3.0635 ||:  75%|#######5  | 3169/4204 [11:57<03:55,  4.39it/s]
em: 0.3186, f1: 0.3570, loss: 3.0636 ||:  76%|#######6  | 3214/4204 [12:07<03:44,  4.40it/s]
em: 0.3190, f1: 0.3571, loss: 3.0621 ||:  78%|#######7  | 3259/4204 [12:17<03:35,  4.39it/s]
em: 0.3193, f1: 0.3574, loss: 3.0591 ||:  79%|#######8  | 3306/4204 [12:27<03:21,  4.46it/s]
em: 0.3191, f1: 0.3571, loss: 3.0605 ||:  80%|#######9  | 3353/4204 [12:38<03:11,  4.45it/s]
em: 0.3196, f1: 0.3575, loss: 3.0560 ||:  81%|########  | 3399/4204 [12:48<02:59,  4.47it/s]
em: 0.3197, f1: 0.3576, loss: 3.0543 ||:  82%|########1 | 3445/4204 [12:58<02:49,  4.47it/s]
em: 0.3201, f1: 0.3580, loss: 3.0538 ||:  83%|########3 | 3490/4204 [13:09<02:40,  4.45it/s]
em: 0.3201, f1: 0.3580, loss: 3.0556 ||:  84%|########4 | 3535/4204 [13:19<02:33,  4.37it/s]
em: 0.3206, f1: 0.3585, loss: 3.0555 ||:  85%|########5 | 3580/4204 [13:30<02:22,  4.38it/s]
em: 0.3209, f1: 0.3588, loss: 3.0545 ||:  86%|########6 | 3626/4204 [13:40<02:10,  4.43it/s]
em: 0.3210, f1: 0.3590, loss: 3.0570 ||:  87%|########7 | 3672/4204 [13:50<02:00,  4.43it/s]
em: 0.3207, f1: 0.3586, loss: 3.0578 ||:  88%|########8 | 3717/4204 [14:00<01:50,  4.41it/s]
em: 0.3211, f1: 0.3591, loss: 3.0532 ||:  89%|########9 | 3762/4204 [14:11<01:39,  4.43it/s]
em: 0.3206, f1: 0.3585, loss: 3.0545 ||:  91%|######### | 3807/4204 [14:21<01:30,  4.39it/s]
em: 0.3209, f1: 0.3587, loss: 3.0544 ||:  92%|#########1| 3851/4204 [14:31<01:20,  4.37it/s]
em: 0.3207, f1: 0.3586, loss: 3.0558 ||:  93%|#########2| 3895/4204 [14:41<01:11,  4.35it/s]
em: 0.3196, f1: 0.3576, loss: 3.0615 ||:  94%|#########3| 3939/4204 [14:51<01:00,  4.36it/s]
em: 0.3189, f1: 0.3570, loss: 3.0700 ||:  95%|#########4| 3984/4204 [15:01<00:50,  4.39it/s]
em: 0.3172, f1: 0.3554, loss: 3.0828 ||:  96%|#########5| 4029/4204 [15:12<00:39,  4.40it/s]
em: 0.3158, f1: 0.3540, loss: 3.0947 ||:  97%|#########6| 4074/4204 [15:22<00:29,  4.43it/s]
em: 0.3141, f1: 0.3523, loss: 3.1054 ||:  98%|#########7| 4119/4204 [15:32<00:19,  4.42it/s]
em: 0.3126, f1: 0.3509, loss: 3.1164 ||:  99%|#########9| 4165/4204 [15:42<00:08,  4.44it/s]
em: 0.3109, f1: 0.3493, loss: 3.1282 ||: : 4210it [15:52,  4.43it/s]                        
em: 0.3092, f1: 0.3476, loss: 3.1393 ||: : 4255it [16:03,  4.39it/s]
em: 0.3090, f1: 0.3474, loss: 3.1401 ||: : 4260it [16:04,  4.42it/s]

  0%|          | 0/596 [00:00<?, ?it/s]
em: 0.3705, f1: 0.3965, loss: 1362614.8676 ||:  19%|#8        | 111/596 [00:10<00:44, 10.95it/s]
em: 0.3633, f1: 0.3905, loss: 1365952.6129 ||:  37%|###7      | 221/596 [00:20<00:34, 10.87it/s]
em: 0.3639, f1: 0.3894, loss: 1293563.0798 ||:  55%|#####5    | 330/596 [00:30<00:24, 10.87it/s]
em: 0.3651, f1: 0.3904, loss: 1245731.4469 ||:  74%|#######3  | 439/596 [00:41<00:14, 10.62it/s]
em: 0.3450, f1: 0.3708, loss: 1524066.6007 ||:  94%|#########4| 561/596 [00:51<00:03, 11.05it/s]
em: 0.3303, f1: 0.3569, loss: 1558363.4038 ||: : 604it [00:55, 10.84it/s]                       

  0%|          | 0/4204 [00:00<?, ?it/s]
em: 0.3241, f1: 0.3538, loss: 2.8711 ||:   1%|1         | 44/4204 [00:10<15:56,  4.35it/s]
em: 0.3559, f1: 0.3869, loss: 2.8713 ||:   2%|2         | 90/4204 [00:20<15:34,  4.40it/s]
em: 0.3400, f1: 0.3748, loss: 2.9738 ||:   3%|3         | 136/4204 [00:30<15:25,  4.40it/s]
em: 0.3432, f1: 0.3796, loss: 2.9269 ||:   4%|4         | 181/4204 [00:40<15:12,  4.41it/s]
em: 0.3450, f1: 0.3812, loss: 2.9261 ||:   5%|5         | 226/4204 [00:50<14:58,  4.43it/s]
em: 0.3440, f1: 0.3801, loss: 2.9487 ||:   6%|6         | 272/4204 [01:01<14:42,  4.45it/s]
em: 0.3445, f1: 0.3803, loss: 2.9621 ||:   8%|7         | 318/4204 [01:11<14:31,  4.46it/s]
em: 0.3350, f1: 0.3718, loss: 3.0035 ||:   9%|8         | 363/4204 [01:22<14:34,  4.39it/s]
em: 0.3309, f1: 0.3676, loss: 3.0148 ||:  10%|9         | 408/4204 [01:32<14:23,  4.40it/s]
em: 0.3317, f1: 0.3695, loss: 3.0082 ||:  11%|#         | 453/4204 [01:42<14:07,  4.43it/s]
em: 0.3310, f1: 0.3688, loss: 3.0145 ||:  12%|#1        | 498/4204 [01:52<14:05,  4.38it/s]
em: 0.3311, f1: 0.3687, loss: 3.0031 ||:  13%|#2        | 541/4204 [02:02<14:01,  4.35it/s]
em: 0.3323, f1: 0.3694, loss: 2.9886 ||:  14%|#3        | 586/4204 [02:12<13:45,  4.38it/s]
em: 0.3303, f1: 0.3681, loss: 2.9949 ||:  15%|#5        | 631/4204 [02:23<13:41,  4.35it/s]
em: 0.3304, f1: 0.3680, loss: 2.9877 ||:  16%|#6        | 676/4204 [02:33<13:27,  4.37it/s]
em: 0.3310, f1: 0.3684, loss: 2.9866 ||:  17%|#7        | 722/4204 [02:43<13:05,  4.44it/s]
em: 0.3282, f1: 0.3662, loss: 2.9876 ||:  18%|#8        | 768/4204 [02:53<12:53,  4.44it/s]
em: 0.3272, f1: 0.3654, loss: 2.9890 ||:  19%|#9        | 813/4204 [03:04<12:46,  4.42it/s]
em: 0.3249, f1: 0.3635, loss: 3.0018 ||:  20%|##        | 859/4204 [03:14<12:31,  4.45it/s]
em: 0.3250, f1: 0.3635, loss: 3.0140 ||:  22%|##1       | 905/4204 [03:24<12:23,  4.44it/s]
em: 0.3268, f1: 0.3657, loss: 3.0048 ||:  23%|##2       | 950/4204 [03:35<12:15,  4.43it/s]
em: 0.3272, f1: 0.3657, loss: 2.9995 ||:  24%|##3       | 994/4204 [03:45<12:09,  4.40it/s]
em: 0.3280, f1: 0.3666, loss: 3.0006 ||:  25%|##4       | 1039/4204 [03:55<11:54,  4.43it/s]
em: 0.3276, f1: 0.3664, loss: 3.0125 ||:  26%|##5       | 1084/4204 [04:05<11:43,  4.44it/s]
em: 0.3278, f1: 0.3668, loss: 3.0139 ||:  27%|##6       | 1129/4204 [04:15<11:35,  4.42it/s]
em: 0.3269, f1: 0.3657, loss: 3.0172 ||:  28%|##7       | 1174/4204 [04:25<11:24,  4.43it/s]
em: 0.3283, f1: 0.3669, loss: 3.0103 ||:  29%|##8       | 1219/4204 [04:36<11:22,  4.37it/s]
em: 0.3283, f1: 0.3669, loss: 3.0126 ||:  30%|###       | 1263/4204 [04:46<11:13,  4.37it/s]
em: 0.3275, f1: 0.3658, loss: 3.0116 ||:  31%|###1      | 1307/4204 [04:56<11:03,  4.37it/s]
em: 0.3282, f1: 0.3670, loss: 3.0146 ||:  32%|###2      | 1352/4204 [05:06<10:49,  4.39it/s]
em: 0.3288, f1: 0.3675, loss: 3.0108 ||:  33%|###3      | 1397/4204 [05:16<10:40,  4.38it/s]
em: 0.3299, f1: 0.3687, loss: 3.0037 ||:  34%|###4      | 1441/4204 [05:26<10:30,  4.38it/s]
em: 0.3299, f1: 0.3689, loss: 2.9990 ||:  35%|###5      | 1485/4204 [05:37<10:28,  4.33it/s]
em: 0.3298, f1: 0.3689, loss: 2.9992 ||:  36%|###6      | 1529/4204 [05:47<10:15,  4.35it/s]
em: 0.3294, f1: 0.3684, loss: 3.0026 ||:  37%|###7      | 1575/4204 [05:57<09:57,  4.40it/s]
em: 0.3299, f1: 0.3687, loss: 2.9973 ||:  39%|###8      | 1621/4204 [06:08<09:47,  4.40it/s]
em: 0.3289, f1: 0.3675, loss: 3.0017 ||:  40%|###9      | 1666/4204 [06:18<09:35,  4.41it/s]
em: 0.3283, f1: 0.3669, loss: 3.0015 ||:  41%|####      | 1711/4204 [06:28<09:29,  4.38it/s]
em: 0.3271, f1: 0.3658, loss: 3.0062 ||:  42%|####1     | 1758/4204 [06:38<09:09,  4.45it/s]
em: 0.3268, f1: 0.3656, loss: 3.0056 ||:  43%|####2     | 1805/4204 [06:49<09:02,  4.43it/s]
em: 0.3267, f1: 0.3653, loss: 3.0060 ||:  44%|####4     | 1850/4204 [06:59<08:51,  4.43it/s]
em: 0.3266, f1: 0.3653, loss: 3.0096 ||:  45%|####5     | 1895/4204 [07:09<08:42,  4.42it/s]
em: 0.3267, f1: 0.3653, loss: 3.0063 ||:  46%|####6     | 1940/4204 [07:20<08:32,  4.42it/s]
em: 0.3265, f1: 0.3651, loss: 3.0036 ||:  47%|####7     | 1985/4204 [07:30<08:27,  4.37it/s]
em: 0.3256, f1: 0.3644, loss: 3.0038 ||:  48%|####8     | 2029/4204 [07:40<08:16,  4.38it/s]
em: 0.3259, f1: 0.3648, loss: 3.0011 ||:  49%|####9     | 2074/4204 [07:50<08:04,  4.39it/s]
em: 0.3257, f1: 0.3646, loss: 3.0040 ||:  50%|#####     | 2119/4204 [08:01<07:56,  4.38it/s]
em: 0.3252, f1: 0.3642, loss: 3.0088 ||:  51%|#####1    | 2163/4204 [08:11<07:47,  4.37it/s]
em: 0.3255, f1: 0.3644, loss: 3.0056 ||:  52%|#####2    | 2207/4204 [08:21<07:40,  4.33it/s]
em: 0.3262, f1: 0.3651, loss: 2.9990 ||:  54%|#####3    | 2253/4204 [08:31<07:22,  4.41it/s]
em: 0.3273, f1: 0.3661, loss: 2.9948 ||:  55%|#####4    | 2299/4204 [08:41<07:09,  4.44it/s]
em: 0.3274, f1: 0.3662, loss: 2.9952 ||:  56%|#####5    | 2345/4204 [08:52<06:57,  4.45it/s]
em: 0.3268, f1: 0.3656, loss: 2.9962 ||:  57%|#####6    | 2390/4204 [09:02<06:50,  4.42it/s]
em: 0.3271, f1: 0.3659, loss: 2.9974 ||:  58%|#####7    | 2434/4204 [09:12<06:41,  4.40it/s]
em: 0.3260, f1: 0.3649, loss: 3.0007 ||:  59%|#####8    | 2479/4204 [09:22<06:30,  4.42it/s]
em: 0.3259, f1: 0.3649, loss: 3.0027 ||:  60%|######    | 2525/4204 [09:32<06:16,  4.46it/s]
em: 0.3264, f1: 0.3653, loss: 3.0023 ||:  61%|######1   | 2571/4204 [09:42<06:03,  4.49it/s]
em: 0.3275, f1: 0.3661, loss: 2.9990 ||:  62%|######2   | 2617/4204 [09:53<05:53,  4.49it/s]
em: 0.3275, f1: 0.3661, loss: 2.9966 ||:  63%|######3   | 2662/4204 [10:03<05:46,  4.45it/s]
em: 0.3287, f1: 0.3671, loss: 2.9926 ||:  64%|######4   | 2707/4204 [10:13<05:35,  4.46it/s]
em: 0.3285, f1: 0.3670, loss: 2.9925 ||:  65%|######5   | 2752/4204 [10:23<05:25,  4.45it/s]
em: 0.3277, f1: 0.3662, loss: 2.9970 ||:  67%|######6   | 2797/4204 [10:33<05:18,  4.42it/s]
em: 0.3276, f1: 0.3662, loss: 2.9971 ||:  68%|######7   | 2841/4204 [10:44<05:10,  4.40it/s]
em: 0.3280, f1: 0.3666, loss: 2.9952 ||:  69%|######8   | 2886/4204 [10:54<04:58,  4.42it/s]
em: 0.3286, f1: 0.3672, loss: 2.9939 ||:  70%|######9   | 2931/4204 [11:04<04:48,  4.41it/s]
em: 0.3283, f1: 0.3668, loss: 3.0009 ||:  71%|#######   | 2976/4204 [11:14<04:38,  4.42it/s]
em: 0.3287, f1: 0.3673, loss: 3.0007 ||:  72%|#######1  | 3021/4204 [11:24<04:29,  4.39it/s]
em: 0.3286, f1: 0.3672, loss: 3.0039 ||:  73%|#######2  | 3065/4204 [11:35<04:20,  4.38it/s]
em: 0.3285, f1: 0.3671, loss: 3.0010 ||:  74%|#######3  | 3110/4204 [11:45<04:09,  4.39it/s]
em: 0.3288, f1: 0.3675, loss: 2.9968 ||:  75%|#######5  | 3155/4204 [11:55<03:58,  4.39it/s]
em: 0.3288, f1: 0.3674, loss: 2.9968 ||:  76%|#######6  | 3199/4204 [12:05<03:48,  4.39it/s]
em: 0.3288, f1: 0.3673, loss: 2.9972 ||:  77%|#######7  | 3244/4204 [12:15<03:38,  4.40it/s]
em: 0.3291, f1: 0.3676, loss: 2.9955 ||:  78%|#######8  | 3290/4204 [12:25<03:26,  4.43it/s]
em: 0.3293, f1: 0.3677, loss: 2.9953 ||:  79%|#######9  | 3336/4204 [12:35<03:13,  4.47it/s]
em: 0.3298, f1: 0.3680, loss: 2.9928 ||:  80%|########  | 3382/4204 [12:46<03:02,  4.49it/s]
em: 0.3298, f1: 0.3679, loss: 2.9906 ||:  82%|########1 | 3428/4204 [12:56<02:54,  4.46it/s]
em: 0.3296, f1: 0.3678, loss: 2.9923 ||:  83%|########2 | 3473/4204 [13:06<02:44,  4.44it/s]
em: 0.3295, f1: 0.3679, loss: 2.9926 ||:  84%|########3 | 3518/4204 [13:17<02:35,  4.40it/s]
em: 0.3301, f1: 0.3683, loss: 2.9922 ||:  85%|########4 | 3563/4204 [13:27<02:25,  4.42it/s]
em: 0.3305, f1: 0.3688, loss: 2.9913 ||:  86%|########5 | 3608/4204 [13:37<02:14,  4.42it/s]
em: 0.3306, f1: 0.3690, loss: 2.9914 ||:  87%|########6 | 3653/4204 [13:47<02:04,  4.42it/s]
em: 0.3306, f1: 0.3688, loss: 2.9943 ||:  88%|########7 | 3698/4204 [13:57<01:54,  4.42it/s]
em: 0.3305, f1: 0.3687, loss: 2.9910 ||:  89%|########9 | 3743/4204 [14:08<01:44,  4.42it/s]
em: 0.3302, f1: 0.3686, loss: 2.9909 ||:  90%|######### | 3788/4204 [14:18<01:34,  4.42it/s]
em: 0.3304, f1: 0.3687, loss: 2.9905 ||:  91%|#########1| 3833/4204 [14:28<01:24,  4.41it/s]
em: 0.3304, f1: 0.3687, loss: 2.9914 ||:  92%|#########2| 3877/4204 [14:38<01:15,  4.35it/s]
em: 0.3299, f1: 0.3683, loss: 2.9948 ||:  93%|#########3| 3921/4204 [14:49<01:05,  4.35it/s]
em: 0.3286, f1: 0.3671, loss: 3.0042 ||:  94%|#########4| 3965/4204 [14:59<00:54,  4.36it/s]
em: 0.3278, f1: 0.3664, loss: 3.0130 ||:  95%|#########5| 4010/4204 [15:09<00:44,  4.39it/s]
em: 0.3265, f1: 0.3650, loss: 3.0252 ||:  96%|#########6| 4056/4204 [15:19<00:33,  4.43it/s]
em: 0.3246, f1: 0.3631, loss: 3.0373 ||:  98%|#########7| 4102/4204 [15:29<00:23,  4.41it/s]
em: 0.3231, f1: 0.3616, loss: 3.0478 ||:  99%|#########8| 4146/4204 [15:39<00:13,  4.40it/s]
em: 0.3216, f1: 0.3601, loss: 3.0596 ||: 100%|#########9| 4192/4204 [15:50<00:02,  4.43it/s]
em: 0.3202, f1: 0.3589, loss: 3.0691 ||: : 4237it [16:00,  4.40it/s]                        
em: 0.3193, f1: 0.3580, loss: 3.0744 ||: : 4260it [16:05,  4.41it/s]

  0%|          | 0/596 [00:00<?, ?it/s]
em: 0.3807, f1: 0.4060, loss: 1362614.8349 ||:  19%|#8        | 111/596 [00:10<00:44, 11.01it/s]
em: 0.3744, f1: 0.4017, loss: 1362614.9686 ||:  37%|###7      | 222/596 [00:20<00:34, 10.89it/s]
em: 0.3756, f1: 0.4015, loss: 1295456.9701 ||:  55%|#####5    | 330/596 [00:30<00:24, 10.85it/s]
em: 0.3747, f1: 0.4012, loss: 1248575.5372 ||:  73%|#######3  | 438/596 [00:41<00:14, 10.55it/s]
em: 0.3550, f1: 0.3815, loss: 1523439.8845 ||:  94%|#########3| 560/596 [00:51<00:03, 10.98it/s]
em: 0.3396, f1: 0.3664, loss: 1559398.1279 ||: : 604it [00:56, 10.77it/s]                       

  0%|          | 0/4204 [00:00<?, ?it/s]
em: 0.3809, f1: 0.4116, loss: 2.6373 ||:   1%|1         | 43/4204 [00:10<16:10,  4.29it/s]
em: 0.3862, f1: 0.4123, loss: 2.7696 ||:   2%|2         | 90/4204 [00:20<15:39,  4.38it/s]
em: 0.3625, f1: 0.3942, loss: 2.8598 ||:   3%|3         | 137/4204 [00:31<15:33,  4.36it/s]
em: 0.3555, f1: 0.3895, loss: 2.8483 ||:   4%|4         | 182/4204 [00:41<15:17,  4.38it/s]
em: 0.3624, f1: 0.3980, loss: 2.8339 ||:   5%|5         | 227/4204 [00:51<15:00,  4.42it/s]
em: 0.3652, f1: 0.4009, loss: 2.8483 ||:   6%|6         | 272/4204 [01:01<14:45,  4.44it/s]
em: 0.3586, f1: 0.3955, loss: 2.8705 ||:   8%|7         | 317/4204 [01:11<14:33,  4.45it/s]
em: 0.3510, f1: 0.3877, loss: 2.9149 ||:   9%|8         | 362/4204 [01:21<14:37,  4.38it/s]
em: 0.3458, f1: 0.3825, loss: 2.9339 ||:  10%|9         | 406/4204 [01:32<14:26,  4.38it/s]
em: 0.3472, f1: 0.3840, loss: 2.9203 ||:  11%|#         | 451/4204 [01:42<14:12,  4.40it/s]
em: 0.3463, f1: 0.3827, loss: 2.9286 ||:  12%|#1        | 496/4204 [01:52<14:00,  4.41it/s]
em: 0.3465, f1: 0.3830, loss: 2.9136 ||:  13%|#2        | 541/4204 [02:02<13:54,  4.39it/s]
em: 0.3475, f1: 0.3837, loss: 2.8986 ||:  14%|#3        | 585/4204 [02:12<13:44,  4.39it/s]
em: 0.3464, f1: 0.3830, loss: 2.9008 ||:  15%|#4        | 629/4204 [02:22<13:38,  4.37it/s]
em: 0.3453, f1: 0.3817, loss: 2.9020 ||:  16%|#6        | 673/4204 [02:32<13:29,  4.36it/s]
em: 0.3455, f1: 0.3820, loss: 2.8987 ||:  17%|#7        | 720/4204 [02:43<13:05,  4.44it/s]
em: 0.3455, f1: 0.3823, loss: 2.8970 ||:  18%|#8        | 767/4204 [02:53<12:58,  4.42it/s]
em: 0.3449, f1: 0.3818, loss: 2.8931 ||:  19%|#9        | 812/4204 [03:04<12:46,  4.42it/s]
em: 0.3447, f1: 0.3818, loss: 2.9037 ||:  20%|##        | 859/4204 [03:14<12:26,  4.48it/s]
em: 0.3417, f1: 0.3793, loss: 2.9237 ||:  22%|##1       | 906/4204 [03:25<12:23,  4.43it/s]
em: 0.3445, f1: 0.3824, loss: 2.9097 ||:  23%|##2       | 950/4204 [03:35<12:18,  4.41it/s]
em: 0.3431, f1: 0.3806, loss: 2.9106 ||:  24%|##3       | 994/4204 [03:45<12:09,  4.40it/s]
em: 0.3438, f1: 0.3818, loss: 2.9088 ||:  25%|##4       | 1039/4204 [03:55<11:58,  4.41it/s]
em: 0.3440, f1: 0.3818, loss: 2.9165 ||:  26%|##5       | 1084/4204 [04:05<11:43,  4.43it/s]
em: 0.3427, f1: 0.3808, loss: 2.9273 ||:  27%|##6       | 1129/4204 [04:15<11:37,  4.41it/s]
em: 0.3424, f1: 0.3806, loss: 2.9322 ||:  28%|##7       | 1173/4204 [04:25<11:28,  4.40it/s]
em: 0.3450, f1: 0.3826, loss: 2.9258 ||:  29%|##8       | 1217/4204 [04:35<11:19,  4.39it/s]
em: 0.3444, f1: 0.3819, loss: 2.9265 ||:  30%|##9       | 1261/4204 [04:45<11:12,  4.38it/s]
em: 0.3437, f1: 0.3811, loss: 2.9325 ||:  31%|###1      | 1306/4204 [04:56<10:58,  4.40it/s]
em: 0.3421, f1: 0.3799, loss: 2.9347 ||:  32%|###2      | 1351/4204 [05:06<10:48,  4.40it/s]
em: 0.3435, f1: 0.3815, loss: 2.9291 ||:  33%|###3      | 1395/4204 [05:16<10:38,  4.40it/s]
em: 0.3439, f1: 0.3818, loss: 2.9245 ||:  34%|###4      | 1439/4204 [05:26<10:32,  4.37it/s]
em: 0.3434, f1: 0.3813, loss: 2.9213 ||:  35%|###5      | 1483/4204 [05:36<10:27,  4.33it/s]
em: 0.3429, f1: 0.3811, loss: 2.9210 ||:  36%|###6      | 1526/4204 [05:46<10:19,  4.32it/s]
em: 0.3433, f1: 0.3813, loss: 2.9196 ||:  37%|###7      | 1572/4204 [05:57<10:01,  4.38it/s]
em: 0.3436, f1: 0.3816, loss: 2.9184 ||:  38%|###8      | 1618/4204 [06:07<09:46,  4.41it/s]
em: 0.3425, f1: 0.3802, loss: 2.9265 ||:  40%|###9      | 1663/4204 [06:17<09:34,  4.42it/s]
em: 0.3422, f1: 0.3798, loss: 2.9268 ||:  41%|####      | 1708/4204 [06:27<09:27,  4.40it/s]
em: 0.3417, f1: 0.3791, loss: 2.9281 ||:  42%|####1     | 1753/4204 [06:37<09:13,  4.43it/s]
em: 0.3418, f1: 0.3792, loss: 2.9278 ||:  43%|####2     | 1798/4204 [06:48<09:05,  4.41it/s]
em: 0.3412, f1: 0.3788, loss: 2.9306 ||:  44%|####3     | 1843/4204 [06:58<08:52,  4.43it/s]
em: 0.3412, f1: 0.3788, loss: 2.9333 ||:  45%|####4     | 1888/4204 [07:08<08:40,  4.45it/s]
em: 0.3418, f1: 0.3796, loss: 2.9319 ||:  46%|####5     | 1933/4204 [07:18<08:34,  4.42it/s]
em: 0.3421, f1: 0.3799, loss: 2.9279 ||:  47%|####7     | 1977/4204 [07:28<08:28,  4.38it/s]
em: 0.3412, f1: 0.3791, loss: 2.9302 ||:  48%|####8     | 2021/4204 [07:38<08:19,  4.37it/s]
em: 0.3409, f1: 0.3789, loss: 2.9295 ||:  49%|####9     | 2065/4204 [07:48<08:09,  4.37it/s]
em: 0.3402, f1: 0.3782, loss: 2.9323 ||:  50%|#####     | 2110/4204 [07:59<07:57,  4.39it/s]
em: 0.3403, f1: 0.3781, loss: 2.9337 ||:  51%|#####1    | 2155/4204 [08:09<07:50,  4.36it/s]
em: 0.3407, f1: 0.3783, loss: 2.9315 ||:  52%|#####2    | 2199/4204 [08:19<07:40,  4.35it/s]
em: 0.3411, f1: 0.3787, loss: 2.9294 ||:  53%|#####3    | 2244/4204 [08:29<07:26,  4.39it/s]
em: 0.3409, f1: 0.3785, loss: 2.9263 ||:  54%|#####4    | 2289/4204 [08:39<07:13,  4.42it/s]
em: 0.3410, f1: 0.3785, loss: 2.9252 ||:  56%|#####5    | 2334/4204 [08:49<07:00,  4.44it/s]
em: 0.3401, f1: 0.3776, loss: 2.9274 ||:  57%|#####6    | 2379/4204 [09:00<06:51,  4.44it/s]
em: 0.3396, f1: 0.3773, loss: 2.9294 ||:  58%|#####7    | 2424/4204 [09:10<06:41,  4.43it/s]
em: 0.3390, f1: 0.3770, loss: 2.9327 ||:  59%|#####8    | 2469/4204 [09:20<06:34,  4.40it/s]
em: 0.3389, f1: 0.3770, loss: 2.9350 ||:  60%|#####9    | 2515/4204 [09:30<06:19,  4.45it/s]
em: 0.3391, f1: 0.3771, loss: 2.9346 ||:  61%|######    | 2561/4204 [09:40<06:07,  4.47it/s]
em: 0.3399, f1: 0.3777, loss: 2.9315 ||:  62%|######2   | 2607/4204 [09:51<05:56,  4.48it/s]
em: 0.3398, f1: 0.3776, loss: 2.9302 ||:  63%|######3   | 2653/4204 [10:01<05:49,  4.44it/s]
em: 0.3408, f1: 0.3787, loss: 2.9240 ||:  64%|######4   | 2699/4204 [10:11<05:38,  4.45it/s]
em: 0.3409, f1: 0.3788, loss: 2.9231 ||:  65%|######5   | 2744/4204 [10:22<05:28,  4.45it/s]
em: 0.3403, f1: 0.3783, loss: 2.9282 ||:  66%|######6   | 2789/4204 [10:32<05:20,  4.42it/s]
em: 0.3397, f1: 0.3777, loss: 2.9312 ||:  67%|######7   | 2833/4204 [10:42<05:11,  4.40it/s]
em: 0.3402, f1: 0.3783, loss: 2.9306 ||:  68%|######8   | 2877/4204 [10:52<05:01,  4.40it/s]
em: 0.3406, f1: 0.3786, loss: 2.9288 ||:  69%|######9   | 2921/4204 [11:02<04:52,  4.39it/s]
em: 0.3402, f1: 0.3782, loss: 2.9343 ||:  71%|#######   | 2965/4204 [11:12<04:42,  4.38it/s]
em: 0.3400, f1: 0.3780, loss: 2.9378 ||:  72%|#######1  | 3009/4204 [11:22<04:33,  4.37it/s]
em: 0.3403, f1: 0.3784, loss: 2.9383 ||:  73%|#######2  | 3053/4204 [11:33<04:25,  4.34it/s]
em: 0.3405, f1: 0.3787, loss: 2.9357 ||:  74%|#######3  | 3098/4204 [11:43<04:13,  4.36it/s]
em: 0.3406, f1: 0.3787, loss: 2.9326 ||:  75%|#######4  | 3143/4204 [11:53<04:02,  4.38it/s]
em: 0.3404, f1: 0.3785, loss: 2.9324 ||:  76%|#######5  | 3188/4204 [12:03<03:51,  4.39it/s]
em: 0.3405, f1: 0.3785, loss: 2.9316 ||:  77%|#######6  | 3233/4204 [12:14<03:42,  4.37it/s]
em: 0.3409, f1: 0.3788, loss: 2.9287 ||:  78%|#######7  | 3279/4204 [12:24<03:29,  4.42it/s]
em: 0.3410, f1: 0.3788, loss: 2.9296 ||:  79%|#######9  | 3325/4204 [12:34<03:17,  4.45it/s]
em: 0.3413, f1: 0.3791, loss: 2.9269 ||:  80%|########  | 3371/4204 [12:44<03:05,  4.49it/s]
em: 0.3420, f1: 0.3796, loss: 2.9226 ||:  81%|########1 | 3417/4204 [12:54<02:55,  4.48it/s]
em: 0.3421, f1: 0.3796, loss: 2.9229 ||:  82%|########2 | 3462/4204 [13:05<02:47,  4.42it/s]
em: 0.3420, f1: 0.3797, loss: 2.9243 ||:  83%|########3 | 3507/4204 [13:15<02:37,  4.42it/s]
em: 0.3420, f1: 0.3797, loss: 2.9258 ||:  84%|########4 | 3552/4204 [13:25<02:28,  4.40it/s]
em: 0.3421, f1: 0.3798, loss: 2.9255 ||:  86%|########5 | 3597/4204 [13:35<02:17,  4.41it/s]
em: 0.3422, f1: 0.3799, loss: 2.9255 ||:  87%|########6 | 3642/4204 [13:46<02:07,  4.39it/s]
em: 0.3420, f1: 0.3797, loss: 2.9294 ||:  88%|########7 | 3687/4204 [13:56<01:56,  4.43it/s]
em: 0.3419, f1: 0.3795, loss: 2.9276 ||:  89%|########8 | 3732/4204 [14:06<01:46,  4.42it/s]
em: 0.3417, f1: 0.3793, loss: 2.9254 ||:  90%|########9 | 3777/4204 [14:16<01:36,  4.42it/s]
em: 0.3416, f1: 0.3791, loss: 2.9257 ||:  91%|######### | 3822/4204 [14:26<01:26,  4.40it/s]
em: 0.3421, f1: 0.3797, loss: 2.9240 ||:  92%|#########1| 3866/4204 [14:37<01:17,  4.38it/s]
em: 0.3418, f1: 0.3794, loss: 2.9266 ||:  93%|#########3| 3910/4204 [14:47<01:07,  4.38it/s]
em: 0.3405, f1: 0.3783, loss: 2.9343 ||:  94%|#########4| 3954/4204 [14:57<00:57,  4.34it/s]
em: 0.3399, f1: 0.3778, loss: 2.9432 ||:  95%|#########5| 4000/4204 [15:07<00:46,  4.41it/s]
em: 0.3383, f1: 0.3762, loss: 2.9556 ||:  96%|#########6| 4046/4204 [15:17<00:35,  4.42it/s]
em: 0.3367, f1: 0.3744, loss: 2.9682 ||:  97%|#########7| 4091/4204 [15:27<00:25,  4.43it/s]
em: 0.3349, f1: 0.3728, loss: 2.9783 ||:  98%|#########8| 4136/4204 [15:38<00:15,  4.44it/s]
em: 0.3333, f1: 0.3713, loss: 2.9877 ||:  99%|#########9| 4181/4204 [15:48<00:05,  4.45it/s]
em: 0.3318, f1: 0.3699, loss: 2.9984 ||: : 4226it [15:58,  4.38it/s]                        
em: 0.3306, f1: 0.3688, loss: 3.0052 ||: : 4260it [16:06,  4.41it/s]

  0%|          | 0/596 [00:00<?, ?it/s]
em: 0.3968, f1: 0.4211, loss: 1363638.5319 ||:  18%|#8        | 110/596 [00:10<00:44, 10.95it/s]
em: 0.3822, f1: 0.4090, loss: 1372161.3884 ||:  37%|###6      | 220/596 [00:20<00:34, 10.87it/s]
em: 0.3814, f1: 0.4072, loss: 1295734.1021 ||:  55%|#####5    | 328/596 [00:30<00:24, 10.85it/s]
em: 0.3807, f1: 0.4074, loss: 1255736.3979 ||:  73%|#######3  | 436/596 [00:41<00:15, 10.56it/s]
em: 0.3642, f1: 0.3913, loss: 1519939.6375 ||:  94%|#########3| 558/596 [00:51<00:03, 10.99it/s]
em: 0.3480, f1: 0.3755, loss: 1559398.1025 ||: : 604it [00:55, 10.79it/s]                       

  0%|          | 0/4204 [00:00<?, ?it/s]
em: 0.3939, f1: 0.4284, loss: 2.6043 ||:   1%|1         | 44/4204 [00:10<15:56,  4.35it/s]
em: 0.4021, f1: 0.4329, loss: 2.6693 ||:   2%|2         | 89/4204 [00:20<15:38,  4.39it/s]
em: 0.3844, f1: 0.4163, loss: 2.7963 ||:   3%|3         | 134/4204 [00:30<15:23,  4.41it/s]
em: 0.3817, f1: 0.4164, loss: 2.7719 ||:   4%|4         | 179/4204 [00:40<15:13,  4.41it/s]
em: 0.3838, f1: 0.4193, loss: 2.7662 ||:   5%|5         | 224/4204 [00:50<14:58,  4.43it/s]
em: 0.3804, f1: 0.4161, loss: 2.7838 ||:   6%|6         | 269/4204 [01:00<14:48,  4.43it/s]
em: 0.3764, f1: 0.4125, loss: 2.8038 ||:   7%|7         | 315/4204 [01:10<14:32,  4.46it/s]
em: 0.3676, f1: 0.4057, loss: 2.8432 ||:   9%|8         | 361/4204 [01:21<14:32,  4.41it/s]
em: 0.3603, f1: 0.3989, loss: 2.8708 ||:  10%|9         | 405/4204 [01:31<14:25,  4.39it/s]
em: 0.3591, f1: 0.3977, loss: 2.8600 ||:  11%|#         | 451/4204 [01:41<14:06,  4.44it/s]
em: 0.3570, f1: 0.3958, loss: 2.8660 ||:  12%|#1        | 497/4204 [01:52<13:57,  4.42it/s]
em: 0.3589, f1: 0.3975, loss: 2.8522 ||:  13%|#2        | 542/4204 [02:02<13:44,  4.44it/s]
em: 0.3603, f1: 0.3989, loss: 2.8299 ||:  14%|#3        | 587/4204 [02:12<13:44,  4.38it/s]
em: 0.3588, f1: 0.3982, loss: 2.8353 ||:  15%|#5        | 632/4204 [02:23<13:33,  4.39it/s]
em: 0.3582, f1: 0.3974, loss: 2.8337 ||:  16%|#6        | 677/4204 [02:33<13:22,  4.40it/s]
em: 0.3575, f1: 0.3967, loss: 2.8304 ||:  17%|#7        | 723/4204 [02:43<13:03,  4.45it/s]
em: 0.3584, f1: 0.3975, loss: 2.8307 ||:  18%|#8        | 769/4204 [02:53<12:52,  4.45it/s]
em: 0.3570, f1: 0.3960, loss: 2.8342 ||:  19%|#9        | 814/4204 [03:03<12:44,  4.43it/s]
em: 0.3568, f1: 0.3962, loss: 2.8377 ||:  20%|##        | 861/4204 [03:14<12:24,  4.49it/s]
em: 0.3542, f1: 0.3935, loss: 2.8548 ||:  22%|##1       | 908/4204 [03:25<12:27,  4.41it/s]
em: 0.3571, f1: 0.3959, loss: 2.8439 ||:  23%|##2       | 953/4204 [03:35<12:16,  4.42it/s]
em: 0.3565, f1: 0.3951, loss: 2.8435 ||:  24%|##3       | 998/4204 [03:45<12:05,  4.42it/s]
em: 0.3578, f1: 0.3961, loss: 2.8435 ||:  25%|##4       | 1044/4204 [03:55<11:49,  4.46it/s]
em: 0.3558, f1: 0.3942, loss: 2.8504 ||:  26%|##5       | 1090/4204 [04:06<11:42,  4.43it/s]
em: 0.3546, f1: 0.3932, loss: 2.8592 ||:  27%|##6       | 1134/4204 [04:16<11:34,  4.42it/s]
em: 0.3547, f1: 0.3928, loss: 2.8629 ||:  28%|##8       | 1178/4204 [04:26<11:26,  4.41it/s]
em: 0.3557, f1: 0.3936, loss: 2.8575 ||:  29%|##9       | 1222/4204 [04:36<11:18,  4.40it/s]
em: 0.3558, f1: 0.3936, loss: 2.8573 ||:  30%|###       | 1267/4204 [04:46<11:07,  4.40it/s]
em: 0.3546, f1: 0.3922, loss: 2.8632 ||:  31%|###1      | 1312/4204 [04:56<10:56,  4.41it/s]
em: 0.3552, f1: 0.3932, loss: 2.8602 ||:  32%|###2      | 1357/4204 [05:06<10:42,  4.43it/s]
em: 0.3553, f1: 0.3936, loss: 2.8617 ||:  33%|###3      | 1402/4204 [05:17<10:38,  4.39it/s]
em: 0.3562, f1: 0.3942, loss: 2.8573 ||:  34%|###4      | 1445/4204 [05:27<10:32,  4.36it/s]
em: 0.3553, f1: 0.3936, loss: 2.8590 ||:  35%|###5      | 1488/4204 [05:37<10:26,  4.34it/s]
em: 0.3540, f1: 0.3925, loss: 2.8621 ||:  36%|###6      | 1532/4204 [05:47<10:15,  4.34it/s]
em: 0.3534, f1: 0.3918, loss: 2.8619 ||:  38%|###7      | 1577/4204 [05:57<10:01,  4.37it/s]
em: 0.3536, f1: 0.3918, loss: 2.8600 ||:  39%|###8      | 1622/4204 [06:07<09:49,  4.38it/s]
em: 0.3521, f1: 0.3903, loss: 2.8664 ||:  40%|###9      | 1667/4204 [06:17<09:36,  4.40it/s]
em: 0.3525, f1: 0.3906, loss: 2.8654 ||:  41%|####      | 1712/4204 [06:28<09:29,  4.38it/s]
em: 0.3523, f1: 0.3903, loss: 2.8659 ||:  42%|####1     | 1758/4204 [06:38<09:11,  4.44it/s]
em: 0.3512, f1: 0.3894, loss: 2.8653 ||:  43%|####2     | 1804/4204 [06:48<09:01,  4.43it/s]
em: 0.3503, f1: 0.3884, loss: 2.8699 ||:  44%|####3     | 1849/4204 [06:58<08:52,  4.42it/s]
em: 0.3504, f1: 0.3887, loss: 2.8698 ||:  45%|####5     | 1893/4204 [07:08<08:44,  4.41it/s]
em: 0.3501, f1: 0.3884, loss: 2.8672 ||:  46%|####6     | 1938/4204 [07:18<08:31,  4.43it/s]
em: 0.3504, f1: 0.3886, loss: 2.8640 ||:  47%|####7     | 1983/4204 [07:29<08:27,  4.37it/s]
em: 0.3499, f1: 0.3882, loss: 2.8645 ||:  48%|####8     | 2027/4204 [07:39<08:17,  4.38it/s]
em: 0.3496, f1: 0.3880, loss: 2.8629 ||:  49%|####9     | 2071/4204 [07:49<08:08,  4.36it/s]
em: 0.3494, f1: 0.3879, loss: 2.8640 ||:  50%|#####     | 2115/4204 [07:59<07:57,  4.37it/s]
em: 0.3487, f1: 0.3873, loss: 2.8669 ||:  51%|#####1    | 2159/4204 [08:09<07:49,  4.35it/s]
em: 0.3485, f1: 0.3870, loss: 2.8667 ||:  52%|#####2    | 2203/4204 [08:20<07:39,  4.35it/s]
em: 0.3489, f1: 0.3876, loss: 2.8635 ||:  53%|#####3    | 2248/4204 [08:30<07:26,  4.38it/s]
em: 0.3493, f1: 0.3877, loss: 2.8604 ||:  55%|#####4    | 2294/4204 [08:40<07:11,  4.43it/s]
em: 0.3491, f1: 0.3875, loss: 2.8608 ||:  56%|#####5    | 2340/4204 [08:50<06:59,  4.44it/s]
em: 0.3491, f1: 0.3873, loss: 2.8601 ||:  57%|#####6    | 2385/4204 [09:00<06:51,  4.42it/s]
em: 0.3490, f1: 0.3874, loss: 2.8624 ||:  58%|#####7    | 2430/4204 [09:11<06:40,  4.43it/s]
em: 0.3488, f1: 0.3873, loss: 2.8647 ||:  59%|#####8    | 2475/4204 [09:21<06:33,  4.39it/s]
em: 0.3484, f1: 0.3870, loss: 2.8685 ||:  60%|#####9    | 2522/4204 [09:31<06:16,  4.47it/s]
em: 0.3492, f1: 0.3877, loss: 2.8663 ||:  61%|######1   | 2569/4204 [09:41<06:03,  4.50it/s]
em: 0.3507, f1: 0.3889, loss: 2.8627 ||:  62%|######2   | 2615/4204 [09:52<05:54,  4.48it/s]
em: 0.3504, f1: 0.3887, loss: 2.8610 ||:  63%|######3   | 2660/4204 [10:02<05:48,  4.43it/s]
em: 0.3512, f1: 0.3895, loss: 2.8559 ||:  64%|######4   | 2705/4204 [10:12<05:36,  4.45it/s]
em: 0.3512, f1: 0.3894, loss: 2.8570 ||:  65%|######5   | 2750/4204 [10:22<05:28,  4.43it/s]
em: 0.3507, f1: 0.3890, loss: 2.8614 ||:  66%|######6   | 2794/4204 [10:33<05:20,  4.40it/s]
em: 0.3502, f1: 0.3887, loss: 2.8634 ||:  68%|######7   | 2838/4204 [10:43<05:10,  4.39it/s]
em: 0.3501, f1: 0.3886, loss: 2.8630 ||:  69%|######8   | 2882/4204 [10:53<05:01,  4.38it/s]
em: 0.3514, f1: 0.3898, loss: 2.8574 ||:  70%|######9   | 2927/4204 [11:03<04:50,  4.40it/s]
em: 0.3507, f1: 0.3892, loss: 2.8642 ||:  71%|#######   | 2972/4204 [11:13<04:40,  4.40it/s]
em: 0.3511, f1: 0.3895, loss: 2.8667 ||:  72%|#######1  | 3017/4204 [11:23<04:31,  4.38it/s]
em: 0.3516, f1: 0.3902, loss: 2.8684 ||:  73%|#######2  | 3061/4204 [11:34<04:22,  4.35it/s]
em: 0.3517, f1: 0.3902, loss: 2.8678 ||:  74%|#######3  | 3105/4204 [11:44<04:13,  4.34it/s]
em: 0.3518, f1: 0.3903, loss: 2.8634 ||:  75%|#######4  | 3151/4204 [11:54<03:59,  4.40it/s]
em: 0.3517, f1: 0.3901, loss: 2.8644 ||:  76%|#######6  | 3197/4204 [12:05<03:49,  4.38it/s]
em: 0.3518, f1: 0.3901, loss: 2.8639 ||:  77%|#######7  | 3241/4204 [12:15<03:39,  4.39it/s]
em: 0.3518, f1: 0.3901, loss: 2.8621 ||:  78%|#######8  | 3286/4204 [12:25<03:28,  4.40it/s]
em: 0.3517, f1: 0.3900, loss: 2.8635 ||:  79%|#######9  | 3333/4204 [12:35<03:14,  4.47it/s]
em: 0.3523, f1: 0.3905, loss: 2.8603 ||:  80%|########  | 3380/4204 [12:45<03:04,  4.48it/s]
em: 0.3527, f1: 0.3909, loss: 2.8564 ||:  81%|########1 | 3425/4204 [12:56<02:54,  4.45it/s]
em: 0.3527, f1: 0.3910, loss: 2.8572 ||:  83%|########2 | 3470/4204 [13:06<02:44,  4.46it/s]
em: 0.3527, f1: 0.3911, loss: 2.8582 ||:  84%|########3 | 3515/4204 [13:16<02:36,  4.41it/s]
em: 0.3526, f1: 0.3910, loss: 2.8603 ||:  85%|########4 | 3559/4204 [13:26<02:26,  4.39it/s]
em: 0.3529, f1: 0.3912, loss: 2.8594 ||:  86%|########5 | 3604/4204 [13:36<02:15,  4.42it/s]
em: 0.3527, f1: 0.3910, loss: 2.8613 ||:  87%|########6 | 3649/4204 [13:47<02:06,  4.40it/s]
em: 0.3531, f1: 0.3915, loss: 2.8625 ||:  88%|########7 | 3694/4204 [13:57<01:55,  4.41it/s]
em: 0.3530, f1: 0.3913, loss: 2.8615 ||:  89%|########8 | 3739/4204 [14:07<01:45,  4.40it/s]
em: 0.3528, f1: 0.3912, loss: 2.8599 ||:  90%|######### | 3784/4204 [14:17<01:35,  4.42it/s]
em: 0.3528, f1: 0.3912, loss: 2.8595 ||:  91%|#########1| 3829/4204 [14:27<01:24,  4.42it/s]
em: 0.3531, f1: 0.3914, loss: 2.8606 ||:  92%|#########2| 3874/4204 [14:38<01:15,  4.37it/s]
em: 0.3522, f1: 0.3907, loss: 2.8642 ||:  93%|#########3| 3919/4204 [14:48<01:05,  4.38it/s]
em: 0.3510, f1: 0.3896, loss: 2.8728 ||:  94%|#########4| 3963/4204 [14:58<00:55,  4.37it/s]
em: 0.3502, f1: 0.3889, loss: 2.8821 ||:  95%|#########5| 4009/4204 [15:08<00:44,  4.41it/s]
em: 0.3481, f1: 0.3868, loss: 2.8957 ||:  96%|#########6| 4055/4204 [15:19<00:33,  4.42it/s]
em: 0.3463, f1: 0.3851, loss: 2.9065 ||:  98%|#########7| 4100/4204 [15:29<00:23,  4.43it/s]
em: 0.3448, f1: 0.3836, loss: 2.9164 ||:  99%|#########8| 4145/4204 [15:39<00:13,  4.43it/s]
em: 0.3429, f1: 0.3818, loss: 2.9271 ||: 100%|#########9| 4191/4204 [15:49<00:02,  4.45it/s]
em: 0.3414, f1: 0.3804, loss: 2.9366 ||: : 4236it [16:00,  4.39it/s]                        
em: 0.3405, f1: 0.3796, loss: 2.9422 ||: : 4260it [16:05,  4.41it/s]

  0%|          | 0/596 [00:00<?, ?it/s]
em: 0.3892, f1: 0.4133, loss: 1362614.7701 ||:  19%|#8        | 111/596 [00:10<00:43, 11.05it/s]
em: 0.3827, f1: 0.4092, loss: 1362614.9038 ||:  37%|###7      | 222/596 [00:20<00:34, 10.95it/s]
em: 0.3852, f1: 0.4105, loss: 1299244.7935 ||:  55%|#####5    | 330/596 [00:30<00:24, 10.90it/s]
em: 0.3864, f1: 0.4137, loss: 1252856.3036 ||:  73%|#######3  | 438/596 [00:41<00:14, 10.62it/s]
em: 0.3671, f1: 0.3953, loss: 1524555.9061 ||:  94%|#########3| 560/596 [00:51<00:03, 11.04it/s]
em: 0.3519, f1: 0.3805, loss: 1559398.0769 ||: : 604it [00:55, 10.84it/s]                       

