2019-05-11 11:35:17,240 - INFO - allennlp.common.params - evaluate_on_test = False
2019-05-11 11:35:17,241 - INFO - allennlp.common.from_params - instantiating class <class 'allennlp.data.dataset_readers.dataset_reader.DatasetReader'> from params {'instance_format': 'drop', 'passage_length_limit': 200, 'question_length_limit': 50, 'skip_when_all_empty': ['passage_span', 'question_span', 'addition_subtraction', 'counting'], 'token_indexers': {'token_characters': {'min_padding_length': 5, 'type': 'characters'}, 'tokens': {'lowercase_tokens': True, 'type': 'single_id'}}, 'type': 'drop_rc_v2'} and extras set()
2019-05-11 11:35:17,241 - INFO - allennlp.common.params - dataset_reader.type = drop_rc_v2
2019-05-11 11:35:17,241 - INFO - allennlp.common.from_params - instantiating class <class 'drop_library.dataset_readers.rc_drop_reader_v2.RCDropReaderV2'> from params {'instance_format': 'drop', 'passage_length_limit': 200, 'question_length_limit': 50, 'skip_when_all_empty': ['passage_span', 'question_span', 'addition_subtraction', 'counting'], 'token_indexers': {'token_characters': {'min_padding_length': 5, 'type': 'characters'}, 'tokens': {'lowercase_tokens': True, 'type': 'single_id'}}} and extras set()
2019-05-11 11:35:17,242 - INFO - allennlp.common.from_params - instantiating class allennlp.data.token_indexers.token_indexer.TokenIndexer from params {'min_padding_length': 5, 'type': 'characters'} and extras set()
2019-05-11 11:35:17,242 - INFO - allennlp.common.params - dataset_reader.token_indexers.token_characters.type = characters
2019-05-11 11:35:17,242 - INFO - allennlp.common.from_params - instantiating class allennlp.data.token_indexers.token_characters_indexer.TokenCharactersIndexer from params {'min_padding_length': 5} and extras set()
2019-05-11 11:35:17,242 - INFO - allennlp.common.params - dataset_reader.token_indexers.token_characters.namespace = token_characters
2019-05-11 11:35:17,242 - INFO - allennlp.common.params - dataset_reader.token_indexers.token_characters.start_tokens = None
2019-05-11 11:35:17,242 - INFO - allennlp.common.params - dataset_reader.token_indexers.token_characters.end_tokens = None
2019-05-11 11:35:17,242 - INFO - allennlp.common.params - dataset_reader.token_indexers.token_characters.min_padding_length = 5
2019-05-11 11:35:17,243 - INFO - allennlp.common.from_params - instantiating class allennlp.data.token_indexers.token_indexer.TokenIndexer from params {'lowercase_tokens': True, 'type': 'single_id'} and extras set()
2019-05-11 11:35:17,243 - INFO - allennlp.common.params - dataset_reader.token_indexers.tokens.type = single_id
2019-05-11 11:35:17,243 - INFO - allennlp.common.from_params - instantiating class allennlp.data.token_indexers.single_id_token_indexer.SingleIdTokenIndexer from params {'lowercase_tokens': True} and extras set()
2019-05-11 11:35:17,243 - INFO - allennlp.common.params - dataset_reader.token_indexers.tokens.namespace = tokens
2019-05-11 11:35:17,243 - INFO - allennlp.common.params - dataset_reader.token_indexers.tokens.lowercase_tokens = True
2019-05-11 11:35:17,243 - INFO - allennlp.common.params - dataset_reader.token_indexers.tokens.start_tokens = None
2019-05-11 11:35:17,244 - INFO - allennlp.common.params - dataset_reader.token_indexers.tokens.end_tokens = None
2019-05-11 11:35:17,244 - INFO - allennlp.common.params - dataset_reader.lazy = False
2019-05-11 11:35:17,244 - INFO - allennlp.common.params - dataset_reader.passage_length_limit = 200
2019-05-11 11:35:17,244 - INFO - allennlp.common.params - dataset_reader.question_length_limit = 50
2019-05-11 11:35:17,244 - INFO - allennlp.common.params - dataset_reader.skip_when_all_empty = ['passage_span', 'question_span', 'addition_subtraction', 'counting']
2019-05-11 11:35:17,244 - INFO - allennlp.common.params - dataset_reader.instance_format = drop
2019-05-11 11:35:17,244 - INFO - allennlp.common.params - dataset_reader.relaxed_span_match_for_finding_labels = True
2019-05-11 11:35:17,649 - INFO - allennlp.training.util - Using a separate dataset reader to load validation and test data.
2019-05-11 11:35:17,649 - INFO - allennlp.common.from_params - instantiating class <class 'allennlp.data.dataset_readers.dataset_reader.DatasetReader'> from params {'instance_format': 'drop', 'passage_length_limit': 500, 'question_length_limit': 100, 'skip_when_all_empty': [], 'token_indexers': {'token_characters': {'min_padding_length': 5, 'type': 'characters'}, 'tokens': {'lowercase_tokens': True, 'type': 'single_id'}}, 'type': 'drop_rc_v2'} and extras set()
2019-05-11 11:35:17,649 - INFO - allennlp.common.params - validation_dataset_reader.type = drop_rc_v2
2019-05-11 11:35:17,649 - INFO - allennlp.common.from_params - instantiating class <class 'drop_library.dataset_readers.rc_drop_reader_v2.RCDropReaderV2'> from params {'instance_format': 'drop', 'passage_length_limit': 500, 'question_length_limit': 100, 'skip_when_all_empty': [], 'token_indexers': {'token_characters': {'min_padding_length': 5, 'type': 'characters'}, 'tokens': {'lowercase_tokens': True, 'type': 'single_id'}}} and extras set()
2019-05-11 11:35:17,649 - INFO - allennlp.common.from_params - instantiating class allennlp.data.token_indexers.token_indexer.TokenIndexer from params {'min_padding_length': 5, 'type': 'characters'} and extras set()
2019-05-11 11:35:17,649 - INFO - allennlp.common.params - validation_dataset_reader.token_indexers.token_characters.type = characters
2019-05-11 11:35:17,649 - INFO - allennlp.common.from_params - instantiating class allennlp.data.token_indexers.token_characters_indexer.TokenCharactersIndexer from params {'min_padding_length': 5} and extras set()
2019-05-11 11:35:17,650 - INFO - allennlp.common.params - validation_dataset_reader.token_indexers.token_characters.namespace = token_characters
2019-05-11 11:35:17,650 - INFO - allennlp.common.params - validation_dataset_reader.token_indexers.token_characters.start_tokens = None
2019-05-11 11:35:17,650 - INFO - allennlp.common.params - validation_dataset_reader.token_indexers.token_characters.end_tokens = None
2019-05-11 11:35:17,650 - INFO - allennlp.common.params - validation_dataset_reader.token_indexers.token_characters.min_padding_length = 5
2019-05-11 11:35:17,650 - INFO - allennlp.common.from_params - instantiating class allennlp.data.token_indexers.token_indexer.TokenIndexer from params {'lowercase_tokens': True, 'type': 'single_id'} and extras set()
2019-05-11 11:35:17,650 - INFO - allennlp.common.params - validation_dataset_reader.token_indexers.tokens.type = single_id
2019-05-11 11:35:17,650 - INFO - allennlp.common.from_params - instantiating class allennlp.data.token_indexers.single_id_token_indexer.SingleIdTokenIndexer from params {'lowercase_tokens': True} and extras set()
2019-05-11 11:35:17,650 - INFO - allennlp.common.params - validation_dataset_reader.token_indexers.tokens.namespace = tokens
2019-05-11 11:35:17,650 - INFO - allennlp.common.params - validation_dataset_reader.token_indexers.tokens.lowercase_tokens = True
2019-05-11 11:35:17,650 - INFO - allennlp.common.params - validation_dataset_reader.token_indexers.tokens.start_tokens = None
2019-05-11 11:35:17,650 - INFO - allennlp.common.params - validation_dataset_reader.token_indexers.tokens.end_tokens = None
2019-05-11 11:35:17,651 - INFO - allennlp.common.params - validation_dataset_reader.lazy = False
2019-05-11 11:35:17,651 - INFO - allennlp.common.params - validation_dataset_reader.passage_length_limit = 500
2019-05-11 11:35:17,651 - INFO - allennlp.common.params - validation_dataset_reader.question_length_limit = 100
2019-05-11 11:35:17,651 - INFO - allennlp.common.params - validation_dataset_reader.skip_when_all_empty = []
2019-05-11 11:35:17,651 - INFO - allennlp.common.params - validation_dataset_reader.instance_format = drop
2019-05-11 11:35:17,651 - INFO - allennlp.common.params - validation_dataset_reader.relaxed_span_match_for_finding_labels = True
2019-05-11 11:35:17,651 - INFO - allennlp.common.params - train_data_path = drop_dataset/drop_dataset_train.json
2019-05-11 11:35:17,651 - INFO - allennlp.training.util - Reading training data from drop_dataset/drop_dataset_train.json
2019-05-11 11:35:17,653 - INFO - drop_library.dataset_readers.rc_drop_reader_v2 - Reading file at drop_dataset/drop_dataset_train.json
2019-05-11 11:35:19,002 - INFO - drop_library.dataset_readers.rc_drop_reader_v2 - Reading the dataset
2019-05-11 11:38:36,647 - INFO - drop_library.dataset_readers.rc_drop_reader_v2 - Skipped 10147 questions, kept 67262 questions.
2019-05-11 11:38:36,666 - INFO - allennlp.common.params - validation_data_path = drop_dataset/drop_dataset_dev.json
2019-05-11 11:38:36,666 - INFO - allennlp.training.util - Reading validation data from drop_dataset/drop_dataset_dev.json
2019-05-11 11:38:36,682 - INFO - drop_library.dataset_readers.rc_drop_reader_v2 - Reading file at drop_dataset/drop_dataset_dev.json
2019-05-11 11:38:36,996 - INFO - drop_library.dataset_readers.rc_drop_reader_v2 - Reading the dataset
2019-05-11 11:39:05,743 - INFO - drop_library.dataset_readers.rc_drop_reader_v2 - Skipped 0 questions, kept 9536 questions.
2019-05-11 11:39:05,749 - INFO - allennlp.common.params - test_data_path = None
2019-05-11 11:39:05,749 - INFO - allennlp.training.trainer - From dataset instances, train, validation will be considered for vocabulary creation.
2019-05-11 11:39:05,749 - INFO - allennlp.common.params - vocabulary.type = None
2019-05-11 11:39:05,749 - INFO - allennlp.common.params - vocabulary.extend = False
2019-05-11 11:39:05,749 - INFO - allennlp.common.params - vocabulary.directory_path = None
2019-05-11 11:39:05,749 - INFO - allennlp.common.params - vocabulary.max_vocab_size = None
2019-05-11 11:39:05,749 - INFO - allennlp.common.params - vocabulary.non_padded_namespaces = ('*tags', '*labels')
2019-05-11 11:39:05,749 - INFO - allennlp.common.params - vocabulary.min_pretrained_embeddings = None
2019-05-11 11:39:05,749 - INFO - allennlp.common.params - vocabulary.only_include_pretrained_words = True
2019-05-11 11:39:05,749 - INFO - allennlp.common.params - vocabulary.tokens_to_add = None
2019-05-11 11:39:05,749 - INFO - allennlp.data.vocabulary - Fitting token dictionary from dataset.
2019-05-11 11:40:35,026 - INFO - allennlp.data.vocabulary - Reading pretrained tokens from: https://s3-us-west-2.amazonaws.com/allennlp/datasets/glove/glove.840B.300d.lower.converted.zip
2019-05-11 11:41:11,677 - INFO - allennlp.common.from_params - instantiating class <class 'allennlp.models.model.Model'> from params {'answering_abilities': ['passage_span_extraction', 'question_span_extraction', 'addition_subtraction', 'counting'], 'dropout_prob': 0.1, 'matrix_attention_layer': {'combination': 'x,y,x*y', 'tensor_1_dim': 128, 'tensor_2_dim': 128, 'type': 'linear'}, 'modeling_layer': {'attention_dropout_prob': 0, 'attention_projection_dim': 128, 'conv_kernel_size': 5, 'dropout_prob': 0.1, 'feedforward_hidden_dim': 128, 'hidden_dim': 128, 'input_dim': 128, 'layer_dropout_undecayed_prob': 0.1, 'num_attention_heads': 8, 'num_blocks': 1, 'num_convs_per_block': 2, 'type': 'qanet_encoder'}, 'num_highway_layers': 2, 'phrase_layer': {'attention_dropout_prob': 0, 'attention_projection_dim': 128, 'conv_kernel_size': 7, 'dropout_prob': 0.1, 'feedforward_hidden_dim': 128, 'hidden_dim': 128, 'input_dim': 128, 'layer_dropout_undecayed_prob': 0.1, 'num_attention_heads': 8, 'num_blocks': 1, 'num_convs_per_block': 4, 'type': 'qanet_encoder'}, 'regularizer': [['.*', {'alpha': 1e-07, 'type': 'l2'}]], 'text_field_embedder': {'token_embedders': {'token_characters': {'embedding': {'embedding_dim': 64}, 'encoder': {'embedding_dim': 64, 'ngram_filter_sizes': [5], 'num_filters': 200, 'type': 'cnn'}, 'type': 'character_encoding'}, 'tokens': {'embedding_dim': 300, 'pretrained_file': 'https://s3-us-west-2.amazonaws.com/allennlp/datasets/glove/glove.840B.300d.lower.converted.zip', 'trainable': False, 'type': 'embedding'}}}, 'type': 'naqanet'} and extras {'vocab'}
2019-05-11 11:41:11,678 - INFO - allennlp.common.params - model.type = naqanet
2019-05-11 11:41:11,678 - INFO - allennlp.common.from_params - instantiating class <class 'allennlp.models.reading_comprehension.naqanet.NumericallyAugmentedQaNet'> from params {'answering_abilities': ['passage_span_extraction', 'question_span_extraction', 'addition_subtraction', 'counting'], 'dropout_prob': 0.1, 'matrix_attention_layer': {'combination': 'x,y,x*y', 'tensor_1_dim': 128, 'tensor_2_dim': 128, 'type': 'linear'}, 'modeling_layer': {'attention_dropout_prob': 0, 'attention_projection_dim': 128, 'conv_kernel_size': 5, 'dropout_prob': 0.1, 'feedforward_hidden_dim': 128, 'hidden_dim': 128, 'input_dim': 128, 'layer_dropout_undecayed_prob': 0.1, 'num_attention_heads': 8, 'num_blocks': 1, 'num_convs_per_block': 2, 'type': 'qanet_encoder'}, 'num_highway_layers': 2, 'phrase_layer': {'attention_dropout_prob': 0, 'attention_projection_dim': 128, 'conv_kernel_size': 7, 'dropout_prob': 0.1, 'feedforward_hidden_dim': 128, 'hidden_dim': 128, 'input_dim': 128, 'layer_dropout_undecayed_prob': 0.1, 'num_attention_heads': 8, 'num_blocks': 1, 'num_convs_per_block': 4, 'type': 'qanet_encoder'}, 'regularizer': [['.*', {'alpha': 1e-07, 'type': 'l2'}]], 'text_field_embedder': {'token_embedders': {'token_characters': {'embedding': {'embedding_dim': 64}, 'encoder': {'embedding_dim': 64, 'ngram_filter_sizes': [5], 'num_filters': 200, 'type': 'cnn'}, 'type': 'character_encoding'}, 'tokens': {'embedding_dim': 300, 'pretrained_file': 'https://s3-us-west-2.amazonaws.com/allennlp/datasets/glove/glove.840B.300d.lower.converted.zip', 'trainable': False, 'type': 'embedding'}}}} and extras {'vocab'}
2019-05-11 11:41:11,679 - INFO - allennlp.common.from_params - instantiating class <class 'allennlp.modules.text_field_embedders.text_field_embedder.TextFieldEmbedder'> from params {'token_embedders': {'token_characters': {'embedding': {'embedding_dim': 64}, 'encoder': {'embedding_dim': 64, 'ngram_filter_sizes': [5], 'num_filters': 200, 'type': 'cnn'}, 'type': 'character_encoding'}, 'tokens': {'embedding_dim': 300, 'pretrained_file': 'https://s3-us-west-2.amazonaws.com/allennlp/datasets/glove/glove.840B.300d.lower.converted.zip', 'trainable': False, 'type': 'embedding'}}} and extras {'vocab'}
2019-05-11 11:41:11,679 - INFO - allennlp.common.params - model.text_field_embedder.type = basic
2019-05-11 11:41:11,679 - INFO - allennlp.common.params - model.text_field_embedder.embedder_to_indexer_map = None
2019-05-11 11:41:11,679 - INFO - allennlp.common.params - model.text_field_embedder.allow_unmatched_keys = False
2019-05-11 11:41:11,679 - INFO - allennlp.common.from_params - instantiating class <class 'allennlp.modules.token_embedders.token_embedder.TokenEmbedder'> from params {'embedding': {'embedding_dim': 64}, 'encoder': {'embedding_dim': 64, 'ngram_filter_sizes': [5], 'num_filters': 200, 'type': 'cnn'}, 'type': 'character_encoding'} and extras {'vocab'}
2019-05-11 11:41:11,679 - INFO - allennlp.common.params - model.text_field_embedder.token_embedders.token_characters.type = character_encoding
2019-05-11 11:41:11,679 - INFO - allennlp.common.params - model.text_field_embedder.token_embedders.token_characters.embedding.num_embeddings = None
2019-05-11 11:41:11,679 - INFO - allennlp.common.params - model.text_field_embedder.token_embedders.token_characters.embedding.vocab_namespace = token_characters
2019-05-11 11:41:11,679 - INFO - allennlp.common.params - model.text_field_embedder.token_embedders.token_characters.embedding.embedding_dim = 64
2019-05-11 11:41:11,680 - INFO - allennlp.common.params - model.text_field_embedder.token_embedders.token_characters.embedding.pretrained_file = None
2019-05-11 11:41:11,680 - INFO - allennlp.common.params - model.text_field_embedder.token_embedders.token_characters.embedding.projection_dim = None
2019-05-11 11:41:11,680 - INFO - allennlp.common.params - model.text_field_embedder.token_embedders.token_characters.embedding.trainable = True
2019-05-11 11:41:11,680 - INFO - allennlp.common.params - model.text_field_embedder.token_embedders.token_characters.embedding.padding_index = None
2019-05-11 11:41:11,680 - INFO - allennlp.common.params - model.text_field_embedder.token_embedders.token_characters.embedding.max_norm = None
2019-05-11 11:41:11,680 - INFO - allennlp.common.params - model.text_field_embedder.token_embedders.token_characters.embedding.norm_type = 2.0
2019-05-11 11:41:11,680 - INFO - allennlp.common.params - model.text_field_embedder.token_embedders.token_characters.embedding.scale_grad_by_freq = False
2019-05-11 11:41:11,680 - INFO - allennlp.common.params - model.text_field_embedder.token_embedders.token_characters.embedding.sparse = False
2019-05-11 11:41:11,680 - INFO - allennlp.common.from_params - instantiating class <class 'allennlp.modules.seq2vec_encoders.seq2vec_encoder.Seq2VecEncoder'> from params {'embedding_dim': 64, 'ngram_filter_sizes': [5], 'num_filters': 200, 'type': 'cnn'} and extras set()
2019-05-11 11:41:11,681 - INFO - allennlp.common.params - model.text_field_embedder.token_embedders.token_characters.encoder.type = cnn
2019-05-11 11:41:11,681 - INFO - allennlp.common.from_params - instantiating class <class 'allennlp.modules.seq2vec_encoders.cnn_encoder.CnnEncoder'> from params {'embedding_dim': 64, 'ngram_filter_sizes': [5], 'num_filters': 200} and extras set()
2019-05-11 11:41:11,681 - INFO - allennlp.common.params - model.text_field_embedder.token_embedders.token_characters.encoder.embedding_dim = 64
2019-05-11 11:41:11,681 - INFO - allennlp.common.params - model.text_field_embedder.token_embedders.token_characters.encoder.num_filters = 200
2019-05-11 11:41:11,681 - INFO - allennlp.common.params - model.text_field_embedder.token_embedders.token_characters.encoder.ngram_filter_sizes = [5]
2019-05-11 11:41:11,681 - INFO - allennlp.common.params - model.text_field_embedder.token_embedders.token_characters.encoder.output_dim = None
2019-05-11 11:41:11,683 - INFO - allennlp.common.params - model.text_field_embedder.token_embedders.token_characters.dropout = 0.0
2019-05-11 11:41:11,684 - INFO - allennlp.common.from_params - instantiating class <class 'allennlp.modules.token_embedders.token_embedder.TokenEmbedder'> from params {'embedding_dim': 300, 'pretrained_file': 'https://s3-us-west-2.amazonaws.com/allennlp/datasets/glove/glove.840B.300d.lower.converted.zip', 'trainable': False, 'type': 'embedding'} and extras {'vocab'}
2019-05-11 11:41:11,684 - INFO - allennlp.common.params - model.text_field_embedder.token_embedders.tokens.type = embedding
2019-05-11 11:41:11,684 - INFO - allennlp.common.params - model.text_field_embedder.token_embedders.tokens.num_embeddings = None
2019-05-11 11:41:11,684 - INFO - allennlp.common.params - model.text_field_embedder.token_embedders.tokens.vocab_namespace = tokens
2019-05-11 11:41:11,684 - INFO - allennlp.common.params - model.text_field_embedder.token_embedders.tokens.embedding_dim = 300
2019-05-11 11:41:11,684 - INFO - allennlp.common.params - model.text_field_embedder.token_embedders.tokens.pretrained_file = https://s3-us-west-2.amazonaws.com/allennlp/datasets/glove/glove.840B.300d.lower.converted.zip
2019-05-11 11:41:11,684 - INFO - allennlp.common.params - model.text_field_embedder.token_embedders.tokens.projection_dim = None
2019-05-11 11:41:11,684 - INFO - allennlp.common.params - model.text_field_embedder.token_embedders.tokens.trainable = False
2019-05-11 11:41:11,684 - INFO - allennlp.common.params - model.text_field_embedder.token_embedders.tokens.padding_index = None
2019-05-11 11:41:11,684 - INFO - allennlp.common.params - model.text_field_embedder.token_embedders.tokens.max_norm = None
2019-05-11 11:41:11,684 - INFO - allennlp.common.params - model.text_field_embedder.token_embedders.tokens.norm_type = 2.0
2019-05-11 11:41:11,684 - INFO - allennlp.common.params - model.text_field_embedder.token_embedders.tokens.scale_grad_by_freq = False
2019-05-11 11:41:11,684 - INFO - allennlp.common.params - model.text_field_embedder.token_embedders.tokens.sparse = False
2019-05-11 11:41:11,687 - INFO - allennlp.modules.token_embedders.embedding - Reading pretrained embeddings from file
2019-05-11 11:41:50,406 - INFO - allennlp.modules.token_embedders.embedding - Initializing pre-trained embedding layer
2019-05-11 11:41:51,533 - INFO - allennlp.modules.token_embedders.embedding - Pretrained embeddings were found for 36856 out of 36858 tokens
2019-05-11 11:41:51,542 - INFO - allennlp.common.params - model.num_highway_layers = 2
2019-05-11 11:41:51,542 - INFO - allennlp.common.from_params - instantiating class <class 'allennlp.modules.seq2seq_encoders.seq2seq_encoder.Seq2SeqEncoder'> from params {'attention_dropout_prob': 0, 'attention_projection_dim': 128, 'conv_kernel_size': 7, 'dropout_prob': 0.1, 'feedforward_hidden_dim': 128, 'hidden_dim': 128, 'input_dim': 128, 'layer_dropout_undecayed_prob': 0.1, 'num_attention_heads': 8, 'num_blocks': 1, 'num_convs_per_block': 4, 'type': 'qanet_encoder'} and extras {'vocab'}
2019-05-11 11:41:51,542 - INFO - allennlp.common.params - model.phrase_layer.type = qanet_encoder
2019-05-11 11:41:51,542 - INFO - allennlp.common.from_params - instantiating class <class 'allennlp.modules.seq2seq_encoders.qanet_encoder.QaNetEncoder'> from params {'attention_dropout_prob': 0, 'attention_projection_dim': 128, 'conv_kernel_size': 7, 'dropout_prob': 0.1, 'feedforward_hidden_dim': 128, 'hidden_dim': 128, 'input_dim': 128, 'layer_dropout_undecayed_prob': 0.1, 'num_attention_heads': 8, 'num_blocks': 1, 'num_convs_per_block': 4} and extras {'vocab'}
2019-05-11 11:41:51,542 - INFO - allennlp.common.params - model.phrase_layer.input_dim = 128
2019-05-11 11:41:51,542 - INFO - allennlp.common.params - model.phrase_layer.hidden_dim = 128
2019-05-11 11:41:51,542 - INFO - allennlp.common.params - model.phrase_layer.attention_projection_dim = 128
2019-05-11 11:41:51,543 - INFO - allennlp.common.params - model.phrase_layer.feedforward_hidden_dim = 128
2019-05-11 11:41:51,543 - INFO - allennlp.common.params - model.phrase_layer.num_blocks = 1
2019-05-11 11:41:51,543 - INFO - allennlp.common.params - model.phrase_layer.num_convs_per_block = 4
2019-05-11 11:41:51,543 - INFO - allennlp.common.params - model.phrase_layer.conv_kernel_size = 7
2019-05-11 11:41:51,543 - INFO - allennlp.common.params - model.phrase_layer.num_attention_heads = 8
2019-05-11 11:41:51,543 - INFO - allennlp.common.params - model.phrase_layer.use_positional_encoding = True
2019-05-11 11:41:51,543 - INFO - allennlp.common.params - model.phrase_layer.dropout_prob = 0.1
2019-05-11 11:41:51,543 - INFO - allennlp.common.params - model.phrase_layer.layer_dropout_undecayed_prob = 0.1
2019-05-11 11:41:51,543 - INFO - allennlp.common.params - model.phrase_layer.attention_dropout_prob = 0
2019-05-11 11:41:51,548 - INFO - allennlp.common.from_params - instantiating class <class 'allennlp.modules.matrix_attention.matrix_attention.MatrixAttention'> from params {'combination': 'x,y,x*y', 'tensor_1_dim': 128, 'tensor_2_dim': 128, 'type': 'linear'} and extras {'vocab'}
2019-05-11 11:41:51,548 - INFO - allennlp.common.params - model.matrix_attention_layer.type = linear
2019-05-11 11:41:51,548 - INFO - allennlp.common.from_params - instantiating class <class 'allennlp.modules.matrix_attention.linear_matrix_attention.LinearMatrixAttention'> from params {'combination': 'x,y,x*y', 'tensor_1_dim': 128, 'tensor_2_dim': 128} and extras {'vocab'}
2019-05-11 11:41:51,548 - INFO - allennlp.common.params - model.matrix_attention_layer.tensor_1_dim = 128
2019-05-11 11:41:51,548 - INFO - allennlp.common.params - model.matrix_attention_layer.tensor_2_dim = 128
2019-05-11 11:41:51,548 - INFO - allennlp.common.params - model.matrix_attention_layer.combination = x,y,x*y
2019-05-11 11:41:51,548 - INFO - allennlp.common.from_params - instantiating class <class 'allennlp.modules.seq2seq_encoders.seq2seq_encoder.Seq2SeqEncoder'> from params {'attention_dropout_prob': 0, 'attention_projection_dim': 128, 'conv_kernel_size': 5, 'dropout_prob': 0.1, 'feedforward_hidden_dim': 128, 'hidden_dim': 128, 'input_dim': 128, 'layer_dropout_undecayed_prob': 0.1, 'num_attention_heads': 8, 'num_blocks': 1, 'num_convs_per_block': 2, 'type': 'qanet_encoder'} and extras {'vocab'}
2019-05-11 11:41:51,548 - INFO - allennlp.common.params - model.modeling_layer.type = qanet_encoder
2019-05-11 11:41:51,548 - INFO - allennlp.common.from_params - instantiating class <class 'allennlp.modules.seq2seq_encoders.qanet_encoder.QaNetEncoder'> from params {'attention_dropout_prob': 0, 'attention_projection_dim': 128, 'conv_kernel_size': 5, 'dropout_prob': 0.1, 'feedforward_hidden_dim': 128, 'hidden_dim': 128, 'input_dim': 128, 'layer_dropout_undecayed_prob': 0.1, 'num_attention_heads': 8, 'num_blocks': 1, 'num_convs_per_block': 2} and extras {'vocab'}
2019-05-11 11:41:51,549 - INFO - allennlp.common.params - model.modeling_layer.input_dim = 128
2019-05-11 11:41:51,549 - INFO - allennlp.common.params - model.modeling_layer.hidden_dim = 128
2019-05-11 11:41:51,549 - INFO - allennlp.common.params - model.modeling_layer.attention_projection_dim = 128
2019-05-11 11:41:51,549 - INFO - allennlp.common.params - model.modeling_layer.feedforward_hidden_dim = 128
2019-05-11 11:41:51,549 - INFO - allennlp.common.params - model.modeling_layer.num_blocks = 1
2019-05-11 11:41:51,549 - INFO - allennlp.common.params - model.modeling_layer.num_convs_per_block = 2
2019-05-11 11:41:51,549 - INFO - allennlp.common.params - model.modeling_layer.conv_kernel_size = 5
2019-05-11 11:41:51,549 - INFO - allennlp.common.params - model.modeling_layer.num_attention_heads = 8
2019-05-11 11:41:51,549 - INFO - allennlp.common.params - model.modeling_layer.use_positional_encoding = True
2019-05-11 11:41:51,549 - INFO - allennlp.common.params - model.modeling_layer.dropout_prob = 0.1
2019-05-11 11:41:51,549 - INFO - allennlp.common.params - model.modeling_layer.layer_dropout_undecayed_prob = 0.1
2019-05-11 11:41:51,549 - INFO - allennlp.common.params - model.modeling_layer.attention_dropout_prob = 0
2019-05-11 11:41:51,552 - INFO - allennlp.common.params - model.dropout_prob = 0.1
2019-05-11 11:41:51,552 - INFO - allennlp.common.params - model.regularizer = [['.*', {'alpha': 1e-07, 'type': 'l2'}]]
2019-05-11 11:41:51,553 - INFO - allennlp.common.params - model.regularizer.0.1.type = l2
2019-05-11 11:41:51,553 - INFO - allennlp.common.params - model.answering_abilities = ['passage_span_extraction', 'question_span_extraction', 'addition_subtraction', 'counting']
2019-05-11 11:41:51,559 - INFO - allennlp.nn.initializers - Initializing parameters
2019-05-11 11:41:51,560 - INFO - allennlp.nn.initializers - Done initializing parameters; the following parameters are using their default initialization from their code
2019-05-11 11:41:51,560 - INFO - allennlp.nn.initializers -    _answer_ability_predictor._linear_layers.0.bias
2019-05-11 11:41:51,560 - INFO - allennlp.nn.initializers -    _answer_ability_predictor._linear_layers.0.weight
2019-05-11 11:41:51,560 - INFO - allennlp.nn.initializers -    _answer_ability_predictor._linear_layers.1.bias
2019-05-11 11:41:51,560 - INFO - allennlp.nn.initializers -    _answer_ability_predictor._linear_layers.1.weight
2019-05-11 11:41:51,560 - INFO - allennlp.nn.initializers -    _count_number_predictor._linear_layers.0.bias
2019-05-11 11:41:51,560 - INFO - allennlp.nn.initializers -    _count_number_predictor._linear_layers.0.weight
2019-05-11 11:41:51,560 - INFO - allennlp.nn.initializers -    _count_number_predictor._linear_layers.1.bias
2019-05-11 11:41:51,560 - INFO - allennlp.nn.initializers -    _count_number_predictor._linear_layers.1.weight
2019-05-11 11:41:51,560 - INFO - allennlp.nn.initializers -    _embedding_proj_layer.bias
2019-05-11 11:41:51,560 - INFO - allennlp.nn.initializers -    _embedding_proj_layer.weight
2019-05-11 11:41:51,561 - INFO - allennlp.nn.initializers -    _encoding_proj_layer.bias
2019-05-11 11:41:51,561 - INFO - allennlp.nn.initializers -    _encoding_proj_layer.weight
2019-05-11 11:41:51,561 - INFO - allennlp.nn.initializers -    _highway_layer._layers.0.bias
2019-05-11 11:41:51,561 - INFO - allennlp.nn.initializers -    _highway_layer._layers.0.weight
2019-05-11 11:41:51,561 - INFO - allennlp.nn.initializers -    _highway_layer._layers.1.bias
2019-05-11 11:41:51,561 - INFO - allennlp.nn.initializers -    _highway_layer._layers.1.weight
2019-05-11 11:41:51,561 - INFO - allennlp.nn.initializers -    _matrix_attention._bias
2019-05-11 11:41:51,561 - INFO - allennlp.nn.initializers -    _matrix_attention._weight_vector
2019-05-11 11:41:51,561 - INFO - allennlp.nn.initializers -    _modeling_layer.encoder_block_0._conv_layers.0.1.bias
2019-05-11 11:41:51,561 - INFO - allennlp.nn.initializers -    _modeling_layer.encoder_block_0._conv_layers.0.1.weight
2019-05-11 11:41:51,561 - INFO - allennlp.nn.initializers -    _modeling_layer.encoder_block_0._conv_layers.0.2.bias
2019-05-11 11:41:51,561 - INFO - allennlp.nn.initializers -    _modeling_layer.encoder_block_0._conv_layers.0.2.weight
2019-05-11 11:41:51,561 - INFO - allennlp.nn.initializers -    _modeling_layer.encoder_block_0._conv_layers.1.1.bias
2019-05-11 11:41:51,561 - INFO - allennlp.nn.initializers -    _modeling_layer.encoder_block_0._conv_layers.1.1.weight
2019-05-11 11:41:51,561 - INFO - allennlp.nn.initializers -    _modeling_layer.encoder_block_0._conv_layers.1.2.bias
2019-05-11 11:41:51,561 - INFO - allennlp.nn.initializers -    _modeling_layer.encoder_block_0._conv_layers.1.2.weight
2019-05-11 11:41:51,561 - INFO - allennlp.nn.initializers -    _modeling_layer.encoder_block_0._conv_norm_layers.0.bias
2019-05-11 11:41:51,562 - INFO - allennlp.nn.initializers -    _modeling_layer.encoder_block_0._conv_norm_layers.0.weight
2019-05-11 11:41:51,562 - INFO - allennlp.nn.initializers -    _modeling_layer.encoder_block_0._conv_norm_layers.1.bias
2019-05-11 11:41:51,562 - INFO - allennlp.nn.initializers -    _modeling_layer.encoder_block_0._conv_norm_layers.1.weight
2019-05-11 11:41:51,562 - INFO - allennlp.nn.initializers -    _modeling_layer.encoder_block_0.attention_layer._combined_projection.bias
2019-05-11 11:41:51,562 - INFO - allennlp.nn.initializers -    _modeling_layer.encoder_block_0.attention_layer._combined_projection.weight
2019-05-11 11:41:51,562 - INFO - allennlp.nn.initializers -    _modeling_layer.encoder_block_0.attention_layer._output_projection.bias
2019-05-11 11:41:51,562 - INFO - allennlp.nn.initializers -    _modeling_layer.encoder_block_0.attention_layer._output_projection.weight
2019-05-11 11:41:51,562 - INFO - allennlp.nn.initializers -    _modeling_layer.encoder_block_0.attention_norm_layer.bias
2019-05-11 11:41:51,562 - INFO - allennlp.nn.initializers -    _modeling_layer.encoder_block_0.attention_norm_layer.weight
2019-05-11 11:41:51,562 - INFO - allennlp.nn.initializers -    _modeling_layer.encoder_block_0.feedforward._linear_layers.0.bias
2019-05-11 11:41:51,562 - INFO - allennlp.nn.initializers -    _modeling_layer.encoder_block_0.feedforward._linear_layers.0.weight
2019-05-11 11:41:51,562 - INFO - allennlp.nn.initializers -    _modeling_layer.encoder_block_0.feedforward._linear_layers.1.bias
2019-05-11 11:41:51,562 - INFO - allennlp.nn.initializers -    _modeling_layer.encoder_block_0.feedforward._linear_layers.1.weight
2019-05-11 11:41:51,562 - INFO - allennlp.nn.initializers -    _modeling_layer.encoder_block_0.feedforward_norm_layer.bias
2019-05-11 11:41:51,562 - INFO - allennlp.nn.initializers -    _modeling_layer.encoder_block_0.feedforward_norm_layer.weight
2019-05-11 11:41:51,562 - INFO - allennlp.nn.initializers -    _modeling_proj_layer.bias
2019-05-11 11:41:51,562 - INFO - allennlp.nn.initializers -    _modeling_proj_layer.weight
2019-05-11 11:41:51,563 - INFO - allennlp.nn.initializers -    _number_sign_predictor._linear_layers.0.bias
2019-05-11 11:41:51,563 - INFO - allennlp.nn.initializers -    _number_sign_predictor._linear_layers.0.weight
2019-05-11 11:41:51,563 - INFO - allennlp.nn.initializers -    _number_sign_predictor._linear_layers.1.bias
2019-05-11 11:41:51,563 - INFO - allennlp.nn.initializers -    _number_sign_predictor._linear_layers.1.weight
2019-05-11 11:41:51,563 - INFO - allennlp.nn.initializers -    _passage_span_end_predictor._linear_layers.0.bias
2019-05-11 11:41:51,563 - INFO - allennlp.nn.initializers -    _passage_span_end_predictor._linear_layers.0.weight
2019-05-11 11:41:51,563 - INFO - allennlp.nn.initializers -    _passage_span_end_predictor._linear_layers.1.bias
2019-05-11 11:41:51,563 - INFO - allennlp.nn.initializers -    _passage_span_end_predictor._linear_layers.1.weight
2019-05-11 11:41:51,563 - INFO - allennlp.nn.initializers -    _passage_span_start_predictor._linear_layers.0.bias
2019-05-11 11:41:51,563 - INFO - allennlp.nn.initializers -    _passage_span_start_predictor._linear_layers.0.weight
2019-05-11 11:41:51,563 - INFO - allennlp.nn.initializers -    _passage_span_start_predictor._linear_layers.1.bias
2019-05-11 11:41:51,563 - INFO - allennlp.nn.initializers -    _passage_span_start_predictor._linear_layers.1.weight
2019-05-11 11:41:51,563 - INFO - allennlp.nn.initializers -    _passage_weights_predictor.bias
2019-05-11 11:41:51,563 - INFO - allennlp.nn.initializers -    _passage_weights_predictor.weight
2019-05-11 11:41:51,563 - INFO - allennlp.nn.initializers -    _phrase_layer.encoder_block_0._conv_layers.0.1.bias
2019-05-11 11:41:51,563 - INFO - allennlp.nn.initializers -    _phrase_layer.encoder_block_0._conv_layers.0.1.weight
2019-05-11 11:41:51,563 - INFO - allennlp.nn.initializers -    _phrase_layer.encoder_block_0._conv_layers.0.2.bias
2019-05-11 11:41:51,564 - INFO - allennlp.nn.initializers -    _phrase_layer.encoder_block_0._conv_layers.0.2.weight
2019-05-11 11:41:51,564 - INFO - allennlp.nn.initializers -    _phrase_layer.encoder_block_0._conv_layers.1.1.bias
2019-05-11 11:41:51,564 - INFO - allennlp.nn.initializers -    _phrase_layer.encoder_block_0._conv_layers.1.1.weight
2019-05-11 11:41:51,564 - INFO - allennlp.nn.initializers -    _phrase_layer.encoder_block_0._conv_layers.1.2.bias
2019-05-11 11:41:51,564 - INFO - allennlp.nn.initializers -    _phrase_layer.encoder_block_0._conv_layers.1.2.weight
2019-05-11 11:41:51,564 - INFO - allennlp.nn.initializers -    _phrase_layer.encoder_block_0._conv_layers.2.1.bias
2019-05-11 11:41:51,564 - INFO - allennlp.nn.initializers -    _phrase_layer.encoder_block_0._conv_layers.2.1.weight
2019-05-11 11:41:51,564 - INFO - allennlp.nn.initializers -    _phrase_layer.encoder_block_0._conv_layers.2.2.bias
2019-05-11 11:41:51,564 - INFO - allennlp.nn.initializers -    _phrase_layer.encoder_block_0._conv_layers.2.2.weight
2019-05-11 11:41:51,564 - INFO - allennlp.nn.initializers -    _phrase_layer.encoder_block_0._conv_layers.3.1.bias
2019-05-11 11:41:51,564 - INFO - allennlp.nn.initializers -    _phrase_layer.encoder_block_0._conv_layers.3.1.weight
2019-05-11 11:41:51,564 - INFO - allennlp.nn.initializers -    _phrase_layer.encoder_block_0._conv_layers.3.2.bias
2019-05-11 11:41:51,564 - INFO - allennlp.nn.initializers -    _phrase_layer.encoder_block_0._conv_layers.3.2.weight
2019-05-11 11:41:51,564 - INFO - allennlp.nn.initializers -    _phrase_layer.encoder_block_0._conv_norm_layers.0.bias
2019-05-11 11:41:51,564 - INFO - allennlp.nn.initializers -    _phrase_layer.encoder_block_0._conv_norm_layers.0.weight
2019-05-11 11:41:51,564 - INFO - allennlp.nn.initializers -    _phrase_layer.encoder_block_0._conv_norm_layers.1.bias
2019-05-11 11:41:51,564 - INFO - allennlp.nn.initializers -    _phrase_layer.encoder_block_0._conv_norm_layers.1.weight
2019-05-11 11:41:51,564 - INFO - allennlp.nn.initializers -    _phrase_layer.encoder_block_0._conv_norm_layers.2.bias
2019-05-11 11:41:51,565 - INFO - allennlp.nn.initializers -    _phrase_layer.encoder_block_0._conv_norm_layers.2.weight
2019-05-11 11:41:51,565 - INFO - allennlp.nn.initializers -    _phrase_layer.encoder_block_0._conv_norm_layers.3.bias
2019-05-11 11:41:51,565 - INFO - allennlp.nn.initializers -    _phrase_layer.encoder_block_0._conv_norm_layers.3.weight
2019-05-11 11:41:51,565 - INFO - allennlp.nn.initializers -    _phrase_layer.encoder_block_0.attention_layer._combined_projection.bias
2019-05-11 11:41:51,565 - INFO - allennlp.nn.initializers -    _phrase_layer.encoder_block_0.attention_layer._combined_projection.weight
2019-05-11 11:41:51,565 - INFO - allennlp.nn.initializers -    _phrase_layer.encoder_block_0.attention_layer._output_projection.bias
2019-05-11 11:41:51,565 - INFO - allennlp.nn.initializers -    _phrase_layer.encoder_block_0.attention_layer._output_projection.weight
2019-05-11 11:41:51,565 - INFO - allennlp.nn.initializers -    _phrase_layer.encoder_block_0.attention_norm_layer.bias
2019-05-11 11:41:51,565 - INFO - allennlp.nn.initializers -    _phrase_layer.encoder_block_0.attention_norm_layer.weight
2019-05-11 11:41:51,565 - INFO - allennlp.nn.initializers -    _phrase_layer.encoder_block_0.feedforward._linear_layers.0.bias
2019-05-11 11:41:51,565 - INFO - allennlp.nn.initializers -    _phrase_layer.encoder_block_0.feedforward._linear_layers.0.weight
2019-05-11 11:41:51,565 - INFO - allennlp.nn.initializers -    _phrase_layer.encoder_block_0.feedforward._linear_layers.1.bias
2019-05-11 11:41:51,565 - INFO - allennlp.nn.initializers -    _phrase_layer.encoder_block_0.feedforward._linear_layers.1.weight
2019-05-11 11:41:51,565 - INFO - allennlp.nn.initializers -    _phrase_layer.encoder_block_0.feedforward_norm_layer.bias
2019-05-11 11:41:51,565 - INFO - allennlp.nn.initializers -    _phrase_layer.encoder_block_0.feedforward_norm_layer.weight
2019-05-11 11:41:51,565 - INFO - allennlp.nn.initializers -    _question_span_end_predictor._linear_layers.0.bias
2019-05-11 11:41:51,565 - INFO - allennlp.nn.initializers -    _question_span_end_predictor._linear_layers.0.weight
2019-05-11 11:41:51,566 - INFO - allennlp.nn.initializers -    _question_span_end_predictor._linear_layers.1.bias
2019-05-11 11:41:51,566 - INFO - allennlp.nn.initializers -    _question_span_end_predictor._linear_layers.1.weight
2019-05-11 11:41:51,566 - INFO - allennlp.nn.initializers -    _question_span_start_predictor._linear_layers.0.bias
2019-05-11 11:41:51,566 - INFO - allennlp.nn.initializers -    _question_span_start_predictor._linear_layers.0.weight
2019-05-11 11:41:51,566 - INFO - allennlp.nn.initializers -    _question_span_start_predictor._linear_layers.1.bias
2019-05-11 11:41:51,566 - INFO - allennlp.nn.initializers -    _question_span_start_predictor._linear_layers.1.weight
2019-05-11 11:41:51,566 - INFO - allennlp.nn.initializers -    _question_weights_predictor.bias
2019-05-11 11:41:51,566 - INFO - allennlp.nn.initializers -    _question_weights_predictor.weight
2019-05-11 11:41:51,566 - INFO - allennlp.nn.initializers -    _text_field_embedder.token_embedder_token_characters._embedding._module.weight
2019-05-11 11:41:51,566 - INFO - allennlp.nn.initializers -    _text_field_embedder.token_embedder_token_characters._encoder._module.conv_layer_0.bias
2019-05-11 11:41:51,566 - INFO - allennlp.nn.initializers -    _text_field_embedder.token_embedder_token_characters._encoder._module.conv_layer_0.weight
2019-05-11 11:41:51,566 - INFO - allennlp.nn.initializers -    _text_field_embedder.token_embedder_tokens.weight
2019-05-11 11:41:51,689 - INFO - allennlp.common.from_params - instantiating class <class 'allennlp.data.iterators.data_iterator.DataIterator'> from params {'batch_size': 16, 'max_instances_in_memory': 600, 'sorting_keys': [['passage', 'num_tokens'], ['question', 'num_tokens']], 'type': 'bucket'} and extras set()
2019-05-11 11:41:51,689 - INFO - allennlp.common.params - iterator.type = bucket
2019-05-11 11:41:51,689 - INFO - allennlp.common.from_params - instantiating class <class 'allennlp.data.iterators.bucket_iterator.BucketIterator'> from params {'batch_size': 16, 'max_instances_in_memory': 600, 'sorting_keys': [['passage', 'num_tokens'], ['question', 'num_tokens']]} and extras set()
2019-05-11 11:41:51,689 - INFO - allennlp.common.params - iterator.sorting_keys = [['passage', 'num_tokens'], ['question', 'num_tokens']]
2019-05-11 11:41:51,689 - INFO - allennlp.common.params - iterator.padding_noise = 0.1
2019-05-11 11:41:51,689 - INFO - allennlp.common.params - iterator.biggest_batch_first = False
2019-05-11 11:41:51,689 - INFO - allennlp.common.params - iterator.batch_size = 16
2019-05-11 11:41:51,690 - INFO - allennlp.common.params - iterator.instances_per_epoch = None
2019-05-11 11:41:51,690 - INFO - allennlp.common.params - iterator.max_instances_in_memory = 600
2019-05-11 11:41:51,690 - INFO - allennlp.common.params - iterator.cache_instances = False
2019-05-11 11:41:51,690 - INFO - allennlp.common.params - iterator.track_epoch = False
2019-05-11 11:41:51,690 - INFO - allennlp.common.params - iterator.maximum_samples_per_batch = None
2019-05-11 11:41:51,690 - INFO - allennlp.common.params - validation_iterator = None
2019-05-11 11:41:51,690 - INFO - allennlp.common.params - trainer.no_grad = ()
2019-05-11 11:41:51,691 - INFO - allennlp.training.trainer - Following parameters are Frozen  (without gradient):
2019-05-11 11:41:51,691 - INFO - allennlp.training.trainer - _text_field_embedder.token_embedder_tokens.weight
2019-05-11 11:41:51,691 - INFO - allennlp.training.trainer - Following parameters are Tunable (with gradient):
2019-05-11 11:41:51,691 - INFO - allennlp.training.trainer - _text_field_embedder.token_embedder_token_characters._embedding._module.weight
2019-05-11 11:41:51,691 - INFO - allennlp.training.trainer - _text_field_embedder.token_embedder_token_characters._encoder._module.conv_layer_0.weight
2019-05-11 11:41:51,691 - INFO - allennlp.training.trainer - _text_field_embedder.token_embedder_token_characters._encoder._module.conv_layer_0.bias
2019-05-11 11:41:51,691 - INFO - allennlp.training.trainer - _embedding_proj_layer.weight
2019-05-11 11:41:51,691 - INFO - allennlp.training.trainer - _embedding_proj_layer.bias
2019-05-11 11:41:51,691 - INFO - allennlp.training.trainer - _highway_layer._layers.0.weight
2019-05-11 11:41:51,691 - INFO - allennlp.training.trainer - _highway_layer._layers.0.bias
2019-05-11 11:41:51,692 - INFO - allennlp.training.trainer - _highway_layer._layers.1.weight
2019-05-11 11:41:51,692 - INFO - allennlp.training.trainer - _highway_layer._layers.1.bias
2019-05-11 11:41:51,692 - INFO - allennlp.training.trainer - _encoding_proj_layer.weight
2019-05-11 11:41:51,692 - INFO - allennlp.training.trainer - _encoding_proj_layer.bias
2019-05-11 11:41:51,692 - INFO - allennlp.training.trainer - _phrase_layer.encoder_block_0._conv_norm_layers.0.weight
2019-05-11 11:41:51,692 - INFO - allennlp.training.trainer - _phrase_layer.encoder_block_0._conv_norm_layers.0.bias
2019-05-11 11:41:51,692 - INFO - allennlp.training.trainer - _phrase_layer.encoder_block_0._conv_norm_layers.1.weight
2019-05-11 11:41:51,692 - INFO - allennlp.training.trainer - _phrase_layer.encoder_block_0._conv_norm_layers.1.bias
2019-05-11 11:41:51,692 - INFO - allennlp.training.trainer - _phrase_layer.encoder_block_0._conv_norm_layers.2.weight
2019-05-11 11:41:51,692 - INFO - allennlp.training.trainer - _phrase_layer.encoder_block_0._conv_norm_layers.2.bias
2019-05-11 11:41:51,692 - INFO - allennlp.training.trainer - _phrase_layer.encoder_block_0._conv_norm_layers.3.weight
2019-05-11 11:41:51,692 - INFO - allennlp.training.trainer - _phrase_layer.encoder_block_0._conv_norm_layers.3.bias
2019-05-11 11:41:51,692 - INFO - allennlp.training.trainer - _phrase_layer.encoder_block_0._conv_layers.0.1.weight
2019-05-11 11:41:51,692 - INFO - allennlp.training.trainer - _phrase_layer.encoder_block_0._conv_layers.0.1.bias
2019-05-11 11:41:51,692 - INFO - allennlp.training.trainer - _phrase_layer.encoder_block_0._conv_layers.0.2.weight
2019-05-11 11:41:51,692 - INFO - allennlp.training.trainer - _phrase_layer.encoder_block_0._conv_layers.0.2.bias
2019-05-11 11:41:51,692 - INFO - allennlp.training.trainer - _phrase_layer.encoder_block_0._conv_layers.1.1.weight
2019-05-11 11:41:51,692 - INFO - allennlp.training.trainer - _phrase_layer.encoder_block_0._conv_layers.1.1.bias
2019-05-11 11:41:51,693 - INFO - allennlp.training.trainer - _phrase_layer.encoder_block_0._conv_layers.1.2.weight
2019-05-11 11:41:51,693 - INFO - allennlp.training.trainer - _phrase_layer.encoder_block_0._conv_layers.1.2.bias
2019-05-11 11:41:51,693 - INFO - allennlp.training.trainer - _phrase_layer.encoder_block_0._conv_layers.2.1.weight
2019-05-11 11:41:51,693 - INFO - allennlp.training.trainer - _phrase_layer.encoder_block_0._conv_layers.2.1.bias
2019-05-11 11:41:51,693 - INFO - allennlp.training.trainer - _phrase_layer.encoder_block_0._conv_layers.2.2.weight
2019-05-11 11:41:51,693 - INFO - allennlp.training.trainer - _phrase_layer.encoder_block_0._conv_layers.2.2.bias
2019-05-11 11:41:51,693 - INFO - allennlp.training.trainer - _phrase_layer.encoder_block_0._conv_layers.3.1.weight
2019-05-11 11:41:51,693 - INFO - allennlp.training.trainer - _phrase_layer.encoder_block_0._conv_layers.3.1.bias
2019-05-11 11:41:51,693 - INFO - allennlp.training.trainer - _phrase_layer.encoder_block_0._conv_layers.3.2.weight
2019-05-11 11:41:51,693 - INFO - allennlp.training.trainer - _phrase_layer.encoder_block_0._conv_layers.3.2.bias
2019-05-11 11:41:51,693 - INFO - allennlp.training.trainer - _phrase_layer.encoder_block_0.attention_norm_layer.weight
2019-05-11 11:41:51,693 - INFO - allennlp.training.trainer - _phrase_layer.encoder_block_0.attention_norm_layer.bias
2019-05-11 11:41:51,693 - INFO - allennlp.training.trainer - _phrase_layer.encoder_block_0.attention_layer._combined_projection.weight
2019-05-11 11:41:51,694 - INFO - allennlp.training.trainer - _phrase_layer.encoder_block_0.attention_layer._combined_projection.bias
2019-05-11 11:41:51,694 - INFO - allennlp.training.trainer - _phrase_layer.encoder_block_0.attention_layer._output_projection.weight
2019-05-11 11:41:51,694 - INFO - allennlp.training.trainer - _phrase_layer.encoder_block_0.attention_layer._output_projection.bias
2019-05-11 11:41:51,694 - INFO - allennlp.training.trainer - _phrase_layer.encoder_block_0.feedforward_norm_layer.weight
2019-05-11 11:41:51,694 - INFO - allennlp.training.trainer - _phrase_layer.encoder_block_0.feedforward_norm_layer.bias
2019-05-11 11:41:51,694 - INFO - allennlp.training.trainer - _phrase_layer.encoder_block_0.feedforward._linear_layers.0.weight
2019-05-11 11:41:51,694 - INFO - allennlp.training.trainer - _phrase_layer.encoder_block_0.feedforward._linear_layers.0.bias
2019-05-11 11:41:51,694 - INFO - allennlp.training.trainer - _phrase_layer.encoder_block_0.feedforward._linear_layers.1.weight
2019-05-11 11:41:51,694 - INFO - allennlp.training.trainer - _phrase_layer.encoder_block_0.feedforward._linear_layers.1.bias
2019-05-11 11:41:51,694 - INFO - allennlp.training.trainer - _matrix_attention._weight_vector
2019-05-11 11:41:51,694 - INFO - allennlp.training.trainer - _matrix_attention._bias
2019-05-11 11:41:51,694 - INFO - allennlp.training.trainer - _modeling_proj_layer.weight
2019-05-11 11:41:51,694 - INFO - allennlp.training.trainer - _modeling_proj_layer.bias
2019-05-11 11:41:51,695 - INFO - allennlp.training.trainer - _modeling_layer.encoder_block_0._conv_norm_layers.0.weight
2019-05-11 11:41:51,695 - INFO - allennlp.training.trainer - _modeling_layer.encoder_block_0._conv_norm_layers.0.bias
2019-05-11 11:41:51,695 - INFO - allennlp.training.trainer - _modeling_layer.encoder_block_0._conv_norm_layers.1.weight
2019-05-11 11:41:51,695 - INFO - allennlp.training.trainer - _modeling_layer.encoder_block_0._conv_norm_layers.1.bias
2019-05-11 11:41:51,695 - INFO - allennlp.training.trainer - _modeling_layer.encoder_block_0._conv_layers.0.1.weight
2019-05-11 11:41:51,695 - INFO - allennlp.training.trainer - _modeling_layer.encoder_block_0._conv_layers.0.1.bias
2019-05-11 11:41:51,695 - INFO - allennlp.training.trainer - _modeling_layer.encoder_block_0._conv_layers.0.2.weight
2019-05-11 11:41:51,695 - INFO - allennlp.training.trainer - _modeling_layer.encoder_block_0._conv_layers.0.2.bias
2019-05-11 11:41:51,695 - INFO - allennlp.training.trainer - _modeling_layer.encoder_block_0._conv_layers.1.1.weight
2019-05-11 11:41:51,695 - INFO - allennlp.training.trainer - _modeling_layer.encoder_block_0._conv_layers.1.1.bias
2019-05-11 11:41:51,695 - INFO - allennlp.training.trainer - _modeling_layer.encoder_block_0._conv_layers.1.2.weight
2019-05-11 11:41:51,695 - INFO - allennlp.training.trainer - _modeling_layer.encoder_block_0._conv_layers.1.2.bias
2019-05-11 11:41:51,695 - INFO - allennlp.training.trainer - _modeling_layer.encoder_block_0.attention_norm_layer.weight
2019-05-11 11:41:51,696 - INFO - allennlp.training.trainer - _modeling_layer.encoder_block_0.attention_norm_layer.bias
2019-05-11 11:41:51,696 - INFO - allennlp.training.trainer - _modeling_layer.encoder_block_0.attention_layer._combined_projection.weight
2019-05-11 11:41:51,696 - INFO - allennlp.training.trainer - _modeling_layer.encoder_block_0.attention_layer._combined_projection.bias
2019-05-11 11:41:51,696 - INFO - allennlp.training.trainer - _modeling_layer.encoder_block_0.attention_layer._output_projection.weight
2019-05-11 11:41:51,696 - INFO - allennlp.training.trainer - _modeling_layer.encoder_block_0.attention_layer._output_projection.bias
2019-05-11 11:41:51,696 - INFO - allennlp.training.trainer - _modeling_layer.encoder_block_0.feedforward_norm_layer.weight
2019-05-11 11:41:51,696 - INFO - allennlp.training.trainer - _modeling_layer.encoder_block_0.feedforward_norm_layer.bias
2019-05-11 11:41:51,696 - INFO - allennlp.training.trainer - _modeling_layer.encoder_block_0.feedforward._linear_layers.0.weight
2019-05-11 11:41:51,696 - INFO - allennlp.training.trainer - _modeling_layer.encoder_block_0.feedforward._linear_layers.0.bias
2019-05-11 11:41:51,696 - INFO - allennlp.training.trainer - _modeling_layer.encoder_block_0.feedforward._linear_layers.1.weight
2019-05-11 11:41:51,696 - INFO - allennlp.training.trainer - _modeling_layer.encoder_block_0.feedforward._linear_layers.1.bias
2019-05-11 11:41:51,696 - INFO - allennlp.training.trainer - _passage_weights_predictor.weight
2019-05-11 11:41:51,696 - INFO - allennlp.training.trainer - _passage_weights_predictor.bias
2019-05-11 11:41:51,697 - INFO - allennlp.training.trainer - _question_weights_predictor.weight
2019-05-11 11:41:51,697 - INFO - allennlp.training.trainer - _question_weights_predictor.bias
2019-05-11 11:41:51,697 - INFO - allennlp.training.trainer - _answer_ability_predictor._linear_layers.0.weight
2019-05-11 11:41:51,697 - INFO - allennlp.training.trainer - _answer_ability_predictor._linear_layers.0.bias
2019-05-11 11:41:51,697 - INFO - allennlp.training.trainer - _answer_ability_predictor._linear_layers.1.weight
2019-05-11 11:41:51,697 - INFO - allennlp.training.trainer - _answer_ability_predictor._linear_layers.1.bias
2019-05-11 11:41:51,697 - INFO - allennlp.training.trainer - _passage_span_start_predictor._linear_layers.0.weight
2019-05-11 11:41:51,697 - INFO - allennlp.training.trainer - _passage_span_start_predictor._linear_layers.0.bias
2019-05-11 11:41:51,697 - INFO - allennlp.training.trainer - _passage_span_start_predictor._linear_layers.1.weight
2019-05-11 11:41:51,697 - INFO - allennlp.training.trainer - _passage_span_start_predictor._linear_layers.1.bias
2019-05-11 11:41:51,697 - INFO - allennlp.training.trainer - _passage_span_end_predictor._linear_layers.0.weight
2019-05-11 11:41:51,697 - INFO - allennlp.training.trainer - _passage_span_end_predictor._linear_layers.0.bias
2019-05-11 11:41:51,697 - INFO - allennlp.training.trainer - _passage_span_end_predictor._linear_layers.1.weight
2019-05-11 11:41:51,698 - INFO - allennlp.training.trainer - _passage_span_end_predictor._linear_layers.1.bias
2019-05-11 11:41:51,698 - INFO - allennlp.training.trainer - _question_span_start_predictor._linear_layers.0.weight
2019-05-11 11:41:51,698 - INFO - allennlp.training.trainer - _question_span_start_predictor._linear_layers.0.bias
2019-05-11 11:41:51,698 - INFO - allennlp.training.trainer - _question_span_start_predictor._linear_layers.1.weight
2019-05-11 11:41:51,698 - INFO - allennlp.training.trainer - _question_span_start_predictor._linear_layers.1.bias
2019-05-11 11:41:51,698 - INFO - allennlp.training.trainer - _question_span_end_predictor._linear_layers.0.weight
2019-05-11 11:41:51,698 - INFO - allennlp.training.trainer - _question_span_end_predictor._linear_layers.0.bias
2019-05-11 11:41:51,698 - INFO - allennlp.training.trainer - _question_span_end_predictor._linear_layers.1.weight
2019-05-11 11:41:51,698 - INFO - allennlp.training.trainer - _question_span_end_predictor._linear_layers.1.bias
2019-05-11 11:41:51,698 - INFO - allennlp.training.trainer - _number_sign_predictor._linear_layers.0.weight
2019-05-11 11:41:51,698 - INFO - allennlp.training.trainer - _number_sign_predictor._linear_layers.0.bias
2019-05-11 11:41:51,698 - INFO - allennlp.training.trainer - _number_sign_predictor._linear_layers.1.weight
2019-05-11 11:41:51,698 - INFO - allennlp.training.trainer - _number_sign_predictor._linear_layers.1.bias
2019-05-11 11:41:51,699 - INFO - allennlp.training.trainer - _count_number_predictor._linear_layers.0.weight
2019-05-11 11:41:51,699 - INFO - allennlp.training.trainer - _count_number_predictor._linear_layers.0.bias
2019-05-11 11:41:51,699 - INFO - allennlp.training.trainer - _count_number_predictor._linear_layers.1.weight
2019-05-11 11:41:51,699 - INFO - allennlp.training.trainer - _count_number_predictor._linear_layers.1.bias
2019-05-11 11:41:51,699 - INFO - allennlp.common.params - trainer.patience = 10
2019-05-11 11:41:51,699 - INFO - allennlp.common.params - trainer.validation_metric = +f1
2019-05-11 11:41:51,699 - INFO - allennlp.common.params - trainer.shuffle = True
2019-05-11 11:41:51,699 - INFO - allennlp.common.params - trainer.num_epochs = 10
2019-05-11 11:41:51,699 - INFO - allennlp.common.params - trainer.cuda_device = 0
2019-05-11 11:41:51,699 - INFO - allennlp.common.params - trainer.grad_norm = 5
2019-05-11 11:41:51,699 - INFO - allennlp.common.params - trainer.grad_clipping = None
2019-05-11 11:41:51,699 - INFO - allennlp.common.params - trainer.learning_rate_scheduler = None
2019-05-11 11:41:51,700 - INFO - allennlp.common.params - trainer.momentum_scheduler = None
2019-05-11 11:41:58,037 - INFO - allennlp.common.params - trainer.optimizer.type = adam
2019-05-11 11:41:58,038 - INFO - allennlp.common.params - trainer.optimizer.parameter_groups = None
2019-05-11 11:41:58,038 - INFO - allennlp.training.optimizers - Number of trainable parameters: 822880
2019-05-11 11:41:58,038 - INFO - allennlp.common.params - trainer.optimizer.infer_type_and_cast = True
2019-05-11 11:41:58,038 - INFO - allennlp.common.params - Converting Params object to dict; logging of default values will not occur when dictionary parameters are used subsequently.
2019-05-11 11:41:58,038 - INFO - allennlp.common.params - CURRENTLY DEFINED PARAMETERS: 
2019-05-11 11:41:58,038 - INFO - allennlp.common.params - trainer.optimizer.betas = [0.8, 0.999]
2019-05-11 11:41:58,038 - INFO - allennlp.common.params - trainer.optimizer.eps = 1e-07
2019-05-11 11:41:58,039 - INFO - allennlp.common.params - trainer.optimizer.lr = 0.0005
2019-05-11 11:41:58,039 - INFO - allennlp.common.from_params - instantiating class <class 'allennlp.training.moving_average.MovingAverage'> from params {'decay': 0.9999, 'type': 'exponential'} and extras {'parameters'}
2019-05-11 11:41:58,039 - INFO - allennlp.common.params - trainer.moving_average.type = exponential
2019-05-11 11:41:58,039 - INFO - allennlp.common.from_params - instantiating class <class 'allennlp.training.moving_average.ExponentialMovingAverage'> from params {'decay': 0.9999} and extras {'parameters'}
2019-05-11 11:41:58,039 - INFO - allennlp.common.params - trainer.moving_average.decay = 0.9999
2019-05-11 11:41:58,039 - INFO - allennlp.common.params - trainer.moving_average.numerator = 1.0
2019-05-11 11:41:58,039 - INFO - allennlp.common.params - trainer.moving_average.denominator = 10.0
2019-05-11 11:41:58,044 - INFO - allennlp.common.params - trainer.num_serialized_models_to_keep = 1
2019-05-11 11:41:58,044 - INFO - allennlp.common.params - trainer.keep_serialized_model_every_num_seconds = None
2019-05-11 11:41:58,044 - INFO - allennlp.common.params - trainer.model_save_interval = None
2019-05-11 11:41:58,044 - INFO - allennlp.common.params - trainer.summary_interval = 100
2019-05-11 11:41:58,044 - INFO - allennlp.common.params - trainer.histogram_interval = None
2019-05-11 11:41:58,044 - INFO - allennlp.common.params - trainer.should_log_parameter_statistics = True
2019-05-11 11:41:58,045 - INFO - allennlp.common.params - trainer.should_log_learning_rate = False
2019-05-11 11:41:58,045 - INFO - allennlp.common.params - trainer.log_batch_size_period = None
2019-05-11 11:41:58,053 - INFO - allennlp.training.trainer - Beginning training.
2019-05-11 11:41:58,053 - INFO - allennlp.training.trainer - Epoch 0/9
2019-05-11 11:41:58,054 - INFO - allennlp.training.trainer - Peak CPU memory usage MB: 5565.984
2019-05-11 11:41:58,156 - INFO - allennlp.training.trainer - GPU 0 memory usage MB: 842
2019-05-11 11:41:58,158 - INFO - allennlp.training.trainer - Training
2019-05-11 12:00:15,203 - INFO - allennlp.training.trainer - Validating
2019-05-11 12:01:28,711 - INFO - allennlp.training.tensorboard_writer -                     Training |  Validation
2019-05-11 12:01:28,712 - INFO - allennlp.training.tensorboard_writer - f1              |     0.174  |     0.222
2019-05-11 12:01:28,712 - INFO - allennlp.training.tensorboard_writer - loss            |     4.521  |  1558364.174
2019-05-11 12:01:28,712 - INFO - allennlp.training.tensorboard_writer - cpu_memory_MB   |  5565.984  |       N/A
2019-05-11 12:01:28,712 - INFO - allennlp.training.tensorboard_writer - em              |     0.143  |     0.193
2019-05-11 12:01:28,713 - INFO - allennlp.training.tensorboard_writer - gpu_0_memory_MB |   842.000  |       N/A
2019-05-11 12:01:29,263 - INFO - allennlp.training.checkpointer - Best validation performance so far. Copying weights to 'out/rc_baseline_simple_v2/best.th'.
2019-05-11 12:01:29,743 - INFO - allennlp.training.trainer - Epoch duration: 00:19:31
2019-05-11 12:01:29,744 - INFO - allennlp.training.trainer - Estimated training time remaining: 2:55:45
2019-05-11 12:01:29,744 - INFO - allennlp.training.trainer - Epoch 1/9
2019-05-11 12:01:29,744 - INFO - allennlp.training.trainer - Peak CPU memory usage MB: 7625.336
2019-05-11 12:01:29,884 - INFO - allennlp.training.trainer - GPU 0 memory usage MB: 4192
2019-05-11 12:01:29,886 - INFO - allennlp.training.trainer - Training
2019-05-11 12:17:41,323 - INFO - allennlp.training.trainer - Validating
2019-05-11 12:18:37,309 - INFO - allennlp.training.tensorboard_writer -                     Training |  Validation
2019-05-11 12:18:37,309 - INFO - allennlp.training.tensorboard_writer - f1              |     0.225  |     0.257
2019-05-11 12:18:37,310 - INFO - allennlp.training.tensorboard_writer - loss            |     3.894  |  1558363.881
2019-05-11 12:18:37,310 - INFO - allennlp.training.tensorboard_writer - cpu_memory_MB   |  7625.336  |       N/A
2019-05-11 12:18:37,310 - INFO - allennlp.training.tensorboard_writer - em              |     0.192  |     0.233
2019-05-11 12:18:37,311 - INFO - allennlp.training.tensorboard_writer - gpu_0_memory_MB |  4192.000  |       N/A
2019-05-11 12:18:37,876 - INFO - allennlp.training.checkpointer - Best validation performance so far. Copying weights to 'out/rc_baseline_simple_v2/best.th'.
2019-05-11 12:18:38,355 - INFO - allennlp.training.trainer - Epoch duration: 00:17:08
2019-05-11 12:18:38,356 - INFO - allennlp.training.trainer - Estimated training time remaining: 2:26:41
2019-05-11 12:18:38,356 - INFO - allennlp.training.trainer - Epoch 2/9
2019-05-11 12:18:38,356 - INFO - allennlp.training.trainer - Peak CPU memory usage MB: 7627.196
2019-05-11 12:18:38,480 - INFO - allennlp.training.trainer - GPU 0 memory usage MB: 4192
2019-05-11 12:18:38,483 - INFO - allennlp.training.trainer - Training
2019-05-11 12:34:42,374 - INFO - allennlp.training.trainer - Validating
2019-05-11 12:35:38,285 - INFO - allennlp.training.tensorboard_writer -                     Training |  Validation
2019-05-11 12:35:38,286 - INFO - allennlp.training.tensorboard_writer - f1              |     0.266  |     0.275
2019-05-11 12:35:38,287 - INFO - allennlp.training.tensorboard_writer - loss            |     3.614  |  1558363.743
2019-05-11 12:35:38,287 - INFO - allennlp.training.tensorboard_writer - cpu_memory_MB   |  7627.196  |       N/A
2019-05-11 12:35:38,288 - INFO - allennlp.training.tensorboard_writer - em              |     0.231  |     0.251
2019-05-11 12:35:38,288 - INFO - allennlp.training.tensorboard_writer - gpu_0_memory_MB |  4192.000  |       N/A
2019-05-11 12:35:38,846 - INFO - allennlp.training.checkpointer - Best validation performance so far. Copying weights to 'out/rc_baseline_simple_v2/best.th'.
2019-05-11 12:35:39,348 - INFO - allennlp.training.trainer - Epoch duration: 00:17:00
2019-05-11 12:35:39,348 - INFO - allennlp.training.trainer - Estimated training time remaining: 2:05:16
2019-05-11 12:35:39,348 - INFO - allennlp.training.trainer - Epoch 3/9
2019-05-11 12:35:39,348 - INFO - allennlp.training.trainer - Peak CPU memory usage MB: 7627.5
2019-05-11 12:35:39,458 - INFO - allennlp.training.trainer - GPU 0 memory usage MB: 4192
2019-05-11 12:35:39,461 - INFO - allennlp.training.trainer - Training
2019-05-11 12:51:43,900 - INFO - allennlp.training.trainer - Validating
2019-05-11 12:52:39,578 - INFO - allennlp.training.tensorboard_writer -                     Training |  Validation
2019-05-11 12:52:39,578 - INFO - allennlp.training.tensorboard_writer - f1              |     0.291  |     0.305
2019-05-11 12:52:39,579 - INFO - allennlp.training.tensorboard_writer - loss            |     3.456  |  1559398.371
2019-05-11 12:52:39,579 - INFO - allennlp.training.tensorboard_writer - cpu_memory_MB   |  7627.500  |       N/A
2019-05-11 12:52:39,579 - INFO - allennlp.training.tensorboard_writer - em              |     0.255  |     0.280
2019-05-11 12:52:39,579 - INFO - allennlp.training.tensorboard_writer - gpu_0_memory_MB |  4192.000  |       N/A
2019-05-11 12:52:40,147 - INFO - allennlp.training.checkpointer - Best validation performance so far. Copying weights to 'out/rc_baseline_simple_v2/best.th'.
2019-05-11 12:52:40,688 - INFO - allennlp.training.trainer - Epoch duration: 00:17:01
2019-05-11 12:52:40,688 - INFO - allennlp.training.trainer - Estimated training time remaining: 1:46:03
2019-05-11 12:52:40,688 - INFO - allennlp.training.trainer - Epoch 4/9
2019-05-11 12:52:40,688 - INFO - allennlp.training.trainer - Peak CPU memory usage MB: 7627.624
2019-05-11 12:52:40,790 - INFO - allennlp.training.trainer - GPU 0 memory usage MB: 4196
2019-05-11 12:52:40,793 - INFO - allennlp.training.trainer - Training
2019-05-11 13:08:46,139 - INFO - allennlp.training.trainer - Validating
2019-05-11 13:09:41,991 - INFO - allennlp.training.tensorboard_writer -                     Training |  Validation
2019-05-11 13:09:41,992 - INFO - allennlp.training.tensorboard_writer - f1              |     0.315  |     0.327
2019-05-11 13:09:41,993 - INFO - allennlp.training.tensorboard_writer - loss            |     3.330  |  1557328.732
2019-05-11 13:09:41,993 - INFO - allennlp.training.tensorboard_writer - cpu_memory_MB   |  7627.624  |       N/A
2019-05-11 13:09:41,993 - INFO - allennlp.training.tensorboard_writer - em              |     0.278  |     0.302
2019-05-11 13:09:41,994 - INFO - allennlp.training.tensorboard_writer - gpu_0_memory_MB |  4196.000  |       N/A
2019-05-11 13:09:42,570 - INFO - allennlp.training.checkpointer - Best validation performance so far. Copying weights to 'out/rc_baseline_simple_v2/best.th'.
2019-05-11 13:09:43,085 - INFO - allennlp.training.trainer - Epoch duration: 00:17:02
2019-05-11 13:09:43,085 - INFO - allennlp.training.trainer - Estimated training time remaining: 1:27:45
2019-05-11 13:09:43,085 - INFO - allennlp.training.trainer - Epoch 5/9
2019-05-11 13:09:43,085 - INFO - allennlp.training.trainer - Peak CPU memory usage MB: 7627.696
2019-05-11 13:09:43,168 - INFO - allennlp.training.trainer - GPU 0 memory usage MB: 4196
2019-05-11 13:09:43,171 - INFO - allennlp.training.trainer - Training
2019-05-11 13:25:48,345 - INFO - allennlp.training.trainer - Validating
2019-05-11 13:26:44,339 - INFO - allennlp.training.tensorboard_writer -                     Training |  Validation
2019-05-11 13:26:44,340 - INFO - allennlp.training.tensorboard_writer - f1              |     0.331  |     0.350
2019-05-11 13:26:44,341 - INFO - allennlp.training.tensorboard_writer - loss            |     3.230  |  1560432.973
2019-05-11 13:26:44,341 - INFO - allennlp.training.tensorboard_writer - cpu_memory_MB   |  7627.696  |       N/A
2019-05-11 13:26:44,341 - INFO - allennlp.training.tensorboard_writer - em              |     0.293  |     0.325
2019-05-11 13:26:44,342 - INFO - allennlp.training.tensorboard_writer - gpu_0_memory_MB |  4196.000  |       N/A
2019-05-11 13:26:44,908 - INFO - allennlp.training.checkpointer - Best validation performance so far. Copying weights to 'out/rc_baseline_simple_v2/best.th'.
2019-05-11 13:26:45,404 - INFO - allennlp.training.trainer - Epoch duration: 00:17:02
2019-05-11 13:26:45,404 - INFO - allennlp.training.trainer - Estimated training time remaining: 1:09:51
2019-05-11 13:26:45,404 - INFO - allennlp.training.trainer - Epoch 6/9
2019-05-11 13:26:45,404 - INFO - allennlp.training.trainer - Peak CPU memory usage MB: 7628.044
2019-05-11 13:26:45,486 - INFO - allennlp.training.trainer - GPU 0 memory usage MB: 4197
2019-05-11 13:26:45,489 - INFO - allennlp.training.trainer - Training
2019-05-11 13:42:49,950 - INFO - allennlp.training.trainer - Validating
2019-05-11 13:43:45,669 - INFO - allennlp.training.tensorboard_writer -                     Training |  Validation
2019-05-11 13:43:45,670 - INFO - allennlp.training.tensorboard_writer - f1              |     0.347  |     0.357
2019-05-11 13:43:45,670 - INFO - allennlp.training.tensorboard_writer - loss            |     3.140  |  1558363.404
2019-05-11 13:43:45,671 - INFO - allennlp.training.tensorboard_writer - cpu_memory_MB   |  7628.044  |       N/A
2019-05-11 13:43:45,671 - INFO - allennlp.training.tensorboard_writer - em              |     0.309  |     0.330
2019-05-11 13:43:45,671 - INFO - allennlp.training.tensorboard_writer - gpu_0_memory_MB |  4197.000  |       N/A
2019-05-11 13:43:46,337 - INFO - allennlp.training.checkpointer - Best validation performance so far. Copying weights to 'out/rc_baseline_simple_v2/best.th'.
2019-05-11 13:43:46,873 - INFO - allennlp.training.trainer - Epoch duration: 00:17:01
2019-05-11 13:43:46,873 - INFO - allennlp.training.trainer - Estimated training time remaining: 0:52:12
2019-05-11 13:43:46,873 - INFO - allennlp.training.trainer - Epoch 7/9
2019-05-11 13:43:46,873 - INFO - allennlp.training.trainer - Peak CPU memory usage MB: 7628.044
2019-05-11 13:43:46,955 - INFO - allennlp.training.trainer - GPU 0 memory usage MB: 4196
2019-05-11 13:43:46,958 - INFO - allennlp.training.trainer - Training
2019-05-11 13:59:52,551 - INFO - allennlp.training.trainer - Validating
2019-05-11 14:00:48,615 - INFO - allennlp.training.tensorboard_writer -                     Training |  Validation
2019-05-11 14:00:48,615 - INFO - allennlp.training.tensorboard_writer - f1              |     0.358  |     0.366
2019-05-11 14:00:48,616 - INFO - allennlp.training.tensorboard_writer - loss            |     3.074  |  1559398.128
2019-05-11 14:00:48,616 - INFO - allennlp.training.tensorboard_writer - cpu_memory_MB   |  7628.044  |       N/A
2019-05-11 14:00:48,616 - INFO - allennlp.training.tensorboard_writer - em              |     0.319  |     0.340
2019-05-11 14:00:48,616 - INFO - allennlp.training.tensorboard_writer - gpu_0_memory_MB |  4196.000  |       N/A
2019-05-11 14:00:49,171 - INFO - allennlp.training.checkpointer - Best validation performance so far. Copying weights to 'out/rc_baseline_simple_v2/best.th'.
2019-05-11 14:00:49,649 - INFO - allennlp.training.trainer - Epoch duration: 00:17:02
2019-05-11 14:00:49,649 - INFO - allennlp.training.trainer - Estimated training time remaining: 0:34:42
2019-05-11 14:00:49,649 - INFO - allennlp.training.trainer - Epoch 8/9
2019-05-11 14:00:49,649 - INFO - allennlp.training.trainer - Peak CPU memory usage MB: 7628.044
2019-05-11 14:00:49,728 - INFO - allennlp.training.trainer - GPU 0 memory usage MB: 4207
2019-05-11 14:00:49,731 - INFO - allennlp.training.trainer - Training
2019-05-11 14:16:55,919 - INFO - allennlp.training.trainer - Validating
2019-05-11 14:17:51,911 - INFO - allennlp.training.tensorboard_writer -                     Training |  Validation
2019-05-11 14:17:51,912 - INFO - allennlp.training.tensorboard_writer - f1              |     0.369  |     0.376
2019-05-11 14:17:51,913 - INFO - allennlp.training.tensorboard_writer - loss            |     3.005  |  1559398.102
2019-05-11 14:17:51,913 - INFO - allennlp.training.tensorboard_writer - cpu_memory_MB   |  7628.044  |       N/A
2019-05-11 14:17:51,914 - INFO - allennlp.training.tensorboard_writer - em              |     0.331  |     0.348
2019-05-11 14:17:51,914 - INFO - allennlp.training.tensorboard_writer - gpu_0_memory_MB |  4207.000  |       N/A
2019-05-11 14:17:52,478 - INFO - allennlp.training.checkpointer - Best validation performance so far. Copying weights to 'out/rc_baseline_simple_v2/best.th'.
2019-05-11 14:17:53,034 - INFO - allennlp.training.trainer - Epoch duration: 00:17:03
2019-05-11 14:17:53,035 - INFO - allennlp.training.trainer - Estimated training time remaining: 0:17:19
2019-05-11 14:17:53,035 - INFO - allennlp.training.trainer - Epoch 9/9
2019-05-11 14:17:53,035 - INFO - allennlp.training.trainer - Peak CPU memory usage MB: 7628.412
2019-05-11 14:17:53,114 - INFO - allennlp.training.trainer - GPU 0 memory usage MB: 4207
2019-05-11 14:17:53,118 - INFO - allennlp.training.trainer - Training
2019-05-11 14:33:58,716 - INFO - allennlp.training.trainer - Validating
2019-05-11 14:34:54,460 - INFO - allennlp.training.tensorboard_writer -                     Training |  Validation
2019-05-11 14:34:54,461 - INFO - allennlp.training.tensorboard_writer - f1              |     0.380  |     0.381
2019-05-11 14:34:54,462 - INFO - allennlp.training.tensorboard_writer - loss            |     2.942  |  1559398.077
2019-05-11 14:34:54,462 - INFO - allennlp.training.tensorboard_writer - cpu_memory_MB   |  7628.412  |       N/A
2019-05-11 14:34:54,462 - INFO - allennlp.training.tensorboard_writer - em              |     0.341  |     0.352
2019-05-11 14:34:54,462 - INFO - allennlp.training.tensorboard_writer - gpu_0_memory_MB |  4207.000  |       N/A
2019-05-11 14:34:55,029 - INFO - allennlp.training.checkpointer - Best validation performance so far. Copying weights to 'out/rc_baseline_simple_v2/best.th'.
2019-05-11 14:34:55,511 - INFO - allennlp.training.trainer - Epoch duration: 00:17:02
2019-05-11 14:34:55,511 - INFO - allennlp.training.checkpointer - loading best weights
