0it [00:00, ?it/s]
8956it [00:10, 895.57it/s]
17957it [00:20, 896.90it/s]
26958it [00:30, 892.50it/s]
35862it [00:40, 891.84it/s]
44932it [00:50, 896.33it/s]
54002it [01:00, 893.62it/s]
62975it [01:10, 894.72it/s]
71948it [01:21, 866.79it/s]
75188it [01:25, 880.81it/s]

0it [00:00, ?it/s]
118697it [00:10, 11683.84it/s]
239422it [00:20, 11797.78it/s]
360147it [00:30, 11812.18it/s]
478607it [00:40, 11748.33it/s]
595967it [00:50, 11735.88it/s]
715857it [01:00, 11810.66it/s]
835747it [01:10, 11835.27it/s]
954678it [01:20, 11799.49it/s]
1072151it [01:30, 11783.77it/s]
1189624it [01:40, 11747.31it/s]
1312886it [01:50, 11897.44it/s]
1435518it [02:01, 11943.07it/s]
1556028it [02:11, 11879.01it/s]
1676423it [02:21, 11914.58it/s]
1702926it [02:23, 11857.31it/s]

0it [00:00, ?it/s]
384613it [00:10, 38461.09it/s]
829313it [00:20, 40086.01it/s]
1298546it [00:30, 41918.41it/s]
1702926it [00:38, 44228.53it/s]

  0%|          | 0/4104 [00:00<?, ?it/s]
em: 0.0236, f1: 0.0308, loss: 7.0552 ||:   1%|          | 27/4104 [00:10<25:39,  2.65it/s]
em: 0.0358, f1: 0.0442, loss: 6.4972 ||:   2%|1         | 69/4104 [00:20<22:40,  2.96it/s]
em: 0.0388, f1: 0.0469, loss: 6.3003 ||:   3%|2         | 111/4104 [00:30<20:41,  3.22it/s]
em: 0.0563, f1: 0.0657, loss: 6.1011 ||:   4%|3         | 152/4104 [00:41<19:16,  3.42it/s]
em: 0.0613, f1: 0.0781, loss: 5.9034 ||:   5%|4         | 192/4104 [00:51<18:38,  3.50it/s]
em: 0.0688, f1: 0.0902, loss: 5.7757 ||:   6%|5         | 233/4104 [01:01<17:37,  3.66it/s]
em: 0.0745, f1: 0.1006, loss: 5.6763 ||:   7%|6         | 275/4104 [01:12<16:51,  3.79it/s]
em: 0.0777, f1: 0.1053, loss: 5.5974 ||:   8%|7         | 317/4104 [01:22<16:27,  3.83it/s]
em: 0.0844, f1: 0.1131, loss: 5.5155 ||:   9%|8         | 357/4104 [01:32<16:11,  3.86it/s]
em: 0.0847, f1: 0.1127, loss: 5.4794 ||:  10%|9         | 399/4104 [01:43<15:43,  3.93it/s]
em: 0.0869, f1: 0.1145, loss: 5.4286 ||:  11%|#         | 441/4104 [01:53<15:26,  3.95it/s]
em: 0.0896, f1: 0.1187, loss: 5.3749 ||:  12%|#1        | 484/4104 [02:03<14:56,  4.04it/s]
em: 0.0929, f1: 0.1224, loss: 5.3122 ||:  13%|#2        | 527/4104 [02:14<14:44,  4.04it/s]
em: 0.0968, f1: 0.1266, loss: 5.2599 ||:  14%|#3        | 568/4104 [02:24<14:31,  4.06it/s]
em: 0.1007, f1: 0.1305, loss: 5.2148 ||:  15%|#4        | 609/4104 [02:35<14:49,  3.93it/s]
em: 0.1026, f1: 0.1326, loss: 5.1778 ||:  16%|#5        | 649/4104 [02:45<14:35,  3.95it/s]
em: 0.1026, f1: 0.1335, loss: 5.1426 ||:  17%|#6        | 691/4104 [02:55<14:12,  4.00it/s]
em: 0.1047, f1: 0.1357, loss: 5.1075 ||:  18%|#7        | 733/4104 [03:06<13:57,  4.02it/s]
em: 0.1065, f1: 0.1375, loss: 5.0776 ||:  19%|#8        | 774/4104 [03:19<15:02,  3.69it/s]
em: 0.1088, f1: 0.1400, loss: 5.0478 ||:  20%|#9        | 815/4104 [03:29<14:26,  3.80it/s]
em: 0.1101, f1: 0.1418, loss: 5.0309 ||:  21%|##        | 857/4104 [03:39<13:53,  3.90it/s]
em: 0.1113, f1: 0.1431, loss: 5.0188 ||:  22%|##1       | 899/4104 [03:49<13:34,  3.93it/s]
em: 0.1130, f1: 0.1450, loss: 4.9813 ||:  23%|##2       | 941/4104 [04:00<13:12,  3.99it/s]
em: 0.1148, f1: 0.1465, loss: 4.9547 ||:  24%|##3       | 983/4104 [04:10<13:00,  4.00it/s]
em: 0.1166, f1: 0.1482, loss: 4.9442 ||:  25%|##4       | 1025/4104 [04:20<12:40,  4.05it/s]
em: 0.1176, f1: 0.1492, loss: 4.9346 ||:  26%|##5       | 1067/4104 [04:32<12:51,  3.94it/s]
em: 0.1177, f1: 0.1492, loss: 4.9246 ||:  27%|##6       | 1108/4104 [04:42<12:36,  3.96it/s]
em: 0.1182, f1: 0.1497, loss: 4.9147 ||:  28%|##7       | 1149/4104 [04:52<12:23,  3.97it/s]
em: 0.1194, f1: 0.1506, loss: 4.8937 ||:  29%|##8       | 1190/4104 [05:02<12:07,  4.00it/s]
em: 0.1206, f1: 0.1515, loss: 4.8810 ||:  30%|##9       | 1231/4104 [05:12<11:57,  4.00it/s]
em: 0.1217, f1: 0.1525, loss: 4.8618 ||:  31%|###       | 1272/4104 [05:22<11:43,  4.03it/s]
em: 0.1221, f1: 0.1529, loss: 4.8525 ||:  32%|###1      | 1313/4104 [05:33<11:32,  4.03it/s]
em: 0.1237, f1: 0.1547, loss: 4.8385 ||:  33%|###2      | 1354/4104 [05:43<11:20,  4.04it/s]
em: 0.1246, f1: 0.1552, loss: 4.8209 ||:  34%|###3      | 1395/4104 [05:53<11:12,  4.03it/s]
em: 0.1251, f1: 0.1557, loss: 4.8057 ||:  35%|###4      | 1436/4104 [06:03<11:07,  4.00it/s]
em: 0.1253, f1: 0.1559, loss: 4.7902 ||:  36%|###5      | 1476/4104 [06:13<11:01,  3.97it/s]
em: 0.1257, f1: 0.1563, loss: 4.7816 ||:  37%|###6      | 1517/4104 [06:24<10:47,  4.00it/s]
em: 0.1259, f1: 0.1564, loss: 4.7690 ||:  38%|###7      | 1558/4104 [06:34<10:32,  4.03it/s]
em: 0.1267, f1: 0.1572, loss: 4.7562 ||:  39%|###8      | 1599/4104 [06:45<10:36,  3.93it/s]
em: 0.1270, f1: 0.1574, loss: 4.7493 ||:  40%|###9      | 1637/4104 [06:58<11:32,  3.56it/s]
em: 0.1276, f1: 0.1582, loss: 4.7348 ||:  41%|####      | 1678/4104 [07:08<10:54,  3.70it/s]
em: 0.1279, f1: 0.1584, loss: 4.7231 ||:  42%|####1     | 1720/4104 [07:18<10:24,  3.82it/s]
em: 0.1282, f1: 0.1587, loss: 4.7130 ||:  43%|####2     | 1762/4104 [07:28<10:03,  3.88it/s]
em: 0.1288, f1: 0.1594, loss: 4.6997 ||:  44%|####3     | 1803/4104 [07:38<09:45,  3.93it/s]
em: 0.1295, f1: 0.1603, loss: 4.6928 ||:  45%|####4     | 1844/4104 [07:48<09:28,  3.97it/s]
em: 0.1299, f1: 0.1609, loss: 4.6845 ||:  46%|####5     | 1886/4104 [07:59<09:11,  4.03it/s]
em: 0.1297, f1: 0.1605, loss: 4.6737 ||:  47%|####6     | 1928/4104 [08:09<09:02,  4.01it/s]
em: 0.1299, f1: 0.1609, loss: 4.6645 ||:  48%|####7     | 1969/4104 [08:19<08:50,  4.02it/s]
em: 0.1307, f1: 0.1618, loss: 4.6518 ||:  49%|####8     | 2010/4104 [08:29<08:41,  4.02it/s]
em: 0.1311, f1: 0.1622, loss: 4.6441 ||:  50%|####9     | 2051/4104 [08:40<08:31,  4.02it/s]
em: 0.1316, f1: 0.1625, loss: 4.6396 ||:  51%|#####     | 2092/4104 [08:51<08:35,  3.90it/s]
em: 0.1326, f1: 0.1633, loss: 4.6348 ||:  52%|#####1    | 2132/4104 [09:01<08:23,  3.91it/s]
em: 0.1331, f1: 0.1639, loss: 4.6206 ||:  53%|#####2    | 2173/4104 [09:11<08:08,  3.96it/s]
em: 0.1339, f1: 0.1649, loss: 4.6079 ||:  54%|#####3    | 2215/4104 [09:21<07:49,  4.02it/s]
em: 0.1344, f1: 0.1655, loss: 4.5974 ||:  55%|#####4    | 2257/4104 [09:31<07:35,  4.06it/s]
em: 0.1354, f1: 0.1665, loss: 4.5856 ||:  56%|#####6    | 2299/4104 [09:42<07:23,  4.07it/s]
em: 0.1355, f1: 0.1666, loss: 4.5774 ||:  57%|#####7    | 2341/4104 [09:52<07:15,  4.05it/s]
em: 0.1357, f1: 0.1670, loss: 4.5697 ||:  58%|#####8    | 2382/4104 [10:02<07:04,  4.06it/s]
em: 0.1363, f1: 0.1677, loss: 4.5678 ||:  59%|#####9    | 2423/4104 [10:12<06:54,  4.05it/s]
em: 0.1367, f1: 0.1682, loss: 4.5602 ||:  60%|######    | 2465/4104 [10:22<06:40,  4.09it/s]
em: 0.1368, f1: 0.1684, loss: 4.5536 ||:  61%|######1   | 2507/4104 [10:33<06:30,  4.09it/s]
em: 0.1375, f1: 0.1689, loss: 4.5465 ||:  62%|######2   | 2548/4104 [10:44<06:32,  3.96it/s]
em: 0.1386, f1: 0.1699, loss: 4.5342 ||:  63%|######3   | 2589/4104 [10:54<06:18,  4.00it/s]
em: 0.1391, f1: 0.1707, loss: 4.5313 ||:  64%|######4   | 2630/4104 [11:04<06:07,  4.01it/s]
em: 0.1397, f1: 0.1713, loss: 4.5215 ||:  65%|######5   | 2671/4104 [11:14<05:56,  4.02it/s]
em: 0.1396, f1: 0.1713, loss: 4.5166 ||:  66%|######6   | 2712/4104 [11:24<05:46,  4.02it/s]
em: 0.1400, f1: 0.1716, loss: 4.5120 ||:  67%|######7   | 2753/4104 [11:35<05:37,  4.00it/s]
em: 0.1404, f1: 0.1720, loss: 4.5066 ||:  68%|######8   | 2793/4104 [11:48<06:04,  3.59it/s]
em: 0.1411, f1: 0.1727, loss: 4.5002 ||:  69%|######9   | 2834/4104 [11:58<05:40,  3.73it/s]
em: 0.1414, f1: 0.1732, loss: 4.4958 ||:  70%|#######   | 2875/4104 [12:09<05:23,  3.80it/s]
em: 0.1412, f1: 0.1731, loss: 4.4963 ||:  71%|#######1  | 2915/4104 [12:19<05:08,  3.85it/s]
em: 0.1421, f1: 0.1740, loss: 4.4934 ||:  72%|#######2  | 2956/4104 [12:29<04:53,  3.91it/s]
em: 0.1422, f1: 0.1741, loss: 4.4919 ||:  73%|#######3  | 2997/4104 [12:39<04:41,  3.93it/s]
em: 0.1427, f1: 0.1745, loss: 4.4852 ||:  74%|#######4  | 3037/4104 [12:49<04:30,  3.94it/s]
em: 0.1436, f1: 0.1754, loss: 4.4740 ||:  75%|#######5  | 3078/4104 [12:59<04:18,  3.97it/s]
em: 0.1438, f1: 0.1757, loss: 4.4674 ||:  76%|#######5  | 3119/4104 [13:11<04:14,  3.87it/s]
em: 0.1444, f1: 0.1762, loss: 4.4623 ||:  77%|#######6  | 3160/4104 [13:21<04:01,  3.92it/s]
em: 0.1450, f1: 0.1767, loss: 4.4536 ||:  78%|#######7  | 3201/4104 [13:31<03:48,  3.95it/s]
em: 0.1453, f1: 0.1769, loss: 4.4498 ||:  79%|#######9  | 3243/4104 [13:41<03:34,  4.01it/s]
em: 0.1456, f1: 0.1772, loss: 4.4430 ||:  80%|########  | 3285/4104 [13:51<03:22,  4.05it/s]
em: 0.1456, f1: 0.1772, loss: 4.4359 ||:  81%|########1 | 3327/4104 [14:01<03:10,  4.07it/s]
em: 0.1461, f1: 0.1776, loss: 4.4302 ||:  82%|########2 | 3369/4104 [14:12<03:00,  4.07it/s]
em: 0.1466, f1: 0.1782, loss: 4.4259 ||:  83%|########3 | 3410/4104 [14:22<02:50,  4.06it/s]
em: 0.1468, f1: 0.1785, loss: 4.4217 ||:  84%|########4 | 3451/4104 [14:32<02:41,  4.03it/s]
em: 0.1475, f1: 0.1792, loss: 4.4165 ||:  85%|########5 | 3493/4104 [14:42<02:30,  4.06it/s]
em: 0.1479, f1: 0.1795, loss: 4.4127 ||:  86%|########6 | 3535/4104 [14:54<02:24,  3.94it/s]
em: 0.1481, f1: 0.1797, loss: 4.4103 ||:  87%|########7 | 3575/4104 [15:04<02:13,  3.95it/s]
em: 0.1484, f1: 0.1800, loss: 4.4065 ||:  88%|########8 | 3617/4104 [15:14<02:01,  4.01it/s]
em: 0.1486, f1: 0.1802, loss: 4.3993 ||:  89%|########9 | 3659/4104 [15:24<01:50,  4.04it/s]
em: 0.1487, f1: 0.1802, loss: 4.3934 ||:  90%|######### | 3701/4104 [15:35<01:40,  4.03it/s]
em: 0.1488, f1: 0.1804, loss: 4.3913 ||:  91%|#########1| 3742/4104 [15:45<01:29,  4.05it/s]
em: 0.1490, f1: 0.1805, loss: 4.3886 ||:  92%|#########2| 3783/4104 [15:55<01:19,  4.03it/s]
em: 0.1490, f1: 0.1806, loss: 4.3860 ||:  93%|#########3| 3823/4104 [16:05<01:09,  4.02it/s]
em: 0.1490, f1: 0.1807, loss: 4.3853 ||:  94%|#########4| 3864/4104 [16:15<00:59,  4.02it/s]
em: 0.1489, f1: 0.1809, loss: 4.3889 ||:  95%|#########5| 3906/4104 [16:25<00:48,  4.06it/s]
em: 0.1489, f1: 0.1810, loss: 4.3928 ||:  96%|#########6| 3948/4104 [16:35<00:38,  4.08it/s]
em: 0.1488, f1: 0.1810, loss: 4.3971 ||:  97%|#########7| 3990/4104 [16:46<00:27,  4.10it/s]
em: 0.1485, f1: 0.1808, loss: 4.4005 ||:  98%|#########8| 4032/4104 [16:57<00:18,  3.96it/s]
em: 0.1483, f1: 0.1807, loss: 4.4052 ||:  99%|#########9| 4074/4104 [17:07<00:07,  4.02it/s]
em: 0.1480, f1: 0.1805, loss: 4.4082 ||: : 4116it [17:17,  4.04it/s]                        
em: 0.1476, f1: 0.1802, loss: 4.4120 ||: : 4158it [17:27,  3.97it/s]

  0%|          | 0/596 [00:00<?, ?it/s]
em: 0.2695, f1: 0.2925, loss: 993592.8078 ||:   7%|6         | 39/596 [00:10<02:24,  3.84it/s]
em: 0.2252, f1: 0.2545, loss: 1783656.7020 ||:  22%|##1       | 130/596 [00:20<01:40,  4.65it/s]
em: 0.2108, f1: 0.2375, loss: 1631790.3424 ||:  37%|###7      | 221/596 [00:30<01:09,  5.40it/s]
em: 0.2101, f1: 0.2370, loss: 1550327.7721 ||:  52%|#####1    | 308/596 [00:42<00:48,  5.89it/s]
em: 0.2111, f1: 0.2365, loss: 1572946.5480 ||:  65%|######5   | 389/596 [00:52<00:32,  6.41it/s]
em: 0.2003, f1: 0.2263, loss: 1677086.4470 ||:  81%|########  | 480/596 [01:02<00:16,  7.03it/s]
em: 0.1913, f1: 0.2172, loss: 1922069.5732 ||:  96%|#########5| 571/596 [01:12<00:03,  7.55it/s]
em: 0.1867, f1: 0.2128, loss: 1954680.1766 ||: : 604it [01:15,  8.00it/s]                       

  0%|          | 0/4104 [00:00<?, ?it/s]
em: 0.1925, f1: 0.2213, loss: 3.7006 ||:   1%|1         | 44/4104 [00:10<15:27,  4.38it/s]
em: 0.1990, f1: 0.2320, loss: 3.7910 ||:   2%|2         | 91/4104 [00:20<15:02,  4.44it/s]
em: 0.1891, f1: 0.2214, loss: 3.8683 ||:   3%|3         | 138/4104 [00:30<14:52,  4.44it/s]
em: 0.1935, f1: 0.2279, loss: 3.8653 ||:   4%|4         | 184/4104 [00:40<14:35,  4.47it/s]
em: 0.1914, f1: 0.2247, loss: 3.8375 ||:   6%|5         | 230/4104 [00:51<14:26,  4.47it/s]
em: 0.1965, f1: 0.2292, loss: 3.8458 ||:   7%|6         | 276/4104 [01:01<14:09,  4.51it/s]
em: 0.1922, f1: 0.2250, loss: 3.8828 ||:   8%|7         | 322/4104 [01:11<14:03,  4.48it/s]
em: 0.1907, f1: 0.2245, loss: 3.9052 ||:   9%|8         | 367/4104 [01:21<13:59,  4.45it/s]
em: 0.1877, f1: 0.2205, loss: 3.9224 ||:  10%|#         | 413/4104 [01:32<13:45,  4.47it/s]
em: 0.1869, f1: 0.2204, loss: 3.9188 ||:  11%|#1        | 459/4104 [01:42<13:37,  4.46it/s]
em: 0.1863, f1: 0.2192, loss: 3.9180 ||:  12%|#2        | 506/4104 [01:52<13:17,  4.51it/s]
em: 0.1868, f1: 0.2194, loss: 3.8868 ||:  13%|#3        | 553/4104 [02:03<13:07,  4.51it/s]
em: 0.1853, f1: 0.2189, loss: 3.8898 ||:  15%|#4        | 599/4104 [02:13<12:56,  4.51it/s]
em: 0.1861, f1: 0.2195, loss: 3.8856 ||:  16%|#5        | 645/4104 [02:23<12:53,  4.47it/s]
em: 0.1848, f1: 0.2181, loss: 3.8795 ||:  17%|#6        | 691/4104 [02:33<12:40,  4.49it/s]
em: 0.1869, f1: 0.2203, loss: 3.8730 ||:  18%|#7        | 737/4104 [02:43<12:26,  4.51it/s]
em: 0.1879, f1: 0.2210, loss: 3.8614 ||:  19%|#9        | 783/4104 [02:54<12:20,  4.48it/s]
em: 0.1883, f1: 0.2219, loss: 3.8691 ||:  20%|##        | 830/4104 [03:04<12:02,  4.53it/s]
em: 0.1879, f1: 0.2219, loss: 3.8763 ||:  21%|##1       | 877/4104 [03:15<11:58,  4.49it/s]
em: 0.1896, f1: 0.2231, loss: 3.8766 ||:  22%|##2       | 922/4104 [03:25<11:51,  4.47it/s]
em: 0.1911, f1: 0.2248, loss: 3.8605 ||:  24%|##3       | 969/4104 [03:35<11:35,  4.51it/s]
em: 0.1917, f1: 0.2254, loss: 3.8587 ||:  25%|##4       | 1015/4104 [03:45<11:27,  4.49it/s]
em: 0.1920, f1: 0.2254, loss: 3.8677 ||:  26%|##5       | 1061/4104 [03:55<11:14,  4.51it/s]
em: 0.1916, f1: 0.2250, loss: 3.8774 ||:  27%|##6       | 1107/4104 [04:06<11:09,  4.48it/s]
em: 0.1918, f1: 0.2256, loss: 3.8784 ||:  28%|##8       | 1152/4104 [04:16<10:58,  4.48it/s]
em: 0.1918, f1: 0.2254, loss: 3.8734 ||:  29%|##9       | 1198/4104 [04:26<10:45,  4.50it/s]
em: 0.1921, f1: 0.2254, loss: 3.8727 ||:  30%|###       | 1244/4104 [04:36<10:37,  4.49it/s]
em: 0.1927, f1: 0.2261, loss: 3.8683 ||:  31%|###1      | 1290/4104 [04:47<10:25,  4.50it/s]
em: 0.1927, f1: 0.2260, loss: 3.8698 ||:  33%|###2      | 1336/4104 [04:57<10:17,  4.48it/s]
em: 0.1931, f1: 0.2265, loss: 3.8635 ||:  34%|###3      | 1381/4104 [05:07<10:08,  4.48it/s]
em: 0.1939, f1: 0.2275, loss: 3.8597 ||:  35%|###4      | 1426/4104 [05:17<10:00,  4.46it/s]
em: 0.1936, f1: 0.2273, loss: 3.8507 ||:  36%|###5      | 1471/4104 [05:28<09:54,  4.43it/s]
em: 0.1936, f1: 0.2269, loss: 3.8485 ||:  37%|###6      | 1516/4104 [05:38<09:41,  4.45it/s]
em: 0.1934, f1: 0.2267, loss: 3.8446 ||:  38%|###8      | 1561/4104 [05:48<09:31,  4.45it/s]
em: 0.1940, f1: 0.2273, loss: 3.8418 ||:  39%|###9      | 1607/4104 [05:58<09:17,  4.48it/s]
em: 0.1943, f1: 0.2274, loss: 3.8398 ||:  40%|####      | 1653/4104 [06:08<09:06,  4.48it/s]
em: 0.1946, f1: 0.2277, loss: 3.8377 ||:  41%|####1     | 1698/4104 [06:18<08:58,  4.46it/s]
em: 0.1947, f1: 0.2280, loss: 3.8336 ||:  43%|####2     | 1745/4104 [06:28<08:43,  4.51it/s]
em: 0.1951, f1: 0.2286, loss: 3.8294 ||:  44%|####3     | 1792/4104 [06:39<08:36,  4.48it/s]
em: 0.1952, f1: 0.2287, loss: 3.8247 ||:  45%|####4     | 1838/4104 [06:49<08:22,  4.51it/s]
em: 0.1964, f1: 0.2300, loss: 3.8213 ||:  46%|####5     | 1884/4104 [06:59<08:12,  4.51it/s]
em: 0.1964, f1: 0.2299, loss: 3.8183 ||:  47%|####7     | 1930/4104 [07:10<08:04,  4.49it/s]
em: 0.1963, f1: 0.2299, loss: 3.8130 ||:  48%|####8     | 1975/4104 [07:20<07:55,  4.48it/s]
em: 0.1967, f1: 0.2305, loss: 3.8109 ||:  49%|####9     | 2020/4104 [07:30<07:48,  4.45it/s]
em: 0.1967, f1: 0.2306, loss: 3.8090 ||:  50%|#####     | 2065/4104 [07:40<07:37,  4.46it/s]
em: 0.1967, f1: 0.2307, loss: 3.8089 ||:  51%|#####1    | 2111/4104 [07:50<07:25,  4.47it/s]
em: 0.1968, f1: 0.2309, loss: 3.8054 ||:  53%|#####2    | 2156/4104 [08:01<07:18,  4.44it/s]
em: 0.1979, f1: 0.2321, loss: 3.7976 ||:  54%|#####3    | 2202/4104 [08:11<07:04,  4.49it/s]
em: 0.1979, f1: 0.2321, loss: 3.7917 ||:  55%|#####4    | 2248/4104 [08:21<06:52,  4.50it/s]
em: 0.1982, f1: 0.2325, loss: 3.7871 ||:  56%|#####5    | 2294/4104 [08:31<06:40,  4.52it/s]
em: 0.1987, f1: 0.2330, loss: 3.7827 ||:  57%|#####7    | 2340/4104 [08:41<06:32,  4.50it/s]
em: 0.1989, f1: 0.2332, loss: 3.7803 ||:  58%|#####8    | 2385/4104 [08:51<06:23,  4.49it/s]
em: 0.1992, f1: 0.2337, loss: 3.7829 ||:  59%|#####9    | 2430/4104 [09:01<06:14,  4.47it/s]
em: 0.1991, f1: 0.2337, loss: 3.7816 ||:  60%|######    | 2476/4104 [09:12<06:02,  4.49it/s]
em: 0.1994, f1: 0.2339, loss: 3.7799 ||:  61%|######1   | 2522/4104 [09:22<05:50,  4.51it/s]
em: 0.2001, f1: 0.2346, loss: 3.7729 ||:  63%|######2   | 2568/4104 [09:32<05:41,  4.50it/s]
em: 0.2011, f1: 0.2355, loss: 3.7716 ||:  64%|######3   | 2614/4104 [09:42<05:30,  4.51it/s]
em: 0.2017, f1: 0.2360, loss: 3.7667 ||:  65%|######4   | 2660/4104 [09:52<05:21,  4.49it/s]
em: 0.2021, f1: 0.2364, loss: 3.7662 ||:  66%|######5   | 2705/4104 [10:03<05:13,  4.47it/s]
em: 0.2020, f1: 0.2363, loss: 3.7656 ||:  67%|######7   | 2750/4104 [10:13<05:04,  4.44it/s]
em: 0.2019, f1: 0.2363, loss: 3.7645 ||:  68%|######8   | 2795/4104 [10:23<04:55,  4.43it/s]
em: 0.2024, f1: 0.2369, loss: 3.7611 ||:  69%|######9   | 2842/4104 [10:33<04:41,  4.48it/s]
em: 0.2033, f1: 0.2378, loss: 3.7626 ||:  70%|#######   | 2888/4104 [10:44<04:33,  4.45it/s]
em: 0.2037, f1: 0.2382, loss: 3.7656 ||:  71%|#######1  | 2933/4104 [10:54<04:23,  4.44it/s]
em: 0.2043, f1: 0.2387, loss: 3.7664 ||:  73%|#######2  | 2978/4104 [11:04<04:14,  4.42it/s]
em: 0.2045, f1: 0.2389, loss: 3.7661 ||:  74%|#######3  | 3022/4104 [11:14<04:05,  4.40it/s]
em: 0.2048, f1: 0.2391, loss: 3.7611 ||:  75%|#######4  | 3067/4104 [11:25<03:55,  4.40it/s]
em: 0.2056, f1: 0.2399, loss: 3.7553 ||:  76%|#######5  | 3113/4104 [11:35<03:43,  4.44it/s]
em: 0.2063, f1: 0.2405, loss: 3.7526 ||:  77%|#######6  | 3159/4104 [11:45<03:33,  4.42it/s]
em: 0.2071, f1: 0.2414, loss: 3.7452 ||:  78%|#######8  | 3205/4104 [11:55<03:21,  4.46it/s]
em: 0.2076, f1: 0.2419, loss: 3.7426 ||:  79%|#######9  | 3251/4104 [12:06<03:10,  4.48it/s]
em: 0.2077, f1: 0.2421, loss: 3.7405 ||:  80%|########  | 3297/4104 [12:16<02:59,  4.50it/s]
em: 0.2083, f1: 0.2427, loss: 3.7335 ||:  81%|########1 | 3343/4104 [12:26<02:48,  4.51it/s]
em: 0.2087, f1: 0.2430, loss: 3.7337 ||:  83%|########2 | 3389/4104 [12:36<02:40,  4.46it/s]
em: 0.2088, f1: 0.2432, loss: 3.7337 ||:  84%|########3 | 3434/4104 [12:46<02:29,  4.47it/s]
em: 0.2093, f1: 0.2438, loss: 3.7312 ||:  85%|########4 | 3479/4104 [12:57<02:20,  4.45it/s]
em: 0.2098, f1: 0.2442, loss: 3.7280 ||:  86%|########5 | 3525/4104 [13:07<02:09,  4.47it/s]
em: 0.2100, f1: 0.2443, loss: 3.7274 ||:  87%|########7 | 3571/4104 [13:17<01:59,  4.45it/s]
em: 0.2102, f1: 0.2445, loss: 3.7288 ||:  88%|########8 | 3616/4104 [13:27<01:49,  4.46it/s]
em: 0.2110, f1: 0.2453, loss: 3.7230 ||:  89%|########9 | 3661/4104 [13:37<01:39,  4.47it/s]
em: 0.2111, f1: 0.2455, loss: 3.7192 ||:  90%|######### | 3706/4104 [13:47<01:28,  4.48it/s]
em: 0.2114, f1: 0.2458, loss: 3.7188 ||:  91%|#########1| 3751/4104 [13:58<01:19,  4.43it/s]
em: 0.2116, f1: 0.2460, loss: 3.7187 ||:  92%|#########2| 3796/4104 [14:08<01:09,  4.44it/s]
em: 0.2117, f1: 0.2461, loss: 3.7195 ||:  94%|#########3| 3841/4104 [14:18<00:59,  4.42it/s]
em: 0.2109, f1: 0.2455, loss: 3.7259 ||:  95%|#########4| 3886/4104 [14:28<00:49,  4.42it/s]
em: 0.2105, f1: 0.2454, loss: 3.7358 ||:  96%|#########5| 3933/4104 [14:38<00:38,  4.49it/s]
em: 0.2097, f1: 0.2447, loss: 3.7451 ||:  97%|#########6| 3980/4104 [14:49<00:27,  4.47it/s]
em: 0.2090, f1: 0.2441, loss: 3.7519 ||:  98%|#########8| 4025/4104 [14:59<00:17,  4.47it/s]
em: 0.2084, f1: 0.2436, loss: 3.7616 ||:  99%|#########9| 4071/4104 [15:09<00:07,  4.48it/s]
em: 0.2075, f1: 0.2428, loss: 3.7697 ||: : 4117it [15:19,  4.48it/s]                        
em: 0.2069, f1: 0.2422, loss: 3.7774 ||: : 4158it [15:29,  4.47it/s]

  0%|          | 0/596 [00:00<?, ?it/s]
em: 0.2963, f1: 0.3211, loss: 1615046.8138 ||:  19%|#8        | 113/596 [00:10<00:43, 11.19it/s]
em: 0.2767, f1: 0.3039, loss: 1605558.2802 ||:  38%|###7      | 225/596 [00:20<00:33, 11.19it/s]
em: 0.2712, f1: 0.2964, loss: 1561575.4915 ||:  57%|#####6    | 337/596 [00:30<00:23, 11.11it/s]
em: 0.2735, f1: 0.2995, loss: 1501680.6928 ||:  75%|#######5  | 447/596 [00:40<00:13, 10.96it/s]
em: 0.2506, f1: 0.2768, loss: 1922069.2625 ||:  96%|#########5| 571/596 [00:50<00:02, 11.33it/s]
em: 0.2426, f1: 0.2691, loss: 1954679.8738 ||: : 604it [00:53, 11.20it/s]                       

  0%|          | 0/4104 [00:00<?, ?it/s]
em: 0.2500, f1: 0.2874, loss: 3.2884 ||:   1%|1         | 44/4104 [00:10<15:26,  4.38it/s]
em: 0.2514, f1: 0.2888, loss: 3.4168 ||:   2%|2         | 89/4104 [00:20<15:08,  4.42it/s]
em: 0.2477, f1: 0.2855, loss: 3.4888 ||:   3%|3         | 135/4104 [00:30<14:51,  4.45it/s]
em: 0.2528, f1: 0.2913, loss: 3.4452 ||:   4%|4         | 181/4104 [00:40<14:36,  4.47it/s]
em: 0.2520, f1: 0.2893, loss: 3.4246 ||:   6%|5         | 227/4104 [00:50<14:27,  4.47it/s]
em: 0.2532, f1: 0.2910, loss: 3.4463 ||:   7%|6         | 273/4104 [01:00<14:13,  4.49it/s]
em: 0.2520, f1: 0.2895, loss: 3.4775 ||:   8%|7         | 319/4104 [01:11<14:11,  4.45it/s]
em: 0.2500, f1: 0.2883, loss: 3.4992 ||:   9%|8         | 364/4104 [01:21<14:00,  4.45it/s]
em: 0.2452, f1: 0.2826, loss: 3.5212 ||:  10%|9         | 409/4104 [01:31<13:50,  4.45it/s]
em: 0.2457, f1: 0.2829, loss: 3.5131 ||:  11%|#1        | 455/4104 [01:41<13:34,  4.48it/s]
em: 0.2458, f1: 0.2834, loss: 3.5088 ||:  12%|#2        | 501/4104 [01:51<13:23,  4.48it/s]
em: 0.2468, f1: 0.2841, loss: 3.4795 ||:  13%|#3        | 546/4104 [02:02<13:15,  4.47it/s]
em: 0.2483, f1: 0.2858, loss: 3.4693 ||:  14%|#4        | 591/4104 [02:12<13:06,  4.47it/s]
em: 0.2508, f1: 0.2874, loss: 3.4613 ||:  16%|#5        | 637/4104 [02:22<12:52,  4.49it/s]
em: 0.2491, f1: 0.2853, loss: 3.4597 ||:  17%|#6        | 683/4104 [02:32<12:40,  4.50it/s]
em: 0.2492, f1: 0.2860, loss: 3.4564 ||:  18%|#7        | 729/4104 [02:42<12:31,  4.49it/s]
em: 0.2495, f1: 0.2864, loss: 3.4477 ||:  19%|#8        | 774/4104 [02:52<12:21,  4.49it/s]
em: 0.2487, f1: 0.2857, loss: 3.4510 ||:  20%|#9        | 820/4104 [03:02<12:06,  4.52it/s]
em: 0.2484, f1: 0.2857, loss: 3.4652 ||:  21%|##1       | 866/4104 [03:13<11:58,  4.51it/s]
em: 0.2488, f1: 0.2860, loss: 3.4713 ||:  22%|##2       | 911/4104 [03:23<11:52,  4.48it/s]
em: 0.2491, f1: 0.2863, loss: 3.4583 ||:  23%|##3       | 956/4104 [03:33<11:41,  4.49it/s]
em: 0.2504, f1: 0.2875, loss: 3.4563 ||:  24%|##4       | 1001/4104 [03:43<11:32,  4.48it/s]
em: 0.2493, f1: 0.2863, loss: 3.4694 ||:  26%|##5       | 1048/4104 [03:53<11:16,  4.52it/s]
em: 0.2488, f1: 0.2860, loss: 3.4776 ||:  27%|##6       | 1095/4104 [04:04<11:10,  4.49it/s]
em: 0.2483, f1: 0.2856, loss: 3.4853 ||:  28%|##7       | 1141/4104 [04:14<11:01,  4.48it/s]
em: 0.2480, f1: 0.2851, loss: 3.4816 ||:  29%|##8       | 1187/4104 [04:24<10:50,  4.49it/s]
em: 0.2500, f1: 0.2867, loss: 3.4818 ||:  30%|###       | 1233/4104 [04:34<10:38,  4.49it/s]
em: 0.2492, f1: 0.2858, loss: 3.4809 ||:  31%|###1      | 1279/4104 [04:45<10:30,  4.48it/s]
em: 0.2495, f1: 0.2862, loss: 3.4804 ||:  32%|###2      | 1326/4104 [04:55<10:14,  4.52it/s]
em: 0.2492, f1: 0.2859, loss: 3.4794 ||:  33%|###3      | 1373/4104 [05:05<10:06,  4.50it/s]
em: 0.2498, f1: 0.2866, loss: 3.4778 ||:  35%|###4      | 1418/4104 [05:16<10:00,  4.47it/s]
em: 0.2495, f1: 0.2864, loss: 3.4766 ||:  36%|###5      | 1463/4104 [05:26<09:50,  4.47it/s]
em: 0.2492, f1: 0.2859, loss: 3.4734 ||:  37%|###6      | 1508/4104 [05:36<09:41,  4.47it/s]
em: 0.2494, f1: 0.2861, loss: 3.4758 ||:  38%|###7      | 1554/4104 [05:46<09:26,  4.50it/s]
em: 0.2502, f1: 0.2868, loss: 3.4746 ||:  39%|###8      | 1600/4104 [05:56<09:15,  4.51it/s]
em: 0.2497, f1: 0.2863, loss: 3.4788 ||:  40%|####      | 1646/4104 [06:06<09:07,  4.49it/s]
em: 0.2491, f1: 0.2858, loss: 3.4781 ||:  41%|####1     | 1692/4104 [06:16<08:54,  4.51it/s]
em: 0.2493, f1: 0.2857, loss: 3.4778 ||:  42%|####2     | 1738/4104 [06:27<08:42,  4.53it/s]
em: 0.2482, f1: 0.2845, loss: 3.4769 ||:  43%|####3     | 1784/4104 [06:37<08:33,  4.52it/s]
em: 0.2480, f1: 0.2844, loss: 3.4766 ||:  45%|####4     | 1829/4104 [06:47<08:24,  4.51it/s]
em: 0.2479, f1: 0.2844, loss: 3.4769 ||:  46%|####5     | 1875/4104 [06:57<08:12,  4.52it/s]
em: 0.2472, f1: 0.2838, loss: 3.4724 ||:  47%|####6     | 1921/4104 [07:07<08:06,  4.49it/s]
em: 0.2467, f1: 0.2835, loss: 3.4707 ||:  48%|####7     | 1967/4104 [07:17<07:53,  4.51it/s]
em: 0.2462, f1: 0.2832, loss: 3.4691 ||:  49%|####9     | 2013/4104 [07:28<07:44,  4.50it/s]
em: 0.2464, f1: 0.2835, loss: 3.4697 ||:  50%|#####     | 2058/4104 [07:38<07:36,  4.48it/s]
em: 0.2461, f1: 0.2831, loss: 3.4727 ||:  51%|#####1    | 2103/4104 [07:48<07:26,  4.49it/s]
em: 0.2463, f1: 0.2832, loss: 3.4706 ||:  52%|#####2    | 2148/4104 [07:58<07:18,  4.46it/s]
em: 0.2474, f1: 0.2845, loss: 3.4656 ||:  53%|#####3    | 2194/4104 [08:08<07:05,  4.49it/s]
em: 0.2473, f1: 0.2843, loss: 3.4587 ||:  55%|#####4    | 2242/4104 [08:18<06:48,  4.55it/s]
em: 0.2471, f1: 0.2840, loss: 3.4582 ||:  56%|#####5    | 2290/4104 [08:29<06:41,  4.52it/s]
em: 0.2469, f1: 0.2838, loss: 3.4578 ||:  57%|#####6    | 2336/4104 [08:39<06:30,  4.53it/s]
em: 0.2472, f1: 0.2841, loss: 3.4555 ||:  58%|#####8    | 2382/4104 [08:49<06:20,  4.52it/s]
em: 0.2470, f1: 0.2840, loss: 3.4592 ||:  59%|#####9    | 2428/4104 [09:00<06:11,  4.51it/s]
em: 0.2465, f1: 0.2836, loss: 3.4604 ||:  60%|######    | 2474/4104 [09:10<05:59,  4.53it/s]
em: 0.2467, f1: 0.2836, loss: 3.4606 ||:  61%|######1   | 2520/4104 [09:20<05:49,  4.53it/s]
em: 0.2475, f1: 0.2844, loss: 3.4564 ||:  63%|######2   | 2567/4104 [09:30<05:37,  4.55it/s]
em: 0.2484, f1: 0.2850, loss: 3.4549 ||:  64%|######3   | 2614/4104 [09:40<05:27,  4.54it/s]
em: 0.2489, f1: 0.2855, loss: 3.4508 ||:  65%|######4   | 2660/4104 [09:51<05:19,  4.53it/s]
em: 0.2491, f1: 0.2857, loss: 3.4523 ||:  66%|######5   | 2705/4104 [10:01<05:12,  4.48it/s]
em: 0.2487, f1: 0.2853, loss: 3.4534 ||:  67%|######7   | 2750/4104 [10:11<05:02,  4.48it/s]
em: 0.2490, f1: 0.2856, loss: 3.4532 ||:  68%|######8   | 2796/4104 [10:21<04:50,  4.50it/s]
em: 0.2488, f1: 0.2855, loss: 3.4536 ||:  69%|######9   | 2842/4104 [10:31<04:39,  4.51it/s]
em: 0.2490, f1: 0.2857, loss: 3.4560 ||:  70%|#######   | 2888/4104 [10:42<04:31,  4.48it/s]
em: 0.2488, f1: 0.2855, loss: 3.4604 ||:  71%|#######1  | 2933/4104 [10:52<04:21,  4.48it/s]
em: 0.2493, f1: 0.2860, loss: 3.4629 ||:  73%|#######2  | 2978/4104 [11:02<04:12,  4.47it/s]
em: 0.2488, f1: 0.2855, loss: 3.4650 ||:  74%|#######3  | 3023/4104 [11:12<04:03,  4.44it/s]
em: 0.2493, f1: 0.2858, loss: 3.4596 ||:  75%|#######4  | 3068/4104 [11:22<03:52,  4.45it/s]
em: 0.2499, f1: 0.2864, loss: 3.4572 ||:  76%|#######5  | 3114/4104 [11:32<03:40,  4.49it/s]
em: 0.2503, f1: 0.2868, loss: 3.4565 ||:  77%|#######6  | 3160/4104 [11:43<03:30,  4.48it/s]
em: 0.2506, f1: 0.2870, loss: 3.4528 ||:  78%|#######8  | 3206/4104 [11:53<03:20,  4.49it/s]
em: 0.2508, f1: 0.2871, loss: 3.4500 ||:  79%|#######9  | 3253/4104 [12:03<03:08,  4.52it/s]
em: 0.2512, f1: 0.2876, loss: 3.4489 ||:  80%|########  | 3300/4104 [12:13<02:56,  4.54it/s]
em: 0.2518, f1: 0.2879, loss: 3.4426 ||:  82%|########1 | 3346/4104 [12:23<02:46,  4.54it/s]
em: 0.2520, f1: 0.2882, loss: 3.4437 ||:  83%|########2 | 3392/4104 [12:34<02:37,  4.53it/s]
em: 0.2520, f1: 0.2882, loss: 3.4441 ||:  84%|########3 | 3437/4104 [12:44<02:28,  4.49it/s]
em: 0.2525, f1: 0.2887, loss: 3.4430 ||:  85%|########4 | 3483/4104 [12:54<02:17,  4.52it/s]
em: 0.2530, f1: 0.2893, loss: 3.4400 ||:  86%|########5 | 3529/4104 [13:04<02:07,  4.53it/s]
em: 0.2533, f1: 0.2896, loss: 3.4399 ||:  87%|########7 | 3575/4104 [13:14<01:57,  4.51it/s]
em: 0.2535, f1: 0.2898, loss: 3.4409 ||:  88%|########8 | 3621/4104 [13:24<01:46,  4.52it/s]
em: 0.2538, f1: 0.2901, loss: 3.4371 ||:  89%|########9 | 3667/4104 [13:35<01:36,  4.53it/s]
em: 0.2537, f1: 0.2900, loss: 3.4361 ||:  90%|######### | 3713/4104 [13:45<01:26,  4.53it/s]
em: 0.2542, f1: 0.2905, loss: 3.4351 ||:  92%|#########1| 3759/4104 [13:55<01:16,  4.52it/s]
em: 0.2539, f1: 0.2902, loss: 3.4365 ||:  93%|#########2| 3804/4104 [14:05<01:07,  4.46it/s]
em: 0.2537, f1: 0.2901, loss: 3.4413 ||:  94%|#########3| 3850/4104 [14:16<00:56,  4.47it/s]
em: 0.2529, f1: 0.2894, loss: 3.4476 ||:  95%|#########4| 3896/4104 [14:26<00:46,  4.47it/s]
em: 0.2519, f1: 0.2885, loss: 3.4572 ||:  96%|#########6| 3942/4104 [14:36<00:36,  4.50it/s]
em: 0.2509, f1: 0.2876, loss: 3.4678 ||:  97%|#########7| 3988/4104 [14:46<00:25,  4.51it/s]
em: 0.2498, f1: 0.2865, loss: 3.4775 ||:  98%|#########8| 4034/4104 [14:56<00:15,  4.49it/s]
em: 0.2487, f1: 0.2855, loss: 3.4882 ||:  99%|#########9| 4081/4104 [15:07<00:05,  4.54it/s]
em: 0.2474, f1: 0.2842, loss: 3.4984 ||: : 4128it [15:17,  4.50it/s]                        
em: 0.2466, f1: 0.2835, loss: 3.5047 ||: : 4158it [15:24,  4.50it/s]

  0%|          | 0/596 [00:00<?, ?it/s]
em: 0.3242, f1: 0.3468, loss: 1615046.6304 ||:  19%|#8        | 113/596 [00:10<00:42, 11.25it/s]
em: 0.3079, f1: 0.3324, loss: 1598453.8983 ||:  38%|###7      | 226/596 [00:20<00:32, 11.22it/s]
em: 0.3007, f1: 0.3233, loss: 1555106.1856 ||:  57%|#####6    | 338/596 [00:30<00:23, 11.15it/s]
em: 0.3013, f1: 0.3247, loss: 1499723.6683 ||:  75%|#######5  | 448/596 [00:40<00:13, 10.99it/s]
em: 0.2765, f1: 0.3010, loss: 1927358.5594 ||:  96%|#########6| 573/596 [00:50<00:02, 11.40it/s]
em: 0.2686, f1: 0.2932, loss: 1953644.9366 ||: : 604it [00:53, 11.25it/s]                       

  0%|          | 0/4104 [00:00<?, ?it/s]
em: 0.2907, f1: 0.3233, loss: 3.0421 ||:   1%|1         | 45/4104 [00:10<15:15,  4.43it/s]
em: 0.2847, f1: 0.3180, loss: 3.2181 ||:   2%|2         | 91/4104 [00:20<14:56,  4.48it/s]
em: 0.2713, f1: 0.3042, loss: 3.2771 ||:   3%|3         | 137/4104 [00:30<14:45,  4.48it/s]
em: 0.2803, f1: 0.3140, loss: 3.2641 ||:   4%|4         | 184/4104 [00:40<14:27,  4.52it/s]
em: 0.2854, f1: 0.3184, loss: 3.2517 ||:   6%|5         | 231/4104 [00:51<14:20,  4.50it/s]
em: 0.2853, f1: 0.3205, loss: 3.2642 ||:   7%|6         | 278/4104 [01:01<14:02,  4.54it/s]
em: 0.2812, f1: 0.3166, loss: 3.3130 ||:   8%|7         | 325/4104 [01:11<13:56,  4.52it/s]
em: 0.2752, f1: 0.3108, loss: 3.3164 ||:   9%|9         | 370/4104 [01:22<13:53,  4.48it/s]
em: 0.2713, f1: 0.3066, loss: 3.3486 ||:  10%|#         | 416/4104 [01:32<13:39,  4.50it/s]
em: 0.2732, f1: 0.3086, loss: 3.3408 ||:  11%|#1        | 462/4104 [01:42<13:27,  4.51it/s]
em: 0.2747, f1: 0.3105, loss: 3.3281 ||:  12%|#2        | 509/4104 [01:52<13:08,  4.56it/s]
em: 0.2750, f1: 0.3105, loss: 3.3027 ||:  14%|#3        | 556/4104 [02:02<13:02,  4.53it/s]
em: 0.2760, f1: 0.3121, loss: 3.2945 ||:  15%|#4        | 602/4104 [02:12<12:50,  4.55it/s]
em: 0.2757, f1: 0.3117, loss: 3.2925 ||:  16%|#5        | 648/4104 [02:23<12:52,  4.47it/s]
em: 0.2756, f1: 0.3117, loss: 3.2935 ||:  17%|#6        | 695/4104 [02:33<12:33,  4.53it/s]
em: 0.2770, f1: 0.3133, loss: 3.2818 ||:  18%|#8        | 742/4104 [02:44<12:23,  4.52it/s]
em: 0.2761, f1: 0.3126, loss: 3.2762 ||:  19%|#9        | 788/4104 [02:54<12:11,  4.53it/s]
em: 0.2751, f1: 0.3123, loss: 3.2932 ||:  20%|##        | 835/4104 [03:04<11:56,  4.56it/s]
em: 0.2731, f1: 0.3105, loss: 3.3044 ||:  21%|##1       | 882/4104 [03:14<11:50,  4.53it/s]
em: 0.2741, f1: 0.3114, loss: 3.3042 ||:  23%|##2       | 927/4104 [03:24<11:42,  4.52it/s]
em: 0.2750, f1: 0.3121, loss: 3.2925 ||:  24%|##3       | 973/4104 [03:35<11:32,  4.52it/s]
em: 0.2755, f1: 0.3124, loss: 3.2954 ||:  25%|##4       | 1020/4104 [03:45<11:16,  4.56it/s]
em: 0.2758, f1: 0.3126, loss: 3.3084 ||:  26%|##5       | 1067/4104 [03:55<11:11,  4.52it/s]
em: 0.2754, f1: 0.3120, loss: 3.3180 ||:  27%|##7       | 1113/4104 [04:05<11:01,  4.52it/s]
em: 0.2754, f1: 0.3122, loss: 3.3197 ||:  28%|##8       | 1159/4104 [04:16<10:50,  4.53it/s]
em: 0.2764, f1: 0.3129, loss: 3.3174 ||:  29%|##9       | 1205/4104 [04:26<10:42,  4.51it/s]
em: 0.2767, f1: 0.3129, loss: 3.3142 ||:  30%|###       | 1250/4104 [04:36<10:34,  4.50it/s]
em: 0.2768, f1: 0.3131, loss: 3.3143 ||:  32%|###1      | 1296/4104 [04:46<10:22,  4.51it/s]
em: 0.2761, f1: 0.3125, loss: 3.3154 ||:  33%|###2      | 1342/4104 [04:56<10:15,  4.49it/s]
em: 0.2757, f1: 0.3123, loss: 3.3180 ||:  34%|###3      | 1387/4104 [05:06<10:04,  4.49it/s]
em: 0.2764, f1: 0.3131, loss: 3.3175 ||:  35%|###4      | 1432/4104 [05:17<09:56,  4.48it/s]
em: 0.2764, f1: 0.3132, loss: 3.3096 ||:  36%|###5      | 1477/4104 [05:27<09:48,  4.46it/s]
em: 0.2768, f1: 0.3133, loss: 3.3097 ||:  37%|###7      | 1522/4104 [05:37<09:39,  4.46it/s]
em: 0.2764, f1: 0.3130, loss: 3.3090 ||:  38%|###8      | 1569/4104 [05:47<09:23,  4.50it/s]
em: 0.2762, f1: 0.3128, loss: 3.3127 ||:  39%|###9      | 1616/4104 [05:57<09:09,  4.53it/s]
em: 0.2751, f1: 0.3117, loss: 3.3184 ||:  41%|####      | 1663/4104 [06:08<09:02,  4.50it/s]
em: 0.2750, f1: 0.3115, loss: 3.3162 ||:  42%|####1     | 1710/4104 [06:18<08:47,  4.54it/s]
em: 0.2740, f1: 0.3106, loss: 3.3171 ||:  43%|####2     | 1757/4104 [06:28<08:38,  4.52it/s]
em: 0.2730, f1: 0.3097, loss: 3.3189 ||:  44%|####3     | 1803/4104 [06:39<08:27,  4.54it/s]
em: 0.2727, f1: 0.3096, loss: 3.3217 ||:  45%|####5     | 1849/4104 [06:49<08:19,  4.51it/s]
em: 0.2728, f1: 0.3096, loss: 3.3190 ||:  46%|####6     | 1896/4104 [06:59<08:06,  4.54it/s]
em: 0.2727, f1: 0.3094, loss: 3.3148 ||:  47%|####7     | 1942/4104 [07:10<08:01,  4.49it/s]
em: 0.2722, f1: 0.3090, loss: 3.3168 ||:  48%|####8     | 1988/4104 [07:20<07:49,  4.50it/s]
em: 0.2723, f1: 0.3093, loss: 3.3132 ||:  50%|####9     | 2034/4104 [07:30<07:42,  4.48it/s]
em: 0.2721, f1: 0.3091, loss: 3.3157 ||:  51%|#####     | 2080/4104 [07:40<07:31,  4.49it/s]
em: 0.2718, f1: 0.3087, loss: 3.3210 ||:  52%|#####1    | 2126/4104 [07:51<07:22,  4.47it/s]
em: 0.2718, f1: 0.3087, loss: 3.3183 ||:  53%|#####2    | 2171/4104 [08:01<07:14,  4.45it/s]
em: 0.2729, f1: 0.3097, loss: 3.3108 ||:  54%|#####4    | 2219/4104 [08:11<06:55,  4.54it/s]
em: 0.2726, f1: 0.3092, loss: 3.3086 ||:  55%|#####5    | 2267/4104 [08:22<06:44,  4.54it/s]
em: 0.2730, f1: 0.3096, loss: 3.3056 ||:  56%|#####6    | 2313/4104 [08:32<06:34,  4.54it/s]
em: 0.2729, f1: 0.3094, loss: 3.3016 ||:  57%|#####7    | 2359/4104 [08:42<06:27,  4.50it/s]
em: 0.2732, f1: 0.3099, loss: 3.3052 ||:  59%|#####8    | 2405/4104 [08:52<06:16,  4.51it/s]
em: 0.2736, f1: 0.3103, loss: 3.3071 ||:  60%|#####9    | 2451/4104 [09:03<06:07,  4.50it/s]
em: 0.2736, f1: 0.3102, loss: 3.3088 ||:  61%|######    | 2499/4104 [09:13<05:51,  4.57it/s]
em: 0.2738, f1: 0.3103, loss: 3.3064 ||:  62%|######2   | 2547/4104 [09:23<05:42,  4.55it/s]
em: 0.2745, f1: 0.3107, loss: 3.3025 ||:  63%|######3   | 2593/4104 [09:33<05:32,  4.55it/s]
em: 0.2748, f1: 0.3110, loss: 3.3027 ||:  64%|######4   | 2639/4104 [09:44<05:21,  4.56it/s]
em: 0.2749, f1: 0.3111, loss: 3.3016 ||:  65%|######5   | 2685/4104 [09:54<05:14,  4.51it/s]
em: 0.2746, f1: 0.3107, loss: 3.3032 ||:  67%|######6   | 2731/4104 [10:04<05:04,  4.51it/s]
em: 0.2747, f1: 0.3110, loss: 3.3014 ||:  68%|######7   | 2777/4104 [10:14<04:55,  4.49it/s]
em: 0.2746, f1: 0.3110, loss: 3.3043 ||:  69%|######8   | 2823/4104 [10:25<04:44,  4.50it/s]
em: 0.2748, f1: 0.3111, loss: 3.3038 ||:  70%|######9   | 2869/4104 [10:35<04:35,  4.49it/s]
em: 0.2750, f1: 0.3114, loss: 3.3096 ||:  71%|#######1  | 2915/4104 [10:45<04:24,  4.50it/s]
em: 0.2758, f1: 0.3122, loss: 3.3101 ||:  72%|#######2  | 2961/4104 [10:55<04:13,  4.50it/s]
em: 0.2753, f1: 0.3117, loss: 3.3151 ||:  73%|#######3  | 3007/4104 [11:06<04:06,  4.45it/s]
em: 0.2752, f1: 0.3115, loss: 3.3141 ||:  74%|#######4  | 3052/4104 [11:16<03:56,  4.44it/s]
em: 0.2755, f1: 0.3118, loss: 3.3103 ||:  76%|#######5  | 3099/4104 [11:26<03:43,  4.49it/s]
em: 0.2756, f1: 0.3119, loss: 3.3102 ||:  77%|#######6  | 3146/4104 [11:37<03:33,  4.49it/s]
em: 0.2766, f1: 0.3128, loss: 3.3048 ||:  78%|#######7  | 3192/4104 [11:47<03:21,  4.52it/s]
em: 0.2763, f1: 0.3125, loss: 3.3031 ||:  79%|#######8  | 3238/4104 [11:57<03:10,  4.54it/s]
em: 0.2765, f1: 0.3126, loss: 3.3021 ||:  80%|########  | 3284/4104 [12:07<03:00,  4.55it/s]
em: 0.2769, f1: 0.3130, loss: 3.2975 ||:  81%|########1 | 3330/4104 [12:17<02:50,  4.54it/s]
em: 0.2772, f1: 0.3132, loss: 3.2982 ||:  82%|########2 | 3376/4104 [12:27<02:40,  4.53it/s]
em: 0.2772, f1: 0.3133, loss: 3.2972 ||:  83%|########3 | 3422/4104 [12:37<02:30,  4.54it/s]
em: 0.2772, f1: 0.3133, loss: 3.2981 ||:  85%|########4 | 3468/4104 [12:48<02:21,  4.50it/s]
em: 0.2776, f1: 0.3138, loss: 3.2954 ||:  86%|########5 | 3514/4104 [12:58<02:10,  4.52it/s]
em: 0.2778, f1: 0.3139, loss: 3.2959 ||:  87%|########6 | 3560/4104 [13:08<02:00,  4.50it/s]
em: 0.2778, f1: 0.3139, loss: 3.2977 ||:  88%|########7 | 3607/4104 [13:18<01:49,  4.54it/s]
em: 0.2779, f1: 0.3139, loss: 3.2952 ||:  89%|########9 | 3654/4104 [13:29<01:39,  4.52it/s]
em: 0.2783, f1: 0.3143, loss: 3.2916 ||:  90%|######### | 3700/4104 [13:39<01:29,  4.54it/s]
em: 0.2784, f1: 0.3143, loss: 3.2918 ||:  91%|#########1| 3746/4104 [13:49<01:19,  4.50it/s]
em: 0.2784, f1: 0.3144, loss: 3.2924 ||:  92%|#########2| 3791/4104 [13:59<01:09,  4.49it/s]
em: 0.2781, f1: 0.3141, loss: 3.2952 ||:  93%|#########3| 3836/4104 [14:09<00:59,  4.49it/s]
em: 0.2770, f1: 0.3132, loss: 3.3033 ||:  95%|#########4| 3881/4104 [14:20<00:50,  4.45it/s]
em: 0.2762, f1: 0.3126, loss: 3.3116 ||:  96%|#########5| 3928/4104 [14:30<00:38,  4.51it/s]
em: 0.2747, f1: 0.3112, loss: 3.3237 ||:  97%|#########6| 3975/4104 [14:40<00:28,  4.51it/s]
em: 0.2735, f1: 0.3100, loss: 3.3337 ||:  98%|#########7| 4021/4104 [14:50<00:18,  4.51it/s]
em: 0.2722, f1: 0.3088, loss: 3.3455 ||:  99%|#########9| 4068/4104 [15:01<00:07,  4.54it/s]
em: 0.2709, f1: 0.3076, loss: 3.3541 ||: : 4115it [15:11,  4.54it/s]                        
em: 0.2697, f1: 0.3065, loss: 3.3645 ||: : 4158it [15:21,  4.51it/s]

  0%|          | 0/596 [00:00<?, ?it/s]
em: 0.3393, f1: 0.3641, loss: 1615046.6023 ||:  19%|#8        | 113/596 [00:10<00:42, 11.26it/s]
em: 0.3325, f1: 0.3589, loss: 1598453.8301 ||:  38%|###7      | 226/596 [00:20<00:32, 11.22it/s]
em: 0.3247, f1: 0.3488, loss: 1555106.1138 ||:  57%|#####6    | 338/596 [00:30<00:23, 11.14it/s]
em: 0.3249, f1: 0.3494, loss: 1499723.5866 ||:  75%|#######5  | 448/596 [00:40<00:13, 10.99it/s]
em: 0.3002, f1: 0.3251, loss: 1929539.9805 ||:  96%|#########6| 573/596 [00:50<00:02, 11.40it/s]
em: 0.2921, f1: 0.3168, loss: 1955714.3919 ||: : 604it [00:53, 11.24it/s]                       

  0%|          | 0/4104 [00:00<?, ?it/s]
em: 0.3062, f1: 0.3375, loss: 3.0141 ||:   1%|1         | 45/4104 [00:10<15:13,  4.44it/s]
em: 0.3083, f1: 0.3367, loss: 3.1348 ||:   2%|2         | 91/4104 [00:20<14:56,  4.48it/s]
em: 0.2935, f1: 0.3264, loss: 3.2122 ||:   3%|3         | 137/4104 [00:30<14:40,  4.50it/s]
em: 0.2974, f1: 0.3315, loss: 3.1747 ||:   4%|4         | 183/4104 [00:40<14:26,  4.52it/s]
em: 0.3034, f1: 0.3375, loss: 3.1483 ||:   6%|5         | 229/4104 [00:50<14:19,  4.51it/s]
em: 0.3042, f1: 0.3388, loss: 3.1746 ||:   7%|6         | 276/4104 [01:00<14:02,  4.54it/s]
em: 0.3004, f1: 0.3356, loss: 3.1907 ||:   8%|7         | 323/4104 [01:11<13:58,  4.51it/s]
em: 0.2968, f1: 0.3328, loss: 3.2313 ||:   9%|8         | 368/4104 [01:21<13:51,  4.50it/s]
em: 0.2934, f1: 0.3293, loss: 3.2420 ||:  10%|#         | 413/4104 [01:31<13:41,  4.49it/s]
em: 0.2948, f1: 0.3302, loss: 3.2296 ||:  11%|#1        | 459/4104 [01:41<13:27,  4.51it/s]
em: 0.2965, f1: 0.3321, loss: 3.2342 ||:  12%|#2        | 506/4104 [01:51<13:12,  4.54it/s]
em: 0.2971, f1: 0.3325, loss: 3.2102 ||:  13%|#3        | 553/4104 [02:02<13:00,  4.55it/s]
em: 0.2972, f1: 0.3332, loss: 3.1967 ||:  15%|#4        | 599/4104 [02:12<12:53,  4.53it/s]
em: 0.2965, f1: 0.3321, loss: 3.1974 ||:  16%|#5        | 644/4104 [02:22<12:46,  4.52it/s]
em: 0.2959, f1: 0.3312, loss: 3.1859 ||:  17%|#6        | 690/4104 [02:32<12:36,  4.51it/s]
em: 0.2962, f1: 0.3321, loss: 3.1781 ||:  18%|#7        | 737/4104 [02:42<12:21,  4.54it/s]
em: 0.2947, f1: 0.3307, loss: 3.1750 ||:  19%|#9        | 784/4104 [02:53<12:15,  4.52it/s]
em: 0.2945, f1: 0.3308, loss: 3.1800 ||:  20%|##        | 831/4104 [03:03<11:58,  4.56it/s]
em: 0.2931, f1: 0.3296, loss: 3.1937 ||:  21%|##1       | 878/4104 [03:13<11:52,  4.53it/s]
em: 0.2940, f1: 0.3307, loss: 3.1895 ||:  23%|##2       | 924/4104 [03:24<11:41,  4.53it/s]
em: 0.2936, f1: 0.3303, loss: 3.1844 ||:  24%|##3       | 970/4104 [03:34<11:30,  4.54it/s]
em: 0.2948, f1: 0.3315, loss: 3.1840 ||:  25%|##4       | 1016/4104 [03:44<11:18,  4.55it/s]
em: 0.2947, f1: 0.3315, loss: 3.1925 ||:  26%|##5       | 1062/4104 [03:54<11:08,  4.55it/s]
em: 0.2935, f1: 0.3307, loss: 3.2011 ||:  27%|##6       | 1108/4104 [04:04<11:04,  4.51it/s]
em: 0.2926, f1: 0.3296, loss: 3.2088 ||:  28%|##8       | 1154/4104 [04:14<10:52,  4.52it/s]
em: 0.2920, f1: 0.3290, loss: 3.2084 ||:  29%|##9       | 1200/4104 [04:25<10:42,  4.52it/s]
em: 0.2915, f1: 0.3283, loss: 3.2081 ||:  30%|###       | 1246/4104 [04:35<10:32,  4.52it/s]
em: 0.2934, f1: 0.3300, loss: 3.2057 ||:  31%|###1      | 1292/4104 [04:45<10:20,  4.53it/s]
em: 0.2935, f1: 0.3302, loss: 3.2058 ||:  33%|###2      | 1338/4104 [04:55<10:11,  4.52it/s]
em: 0.2926, f1: 0.3294, loss: 3.2038 ||:  34%|###3      | 1384/4104 [05:05<10:02,  4.51it/s]
em: 0.2927, f1: 0.3296, loss: 3.2022 ||:  35%|###4      | 1429/4104 [05:15<09:56,  4.48it/s]
em: 0.2932, f1: 0.3303, loss: 3.1961 ||:  36%|###5      | 1474/4104 [05:26<09:49,  4.46it/s]
em: 0.2930, f1: 0.3302, loss: 3.1957 ||:  37%|###7      | 1520/4104 [05:36<09:35,  4.49it/s]
em: 0.2936, f1: 0.3306, loss: 3.1942 ||:  38%|###8      | 1566/4104 [05:46<09:23,  4.50it/s]
em: 0.2934, f1: 0.3303, loss: 3.2013 ||:  39%|###9      | 1612/4104 [05:56<09:10,  4.53it/s]
em: 0.2923, f1: 0.3291, loss: 3.2014 ||:  40%|####      | 1658/4104 [06:06<09:00,  4.52it/s]
em: 0.2919, f1: 0.3286, loss: 3.2013 ||:  42%|####1     | 1704/4104 [06:16<08:48,  4.54it/s]
em: 0.2915, f1: 0.3282, loss: 3.2016 ||:  43%|####2     | 1750/4104 [06:26<08:38,  4.54it/s]
em: 0.2907, f1: 0.3275, loss: 3.2049 ||:  44%|####3     | 1796/4104 [06:36<08:28,  4.54it/s]
em: 0.2907, f1: 0.3273, loss: 3.2060 ||:  45%|####4     | 1842/4104 [06:47<08:18,  4.54it/s]
em: 0.2907, f1: 0.3273, loss: 3.2079 ||:  46%|####6     | 1888/4104 [06:57<08:10,  4.52it/s]
em: 0.2902, f1: 0.3267, loss: 3.2027 ||:  47%|####7     | 1933/4104 [07:07<08:02,  4.50it/s]
em: 0.2904, f1: 0.3271, loss: 3.2027 ||:  48%|####8     | 1978/4104 [07:17<07:54,  4.48it/s]
em: 0.2907, f1: 0.3276, loss: 3.2026 ||:  49%|####9     | 2024/4104 [07:27<07:43,  4.49it/s]
em: 0.2907, f1: 0.3275, loss: 3.2049 ||:  50%|#####     | 2069/4104 [07:37<07:34,  4.47it/s]
em: 0.2901, f1: 0.3272, loss: 3.2053 ||:  52%|#####1    | 2114/4104 [07:48<07:24,  4.47it/s]
em: 0.2907, f1: 0.3276, loss: 3.2057 ||:  53%|#####2    | 2159/4104 [07:58<07:15,  4.47it/s]
em: 0.2912, f1: 0.3281, loss: 3.1993 ||:  54%|#####3    | 2205/4104 [08:08<07:02,  4.49it/s]
em: 0.2918, f1: 0.3285, loss: 3.1942 ||:  55%|#####4    | 2253/4104 [08:18<06:46,  4.55it/s]
em: 0.2915, f1: 0.3283, loss: 3.1951 ||:  56%|#####6    | 2300/4104 [08:28<06:37,  4.53it/s]
em: 0.2912, f1: 0.3279, loss: 3.1934 ||:  57%|#####7    | 2345/4104 [08:39<06:29,  4.51it/s]
em: 0.2917, f1: 0.3284, loss: 3.1936 ||:  58%|#####8    | 2391/4104 [08:49<06:18,  4.52it/s]
em: 0.2912, f1: 0.3280, loss: 3.1980 ||:  59%|#####9    | 2437/4104 [08:59<06:10,  4.50it/s]
em: 0.2913, f1: 0.3281, loss: 3.1997 ||:  61%|######    | 2484/4104 [09:09<05:57,  4.53it/s]
em: 0.2910, f1: 0.3277, loss: 3.1992 ||:  62%|######1   | 2531/4104 [09:19<05:44,  4.57it/s]
em: 0.2919, f1: 0.3284, loss: 3.1945 ||:  63%|######2   | 2578/4104 [09:30<05:35,  4.55it/s]
em: 0.2925, f1: 0.3291, loss: 3.1930 ||:  64%|######3   | 2624/4104 [09:40<05:26,  4.54it/s]
em: 0.2924, f1: 0.3290, loss: 3.1913 ||:  65%|######5   | 2670/4104 [09:50<05:16,  4.53it/s]
em: 0.2919, f1: 0.3285, loss: 3.1939 ||:  66%|######6   | 2716/4104 [10:00<05:07,  4.51it/s]
em: 0.2923, f1: 0.3290, loss: 3.1911 ||:  67%|######7   | 2762/4104 [10:11<04:57,  4.52it/s]
em: 0.2920, f1: 0.3287, loss: 3.1930 ||:  68%|######8   | 2808/4104 [10:21<04:48,  4.50it/s]
em: 0.2919, f1: 0.3286, loss: 3.1952 ||:  70%|######9   | 2854/4104 [10:31<04:36,  4.51it/s]
em: 0.2915, f1: 0.3284, loss: 3.2010 ||:  71%|#######   | 2900/4104 [10:41<04:27,  4.51it/s]
em: 0.2918, f1: 0.3286, loss: 3.2044 ||:  72%|#######1  | 2945/4104 [10:51<04:17,  4.50it/s]
em: 0.2921, f1: 0.3288, loss: 3.2078 ||:  73%|#######2  | 2990/4104 [11:01<04:09,  4.47it/s]
em: 0.2921, f1: 0.3287, loss: 3.2068 ||:  74%|#######3  | 3036/4104 [11:12<03:58,  4.48it/s]
em: 0.2921, f1: 0.3287, loss: 3.2028 ||:  75%|#######5  | 3082/4104 [11:22<03:48,  4.48it/s]
em: 0.2922, f1: 0.3287, loss: 3.2023 ||:  76%|#######6  | 3128/4104 [11:32<03:36,  4.51it/s]
em: 0.2927, f1: 0.3292, loss: 3.1997 ||:  77%|#######7  | 3174/4104 [11:42<03:26,  4.51it/s]
em: 0.2929, f1: 0.3295, loss: 3.1961 ||:  78%|#######8  | 3220/4104 [11:52<03:15,  4.52it/s]
em: 0.2931, f1: 0.3297, loss: 3.1969 ||:  80%|#######9  | 3267/4104 [12:02<03:03,  4.56it/s]
em: 0.2936, f1: 0.3301, loss: 3.1940 ||:  81%|########  | 3314/4104 [12:13<02:53,  4.56it/s]
em: 0.2940, f1: 0.3305, loss: 3.1902 ||:  82%|########1 | 3360/4104 [12:23<02:43,  4.55it/s]
em: 0.2942, f1: 0.3307, loss: 3.1921 ||:  83%|########2 | 3406/4104 [12:33<02:33,  4.54it/s]
em: 0.2944, f1: 0.3309, loss: 3.1911 ||:  84%|########4 | 3452/4104 [12:43<02:23,  4.53it/s]
em: 0.2945, f1: 0.3312, loss: 3.1902 ||:  85%|########5 | 3498/4104 [12:54<02:14,  4.50it/s]
em: 0.2947, f1: 0.3315, loss: 3.1889 ||:  86%|########6 | 3544/4104 [13:04<02:03,  4.53it/s]
em: 0.2947, f1: 0.3316, loss: 3.1911 ||:  87%|########7 | 3590/4104 [13:14<01:53,  4.52it/s]
em: 0.2945, f1: 0.3314, loss: 3.1904 ||:  89%|########8 | 3636/4104 [13:24<01:43,  4.54it/s]
em: 0.2948, f1: 0.3316, loss: 3.1877 ||:  90%|########9 | 3682/4104 [13:34<01:33,  4.51it/s]
em: 0.2947, f1: 0.3315, loss: 3.1878 ||:  91%|######### | 3728/4104 [13:44<01:23,  4.51it/s]
em: 0.2949, f1: 0.3317, loss: 3.1878 ||:  92%|#########1| 3774/4104 [13:55<01:13,  4.51it/s]
em: 0.2947, f1: 0.3314, loss: 3.1896 ||:  93%|#########3| 3819/4104 [14:05<01:03,  4.49it/s]
em: 0.2941, f1: 0.3309, loss: 3.1961 ||:  94%|#########4| 3864/4104 [14:15<00:53,  4.47it/s]
em: 0.2934, f1: 0.3305, loss: 3.2029 ||:  95%|#########5| 3911/4104 [14:25<00:42,  4.51it/s]
em: 0.2920, f1: 0.3292, loss: 3.2147 ||:  96%|#########6| 3958/4104 [14:36<00:32,  4.50it/s]
em: 0.2905, f1: 0.3277, loss: 3.2261 ||:  98%|#########7| 4004/4104 [14:46<00:22,  4.52it/s]
em: 0.2889, f1: 0.3263, loss: 3.2354 ||:  99%|#########8| 4050/4104 [14:56<00:11,  4.54it/s]
em: 0.2875, f1: 0.3249, loss: 3.2450 ||: 100%|#########9| 4097/4104 [15:06<00:01,  4.56it/s]
em: 0.2858, f1: 0.3232, loss: 3.2565 ||: : 4144it [15:17,  4.49it/s]                        
em: 0.2853, f1: 0.3228, loss: 3.2590 ||: : 4158it [15:20,  4.52it/s]

  0%|          | 0/596 [00:00<?, ?it/s]
em: 0.3499, f1: 0.3765, loss: 1615046.5161 ||:  19%|#8        | 113/596 [00:10<00:42, 11.27it/s]
em: 0.3384, f1: 0.3651, loss: 1598453.7567 ||:  38%|###7      | 226/596 [00:20<00:32, 11.26it/s]
em: 0.3369, f1: 0.3613, loss: 1552362.3635 ||:  57%|#####6    | 339/596 [00:30<00:23, 11.15it/s]
em: 0.3358, f1: 0.3616, loss: 1501951.2984 ||:  75%|#######5  | 449/596 [00:40<00:13, 11.03it/s]
em: 0.3115, f1: 0.3376, loss: 1938045.8584 ||:  96%|#########6| 575/596 [00:50<00:01, 11.45it/s]
em: 0.3034, f1: 0.3297, loss: 1956749.0859 ||: : 604it [00:53, 11.28it/s]                       

  0%|          | 0/4104 [00:00<?, ?it/s]
em: 0.3553, f1: 0.3900, loss: 2.8673 ||:   1%|1         | 45/4104 [00:10<15:08,  4.47it/s]
em: 0.3338, f1: 0.3644, loss: 3.0252 ||:   2%|2         | 91/4104 [00:20<14:53,  4.49it/s]
em: 0.3261, f1: 0.3575, loss: 3.0734 ||:   3%|3         | 137/4104 [00:30<14:43,  4.49it/s]
em: 0.3255, f1: 0.3600, loss: 3.0523 ||:   4%|4         | 183/4104 [00:40<14:28,  4.51it/s]
em: 0.3274, f1: 0.3613, loss: 3.0098 ||:   6%|5         | 229/4104 [00:50<14:18,  4.52it/s]
em: 0.3239, f1: 0.3587, loss: 3.0445 ||:   7%|6         | 275/4104 [01:00<14:03,  4.54it/s]
em: 0.3196, f1: 0.3549, loss: 3.0862 ||:   8%|7         | 321/4104 [01:11<13:59,  4.51it/s]
em: 0.3123, f1: 0.3494, loss: 3.1124 ||:   9%|8         | 366/4104 [01:21<13:51,  4.49it/s]
em: 0.3081, f1: 0.3444, loss: 3.1259 ||:  10%|#         | 411/4104 [01:31<13:42,  4.49it/s]
em: 0.3056, f1: 0.3414, loss: 3.1286 ||:  11%|#1        | 457/4104 [01:41<13:28,  4.51it/s]
em: 0.3093, f1: 0.3449, loss: 3.1282 ||:  12%|#2        | 504/4104 [01:51<13:10,  4.55it/s]
em: 0.3117, f1: 0.3471, loss: 3.0987 ||:  13%|#3        | 551/4104 [02:01<13:04,  4.53it/s]
em: 0.3135, f1: 0.3495, loss: 3.0835 ||:  15%|#4        | 597/4104 [02:11<12:51,  4.55it/s]
em: 0.3139, f1: 0.3500, loss: 3.0821 ||:  16%|#5        | 643/4104 [02:22<12:45,  4.52it/s]
em: 0.3125, f1: 0.3485, loss: 3.0743 ||:  17%|#6        | 688/4104 [02:32<12:36,  4.51it/s]
em: 0.3127, f1: 0.3493, loss: 3.0684 ||:  18%|#7        | 734/4104 [02:42<12:23,  4.53it/s]
em: 0.3116, f1: 0.3487, loss: 3.0644 ||:  19%|#9        | 780/4104 [02:52<12:12,  4.54it/s]
em: 0.3101, f1: 0.3476, loss: 3.0634 ||:  20%|##        | 827/4104 [03:02<11:59,  4.56it/s]
em: 0.3089, f1: 0.3469, loss: 3.0817 ||:  21%|##1       | 874/4104 [03:12<11:49,  4.56it/s]
em: 0.3093, f1: 0.3472, loss: 3.0842 ||:  22%|##2       | 920/4104 [03:23<11:48,  4.50it/s]
em: 0.3105, f1: 0.3481, loss: 3.0726 ||:  24%|##3       | 966/4104 [03:33<11:33,  4.52it/s]
em: 0.3113, f1: 0.3489, loss: 3.0783 ||:  25%|##4       | 1012/4104 [03:43<11:21,  4.54it/s]
em: 0.3108, f1: 0.3485, loss: 3.0853 ||:  26%|##5       | 1058/4104 [03:53<11:10,  4.55it/s]
em: 0.3103, f1: 0.3479, loss: 3.0982 ||:  27%|##6       | 1104/4104 [04:03<11:02,  4.53it/s]
em: 0.3112, f1: 0.3490, loss: 3.1034 ||:  28%|##8       | 1150/4104 [04:14<10:53,  4.52it/s]
em: 0.3113, f1: 0.3488, loss: 3.1042 ||:  29%|##9       | 1196/4104 [04:24<10:42,  4.53it/s]
em: 0.3118, f1: 0.3493, loss: 3.1027 ||:  30%|###       | 1242/4104 [04:34<10:35,  4.50it/s]
em: 0.3114, f1: 0.3490, loss: 3.1001 ||:  31%|###1      | 1289/4104 [04:44<10:20,  4.54it/s]
em: 0.3115, f1: 0.3493, loss: 3.1028 ||:  33%|###2      | 1336/4104 [04:55<10:11,  4.52it/s]
em: 0.3113, f1: 0.3493, loss: 3.1029 ||:  34%|###3      | 1381/4104 [05:05<10:05,  4.50it/s]
em: 0.3106, f1: 0.3483, loss: 3.1041 ||:  35%|###4      | 1426/4104 [05:15<09:57,  4.48it/s]
em: 0.3111, f1: 0.3489, loss: 3.0984 ||:  36%|###5      | 1472/4104 [05:25<09:46,  4.49it/s]
em: 0.3112, f1: 0.3492, loss: 3.0991 ||:  37%|###6      | 1518/4104 [05:35<09:36,  4.48it/s]
em: 0.3119, f1: 0.3497, loss: 3.0978 ||:  38%|###8      | 1564/4104 [05:46<09:25,  4.49it/s]
em: 0.3117, f1: 0.3494, loss: 3.1000 ||:  39%|###9      | 1610/4104 [05:56<09:11,  4.52it/s]
em: 0.3107, f1: 0.3485, loss: 3.1050 ||:  40%|####      | 1656/4104 [06:06<09:01,  4.52it/s]
em: 0.3108, f1: 0.3483, loss: 3.1035 ||:  41%|####1     | 1703/4104 [06:16<08:48,  4.55it/s]
em: 0.3097, f1: 0.3471, loss: 3.1058 ||:  43%|####2     | 1750/4104 [06:27<08:40,  4.52it/s]
em: 0.3084, f1: 0.3459, loss: 3.1090 ||:  44%|####3     | 1796/4104 [06:37<08:30,  4.52it/s]
em: 0.3085, f1: 0.3461, loss: 3.1079 ||:  45%|####4     | 1842/4104 [06:47<08:20,  4.52it/s]
em: 0.3088, f1: 0.3465, loss: 3.1088 ||:  46%|####6     | 1889/4104 [06:57<08:05,  4.56it/s]
em: 0.3085, f1: 0.3461, loss: 3.1052 ||:  47%|####7     | 1936/4104 [07:08<07:59,  4.53it/s]
em: 0.3078, f1: 0.3455, loss: 3.1054 ||:  48%|####8     | 1981/4104 [07:18<07:50,  4.52it/s]
em: 0.3072, f1: 0.3451, loss: 3.1062 ||:  49%|####9     | 2026/4104 [07:28<07:42,  4.49it/s]
em: 0.3068, f1: 0.3448, loss: 3.1068 ||:  50%|#####     | 2072/4104 [07:38<07:30,  4.51it/s]
em: 0.3068, f1: 0.3448, loss: 3.1100 ||:  52%|#####1    | 2118/4104 [07:48<07:22,  4.49it/s]
em: 0.3072, f1: 0.3451, loss: 3.1085 ||:  53%|#####2    | 2163/4104 [07:58<07:13,  4.48it/s]
em: 0.3084, f1: 0.3464, loss: 3.1008 ||:  54%|#####3    | 2210/4104 [08:08<06:58,  4.52it/s]
em: 0.3086, f1: 0.3467, loss: 3.0972 ||:  55%|#####4    | 2257/4104 [08:19<06:46,  4.55it/s]
em: 0.3083, f1: 0.3465, loss: 3.0963 ||:  56%|#####6    | 2304/4104 [08:29<06:34,  4.57it/s]
em: 0.3079, f1: 0.3460, loss: 3.0931 ||:  57%|#####7    | 2351/4104 [08:39<06:27,  4.52it/s]
em: 0.3075, f1: 0.3458, loss: 3.0964 ||:  58%|#####8    | 2397/4104 [08:50<06:16,  4.53it/s]
em: 0.3074, f1: 0.3458, loss: 3.0998 ||:  60%|#####9    | 2443/4104 [09:00<06:08,  4.50it/s]
em: 0.3072, f1: 0.3457, loss: 3.1013 ||:  61%|######    | 2491/4104 [09:10<05:52,  4.57it/s]
em: 0.3074, f1: 0.3457, loss: 3.1013 ||:  62%|######1   | 2539/4104 [09:21<05:43,  4.56it/s]
em: 0.3084, f1: 0.3465, loss: 3.0967 ||:  63%|######2   | 2585/4104 [09:31<05:33,  4.55it/s]
em: 0.3089, f1: 0.3471, loss: 3.0947 ||:  64%|######4   | 2631/4104 [09:41<05:25,  4.53it/s]
em: 0.3091, f1: 0.3474, loss: 3.0923 ||:  65%|######5   | 2677/4104 [09:51<05:14,  4.54it/s]
em: 0.3085, f1: 0.3469, loss: 3.0966 ||:  66%|######6   | 2723/4104 [10:01<05:05,  4.51it/s]
em: 0.3083, f1: 0.3469, loss: 3.0958 ||:  67%|######7   | 2768/4104 [10:12<04:56,  4.50it/s]
em: 0.3084, f1: 0.3470, loss: 3.0981 ||:  69%|######8   | 2813/4104 [10:22<04:47,  4.49it/s]
em: 0.3087, f1: 0.3473, loss: 3.0979 ||:  70%|######9   | 2859/4104 [10:32<04:36,  4.50it/s]
em: 0.3083, f1: 0.3469, loss: 3.1038 ||:  71%|#######   | 2905/4104 [10:42<04:27,  4.49it/s]
em: 0.3084, f1: 0.3470, loss: 3.1075 ||:  72%|#######1  | 2951/4104 [10:52<04:16,  4.49it/s]
em: 0.3084, f1: 0.3470, loss: 3.1110 ||:  73%|#######3  | 2997/4104 [11:03<04:07,  4.46it/s]
em: 0.3086, f1: 0.3472, loss: 3.1099 ||:  74%|#######4  | 3041/4104 [11:13<03:59,  4.44it/s]
em: 0.3087, f1: 0.3473, loss: 3.1071 ||:  75%|#######5  | 3087/4104 [11:23<03:46,  4.48it/s]
em: 0.3089, f1: 0.3474, loss: 3.1067 ||:  76%|#######6  | 3133/4104 [11:33<03:36,  4.49it/s]
em: 0.3094, f1: 0.3478, loss: 3.1036 ||:  77%|#######7  | 3179/4104 [11:43<03:25,  4.50it/s]
em: 0.3098, f1: 0.3482, loss: 3.1004 ||:  79%|#######8  | 3225/4104 [11:53<03:14,  4.51it/s]
em: 0.3096, f1: 0.3479, loss: 3.1012 ||:  80%|#######9  | 3271/4104 [12:03<03:04,  4.53it/s]
em: 0.3099, f1: 0.3481, loss: 3.0985 ||:  81%|########  | 3317/4104 [12:14<02:53,  4.53it/s]
em: 0.3101, f1: 0.3483, loss: 3.0953 ||:  82%|########1 | 3364/4104 [12:24<02:42,  4.55it/s]
em: 0.3102, f1: 0.3484, loss: 3.0965 ||:  83%|########3 | 3411/4104 [12:34<02:33,  4.53it/s]
em: 0.3105, f1: 0.3486, loss: 3.0975 ||:  84%|########4 | 3456/4104 [12:44<02:23,  4.50it/s]
em: 0.3106, f1: 0.3488, loss: 3.0968 ||:  85%|########5 | 3501/4104 [12:54<02:13,  4.50it/s]
em: 0.3106, f1: 0.3489, loss: 3.0965 ||:  86%|########6 | 3547/4104 [13:05<02:03,  4.51it/s]
em: 0.3107, f1: 0.3490, loss: 3.0968 ||:  88%|########7 | 3593/4104 [13:15<01:53,  4.52it/s]
em: 0.3109, f1: 0.3492, loss: 3.0965 ||:  89%|########8 | 3639/4104 [13:25<01:42,  4.52it/s]
em: 0.3116, f1: 0.3500, loss: 3.0915 ||:  90%|########9 | 3685/4104 [13:35<01:32,  4.54it/s]
em: 0.3111, f1: 0.3494, loss: 3.0944 ||:  91%|######### | 3731/4104 [13:45<01:22,  4.50it/s]
em: 0.3114, f1: 0.3497, loss: 3.0940 ||:  92%|#########2| 3776/4104 [13:55<01:13,  4.49it/s]
em: 0.3112, f1: 0.3495, loss: 3.0957 ||:  93%|#########3| 3821/4104 [14:06<01:03,  4.48it/s]
em: 0.3103, f1: 0.3488, loss: 3.1017 ||:  94%|#########4| 3866/4104 [14:16<00:53,  4.48it/s]
em: 0.3095, f1: 0.3481, loss: 3.1090 ||:  95%|#########5| 3912/4104 [14:26<00:42,  4.52it/s]
em: 0.3080, f1: 0.3466, loss: 3.1207 ||:  96%|#########6| 3958/4104 [14:36<00:32,  4.51it/s]
em: 0.3066, f1: 0.3452, loss: 3.1317 ||:  98%|#########7| 4004/4104 [14:46<00:22,  4.52it/s]
em: 0.3051, f1: 0.3438, loss: 3.1407 ||:  99%|#########8| 4050/4104 [14:56<00:11,  4.51it/s]
em: 0.3038, f1: 0.3426, loss: 3.1508 ||: 100%|#########9| 4097/4104 [15:06<00:01,  4.56it/s]
em: 0.3019, f1: 0.3408, loss: 3.1622 ||: : 4144it [15:17,  4.48it/s]                        
em: 0.3014, f1: 0.3403, loss: 3.1654 ||: : 4158it [15:20,  4.52it/s]

  0%|          | 0/596 [00:00<?, ?it/s]
em: 0.3622, f1: 0.3875, loss: 1600879.4515 ||:  19%|#9        | 114/596 [00:10<00:42, 11.30it/s]
em: 0.3530, f1: 0.3796, loss: 1596918.6900 ||:  38%|###8      | 227/596 [00:20<00:32, 11.23it/s]
em: 0.3533, f1: 0.3771, loss: 1555105.9902 ||:  57%|#####6    | 338/596 [00:30<00:23, 11.18it/s]
em: 0.3509, f1: 0.3758, loss: 1496383.3341 ||:  75%|#######5  | 449/596 [00:40<00:13, 11.01it/s]
em: 0.3226, f1: 0.3473, loss: 1936851.3060 ||:  97%|#########6| 576/596 [00:50<00:01, 11.46it/s]
em: 0.3138, f1: 0.3388, loss: 1952609.9780 ||: : 604it [00:53, 11.26it/s]                       

  0%|          | 0/4104 [00:00<?, ?it/s]
em: 0.3357, f1: 0.3665, loss: 2.8958 ||:   1%|1         | 45/4104 [00:10<15:10,  4.46it/s]
em: 0.3306, f1: 0.3597, loss: 2.9355 ||:   2%|2         | 91/4104 [00:20<14:55,  4.48it/s]
em: 0.3213, f1: 0.3524, loss: 3.0098 ||:   3%|3         | 137/4104 [00:30<14:43,  4.49it/s]
em: 0.3248, f1: 0.3584, loss: 2.9939 ||:   4%|4         | 183/4104 [00:40<14:28,  4.52it/s]
em: 0.3288, f1: 0.3641, loss: 2.9476 ||:   6%|5         | 229/4104 [00:50<14:21,  4.50it/s]
em: 0.3298, f1: 0.3664, loss: 2.9644 ||:   7%|6         | 276/4104 [01:00<14:03,  4.54it/s]
em: 0.3275, f1: 0.3636, loss: 3.0012 ||:   8%|7         | 323/4104 [01:11<13:58,  4.51it/s]
em: 0.3233, f1: 0.3603, loss: 3.0184 ||:   9%|8         | 368/4104 [01:21<13:55,  4.47it/s]
em: 0.3190, f1: 0.3559, loss: 3.0263 ||:  10%|#         | 414/4104 [01:31<13:41,  4.49it/s]
em: 0.3199, f1: 0.3566, loss: 3.0288 ||:  11%|#1        | 460/4104 [01:42<13:30,  4.50it/s]
em: 0.3238, f1: 0.3603, loss: 3.0319 ||:  12%|#2        | 507/4104 [01:52<13:13,  4.53it/s]
em: 0.3237, f1: 0.3603, loss: 3.0068 ||:  13%|#3        | 554/4104 [02:02<13:02,  4.54it/s]
em: 0.3253, f1: 0.3623, loss: 2.9953 ||:  15%|#4        | 600/4104 [02:12<12:52,  4.54it/s]
em: 0.3233, f1: 0.3606, loss: 2.9977 ||:  16%|#5        | 646/4104 [02:23<12:46,  4.51it/s]
em: 0.3234, f1: 0.3604, loss: 2.9961 ||:  17%|#6        | 692/4104 [02:33<12:35,  4.52it/s]
em: 0.3236, f1: 0.3608, loss: 2.9917 ||:  18%|#7        | 738/4104 [02:43<12:20,  4.54it/s]
em: 0.3242, f1: 0.3616, loss: 2.9815 ||:  19%|#9        | 784/4104 [02:53<12:15,  4.51it/s]
em: 0.3227, f1: 0.3608, loss: 2.9964 ||:  20%|##        | 831/4104 [03:03<11:59,  4.55it/s]
em: 0.3216, f1: 0.3597, loss: 3.0104 ||:  21%|##1       | 878/4104 [03:14<11:53,  4.52it/s]
em: 0.3224, f1: 0.3606, loss: 3.0146 ||:  23%|##2       | 924/4104 [03:24<11:42,  4.53it/s]
em: 0.3229, f1: 0.3610, loss: 3.0027 ||:  24%|##3       | 970/4104 [03:34<11:32,  4.52it/s]
em: 0.3228, f1: 0.3610, loss: 3.0092 ||:  25%|##4       | 1017/4104 [03:44<11:17,  4.56it/s]
em: 0.3220, f1: 0.3599, loss: 3.0178 ||:  26%|##5       | 1064/4104 [03:55<11:09,  4.54it/s]
em: 0.3215, f1: 0.3595, loss: 3.0293 ||:  27%|##7       | 1110/4104 [04:05<11:04,  4.51it/s]
em: 0.3217, f1: 0.3596, loss: 3.0282 ||:  28%|##8       | 1156/4104 [04:15<10:53,  4.51it/s]
em: 0.3217, f1: 0.3594, loss: 3.0282 ||:  29%|##9       | 1202/4104 [04:25<10:41,  4.52it/s]
em: 0.3223, f1: 0.3596, loss: 3.0327 ||:  30%|###       | 1248/4104 [04:35<10:29,  4.53it/s]
em: 0.3227, f1: 0.3601, loss: 3.0318 ||:  32%|###1      | 1294/4104 [04:46<10:22,  4.52it/s]
em: 0.3224, f1: 0.3601, loss: 3.0343 ||:  33%|###2      | 1340/4104 [04:56<10:10,  4.53it/s]
em: 0.3212, f1: 0.3591, loss: 3.0350 ||:  34%|###3      | 1386/4104 [05:06<10:03,  4.50it/s]
em: 0.3224, f1: 0.3603, loss: 3.0318 ||:  35%|###4      | 1431/4104 [05:16<09:55,  4.49it/s]
em: 0.3225, f1: 0.3602, loss: 3.0285 ||:  36%|###5      | 1476/4104 [05:26<09:48,  4.46it/s]
em: 0.3226, f1: 0.3605, loss: 3.0296 ||:  37%|###7      | 1521/4104 [05:36<09:38,  4.47it/s]
em: 0.3229, f1: 0.3605, loss: 3.0284 ||:  38%|###8      | 1568/4104 [05:47<09:22,  4.51it/s]
em: 0.3224, f1: 0.3600, loss: 3.0331 ||:  39%|###9      | 1614/4104 [05:57<09:09,  4.53it/s]
em: 0.3217, f1: 0.3594, loss: 3.0383 ||:  40%|####      | 1660/4104 [06:07<09:00,  4.52it/s]
em: 0.3226, f1: 0.3602, loss: 3.0325 ||:  42%|####1     | 1707/4104 [06:17<08:47,  4.55it/s]
em: 0.3224, f1: 0.3600, loss: 3.0318 ||:  43%|####2     | 1754/4104 [06:28<08:38,  4.53it/s]
em: 0.3213, f1: 0.3590, loss: 3.0345 ||:  44%|####3     | 1800/4104 [06:38<08:27,  4.54it/s]
em: 0.3216, f1: 0.3593, loss: 3.0347 ||:  45%|####4     | 1846/4104 [06:48<08:16,  4.55it/s]
em: 0.3222, f1: 0.3601, loss: 3.0314 ||:  46%|####6     | 1892/4104 [06:58<08:05,  4.56it/s]
em: 0.3219, f1: 0.3597, loss: 3.0284 ||:  47%|####7     | 1938/4104 [07:08<07:59,  4.52it/s]
em: 0.3215, f1: 0.3594, loss: 3.0300 ||:  48%|####8     | 1983/4104 [07:18<07:52,  4.49it/s]
em: 0.3215, f1: 0.3592, loss: 3.0298 ||:  49%|####9     | 2029/4104 [07:29<07:40,  4.51it/s]
em: 0.3209, f1: 0.3589, loss: 3.0311 ||:  51%|#####     | 2075/4104 [07:39<07:31,  4.49it/s]
em: 0.3207, f1: 0.3586, loss: 3.0360 ||:  52%|#####1    | 2120/4104 [07:49<07:22,  4.48it/s]
em: 0.3212, f1: 0.3592, loss: 3.0326 ||:  53%|#####2    | 2165/4104 [07:59<07:14,  4.46it/s]
em: 0.3218, f1: 0.3598, loss: 3.0264 ||:  54%|#####3    | 2212/4104 [08:09<06:59,  4.51it/s]
em: 0.3221, f1: 0.3599, loss: 3.0229 ||:  55%|#####5    | 2259/4104 [08:19<06:46,  4.54it/s]
em: 0.3219, f1: 0.3596, loss: 3.0231 ||:  56%|#####6    | 2306/4104 [08:30<06:36,  4.53it/s]
em: 0.3214, f1: 0.3591, loss: 3.0211 ||:  57%|#####7    | 2352/4104 [08:40<06:26,  4.53it/s]
em: 0.3215, f1: 0.3593, loss: 3.0232 ||:  58%|#####8    | 2398/4104 [08:50<06:17,  4.52it/s]
em: 0.3206, f1: 0.3585, loss: 3.0261 ||:  60%|#####9    | 2444/4104 [09:00<06:07,  4.52it/s]
em: 0.3206, f1: 0.3586, loss: 3.0282 ||:  61%|######    | 2491/4104 [09:10<05:53,  4.57it/s]
em: 0.3212, f1: 0.3592, loss: 3.0252 ||:  62%|######1   | 2538/4104 [09:21<05:42,  4.57it/s]
em: 0.3217, f1: 0.3596, loss: 3.0217 ||:  63%|######2   | 2584/4104 [09:31<05:33,  4.55it/s]
em: 0.3221, f1: 0.3600, loss: 3.0201 ||:  64%|######4   | 2630/4104 [09:41<05:24,  4.54it/s]
em: 0.3220, f1: 0.3598, loss: 3.0194 ||:  65%|######5   | 2676/4104 [09:52<05:17,  4.50it/s]
em: 0.3216, f1: 0.3595, loss: 3.0233 ||:  66%|######6   | 2722/4104 [10:02<05:06,  4.51it/s]
em: 0.3218, f1: 0.3597, loss: 3.0214 ||:  67%|######7   | 2768/4104 [10:12<04:57,  4.49it/s]
em: 0.3218, f1: 0.3597, loss: 3.0246 ||:  69%|######8   | 2813/4104 [10:22<04:47,  4.49it/s]
em: 0.3217, f1: 0.3595, loss: 3.0243 ||:  70%|######9   | 2858/4104 [10:32<04:37,  4.49it/s]
em: 0.3215, f1: 0.3592, loss: 3.0280 ||:  71%|#######   | 2903/4104 [10:42<04:27,  4.49it/s]
em: 0.3218, f1: 0.3594, loss: 3.0316 ||:  72%|#######1  | 2949/4104 [10:52<04:16,  4.50it/s]
em: 0.3219, f1: 0.3596, loss: 3.0347 ||:  73%|#######2  | 2995/4104 [11:03<04:08,  4.47it/s]
em: 0.3223, f1: 0.3601, loss: 3.0333 ||:  74%|#######4  | 3040/4104 [11:13<03:58,  4.46it/s]
em: 0.3225, f1: 0.3602, loss: 3.0325 ||:  75%|#######5  | 3085/4104 [11:23<03:49,  4.45it/s]
em: 0.3229, f1: 0.3606, loss: 3.0291 ||:  76%|#######6  | 3131/4104 [11:33<03:37,  4.48it/s]
em: 0.3234, f1: 0.3611, loss: 3.0277 ||:  77%|#######7  | 3177/4104 [11:43<03:26,  4.48it/s]
em: 0.3237, f1: 0.3613, loss: 3.0248 ||:  79%|#######8  | 3224/4104 [11:54<03:14,  4.52it/s]
em: 0.3237, f1: 0.3613, loss: 3.0243 ||:  80%|#######9  | 3271/4104 [12:04<03:04,  4.51it/s]
em: 0.3241, f1: 0.3617, loss: 3.0218 ||:  81%|########  | 3318/4104 [12:14<02:53,  4.54it/s]
em: 0.3244, f1: 0.3618, loss: 3.0196 ||:  82%|########1 | 3365/4104 [12:25<02:42,  4.54it/s]
em: 0.3241, f1: 0.3616, loss: 3.0207 ||:  83%|########3 | 3411/4104 [12:35<02:33,  4.52it/s]
em: 0.3240, f1: 0.3616, loss: 3.0214 ||:  84%|########4 | 3456/4104 [12:45<02:24,  4.48it/s]
em: 0.3245, f1: 0.3622, loss: 3.0193 ||:  85%|########5 | 3502/4104 [12:55<02:13,  4.51it/s]
em: 0.3248, f1: 0.3625, loss: 3.0196 ||:  86%|########6 | 3548/4104 [13:05<02:03,  4.50it/s]
em: 0.3247, f1: 0.3624, loss: 3.0222 ||:  88%|########7 | 3594/4104 [13:16<01:53,  4.51it/s]
em: 0.3245, f1: 0.3621, loss: 3.0216 ||:  89%|########8 | 3640/4104 [13:26<01:42,  4.53it/s]
em: 0.3253, f1: 0.3630, loss: 3.0166 ||:  90%|########9 | 3686/4104 [13:36<01:32,  4.52it/s]
em: 0.3249, f1: 0.3626, loss: 3.0188 ||:  91%|######### | 3731/4104 [13:46<01:22,  4.50it/s]
em: 0.3253, f1: 0.3629, loss: 3.0187 ||:  92%|#########2| 3776/4104 [13:56<01:13,  4.47it/s]
em: 0.3249, f1: 0.3625, loss: 3.0211 ||:  93%|#########3| 3821/4104 [14:06<01:03,  4.46it/s]
em: 0.3237, f1: 0.3615, loss: 3.0276 ||:  94%|#########4| 3867/4104 [14:17<00:52,  4.47it/s]
em: 0.3228, f1: 0.3608, loss: 3.0346 ||:  95%|#########5| 3914/4104 [14:27<00:42,  4.52it/s]
em: 0.3212, f1: 0.3593, loss: 3.0453 ||:  97%|#########6| 3961/4104 [14:37<00:31,  4.49it/s]
em: 0.3198, f1: 0.3579, loss: 3.0550 ||:  98%|#########7| 4007/4104 [14:48<00:21,  4.50it/s]
em: 0.3180, f1: 0.3562, loss: 3.0651 ||:  99%|#########8| 4053/4104 [14:58<00:11,  4.52it/s]
em: 0.3165, f1: 0.3548, loss: 3.0748 ||: 100%|#########9| 4100/4104 [15:08<00:00,  4.56it/s]
em: 0.3148, f1: 0.3531, loss: 3.0851 ||: : 4147it [15:18,  4.50it/s]                        
em: 0.3145, f1: 0.3527, loss: 3.0874 ||: : 4158it [15:21,  4.51it/s]

  0%|          | 0/596 [00:00<?, ?it/s]
em: 0.3672, f1: 0.3929, loss: 1600879.4171 ||:  19%|#9        | 114/596 [00:10<00:42, 11.32it/s]
em: 0.3575, f1: 0.3847, loss: 1611844.4583 ||:  38%|###8      | 228/596 [00:20<00:32, 11.25it/s]
em: 0.3573, f1: 0.3820, loss: 1550518.6373 ||:  57%|#####6    | 339/596 [00:30<00:22, 11.18it/s]
em: 0.3574, f1: 0.3829, loss: 1498613.5616 ||:  76%|#######5  | 450/596 [00:40<00:13, 11.04it/s]
em: 0.3291, f1: 0.3544, loss: 1951775.6603 ||:  97%|#########6| 578/596 [00:50<00:01, 11.50it/s]
em: 0.3210, f1: 0.3469, loss: 1954679.4812 ||: : 604it [00:53, 11.29it/s]                       

  0%|          | 0/4104 [00:00<?, ?it/s]
em: 0.3580, f1: 0.3942, loss: 2.7361 ||:   1%|1         | 45/4104 [00:10<15:09,  4.46it/s]
em: 0.3570, f1: 0.3939, loss: 2.8362 ||:   2%|2         | 92/4104 [00:20<14:48,  4.52it/s]
em: 0.3472, f1: 0.3848, loss: 2.9369 ||:   3%|3         | 139/4104 [00:30<14:42,  4.49it/s]
em: 0.3455, f1: 0.3844, loss: 2.9041 ||:   5%|4         | 185/4104 [00:40<14:28,  4.51it/s]
em: 0.3457, f1: 0.3856, loss: 2.8733 ||:   6%|5         | 231/4104 [00:51<14:20,  4.50it/s]
em: 0.3351, f1: 0.3765, loss: 2.9138 ||:   7%|6         | 278/4104 [01:01<14:01,  4.55it/s]
em: 0.3329, f1: 0.3731, loss: 2.9468 ||:   8%|7         | 325/4104 [01:11<13:58,  4.51it/s]
em: 0.3262, f1: 0.3671, loss: 2.9641 ||:   9%|9         | 370/4104 [01:21<13:50,  4.50it/s]
em: 0.3249, f1: 0.3658, loss: 2.9734 ||:  10%|#         | 415/4104 [01:31<13:40,  4.50it/s]
em: 0.3260, f1: 0.3668, loss: 2.9676 ||:  11%|#1        | 461/4104 [01:42<13:26,  4.52it/s]
em: 0.3290, f1: 0.3698, loss: 2.9699 ||:  12%|#2        | 508/4104 [01:52<13:11,  4.54it/s]
em: 0.3324, f1: 0.3729, loss: 2.9413 ||:  14%|#3        | 555/4104 [02:02<13:04,  4.52it/s]
em: 0.3362, f1: 0.3768, loss: 2.9276 ||:  15%|#4        | 601/4104 [02:12<12:51,  4.54it/s]
em: 0.3369, f1: 0.3770, loss: 2.9334 ||:  16%|#5        | 647/4104 [02:23<12:49,  4.49it/s]
em: 0.3366, f1: 0.3763, loss: 2.9175 ||:  17%|#6        | 694/4104 [02:33<12:32,  4.53it/s]
em: 0.3345, f1: 0.3746, loss: 2.9178 ||:  18%|#8        | 741/4104 [02:43<12:20,  4.54it/s]
em: 0.3359, f1: 0.3761, loss: 2.9134 ||:  19%|#9        | 787/4104 [02:53<12:10,  4.54it/s]
em: 0.3353, f1: 0.3762, loss: 2.9229 ||:  20%|##        | 833/4104 [03:03<11:57,  4.56it/s]
em: 0.3343, f1: 0.3751, loss: 2.9348 ||:  21%|##1       | 879/4104 [03:14<11:51,  4.53it/s]
em: 0.3343, f1: 0.3751, loss: 2.9387 ||:  23%|##2       | 924/4104 [03:24<11:44,  4.51it/s]
em: 0.3355, f1: 0.3762, loss: 2.9243 ||:  24%|##3       | 970/4104 [03:34<11:30,  4.54it/s]
em: 0.3358, f1: 0.3764, loss: 2.9311 ||:  25%|##4       | 1016/4104 [03:44<11:20,  4.54it/s]
em: 0.3349, f1: 0.3753, loss: 2.9426 ||:  26%|##5       | 1062/4104 [03:54<11:08,  4.55it/s]
em: 0.3338, f1: 0.3742, loss: 2.9533 ||:  27%|##6       | 1108/4104 [04:04<11:04,  4.51it/s]
em: 0.3341, f1: 0.3745, loss: 2.9555 ||:  28%|##8       | 1154/4104 [04:14<10:51,  4.53it/s]
em: 0.3354, f1: 0.3754, loss: 2.9554 ||:  29%|##9       | 1200/4104 [04:25<10:43,  4.51it/s]
em: 0.3350, f1: 0.3747, loss: 2.9570 ||:  30%|###       | 1246/4104 [04:35<10:33,  4.51it/s]
em: 0.3350, f1: 0.3746, loss: 2.9550 ||:  31%|###1      | 1292/4104 [04:45<10:20,  4.53it/s]
em: 0.3344, f1: 0.3744, loss: 2.9560 ||:  33%|###2      | 1338/4104 [04:55<10:11,  4.52it/s]
em: 0.3339, f1: 0.3740, loss: 2.9567 ||:  34%|###3      | 1383/4104 [05:05<10:03,  4.51it/s]
em: 0.3337, f1: 0.3737, loss: 2.9585 ||:  35%|###4      | 1428/4104 [05:15<09:56,  4.49it/s]
em: 0.3340, f1: 0.3742, loss: 2.9513 ||:  36%|###5      | 1473/4104 [05:26<09:50,  4.46it/s]
em: 0.3347, f1: 0.3747, loss: 2.9534 ||:  37%|###6      | 1518/4104 [05:36<09:39,  4.46it/s]
em: 0.3354, f1: 0.3751, loss: 2.9537 ||:  38%|###8      | 1564/4104 [05:46<09:24,  4.50it/s]
em: 0.3348, f1: 0.3745, loss: 2.9574 ||:  39%|###9      | 1610/4104 [05:56<09:11,  4.53it/s]
em: 0.3339, f1: 0.3733, loss: 2.9606 ||:  40%|####      | 1656/4104 [06:06<09:00,  4.53it/s]
em: 0.3345, f1: 0.3740, loss: 2.9576 ||:  41%|####1     | 1703/4104 [06:16<08:46,  4.56it/s]
em: 0.3341, f1: 0.3735, loss: 2.9561 ||:  43%|####2     | 1750/4104 [06:26<08:38,  4.54it/s]
em: 0.3336, f1: 0.3729, loss: 2.9578 ||:  44%|####3     | 1796/4104 [06:37<08:30,  4.53it/s]
em: 0.3330, f1: 0.3723, loss: 2.9608 ||:  45%|####4     | 1842/4104 [06:47<08:18,  4.54it/s]
em: 0.3332, f1: 0.3726, loss: 2.9601 ||:  46%|####6     | 1889/4104 [06:57<08:05,  4.56it/s]
em: 0.3330, f1: 0.3724, loss: 2.9556 ||:  47%|####7     | 1936/4104 [07:08<07:59,  4.52it/s]
em: 0.3326, f1: 0.3721, loss: 2.9558 ||:  48%|####8     | 1981/4104 [07:18<07:50,  4.51it/s]
em: 0.3321, f1: 0.3718, loss: 2.9567 ||:  49%|####9     | 2026/4104 [07:28<07:41,  4.51it/s]
em: 0.3325, f1: 0.3721, loss: 2.9571 ||:  50%|#####     | 2072/4104 [07:38<07:30,  4.51it/s]
em: 0.3318, f1: 0.3716, loss: 2.9595 ||:  52%|#####1    | 2118/4104 [07:48<07:23,  4.48it/s]
em: 0.3320, f1: 0.3717, loss: 2.9605 ||:  53%|#####2    | 2163/4104 [07:58<07:13,  4.48it/s]
em: 0.3326, f1: 0.3722, loss: 2.9548 ||:  54%|#####3    | 2209/4104 [08:08<06:59,  4.51it/s]
em: 0.3333, f1: 0.3728, loss: 2.9514 ||:  55%|#####4    | 2256/4104 [08:18<06:45,  4.56it/s]
em: 0.3331, f1: 0.3725, loss: 2.9509 ||:  56%|#####6    | 2303/4104 [08:29<06:36,  4.54it/s]
em: 0.3329, f1: 0.3722, loss: 2.9487 ||:  57%|#####7    | 2349/4104 [08:39<06:26,  4.54it/s]
em: 0.3330, f1: 0.3725, loss: 2.9518 ||:  58%|#####8    | 2395/4104 [08:49<06:16,  4.54it/s]
em: 0.3331, f1: 0.3725, loss: 2.9554 ||:  59%|#####9    | 2441/4104 [08:59<06:05,  4.55it/s]
em: 0.3332, f1: 0.3726, loss: 2.9536 ||:  61%|######    | 2487/4104 [09:09<05:54,  4.56it/s]
em: 0.3337, f1: 0.3729, loss: 2.9560 ||:  62%|######1   | 2533/4104 [09:19<05:45,  4.55it/s]
em: 0.3345, f1: 0.3737, loss: 2.9518 ||:  63%|######2   | 2580/4104 [09:29<05:32,  4.58it/s]
em: 0.3344, f1: 0.3735, loss: 2.9506 ||:  64%|######4   | 2627/4104 [09:40<05:24,  4.56it/s]
em: 0.3344, f1: 0.3734, loss: 2.9497 ||:  65%|######5   | 2673/4104 [09:50<05:14,  4.55it/s]
em: 0.3340, f1: 0.3732, loss: 2.9513 ||:  66%|######6   | 2719/4104 [10:00<05:07,  4.51it/s]
em: 0.3342, f1: 0.3735, loss: 2.9492 ||:  67%|######7   | 2764/4104 [10:10<04:57,  4.51it/s]
em: 0.3343, f1: 0.3736, loss: 2.9505 ||:  68%|######8   | 2809/4104 [10:20<04:47,  4.50it/s]
em: 0.3344, f1: 0.3736, loss: 2.9523 ||:  70%|######9   | 2855/4104 [10:30<04:36,  4.52it/s]
em: 0.3340, f1: 0.3733, loss: 2.9572 ||:  71%|#######   | 2901/4104 [10:41<04:28,  4.48it/s]
em: 0.3341, f1: 0.3734, loss: 2.9585 ||:  72%|#######1  | 2948/4104 [10:51<04:15,  4.52it/s]
em: 0.3341, f1: 0.3733, loss: 2.9616 ||:  73%|#######2  | 2995/4104 [11:02<04:08,  4.47it/s]
em: 0.3338, f1: 0.3731, loss: 2.9621 ||:  74%|#######4  | 3040/4104 [11:12<03:57,  4.47it/s]
em: 0.3337, f1: 0.3729, loss: 2.9604 ||:  75%|#######5  | 3085/4104 [11:22<03:47,  4.48it/s]
em: 0.3340, f1: 0.3733, loss: 2.9579 ||:  76%|#######6  | 3131/4104 [11:32<03:36,  4.50it/s]
em: 0.3341, f1: 0.3733, loss: 2.9563 ||:  77%|#######7  | 3177/4104 [11:42<03:25,  4.50it/s]
em: 0.3343, f1: 0.3734, loss: 2.9544 ||:  79%|#######8  | 3223/4104 [11:52<03:14,  4.52it/s]
em: 0.3343, f1: 0.3734, loss: 2.9538 ||:  80%|#######9  | 3269/4104 [12:02<03:04,  4.54it/s]
em: 0.3351, f1: 0.3739, loss: 2.9522 ||:  81%|########  | 3316/4104 [12:13<02:52,  4.56it/s]
em: 0.3352, f1: 0.3740, loss: 2.9506 ||:  82%|########1 | 3363/4104 [12:23<02:42,  4.55it/s]
em: 0.3351, f1: 0.3739, loss: 2.9514 ||:  83%|########3 | 3409/4104 [12:33<02:33,  4.53it/s]
em: 0.3352, f1: 0.3741, loss: 2.9519 ||:  84%|########4 | 3455/4104 [12:43<02:23,  4.52it/s]
em: 0.3353, f1: 0.3743, loss: 2.9517 ||:  85%|########5 | 3500/4104 [12:54<02:14,  4.50it/s]
em: 0.3355, f1: 0.3744, loss: 2.9516 ||:  86%|########6 | 3546/4104 [13:04<02:03,  4.53it/s]
em: 0.3354, f1: 0.3743, loss: 2.9524 ||:  88%|########7 | 3593/4104 [13:14<01:52,  4.55it/s]
em: 0.3352, f1: 0.3741, loss: 2.9542 ||:  89%|########8 | 3639/4104 [13:24<01:42,  4.52it/s]
em: 0.3357, f1: 0.3746, loss: 2.9490 ||:  90%|########9 | 3686/4104 [13:34<01:31,  4.55it/s]
em: 0.3356, f1: 0.3744, loss: 2.9503 ||:  91%|######### | 3733/4104 [13:45<01:22,  4.51it/s]
em: 0.3359, f1: 0.3748, loss: 2.9498 ||:  92%|#########2| 3778/4104 [13:55<01:12,  4.50it/s]
em: 0.3355, f1: 0.3744, loss: 2.9528 ||:  93%|#########3| 3823/4104 [14:05<01:02,  4.47it/s]
em: 0.3347, f1: 0.3737, loss: 2.9586 ||:  94%|#########4| 3868/4104 [14:15<00:52,  4.47it/s]
em: 0.3340, f1: 0.3732, loss: 2.9649 ||:  95%|#########5| 3915/4104 [14:26<00:42,  4.49it/s]
em: 0.3322, f1: 0.3715, loss: 2.9762 ||:  97%|#########6| 3961/4104 [14:36<00:31,  4.49it/s]
em: 0.3307, f1: 0.3701, loss: 2.9855 ||:  98%|#########7| 4008/4104 [14:46<00:21,  4.53it/s]
em: 0.3290, f1: 0.3684, loss: 2.9965 ||:  99%|#########8| 4055/4104 [14:56<00:10,  4.54it/s]
em: 0.3273, f1: 0.3668, loss: 3.0058 ||: 100%|#########9| 4101/4104 [15:06<00:00,  4.56it/s]
em: 0.3256, f1: 0.3651, loss: 3.0167 ||: : 4147it [15:17,  4.49it/s]                        
em: 0.3254, f1: 0.3649, loss: 3.0179 ||: : 4158it [15:19,  4.52it/s]

  0%|          | 0/596 [00:00<?, ?it/s]
em: 0.3728, f1: 0.3975, loss: 1600879.3920 ||:  19%|#9        | 114/596 [00:10<00:42, 11.31it/s]
em: 0.3636, f1: 0.3909, loss: 1611844.4396 ||:  38%|###8      | 228/596 [00:20<00:32, 11.28it/s]
em: 0.3622, f1: 0.3879, loss: 1548756.0546 ||:  57%|#####7    | 341/596 [00:30<00:22, 11.14it/s]
em: 0.3641, f1: 0.3909, loss: 1496676.4909 ||:  76%|#######5  | 451/596 [00:40<00:13, 11.09it/s]
em: 0.3345, f1: 0.3616, loss: 1959053.9984 ||:  97%|#########7| 580/596 [00:50<00:01, 11.56it/s]
em: 0.3273, f1: 0.3546, loss: 1953644.6847 ||: : 604it [00:53, 11.33it/s]                       

  0%|          | 0/4104 [00:00<?, ?it/s]
em: 0.3680, f1: 0.4048, loss: 2.5951 ||:   1%|1         | 45/4104 [00:10<15:15,  4.43it/s]
em: 0.3557, f1: 0.3903, loss: 2.7910 ||:   2%|2         | 92/4104 [00:20<14:53,  4.49it/s]
em: 0.3485, f1: 0.3857, loss: 2.8384 ||:   3%|3         | 139/4104 [00:30<14:44,  4.48it/s]
em: 0.3514, f1: 0.3886, loss: 2.8376 ||:   5%|4         | 185/4104 [00:40<14:28,  4.51it/s]
em: 0.3588, f1: 0.3968, loss: 2.7854 ||:   6%|5         | 231/4104 [00:51<14:17,  4.52it/s]
em: 0.3535, f1: 0.3921, loss: 2.8295 ||:   7%|6         | 277/4104 [01:01<14:09,  4.51it/s]
em: 0.3445, f1: 0.3833, loss: 2.8822 ||:   8%|7         | 322/4104 [01:11<14:04,  4.48it/s]
em: 0.3419, f1: 0.3812, loss: 2.8856 ||:   9%|8         | 367/4104 [01:21<13:55,  4.47it/s]
em: 0.3377, f1: 0.3773, loss: 2.9002 ||:  10%|#         | 413/4104 [01:31<13:41,  4.49it/s]
em: 0.3400, f1: 0.3802, loss: 2.8942 ||:  11%|#1        | 459/4104 [01:41<13:27,  4.51it/s]
em: 0.3427, f1: 0.3829, loss: 2.8881 ||:  12%|#2        | 506/4104 [01:51<13:10,  4.55it/s]
em: 0.3430, f1: 0.3833, loss: 2.8599 ||:  13%|#3        | 553/4104 [02:02<13:00,  4.55it/s]
em: 0.3442, f1: 0.3842, loss: 2.8646 ||:  15%|#4        | 599/4104 [02:12<12:54,  4.53it/s]
em: 0.3447, f1: 0.3842, loss: 2.8598 ||:  16%|#5        | 644/4104 [02:22<12:48,  4.50it/s]
em: 0.3443, f1: 0.3834, loss: 2.8517 ||:  17%|#6        | 690/4104 [02:32<12:35,  4.52it/s]
em: 0.3447, f1: 0.3843, loss: 2.8527 ||:  18%|#7        | 737/4104 [02:42<12:21,  4.54it/s]
em: 0.3465, f1: 0.3859, loss: 2.8427 ||:  19%|#9        | 784/4104 [02:53<12:12,  4.53it/s]
em: 0.3445, f1: 0.3849, loss: 2.8559 ||:  20%|##        | 830/4104 [03:03<11:59,  4.55it/s]
em: 0.3443, f1: 0.3847, loss: 2.8665 ||:  21%|##1       | 876/4104 [03:13<11:53,  4.52it/s]
em: 0.3443, f1: 0.3849, loss: 2.8667 ||:  22%|##2       | 922/4104 [03:23<11:44,  4.52it/s]
em: 0.3457, f1: 0.3859, loss: 2.8602 ||:  24%|##3       | 968/4104 [03:34<11:33,  4.52it/s]
em: 0.3474, f1: 0.3874, loss: 2.8586 ||:  25%|##4       | 1014/4104 [03:44<11:20,  4.54it/s]
em: 0.3467, f1: 0.3870, loss: 2.8682 ||:  26%|##5       | 1060/4104 [03:54<11:12,  4.52it/s]
em: 0.3453, f1: 0.3858, loss: 2.8762 ||:  27%|##6       | 1106/4104 [04:04<11:03,  4.52it/s]
em: 0.3449, f1: 0.3855, loss: 2.8795 ||:  28%|##8       | 1152/4104 [04:14<10:54,  4.51it/s]
em: 0.3450, f1: 0.3852, loss: 2.8801 ||:  29%|##9       | 1198/4104 [04:25<10:44,  4.51it/s]
em: 0.3448, f1: 0.3847, loss: 2.8834 ||:  30%|###       | 1244/4104 [04:35<10:33,  4.52it/s]
em: 0.3448, f1: 0.3846, loss: 2.8823 ||:  31%|###1      | 1290/4104 [04:45<10:22,  4.52it/s]
em: 0.3444, f1: 0.3845, loss: 2.8867 ||:  33%|###2      | 1336/4104 [04:55<10:11,  4.52it/s]
em: 0.3443, f1: 0.3845, loss: 2.8883 ||:  34%|###3      | 1382/4104 [05:05<10:04,  4.50it/s]
em: 0.3449, f1: 0.3850, loss: 2.8837 ||:  35%|###4      | 1427/4104 [05:15<09:55,  4.49it/s]
em: 0.3455, f1: 0.3857, loss: 2.8866 ||:  36%|###5      | 1472/4104 [05:26<09:49,  4.47it/s]
em: 0.3453, f1: 0.3854, loss: 2.8855 ||:  37%|###6      | 1517/4104 [05:36<09:38,  4.47it/s]
em: 0.3453, f1: 0.3852, loss: 2.8865 ||:  38%|###8      | 1562/4104 [05:46<09:29,  4.46it/s]
em: 0.3447, f1: 0.3844, loss: 2.8893 ||:  39%|###9      | 1609/4104 [05:56<09:12,  4.52it/s]
em: 0.3440, f1: 0.3835, loss: 2.8934 ||:  40%|####      | 1656/4104 [06:06<09:03,  4.50it/s]
em: 0.3438, f1: 0.3832, loss: 2.8919 ||:  41%|####1     | 1703/4104 [06:17<08:49,  4.53it/s]
em: 0.3437, f1: 0.3830, loss: 2.8915 ||:  43%|####2     | 1750/4104 [06:27<08:40,  4.52it/s]
em: 0.3427, f1: 0.3824, loss: 2.8930 ||:  44%|####3     | 1795/4104 [06:37<08:31,  4.51it/s]
em: 0.3435, f1: 0.3831, loss: 2.8944 ||:  45%|####4     | 1841/4104 [06:47<08:20,  4.52it/s]
em: 0.3433, f1: 0.3830, loss: 2.8951 ||:  46%|####5     | 1887/4104 [06:57<08:08,  4.54it/s]
em: 0.3430, f1: 0.3829, loss: 2.8897 ||:  47%|####7     | 1933/4104 [07:07<07:59,  4.53it/s]
em: 0.3420, f1: 0.3820, loss: 2.8934 ||:  48%|####8     | 1979/4104 [07:18<07:52,  4.50it/s]
em: 0.3417, f1: 0.3817, loss: 2.8931 ||:  49%|####9     | 2024/4104 [07:28<07:42,  4.50it/s]
em: 0.3415, f1: 0.3817, loss: 2.8943 ||:  50%|#####     | 2069/4104 [07:38<07:34,  4.48it/s]
em: 0.3418, f1: 0.3821, loss: 2.8959 ||:  52%|#####1    | 2115/4104 [07:48<07:21,  4.50it/s]
em: 0.3416, f1: 0.3818, loss: 2.8949 ||:  53%|#####2    | 2161/4104 [07:59<07:14,  4.47it/s]
em: 0.3418, f1: 0.3823, loss: 2.8909 ||:  54%|#####3    | 2208/4104 [08:09<06:59,  4.52it/s]
em: 0.3420, f1: 0.3822, loss: 2.8862 ||:  55%|#####4    | 2255/4104 [08:19<06:45,  4.56it/s]
em: 0.3413, f1: 0.3814, loss: 2.8876 ||:  56%|#####6    | 2302/4104 [08:29<06:36,  4.54it/s]
em: 0.3413, f1: 0.3814, loss: 2.8870 ||:  57%|#####7    | 2348/4104 [08:40<06:28,  4.52it/s]
em: 0.3410, f1: 0.3811, loss: 2.8903 ||:  58%|#####8    | 2394/4104 [08:50<06:17,  4.53it/s]
em: 0.3405, f1: 0.3808, loss: 2.8929 ||:  59%|#####9    | 2440/4104 [09:00<06:10,  4.49it/s]
em: 0.3406, f1: 0.3808, loss: 2.8909 ||:  61%|######    | 2487/4104 [09:10<05:57,  4.53it/s]
em: 0.3408, f1: 0.3808, loss: 2.8920 ||:  62%|######1   | 2534/4104 [09:20<05:43,  4.58it/s]
em: 0.3412, f1: 0.3810, loss: 2.8881 ||:  63%|######2   | 2581/4104 [09:31<05:33,  4.56it/s]
em: 0.3418, f1: 0.3816, loss: 2.8873 ||:  64%|######4   | 2627/4104 [09:41<05:25,  4.54it/s]
em: 0.3417, f1: 0.3816, loss: 2.8846 ||:  65%|######5   | 2672/4104 [09:51<05:17,  4.52it/s]
em: 0.3411, f1: 0.3809, loss: 2.8903 ||:  66%|######6   | 2718/4104 [10:01<05:06,  4.52it/s]
em: 0.3411, f1: 0.3810, loss: 2.8914 ||:  67%|######7   | 2764/4104 [10:11<04:56,  4.52it/s]
em: 0.3411, f1: 0.3809, loss: 2.8928 ||:  68%|######8   | 2810/4104 [10:22<04:46,  4.51it/s]
em: 0.3410, f1: 0.3807, loss: 2.8941 ||:  70%|######9   | 2855/4104 [10:32<04:38,  4.49it/s]
em: 0.3415, f1: 0.3812, loss: 2.8971 ||:  71%|#######   | 2900/4104 [10:42<04:28,  4.49it/s]
em: 0.3416, f1: 0.3814, loss: 2.9003 ||:  72%|#######1  | 2945/4104 [10:52<04:18,  4.49it/s]
em: 0.3415, f1: 0.3813, loss: 2.9037 ||:  73%|#######2  | 2990/4104 [11:02<04:09,  4.46it/s]
em: 0.3421, f1: 0.3819, loss: 2.9023 ||:  74%|#######3  | 3035/4104 [11:12<03:59,  4.46it/s]
em: 0.3423, f1: 0.3819, loss: 2.9001 ||:  75%|#######5  | 3081/4104 [11:22<03:48,  4.48it/s]
em: 0.3425, f1: 0.3822, loss: 2.8982 ||:  76%|#######6  | 3127/4104 [11:32<03:37,  4.50it/s]
em: 0.3426, f1: 0.3822, loss: 2.8955 ||:  77%|#######7  | 3173/4104 [11:43<03:27,  4.49it/s]
em: 0.3430, f1: 0.3825, loss: 2.8947 ||:  78%|#######8  | 3219/4104 [11:53<03:15,  4.52it/s]
em: 0.3429, f1: 0.3825, loss: 2.8934 ||:  80%|#######9  | 3265/4104 [12:03<03:05,  4.52it/s]
em: 0.3431, f1: 0.3825, loss: 2.8919 ||:  81%|########  | 3312/4104 [12:13<02:53,  4.56it/s]
em: 0.3434, f1: 0.3827, loss: 2.8888 ||:  82%|########1 | 3359/4104 [12:24<02:44,  4.52it/s]
em: 0.3433, f1: 0.3825, loss: 2.8907 ||:  83%|########2 | 3405/4104 [12:34<02:34,  4.54it/s]
em: 0.3434, f1: 0.3827, loss: 2.8921 ||:  84%|########4 | 3451/4104 [12:44<02:25,  4.50it/s]
em: 0.3438, f1: 0.3831, loss: 2.8906 ||:  85%|########5 | 3497/4104 [12:54<02:14,  4.50it/s]
em: 0.3441, f1: 0.3834, loss: 2.8899 ||:  86%|########6 | 3543/4104 [13:04<02:04,  4.51it/s]
em: 0.3441, f1: 0.3834, loss: 2.8928 ||:  87%|########7 | 3589/4104 [13:15<01:54,  4.51it/s]
em: 0.3443, f1: 0.3835, loss: 2.8914 ||:  89%|########8 | 3635/4104 [13:25<01:43,  4.53it/s]
em: 0.3445, f1: 0.3838, loss: 2.8887 ||:  90%|########9 | 3681/4104 [13:35<01:33,  4.53it/s]
em: 0.3444, f1: 0.3837, loss: 2.8896 ||:  91%|######### | 3727/4104 [13:45<01:23,  4.51it/s]
em: 0.3450, f1: 0.3843, loss: 2.8888 ||:  92%|#########1| 3772/4104 [13:55<01:14,  4.48it/s]
em: 0.3447, f1: 0.3840, loss: 2.8905 ||:  93%|#########3| 3817/4104 [14:05<01:04,  4.48it/s]
em: 0.3438, f1: 0.3833, loss: 2.8963 ||:  94%|#########4| 3862/4104 [14:16<00:54,  4.46it/s]
em: 0.3431, f1: 0.3827, loss: 2.9036 ||:  95%|#########5| 3909/4104 [14:26<00:43,  4.52it/s]
em: 0.3412, f1: 0.3810, loss: 2.9145 ||:  96%|#########6| 3956/4104 [14:36<00:32,  4.49it/s]
em: 0.3397, f1: 0.3795, loss: 2.9238 ||:  98%|#########7| 4002/4104 [14:46<00:22,  4.51it/s]
em: 0.3377, f1: 0.3776, loss: 2.9347 ||:  99%|#########8| 4048/4104 [14:56<00:12,  4.52it/s]
em: 0.3362, f1: 0.3761, loss: 2.9428 ||: 100%|#########9| 4095/4104 [15:07<00:01,  4.56it/s]
em: 0.3344, f1: 0.3742, loss: 2.9534 ||: : 4142it [15:17,  4.49it/s]                        
em: 0.3337, f1: 0.3737, loss: 2.9560 ||: : 4158it [15:21,  4.51it/s]

  0%|          | 0/596 [00:00<?, ?it/s]
em: 0.3844, f1: 0.4088, loss: 1600879.3668 ||:  19%|#9        | 114/596 [00:10<00:42, 11.30it/s]
em: 0.3694, f1: 0.3976, loss: 1614585.6632 ||:  38%|###8      | 228/596 [00:20<00:32, 11.27it/s]
em: 0.3698, f1: 0.3957, loss: 1547796.4997 ||:  57%|#####7    | 340/596 [00:30<00:22, 11.15it/s]
em: 0.3705, f1: 0.3976, loss: 1500559.2074 ||:  75%|#######5  | 449/596 [00:40<00:13, 11.06it/s]
em: 0.3419, f1: 0.3698, loss: 1939021.3607 ||:  97%|#########6| 576/596 [00:50<00:01, 11.50it/s]
em: 0.3329, f1: 0.3611, loss: 1955714.1998 ||: : 604it [00:53, 11.30it/s]                       

  0%|          | 0/4104 [00:00<?, ?it/s]
em: 0.3399, f1: 0.3763, loss: 2.7613 ||:   1%|1         | 45/4104 [00:10<15:11,  4.45it/s]
em: 0.3419, f1: 0.3774, loss: 2.8075 ||:   2%|2         | 92/4104 [00:20<14:51,  4.50it/s]
em: 0.3422, f1: 0.3776, loss: 2.8163 ||:   3%|3         | 139/4104 [00:30<14:39,  4.51it/s]
em: 0.3545, f1: 0.3918, loss: 2.7916 ||:   5%|4         | 185/4104 [00:40<14:26,  4.52it/s]
em: 0.3575, f1: 0.3954, loss: 2.7656 ||:   6%|5         | 231/4104 [00:51<14:19,  4.51it/s]
em: 0.3588, f1: 0.3963, loss: 2.8043 ||:   7%|6         | 278/4104 [01:01<13:59,  4.56it/s]
em: 0.3559, f1: 0.3947, loss: 2.8272 ||:   8%|7         | 325/4104 [01:11<13:53,  4.54it/s]
em: 0.3490, f1: 0.3883, loss: 2.8713 ||:   9%|9         | 370/4104 [01:21<13:49,  4.50it/s]
em: 0.3468, f1: 0.3851, loss: 2.8774 ||:  10%|#         | 416/4104 [01:31<13:38,  4.50it/s]
em: 0.3502, f1: 0.3887, loss: 2.8642 ||:  11%|#1        | 462/4104 [01:42<13:25,  4.52it/s]
em: 0.3545, f1: 0.3928, loss: 2.8533 ||:  12%|#2        | 509/4104 [01:52<13:10,  4.55it/s]
em: 0.3566, f1: 0.3953, loss: 2.8216 ||:  14%|#3        | 555/4104 [02:02<13:00,  4.55it/s]
em: 0.3563, f1: 0.3956, loss: 2.8123 ||:  15%|#4        | 601/4104 [02:12<12:48,  4.56it/s]
em: 0.3544, f1: 0.3941, loss: 2.8160 ||:  16%|#5        | 647/4104 [02:22<12:45,  4.52it/s]
em: 0.3537, f1: 0.3930, loss: 2.8131 ||:  17%|#6        | 693/4104 [02:32<12:33,  4.53it/s]
em: 0.3535, f1: 0.3931, loss: 2.8076 ||:  18%|#8        | 740/4104 [02:43<12:18,  4.55it/s]
em: 0.3542, f1: 0.3937, loss: 2.8015 ||:  19%|#9        | 787/4104 [02:53<12:09,  4.54it/s]
em: 0.3521, f1: 0.3922, loss: 2.8154 ||:  20%|##        | 834/4104 [03:03<11:53,  4.58it/s]
em: 0.3507, f1: 0.3910, loss: 2.8285 ||:  21%|##1       | 881/4104 [03:14<11:49,  4.54it/s]
em: 0.3505, f1: 0.3915, loss: 2.8304 ||:  23%|##2       | 927/4104 [03:24<11:39,  4.54it/s]
em: 0.3529, f1: 0.3935, loss: 2.8183 ||:  24%|##3       | 973/4104 [03:34<11:30,  4.53it/s]
em: 0.3529, f1: 0.3934, loss: 2.8240 ||:  25%|##4       | 1020/4104 [03:44<11:16,  4.56it/s]
em: 0.3521, f1: 0.3924, loss: 2.8327 ||:  26%|##5       | 1067/4104 [03:55<11:09,  4.54it/s]
em: 0.3511, f1: 0.3916, loss: 2.8385 ||:  27%|##7       | 1113/4104 [04:05<10:59,  4.53it/s]
em: 0.3510, f1: 0.3916, loss: 2.8483 ||:  28%|##8       | 1159/4104 [04:15<10:50,  4.53it/s]
em: 0.3518, f1: 0.3921, loss: 2.8421 ||:  29%|##9       | 1205/4104 [04:25<10:39,  4.53it/s]
em: 0.3514, f1: 0.3913, loss: 2.8455 ||:  30%|###       | 1251/4104 [04:35<10:30,  4.53it/s]
em: 0.3515, f1: 0.3915, loss: 2.8460 ||:  32%|###1      | 1297/4104 [04:45<10:21,  4.51it/s]
em: 0.3517, f1: 0.3920, loss: 2.8486 ||:  33%|###2      | 1343/4104 [04:56<10:08,  4.53it/s]
em: 0.3517, f1: 0.3922, loss: 2.8488 ||:  34%|###3      | 1389/4104 [05:06<10:02,  4.50it/s]
em: 0.3521, f1: 0.3924, loss: 2.8468 ||:  35%|###4      | 1434/4104 [05:16<09:53,  4.50it/s]
em: 0.3523, f1: 0.3927, loss: 2.8429 ||:  36%|###6      | 1479/4104 [05:26<09:48,  4.46it/s]
em: 0.3522, f1: 0.3927, loss: 2.8456 ||:  37%|###7      | 1524/4104 [05:36<09:37,  4.47it/s]
em: 0.3527, f1: 0.3929, loss: 2.8402 ||:  38%|###8      | 1571/4104 [05:46<09:22,  4.51it/s]
em: 0.3519, f1: 0.3922, loss: 2.8489 ||:  39%|###9      | 1618/4104 [05:57<09:08,  4.53it/s]
em: 0.3513, f1: 0.3914, loss: 2.8479 ||:  41%|####      | 1665/4104 [06:07<08:58,  4.53it/s]
em: 0.3515, f1: 0.3915, loss: 2.8450 ||:  42%|####1     | 1711/4104 [06:17<08:48,  4.52it/s]
em: 0.3508, f1: 0.3908, loss: 2.8451 ||:  43%|####2     | 1757/4104 [06:27<08:38,  4.52it/s]
em: 0.3501, f1: 0.3904, loss: 2.8449 ||:  44%|####3     | 1803/4104 [06:38<08:27,  4.54it/s]
em: 0.3499, f1: 0.3902, loss: 2.8459 ||:  45%|####5     | 1849/4104 [06:48<08:16,  4.54it/s]
em: 0.3502, f1: 0.3906, loss: 2.8441 ||:  46%|####6     | 1895/4104 [06:58<08:06,  4.54it/s]
em: 0.3500, f1: 0.3903, loss: 2.8408 ||:  47%|####7     | 1941/4104 [07:08<08:01,  4.50it/s]
em: 0.3496, f1: 0.3900, loss: 2.8414 ||:  48%|####8     | 1987/4104 [07:18<07:50,  4.50it/s]
em: 0.3498, f1: 0.3905, loss: 2.8391 ||:  50%|####9     | 2033/4104 [07:29<07:38,  4.52it/s]
em: 0.3493, f1: 0.3902, loss: 2.8418 ||:  51%|#####     | 2079/4104 [07:39<07:30,  4.50it/s]
em: 0.3493, f1: 0.3901, loss: 2.8435 ||:  52%|#####1    | 2124/4104 [07:49<07:20,  4.49it/s]
em: 0.3495, f1: 0.3904, loss: 2.8404 ||:  53%|#####2    | 2169/4104 [07:59<07:12,  4.47it/s]
em: 0.3502, f1: 0.3912, loss: 2.8363 ||:  54%|#####3    | 2216/4104 [08:09<06:58,  4.51it/s]
em: 0.3507, f1: 0.3914, loss: 2.8340 ||:  55%|#####5    | 2263/4104 [08:19<06:43,  4.56it/s]
em: 0.3504, f1: 0.3912, loss: 2.8348 ||:  56%|#####6    | 2310/4104 [08:30<06:35,  4.53it/s]
em: 0.3498, f1: 0.3906, loss: 2.8330 ||:  57%|#####7    | 2355/4104 [08:40<06:26,  4.52it/s]
em: 0.3499, f1: 0.3907, loss: 2.8377 ||:  58%|#####8    | 2400/4104 [08:50<06:17,  4.51it/s]
em: 0.3499, f1: 0.3908, loss: 2.8403 ||:  60%|#####9    | 2446/4104 [09:00<06:06,  4.52it/s]
em: 0.3500, f1: 0.3908, loss: 2.8410 ||:  61%|######    | 2493/4104 [09:10<05:52,  4.57it/s]
em: 0.3500, f1: 0.3906, loss: 2.8439 ||:  62%|######1   | 2540/4104 [09:20<05:42,  4.56it/s]
em: 0.3513, f1: 0.3917, loss: 2.8389 ||:  63%|######3   | 2586/4104 [09:31<05:34,  4.54it/s]
em: 0.3518, f1: 0.3922, loss: 2.8372 ||:  64%|######4   | 2632/4104 [09:41<05:24,  4.54it/s]
em: 0.3518, f1: 0.3922, loss: 2.8351 ||:  65%|######5   | 2678/4104 [09:51<05:13,  4.55it/s]
em: 0.3512, f1: 0.3917, loss: 2.8372 ||:  66%|######6   | 2724/4104 [10:01<05:06,  4.50it/s]
em: 0.3515, f1: 0.3921, loss: 2.8368 ||:  67%|######7   | 2770/4104 [10:11<04:54,  4.52it/s]
em: 0.3513, f1: 0.3918, loss: 2.8413 ||:  69%|######8   | 2816/4104 [10:22<04:46,  4.49it/s]
em: 0.3511, f1: 0.3916, loss: 2.8428 ||:  70%|######9   | 2862/4104 [10:32<04:35,  4.51it/s]
em: 0.3510, f1: 0.3915, loss: 2.8473 ||:  71%|#######   | 2908/4104 [10:42<04:25,  4.50it/s]
em: 0.3513, f1: 0.3918, loss: 2.8483 ||:  72%|#######1  | 2954/4104 [10:52<04:15,  4.50it/s]
em: 0.3511, f1: 0.3915, loss: 2.8529 ||:  73%|#######3  | 3000/4104 [11:03<04:07,  4.47it/s]
em: 0.3508, f1: 0.3913, loss: 2.8519 ||:  74%|#######4  | 3046/4104 [11:13<03:55,  4.48it/s]
em: 0.3511, f1: 0.3915, loss: 2.8494 ||:  75%|#######5  | 3092/4104 [11:23<03:45,  4.48it/s]
em: 0.3512, f1: 0.3916, loss: 2.8484 ||:  76%|#######6  | 3138/4104 [11:33<03:34,  4.50it/s]
em: 0.3517, f1: 0.3920, loss: 2.8437 ||:  78%|#######7  | 3184/4104 [11:44<03:24,  4.49it/s]
em: 0.3519, f1: 0.3920, loss: 2.8426 ||:  79%|#######8  | 3231/4104 [11:54<03:13,  4.52it/s]
em: 0.3517, f1: 0.3917, loss: 2.8424 ||:  80%|#######9  | 3278/4104 [12:04<03:02,  4.53it/s]
em: 0.3524, f1: 0.3923, loss: 2.8409 ||:  81%|########1 | 3325/4104 [12:14<02:50,  4.56it/s]
em: 0.3523, f1: 0.3922, loss: 2.8379 ||:  82%|########2 | 3372/4104 [12:25<02:40,  4.56it/s]
em: 0.3518, f1: 0.3918, loss: 2.8400 ||:  83%|########3 | 3418/4104 [12:35<02:30,  4.54it/s]
em: 0.3524, f1: 0.3924, loss: 2.8396 ||:  84%|########4 | 3463/4104 [12:45<02:22,  4.50it/s]
em: 0.3526, f1: 0.3926, loss: 2.8391 ||:  86%|########5 | 3509/4104 [12:55<02:11,  4.51it/s]
em: 0.3527, f1: 0.3926, loss: 2.8384 ||:  87%|########6 | 3555/4104 [13:05<02:01,  4.52it/s]
em: 0.3529, f1: 0.3928, loss: 2.8409 ||:  88%|########7 | 3601/4104 [13:16<01:51,  4.51it/s]
em: 0.3527, f1: 0.3926, loss: 2.8385 ||:  89%|########8 | 3647/4104 [13:26<01:41,  4.52it/s]
em: 0.3528, f1: 0.3928, loss: 2.8353 ||:  90%|########9 | 3693/4104 [13:36<01:31,  4.49it/s]
em: 0.3527, f1: 0.3928, loss: 2.8369 ||:  91%|#########1| 3739/4104 [13:46<01:21,  4.50it/s]
em: 0.3531, f1: 0.3931, loss: 2.8369 ||:  92%|#########2| 3785/4104 [13:57<01:11,  4.49it/s]
em: 0.3525, f1: 0.3926, loss: 2.8400 ||:  93%|#########3| 3830/4104 [14:07<01:01,  4.48it/s]
em: 0.3514, f1: 0.3917, loss: 2.8465 ||:  94%|#########4| 3875/4104 [14:17<00:51,  4.47it/s]
em: 0.3504, f1: 0.3908, loss: 2.8531 ||:  96%|#########5| 3921/4104 [14:27<00:40,  4.49it/s]
em: 0.3489, f1: 0.3893, loss: 2.8635 ||:  97%|#########6| 3967/4104 [14:37<00:30,  4.51it/s]
em: 0.3471, f1: 0.3875, loss: 2.8734 ||:  98%|#########7| 4013/4104 [14:47<00:20,  4.49it/s]
em: 0.3452, f1: 0.3857, loss: 2.8831 ||:  99%|#########8| 4060/4104 [14:57<00:09,  4.54it/s]
em: 0.3433, f1: 0.3840, loss: 2.8932 ||: : 4107it [15:08,  4.52it/s]                        
em: 0.3416, f1: 0.3823, loss: 2.9034 ||: : 4152it [15:18,  4.50it/s]
em: 0.3415, f1: 0.3822, loss: 2.9036 ||: : 4158it [15:19,  4.52it/s]

  0%|          | 0/596 [00:00<?, ?it/s]
em: 0.3861, f1: 0.4104, loss: 1600879.3178 ||:  19%|#9        | 114/596 [00:10<00:42, 11.30it/s]
em: 0.3722, f1: 0.3998, loss: 1594165.3040 ||:  38%|###8      | 227/596 [00:20<00:32, 11.25it/s]
em: 0.3718, f1: 0.3978, loss: 1552362.2316 ||:  57%|#####6    | 339/596 [00:30<00:22, 11.18it/s]
em: 0.3740, f1: 0.4009, loss: 1498613.4971 ||:  76%|#######5  | 450/596 [00:40<00:13, 11.06it/s]
em: 0.3448, f1: 0.3722, loss: 1951775.5895 ||:  97%|#########6| 578/596 [00:50<00:01, 11.52it/s]
em: 0.3369, f1: 0.3648, loss: 1955714.1713 ||: : 604it [00:53, 11.30it/s]                       

