2019-05-07 17:26:15,416 - INFO - allennlp.common.params - evaluate_on_test = False
2019-05-07 17:26:15,417 - INFO - allennlp.common.from_params - instantiating class <class 'allennlp.data.dataset_readers.dataset_reader.DatasetReader'> from params {'instance_format': 'drop', 'passage_length_limit': 200, 'question_length_limit': 50, 'skip_when_all_empty': ['passage_span', 'question_span', 'addition_subtraction', 'counting'], 'token_indexers': {'token_characters': {'min_padding_length': 5, 'type': 'characters'}, 'tokens': {'lowercase_tokens': True, 'type': 'single_id'}}, 'type': 'drop'} and extras set()
2019-05-07 17:26:15,417 - INFO - allennlp.common.params - dataset_reader.type = drop
2019-05-07 17:26:15,418 - INFO - allennlp.common.from_params - instantiating class <class 'allennlp.data.dataset_readers.reading_comprehension.drop.DropReader'> from params {'instance_format': 'drop', 'passage_length_limit': 200, 'question_length_limit': 50, 'skip_when_all_empty': ['passage_span', 'question_span', 'addition_subtraction', 'counting'], 'token_indexers': {'token_characters': {'min_padding_length': 5, 'type': 'characters'}, 'tokens': {'lowercase_tokens': True, 'type': 'single_id'}}} and extras set()
2019-05-07 17:26:15,418 - INFO - allennlp.common.from_params - instantiating class allennlp.data.token_indexers.token_indexer.TokenIndexer from params {'min_padding_length': 5, 'type': 'characters'} and extras set()
2019-05-07 17:26:15,418 - INFO - allennlp.common.params - dataset_reader.token_indexers.token_characters.type = characters
2019-05-07 17:26:15,419 - INFO - allennlp.common.from_params - instantiating class allennlp.data.token_indexers.token_characters_indexer.TokenCharactersIndexer from params {'min_padding_length': 5} and extras set()
2019-05-07 17:26:15,419 - INFO - allennlp.common.params - dataset_reader.token_indexers.token_characters.namespace = token_characters
2019-05-07 17:26:15,419 - INFO - allennlp.common.params - dataset_reader.token_indexers.token_characters.start_tokens = None
2019-05-07 17:26:15,419 - INFO - allennlp.common.params - dataset_reader.token_indexers.token_characters.end_tokens = None
2019-05-07 17:26:15,419 - INFO - allennlp.common.params - dataset_reader.token_indexers.token_characters.min_padding_length = 5
2019-05-07 17:26:15,420 - INFO - allennlp.common.from_params - instantiating class allennlp.data.token_indexers.token_indexer.TokenIndexer from params {'lowercase_tokens': True, 'type': 'single_id'} and extras set()
2019-05-07 17:26:15,420 - INFO - allennlp.common.params - dataset_reader.token_indexers.tokens.type = single_id
2019-05-07 17:26:15,420 - INFO - allennlp.common.from_params - instantiating class allennlp.data.token_indexers.single_id_token_indexer.SingleIdTokenIndexer from params {'lowercase_tokens': True} and extras set()
2019-05-07 17:26:15,420 - INFO - allennlp.common.params - dataset_reader.token_indexers.tokens.namespace = tokens
2019-05-07 17:26:15,421 - INFO - allennlp.common.params - dataset_reader.token_indexers.tokens.lowercase_tokens = True
2019-05-07 17:26:15,421 - INFO - allennlp.common.params - dataset_reader.token_indexers.tokens.start_tokens = None
2019-05-07 17:26:15,421 - INFO - allennlp.common.params - dataset_reader.token_indexers.tokens.end_tokens = None
2019-05-07 17:26:15,421 - INFO - allennlp.common.params - dataset_reader.lazy = False
2019-05-07 17:26:15,421 - INFO - allennlp.common.params - dataset_reader.passage_length_limit = 200
2019-05-07 17:26:15,421 - INFO - allennlp.common.params - dataset_reader.question_length_limit = 50
2019-05-07 17:26:15,422 - INFO - allennlp.common.params - dataset_reader.skip_when_all_empty = ['passage_span', 'question_span', 'addition_subtraction', 'counting']
2019-05-07 17:26:15,422 - INFO - allennlp.common.params - dataset_reader.instance_format = drop
2019-05-07 17:26:15,422 - INFO - allennlp.common.params - dataset_reader.relaxed_span_match_for_finding_labels = True
2019-05-07 17:26:16,363 - INFO - allennlp.training.util - Using a separate dataset reader to load validation and test data.
2019-05-07 17:26:16,363 - INFO - allennlp.common.from_params - instantiating class <class 'allennlp.data.dataset_readers.dataset_reader.DatasetReader'> from params {'instance_format': 'drop', 'passage_length_limit': 500, 'question_length_limit': 100, 'skip_when_all_empty': [], 'token_indexers': {'token_characters': {'min_padding_length': 5, 'type': 'characters'}, 'tokens': {'lowercase_tokens': True, 'type': 'single_id'}}, 'type': 'drop'} and extras set()
2019-05-07 17:26:16,363 - INFO - allennlp.common.params - validation_dataset_reader.type = drop
2019-05-07 17:26:16,363 - INFO - allennlp.common.from_params - instantiating class <class 'allennlp.data.dataset_readers.reading_comprehension.drop.DropReader'> from params {'instance_format': 'drop', 'passage_length_limit': 500, 'question_length_limit': 100, 'skip_when_all_empty': [], 'token_indexers': {'token_characters': {'min_padding_length': 5, 'type': 'characters'}, 'tokens': {'lowercase_tokens': True, 'type': 'single_id'}}} and extras set()
2019-05-07 17:26:16,364 - INFO - allennlp.common.from_params - instantiating class allennlp.data.token_indexers.token_indexer.TokenIndexer from params {'min_padding_length': 5, 'type': 'characters'} and extras set()
2019-05-07 17:26:16,364 - INFO - allennlp.common.params - validation_dataset_reader.token_indexers.token_characters.type = characters
2019-05-07 17:26:16,364 - INFO - allennlp.common.from_params - instantiating class allennlp.data.token_indexers.token_characters_indexer.TokenCharactersIndexer from params {'min_padding_length': 5} and extras set()
2019-05-07 17:26:16,364 - INFO - allennlp.common.params - validation_dataset_reader.token_indexers.token_characters.namespace = token_characters
2019-05-07 17:26:16,364 - INFO - allennlp.common.params - validation_dataset_reader.token_indexers.token_characters.start_tokens = None
2019-05-07 17:26:16,364 - INFO - allennlp.common.params - validation_dataset_reader.token_indexers.token_characters.end_tokens = None
2019-05-07 17:26:16,364 - INFO - allennlp.common.params - validation_dataset_reader.token_indexers.token_characters.min_padding_length = 5
2019-05-07 17:26:16,364 - INFO - allennlp.common.from_params - instantiating class allennlp.data.token_indexers.token_indexer.TokenIndexer from params {'lowercase_tokens': True, 'type': 'single_id'} and extras set()
2019-05-07 17:26:16,364 - INFO - allennlp.common.params - validation_dataset_reader.token_indexers.tokens.type = single_id
2019-05-07 17:26:16,364 - INFO - allennlp.common.from_params - instantiating class allennlp.data.token_indexers.single_id_token_indexer.SingleIdTokenIndexer from params {'lowercase_tokens': True} and extras set()
2019-05-07 17:26:16,365 - INFO - allennlp.common.params - validation_dataset_reader.token_indexers.tokens.namespace = tokens
2019-05-07 17:26:16,365 - INFO - allennlp.common.params - validation_dataset_reader.token_indexers.tokens.lowercase_tokens = True
2019-05-07 17:26:16,365 - INFO - allennlp.common.params - validation_dataset_reader.token_indexers.tokens.start_tokens = None
2019-05-07 17:26:16,365 - INFO - allennlp.common.params - validation_dataset_reader.token_indexers.tokens.end_tokens = None
2019-05-07 17:26:16,365 - INFO - allennlp.common.params - validation_dataset_reader.lazy = False
2019-05-07 17:26:16,365 - INFO - allennlp.common.params - validation_dataset_reader.passage_length_limit = 500
2019-05-07 17:26:16,365 - INFO - allennlp.common.params - validation_dataset_reader.question_length_limit = 100
2019-05-07 17:26:16,365 - INFO - allennlp.common.params - validation_dataset_reader.skip_when_all_empty = []
2019-05-07 17:26:16,365 - INFO - allennlp.common.params - validation_dataset_reader.instance_format = drop
2019-05-07 17:26:16,365 - INFO - allennlp.common.params - validation_dataset_reader.relaxed_span_match_for_finding_labels = True
2019-05-07 17:26:16,365 - INFO - allennlp.common.params - train_data_path = drop_dataset/drop_dataset_train.json
2019-05-07 17:26:16,365 - INFO - allennlp.training.util - Reading training data from drop_dataset/drop_dataset_train.json
2019-05-07 17:26:16,368 - INFO - allennlp.data.dataset_readers.reading_comprehension.drop - Reading file at drop_dataset/drop_dataset_train.json
2019-05-07 17:26:21,693 - INFO - allennlp.data.dataset_readers.reading_comprehension.drop - Reading the dataset
2019-05-07 17:28:20,553 - INFO - allennlp.data.dataset_readers.reading_comprehension.drop - Skipped 11757 questions, kept 65652 questions.
2019-05-07 17:28:20,573 - INFO - allennlp.common.params - validation_data_path = drop_dataset/drop_dataset_dev.json
2019-05-07 17:28:20,573 - INFO - allennlp.training.util - Reading validation data from drop_dataset/drop_dataset_dev.json
2019-05-07 17:28:20,578 - INFO - allennlp.data.dataset_readers.reading_comprehension.drop - Reading file at drop_dataset/drop_dataset_dev.json
2019-05-07 17:28:21,867 - INFO - allennlp.data.dataset_readers.reading_comprehension.drop - Reading the dataset
2019-05-07 17:28:36,758 - INFO - allennlp.data.dataset_readers.reading_comprehension.drop - Skipped 0 questions, kept 9536 questions.
2019-05-07 17:28:36,764 - INFO - allennlp.common.params - test_data_path = None
2019-05-07 17:28:36,764 - INFO - allennlp.training.trainer - From dataset instances, train, validation will be considered for vocabulary creation.
2019-05-07 17:28:36,764 - INFO - allennlp.common.params - vocabulary.type = None
2019-05-07 17:28:36,764 - INFO - allennlp.common.params - vocabulary.extend = False
2019-05-07 17:28:36,764 - INFO - allennlp.common.params - vocabulary.directory_path = None
2019-05-07 17:28:36,764 - INFO - allennlp.common.params - vocabulary.max_vocab_size = None
2019-05-07 17:28:36,764 - INFO - allennlp.common.params - vocabulary.non_padded_namespaces = ('*tags', '*labels')
2019-05-07 17:28:36,764 - INFO - allennlp.common.params - vocabulary.min_pretrained_embeddings = None
2019-05-07 17:28:36,764 - INFO - allennlp.common.params - vocabulary.only_include_pretrained_words = True
2019-05-07 17:28:36,764 - INFO - allennlp.common.params - vocabulary.tokens_to_add = None
2019-05-07 17:28:36,765 - INFO - allennlp.data.vocabulary - Fitting token dictionary from dataset.
2019-05-07 17:30:02,129 - INFO - allennlp.data.vocabulary - Reading pretrained tokens from: https://s3-us-west-2.amazonaws.com/allennlp/datasets/glove/glove.840B.300d.lower.converted.zip
2019-05-07 17:32:26,903 - INFO - allennlp.common.from_params - instantiating class <class 'allennlp.models.model.Model'> from params {'answering_abilities': ['passage_span_extraction', 'question_span_extraction', 'addition_subtraction', 'counting'], 'dropout_prob': 0.1, 'matrix_attention_layer': {'combination': 'x,y,x*y', 'tensor_1_dim': 128, 'tensor_2_dim': 128, 'type': 'linear'}, 'modeling_layer': {'attention_dropout_prob': 0, 'attention_projection_dim': 128, 'conv_kernel_size': 5, 'dropout_prob': 0.1, 'feedforward_hidden_dim': 128, 'hidden_dim': 128, 'input_dim': 128, 'layer_dropout_undecayed_prob': 0.1, 'num_attention_heads': 8, 'num_blocks': 1, 'num_convs_per_block': 2, 'type': 'qanet_encoder'}, 'num_highway_layers': 2, 'phrase_layer': {'attention_dropout_prob': 0, 'attention_projection_dim': 128, 'conv_kernel_size': 7, 'dropout_prob': 0.1, 'feedforward_hidden_dim': 128, 'hidden_dim': 128, 'input_dim': 128, 'layer_dropout_undecayed_prob': 0.1, 'num_attention_heads': 8, 'num_blocks': 1, 'num_convs_per_block': 4, 'type': 'qanet_encoder'}, 'regularizer': [['.*', {'alpha': 1e-07, 'type': 'l2'}]], 'text_field_embedder': {'token_embedders': {'token_characters': {'embedding': {'embedding_dim': 64}, 'encoder': {'embedding_dim': 64, 'ngram_filter_sizes': [5], 'num_filters': 200, 'type': 'cnn'}, 'type': 'character_encoding'}, 'tokens': {'embedding_dim': 300, 'pretrained_file': 'https://s3-us-west-2.amazonaws.com/allennlp/datasets/glove/glove.840B.300d.lower.converted.zip', 'trainable': False, 'type': 'embedding'}}}, 'type': 'naqanet'} and extras {'vocab'}
2019-05-07 17:32:26,905 - INFO - allennlp.common.params - model.type = naqanet
2019-05-07 17:32:26,905 - INFO - allennlp.common.from_params - instantiating class <class 'allennlp.models.reading_comprehension.naqanet.NumericallyAugmentedQaNet'> from params {'answering_abilities': ['passage_span_extraction', 'question_span_extraction', 'addition_subtraction', 'counting'], 'dropout_prob': 0.1, 'matrix_attention_layer': {'combination': 'x,y,x*y', 'tensor_1_dim': 128, 'tensor_2_dim': 128, 'type': 'linear'}, 'modeling_layer': {'attention_dropout_prob': 0, 'attention_projection_dim': 128, 'conv_kernel_size': 5, 'dropout_prob': 0.1, 'feedforward_hidden_dim': 128, 'hidden_dim': 128, 'input_dim': 128, 'layer_dropout_undecayed_prob': 0.1, 'num_attention_heads': 8, 'num_blocks': 1, 'num_convs_per_block': 2, 'type': 'qanet_encoder'}, 'num_highway_layers': 2, 'phrase_layer': {'attention_dropout_prob': 0, 'attention_projection_dim': 128, 'conv_kernel_size': 7, 'dropout_prob': 0.1, 'feedforward_hidden_dim': 128, 'hidden_dim': 128, 'input_dim': 128, 'layer_dropout_undecayed_prob': 0.1, 'num_attention_heads': 8, 'num_blocks': 1, 'num_convs_per_block': 4, 'type': 'qanet_encoder'}, 'regularizer': [['.*', {'alpha': 1e-07, 'type': 'l2'}]], 'text_field_embedder': {'token_embedders': {'token_characters': {'embedding': {'embedding_dim': 64}, 'encoder': {'embedding_dim': 64, 'ngram_filter_sizes': [5], 'num_filters': 200, 'type': 'cnn'}, 'type': 'character_encoding'}, 'tokens': {'embedding_dim': 300, 'pretrained_file': 'https://s3-us-west-2.amazonaws.com/allennlp/datasets/glove/glove.840B.300d.lower.converted.zip', 'trainable': False, 'type': 'embedding'}}}} and extras {'vocab'}
2019-05-07 17:32:26,905 - INFO - allennlp.common.from_params - instantiating class <class 'allennlp.modules.text_field_embedders.text_field_embedder.TextFieldEmbedder'> from params {'token_embedders': {'token_characters': {'embedding': {'embedding_dim': 64}, 'encoder': {'embedding_dim': 64, 'ngram_filter_sizes': [5], 'num_filters': 200, 'type': 'cnn'}, 'type': 'character_encoding'}, 'tokens': {'embedding_dim': 300, 'pretrained_file': 'https://s3-us-west-2.amazonaws.com/allennlp/datasets/glove/glove.840B.300d.lower.converted.zip', 'trainable': False, 'type': 'embedding'}}} and extras {'vocab'}
2019-05-07 17:32:26,905 - INFO - allennlp.common.params - model.text_field_embedder.type = basic
2019-05-07 17:32:26,905 - INFO - allennlp.common.params - model.text_field_embedder.embedder_to_indexer_map = None
2019-05-07 17:32:26,905 - INFO - allennlp.common.params - model.text_field_embedder.allow_unmatched_keys = False
2019-05-07 17:32:26,905 - INFO - allennlp.common.from_params - instantiating class <class 'allennlp.modules.token_embedders.token_embedder.TokenEmbedder'> from params {'embedding': {'embedding_dim': 64}, 'encoder': {'embedding_dim': 64, 'ngram_filter_sizes': [5], 'num_filters': 200, 'type': 'cnn'}, 'type': 'character_encoding'} and extras {'vocab'}
2019-05-07 17:32:26,906 - INFO - allennlp.common.params - model.text_field_embedder.token_embedders.token_characters.type = character_encoding
2019-05-07 17:32:26,906 - INFO - allennlp.common.params - model.text_field_embedder.token_embedders.token_characters.embedding.num_embeddings = None
2019-05-07 17:32:26,906 - INFO - allennlp.common.params - model.text_field_embedder.token_embedders.token_characters.embedding.vocab_namespace = token_characters
2019-05-07 17:32:26,906 - INFO - allennlp.common.params - model.text_field_embedder.token_embedders.token_characters.embedding.embedding_dim = 64
2019-05-07 17:32:26,906 - INFO - allennlp.common.params - model.text_field_embedder.token_embedders.token_characters.embedding.pretrained_file = None
2019-05-07 17:32:26,906 - INFO - allennlp.common.params - model.text_field_embedder.token_embedders.token_characters.embedding.projection_dim = None
2019-05-07 17:32:26,906 - INFO - allennlp.common.params - model.text_field_embedder.token_embedders.token_characters.embedding.trainable = True
2019-05-07 17:32:26,906 - INFO - allennlp.common.params - model.text_field_embedder.token_embedders.token_characters.embedding.padding_index = None
2019-05-07 17:32:26,906 - INFO - allennlp.common.params - model.text_field_embedder.token_embedders.token_characters.embedding.max_norm = None
2019-05-07 17:32:26,906 - INFO - allennlp.common.params - model.text_field_embedder.token_embedders.token_characters.embedding.norm_type = 2.0
2019-05-07 17:32:26,906 - INFO - allennlp.common.params - model.text_field_embedder.token_embedders.token_characters.embedding.scale_grad_by_freq = False
2019-05-07 17:32:26,906 - INFO - allennlp.common.params - model.text_field_embedder.token_embedders.token_characters.embedding.sparse = False
2019-05-07 17:32:26,907 - INFO - allennlp.common.from_params - instantiating class <class 'allennlp.modules.seq2vec_encoders.seq2vec_encoder.Seq2VecEncoder'> from params {'embedding_dim': 64, 'ngram_filter_sizes': [5], 'num_filters': 200, 'type': 'cnn'} and extras set()
2019-05-07 17:32:26,907 - INFO - allennlp.common.params - model.text_field_embedder.token_embedders.token_characters.encoder.type = cnn
2019-05-07 17:32:26,907 - INFO - allennlp.common.from_params - instantiating class <class 'allennlp.modules.seq2vec_encoders.cnn_encoder.CnnEncoder'> from params {'embedding_dim': 64, 'ngram_filter_sizes': [5], 'num_filters': 200} and extras set()
2019-05-07 17:32:26,907 - INFO - allennlp.common.params - model.text_field_embedder.token_embedders.token_characters.encoder.embedding_dim = 64
2019-05-07 17:32:26,907 - INFO - allennlp.common.params - model.text_field_embedder.token_embedders.token_characters.encoder.num_filters = 200
2019-05-07 17:32:26,907 - INFO - allennlp.common.params - model.text_field_embedder.token_embedders.token_characters.encoder.ngram_filter_sizes = [5]
2019-05-07 17:32:26,907 - INFO - allennlp.common.params - model.text_field_embedder.token_embedders.token_characters.encoder.output_dim = None
2019-05-07 17:32:26,910 - INFO - allennlp.common.params - model.text_field_embedder.token_embedders.token_characters.dropout = 0.0
2019-05-07 17:32:26,910 - INFO - allennlp.common.from_params - instantiating class <class 'allennlp.modules.token_embedders.token_embedder.TokenEmbedder'> from params {'embedding_dim': 300, 'pretrained_file': 'https://s3-us-west-2.amazonaws.com/allennlp/datasets/glove/glove.840B.300d.lower.converted.zip', 'trainable': False, 'type': 'embedding'} and extras {'vocab'}
2019-05-07 17:32:26,910 - INFO - allennlp.common.params - model.text_field_embedder.token_embedders.tokens.type = embedding
2019-05-07 17:32:26,910 - INFO - allennlp.common.params - model.text_field_embedder.token_embedders.tokens.num_embeddings = None
2019-05-07 17:32:26,910 - INFO - allennlp.common.params - model.text_field_embedder.token_embedders.tokens.vocab_namespace = tokens
2019-05-07 17:32:26,910 - INFO - allennlp.common.params - model.text_field_embedder.token_embedders.tokens.embedding_dim = 300
2019-05-07 17:32:26,910 - INFO - allennlp.common.params - model.text_field_embedder.token_embedders.tokens.pretrained_file = https://s3-us-west-2.amazonaws.com/allennlp/datasets/glove/glove.840B.300d.lower.converted.zip
2019-05-07 17:32:26,910 - INFO - allennlp.common.params - model.text_field_embedder.token_embedders.tokens.projection_dim = None
2019-05-07 17:32:26,911 - INFO - allennlp.common.params - model.text_field_embedder.token_embedders.tokens.trainable = False
2019-05-07 17:32:26,911 - INFO - allennlp.common.params - model.text_field_embedder.token_embedders.tokens.padding_index = None
2019-05-07 17:32:26,911 - INFO - allennlp.common.params - model.text_field_embedder.token_embedders.tokens.max_norm = None
2019-05-07 17:32:26,911 - INFO - allennlp.common.params - model.text_field_embedder.token_embedders.tokens.norm_type = 2.0
2019-05-07 17:32:26,911 - INFO - allennlp.common.params - model.text_field_embedder.token_embedders.tokens.scale_grad_by_freq = False
2019-05-07 17:32:26,911 - INFO - allennlp.common.params - model.text_field_embedder.token_embedders.tokens.sparse = False
2019-05-07 17:32:26,913 - INFO - allennlp.modules.token_embedders.embedding - Reading pretrained embeddings from file
2019-05-07 17:33:05,794 - INFO - allennlp.modules.token_embedders.embedding - Initializing pre-trained embedding layer
2019-05-07 17:33:06,916 - INFO - allennlp.modules.token_embedders.embedding - Pretrained embeddings were found for 36769 out of 36771 tokens
2019-05-07 17:33:06,925 - INFO - allennlp.common.params - model.num_highway_layers = 2
2019-05-07 17:33:06,925 - INFO - allennlp.common.from_params - instantiating class <class 'allennlp.modules.seq2seq_encoders.seq2seq_encoder.Seq2SeqEncoder'> from params {'attention_dropout_prob': 0, 'attention_projection_dim': 128, 'conv_kernel_size': 7, 'dropout_prob': 0.1, 'feedforward_hidden_dim': 128, 'hidden_dim': 128, 'input_dim': 128, 'layer_dropout_undecayed_prob': 0.1, 'num_attention_heads': 8, 'num_blocks': 1, 'num_convs_per_block': 4, 'type': 'qanet_encoder'} and extras {'vocab'}
2019-05-07 17:33:06,925 - INFO - allennlp.common.params - model.phrase_layer.type = qanet_encoder
2019-05-07 17:33:06,925 - INFO - allennlp.common.from_params - instantiating class <class 'allennlp.modules.seq2seq_encoders.qanet_encoder.QaNetEncoder'> from params {'attention_dropout_prob': 0, 'attention_projection_dim': 128, 'conv_kernel_size': 7, 'dropout_prob': 0.1, 'feedforward_hidden_dim': 128, 'hidden_dim': 128, 'input_dim': 128, 'layer_dropout_undecayed_prob': 0.1, 'num_attention_heads': 8, 'num_blocks': 1, 'num_convs_per_block': 4} and extras {'vocab'}
2019-05-07 17:33:06,926 - INFO - allennlp.common.params - model.phrase_layer.input_dim = 128
2019-05-07 17:33:06,926 - INFO - allennlp.common.params - model.phrase_layer.hidden_dim = 128
2019-05-07 17:33:06,926 - INFO - allennlp.common.params - model.phrase_layer.attention_projection_dim = 128
2019-05-07 17:33:06,926 - INFO - allennlp.common.params - model.phrase_layer.feedforward_hidden_dim = 128
2019-05-07 17:33:06,926 - INFO - allennlp.common.params - model.phrase_layer.num_blocks = 1
2019-05-07 17:33:06,926 - INFO - allennlp.common.params - model.phrase_layer.num_convs_per_block = 4
2019-05-07 17:33:06,926 - INFO - allennlp.common.params - model.phrase_layer.conv_kernel_size = 7
2019-05-07 17:33:06,926 - INFO - allennlp.common.params - model.phrase_layer.num_attention_heads = 8
2019-05-07 17:33:06,926 - INFO - allennlp.common.params - model.phrase_layer.use_positional_encoding = True
2019-05-07 17:33:06,926 - INFO - allennlp.common.params - model.phrase_layer.dropout_prob = 0.1
2019-05-07 17:33:06,926 - INFO - allennlp.common.params - model.phrase_layer.layer_dropout_undecayed_prob = 0.1
2019-05-07 17:33:06,926 - INFO - allennlp.common.params - model.phrase_layer.attention_dropout_prob = 0
2019-05-07 17:33:06,931 - INFO - allennlp.common.from_params - instantiating class <class 'allennlp.modules.matrix_attention.matrix_attention.MatrixAttention'> from params {'combination': 'x,y,x*y', 'tensor_1_dim': 128, 'tensor_2_dim': 128, 'type': 'linear'} and extras {'vocab'}
2019-05-07 17:33:06,931 - INFO - allennlp.common.params - model.matrix_attention_layer.type = linear
2019-05-07 17:33:06,931 - INFO - allennlp.common.from_params - instantiating class <class 'allennlp.modules.matrix_attention.linear_matrix_attention.LinearMatrixAttention'> from params {'combination': 'x,y,x*y', 'tensor_1_dim': 128, 'tensor_2_dim': 128} and extras {'vocab'}
2019-05-07 17:33:06,931 - INFO - allennlp.common.params - model.matrix_attention_layer.tensor_1_dim = 128
2019-05-07 17:33:06,931 - INFO - allennlp.common.params - model.matrix_attention_layer.tensor_2_dim = 128
2019-05-07 17:33:06,931 - INFO - allennlp.common.params - model.matrix_attention_layer.combination = x,y,x*y
2019-05-07 17:33:06,932 - INFO - allennlp.common.from_params - instantiating class <class 'allennlp.modules.seq2seq_encoders.seq2seq_encoder.Seq2SeqEncoder'> from params {'attention_dropout_prob': 0, 'attention_projection_dim': 128, 'conv_kernel_size': 5, 'dropout_prob': 0.1, 'feedforward_hidden_dim': 128, 'hidden_dim': 128, 'input_dim': 128, 'layer_dropout_undecayed_prob': 0.1, 'num_attention_heads': 8, 'num_blocks': 1, 'num_convs_per_block': 2, 'type': 'qanet_encoder'} and extras {'vocab'}
2019-05-07 17:33:06,932 - INFO - allennlp.common.params - model.modeling_layer.type = qanet_encoder
2019-05-07 17:33:06,932 - INFO - allennlp.common.from_params - instantiating class <class 'allennlp.modules.seq2seq_encoders.qanet_encoder.QaNetEncoder'> from params {'attention_dropout_prob': 0, 'attention_projection_dim': 128, 'conv_kernel_size': 5, 'dropout_prob': 0.1, 'feedforward_hidden_dim': 128, 'hidden_dim': 128, 'input_dim': 128, 'layer_dropout_undecayed_prob': 0.1, 'num_attention_heads': 8, 'num_blocks': 1, 'num_convs_per_block': 2} and extras {'vocab'}
2019-05-07 17:33:06,932 - INFO - allennlp.common.params - model.modeling_layer.input_dim = 128
2019-05-07 17:33:06,932 - INFO - allennlp.common.params - model.modeling_layer.hidden_dim = 128
2019-05-07 17:33:06,932 - INFO - allennlp.common.params - model.modeling_layer.attention_projection_dim = 128
2019-05-07 17:33:06,932 - INFO - allennlp.common.params - model.modeling_layer.feedforward_hidden_dim = 128
2019-05-07 17:33:06,932 - INFO - allennlp.common.params - model.modeling_layer.num_blocks = 1
2019-05-07 17:33:06,932 - INFO - allennlp.common.params - model.modeling_layer.num_convs_per_block = 2
2019-05-07 17:33:06,932 - INFO - allennlp.common.params - model.modeling_layer.conv_kernel_size = 5
2019-05-07 17:33:06,932 - INFO - allennlp.common.params - model.modeling_layer.num_attention_heads = 8
2019-05-07 17:33:06,933 - INFO - allennlp.common.params - model.modeling_layer.use_positional_encoding = True
2019-05-07 17:33:06,933 - INFO - allennlp.common.params - model.modeling_layer.dropout_prob = 0.1
2019-05-07 17:33:06,933 - INFO - allennlp.common.params - model.modeling_layer.layer_dropout_undecayed_prob = 0.1
2019-05-07 17:33:06,933 - INFO - allennlp.common.params - model.modeling_layer.attention_dropout_prob = 0
2019-05-07 17:33:06,936 - INFO - allennlp.common.params - model.dropout_prob = 0.1
2019-05-07 17:33:06,936 - INFO - allennlp.common.params - model.regularizer = [['.*', {'alpha': 1e-07, 'type': 'l2'}]]
2019-05-07 17:33:06,936 - INFO - allennlp.common.params - model.regularizer.0.1.type = l2
2019-05-07 17:33:06,936 - INFO - allennlp.common.params - model.answering_abilities = ['passage_span_extraction', 'question_span_extraction', 'addition_subtraction', 'counting']
2019-05-07 17:33:06,943 - INFO - allennlp.nn.initializers - Initializing parameters
2019-05-07 17:33:06,943 - INFO - allennlp.nn.initializers - Done initializing parameters; the following parameters are using their default initialization from their code
2019-05-07 17:33:06,943 - INFO - allennlp.nn.initializers -    _answer_ability_predictor._linear_layers.0.bias
2019-05-07 17:33:06,943 - INFO - allennlp.nn.initializers -    _answer_ability_predictor._linear_layers.0.weight
2019-05-07 17:33:06,943 - INFO - allennlp.nn.initializers -    _answer_ability_predictor._linear_layers.1.bias
2019-05-07 17:33:06,943 - INFO - allennlp.nn.initializers -    _answer_ability_predictor._linear_layers.1.weight
2019-05-07 17:33:06,943 - INFO - allennlp.nn.initializers -    _count_number_predictor._linear_layers.0.bias
2019-05-07 17:33:06,944 - INFO - allennlp.nn.initializers -    _count_number_predictor._linear_layers.0.weight
2019-05-07 17:33:06,944 - INFO - allennlp.nn.initializers -    _count_number_predictor._linear_layers.1.bias
2019-05-07 17:33:06,944 - INFO - allennlp.nn.initializers -    _count_number_predictor._linear_layers.1.weight
2019-05-07 17:33:06,944 - INFO - allennlp.nn.initializers -    _embedding_proj_layer.bias
2019-05-07 17:33:06,944 - INFO - allennlp.nn.initializers -    _embedding_proj_layer.weight
2019-05-07 17:33:06,944 - INFO - allennlp.nn.initializers -    _encoding_proj_layer.bias
2019-05-07 17:33:06,944 - INFO - allennlp.nn.initializers -    _encoding_proj_layer.weight
2019-05-07 17:33:06,944 - INFO - allennlp.nn.initializers -    _highway_layer._layers.0.bias
2019-05-07 17:33:06,944 - INFO - allennlp.nn.initializers -    _highway_layer._layers.0.weight
2019-05-07 17:33:06,944 - INFO - allennlp.nn.initializers -    _highway_layer._layers.1.bias
2019-05-07 17:33:06,944 - INFO - allennlp.nn.initializers -    _highway_layer._layers.1.weight
2019-05-07 17:33:06,944 - INFO - allennlp.nn.initializers -    _matrix_attention._bias
2019-05-07 17:33:06,944 - INFO - allennlp.nn.initializers -    _matrix_attention._weight_vector
2019-05-07 17:33:06,944 - INFO - allennlp.nn.initializers -    _modeling_layer.encoder_block_0._conv_layers.0.1.bias
2019-05-07 17:33:06,944 - INFO - allennlp.nn.initializers -    _modeling_layer.encoder_block_0._conv_layers.0.1.weight
2019-05-07 17:33:06,944 - INFO - allennlp.nn.initializers -    _modeling_layer.encoder_block_0._conv_layers.0.2.bias
2019-05-07 17:33:06,944 - INFO - allennlp.nn.initializers -    _modeling_layer.encoder_block_0._conv_layers.0.2.weight
2019-05-07 17:33:06,945 - INFO - allennlp.nn.initializers -    _modeling_layer.encoder_block_0._conv_layers.1.1.bias
2019-05-07 17:33:06,945 - INFO - allennlp.nn.initializers -    _modeling_layer.encoder_block_0._conv_layers.1.1.weight
2019-05-07 17:33:06,945 - INFO - allennlp.nn.initializers -    _modeling_layer.encoder_block_0._conv_layers.1.2.bias
2019-05-07 17:33:06,945 - INFO - allennlp.nn.initializers -    _modeling_layer.encoder_block_0._conv_layers.1.2.weight
2019-05-07 17:33:06,945 - INFO - allennlp.nn.initializers -    _modeling_layer.encoder_block_0._conv_norm_layers.0.bias
2019-05-07 17:33:06,945 - INFO - allennlp.nn.initializers -    _modeling_layer.encoder_block_0._conv_norm_layers.0.weight
2019-05-07 17:33:06,945 - INFO - allennlp.nn.initializers -    _modeling_layer.encoder_block_0._conv_norm_layers.1.bias
2019-05-07 17:33:06,945 - INFO - allennlp.nn.initializers -    _modeling_layer.encoder_block_0._conv_norm_layers.1.weight
2019-05-07 17:33:06,945 - INFO - allennlp.nn.initializers -    _modeling_layer.encoder_block_0.attention_layer._combined_projection.bias
2019-05-07 17:33:06,945 - INFO - allennlp.nn.initializers -    _modeling_layer.encoder_block_0.attention_layer._combined_projection.weight
2019-05-07 17:33:06,945 - INFO - allennlp.nn.initializers -    _modeling_layer.encoder_block_0.attention_layer._output_projection.bias
2019-05-07 17:33:06,945 - INFO - allennlp.nn.initializers -    _modeling_layer.encoder_block_0.attention_layer._output_projection.weight
2019-05-07 17:33:06,945 - INFO - allennlp.nn.initializers -    _modeling_layer.encoder_block_0.attention_norm_layer.bias
2019-05-07 17:33:06,945 - INFO - allennlp.nn.initializers -    _modeling_layer.encoder_block_0.attention_norm_layer.weight
2019-05-07 17:33:06,945 - INFO - allennlp.nn.initializers -    _modeling_layer.encoder_block_0.feedforward._linear_layers.0.bias
2019-05-07 17:33:06,945 - INFO - allennlp.nn.initializers -    _modeling_layer.encoder_block_0.feedforward._linear_layers.0.weight
2019-05-07 17:33:06,945 - INFO - allennlp.nn.initializers -    _modeling_layer.encoder_block_0.feedforward._linear_layers.1.bias
2019-05-07 17:33:06,946 - INFO - allennlp.nn.initializers -    _modeling_layer.encoder_block_0.feedforward._linear_layers.1.weight
2019-05-07 17:33:06,946 - INFO - allennlp.nn.initializers -    _modeling_layer.encoder_block_0.feedforward_norm_layer.bias
2019-05-07 17:33:06,946 - INFO - allennlp.nn.initializers -    _modeling_layer.encoder_block_0.feedforward_norm_layer.weight
2019-05-07 17:33:06,946 - INFO - allennlp.nn.initializers -    _modeling_proj_layer.bias
2019-05-07 17:33:06,946 - INFO - allennlp.nn.initializers -    _modeling_proj_layer.weight
2019-05-07 17:33:06,946 - INFO - allennlp.nn.initializers -    _number_sign_predictor._linear_layers.0.bias
2019-05-07 17:33:06,946 - INFO - allennlp.nn.initializers -    _number_sign_predictor._linear_layers.0.weight
2019-05-07 17:33:06,946 - INFO - allennlp.nn.initializers -    _number_sign_predictor._linear_layers.1.bias
2019-05-07 17:33:06,946 - INFO - allennlp.nn.initializers -    _number_sign_predictor._linear_layers.1.weight
2019-05-07 17:33:06,946 - INFO - allennlp.nn.initializers -    _passage_span_end_predictor._linear_layers.0.bias
2019-05-07 17:33:06,946 - INFO - allennlp.nn.initializers -    _passage_span_end_predictor._linear_layers.0.weight
2019-05-07 17:33:06,946 - INFO - allennlp.nn.initializers -    _passage_span_end_predictor._linear_layers.1.bias
2019-05-07 17:33:06,946 - INFO - allennlp.nn.initializers -    _passage_span_end_predictor._linear_layers.1.weight
2019-05-07 17:33:06,946 - INFO - allennlp.nn.initializers -    _passage_span_start_predictor._linear_layers.0.bias
2019-05-07 17:33:06,946 - INFO - allennlp.nn.initializers -    _passage_span_start_predictor._linear_layers.0.weight
2019-05-07 17:33:06,946 - INFO - allennlp.nn.initializers -    _passage_span_start_predictor._linear_layers.1.bias
2019-05-07 17:33:06,946 - INFO - allennlp.nn.initializers -    _passage_span_start_predictor._linear_layers.1.weight
2019-05-07 17:33:06,947 - INFO - allennlp.nn.initializers -    _passage_weights_predictor.bias
2019-05-07 17:33:06,947 - INFO - allennlp.nn.initializers -    _passage_weights_predictor.weight
2019-05-07 17:33:06,947 - INFO - allennlp.nn.initializers -    _phrase_layer.encoder_block_0._conv_layers.0.1.bias
2019-05-07 17:33:06,947 - INFO - allennlp.nn.initializers -    _phrase_layer.encoder_block_0._conv_layers.0.1.weight
2019-05-07 17:33:06,947 - INFO - allennlp.nn.initializers -    _phrase_layer.encoder_block_0._conv_layers.0.2.bias
2019-05-07 17:33:06,947 - INFO - allennlp.nn.initializers -    _phrase_layer.encoder_block_0._conv_layers.0.2.weight
2019-05-07 17:33:06,947 - INFO - allennlp.nn.initializers -    _phrase_layer.encoder_block_0._conv_layers.1.1.bias
2019-05-07 17:33:06,947 - INFO - allennlp.nn.initializers -    _phrase_layer.encoder_block_0._conv_layers.1.1.weight
2019-05-07 17:33:06,947 - INFO - allennlp.nn.initializers -    _phrase_layer.encoder_block_0._conv_layers.1.2.bias
2019-05-07 17:33:06,947 - INFO - allennlp.nn.initializers -    _phrase_layer.encoder_block_0._conv_layers.1.2.weight
2019-05-07 17:33:06,947 - INFO - allennlp.nn.initializers -    _phrase_layer.encoder_block_0._conv_layers.2.1.bias
2019-05-07 17:33:06,947 - INFO - allennlp.nn.initializers -    _phrase_layer.encoder_block_0._conv_layers.2.1.weight
2019-05-07 17:33:06,947 - INFO - allennlp.nn.initializers -    _phrase_layer.encoder_block_0._conv_layers.2.2.bias
2019-05-07 17:33:06,947 - INFO - allennlp.nn.initializers -    _phrase_layer.encoder_block_0._conv_layers.2.2.weight
2019-05-07 17:33:06,947 - INFO - allennlp.nn.initializers -    _phrase_layer.encoder_block_0._conv_layers.3.1.bias
2019-05-07 17:33:06,947 - INFO - allennlp.nn.initializers -    _phrase_layer.encoder_block_0._conv_layers.3.1.weight
2019-05-07 17:33:06,947 - INFO - allennlp.nn.initializers -    _phrase_layer.encoder_block_0._conv_layers.3.2.bias
2019-05-07 17:33:06,947 - INFO - allennlp.nn.initializers -    _phrase_layer.encoder_block_0._conv_layers.3.2.weight
2019-05-07 17:33:06,948 - INFO - allennlp.nn.initializers -    _phrase_layer.encoder_block_0._conv_norm_layers.0.bias
2019-05-07 17:33:06,948 - INFO - allennlp.nn.initializers -    _phrase_layer.encoder_block_0._conv_norm_layers.0.weight
2019-05-07 17:33:06,948 - INFO - allennlp.nn.initializers -    _phrase_layer.encoder_block_0._conv_norm_layers.1.bias
2019-05-07 17:33:06,948 - INFO - allennlp.nn.initializers -    _phrase_layer.encoder_block_0._conv_norm_layers.1.weight
2019-05-07 17:33:06,948 - INFO - allennlp.nn.initializers -    _phrase_layer.encoder_block_0._conv_norm_layers.2.bias
2019-05-07 17:33:06,948 - INFO - allennlp.nn.initializers -    _phrase_layer.encoder_block_0._conv_norm_layers.2.weight
2019-05-07 17:33:06,948 - INFO - allennlp.nn.initializers -    _phrase_layer.encoder_block_0._conv_norm_layers.3.bias
2019-05-07 17:33:06,948 - INFO - allennlp.nn.initializers -    _phrase_layer.encoder_block_0._conv_norm_layers.3.weight
2019-05-07 17:33:06,948 - INFO - allennlp.nn.initializers -    _phrase_layer.encoder_block_0.attention_layer._combined_projection.bias
2019-05-07 17:33:06,948 - INFO - allennlp.nn.initializers -    _phrase_layer.encoder_block_0.attention_layer._combined_projection.weight
2019-05-07 17:33:06,948 - INFO - allennlp.nn.initializers -    _phrase_layer.encoder_block_0.attention_layer._output_projection.bias
2019-05-07 17:33:06,948 - INFO - allennlp.nn.initializers -    _phrase_layer.encoder_block_0.attention_layer._output_projection.weight
2019-05-07 17:33:06,948 - INFO - allennlp.nn.initializers -    _phrase_layer.encoder_block_0.attention_norm_layer.bias
2019-05-07 17:33:06,948 - INFO - allennlp.nn.initializers -    _phrase_layer.encoder_block_0.attention_norm_layer.weight
2019-05-07 17:33:06,948 - INFO - allennlp.nn.initializers -    _phrase_layer.encoder_block_0.feedforward._linear_layers.0.bias
2019-05-07 17:33:06,948 - INFO - allennlp.nn.initializers -    _phrase_layer.encoder_block_0.feedforward._linear_layers.0.weight
2019-05-07 17:33:06,948 - INFO - allennlp.nn.initializers -    _phrase_layer.encoder_block_0.feedforward._linear_layers.1.bias
2019-05-07 17:33:06,949 - INFO - allennlp.nn.initializers -    _phrase_layer.encoder_block_0.feedforward._linear_layers.1.weight
2019-05-07 17:33:06,949 - INFO - allennlp.nn.initializers -    _phrase_layer.encoder_block_0.feedforward_norm_layer.bias
2019-05-07 17:33:06,949 - INFO - allennlp.nn.initializers -    _phrase_layer.encoder_block_0.feedforward_norm_layer.weight
2019-05-07 17:33:06,949 - INFO - allennlp.nn.initializers -    _question_span_end_predictor._linear_layers.0.bias
2019-05-07 17:33:06,949 - INFO - allennlp.nn.initializers -    _question_span_end_predictor._linear_layers.0.weight
2019-05-07 17:33:06,949 - INFO - allennlp.nn.initializers -    _question_span_end_predictor._linear_layers.1.bias
2019-05-07 17:33:06,949 - INFO - allennlp.nn.initializers -    _question_span_end_predictor._linear_layers.1.weight
2019-05-07 17:33:06,949 - INFO - allennlp.nn.initializers -    _question_span_start_predictor._linear_layers.0.bias
2019-05-07 17:33:06,949 - INFO - allennlp.nn.initializers -    _question_span_start_predictor._linear_layers.0.weight
2019-05-07 17:33:06,949 - INFO - allennlp.nn.initializers -    _question_span_start_predictor._linear_layers.1.bias
2019-05-07 17:33:06,949 - INFO - allennlp.nn.initializers -    _question_span_start_predictor._linear_layers.1.weight
2019-05-07 17:33:06,949 - INFO - allennlp.nn.initializers -    _question_weights_predictor.bias
2019-05-07 17:33:06,949 - INFO - allennlp.nn.initializers -    _question_weights_predictor.weight
2019-05-07 17:33:06,949 - INFO - allennlp.nn.initializers -    _text_field_embedder.token_embedder_token_characters._embedding._module.weight
2019-05-07 17:33:06,949 - INFO - allennlp.nn.initializers -    _text_field_embedder.token_embedder_token_characters._encoder._module.conv_layer_0.bias
2019-05-07 17:33:06,949 - INFO - allennlp.nn.initializers -    _text_field_embedder.token_embedder_token_characters._encoder._module.conv_layer_0.weight
2019-05-07 17:33:06,949 - INFO - allennlp.nn.initializers -    _text_field_embedder.token_embedder_tokens.weight
2019-05-07 17:33:07,104 - INFO - allennlp.common.from_params - instantiating class <class 'allennlp.data.iterators.data_iterator.DataIterator'> from params {'batch_size': 16, 'max_instances_in_memory': 600, 'sorting_keys': [['passage', 'num_tokens'], ['question', 'num_tokens']], 'type': 'bucket'} and extras set()
2019-05-07 17:33:07,104 - INFO - allennlp.common.params - iterator.type = bucket
2019-05-07 17:33:07,104 - INFO - allennlp.common.from_params - instantiating class <class 'allennlp.data.iterators.bucket_iterator.BucketIterator'> from params {'batch_size': 16, 'max_instances_in_memory': 600, 'sorting_keys': [['passage', 'num_tokens'], ['question', 'num_tokens']]} and extras set()
2019-05-07 17:33:07,104 - INFO - allennlp.common.params - iterator.sorting_keys = [['passage', 'num_tokens'], ['question', 'num_tokens']]
2019-05-07 17:33:07,105 - INFO - allennlp.common.params - iterator.padding_noise = 0.1
2019-05-07 17:33:07,105 - INFO - allennlp.common.params - iterator.biggest_batch_first = False
2019-05-07 17:33:07,105 - INFO - allennlp.common.params - iterator.batch_size = 16
2019-05-07 17:33:07,105 - INFO - allennlp.common.params - iterator.instances_per_epoch = None
2019-05-07 17:33:07,105 - INFO - allennlp.common.params - iterator.max_instances_in_memory = 600
2019-05-07 17:33:07,105 - INFO - allennlp.common.params - iterator.cache_instances = False
2019-05-07 17:33:07,105 - INFO - allennlp.common.params - iterator.track_epoch = False
2019-05-07 17:33:07,105 - INFO - allennlp.common.params - iterator.maximum_samples_per_batch = None
2019-05-07 17:33:07,105 - INFO - allennlp.common.params - validation_iterator = None
2019-05-07 17:33:07,105 - INFO - allennlp.common.params - trainer.no_grad = ()
2019-05-07 17:33:07,107 - INFO - allennlp.training.trainer - Following parameters are Frozen  (without gradient):
2019-05-07 17:33:07,107 - INFO - allennlp.training.trainer - _text_field_embedder.token_embedder_tokens.weight
2019-05-07 17:33:07,107 - INFO - allennlp.training.trainer - Following parameters are Tunable (with gradient):
2019-05-07 17:33:07,107 - INFO - allennlp.training.trainer - _text_field_embedder.token_embedder_token_characters._embedding._module.weight
2019-05-07 17:33:07,107 - INFO - allennlp.training.trainer - _text_field_embedder.token_embedder_token_characters._encoder._module.conv_layer_0.weight
2019-05-07 17:33:07,107 - INFO - allennlp.training.trainer - _text_field_embedder.token_embedder_token_characters._encoder._module.conv_layer_0.bias
2019-05-07 17:33:07,107 - INFO - allennlp.training.trainer - _embedding_proj_layer.weight
2019-05-07 17:33:07,107 - INFO - allennlp.training.trainer - _embedding_proj_layer.bias
2019-05-07 17:33:07,108 - INFO - allennlp.training.trainer - _highway_layer._layers.0.weight
2019-05-07 17:33:07,108 - INFO - allennlp.training.trainer - _highway_layer._layers.0.bias
2019-05-07 17:33:07,108 - INFO - allennlp.training.trainer - _highway_layer._layers.1.weight
2019-05-07 17:33:07,108 - INFO - allennlp.training.trainer - _highway_layer._layers.1.bias
2019-05-07 17:33:07,108 - INFO - allennlp.training.trainer - _encoding_proj_layer.weight
2019-05-07 17:33:07,108 - INFO - allennlp.training.trainer - _encoding_proj_layer.bias
2019-05-07 17:33:07,108 - INFO - allennlp.training.trainer - _phrase_layer.encoder_block_0._conv_norm_layers.0.weight
2019-05-07 17:33:07,108 - INFO - allennlp.training.trainer - _phrase_layer.encoder_block_0._conv_norm_layers.0.bias
2019-05-07 17:33:07,108 - INFO - allennlp.training.trainer - _phrase_layer.encoder_block_0._conv_norm_layers.1.weight
2019-05-07 17:33:07,108 - INFO - allennlp.training.trainer - _phrase_layer.encoder_block_0._conv_norm_layers.1.bias
2019-05-07 17:33:07,108 - INFO - allennlp.training.trainer - _phrase_layer.encoder_block_0._conv_norm_layers.2.weight
2019-05-07 17:33:07,108 - INFO - allennlp.training.trainer - _phrase_layer.encoder_block_0._conv_norm_layers.2.bias
2019-05-07 17:33:07,109 - INFO - allennlp.training.trainer - _phrase_layer.encoder_block_0._conv_norm_layers.3.weight
2019-05-07 17:33:07,109 - INFO - allennlp.training.trainer - _phrase_layer.encoder_block_0._conv_norm_layers.3.bias
2019-05-07 17:33:07,109 - INFO - allennlp.training.trainer - _phrase_layer.encoder_block_0._conv_layers.0.1.weight
2019-05-07 17:33:07,109 - INFO - allennlp.training.trainer - _phrase_layer.encoder_block_0._conv_layers.0.1.bias
2019-05-07 17:33:07,109 - INFO - allennlp.training.trainer - _phrase_layer.encoder_block_0._conv_layers.0.2.weight
2019-05-07 17:33:07,109 - INFO - allennlp.training.trainer - _phrase_layer.encoder_block_0._conv_layers.0.2.bias
2019-05-07 17:33:07,109 - INFO - allennlp.training.trainer - _phrase_layer.encoder_block_0._conv_layers.1.1.weight
2019-05-07 17:33:07,109 - INFO - allennlp.training.trainer - _phrase_layer.encoder_block_0._conv_layers.1.1.bias
2019-05-07 17:33:07,109 - INFO - allennlp.training.trainer - _phrase_layer.encoder_block_0._conv_layers.1.2.weight
2019-05-07 17:33:07,109 - INFO - allennlp.training.trainer - _phrase_layer.encoder_block_0._conv_layers.1.2.bias
2019-05-07 17:33:07,109 - INFO - allennlp.training.trainer - _phrase_layer.encoder_block_0._conv_layers.2.1.weight
2019-05-07 17:33:07,109 - INFO - allennlp.training.trainer - _phrase_layer.encoder_block_0._conv_layers.2.1.bias
2019-05-07 17:33:07,110 - INFO - allennlp.training.trainer - _phrase_layer.encoder_block_0._conv_layers.2.2.weight
2019-05-07 17:33:07,110 - INFO - allennlp.training.trainer - _phrase_layer.encoder_block_0._conv_layers.2.2.bias
2019-05-07 17:33:07,110 - INFO - allennlp.training.trainer - _phrase_layer.encoder_block_0._conv_layers.3.1.weight
2019-05-07 17:33:07,110 - INFO - allennlp.training.trainer - _phrase_layer.encoder_block_0._conv_layers.3.1.bias
2019-05-07 17:33:07,110 - INFO - allennlp.training.trainer - _phrase_layer.encoder_block_0._conv_layers.3.2.weight
2019-05-07 17:33:07,110 - INFO - allennlp.training.trainer - _phrase_layer.encoder_block_0._conv_layers.3.2.bias
2019-05-07 17:33:07,110 - INFO - allennlp.training.trainer - _phrase_layer.encoder_block_0.attention_norm_layer.weight
2019-05-07 17:33:07,110 - INFO - allennlp.training.trainer - _phrase_layer.encoder_block_0.attention_norm_layer.bias
2019-05-07 17:33:07,110 - INFO - allennlp.training.trainer - _phrase_layer.encoder_block_0.attention_layer._combined_projection.weight
2019-05-07 17:33:07,110 - INFO - allennlp.training.trainer - _phrase_layer.encoder_block_0.attention_layer._combined_projection.bias
2019-05-07 17:33:07,110 - INFO - allennlp.training.trainer - _phrase_layer.encoder_block_0.attention_layer._output_projection.weight
2019-05-07 17:33:07,111 - INFO - allennlp.training.trainer - _phrase_layer.encoder_block_0.attention_layer._output_projection.bias
2019-05-07 17:33:07,111 - INFO - allennlp.training.trainer - _phrase_layer.encoder_block_0.feedforward_norm_layer.weight
2019-05-07 17:33:07,111 - INFO - allennlp.training.trainer - _phrase_layer.encoder_block_0.feedforward_norm_layer.bias
2019-05-07 17:33:07,111 - INFO - allennlp.training.trainer - _phrase_layer.encoder_block_0.feedforward._linear_layers.0.weight
2019-05-07 17:33:07,111 - INFO - allennlp.training.trainer - _phrase_layer.encoder_block_0.feedforward._linear_layers.0.bias
2019-05-07 17:33:07,111 - INFO - allennlp.training.trainer - _phrase_layer.encoder_block_0.feedforward._linear_layers.1.weight
2019-05-07 17:33:07,111 - INFO - allennlp.training.trainer - _phrase_layer.encoder_block_0.feedforward._linear_layers.1.bias
2019-05-07 17:33:07,111 - INFO - allennlp.training.trainer - _matrix_attention._weight_vector
2019-05-07 17:33:07,111 - INFO - allennlp.training.trainer - _matrix_attention._bias
2019-05-07 17:33:07,111 - INFO - allennlp.training.trainer - _modeling_proj_layer.weight
2019-05-07 17:33:07,111 - INFO - allennlp.training.trainer - _modeling_proj_layer.bias
2019-05-07 17:33:07,111 - INFO - allennlp.training.trainer - _modeling_layer.encoder_block_0._conv_norm_layers.0.weight
2019-05-07 17:33:07,112 - INFO - allennlp.training.trainer - _modeling_layer.encoder_block_0._conv_norm_layers.0.bias
2019-05-07 17:33:07,112 - INFO - allennlp.training.trainer - _modeling_layer.encoder_block_0._conv_norm_layers.1.weight
2019-05-07 17:33:07,112 - INFO - allennlp.training.trainer - _modeling_layer.encoder_block_0._conv_norm_layers.1.bias
2019-05-07 17:33:07,112 - INFO - allennlp.training.trainer - _modeling_layer.encoder_block_0._conv_layers.0.1.weight
2019-05-07 17:33:07,112 - INFO - allennlp.training.trainer - _modeling_layer.encoder_block_0._conv_layers.0.1.bias
2019-05-07 17:33:07,112 - INFO - allennlp.training.trainer - _modeling_layer.encoder_block_0._conv_layers.0.2.weight
2019-05-07 17:33:07,112 - INFO - allennlp.training.trainer - _modeling_layer.encoder_block_0._conv_layers.0.2.bias
2019-05-07 17:33:07,112 - INFO - allennlp.training.trainer - _modeling_layer.encoder_block_0._conv_layers.1.1.weight
2019-05-07 17:33:07,112 - INFO - allennlp.training.trainer - _modeling_layer.encoder_block_0._conv_layers.1.1.bias
2019-05-07 17:33:07,112 - INFO - allennlp.training.trainer - _modeling_layer.encoder_block_0._conv_layers.1.2.weight
2019-05-07 17:33:07,112 - INFO - allennlp.training.trainer - _modeling_layer.encoder_block_0._conv_layers.1.2.bias
2019-05-07 17:33:07,112 - INFO - allennlp.training.trainer - _modeling_layer.encoder_block_0.attention_norm_layer.weight
2019-05-07 17:33:07,113 - INFO - allennlp.training.trainer - _modeling_layer.encoder_block_0.attention_norm_layer.bias
2019-05-07 17:33:07,113 - INFO - allennlp.training.trainer - _modeling_layer.encoder_block_0.attention_layer._combined_projection.weight
2019-05-07 17:33:07,113 - INFO - allennlp.training.trainer - _modeling_layer.encoder_block_0.attention_layer._combined_projection.bias
2019-05-07 17:33:07,113 - INFO - allennlp.training.trainer - _modeling_layer.encoder_block_0.attention_layer._output_projection.weight
2019-05-07 17:33:07,113 - INFO - allennlp.training.trainer - _modeling_layer.encoder_block_0.attention_layer._output_projection.bias
2019-05-07 17:33:07,113 - INFO - allennlp.training.trainer - _modeling_layer.encoder_block_0.feedforward_norm_layer.weight
2019-05-07 17:33:07,113 - INFO - allennlp.training.trainer - _modeling_layer.encoder_block_0.feedforward_norm_layer.bias
2019-05-07 17:33:07,113 - INFO - allennlp.training.trainer - _modeling_layer.encoder_block_0.feedforward._linear_layers.0.weight
2019-05-07 17:33:07,113 - INFO - allennlp.training.trainer - _modeling_layer.encoder_block_0.feedforward._linear_layers.0.bias
2019-05-07 17:33:07,113 - INFO - allennlp.training.trainer - _modeling_layer.encoder_block_0.feedforward._linear_layers.1.weight
2019-05-07 17:33:07,113 - INFO - allennlp.training.trainer - _modeling_layer.encoder_block_0.feedforward._linear_layers.1.bias
2019-05-07 17:33:07,113 - INFO - allennlp.training.trainer - _passage_weights_predictor.weight
2019-05-07 17:33:07,114 - INFO - allennlp.training.trainer - _passage_weights_predictor.bias
2019-05-07 17:33:07,114 - INFO - allennlp.training.trainer - _question_weights_predictor.weight
2019-05-07 17:33:07,114 - INFO - allennlp.training.trainer - _question_weights_predictor.bias
2019-05-07 17:33:07,114 - INFO - allennlp.training.trainer - _answer_ability_predictor._linear_layers.0.weight
2019-05-07 17:33:07,114 - INFO - allennlp.training.trainer - _answer_ability_predictor._linear_layers.0.bias
2019-05-07 17:33:07,114 - INFO - allennlp.training.trainer - _answer_ability_predictor._linear_layers.1.weight
2019-05-07 17:33:07,114 - INFO - allennlp.training.trainer - _answer_ability_predictor._linear_layers.1.bias
2019-05-07 17:33:07,114 - INFO - allennlp.training.trainer - _passage_span_start_predictor._linear_layers.0.weight
2019-05-07 17:33:07,114 - INFO - allennlp.training.trainer - _passage_span_start_predictor._linear_layers.0.bias
2019-05-07 17:33:07,114 - INFO - allennlp.training.trainer - _passage_span_start_predictor._linear_layers.1.weight
2019-05-07 17:33:07,114 - INFO - allennlp.training.trainer - _passage_span_start_predictor._linear_layers.1.bias
2019-05-07 17:33:07,114 - INFO - allennlp.training.trainer - _passage_span_end_predictor._linear_layers.0.weight
2019-05-07 17:33:07,115 - INFO - allennlp.training.trainer - _passage_span_end_predictor._linear_layers.0.bias
2019-05-07 17:33:07,115 - INFO - allennlp.training.trainer - _passage_span_end_predictor._linear_layers.1.weight
2019-05-07 17:33:07,115 - INFO - allennlp.training.trainer - _passage_span_end_predictor._linear_layers.1.bias
2019-05-07 17:33:07,115 - INFO - allennlp.training.trainer - _question_span_start_predictor._linear_layers.0.weight
2019-05-07 17:33:07,115 - INFO - allennlp.training.trainer - _question_span_start_predictor._linear_layers.0.bias
2019-05-07 17:33:07,115 - INFO - allennlp.training.trainer - _question_span_start_predictor._linear_layers.1.weight
2019-05-07 17:33:07,115 - INFO - allennlp.training.trainer - _question_span_start_predictor._linear_layers.1.bias
2019-05-07 17:33:07,115 - INFO - allennlp.training.trainer - _question_span_end_predictor._linear_layers.0.weight
2019-05-07 17:33:07,115 - INFO - allennlp.training.trainer - _question_span_end_predictor._linear_layers.0.bias
2019-05-07 17:33:07,115 - INFO - allennlp.training.trainer - _question_span_end_predictor._linear_layers.1.weight
2019-05-07 17:33:07,115 - INFO - allennlp.training.trainer - _question_span_end_predictor._linear_layers.1.bias
2019-05-07 17:33:07,115 - INFO - allennlp.training.trainer - _number_sign_predictor._linear_layers.0.weight
2019-05-07 17:33:07,115 - INFO - allennlp.training.trainer - _number_sign_predictor._linear_layers.0.bias
2019-05-07 17:33:07,115 - INFO - allennlp.training.trainer - _number_sign_predictor._linear_layers.1.weight
2019-05-07 17:33:07,115 - INFO - allennlp.training.trainer - _number_sign_predictor._linear_layers.1.bias
2019-05-07 17:33:07,116 - INFO - allennlp.training.trainer - _count_number_predictor._linear_layers.0.weight
2019-05-07 17:33:07,116 - INFO - allennlp.training.trainer - _count_number_predictor._linear_layers.0.bias
2019-05-07 17:33:07,116 - INFO - allennlp.training.trainer - _count_number_predictor._linear_layers.1.weight
2019-05-07 17:33:07,116 - INFO - allennlp.training.trainer - _count_number_predictor._linear_layers.1.bias
2019-05-07 17:33:07,116 - INFO - allennlp.common.params - trainer.patience = 10
2019-05-07 17:33:07,116 - INFO - allennlp.common.params - trainer.validation_metric = +f1
2019-05-07 17:33:07,116 - INFO - allennlp.common.params - trainer.shuffle = True
2019-05-07 17:33:07,116 - INFO - allennlp.common.params - trainer.num_epochs = 10
2019-05-07 17:33:07,116 - INFO - allennlp.common.params - trainer.cuda_device = 0
2019-05-07 17:33:07,116 - INFO - allennlp.common.params - trainer.grad_norm = 5
2019-05-07 17:33:07,116 - INFO - allennlp.common.params - trainer.grad_clipping = None
2019-05-07 17:33:07,116 - INFO - allennlp.common.params - trainer.learning_rate_scheduler = None
2019-05-07 17:33:07,116 - INFO - allennlp.common.params - trainer.momentum_scheduler = None
2019-05-07 17:33:52,970 - INFO - allennlp.common.params - trainer.optimizer.type = adam
2019-05-07 17:33:52,972 - INFO - allennlp.common.params - trainer.optimizer.parameter_groups = None
2019-05-07 17:33:52,972 - INFO - allennlp.training.optimizers - Number of trainable parameters: 822880
2019-05-07 17:33:52,972 - INFO - allennlp.common.params - trainer.optimizer.infer_type_and_cast = True
2019-05-07 17:33:52,972 - INFO - allennlp.common.params - Converting Params object to dict; logging of default values will not occur when dictionary parameters are used subsequently.
2019-05-07 17:33:52,972 - INFO - allennlp.common.params - CURRENTLY DEFINED PARAMETERS: 
2019-05-07 17:33:52,972 - INFO - allennlp.common.params - trainer.optimizer.betas = [0.8, 0.999]
2019-05-07 17:33:52,972 - INFO - allennlp.common.params - trainer.optimizer.eps = 1e-07
2019-05-07 17:33:52,972 - INFO - allennlp.common.params - trainer.optimizer.lr = 0.0005
2019-05-07 17:33:52,972 - INFO - allennlp.common.from_params - instantiating class <class 'allennlp.training.moving_average.MovingAverage'> from params {'decay': 0.9999, 'type': 'exponential'} and extras {'parameters'}
2019-05-07 17:33:52,972 - INFO - allennlp.common.params - trainer.moving_average.type = exponential
2019-05-07 17:33:52,973 - INFO - allennlp.common.from_params - instantiating class <class 'allennlp.training.moving_average.ExponentialMovingAverage'> from params {'decay': 0.9999} and extras {'parameters'}
2019-05-07 17:33:52,973 - INFO - allennlp.common.params - trainer.moving_average.decay = 0.9999
2019-05-07 17:33:52,973 - INFO - allennlp.common.params - trainer.moving_average.numerator = 1.0
2019-05-07 17:33:52,973 - INFO - allennlp.common.params - trainer.moving_average.denominator = 10.0
2019-05-07 17:33:52,978 - INFO - allennlp.common.params - trainer.num_serialized_models_to_keep = 1
2019-05-07 17:33:52,978 - INFO - allennlp.common.params - trainer.keep_serialized_model_every_num_seconds = None
2019-05-07 17:33:52,978 - INFO - allennlp.common.params - trainer.model_save_interval = None
2019-05-07 17:33:52,978 - INFO - allennlp.common.params - trainer.summary_interval = 100
2019-05-07 17:33:52,978 - INFO - allennlp.common.params - trainer.histogram_interval = None
2019-05-07 17:33:52,978 - INFO - allennlp.common.params - trainer.should_log_parameter_statistics = True
2019-05-07 17:33:52,978 - INFO - allennlp.common.params - trainer.should_log_learning_rate = False
2019-05-07 17:33:52,978 - INFO - allennlp.common.params - trainer.log_batch_size_period = None
2019-05-07 17:33:52,994 - INFO - allennlp.training.trainer - Beginning training.
2019-05-07 17:33:52,994 - INFO - allennlp.training.trainer - Epoch 0/9
2019-05-07 17:33:52,994 - INFO - allennlp.training.trainer - Peak CPU memory usage MB: 5457.252
2019-05-07 17:33:53,107 - INFO - allennlp.training.trainer - GPU 0 memory usage MB: 734
2019-05-07 17:33:53,110 - INFO - allennlp.training.trainer - Training
2019-05-07 17:51:20,831 - INFO - allennlp.training.trainer - Validating
2019-05-07 17:52:36,320 - INFO - allennlp.training.tensorboard_writer -                     Training |  Validation
2019-05-07 17:52:36,321 - INFO - allennlp.training.tensorboard_writer - gpu_0_memory_MB |   734.000  |       N/A
2019-05-07 17:52:36,321 - INFO - allennlp.training.tensorboard_writer - cpu_memory_MB   |  5457.252  |       N/A
2019-05-07 17:52:36,322 - INFO - allennlp.training.tensorboard_writer - loss            |     4.412  |  1954680.177
2019-05-07 17:52:36,322 - INFO - allennlp.training.tensorboard_writer - f1              |     0.180  |     0.213
2019-05-07 17:52:36,322 - INFO - allennlp.training.tensorboard_writer - em              |     0.148  |     0.187
2019-05-07 17:52:41,028 - INFO - allennlp.training.checkpointer - Best validation performance so far. Copying weights to 'out/baseline_simple_10/best.th'.
2019-05-07 17:52:45,148 - INFO - allennlp.training.trainer - Epoch duration: 00:18:52
2019-05-07 17:52:45,150 - INFO - allennlp.training.trainer - Estimated training time remaining: 2:49:49
2019-05-07 17:52:45,150 - INFO - allennlp.training.trainer - Epoch 1/9
2019-05-07 17:52:45,150 - INFO - allennlp.training.trainer - Peak CPU memory usage MB: 7491.852
2019-05-07 17:52:45,296 - INFO - allennlp.training.trainer - GPU 0 memory usage MB: 4072
2019-05-07 17:52:45,298 - INFO - allennlp.training.trainer - Training
2019-05-07 18:08:14,475 - INFO - allennlp.training.trainer - Validating
2019-05-07 18:09:08,387 - INFO - allennlp.training.tensorboard_writer -                     Training |  Validation
2019-05-07 18:09:08,388 - INFO - allennlp.training.tensorboard_writer - gpu_0_memory_MB |  4072.000  |       N/A
2019-05-07 18:09:08,389 - INFO - allennlp.training.tensorboard_writer - cpu_memory_MB   |  7491.852  |       N/A
2019-05-07 18:09:08,389 - INFO - allennlp.training.tensorboard_writer - loss            |     3.777  |  1954679.874
2019-05-07 18:09:08,390 - INFO - allennlp.training.tensorboard_writer - f1              |     0.242  |     0.269
2019-05-07 18:09:08,390 - INFO - allennlp.training.tensorboard_writer - em              |     0.207  |     0.243
2019-05-07 18:09:13,085 - INFO - allennlp.training.checkpointer - Best validation performance so far. Copying weights to 'out/baseline_simple_10/best.th'.
2019-05-07 18:09:17,198 - INFO - allennlp.training.trainer - Epoch duration: 00:16:32
2019-05-07 18:09:17,199 - INFO - allennlp.training.trainer - Estimated training time remaining: 2:21:36
2019-05-07 18:09:17,199 - INFO - allennlp.training.trainer - Epoch 2/9
2019-05-07 18:09:17,199 - INFO - allennlp.training.trainer - Peak CPU memory usage MB: 7493.584
2019-05-07 18:09:17,329 - INFO - allennlp.training.trainer - GPU 0 memory usage MB: 4119
2019-05-07 18:09:17,332 - INFO - allennlp.training.trainer - Training
2019-05-07 18:24:41,556 - INFO - allennlp.training.trainer - Validating
2019-05-07 18:25:35,276 - INFO - allennlp.training.tensorboard_writer -                     Training |  Validation
2019-05-07 18:25:35,277 - INFO - allennlp.training.tensorboard_writer - gpu_0_memory_MB |  4119.000  |       N/A
2019-05-07 18:25:35,277 - INFO - allennlp.training.tensorboard_writer - cpu_memory_MB   |  7493.584  |       N/A
2019-05-07 18:25:35,277 - INFO - allennlp.training.tensorboard_writer - loss            |     3.505  |  1953644.937
2019-05-07 18:25:35,278 - INFO - allennlp.training.tensorboard_writer - f1              |     0.284  |     0.293
2019-05-07 18:25:35,278 - INFO - allennlp.training.tensorboard_writer - em              |     0.247  |     0.269
2019-05-07 18:25:39,973 - INFO - allennlp.training.checkpointer - Best validation performance so far. Copying weights to 'out/baseline_simple_10/best.th'.
2019-05-07 18:25:44,085 - INFO - allennlp.training.trainer - Epoch duration: 00:16:26
2019-05-07 18:25:44,086 - INFO - allennlp.training.trainer - Estimated training time remaining: 2:00:59
2019-05-07 18:25:44,086 - INFO - allennlp.training.trainer - Epoch 3/9
2019-05-07 18:25:44,087 - INFO - allennlp.training.trainer - Peak CPU memory usage MB: 7493.912
2019-05-07 18:25:44,220 - INFO - allennlp.training.trainer - GPU 0 memory usage MB: 4119
2019-05-07 18:25:44,222 - INFO - allennlp.training.trainer - Training
2019-05-07 18:41:05,463 - INFO - allennlp.training.trainer - Validating
2019-05-07 18:41:59,212 - INFO - allennlp.training.tensorboard_writer -                     Training |  Validation
2019-05-07 18:41:59,213 - INFO - allennlp.training.tensorboard_writer - gpu_0_memory_MB |  4119.000  |       N/A
2019-05-07 18:41:59,213 - INFO - allennlp.training.tensorboard_writer - cpu_memory_MB   |  7493.912  |       N/A
2019-05-07 18:41:59,213 - INFO - allennlp.training.tensorboard_writer - loss            |     3.364  |  1955714.392
2019-05-07 18:41:59,214 - INFO - allennlp.training.tensorboard_writer - f1              |     0.306  |     0.317
2019-05-07 18:41:59,214 - INFO - allennlp.training.tensorboard_writer - em              |     0.270  |     0.292
2019-05-07 18:42:03,906 - INFO - allennlp.training.checkpointer - Best validation performance so far. Copying weights to 'out/baseline_simple_10/best.th'.
2019-05-07 18:42:08,019 - INFO - allennlp.training.trainer - Epoch duration: 00:16:23
2019-05-07 18:42:08,020 - INFO - allennlp.training.trainer - Estimated training time remaining: 1:42:22
2019-05-07 18:42:08,020 - INFO - allennlp.training.trainer - Epoch 4/9
2019-05-07 18:42:08,020 - INFO - allennlp.training.trainer - Peak CPU memory usage MB: 7493.912
2019-05-07 18:42:08,146 - INFO - allennlp.training.trainer - GPU 0 memory usage MB: 4120
2019-05-07 18:42:08,149 - INFO - allennlp.training.trainer - Training
2019-05-07 18:57:28,393 - INFO - allennlp.training.trainer - Validating
2019-05-07 18:58:21,960 - INFO - allennlp.training.tensorboard_writer -                     Training |  Validation
2019-05-07 18:58:21,961 - INFO - allennlp.training.tensorboard_writer - gpu_0_memory_MB |  4120.000  |       N/A
2019-05-07 18:58:21,961 - INFO - allennlp.training.tensorboard_writer - cpu_memory_MB   |  7493.912  |       N/A
2019-05-07 18:58:21,962 - INFO - allennlp.training.tensorboard_writer - loss            |     3.259  |  1956749.086
2019-05-07 18:58:21,962 - INFO - allennlp.training.tensorboard_writer - f1              |     0.323  |     0.330
2019-05-07 18:58:21,962 - INFO - allennlp.training.tensorboard_writer - em              |     0.285  |     0.303
2019-05-07 18:58:26,933 - INFO - allennlp.training.checkpointer - Best validation performance so far. Copying weights to 'out/baseline_simple_10/best.th'.
2019-05-07 18:58:31,220 - INFO - allennlp.training.trainer - Epoch duration: 00:16:23
2019-05-07 18:58:31,221 - INFO - allennlp.training.trainer - Estimated training time remaining: 1:24:38
2019-05-07 18:58:31,221 - INFO - allennlp.training.trainer - Epoch 5/9
2019-05-07 18:58:31,221 - INFO - allennlp.training.trainer - Peak CPU memory usage MB: 7494.332
2019-05-07 18:58:31,347 - INFO - allennlp.training.trainer - GPU 0 memory usage MB: 4119
2019-05-07 18:58:31,350 - INFO - allennlp.training.trainer - Training
2019-05-07 19:13:52,002 - INFO - allennlp.training.trainer - Validating
2019-05-07 19:14:45,632 - INFO - allennlp.training.tensorboard_writer -                     Training |  Validation
2019-05-07 19:14:45,649 - INFO - allennlp.training.tensorboard_writer - gpu_0_memory_MB |  4119.000  |       N/A
2019-05-07 19:14:45,650 - INFO - allennlp.training.tensorboard_writer - cpu_memory_MB   |  7494.332  |       N/A
2019-05-07 19:14:45,650 - INFO - allennlp.training.tensorboard_writer - loss            |     3.165  |  1952609.978
2019-05-07 19:14:45,650 - INFO - allennlp.training.tensorboard_writer - f1              |     0.340  |     0.339
2019-05-07 19:14:45,650 - INFO - allennlp.training.tensorboard_writer - em              |     0.301  |     0.314
2019-05-07 19:14:53,805 - INFO - allennlp.training.checkpointer - Best validation performance so far. Copying weights to 'out/baseline_simple_10/best.th'.
2019-05-07 19:14:59,767 - INFO - allennlp.training.trainer - Epoch duration: 00:16:28
2019-05-07 19:14:59,773 - INFO - allennlp.training.trainer - Estimated training time remaining: 1:07:24
2019-05-07 19:14:59,773 - INFO - allennlp.training.trainer - Epoch 6/9
2019-05-07 19:14:59,774 - INFO - allennlp.training.trainer - Peak CPU memory usage MB: 7494.332
2019-05-07 19:15:00,049 - INFO - allennlp.training.trainer - GPU 0 memory usage MB: 4119
2019-05-07 19:15:00,052 - INFO - allennlp.training.trainer - Training
2019-05-07 19:30:21,459 - INFO - allennlp.training.trainer - Validating
2019-05-07 19:31:14,957 - INFO - allennlp.training.tensorboard_writer -                     Training |  Validation
2019-05-07 19:31:14,959 - INFO - allennlp.training.tensorboard_writer - gpu_0_memory_MB |  4119.000  |       N/A
2019-05-07 19:31:14,959 - INFO - allennlp.training.tensorboard_writer - cpu_memory_MB   |  7494.332  |       N/A
2019-05-07 19:31:14,959 - INFO - allennlp.training.tensorboard_writer - loss            |     3.087  |  1954679.481
2019-05-07 19:31:14,960 - INFO - allennlp.training.tensorboard_writer - f1              |     0.353  |     0.347
2019-05-07 19:31:14,960 - INFO - allennlp.training.tensorboard_writer - em              |     0.314  |     0.321
2019-05-07 19:31:24,425 - INFO - allennlp.training.checkpointer - Best validation performance so far. Copying weights to 'out/baseline_simple_10/best.th'.
2019-05-07 19:31:33,113 - INFO - allennlp.training.trainer - Epoch duration: 00:16:33
2019-05-07 19:31:33,116 - INFO - allennlp.training.trainer - Estimated training time remaining: 0:50:25
2019-05-07 19:31:33,117 - INFO - allennlp.training.trainer - Epoch 7/9
2019-05-07 19:31:33,117 - INFO - allennlp.training.trainer - Peak CPU memory usage MB: 7494.484
2019-05-07 19:31:33,254 - INFO - allennlp.training.trainer - GPU 0 memory usage MB: 4119
2019-05-07 19:31:33,257 - INFO - allennlp.training.trainer - Training
2019-05-07 19:46:52,920 - INFO - allennlp.training.trainer - Validating
2019-05-07 19:47:46,234 - INFO - allennlp.training.tensorboard_writer -                     Training |  Validation
2019-05-07 19:47:46,236 - INFO - allennlp.training.tensorboard_writer - gpu_0_memory_MB |  4119.000  |       N/A
2019-05-07 19:47:46,236 - INFO - allennlp.training.tensorboard_writer - cpu_memory_MB   |  7494.484  |       N/A
2019-05-07 19:47:46,236 - INFO - allennlp.training.tensorboard_writer - loss            |     3.018  |  1953644.685
2019-05-07 19:47:46,236 - INFO - allennlp.training.tensorboard_writer - f1              |     0.365  |     0.355
2019-05-07 19:47:46,237 - INFO - allennlp.training.tensorboard_writer - em              |     0.325  |     0.327
2019-05-07 19:48:00,486 - INFO - allennlp.training.checkpointer - Best validation performance so far. Copying weights to 'out/baseline_simple_10/best.th'.
2019-05-07 19:48:12,157 - INFO - allennlp.training.trainer - Epoch duration: 00:16:39
2019-05-07 19:48:12,163 - INFO - allennlp.training.trainer - Estimated training time remaining: 0:33:34
2019-05-07 19:48:12,163 - INFO - allennlp.training.trainer - Epoch 8/9
2019-05-07 19:48:12,163 - INFO - allennlp.training.trainer - Peak CPU memory usage MB: 7494.628
2019-05-07 19:48:12,469 - INFO - allennlp.training.trainer - GPU 0 memory usage MB: 4120
2019-05-07 19:48:12,472 - INFO - allennlp.training.trainer - Training
2019-05-07 20:03:33,865 - INFO - allennlp.training.trainer - Validating
2019-05-07 20:04:27,322 - INFO - allennlp.training.tensorboard_writer -                     Training |  Validation
2019-05-07 20:04:27,324 - INFO - allennlp.training.tensorboard_writer - gpu_0_memory_MB |  4120.000  |       N/A
2019-05-07 20:04:27,324 - INFO - allennlp.training.tensorboard_writer - cpu_memory_MB   |  7494.628  |       N/A
2019-05-07 20:04:27,325 - INFO - allennlp.training.tensorboard_writer - loss            |     2.956  |  1955714.200
2019-05-07 20:04:27,325 - INFO - allennlp.training.tensorboard_writer - f1              |     0.374  |     0.361
2019-05-07 20:04:27,325 - INFO - allennlp.training.tensorboard_writer - em              |     0.334  |     0.333
2019-05-07 20:04:32,100 - INFO - allennlp.training.checkpointer - Best validation performance so far. Copying weights to 'out/baseline_simple_10/best.th'.
2019-05-07 20:04:36,503 - INFO - allennlp.training.trainer - Epoch duration: 00:16:24
2019-05-07 20:04:36,503 - INFO - allennlp.training.trainer - Estimated training time remaining: 0:16:44
2019-05-07 20:04:36,503 - INFO - allennlp.training.trainer - Epoch 9/9
2019-05-07 20:04:36,503 - INFO - allennlp.training.trainer - Peak CPU memory usage MB: 7494.628
2019-05-07 20:04:36,695 - INFO - allennlp.training.trainer - GPU 0 memory usage MB: 4119
2019-05-07 20:04:36,698 - INFO - allennlp.training.trainer - Training
2019-05-07 20:19:56,462 - INFO - allennlp.training.trainer - Validating
2019-05-07 20:20:49,899 - INFO - allennlp.training.tensorboard_writer -                     Training |  Validation
2019-05-07 20:20:49,901 - INFO - allennlp.training.tensorboard_writer - gpu_0_memory_MB |  4119.000  |       N/A
2019-05-07 20:20:49,901 - INFO - allennlp.training.tensorboard_writer - cpu_memory_MB   |  7494.628  |       N/A
2019-05-07 20:20:49,901 - INFO - allennlp.training.tensorboard_writer - loss            |     2.904  |  1955714.171
2019-05-07 20:20:49,901 - INFO - allennlp.training.tensorboard_writer - f1              |     0.382  |     0.365
2019-05-07 20:20:49,902 - INFO - allennlp.training.tensorboard_writer - em              |     0.341  |     0.337
2019-05-07 20:20:56,813 - INFO - allennlp.training.checkpointer - Best validation performance so far. Copying weights to 'out/baseline_simple_10/best.th'.
2019-05-07 20:21:02,334 - INFO - allennlp.training.trainer - Epoch duration: 00:16:25
2019-05-07 20:21:02,338 - INFO - allennlp.training.checkpointer - loading best weights
