0it [00:00, ?it/s]
8950it [00:10, 894.95it/s]
17922it [00:20, 895.60it/s]
26893it [00:30, 890.28it/s]
35759it [00:40, 889.17it/s]
44760it [00:50, 892.40it/s]
53761it [01:00, 891.04it/s]
62676it [01:10, 891.15it/s]
71591it [01:21, 870.97it/s]
71659it [01:21, 882.26it/s]

0it [00:00, ?it/s]
479079it [00:10, 47907.70it/s]
965975it [00:20, 48139.57it/s]
1453466it [00:30, 48320.79it/s]
1702926it [00:35, 48492.86it/s]

0it [00:00, ?it/s]
382247it [00:10, 38224.43it/s]
828267it [00:20, 39937.57it/s]
1300263it [00:30, 41870.12it/s]
1702926it [00:38, 44356.24it/s]

  0%|          | 0/4104 [00:00<?, ?it/s]
em: 0.0103, f1: 0.0103, loss: 4.5512 ||:   1%|1         | 43/4104 [00:10<15:53,  4.26it/s]
em: 0.0097, f1: 0.0097, loss: 5.1736 ||:   2%|2         | 92/4104 [00:20<15:07,  4.42it/s]
em: 0.0108, f1: 0.0108, loss: 4.9689 ||:   3%|3         | 141/4104 [00:30<14:34,  4.53it/s]
em: 0.0120, f1: 0.0120, loss: 4.8990 ||:   5%|4         | 190/4104 [00:43<15:13,  4.29it/s]
em: 0.0111, f1: 0.0111, loss: 4.7932 ||:   6%|5         | 233/4104 [00:53<15:03,  4.29it/s]
em: 0.0116, f1: 0.0116, loss: 4.8402 ||:   7%|6         | 283/4104 [01:03<14:15,  4.47it/s]
em: 0.0124, f1: 0.0124, loss: 4.8497 ||:   8%|8         | 333/4104 [01:14<13:53,  4.53it/s]
em: 0.0125, f1: 0.0125, loss: 5.1251 ||:   9%|9         | 381/4104 [01:25<13:57,  4.45it/s]
em: 0.0127, f1: 0.0127, loss: 5.0852 ||:  10%|#         | 430/4104 [01:35<13:27,  4.55it/s]
em: 0.0124, f1: 0.0124, loss: 5.0361 ||:  12%|#1        | 481/4104 [01:45<12:53,  4.69it/s]
em: 0.0124, f1: 0.0124, loss: 5.0316 ||:  13%|#2        | 532/4104 [01:56<12:34,  4.73it/s]
em: 0.0122, f1: 0.0122, loss: 4.9744 ||:  14%|#4        | 581/4104 [02:07<12:41,  4.62it/s]
em: 0.0119, f1: 0.0119, loss: 4.9876 ||:  15%|#5        | 629/4104 [02:17<12:25,  4.66it/s]
em: 0.0119, f1: 0.0121, loss: 5.0260 ||:  17%|#6        | 678/4104 [02:27<12:06,  4.72it/s]
em: 0.0118, f1: 0.0119, loss: 5.0386 ||:  18%|#7        | 727/4104 [02:38<12:11,  4.62it/s]
em: 0.0121, f1: 0.0122, loss: 5.1204 ||:  19%|#8        | 776/4104 [02:48<11:48,  4.70it/s]
em: 0.0122, f1: 0.0124, loss: 5.0794 ||:  20%|##        | 825/4104 [02:58<11:32,  4.73it/s]
em: 0.0124, f1: 0.0126, loss: 5.1003 ||:  21%|##1       | 874/4104 [03:08<11:17,  4.77it/s]
em: 0.0130, f1: 0.0132, loss: 5.0919 ||:  22%|##2       | 923/4104 [03:23<12:29,  4.24it/s]
em: 0.0130, f1: 0.0132, loss: 5.1017 ||:  24%|##3       | 973/4104 [03:33<11:47,  4.42it/s]
em: 0.0129, f1: 0.0132, loss: 5.0866 ||:  25%|##4       | 1023/4104 [03:43<11:18,  4.54it/s]
em: 0.0129, f1: 0.0132, loss: 5.0995 ||:  26%|##6       | 1072/4104 [03:55<11:13,  4.50it/s]
em: 0.0125, f1: 0.0128, loss: 5.0483 ||:  27%|##7       | 1121/4104 [04:05<10:49,  4.59it/s]
em: 0.0127, f1: 0.0130, loss: 5.0548 ||:  29%|##8       | 1170/4104 [04:15<10:29,  4.66it/s]
em: 0.0126, f1: 0.0129, loss: 5.0540 ||:  30%|##9       | 1219/4104 [04:26<10:33,  4.55it/s]
em: 0.0125, f1: 0.0128, loss: 5.0791 ||:  31%|###       | 1268/4104 [04:36<10:11,  4.64it/s]
em: 0.0125, f1: 0.0128, loss: 5.0491 ||:  32%|###2      | 1317/4104 [04:46<09:52,  4.70it/s]
em: 0.0125, f1: 0.0128, loss: 5.0712 ||:  33%|###3      | 1366/4104 [04:57<09:38,  4.73it/s]
em: 0.0123, f1: 0.0126, loss: 5.0513 ||:  34%|###4      | 1414/4104 [05:08<09:49,  4.57it/s]
em: 0.0123, f1: 0.0126, loss: 5.0553 ||:  36%|###5      | 1462/4104 [05:18<09:33,  4.61it/s]
em: 0.0124, f1: 0.0127, loss: 5.0862 ||:  37%|###6      | 1510/4104 [05:28<09:17,  4.65it/s]
em: 0.0126, f1: 0.0129, loss: 5.1171 ||:  38%|###7      | 1559/4104 [05:39<09:15,  4.58it/s]
em: 0.0128, f1: 0.0130, loss: 5.1422 ||:  39%|###9      | 1608/4104 [05:49<08:54,  4.67it/s]
em: 0.0129, f1: 0.0131, loss: 5.1567 ||:  40%|####      | 1657/4104 [06:00<08:39,  4.71it/s]
em: 0.0130, f1: 0.0132, loss: 5.1488 ||:  42%|####1     | 1706/4104 [06:10<08:24,  4.75it/s]
em: 0.0131, f1: 0.0134, loss: 5.1625 ||:  43%|####2     | 1755/4104 [06:24<09:15,  4.23it/s]
em: 0.0132, f1: 0.0135, loss: 5.1520 ||:  44%|####3     | 1804/4104 [06:34<08:43,  4.39it/s]
em: 0.0132, f1: 0.0134, loss: 5.1542 ||:  45%|####5     | 1854/4104 [06:45<08:15,  4.54it/s]
em: 0.0131, f1: 0.0133, loss: 5.1530 ||:  46%|####6     | 1904/4104 [06:56<08:10,  4.49it/s]
em: 0.0130, f1: 0.0133, loss: 5.1927 ||:  48%|####7     | 1951/4104 [07:06<07:53,  4.55it/s]
em: 0.0129, f1: 0.0131, loss: 5.2251 ||:  49%|####8     | 2000/4104 [07:16<07:35,  4.62it/s]
em: 0.0130, f1: 0.0133, loss: 5.2353 ||:  50%|####9     | 2048/4104 [07:26<07:21,  4.66it/s]
em: 0.0131, f1: 0.0134, loss: 5.2365 ||:  51%|#####1    | 2096/4104 [07:37<07:20,  4.56it/s]
em: 0.0131, f1: 0.0134, loss: 5.2477 ||:  52%|#####2    | 2144/4104 [07:47<07:05,  4.61it/s]
em: 0.0132, f1: 0.0135, loss: 5.2422 ||:  53%|#####3    | 2194/4104 [07:58<06:46,  4.70it/s]
em: 0.0133, f1: 0.0135, loss: 5.2479 ||:  55%|#####4    | 2244/4104 [08:09<06:39,  4.66it/s]
em: 0.0132, f1: 0.0135, loss: 5.2467 ||:  56%|#####5    | 2293/4104 [08:19<06:23,  4.73it/s]
em: 0.0132, f1: 0.0135, loss: 5.2543 ||:  57%|#####7    | 2342/4104 [08:29<06:11,  4.75it/s]
em: 0.0131, f1: 0.0134, loss: 5.2430 ||:  58%|#####8    | 2392/4104 [08:39<05:56,  4.81it/s]
em: 0.0131, f1: 0.0134, loss: 5.2279 ||:  60%|#####9    | 2442/4104 [08:50<05:55,  4.68it/s]
em: 0.0132, f1: 0.0135, loss: 5.2207 ||:  61%|######    | 2493/4104 [09:00<05:36,  4.78it/s]
em: 0.0131, f1: 0.0134, loss: 5.2488 ||:  62%|######1   | 2544/4104 [09:11<05:22,  4.83it/s]
em: 0.0131, f1: 0.0133, loss: 5.2751 ||:  63%|######3   | 2594/4104 [09:22<05:20,  4.71it/s]
em: 0.0131, f1: 0.0133, loss: 5.2617 ||:  64%|######4   | 2643/4104 [09:32<05:06,  4.76it/s]
em: 0.0132, f1: 0.0134, loss: 5.2683 ||:  66%|######5   | 2693/4104 [09:42<04:53,  4.81it/s]
em: 0.0132, f1: 0.0134, loss: 5.2885 ||:  67%|######6   | 2743/4104 [09:54<04:52,  4.65it/s]
em: 0.0131, f1: 0.0133, loss: 5.2666 ||:  68%|######8   | 2792/4104 [10:04<04:39,  4.70it/s]
em: 0.0131, f1: 0.0133, loss: 5.2623 ||:  69%|######9   | 2842/4104 [10:14<04:24,  4.77it/s]
em: 0.0131, f1: 0.0133, loss: 5.2571 ||:  70%|#######   | 2892/4104 [10:29<04:49,  4.19it/s]
em: 0.0131, f1: 0.0133, loss: 5.2521 ||:  72%|#######1  | 2941/4104 [10:39<04:26,  4.37it/s]
em: 0.0130, f1: 0.0133, loss: 5.2503 ||:  73%|#######2  | 2990/4104 [10:50<04:08,  4.49it/s]
em: 0.0130, f1: 0.0133, loss: 5.2504 ||:  74%|#######4  | 3039/4104 [11:00<03:53,  4.56it/s]
em: 0.0130, f1: 0.0133, loss: 5.2472 ||:  75%|#######5  | 3087/4104 [11:11<03:45,  4.50it/s]
em: 0.0130, f1: 0.0132, loss: 5.2523 ||:  76%|#######6  | 3136/4104 [11:21<03:30,  4.60it/s]
em: 0.0129, f1: 0.0132, loss: 5.2597 ||:  78%|#######7  | 3185/4104 [11:31<03:16,  4.68it/s]
em: 0.0129, f1: 0.0132, loss: 5.2604 ||:  79%|#######8  | 3234/4104 [11:42<03:08,  4.61it/s]
em: 0.0129, f1: 0.0131, loss: 5.2669 ||:  80%|########  | 3284/4104 [11:52<02:54,  4.71it/s]
em: 0.0129, f1: 0.0131, loss: 5.2671 ||:  81%|########1 | 3334/4104 [12:02<02:41,  4.77it/s]
em: 0.0130, f1: 0.0132, loss: 5.2731 ||:  82%|########2 | 3384/4104 [12:14<02:34,  4.66it/s]
em: 0.0130, f1: 0.0133, loss: 5.2734 ||:  84%|########3 | 3432/4104 [12:24<02:23,  4.68it/s]
em: 0.0131, f1: 0.0133, loss: 5.2719 ||:  85%|########4 | 3482/4104 [12:34<02:10,  4.75it/s]
em: 0.0131, f1: 0.0133, loss: 5.2685 ||:  86%|########6 | 3532/4104 [12:44<01:59,  4.78it/s]
em: 0.0131, f1: 0.0133, loss: 5.2578 ||:  87%|########7 | 3581/4104 [12:56<01:52,  4.65it/s]
em: 0.0130, f1: 0.0133, loss: 5.2684 ||:  88%|########8 | 3631/4104 [13:06<01:39,  4.74it/s]
em: 0.0130, f1: 0.0133, loss: 5.2717 ||:  90%|########9 | 3681/4104 [13:16<01:28,  4.79it/s]
em: 0.0129, f1: 0.0132, loss: 5.2700 ||:  91%|######### | 3730/4104 [13:27<01:20,  4.63it/s]
em: 0.0130, f1: 0.0133, loss: 5.2514 ||:  92%|#########2| 3778/4104 [13:37<01:09,  4.66it/s]
em: 0.0130, f1: 0.0133, loss: 5.2505 ||:  93%|#########3| 3826/4104 [13:47<00:59,  4.69it/s]
em: 0.0130, f1: 0.0132, loss: 5.2383 ||:  94%|#########4| 3874/4104 [13:57<00:48,  4.72it/s]
em: 0.0129, f1: 0.0131, loss: 5.2218 ||:  96%|#########5| 3922/4104 [14:08<00:39,  4.65it/s]
em: 0.0127, f1: 0.0130, loss: 5.2097 ||:  97%|#########6| 3970/4104 [14:18<00:28,  4.69it/s]
em: 0.0126, f1: 0.0128, loss: 5.1966 ||:  98%|#########7| 4019/4104 [14:28<00:17,  4.74it/s]
em: 0.0124, f1: 0.0127, loss: 5.1838 ||:  99%|#########9| 4068/4104 [14:39<00:07,  4.65it/s]
em: 0.0124, f1: 0.0126, loss: 5.1816 ||: : 4117it [14:49,  4.70it/s]                        
em: 0.0123, f1: 0.0125, loss: 5.1728 ||: : 4158it [14:58,  4.63it/s]

  0%|          | 0/376 [00:00<?, ?it/s]
em: 0.0189, f1: 0.0189, loss: 5.4375 ||:  20%|##        | 77/376 [00:10<00:39,  7.59it/s]
em: 0.0182, f1: 0.0182, loss: 5.5368 ||:  41%|####      | 153/376 [00:23<00:32,  6.96it/s]
em: 0.0197, f1: 0.0197, loss: 5.6227 ||:  65%|######4   | 244/376 [00:33<00:17,  7.48it/s]
em: 0.0161, f1: 0.0161, loss: 5.3273 ||:  90%|########9 | 338/376 [00:43<00:04,  7.97it/s]
em: 0.0148, f1: 0.0148, loss: 5.3179 ||: : 381it [00:48,  7.93it/s]                       

  0%|          | 0/4104 [00:00<?, ?it/s]
em: 0.0097, f1: 0.0097, loss: 4.8588 ||:   1%|1         | 52/4104 [00:10<12:59,  5.20it/s]
em: 0.0108, f1: 0.0108, loss: 5.1467 ||:   3%|2         | 106/4104 [00:20<12:40,  5.26it/s]
em: 0.0134, f1: 0.0134, loss: 4.9469 ||:   4%|3         | 160/4104 [00:30<12:33,  5.23it/s]
em: 0.0113, f1: 0.0113, loss: 4.9124 ||:   5%|5         | 214/4104 [00:40<12:16,  5.28it/s]
em: 0.0113, f1: 0.0113, loss: 4.7727 ||:   7%|6         | 268/4104 [00:50<12:02,  5.31it/s]
em: 0.0118, f1: 0.0118, loss: 4.8598 ||:   8%|7         | 322/4104 [01:00<11:57,  5.27it/s]
em: 0.0123, f1: 0.0123, loss: 5.1193 ||:   9%|9         | 375/4104 [01:11<11:48,  5.26it/s]
em: 0.0124, f1: 0.0124, loss: 5.1141 ||:  10%|#         | 429/4104 [01:21<11:35,  5.28it/s]
em: 0.0125, f1: 0.0125, loss: 5.0245 ||:  12%|#1        | 483/4104 [01:31<11:21,  5.31it/s]
em: 0.0123, f1: 0.0123, loss: 4.9997 ||:  13%|#3        | 537/4104 [01:41<11:14,  5.29it/s]
em: 0.0120, f1: 0.0120, loss: 4.9891 ||:  14%|#4        | 591/4104 [01:51<11:00,  5.32it/s]
em: 0.0118, f1: 0.0118, loss: 4.9599 ||:  16%|#5        | 645/4104 [02:01<10:54,  5.28it/s]
em: 0.0117, f1: 0.0119, loss: 4.9863 ||:  17%|#7        | 699/4104 [02:11<10:41,  5.30it/s]
em: 0.0121, f1: 0.0123, loss: 5.0070 ||:  18%|#8        | 753/4104 [02:21<10:28,  5.33it/s]
em: 0.0119, f1: 0.0121, loss: 5.0867 ||:  20%|#9        | 807/4104 [02:32<10:19,  5.32it/s]
em: 0.0122, f1: 0.0124, loss: 5.0763 ||:  21%|##1       | 862/4104 [02:42<10:04,  5.37it/s]
em: 0.0131, f1: 0.0133, loss: 5.0774 ||:  22%|##2       | 917/4104 [02:52<09:58,  5.33it/s]
em: 0.0130, f1: 0.0132, loss: 5.0697 ||:  24%|##3       | 971/4104 [03:02<09:46,  5.34it/s]
em: 0.0129, f1: 0.0132, loss: 5.0753 ||:  25%|##5       | 1026/4104 [03:12<09:32,  5.37it/s]
em: 0.0128, f1: 0.0131, loss: 5.0939 ||:  26%|##6       | 1081/4104 [03:23<09:26,  5.34it/s]
em: 0.0124, f1: 0.0127, loss: 5.0354 ||:  28%|##7       | 1135/4104 [03:33<09:15,  5.35it/s]
em: 0.0126, f1: 0.0129, loss: 5.0445 ||:  29%|##8       | 1189/4104 [03:43<09:09,  5.31it/s]
em: 0.0126, f1: 0.0129, loss: 5.0557 ||:  30%|###       | 1243/4104 [03:53<08:58,  5.31it/s]
em: 0.0124, f1: 0.0127, loss: 5.0559 ||:  32%|###1      | 1297/4104 [04:04<08:49,  5.30it/s]
em: 0.0124, f1: 0.0127, loss: 5.0484 ||:  33%|###2      | 1351/4104 [04:14<08:37,  5.32it/s]
em: 0.0123, f1: 0.0126, loss: 5.0441 ||:  34%|###4      | 1405/4104 [04:24<08:26,  5.33it/s]
em: 0.0124, f1: 0.0126, loss: 5.0388 ||:  36%|###5      | 1459/4104 [04:34<08:24,  5.24it/s]
em: 0.0124, f1: 0.0127, loss: 5.0710 ||:  37%|###6      | 1514/4104 [04:45<08:08,  5.30it/s]
em: 0.0127, f1: 0.0130, loss: 5.1136 ||:  38%|###8      | 1569/4104 [04:55<07:58,  5.30it/s]
em: 0.0128, f1: 0.0130, loss: 5.1086 ||:  40%|###9      | 1624/4104 [05:05<07:43,  5.36it/s]
em: 0.0129, f1: 0.0132, loss: 5.1418 ||:  41%|####      | 1679/4104 [05:15<07:35,  5.32it/s]
em: 0.0129, f1: 0.0131, loss: 5.1414 ||:  42%|####2     | 1734/4104 [05:25<07:21,  5.37it/s]
em: 0.0133, f1: 0.0136, loss: 5.1169 ||:  44%|####3     | 1789/4104 [05:36<07:15,  5.31it/s]
em: 0.0132, f1: 0.0135, loss: 5.1330 ||:  45%|####4     | 1843/4104 [05:46<07:04,  5.33it/s]
em: 0.0131, f1: 0.0133, loss: 5.1232 ||:  46%|####6     | 1897/4104 [05:56<06:53,  5.34it/s]
em: 0.0129, f1: 0.0132, loss: 5.1585 ||:  48%|####7     | 1951/4104 [06:07<06:47,  5.29it/s]
em: 0.0129, f1: 0.0132, loss: 5.2042 ||:  49%|####8     | 2006/4104 [06:17<06:34,  5.32it/s]
em: 0.0129, f1: 0.0132, loss: 5.2140 ||:  50%|#####     | 2061/4104 [06:27<06:25,  5.30it/s]
em: 0.0131, f1: 0.0133, loss: 5.2132 ||:  52%|#####1    | 2115/4104 [06:37<06:14,  5.32it/s]
em: 0.0131, f1: 0.0134, loss: 5.2264 ||:  53%|#####2    | 2169/4104 [06:48<06:06,  5.29it/s]
em: 0.0132, f1: 0.0135, loss: 5.2270 ||:  54%|#####4    | 2225/4104 [06:58<05:50,  5.36it/s]
em: 0.0132, f1: 0.0135, loss: 5.2229 ||:  56%|#####5    | 2281/4104 [07:08<05:39,  5.36it/s]
em: 0.0132, f1: 0.0135, loss: 5.2381 ||:  57%|#####6    | 2335/4104 [07:18<05:30,  5.36it/s]
em: 0.0131, f1: 0.0133, loss: 5.2178 ||:  58%|#####8    | 2389/4104 [07:28<05:19,  5.37it/s]
em: 0.0132, f1: 0.0134, loss: 5.2043 ||:  60%|#####9    | 2443/4104 [07:39<05:11,  5.34it/s]
em: 0.0132, f1: 0.0134, loss: 5.2131 ||:  61%|######    | 2499/4104 [07:49<04:57,  5.39it/s]
em: 0.0131, f1: 0.0134, loss: 5.2425 ||:  62%|######2   | 2555/4104 [07:59<04:49,  5.36it/s]
em: 0.0130, f1: 0.0132, loss: 5.2602 ||:  64%|######3   | 2610/4104 [08:09<04:36,  5.40it/s]
em: 0.0132, f1: 0.0134, loss: 5.2496 ||:  65%|######4   | 2665/4104 [08:20<04:29,  5.34it/s]
em: 0.0132, f1: 0.0135, loss: 5.2680 ||:  66%|######6   | 2719/4104 [08:30<04:19,  5.34it/s]
em: 0.0131, f1: 0.0133, loss: 5.2614 ||:  68%|######7   | 2773/4104 [08:40<04:09,  5.33it/s]
em: 0.0131, f1: 0.0134, loss: 5.2528 ||:  69%|######8   | 2827/4104 [08:50<04:00,  5.32it/s]
em: 0.0130, f1: 0.0133, loss: 5.2486 ||:  70%|#######   | 2881/4104 [09:01<03:49,  5.32it/s]
em: 0.0131, f1: 0.0133, loss: 5.2422 ||:  72%|#######1  | 2935/4104 [09:11<03:39,  5.32it/s]
em: 0.0130, f1: 0.0133, loss: 5.2313 ||:  73%|#######2  | 2988/4104 [09:21<03:30,  5.29it/s]
em: 0.0130, f1: 0.0133, loss: 5.2420 ||:  74%|#######4  | 3041/4104 [09:31<03:21,  5.27it/s]
em: 0.0131, f1: 0.0133, loss: 5.2456 ||:  75%|#######5  | 3096/4104 [09:41<03:09,  5.31it/s]
em: 0.0130, f1: 0.0133, loss: 5.2427 ||:  77%|#######6  | 3151/4104 [09:52<02:59,  5.30it/s]
em: 0.0129, f1: 0.0132, loss: 5.2546 ||:  78%|#######8  | 3205/4104 [10:02<02:48,  5.32it/s]
em: 0.0129, f1: 0.0131, loss: 5.2601 ||:  79%|#######9  | 3259/4104 [10:12<02:38,  5.33it/s]
em: 0.0128, f1: 0.0131, loss: 5.2628 ||:  81%|########  | 3314/4104 [10:22<02:27,  5.36it/s]
em: 0.0130, f1: 0.0132, loss: 5.2690 ||:  82%|########2 | 3369/4104 [10:32<02:17,  5.34it/s]
em: 0.0130, f1: 0.0132, loss: 5.2619 ||:  83%|########3 | 3423/4104 [10:43<02:07,  5.33it/s]
em: 0.0130, f1: 0.0133, loss: 5.2650 ||:  85%|########4 | 3476/4104 [10:53<01:58,  5.31it/s]
em: 0.0131, f1: 0.0134, loss: 5.2612 ||:  86%|########6 | 3531/4104 [11:03<01:47,  5.34it/s]
em: 0.0130, f1: 0.0133, loss: 5.2590 ||:  87%|########7 | 3586/4104 [11:13<01:37,  5.32it/s]
em: 0.0130, f1: 0.0133, loss: 5.2658 ||:  89%|########8 | 3641/4104 [11:23<01:26,  5.36it/s]
em: 0.0130, f1: 0.0132, loss: 5.2708 ||:  90%|######### | 3696/4104 [11:34<01:16,  5.34it/s]
em: 0.0130, f1: 0.0133, loss: 5.2588 ||:  91%|#########1| 3749/4104 [11:44<01:06,  5.31it/s]
em: 0.0130, f1: 0.0133, loss: 5.2502 ||:  93%|#########2| 3802/4104 [11:54<00:57,  5.25it/s]
em: 0.0130, f1: 0.0132, loss: 5.2375 ||:  94%|#########3| 3855/4104 [12:04<00:47,  5.24it/s]
em: 0.0129, f1: 0.0132, loss: 5.2189 ||:  95%|#########5| 3910/4104 [12:14<00:36,  5.30it/s]
em: 0.0127, f1: 0.0130, loss: 5.2031 ||:  97%|#########6| 3965/4104 [12:25<00:26,  5.27it/s]
em: 0.0126, f1: 0.0128, loss: 5.1879 ||:  98%|#########7| 4018/4104 [12:35<00:16,  5.26it/s]
em: 0.0124, f1: 0.0127, loss: 5.1796 ||:  99%|#########9| 4073/4104 [12:45<00:05,  5.32it/s]
em: 0.0123, f1: 0.0126, loss: 5.1738 ||: : 4128it [12:56,  5.28it/s]                        
em: 0.0123, f1: 0.0125, loss: 5.1698 ||: : 4158it [13:01,  5.32it/s]

  0%|          | 0/376 [00:00<?, ?it/s]
em: 0.0161, f1: 0.0161, loss: 4.8158 ||:  30%|###       | 114/376 [00:10<00:23, 11.36it/s]
em: 0.0203, f1: 0.0203, loss: 5.6661 ||:  61%|######    | 228/376 [00:20<00:13, 11.29it/s]
em: 0.0156, f1: 0.0156, loss: 5.2056 ||:  93%|#########2| 348/376 [00:30<00:02, 11.48it/s]
em: 0.0148, f1: 0.0148, loss: 5.2892 ||: : 381it [00:33, 11.51it/s]                       

  0%|          | 0/4104 [00:00<?, ?it/s]
em: 0.0095, f1: 0.0095, loss: 4.8165 ||:   1%|1         | 53/4104 [00:10<12:47,  5.28it/s]
em: 0.0107, f1: 0.0107, loss: 5.2165 ||:   3%|2         | 107/4104 [00:20<12:32,  5.31it/s]
em: 0.0138, f1: 0.0138, loss: 4.9095 ||:   4%|3         | 161/4104 [00:30<12:26,  5.28it/s]
em: 0.0112, f1: 0.0112, loss: 4.8570 ||:   5%|5         | 216/4104 [00:40<12:10,  5.33it/s]
em: 0.0112, f1: 0.0112, loss: 4.7297 ||:   7%|6         | 271/4104 [00:50<11:55,  5.36it/s]
em: 0.0121, f1: 0.0121, loss: 4.8602 ||:   8%|7         | 326/4104 [01:01<11:52,  5.31it/s]
em: 0.0124, f1: 0.0124, loss: 5.1254 ||:   9%|9         | 379/4104 [01:11<11:43,  5.30it/s]
em: 0.0128, f1: 0.0128, loss: 5.0600 ||:  11%|#         | 432/4104 [01:21<11:33,  5.29it/s]
em: 0.0126, f1: 0.0126, loss: 5.0187 ||:  12%|#1        | 487/4104 [01:31<11:16,  5.35it/s]
em: 0.0126, f1: 0.0126, loss: 5.0120 ||:  13%|#3        | 542/4104 [01:41<11:07,  5.33it/s]
em: 0.0119, f1: 0.0119, loss: 4.9776 ||:  15%|#4        | 596/4104 [01:51<10:56,  5.35it/s]
em: 0.0118, f1: 0.0119, loss: 4.9539 ||:  16%|#5        | 650/4104 [02:02<10:51,  5.30it/s]
em: 0.0117, f1: 0.0119, loss: 4.9983 ||:  17%|#7        | 705/4104 [02:12<10:34,  5.35it/s]
em: 0.0123, f1: 0.0124, loss: 5.0297 ||:  19%|#8        | 760/4104 [02:22<10:23,  5.36it/s]
em: 0.0121, f1: 0.0123, loss: 5.1030 ||:  20%|#9        | 814/4104 [02:32<10:17,  5.33it/s]
em: 0.0125, f1: 0.0127, loss: 5.0825 ||:  21%|##1       | 869/4104 [02:42<10:03,  5.36it/s]
em: 0.0131, f1: 0.0133, loss: 5.0513 ||:  23%|##2       | 924/4104 [02:53<09:57,  5.32it/s]
em: 0.0129, f1: 0.0132, loss: 5.0613 ||:  24%|##3       | 978/4104 [03:03<09:47,  5.32it/s]
em: 0.0129, f1: 0.0131, loss: 5.0788 ||:  25%|##5       | 1033/4104 [03:13<09:34,  5.34it/s]
em: 0.0128, f1: 0.0130, loss: 5.0681 ||:  26%|##6       | 1087/4104 [03:23<09:24,  5.34it/s]
em: 0.0126, f1: 0.0129, loss: 5.0254 ||:  28%|##7       | 1141/4104 [03:34<09:19,  5.30it/s]
em: 0.0126, f1: 0.0129, loss: 5.0438 ||:  29%|##9       | 1195/4104 [03:44<09:07,  5.31it/s]
em: 0.0126, f1: 0.0129, loss: 5.0497 ||:  30%|###       | 1249/4104 [03:54<08:56,  5.32it/s]
em: 0.0125, f1: 0.0128, loss: 5.0405 ||:  32%|###1      | 1303/4104 [04:04<08:48,  5.30it/s]
em: 0.0125, f1: 0.0128, loss: 5.0332 ||:  33%|###3      | 1358/4104 [04:14<08:32,  5.36it/s]
em: 0.0123, f1: 0.0126, loss: 5.0327 ||:  34%|###4      | 1413/4104 [04:25<08:28,  5.29it/s]
em: 0.0123, f1: 0.0126, loss: 5.0321 ||:  36%|###5      | 1465/4104 [04:35<08:22,  5.25it/s]
em: 0.0124, f1: 0.0127, loss: 5.0639 ||:  37%|###7      | 1519/4104 [04:45<08:09,  5.28it/s]
em: 0.0128, f1: 0.0131, loss: 5.1005 ||:  38%|###8      | 1573/4104 [04:55<07:59,  5.28it/s]
em: 0.0128, f1: 0.0130, loss: 5.1055 ||:  40%|###9      | 1628/4104 [05:05<07:43,  5.34it/s]
em: 0.0130, f1: 0.0132, loss: 5.1363 ||:  41%|####1     | 1683/4104 [05:16<07:33,  5.33it/s]
em: 0.0130, f1: 0.0133, loss: 5.1394 ||:  42%|####2     | 1737/4104 [05:26<07:23,  5.34it/s]
em: 0.0133, f1: 0.0135, loss: 5.1260 ||:  44%|####3     | 1791/4104 [05:36<07:13,  5.34it/s]
em: 0.0132, f1: 0.0135, loss: 5.1339 ||:  45%|####4     | 1846/4104 [05:46<07:00,  5.37it/s]
em: 0.0131, f1: 0.0133, loss: 5.1235 ||:  46%|####6     | 1901/4104 [05:56<06:52,  5.34it/s]
em: 0.0129, f1: 0.0132, loss: 5.1696 ||:  48%|####7     | 1955/4104 [06:06<06:41,  5.35it/s]
em: 0.0129, f1: 0.0132, loss: 5.2136 ||:  49%|####8     | 2009/4104 [06:17<06:34,  5.32it/s]
em: 0.0131, f1: 0.0134, loss: 5.2183 ||:  50%|#####     | 2062/4104 [06:27<06:25,  5.30it/s]
em: 0.0131, f1: 0.0133, loss: 5.2260 ||:  52%|#####1    | 2115/4104 [06:37<06:16,  5.28it/s]
em: 0.0131, f1: 0.0134, loss: 5.2325 ||:  53%|#####2    | 2168/4104 [06:47<06:06,  5.28it/s]
em: 0.0133, f1: 0.0136, loss: 5.2213 ||:  54%|#####4    | 2224/4104 [06:57<05:51,  5.35it/s]
em: 0.0132, f1: 0.0135, loss: 5.2246 ||:  56%|#####5    | 2280/4104 [07:07<05:39,  5.38it/s]
em: 0.0132, f1: 0.0135, loss: 5.2356 ||:  57%|#####6    | 2335/4104 [07:18<05:31,  5.34it/s]
em: 0.0131, f1: 0.0134, loss: 5.2206 ||:  58%|#####8    | 2389/4104 [07:28<05:20,  5.35it/s]
em: 0.0131, f1: 0.0134, loss: 5.2013 ||:  60%|#####9    | 2443/4104 [07:38<05:11,  5.32it/s]
em: 0.0132, f1: 0.0134, loss: 5.2156 ||:  61%|######    | 2499/4104 [07:48<04:58,  5.38it/s]
em: 0.0131, f1: 0.0134, loss: 5.2417 ||:  62%|######2   | 2555/4104 [07:59<04:48,  5.37it/s]
em: 0.0130, f1: 0.0132, loss: 5.2500 ||:  64%|######3   | 2610/4104 [08:09<04:37,  5.39it/s]
em: 0.0132, f1: 0.0135, loss: 5.2477 ||:  65%|######4   | 2665/4104 [08:20<04:29,  5.34it/s]
em: 0.0132, f1: 0.0134, loss: 5.2714 ||:  66%|######6   | 2718/4104 [08:30<04:20,  5.32it/s]
em: 0.0131, f1: 0.0133, loss: 5.2550 ||:  68%|######7   | 2772/4104 [08:40<04:09,  5.33it/s]
em: 0.0131, f1: 0.0133, loss: 5.2412 ||:  69%|######8   | 2826/4104 [08:50<04:01,  5.30it/s]
em: 0.0131, f1: 0.0133, loss: 5.2365 ||:  70%|#######   | 2881/4104 [09:00<03:49,  5.33it/s]
em: 0.0131, f1: 0.0133, loss: 5.2366 ||:  72%|#######1  | 2936/4104 [09:11<03:40,  5.31it/s]
em: 0.0131, f1: 0.0133, loss: 5.2337 ||:  73%|#######2  | 2989/4104 [09:21<03:30,  5.29it/s]
em: 0.0130, f1: 0.0133, loss: 5.2374 ||:  74%|#######4  | 3042/4104 [09:31<03:21,  5.27it/s]
em: 0.0130, f1: 0.0133, loss: 5.2421 ||:  75%|#######5  | 3096/4104 [09:41<03:10,  5.30it/s]
em: 0.0130, f1: 0.0133, loss: 5.2371 ||:  77%|#######6  | 3150/4104 [09:51<02:59,  5.30it/s]
em: 0.0130, f1: 0.0132, loss: 5.2556 ||:  78%|#######8  | 3204/4104 [10:01<02:49,  5.31it/s]
em: 0.0129, f1: 0.0131, loss: 5.2540 ||:  79%|#######9  | 3259/4104 [10:11<02:37,  5.36it/s]
em: 0.0129, f1: 0.0131, loss: 5.2470 ||:  81%|########  | 3314/4104 [10:21<02:26,  5.38it/s]
em: 0.0130, f1: 0.0132, loss: 5.2689 ||:  82%|########2 | 3369/4104 [10:31<02:16,  5.39it/s]
em: 0.0130, f1: 0.0132, loss: 5.2613 ||:  83%|########3 | 3424/4104 [10:42<02:07,  5.34it/s]
em: 0.0131, f1: 0.0133, loss: 5.2634 ||:  85%|########4 | 3478/4104 [10:52<01:57,  5.33it/s]
em: 0.0131, f1: 0.0133, loss: 5.2570 ||:  86%|########6 | 3533/4104 [11:02<01:46,  5.36it/s]
em: 0.0130, f1: 0.0133, loss: 5.2521 ||:  87%|########7 | 3588/4104 [11:13<01:37,  5.31it/s]
em: 0.0130, f1: 0.0133, loss: 5.2654 ||:  89%|########8 | 3643/4104 [11:23<01:26,  5.36it/s]
em: 0.0130, f1: 0.0132, loss: 5.2597 ||:  90%|######### | 3698/4104 [11:33<01:15,  5.36it/s]
em: 0.0130, f1: 0.0133, loss: 5.2499 ||:  91%|#########1| 3752/4104 [11:43<01:06,  5.33it/s]
em: 0.0130, f1: 0.0133, loss: 5.2421 ||:  93%|#########2| 3805/4104 [11:54<00:56,  5.27it/s]
em: 0.0129, f1: 0.0132, loss: 5.2348 ||:  94%|#########4| 3859/4104 [12:04<00:46,  5.28it/s]
em: 0.0129, f1: 0.0131, loss: 5.2117 ||:  95%|#########5| 3914/4104 [12:14<00:35,  5.33it/s]
em: 0.0127, f1: 0.0130, loss: 5.1972 ||:  97%|#########6| 3969/4104 [12:24<00:25,  5.34it/s]
em: 0.0125, f1: 0.0128, loss: 5.1897 ||:  98%|#########8| 4023/4104 [12:35<00:15,  5.31it/s]
em: 0.0124, f1: 0.0126, loss: 5.1747 ||:  99%|#########9| 4078/4104 [12:45<00:04,  5.34it/s]
em: 0.0123, f1: 0.0126, loss: 5.1696 ||: : 4133it [12:55,  5.28it/s]                        
em: 0.0123, f1: 0.0125, loss: 5.1646 ||: : 4158it [13:00,  5.33it/s]

  0%|          | 0/376 [00:00<?, ?it/s]
em: 0.0160, f1: 0.0160, loss: 4.8185 ||:  31%|###       | 115/376 [00:10<00:23, 11.29it/s]
em: 0.0203, f1: 0.0203, loss: 5.6721 ||:  61%|######    | 228/376 [00:20<00:13, 11.28it/s]
em: 0.0156, f1: 0.0156, loss: 5.2035 ||:  93%|#########2| 348/376 [00:30<00:02, 11.48it/s]
em: 0.0148, f1: 0.0148, loss: 5.2887 ||: : 381it [00:33, 11.53it/s]                       

  0%|          | 0/4104 [00:00<?, ?it/s]
em: 0.0110, f1: 0.0110, loss: 4.7182 ||:   1%|1         | 52/4104 [00:10<13:08,  5.14it/s]
em: 0.0083, f1: 0.0083, loss: 5.1715 ||:   3%|2         | 107/4104 [00:20<12:44,  5.23it/s]
em: 0.0129, f1: 0.0129, loss: 4.9432 ||:   4%|3         | 162/4104 [00:30<12:32,  5.24it/s]
em: 0.0117, f1: 0.0117, loss: 4.8018 ||:   5%|5         | 217/4104 [00:40<12:14,  5.29it/s]
em: 0.0114, f1: 0.0114, loss: 4.7993 ||:   7%|6         | 272/4104 [00:51<12:01,  5.31it/s]
em: 0.0121, f1: 0.0121, loss: 4.8192 ||:   8%|7         | 326/4104 [01:01<11:55,  5.28it/s]
em: 0.0124, f1: 0.0124, loss: 5.1345 ||:   9%|9         | 379/4104 [01:11<11:45,  5.28it/s]
em: 0.0126, f1: 0.0126, loss: 5.0803 ||:  11%|#         | 432/4104 [01:21<11:35,  5.28it/s]
em: 0.0125, f1: 0.0125, loss: 5.0430 ||:  12%|#1        | 488/4104 [01:31<11:14,  5.36it/s]
em: 0.0122, f1: 0.0122, loss: 5.0133 ||:  13%|#3        | 544/4104 [01:42<11:07,  5.33it/s]
em: 0.0118, f1: 0.0118, loss: 4.9990 ||:  15%|#4        | 598/4104 [01:52<10:56,  5.34it/s]
em: 0.0119, f1: 0.0120, loss: 4.9731 ||:  16%|#5        | 652/4104 [02:02<10:52,  5.29it/s]
em: 0.0117, f1: 0.0119, loss: 5.0141 ||:  17%|#7        | 707/4104 [02:12<10:35,  5.35it/s]
em: 0.0122, f1: 0.0124, loss: 5.0406 ||:  19%|#8        | 762/4104 [02:23<10:29,  5.31it/s]
em: 0.0122, f1: 0.0124, loss: 5.0725 ||:  20%|#9        | 817/4104 [02:33<10:12,  5.36it/s]
em: 0.0124, f1: 0.0127, loss: 5.0911 ||:  21%|##1       | 872/4104 [02:43<10:03,  5.35it/s]
em: 0.0130, f1: 0.0133, loss: 5.0853 ||:  23%|##2       | 926/4104 [02:53<09:56,  5.33it/s]
em: 0.0129, f1: 0.0131, loss: 5.0719 ||:  24%|##3       | 980/4104 [03:04<09:46,  5.33it/s]
em: 0.0128, f1: 0.0131, loss: 5.0838 ||:  25%|##5       | 1035/4104 [03:14<09:32,  5.36it/s]
em: 0.0128, f1: 0.0131, loss: 5.0940 ||:  27%|##6       | 1090/4104 [03:24<09:22,  5.36it/s]
em: 0.0125, f1: 0.0128, loss: 5.0349 ||:  28%|##7       | 1144/4104 [03:34<09:17,  5.31it/s]
em: 0.0127, f1: 0.0131, loss: 5.0607 ||:  29%|##9       | 1198/4104 [03:44<09:04,  5.33it/s]
em: 0.0126, f1: 0.0129, loss: 5.0780 ||:  31%|###       | 1252/4104 [03:54<08:54,  5.33it/s]
em: 0.0124, f1: 0.0127, loss: 5.0516 ||:  32%|###1      | 1306/4104 [04:05<08:43,  5.34it/s]
em: 0.0125, f1: 0.0128, loss: 5.0527 ||:  33%|###3      | 1360/4104 [04:15<08:35,  5.33it/s]
em: 0.0123, f1: 0.0126, loss: 5.0354 ||:  34%|###4      | 1414/4104 [04:25<08:25,  5.33it/s]
em: 0.0123, f1: 0.0126, loss: 5.0614 ||:  36%|###5      | 1468/4104 [04:35<08:21,  5.26it/s]
em: 0.0126, f1: 0.0128, loss: 5.0658 ||:  37%|###7      | 1522/4104 [04:46<08:08,  5.28it/s]
em: 0.0126, f1: 0.0129, loss: 5.1123 ||:  38%|###8      | 1578/4104 [04:56<07:51,  5.36it/s]
em: 0.0128, f1: 0.0131, loss: 5.1187 ||:  40%|###9      | 1634/4104 [05:06<07:40,  5.36it/s]
em: 0.0129, f1: 0.0132, loss: 5.1218 ||:  41%|####1     | 1689/4104 [05:16<07:29,  5.37it/s]
em: 0.0130, f1: 0.0133, loss: 5.1490 ||:  42%|####2     | 1744/4104 [05:26<07:17,  5.39it/s]
em: 0.0133, f1: 0.0136, loss: 5.1335 ||:  44%|####3     | 1799/4104 [05:37<07:09,  5.37it/s]
em: 0.0132, f1: 0.0134, loss: 5.1439 ||:  45%|####5     | 1853/4104 [05:47<06:58,  5.37it/s]
em: 0.0131, f1: 0.0133, loss: 5.1374 ||:  46%|####6     | 1907/4104 [05:57<06:50,  5.35it/s]
em: 0.0129, f1: 0.0131, loss: 5.1700 ||:  48%|####7     | 1961/4104 [06:07<06:41,  5.34it/s]
em: 0.0129, f1: 0.0132, loss: 5.2127 ||:  49%|####9     | 2015/4104 [06:17<06:31,  5.34it/s]
em: 0.0130, f1: 0.0133, loss: 5.2112 ||:  50%|#####     | 2069/4104 [06:27<06:21,  5.33it/s]
em: 0.0131, f1: 0.0134, loss: 5.2100 ||:  52%|#####1    | 2123/4104 [06:37<06:11,  5.34it/s]
em: 0.0132, f1: 0.0134, loss: 5.2198 ||:  53%|#####3    | 2177/4104 [06:48<06:03,  5.31it/s]
em: 0.0133, f1: 0.0135, loss: 5.2196 ||:  54%|#####4    | 2234/4104 [06:58<05:45,  5.40it/s]
em: 0.0132, f1: 0.0135, loss: 5.2316 ||:  56%|#####5    | 2291/4104 [07:09<05:36,  5.39it/s]
em: 0.0132, f1: 0.0134, loss: 5.2376 ||:  57%|#####7    | 2345/4104 [07:19<05:28,  5.36it/s]
em: 0.0131, f1: 0.0134, loss: 5.2283 ||:  58%|#####8    | 2399/4104 [07:29<05:18,  5.36it/s]
em: 0.0132, f1: 0.0134, loss: 5.2153 ||:  60%|#####9    | 2453/4104 [07:39<05:08,  5.36it/s]
em: 0.0132, f1: 0.0134, loss: 5.2240 ||:  61%|######1   | 2509/4104 [07:49<04:54,  5.42it/s]
em: 0.0131, f1: 0.0133, loss: 5.2499 ||:  62%|######2   | 2565/4104 [07:59<04:44,  5.41it/s]
em: 0.0130, f1: 0.0132, loss: 5.2582 ||:  64%|######3   | 2620/4104 [08:09<04:33,  5.42it/s]
em: 0.0132, f1: 0.0134, loss: 5.2555 ||:  65%|######5   | 2675/4104 [08:20<04:26,  5.36it/s]
em: 0.0132, f1: 0.0135, loss: 5.2718 ||:  66%|######6   | 2729/4104 [08:30<04:17,  5.35it/s]
em: 0.0131, f1: 0.0133, loss: 5.2574 ||:  68%|######7   | 2783/4104 [08:40<04:07,  5.34it/s]
em: 0.0131, f1: 0.0133, loss: 5.2493 ||:  69%|######9   | 2837/4104 [08:50<03:56,  5.35it/s]
em: 0.0131, f1: 0.0133, loss: 5.2386 ||:  70%|#######   | 2891/4104 [09:01<03:47,  5.33it/s]
em: 0.0130, f1: 0.0133, loss: 5.2348 ||:  72%|#######1  | 2944/4104 [09:11<03:38,  5.32it/s]
em: 0.0130, f1: 0.0132, loss: 5.2359 ||:  73%|#######3  | 2998/4104 [09:21<03:28,  5.31it/s]
em: 0.0130, f1: 0.0133, loss: 5.2351 ||:  74%|#######4  | 3051/4104 [09:31<03:19,  5.27it/s]
em: 0.0130, f1: 0.0133, loss: 5.2382 ||:  76%|#######5  | 3106/4104 [09:41<03:07,  5.33it/s]
em: 0.0130, f1: 0.0133, loss: 5.2365 ||:  77%|#######7  | 3161/4104 [09:51<02:57,  5.31it/s]
em: 0.0129, f1: 0.0132, loss: 5.2501 ||:  78%|#######8  | 3216/4104 [10:02<02:46,  5.34it/s]
em: 0.0129, f1: 0.0131, loss: 5.2583 ||:  80%|#######9  | 3270/4104 [10:12<02:35,  5.35it/s]
em: 0.0129, f1: 0.0131, loss: 5.2548 ||:  81%|########1 | 3326/4104 [10:22<02:24,  5.40it/s]
em: 0.0130, f1: 0.0132, loss: 5.2650 ||:  82%|########2 | 3382/4104 [10:32<02:14,  5.38it/s]
em: 0.0130, f1: 0.0133, loss: 5.2562 ||:  84%|########3 | 3436/4104 [10:43<02:05,  5.33it/s]
em: 0.0130, f1: 0.0133, loss: 5.2612 ||:  85%|########5 | 3490/4104 [10:53<01:55,  5.33it/s]
em: 0.0131, f1: 0.0134, loss: 5.2530 ||:  86%|########6 | 3544/4104 [11:03<01:45,  5.31it/s]
em: 0.0130, f1: 0.0133, loss: 5.2480 ||:  88%|########7 | 3599/4104 [11:13<01:34,  5.36it/s]
em: 0.0130, f1: 0.0133, loss: 5.2675 ||:  89%|########9 | 3654/4104 [11:23<01:24,  5.36it/s]
em: 0.0129, f1: 0.0132, loss: 5.2601 ||:  90%|######### | 3709/4104 [11:34<01:13,  5.38it/s]
em: 0.0130, f1: 0.0133, loss: 5.2449 ||:  92%|#########1| 3764/4104 [11:44<01:04,  5.30it/s]
em: 0.0130, f1: 0.0133, loss: 5.2405 ||:  93%|#########3| 3817/4104 [11:54<00:54,  5.29it/s]
em: 0.0129, f1: 0.0132, loss: 5.2300 ||:  94%|#########4| 3870/4104 [12:04<00:44,  5.29it/s]
em: 0.0128, f1: 0.0131, loss: 5.2117 ||:  96%|#########5| 3925/4104 [12:14<00:33,  5.34it/s]
em: 0.0127, f1: 0.0129, loss: 5.1941 ||:  97%|#########6| 3980/4104 [12:25<00:23,  5.32it/s]
em: 0.0125, f1: 0.0128, loss: 5.1908 ||:  98%|#########8| 4033/4104 [12:35<00:13,  5.29it/s]
em: 0.0124, f1: 0.0127, loss: 5.1809 ||: 100%|#########9| 4089/4104 [12:45<00:02,  5.36it/s]
em: 0.0123, f1: 0.0125, loss: 5.1730 ||: : 4145it [12:56,  5.31it/s]                        
em: 0.0123, f1: 0.0125, loss: 5.1679 ||: : 4158it [12:58,  5.34it/s]

  0%|          | 0/376 [00:00<?, ?it/s]
em: 0.0160, f1: 0.0160, loss: 4.7614 ||:  31%|###       | 115/376 [00:10<00:23, 11.32it/s]
em: 0.0202, f1: 0.0202, loss: 5.8193 ||:  61%|######    | 229/376 [00:20<00:13, 11.27it/s]
em: 0.0155, f1: 0.0155, loss: 5.1705 ||:  94%|#########3| 352/376 [00:30<00:02, 11.55it/s]
em: 0.0148, f1: 0.0148, loss: 5.2917 ||: : 381it [00:32, 11.55it/s]                       

  0%|          | 0/4104 [00:00<?, ?it/s]
em: 0.0117, f1: 0.0117, loss: 4.6183 ||:   1%|1         | 54/4104 [00:10<12:41,  5.32it/s]
em: 0.0099, f1: 0.0099, loss: 5.2014 ||:   3%|2         | 109/4104 [00:20<12:26,  5.35it/s]
em: 0.0127, f1: 0.0127, loss: 4.8572 ||:   4%|3         | 164/4104 [00:30<12:16,  5.35it/s]
em: 0.0113, f1: 0.0113, loss: 4.8177 ||:   5%|5         | 219/4104 [00:40<12:03,  5.37it/s]
em: 0.0113, f1: 0.0113, loss: 4.7752 ||:   7%|6         | 274/4104 [00:50<11:51,  5.39it/s]
em: 0.0121, f1: 0.0121, loss: 4.8842 ||:   8%|8         | 329/4104 [01:01<11:46,  5.34it/s]
em: 0.0123, f1: 0.0123, loss: 5.1417 ||:   9%|9         | 382/4104 [01:11<11:41,  5.31it/s]
em: 0.0126, f1: 0.0126, loss: 5.0382 ||:  11%|#         | 438/4104 [01:21<11:22,  5.37it/s]
em: 0.0124, f1: 0.0124, loss: 5.0360 ||:  12%|#2        | 494/4104 [01:31<11:08,  5.40it/s]
em: 0.0122, f1: 0.0122, loss: 4.9986 ||:  13%|#3        | 549/4104 [01:42<11:00,  5.38it/s]
em: 0.0119, f1: 0.0119, loss: 4.9746 ||:  15%|#4        | 603/4104 [01:52<10:51,  5.37it/s]
em: 0.0120, f1: 0.0120, loss: 4.9499 ||:  16%|#6        | 657/4104 [02:02<10:45,  5.34it/s]
em: 0.0116, f1: 0.0118, loss: 5.0060 ||:  17%|#7        | 712/4104 [02:12<10:33,  5.36it/s]
em: 0.0121, f1: 0.0123, loss: 5.0350 ||:  19%|#8        | 767/4104 [02:22<10:19,  5.38it/s]
em: 0.0123, f1: 0.0125, loss: 5.0681 ||:  20%|##        | 822/4104 [02:33<10:11,  5.37it/s]
em: 0.0124, f1: 0.0127, loss: 5.0820 ||:  21%|##1       | 877/4104 [02:43<09:59,  5.38it/s]
em: 0.0131, f1: 0.0134, loss: 5.0623 ||:  23%|##2       | 932/4104 [02:53<09:47,  5.40it/s]
em: 0.0129, f1: 0.0132, loss: 5.0789 ||:  24%|##4       | 987/4104 [03:03<09:39,  5.38it/s]
em: 0.0128, f1: 0.0130, loss: 5.0839 ||:  25%|##5       | 1043/4104 [03:13<09:25,  5.42it/s]
em: 0.0127, f1: 0.0130, loss: 5.0622 ||:  27%|##6       | 1099/4104 [03:24<09:18,  5.38it/s]
em: 0.0125, f1: 0.0128, loss: 5.0249 ||:  28%|##8       | 1153/4104 [03:34<09:10,  5.36it/s]
em: 0.0127, f1: 0.0130, loss: 5.0488 ||:  29%|##9       | 1207/4104 [03:44<08:59,  5.37it/s]
em: 0.0126, f1: 0.0129, loss: 5.0696 ||:  31%|###       | 1261/4104 [03:54<08:51,  5.35it/s]
em: 0.0124, f1: 0.0127, loss: 5.0382 ||:  32%|###2      | 1316/4104 [04:04<08:37,  5.38it/s]
em: 0.0125, f1: 0.0128, loss: 5.0658 ||:  33%|###3      | 1371/4104 [04:15<08:31,  5.35it/s]
em: 0.0123, f1: 0.0126, loss: 5.0397 ||:  35%|###4      | 1424/4104 [04:25<08:22,  5.33it/s]
em: 0.0123, f1: 0.0126, loss: 5.0631 ||:  36%|###5      | 1477/4104 [04:35<08:15,  5.30it/s]
em: 0.0125, f1: 0.0128, loss: 5.0860 ||:  37%|###7      | 1531/4104 [04:45<08:03,  5.32it/s]
em: 0.0128, f1: 0.0131, loss: 5.1244 ||:  39%|###8      | 1586/4104 [04:55<07:50,  5.36it/s]
em: 0.0129, f1: 0.0132, loss: 5.1362 ||:  40%|###9      | 1641/4104 [05:05<07:38,  5.37it/s]
em: 0.0130, f1: 0.0133, loss: 5.1505 ||:  41%|####1     | 1696/4104 [05:15<07:26,  5.40it/s]
em: 0.0131, f1: 0.0133, loss: 5.1523 ||:  43%|####2     | 1751/4104 [05:26<07:16,  5.39it/s]
em: 0.0133, f1: 0.0135, loss: 5.1332 ||:  44%|####3     | 1805/4104 [05:36<07:08,  5.37it/s]
em: 0.0132, f1: 0.0134, loss: 5.1493 ||:  45%|####5     | 1861/4104 [05:46<06:53,  5.42it/s]
em: 0.0130, f1: 0.0133, loss: 5.1642 ||:  47%|####6     | 1917/4104 [05:57<06:47,  5.37it/s]
em: 0.0129, f1: 0.0132, loss: 5.1757 ||:  48%|####8     | 1972/4104 [06:07<06:36,  5.38it/s]
em: 0.0129, f1: 0.0132, loss: 5.2194 ||:  49%|####9     | 2027/4104 [06:17<06:27,  5.36it/s]
em: 0.0131, f1: 0.0133, loss: 5.2172 ||:  51%|#####     | 2081/4104 [06:27<06:18,  5.35it/s]
em: 0.0131, f1: 0.0133, loss: 5.2222 ||:  52%|#####2    | 2135/4104 [06:37<06:09,  5.33it/s]
em: 0.0132, f1: 0.0135, loss: 5.2214 ||:  53%|#####3    | 2189/4104 [06:47<05:58,  5.35it/s]
em: 0.0132, f1: 0.0135, loss: 5.2210 ||:  55%|#####4    | 2245/4104 [06:58<05:43,  5.41it/s]
em: 0.0132, f1: 0.0135, loss: 5.2256 ||:  56%|#####6    | 2301/4104 [07:08<05:33,  5.41it/s]
em: 0.0131, f1: 0.0134, loss: 5.2318 ||:  57%|#####7    | 2356/4104 [07:18<05:23,  5.41it/s]
em: 0.0132, f1: 0.0134, loss: 5.2233 ||:  59%|#####8    | 2411/4104 [07:28<05:14,  5.39it/s]
em: 0.0132, f1: 0.0135, loss: 5.2050 ||:  60%|######    | 2466/4104 [07:38<05:02,  5.41it/s]
em: 0.0132, f1: 0.0134, loss: 5.2295 ||:  61%|######1   | 2522/4104 [07:48<04:49,  5.46it/s]
em: 0.0131, f1: 0.0133, loss: 5.2567 ||:  63%|######2   | 2578/4104 [07:59<04:40,  5.44it/s]
em: 0.0130, f1: 0.0133, loss: 5.2550 ||:  64%|######4   | 2633/4104 [08:09<04:31,  5.43it/s]
em: 0.0131, f1: 0.0134, loss: 5.2594 ||:  65%|######5   | 2688/4104 [08:19<04:21,  5.41it/s]
em: 0.0132, f1: 0.0134, loss: 5.2704 ||:  67%|######6   | 2742/4104 [08:30<04:13,  5.37it/s]
em: 0.0131, f1: 0.0133, loss: 5.2503 ||:  68%|######8   | 2796/4104 [08:40<04:03,  5.37it/s]
em: 0.0130, f1: 0.0133, loss: 5.2492 ||:  69%|######9   | 2851/4104 [08:50<03:52,  5.39it/s]
em: 0.0130, f1: 0.0133, loss: 5.2454 ||:  71%|#######   | 2906/4104 [09:00<03:43,  5.37it/s]
em: 0.0130, f1: 0.0132, loss: 5.2310 ||:  72%|#######2  | 2961/4104 [09:10<03:32,  5.39it/s]
em: 0.0131, f1: 0.0133, loss: 5.2480 ||:  73%|#######3  | 3016/4104 [09:21<03:25,  5.28it/s]
em: 0.0131, f1: 0.0133, loss: 5.2363 ||:  75%|#######4  | 3071/4104 [09:31<03:13,  5.34it/s]
em: 0.0130, f1: 0.0133, loss: 5.2416 ||:  76%|#######6  | 3126/4104 [09:41<03:02,  5.34it/s]
em: 0.0129, f1: 0.0132, loss: 5.2470 ||:  77%|#######7  | 3180/4104 [09:51<02:53,  5.34it/s]
em: 0.0129, f1: 0.0132, loss: 5.2551 ||:  79%|#######8  | 3235/4104 [10:02<02:42,  5.35it/s]
em: 0.0129, f1: 0.0131, loss: 5.2558 ||:  80%|########  | 3290/4104 [10:12<02:31,  5.39it/s]
em: 0.0129, f1: 0.0131, loss: 5.2555 ||:  82%|########1 | 3345/4104 [10:22<02:20,  5.39it/s]
em: 0.0130, f1: 0.0132, loss: 5.2621 ||:  83%|########2 | 3400/4104 [10:32<02:10,  5.38it/s]
em: 0.0131, f1: 0.0133, loss: 5.2591 ||:  84%|########4 | 3454/4104 [10:42<02:01,  5.35it/s]
em: 0.0130, f1: 0.0133, loss: 5.2620 ||:  85%|########5 | 3508/4104 [10:52<01:51,  5.37it/s]
em: 0.0131, f1: 0.0134, loss: 5.2524 ||:  87%|########6 | 3563/4104 [11:03<01:40,  5.38it/s]
em: 0.0130, f1: 0.0133, loss: 5.2574 ||:  88%|########8 | 3618/4104 [11:13<01:30,  5.36it/s]
em: 0.0130, f1: 0.0133, loss: 5.2647 ||:  89%|########9 | 3672/4104 [11:23<01:20,  5.37it/s]
em: 0.0129, f1: 0.0131, loss: 5.2653 ||:  91%|######### | 3726/4104 [11:33<01:10,  5.38it/s]
em: 0.0130, f1: 0.0133, loss: 5.2445 ||:  92%|#########2| 3780/4104 [11:43<01:00,  5.35it/s]
em: 0.0130, f1: 0.0133, loss: 5.2348 ||:  93%|#########3| 3835/4104 [11:53<00:50,  5.37it/s]
em: 0.0129, f1: 0.0132, loss: 5.2214 ||:  95%|#########4| 3890/4104 [12:04<00:39,  5.35it/s]
em: 0.0128, f1: 0.0130, loss: 5.2071 ||:  96%|#########6| 3945/4104 [12:14<00:29,  5.37it/s]
em: 0.0126, f1: 0.0129, loss: 5.1848 ||:  97%|#########7| 4000/4104 [12:24<00:19,  5.39it/s]
em: 0.0125, f1: 0.0127, loss: 5.1730 ||:  99%|#########8| 4056/4104 [12:34<00:08,  5.44it/s]
em: 0.0124, f1: 0.0126, loss: 5.1836 ||: : 4112it [12:45,  5.39it/s]                        
em: 0.0123, f1: 0.0125, loss: 5.1690 ||: : 4158it [12:53,  5.37it/s]

  0%|          | 0/376 [00:00<?, ?it/s]
em: 0.0160, f1: 0.0160, loss: 4.7723 ||:  31%|###       | 115/376 [00:10<00:22, 11.38it/s]
em: 0.0202, f1: 0.0202, loss: 5.7991 ||:  61%|######    | 229/376 [00:20<00:12, 11.34it/s]
em: 0.0154, f1: 0.0154, loss: 5.1625 ||:  94%|#########3| 353/376 [00:30<00:01, 11.64it/s]
em: 0.0148, f1: 0.0148, loss: 5.2548 ||: : 381it [00:32, 11.63it/s]                       

  0%|          | 0/4104 [00:00<?, ?it/s]
em: 0.0096, f1: 0.0096, loss: 5.1019 ||:   1%|1         | 53/4104 [00:10<12:47,  5.28it/s]
em: 0.0099, f1: 0.0099, loss: 5.2530 ||:   3%|2         | 109/4104 [00:20<12:26,  5.35it/s]
em: 0.0127, f1: 0.0127, loss: 4.9645 ||:   4%|4         | 165/4104 [00:30<12:15,  5.35it/s]
em: 0.0116, f1: 0.0116, loss: 4.9559 ||:   5%|5         | 219/4104 [00:40<12:04,  5.36it/s]
em: 0.0115, f1: 0.0115, loss: 4.7876 ||:   7%|6         | 275/4104 [00:50<11:47,  5.41it/s]
em: 0.0123, f1: 0.0123, loss: 4.9268 ||:   8%|8         | 331/4104 [01:01<11:42,  5.37it/s]
em: 0.0127, f1: 0.0127, loss: 5.1960 ||:   9%|9         | 385/4104 [01:11<11:34,  5.36it/s]
em: 0.0126, f1: 0.0126, loss: 5.0637 ||:  11%|#         | 441/4104 [01:21<11:17,  5.40it/s]
em: 0.0124, f1: 0.0124, loss: 5.0679 ||:  12%|#2        | 497/4104 [01:31<11:04,  5.43it/s]
em: 0.0123, f1: 0.0123, loss: 5.0341 ||:  13%|#3        | 552/4104 [01:42<10:55,  5.42it/s]
em: 0.0118, f1: 0.0118, loss: 5.0085 ||:  15%|#4        | 608/4104 [01:52<10:41,  5.45it/s]
em: 0.0119, f1: 0.0121, loss: 5.0021 ||:  16%|#6        | 664/4104 [02:02<10:36,  5.40it/s]
em: 0.0116, f1: 0.0118, loss: 5.0456 ||:  18%|#7        | 719/4104 [02:12<10:24,  5.42it/s]
em: 0.0123, f1: 0.0124, loss: 5.0731 ||:  19%|#8        | 775/4104 [02:23<10:11,  5.45it/s]
em: 0.0123, f1: 0.0126, loss: 5.0707 ||:  20%|##        | 831/4104 [02:33<09:59,  5.46it/s]
em: 0.0124, f1: 0.0127, loss: 5.0767 ||:  22%|##1       | 886/4104 [02:43<09:52,  5.43it/s]
em: 0.0130, f1: 0.0133, loss: 5.0698 ||:  23%|##2       | 941/4104 [02:53<09:40,  5.45it/s]
em: 0.0130, f1: 0.0132, loss: 5.0904 ||:  24%|##4       | 996/4104 [03:03<09:32,  5.43it/s]
em: 0.0129, f1: 0.0131, loss: 5.0755 ||:  26%|##5       | 1052/4104 [03:13<09:17,  5.47it/s]
em: 0.0126, f1: 0.0129, loss: 5.0671 ||:  27%|##6       | 1108/4104 [03:24<09:11,  5.43it/s]
em: 0.0126, f1: 0.0129, loss: 5.0458 ||:  28%|##8       | 1163/4104 [03:34<09:01,  5.43it/s]
em: 0.0126, f1: 0.0130, loss: 5.0623 ||:  30%|##9       | 1218/4104 [03:44<08:53,  5.41it/s]
em: 0.0125, f1: 0.0128, loss: 5.0709 ||:  31%|###1      | 1274/4104 [03:54<08:40,  5.44it/s]
em: 0.0125, f1: 0.0128, loss: 5.0473 ||:  32%|###2      | 1330/4104 [04:05<08:30,  5.44it/s]
em: 0.0125, f1: 0.0128, loss: 5.0624 ||:  34%|###3      | 1385/4104 [04:15<08:22,  5.41it/s]
em: 0.0123, f1: 0.0126, loss: 5.0192 ||:  35%|###5      | 1439/4104 [04:25<08:16,  5.36it/s]
em: 0.0123, f1: 0.0125, loss: 5.0559 ||:  36%|###6      | 1492/4104 [04:35<08:09,  5.33it/s]
em: 0.0126, f1: 0.0128, loss: 5.0834 ||:  38%|###7      | 1547/4104 [04:45<07:55,  5.38it/s]
em: 0.0128, f1: 0.0130, loss: 5.1173 ||:  39%|###9      | 1603/4104 [04:55<07:40,  5.44it/s]
em: 0.0129, f1: 0.0131, loss: 5.1388 ||:  40%|####      | 1659/4104 [05:06<07:31,  5.41it/s]
em: 0.0129, f1: 0.0132, loss: 5.1289 ||:  42%|####1     | 1714/4104 [05:16<07:21,  5.41it/s]
em: 0.0131, f1: 0.0133, loss: 5.1380 ||:  43%|####3     | 1769/4104 [05:26<07:09,  5.44it/s]
em: 0.0133, f1: 0.0135, loss: 5.1430 ||:  44%|####4     | 1824/4104 [05:36<07:00,  5.43it/s]
em: 0.0131, f1: 0.0134, loss: 5.1380 ||:  46%|####5     | 1879/4104 [05:46<06:49,  5.43it/s]
em: 0.0130, f1: 0.0133, loss: 5.1672 ||:  47%|####7     | 1934/4104 [05:56<06:40,  5.42it/s]
em: 0.0130, f1: 0.0132, loss: 5.1784 ||:  48%|####8     | 1988/4104 [06:06<06:31,  5.41it/s]
em: 0.0130, f1: 0.0132, loss: 5.2211 ||:  50%|####9     | 2042/4104 [06:16<06:21,  5.41it/s]
em: 0.0131, f1: 0.0134, loss: 5.2191 ||:  51%|#####1    | 2096/4104 [06:26<06:12,  5.39it/s]
em: 0.0131, f1: 0.0134, loss: 5.2329 ||:  52%|#####2    | 2150/4104 [06:37<06:04,  5.37it/s]
em: 0.0133, f1: 0.0136, loss: 5.2244 ||:  54%|#####3    | 2206/4104 [06:47<05:50,  5.42it/s]
em: 0.0132, f1: 0.0135, loss: 5.2329 ||:  55%|#####5    | 2262/4104 [06:57<05:37,  5.46it/s]
em: 0.0132, f1: 0.0135, loss: 5.2462 ||:  56%|#####6    | 2318/4104 [07:07<05:27,  5.46it/s]
em: 0.0131, f1: 0.0134, loss: 5.2263 ||:  58%|#####7    | 2373/4104 [07:17<05:17,  5.46it/s]
em: 0.0131, f1: 0.0134, loss: 5.2114 ||:  59%|#####9    | 2428/4104 [07:27<05:07,  5.45it/s]
em: 0.0132, f1: 0.0134, loss: 5.2108 ||:  61%|######    | 2484/4104 [07:37<04:55,  5.48it/s]
em: 0.0132, f1: 0.0134, loss: 5.2412 ||:  62%|######1   | 2540/4104 [07:48<04:45,  5.48it/s]
em: 0.0131, f1: 0.0133, loss: 5.2570 ||:  63%|######3   | 2595/4104 [07:58<04:35,  5.47it/s]
em: 0.0131, f1: 0.0134, loss: 5.2592 ||:  65%|######4   | 2650/4104 [08:08<04:26,  5.46it/s]
em: 0.0132, f1: 0.0135, loss: 5.2612 ||:  66%|######5   | 2705/4104 [08:18<04:17,  5.43it/s]
em: 0.0131, f1: 0.0133, loss: 5.2680 ||:  67%|######7   | 2759/4104 [08:28<04:08,  5.41it/s]
em: 0.0131, f1: 0.0134, loss: 5.2458 ||:  69%|######8   | 2813/4104 [08:38<03:59,  5.40it/s]
em: 0.0130, f1: 0.0133, loss: 5.2530 ||:  70%|######9   | 2868/4104 [08:48<03:47,  5.43it/s]
em: 0.0131, f1: 0.0133, loss: 5.2438 ||:  71%|#######1  | 2923/4104 [08:58<03:37,  5.42it/s]
em: 0.0130, f1: 0.0133, loss: 5.2349 ||:  73%|#######2  | 2978/4104 [09:09<03:29,  5.38it/s]
em: 0.0131, f1: 0.0133, loss: 5.2421 ||:  74%|#######3  | 3032/4104 [09:19<03:19,  5.37it/s]
em: 0.0131, f1: 0.0133, loss: 5.2423 ||:  75%|#######5  | 3086/4104 [09:29<03:09,  5.37it/s]
em: 0.0130, f1: 0.0133, loss: 5.2364 ||:  77%|#######6  | 3141/4104 [09:39<02:58,  5.40it/s]
em: 0.0129, f1: 0.0132, loss: 5.2566 ||:  78%|#######7  | 3196/4104 [09:49<02:48,  5.40it/s]
em: 0.0130, f1: 0.0132, loss: 5.2572 ||:  79%|#######9  | 3251/4104 [09:59<02:37,  5.42it/s]
em: 0.0129, f1: 0.0131, loss: 5.2554 ||:  81%|########  | 3307/4104 [10:09<02:25,  5.46it/s]
em: 0.0130, f1: 0.0132, loss: 5.2585 ||:  82%|########1 | 3363/4104 [10:19<02:15,  5.48it/s]
em: 0.0129, f1: 0.0132, loss: 5.2653 ||:  83%|########3 | 3419/4104 [10:30<02:05,  5.45it/s]
em: 0.0131, f1: 0.0133, loss: 5.2683 ||:  85%|########4 | 3473/4104 [10:40<01:57,  5.38it/s]
em: 0.0131, f1: 0.0134, loss: 5.2597 ||:  86%|########5 | 3529/4104 [10:50<01:45,  5.43it/s]
em: 0.0131, f1: 0.0133, loss: 5.2582 ||:  87%|########7 | 3585/4104 [11:01<01:36,  5.41it/s]
em: 0.0130, f1: 0.0133, loss: 5.2635 ||:  89%|########8 | 3641/4104 [11:11<01:25,  5.45it/s]
em: 0.0130, f1: 0.0132, loss: 5.2678 ||:  90%|######### | 3697/4104 [11:21<01:15,  5.43it/s]
em: 0.0129, f1: 0.0132, loss: 5.2526 ||:  91%|#########1| 3751/4104 [11:31<01:05,  5.41it/s]
em: 0.0130, f1: 0.0133, loss: 5.2512 ||:  93%|#########2| 3805/4104 [11:41<00:55,  5.38it/s]
em: 0.0130, f1: 0.0132, loss: 5.2375 ||:  94%|#########4| 3859/4104 [11:52<00:45,  5.38it/s]
em: 0.0129, f1: 0.0131, loss: 5.2186 ||:  95%|#########5| 3914/4104 [12:02<00:35,  5.41it/s]
em: 0.0127, f1: 0.0130, loss: 5.2037 ||:  97%|#########6| 3969/4104 [12:12<00:25,  5.38it/s]
em: 0.0125, f1: 0.0128, loss: 5.1950 ||:  98%|#########8| 4024/4104 [12:22<00:14,  5.40it/s]
em: 0.0124, f1: 0.0127, loss: 5.1846 ||:  99%|#########9| 4080/4104 [12:32<00:04,  5.46it/s]
em: 0.0123, f1: 0.0126, loss: 5.1780 ||: : 4136it [12:43,  5.41it/s]                        
em: 0.0123, f1: 0.0125, loss: 5.1715 ||: : 4158it [12:47,  5.42it/s]

  0%|          | 0/376 [00:00<?, ?it/s]
em: 0.0160, f1: 0.0160, loss: 4.7799 ||:  31%|###       | 115/376 [00:10<00:22, 11.36it/s]
em: 0.0202, f1: 0.0202, loss: 5.8395 ||:  61%|######    | 229/376 [00:20<00:12, 11.32it/s]
em: 0.0156, f1: 0.0156, loss: 5.1880 ||:  94%|#########3| 353/376 [00:30<00:01, 11.61it/s]
em: 0.0148, f1: 0.0148, loss: 5.3035 ||: : 381it [00:32, 11.60it/s]                       

  0%|          | 0/4104 [00:00<?, ?it/s]
em: 0.0119, f1: 0.0119, loss: 4.8861 ||:   1%|1         | 53/4104 [00:10<12:54,  5.23it/s]
em: 0.0110, f1: 0.0110, loss: 5.1383 ||:   3%|2         | 109/4104 [00:20<12:29,  5.33it/s]
em: 0.0123, f1: 0.0123, loss: 4.8576 ||:   4%|4         | 165/4104 [00:30<12:16,  5.35it/s]
em: 0.0110, f1: 0.0110, loss: 4.8480 ||:   5%|5         | 219/4104 [00:40<12:05,  5.36it/s]
em: 0.0120, f1: 0.0120, loss: 4.7291 ||:   7%|6         | 274/4104 [00:50<11:50,  5.39it/s]
em: 0.0121, f1: 0.0121, loss: 4.8781 ||:   8%|8         | 329/4104 [01:01<11:45,  5.35it/s]
em: 0.0126, f1: 0.0126, loss: 5.1147 ||:   9%|9         | 382/4104 [01:11<11:40,  5.32it/s]
em: 0.0128, f1: 0.0128, loss: 5.1095 ||:  11%|#         | 437/4104 [01:21<11:25,  5.35it/s]
em: 0.0125, f1: 0.0125, loss: 5.0324 ||:  12%|#1        | 492/4104 [01:31<11:10,  5.38it/s]
em: 0.0122, f1: 0.0122, loss: 4.9525 ||:  13%|#3        | 547/4104 [01:41<10:59,  5.40it/s]
em: 0.0119, f1: 0.0119, loss: 4.9839 ||:  15%|#4        | 602/4104 [01:51<10:49,  5.39it/s]
em: 0.0118, f1: 0.0118, loss: 4.9934 ||:  16%|#5        | 656/4104 [02:02<10:43,  5.36it/s]
em: 0.0116, f1: 0.0118, loss: 4.9918 ||:  17%|#7        | 711/4104 [02:12<10:29,  5.39it/s]
em: 0.0122, f1: 0.0124, loss: 5.0541 ||:  19%|#8        | 766/4104 [02:22<10:17,  5.41it/s]
em: 0.0123, f1: 0.0125, loss: 5.0759 ||:  20%|##        | 821/4104 [02:32<10:05,  5.42it/s]
em: 0.0124, f1: 0.0126, loss: 5.0854 ||:  21%|##1       | 876/4104 [02:42<09:57,  5.40it/s]
em: 0.0130, f1: 0.0133, loss: 5.0662 ||:  23%|##2       | 930/4104 [02:52<09:47,  5.40it/s]
em: 0.0129, f1: 0.0131, loss: 5.0749 ||:  24%|##3       | 984/4104 [03:02<09:40,  5.38it/s]
em: 0.0129, f1: 0.0132, loss: 5.0838 ||:  25%|##5       | 1039/4104 [03:12<09:27,  5.40it/s]
em: 0.0127, f1: 0.0130, loss: 5.0784 ||:  27%|##6       | 1094/4104 [03:22<09:16,  5.40it/s]
em: 0.0124, f1: 0.0127, loss: 5.0516 ||:  28%|##7       | 1149/4104 [03:33<09:08,  5.39it/s]
em: 0.0128, f1: 0.0131, loss: 5.0679 ||:  29%|##9       | 1204/4104 [03:43<08:57,  5.40it/s]
em: 0.0125, f1: 0.0128, loss: 5.0762 ||:  31%|###       | 1259/4104 [03:53<08:47,  5.39it/s]
em: 0.0125, f1: 0.0128, loss: 5.0639 ||:  32%|###2      | 1314/4104 [04:03<08:35,  5.41it/s]
em: 0.0125, f1: 0.0128, loss: 5.0559 ||:  33%|###3      | 1369/4104 [04:13<08:27,  5.39it/s]
em: 0.0123, f1: 0.0126, loss: 5.0266 ||:  35%|###4      | 1423/4104 [04:23<08:17,  5.39it/s]
em: 0.0123, f1: 0.0126, loss: 5.0676 ||:  36%|###5      | 1477/4104 [04:34<08:12,  5.34it/s]
em: 0.0126, f1: 0.0129, loss: 5.0910 ||:  37%|###7      | 1532/4104 [04:44<07:59,  5.37it/s]
em: 0.0127, f1: 0.0129, loss: 5.1209 ||:  39%|###8      | 1588/4104 [04:54<07:44,  5.41it/s]
em: 0.0129, f1: 0.0131, loss: 5.1237 ||:  40%|####      | 1644/4104 [05:04<07:34,  5.41it/s]
em: 0.0129, f1: 0.0132, loss: 5.1393 ||:  41%|####1     | 1699/4104 [05:14<07:22,  5.43it/s]
em: 0.0132, f1: 0.0135, loss: 5.1561 ||:  43%|####2     | 1754/4104 [05:25<07:13,  5.42it/s]
em: 0.0132, f1: 0.0135, loss: 5.1478 ||:  44%|####4     | 1810/4104 [05:35<07:01,  5.45it/s]
em: 0.0131, f1: 0.0134, loss: 5.1471 ||:  45%|####5     | 1866/4104 [05:45<06:50,  5.45it/s]
em: 0.0130, f1: 0.0132, loss: 5.1706 ||:  47%|####6     | 1921/4104 [05:55<06:42,  5.42it/s]
em: 0.0129, f1: 0.0131, loss: 5.1870 ||:  48%|####8     | 1976/4104 [06:05<06:32,  5.42it/s]
em: 0.0130, f1: 0.0133, loss: 5.2244 ||:  49%|####9     | 2031/4104 [06:16<06:23,  5.40it/s]
em: 0.0130, f1: 0.0133, loss: 5.2251 ||:  51%|#####     | 2085/4104 [06:26<06:14,  5.39it/s]
em: 0.0131, f1: 0.0134, loss: 5.2348 ||:  52%|#####2    | 2139/4104 [06:36<06:05,  5.37it/s]
em: 0.0132, f1: 0.0135, loss: 5.2331 ||:  53%|#####3    | 2195/4104 [06:46<05:52,  5.41it/s]
em: 0.0133, f1: 0.0135, loss: 5.2379 ||:  55%|#####4    | 2251/4104 [06:56<05:39,  5.45it/s]
em: 0.0132, f1: 0.0135, loss: 5.2470 ||:  56%|#####6    | 2307/4104 [07:07<05:31,  5.43it/s]
em: 0.0131, f1: 0.0134, loss: 5.2430 ||:  58%|#####7    | 2361/4104 [07:17<05:22,  5.41it/s]
em: 0.0131, f1: 0.0134, loss: 5.2318 ||:  59%|#####8    | 2417/4104 [07:27<05:09,  5.45it/s]
em: 0.0133, f1: 0.0135, loss: 5.2193 ||:  60%|######    | 2473/4104 [07:37<04:59,  5.45it/s]
em: 0.0132, f1: 0.0134, loss: 5.2374 ||:  62%|######1   | 2529/4104 [07:47<04:46,  5.49it/s]
em: 0.0131, f1: 0.0133, loss: 5.2697 ||:  63%|######2   | 2585/4104 [07:58<04:38,  5.45it/s]
em: 0.0130, f1: 0.0133, loss: 5.2712 ||:  64%|######4   | 2640/4104 [08:08<04:28,  5.45it/s]
em: 0.0133, f1: 0.0135, loss: 5.2698 ||:  66%|######5   | 2695/4104 [08:18<04:18,  5.44it/s]
em: 0.0131, f1: 0.0134, loss: 5.2728 ||:  67%|######7   | 2750/4104 [08:28<04:11,  5.39it/s]
em: 0.0131, f1: 0.0134, loss: 5.2603 ||:  68%|######8   | 2804/4104 [08:38<04:01,  5.38it/s]
em: 0.0131, f1: 0.0133, loss: 5.2560 ||:  70%|######9   | 2858/4104 [08:48<03:51,  5.37it/s]
em: 0.0131, f1: 0.0133, loss: 5.2559 ||:  71%|#######   | 2913/4104 [08:59<03:41,  5.39it/s]
em: 0.0130, f1: 0.0133, loss: 5.2393 ||:  72%|#######2  | 2968/4104 [09:09<03:31,  5.37it/s]
em: 0.0130, f1: 0.0132, loss: 5.2510 ||:  74%|#######3  | 3022/4104 [09:19<03:23,  5.33it/s]
em: 0.0131, f1: 0.0133, loss: 5.2504 ||:  75%|#######4  | 3076/4104 [09:29<03:12,  5.34it/s]
em: 0.0130, f1: 0.0133, loss: 5.2471 ||:  76%|#######6  | 3130/4104 [09:39<03:02,  5.35it/s]
em: 0.0129, f1: 0.0132, loss: 5.2525 ||:  78%|#######7  | 3184/4104 [09:49<02:52,  5.33it/s]
em: 0.0129, f1: 0.0132, loss: 5.2605 ||:  79%|#######8  | 3239/4104 [09:59<02:40,  5.38it/s]
em: 0.0129, f1: 0.0131, loss: 5.2580 ||:  80%|########  | 3295/4104 [10:10<02:29,  5.42it/s]
em: 0.0129, f1: 0.0131, loss: 5.2669 ||:  82%|########1 | 3351/4104 [10:20<02:19,  5.41it/s]
em: 0.0129, f1: 0.0132, loss: 5.2676 ||:  83%|########2 | 3406/4104 [10:30<02:09,  5.40it/s]
em: 0.0131, f1: 0.0133, loss: 5.2691 ||:  84%|########4 | 3460/4104 [10:40<01:59,  5.37it/s]
em: 0.0131, f1: 0.0134, loss: 5.2638 ||:  86%|########5 | 3515/4104 [10:51<01:49,  5.39it/s]
em: 0.0131, f1: 0.0133, loss: 5.2583 ||:  87%|########6 | 3570/4104 [11:01<01:39,  5.39it/s]
em: 0.0131, f1: 0.0133, loss: 5.2556 ||:  88%|########8 | 3625/4104 [11:11<01:28,  5.42it/s]
em: 0.0130, f1: 0.0132, loss: 5.2728 ||:  90%|########9 | 3680/4104 [11:21<01:18,  5.40it/s]
em: 0.0129, f1: 0.0132, loss: 5.2674 ||:  91%|######### | 3734/4104 [11:31<01:08,  5.38it/s]
em: 0.0131, f1: 0.0133, loss: 5.2518 ||:  92%|#########2| 3788/4104 [11:41<00:59,  5.35it/s]
em: 0.0130, f1: 0.0133, loss: 5.2374 ||:  94%|#########3| 3842/4104 [11:52<00:49,  5.34it/s]
em: 0.0129, f1: 0.0132, loss: 5.2282 ||:  95%|#########4| 3897/4104 [12:02<00:38,  5.37it/s]
em: 0.0128, f1: 0.0130, loss: 5.2123 ||:  96%|#########6| 3952/4104 [12:12<00:28,  5.39it/s]
em: 0.0126, f1: 0.0129, loss: 5.1951 ||:  98%|#########7| 4007/4104 [12:22<00:17,  5.39it/s]
em: 0.0124, f1: 0.0127, loss: 5.1865 ||:  99%|#########8| 4062/4104 [12:32<00:07,  5.42it/s]
em: 0.0124, f1: 0.0126, loss: 5.1832 ||: : 4117it [12:42,  5.38it/s]                        
em: 0.0123, f1: 0.0125, loss: 5.1750 ||: : 4158it [12:50,  5.40it/s]

  0%|          | 0/376 [00:00<?, ?it/s]
em: 0.0160, f1: 0.0160, loss: 4.7739 ||:  31%|###       | 115/376 [00:10<00:22, 11.36it/s]
em: 0.0202, f1: 0.0202, loss: 5.8245 ||:  61%|######    | 229/376 [00:20<00:12, 11.31it/s]
em: 0.0156, f1: 0.0156, loss: 5.1626 ||:  94%|#########4| 354/376 [00:30<00:01, 11.63it/s]
em: 0.0148, f1: 0.0148, loss: 5.2726 ||: : 381it [00:32, 11.62it/s]                       

  0%|          | 0/4104 [00:00<?, ?it/s]
em: 0.0082, f1: 0.0082, loss: 4.5211 ||:   1%|1         | 54/4104 [00:10<12:37,  5.35it/s]
em: 0.0110, f1: 0.0110, loss: 5.1194 ||:   3%|2         | 109/4104 [00:20<12:24,  5.37it/s]
em: 0.0127, f1: 0.0127, loss: 4.9948 ||:   4%|3         | 164/4104 [00:30<12:13,  5.37it/s]
em: 0.0116, f1: 0.0116, loss: 4.8534 ||:   5%|5         | 218/4104 [00:40<12:04,  5.36it/s]
em: 0.0113, f1: 0.0113, loss: 4.6980 ||:   7%|6         | 275/4104 [00:50<11:44,  5.44it/s]
em: 0.0120, f1: 0.0120, loss: 4.8759 ||:   8%|8         | 332/4104 [01:01<11:41,  5.38it/s]
em: 0.0125, f1: 0.0125, loss: 5.1314 ||:   9%|9         | 386/4104 [01:11<11:31,  5.37it/s]
em: 0.0125, f1: 0.0125, loss: 5.0759 ||:  11%|#         | 442/4104 [01:21<11:16,  5.41it/s]
em: 0.0125, f1: 0.0125, loss: 5.0310 ||:  12%|#2        | 498/4104 [01:32<11:04,  5.43it/s]
em: 0.0125, f1: 0.0125, loss: 4.9700 ||:  13%|#3        | 554/4104 [01:42<10:51,  5.45it/s]
em: 0.0117, f1: 0.0117, loss: 4.9849 ||:  15%|#4        | 610/4104 [01:52<10:45,  5.41it/s]
em: 0.0118, f1: 0.0120, loss: 4.9535 ||:  16%|#6        | 664/4104 [02:02<10:35,  5.41it/s]
em: 0.0116, f1: 0.0118, loss: 5.0047 ||:  18%|#7        | 719/4104 [02:12<10:25,  5.42it/s]
em: 0.0123, f1: 0.0124, loss: 5.0703 ||:  19%|#8        | 774/4104 [02:23<10:16,  5.40it/s]
em: 0.0124, f1: 0.0126, loss: 5.0514 ||:  20%|##        | 830/4104 [02:33<10:01,  5.44it/s]
em: 0.0124, f1: 0.0126, loss: 5.0664 ||:  22%|##1       | 886/4104 [02:43<09:54,  5.42it/s]
em: 0.0129, f1: 0.0132, loss: 5.0426 ||:  23%|##2       | 941/4104 [02:53<09:43,  5.42it/s]
em: 0.0128, f1: 0.0130, loss: 5.0652 ||:  24%|##4       | 996/4104 [03:04<09:36,  5.39it/s]
em: 0.0129, f1: 0.0132, loss: 5.0682 ||:  26%|##5       | 1053/4104 [03:14<09:19,  5.45it/s]
em: 0.0127, f1: 0.0129, loss: 5.0373 ||:  27%|##7       | 1110/4104 [03:25<09:14,  5.40it/s]
em: 0.0125, f1: 0.0127, loss: 5.0388 ||:  28%|##8       | 1165/4104 [03:35<09:01,  5.43it/s]
em: 0.0127, f1: 0.0130, loss: 5.0344 ||:  30%|##9       | 1220/4104 [03:45<08:56,  5.38it/s]
em: 0.0125, f1: 0.0128, loss: 5.0486 ||:  31%|###1      | 1275/4104 [03:55<08:44,  5.39it/s]
em: 0.0125, f1: 0.0128, loss: 5.0325 ||:  32%|###2      | 1330/4104 [04:05<08:32,  5.41it/s]
em: 0.0124, f1: 0.0127, loss: 5.0411 ||:  34%|###3      | 1385/4104 [04:16<08:27,  5.36it/s]
em: 0.0123, f1: 0.0126, loss: 5.0159 ||:  35%|###5      | 1438/4104 [04:26<08:19,  5.34it/s]
em: 0.0123, f1: 0.0126, loss: 5.0481 ||:  36%|###6      | 1491/4104 [04:36<08:12,  5.31it/s]
em: 0.0125, f1: 0.0128, loss: 5.0671 ||:  38%|###7      | 1546/4104 [04:46<07:58,  5.34it/s]
em: 0.0128, f1: 0.0131, loss: 5.0994 ||:  39%|###9      | 1601/4104 [04:56<07:46,  5.36it/s]
em: 0.0129, f1: 0.0131, loss: 5.1199 ||:  40%|####      | 1656/4104 [05:06<07:35,  5.38it/s]
em: 0.0130, f1: 0.0132, loss: 5.1221 ||:  42%|####1     | 1711/4104 [05:17<07:23,  5.39it/s]
em: 0.0132, f1: 0.0135, loss: 5.1389 ||:  43%|####3     | 1766/4104 [05:27<07:11,  5.42it/s]
em: 0.0133, f1: 0.0135, loss: 5.1316 ||:  44%|####4     | 1821/4104 [05:37<07:00,  5.42it/s]
em: 0.0132, f1: 0.0134, loss: 5.1385 ||:  46%|####5     | 1876/4104 [05:47<06:50,  5.42it/s]
em: 0.0130, f1: 0.0133, loss: 5.1665 ||:  47%|####7     | 1931/4104 [05:57<06:42,  5.40it/s]
em: 0.0128, f1: 0.0131, loss: 5.1883 ||:  48%|####8     | 1985/4104 [06:07<06:33,  5.38it/s]
em: 0.0129, f1: 0.0132, loss: 5.2172 ||:  50%|####9     | 2039/4104 [06:17<06:23,  5.38it/s]
em: 0.0131, f1: 0.0133, loss: 5.2164 ||:  51%|#####     | 2093/4104 [06:27<06:13,  5.38it/s]
em: 0.0131, f1: 0.0134, loss: 5.2266 ||:  52%|#####2    | 2147/4104 [06:38<06:06,  5.34it/s]
em: 0.0133, f1: 0.0136, loss: 5.2213 ||:  54%|#####3    | 2203/4104 [06:48<05:52,  5.39it/s]
em: 0.0133, f1: 0.0135, loss: 5.2237 ||:  55%|#####5    | 2259/4104 [06:58<05:39,  5.44it/s]
em: 0.0132, f1: 0.0135, loss: 5.2445 ||:  56%|#####6    | 2315/4104 [07:08<05:31,  5.39it/s]
em: 0.0131, f1: 0.0134, loss: 5.2355 ||:  58%|#####7    | 2369/4104 [07:18<05:21,  5.39it/s]
em: 0.0132, f1: 0.0134, loss: 5.2079 ||:  59%|#####9    | 2424/4104 [07:29<05:11,  5.40it/s]
em: 0.0132, f1: 0.0135, loss: 5.2088 ||:  60%|######    | 2479/4104 [07:39<04:59,  5.42it/s]
em: 0.0131, f1: 0.0134, loss: 5.2388 ||:  62%|######1   | 2534/4104 [07:49<04:48,  5.44it/s]
em: 0.0131, f1: 0.0133, loss: 5.2566 ||:  63%|######3   | 2589/4104 [07:59<04:37,  5.45it/s]
em: 0.0131, f1: 0.0134, loss: 5.2478 ||:  64%|######4   | 2644/4104 [08:09<04:28,  5.43it/s]
em: 0.0132, f1: 0.0135, loss: 5.2591 ||:  66%|######5   | 2699/4104 [08:19<04:19,  5.42it/s]
em: 0.0131, f1: 0.0134, loss: 5.2640 ||:  67%|######7   | 2754/4104 [08:29<04:09,  5.41it/s]
em: 0.0131, f1: 0.0134, loss: 5.2466 ||:  68%|######8   | 2809/4104 [08:40<03:59,  5.40it/s]
em: 0.0131, f1: 0.0133, loss: 5.2487 ||:  70%|######9   | 2863/4104 [08:50<03:50,  5.39it/s]
em: 0.0131, f1: 0.0133, loss: 5.2455 ||:  71%|#######1  | 2917/4104 [09:00<03:40,  5.39it/s]
em: 0.0130, f1: 0.0132, loss: 5.2260 ||:  72%|#######2  | 2972/4104 [09:10<03:29,  5.39it/s]
em: 0.0130, f1: 0.0133, loss: 5.2341 ||:  74%|#######3  | 3027/4104 [09:20<03:21,  5.36it/s]
em: 0.0131, f1: 0.0133, loss: 5.2388 ||:  75%|#######5  | 3081/4104 [09:30<03:10,  5.36it/s]
em: 0.0130, f1: 0.0133, loss: 5.2354 ||:  76%|#######6  | 3136/4104 [09:40<02:59,  5.39it/s]
em: 0.0129, f1: 0.0132, loss: 5.2486 ||:  78%|#######7  | 3191/4104 [09:50<02:48,  5.41it/s]
em: 0.0129, f1: 0.0132, loss: 5.2508 ||:  79%|#######9  | 3246/4104 [10:00<02:37,  5.43it/s]
em: 0.0129, f1: 0.0131, loss: 5.2498 ||:  80%|########  | 3302/4104 [10:11<02:26,  5.46it/s]
em: 0.0129, f1: 0.0131, loss: 5.2593 ||:  82%|########1 | 3358/4104 [10:21<02:17,  5.44it/s]
em: 0.0130, f1: 0.0132, loss: 5.2577 ||:  83%|########3 | 3413/4104 [10:31<02:06,  5.44it/s]
em: 0.0130, f1: 0.0133, loss: 5.2614 ||:  85%|########4 | 3468/4104 [10:41<01:57,  5.40it/s]
em: 0.0131, f1: 0.0133, loss: 5.2549 ||:  86%|########5 | 3523/4104 [10:52<01:47,  5.42it/s]
em: 0.0131, f1: 0.0134, loss: 5.2511 ||:  87%|########7 | 3578/4104 [11:02<01:37,  5.40it/s]
em: 0.0129, f1: 0.0132, loss: 5.2544 ||:  89%|########8 | 3633/4104 [11:12<01:27,  5.41it/s]
em: 0.0130, f1: 0.0132, loss: 5.2589 ||:  90%|########9 | 3688/4104 [11:22<01:17,  5.40it/s]
em: 0.0129, f1: 0.0132, loss: 5.2513 ||:  91%|#########1| 3742/4104 [11:32<01:07,  5.40it/s]
em: 0.0130, f1: 0.0133, loss: 5.2446 ||:  92%|#########2| 3796/4104 [11:42<00:57,  5.36it/s]
em: 0.0130, f1: 0.0132, loss: 5.2266 ||:  94%|#########3| 3850/4104 [11:52<00:47,  5.36it/s]
em: 0.0129, f1: 0.0131, loss: 5.2167 ||:  95%|#########5| 3905/4104 [12:03<00:37,  5.38it/s]
em: 0.0127, f1: 0.0130, loss: 5.2009 ||:  96%|#########6| 3960/4104 [12:13<00:26,  5.38it/s]
em: 0.0126, f1: 0.0128, loss: 5.1867 ||:  98%|#########7| 4014/4104 [12:23<00:16,  5.38it/s]
em: 0.0124, f1: 0.0127, loss: 5.1779 ||:  99%|#########9| 4070/4104 [12:33<00:06,  5.41it/s]
em: 0.0123, f1: 0.0126, loss: 5.1783 ||: : 4126it [12:44,  5.38it/s]                        
em: 0.0123, f1: 0.0125, loss: 5.1679 ||: : 4158it [12:49,  5.40it/s]

  0%|          | 0/376 [00:00<?, ?it/s]
em: 0.0160, f1: 0.0160, loss: 4.8082 ||:  31%|###       | 115/376 [00:10<00:23, 11.32it/s]
em: 0.0202, f1: 0.0202, loss: 5.8330 ||:  61%|######    | 229/376 [00:20<00:13, 11.28it/s]
em: 0.0155, f1: 0.0155, loss: 5.1800 ||:  94%|#########3| 352/376 [00:30<00:02, 11.56it/s]
em: 0.0148, f1: 0.0148, loss: 5.3002 ||: : 381it [00:32, 11.56it/s]                       

  0%|          | 0/4104 [00:00<?, ?it/s]
em: 0.0097, f1: 0.0097, loss: 5.0764 ||:   1%|1         | 52/4104 [00:10<12:59,  5.20it/s]
em: 0.0112, f1: 0.0112, loss: 5.1588 ||:   3%|2         | 108/4104 [00:20<12:35,  5.29it/s]
em: 0.0132, f1: 0.0132, loss: 4.8126 ||:   4%|3         | 164/4104 [00:30<12:25,  5.29it/s]
em: 0.0115, f1: 0.0115, loss: 4.8226 ||:   5%|5         | 219/4104 [00:40<12:09,  5.32it/s]
em: 0.0111, f1: 0.0111, loss: 4.7448 ||:   7%|6         | 275/4104 [00:50<11:49,  5.40it/s]
em: 0.0120, f1: 0.0120, loss: 4.8418 ||:   8%|8         | 331/4104 [01:01<11:47,  5.34it/s]
em: 0.0122, f1: 0.0122, loss: 5.0842 ||:   9%|9         | 384/4104 [01:11<11:39,  5.32it/s]
em: 0.0128, f1: 0.0128, loss: 5.0341 ||:  11%|#         | 439/4104 [01:21<11:24,  5.36it/s]
em: 0.0124, f1: 0.0124, loss: 5.0055 ||:  12%|#2        | 495/4104 [01:31<11:06,  5.42it/s]
em: 0.0126, f1: 0.0126, loss: 5.0038 ||:  13%|#3        | 551/4104 [01:42<10:58,  5.40it/s]
em: 0.0118, f1: 0.0118, loss: 4.9742 ||:  15%|#4        | 607/4104 [01:52<10:44,  5.43it/s]
em: 0.0117, f1: 0.0119, loss: 4.9684 ||:  16%|#6        | 663/4104 [02:03<10:40,  5.37it/s]
em: 0.0116, f1: 0.0118, loss: 5.0137 ||:  18%|#7        | 719/4104 [02:13<10:22,  5.44it/s]
em: 0.0123, f1: 0.0124, loss: 5.0484 ||:  19%|#8        | 775/4104 [02:23<10:15,  5.41it/s]
em: 0.0123, f1: 0.0126, loss: 5.0620 ||:  20%|##        | 831/4104 [02:33<10:00,  5.45it/s]
em: 0.0128, f1: 0.0131, loss: 5.0762 ||:  22%|##1       | 887/4104 [02:44<09:53,  5.42it/s]
em: 0.0129, f1: 0.0131, loss: 5.0502 ||:  23%|##2       | 941/4104 [02:54<09:46,  5.39it/s]
em: 0.0129, f1: 0.0131, loss: 5.0600 ||:  24%|##4       | 995/4104 [03:04<09:37,  5.38it/s]
em: 0.0130, f1: 0.0133, loss: 5.0831 ||:  26%|##5       | 1050/4104 [03:14<09:25,  5.40it/s]
em: 0.0126, f1: 0.0129, loss: 5.0414 ||:  27%|##6       | 1105/4104 [03:24<09:17,  5.38it/s]
em: 0.0127, f1: 0.0130, loss: 5.0186 ||:  28%|##8       | 1160/4104 [03:35<09:05,  5.39it/s]
em: 0.0127, f1: 0.0130, loss: 5.0330 ||:  30%|##9       | 1215/4104 [03:45<08:54,  5.41it/s]
em: 0.0125, f1: 0.0128, loss: 5.0410 ||:  31%|###       | 1270/4104 [03:55<08:44,  5.40it/s]
em: 0.0125, f1: 0.0128, loss: 5.0287 ||:  32%|###2      | 1325/4104 [04:05<08:32,  5.42it/s]
em: 0.0125, f1: 0.0128, loss: 5.0320 ||:  34%|###3      | 1380/4104 [04:15<08:27,  5.37it/s]
em: 0.0123, f1: 0.0126, loss: 5.0107 ||:  35%|###4      | 1434/4104 [04:26<08:18,  5.36it/s]
em: 0.0123, f1: 0.0125, loss: 5.0400 ||:  36%|###6      | 1488/4104 [04:36<08:13,  5.30it/s]
em: 0.0126, f1: 0.0129, loss: 5.0603 ||:  38%|###7      | 1543/4104 [04:46<07:59,  5.34it/s]
em: 0.0128, f1: 0.0131, loss: 5.1032 ||:  39%|###8      | 1598/4104 [04:56<07:45,  5.39it/s]
em: 0.0127, f1: 0.0130, loss: 5.1097 ||:  40%|####      | 1653/4104 [05:06<07:35,  5.38it/s]
em: 0.0130, f1: 0.0132, loss: 5.1190 ||:  42%|####1     | 1709/4104 [05:16<07:22,  5.42it/s]
em: 0.0132, f1: 0.0134, loss: 5.1428 ||:  43%|####2     | 1764/4104 [05:27<07:14,  5.38it/s]
em: 0.0133, f1: 0.0135, loss: 5.1320 ||:  44%|####4     | 1819/4104 [05:37<07:03,  5.40it/s]
em: 0.0132, f1: 0.0135, loss: 5.1322 ||:  46%|####5     | 1874/4104 [05:47<06:53,  5.39it/s]
em: 0.0130, f1: 0.0133, loss: 5.1460 ||:  47%|####6     | 1928/4104 [05:57<06:44,  5.38it/s]
em: 0.0128, f1: 0.0131, loss: 5.1666 ||:  48%|####8     | 1982/4104 [06:07<06:36,  5.36it/s]
em: 0.0130, f1: 0.0133, loss: 5.2068 ||:  50%|####9     | 2036/4104 [06:18<06:25,  5.36it/s]
em: 0.0131, f1: 0.0134, loss: 5.2073 ||:  51%|#####     | 2091/4104 [06:28<06:14,  5.37it/s]
em: 0.0131, f1: 0.0134, loss: 5.2199 ||:  52%|#####2    | 2145/4104 [06:38<06:07,  5.33it/s]
em: 0.0133, f1: 0.0136, loss: 5.2145 ||:  54%|#####3    | 2201/4104 [06:48<05:53,  5.39it/s]
em: 0.0132, f1: 0.0135, loss: 5.2123 ||:  55%|#####4    | 2257/4104 [06:58<05:39,  5.44it/s]
em: 0.0133, f1: 0.0135, loss: 5.2298 ||:  56%|#####6    | 2313/4104 [07:09<05:29,  5.43it/s]
em: 0.0132, f1: 0.0134, loss: 5.2238 ||:  58%|#####7    | 2367/4104 [07:19<05:22,  5.38it/s]
em: 0.0131, f1: 0.0133, loss: 5.2012 ||:  59%|#####9    | 2423/4104 [07:29<05:10,  5.42it/s]
em: 0.0133, f1: 0.0135, loss: 5.1880 ||:  60%|######    | 2479/4104 [07:39<05:00,  5.41it/s]
em: 0.0131, f1: 0.0134, loss: 5.2164 ||:  62%|######1   | 2534/4104 [07:49<04:48,  5.44it/s]
em: 0.0131, f1: 0.0134, loss: 5.2450 ||:  63%|######3   | 2589/4104 [08:00<04:39,  5.42it/s]
em: 0.0131, f1: 0.0134, loss: 5.2438 ||:  64%|######4   | 2644/4104 [08:10<04:29,  5.42it/s]
em: 0.0132, f1: 0.0135, loss: 5.2477 ||:  66%|######5   | 2699/4104 [08:20<04:21,  5.37it/s]
em: 0.0132, f1: 0.0134, loss: 5.2566 ||:  67%|######7   | 2753/4104 [08:30<04:11,  5.37it/s]
em: 0.0131, f1: 0.0134, loss: 5.2357 ||:  68%|######8   | 2807/4104 [08:40<04:01,  5.37it/s]
em: 0.0130, f1: 0.0133, loss: 5.2361 ||:  70%|######9   | 2861/4104 [08:51<03:52,  5.34it/s]
em: 0.0131, f1: 0.0133, loss: 5.2389 ||:  71%|#######1  | 2916/4104 [09:01<03:41,  5.36it/s]
em: 0.0130, f1: 0.0132, loss: 5.2249 ||:  72%|#######2  | 2971/4104 [09:11<03:33,  5.31it/s]
em: 0.0130, f1: 0.0133, loss: 5.2336 ||:  74%|#######3  | 3025/4104 [09:22<03:23,  5.31it/s]
em: 0.0131, f1: 0.0133, loss: 5.2324 ||:  75%|#######5  | 3079/4104 [09:32<03:13,  5.30it/s]
em: 0.0131, f1: 0.0133, loss: 5.2366 ||:  76%|#######6  | 3133/4104 [09:42<03:02,  5.33it/s]
em: 0.0129, f1: 0.0132, loss: 5.2466 ||:  78%|#######7  | 3187/4104 [09:52<02:51,  5.35it/s]
em: 0.0129, f1: 0.0131, loss: 5.2518 ||:  79%|#######8  | 3242/4104 [10:02<02:40,  5.38it/s]
em: 0.0128, f1: 0.0131, loss: 5.2481 ||:  80%|########  | 3298/4104 [10:12<02:28,  5.42it/s]
em: 0.0129, f1: 0.0132, loss: 5.2551 ||:  82%|########1 | 3354/4104 [10:22<02:18,  5.42it/s]
em: 0.0129, f1: 0.0132, loss: 5.2559 ||:  83%|########3 | 3409/4104 [10:32<02:08,  5.42it/s]
em: 0.0131, f1: 0.0133, loss: 5.2573 ||:  84%|########4 | 3464/4104 [10:43<01:59,  5.37it/s]
em: 0.0130, f1: 0.0133, loss: 5.2594 ||:  86%|########5 | 3519/4104 [10:53<01:48,  5.40it/s]
em: 0.0131, f1: 0.0133, loss: 5.2450 ||:  87%|########7 | 3574/4104 [11:03<01:38,  5.36it/s]
em: 0.0131, f1: 0.0133, loss: 5.2524 ||:  88%|########8 | 3630/4104 [11:14<01:27,  5.41it/s]
em: 0.0130, f1: 0.0132, loss: 5.2592 ||:  90%|########9 | 3686/4104 [11:24<01:17,  5.40it/s]
em: 0.0129, f1: 0.0132, loss: 5.2522 ||:  91%|#########1| 3740/4104 [11:34<01:07,  5.36it/s]
em: 0.0130, f1: 0.0133, loss: 5.2442 ||:  92%|#########2| 3794/4104 [11:44<00:57,  5.35it/s]
em: 0.0130, f1: 0.0133, loss: 5.2329 ||:  94%|#########3| 3848/4104 [11:54<00:47,  5.34it/s]
em: 0.0129, f1: 0.0132, loss: 5.2191 ||:  95%|#########5| 3903/4104 [12:05<00:37,  5.38it/s]
em: 0.0127, f1: 0.0130, loss: 5.2018 ||:  96%|#########6| 3958/4104 [12:15<00:27,  5.36it/s]
em: 0.0126, f1: 0.0128, loss: 5.1910 ||:  98%|#########7| 4013/4104 [12:25<00:16,  5.37it/s]
em: 0.0124, f1: 0.0127, loss: 5.1779 ||:  99%|#########9| 4068/4104 [12:35<00:06,  5.40it/s]
em: 0.0123, f1: 0.0126, loss: 5.1748 ||: : 4123it [12:46,  5.33it/s]                        
em: 0.0123, f1: 0.0125, loss: 5.1673 ||: : 4158it [12:52,  5.38it/s]

  0%|          | 0/376 [00:00<?, ?it/s]
em: 0.0160, f1: 0.0160, loss: 4.7984 ||:  31%|###       | 115/376 [00:10<00:22, 11.37it/s]
em: 0.0202, f1: 0.0202, loss: 5.8109 ||:  61%|######    | 229/376 [00:20<00:13, 11.31it/s]
em: 0.0156, f1: 0.0156, loss: 5.1643 ||:  94%|#########3| 353/376 [00:30<00:01, 11.61it/s]
em: 0.0148, f1: 0.0148, loss: 5.2759 ||: : 381it [00:32, 11.61it/s]                       

  0%|          | 0/4104 [00:00<?, ?it/s]
em: 0.0084, f1: 0.0084, loss: 4.9556 ||:   1%|1         | 53/4104 [00:10<12:51,  5.25it/s]
em: 0.0095, f1: 0.0095, loss: 5.0763 ||:   3%|2         | 107/4104 [00:20<12:36,  5.28it/s]
em: 0.0134, f1: 0.0134, loss: 4.8315 ||:   4%|3         | 161/4104 [00:30<12:28,  5.27it/s]
em: 0.0117, f1: 0.0117, loss: 4.8012 ||:   5%|5         | 216/4104 [00:40<12:11,  5.31it/s]
em: 0.0112, f1: 0.0112, loss: 4.7611 ||:   7%|6         | 271/4104 [00:50<11:54,  5.37it/s]
em: 0.0122, f1: 0.0122, loss: 4.9116 ||:   8%|7         | 326/4104 [01:01<11:51,  5.31it/s]
em: 0.0123, f1: 0.0123, loss: 5.1324 ||:   9%|9         | 380/4104 [01:11<11:39,  5.32it/s]
em: 0.0127, f1: 0.0127, loss: 5.0395 ||:  11%|#         | 434/4104 [01:21<11:27,  5.34it/s]
em: 0.0126, f1: 0.0126, loss: 5.0454 ||:  12%|#1        | 489/4104 [01:31<11:14,  5.36it/s]
em: 0.0123, f1: 0.0123, loss: 5.0476 ||:  13%|#3        | 544/4104 [01:41<11:04,  5.35it/s]
em: 0.0120, f1: 0.0120, loss: 5.0166 ||:  15%|#4        | 598/4104 [01:51<10:54,  5.36it/s]
em: 0.0119, f1: 0.0121, loss: 4.9785 ||:  16%|#5        | 652/4104 [02:02<10:48,  5.32it/s]
em: 0.0116, f1: 0.0118, loss: 5.0513 ||:  17%|#7        | 706/4104 [02:12<10:36,  5.34it/s]
em: 0.0122, f1: 0.0124, loss: 5.0340 ||:  19%|#8        | 761/4104 [02:22<10:23,  5.36it/s]
em: 0.0121, f1: 0.0123, loss: 5.0932 ||:  20%|#9        | 816/4104 [02:32<10:12,  5.37it/s]
em: 0.0124, f1: 0.0127, loss: 5.0855 ||:  21%|##1       | 871/4104 [02:42<09:59,  5.40it/s]
em: 0.0130, f1: 0.0132, loss: 5.0765 ||:  23%|##2       | 926/4104 [02:53<09:54,  5.35it/s]
em: 0.0129, f1: 0.0132, loss: 5.0806 ||:  24%|##3       | 981/4104 [03:03<09:40,  5.38it/s]
em: 0.0128, f1: 0.0130, loss: 5.0769 ||:  25%|##5       | 1036/4104 [03:13<09:27,  5.40it/s]
em: 0.0128, f1: 0.0130, loss: 5.0689 ||:  27%|##6       | 1091/4104 [03:23<09:19,  5.38it/s]
em: 0.0126, f1: 0.0129, loss: 5.0349 ||:  28%|##7       | 1146/4104 [03:33<09:07,  5.40it/s]
em: 0.0127, f1: 0.0130, loss: 5.0559 ||:  29%|##9       | 1201/4104 [03:44<08:59,  5.38it/s]
em: 0.0126, f1: 0.0129, loss: 5.0763 ||:  31%|###       | 1255/4104 [03:54<08:52,  5.35it/s]
em: 0.0125, f1: 0.0128, loss: 5.0500 ||:  32%|###1      | 1310/4104 [04:04<08:38,  5.38it/s]
em: 0.0125, f1: 0.0128, loss: 5.0430 ||:  33%|###3      | 1365/4104 [04:14<08:28,  5.39it/s]
em: 0.0124, f1: 0.0126, loss: 5.0506 ||:  35%|###4      | 1420/4104 [04:24<08:20,  5.36it/s]
em: 0.0124, f1: 0.0127, loss: 5.0431 ||:  36%|###5      | 1473/4104 [04:35<08:14,  5.33it/s]
em: 0.0125, f1: 0.0128, loss: 5.0707 ||:  37%|###7      | 1526/4104 [04:45<08:06,  5.30it/s]
em: 0.0127, f1: 0.0129, loss: 5.1070 ||:  39%|###8      | 1582/4104 [04:55<07:50,  5.36it/s]
em: 0.0128, f1: 0.0131, loss: 5.1135 ||:  40%|###9      | 1638/4104 [05:05<07:37,  5.39it/s]
em: 0.0130, f1: 0.0133, loss: 5.1323 ||:  41%|####1     | 1693/4104 [05:15<07:26,  5.40it/s]
em: 0.0131, f1: 0.0133, loss: 5.1489 ||:  43%|####2     | 1749/4104 [05:25<07:14,  5.42it/s]
em: 0.0134, f1: 0.0136, loss: 5.1327 ||:  44%|####3     | 1804/4104 [05:36<07:05,  5.41it/s]
em: 0.0132, f1: 0.0134, loss: 5.1419 ||:  45%|####5     | 1860/4104 [05:46<06:51,  5.45it/s]
em: 0.0130, f1: 0.0132, loss: 5.1467 ||:  47%|####6     | 1916/4104 [05:56<06:46,  5.39it/s]
em: 0.0129, f1: 0.0131, loss: 5.1809 ||:  48%|####8     | 1971/4104 [06:07<06:34,  5.41it/s]
em: 0.0128, f1: 0.0131, loss: 5.2186 ||:  49%|####9     | 2026/4104 [06:17<06:27,  5.36it/s]
em: 0.0131, f1: 0.0133, loss: 5.2171 ||:  51%|#####     | 2081/4104 [06:27<06:15,  5.39it/s]
em: 0.0131, f1: 0.0134, loss: 5.2277 ||:  52%|#####2    | 2136/4104 [06:38<06:08,  5.35it/s]
em: 0.0133, f1: 0.0136, loss: 5.2300 ||:  53%|#####3    | 2191/4104 [06:48<05:56,  5.37it/s]
em: 0.0132, f1: 0.0135, loss: 5.2293 ||:  55%|#####4    | 2247/4104 [06:58<05:42,  5.42it/s]
em: 0.0132, f1: 0.0135, loss: 5.2442 ||:  56%|#####6    | 2303/4104 [07:08<05:32,  5.42it/s]
em: 0.0132, f1: 0.0134, loss: 5.2334 ||:  57%|#####7    | 2358/4104 [07:18<05:23,  5.40it/s]
em: 0.0132, f1: 0.0134, loss: 5.2178 ||:  59%|#####8    | 2413/4104 [07:29<05:12,  5.41it/s]
em: 0.0132, f1: 0.0135, loss: 5.2043 ||:  60%|######    | 2469/4104 [07:39<05:00,  5.44it/s]
em: 0.0131, f1: 0.0134, loss: 5.2265 ||:  62%|######1   | 2525/4104 [07:49<04:48,  5.48it/s]
em: 0.0131, f1: 0.0133, loss: 5.2625 ||:  63%|######2   | 2581/4104 [07:59<04:38,  5.46it/s]
em: 0.0130, f1: 0.0133, loss: 5.2537 ||:  64%|######4   | 2636/4104 [08:09<04:29,  5.44it/s]
em: 0.0131, f1: 0.0134, loss: 5.2576 ||:  66%|######5   | 2690/4104 [08:19<04:20,  5.42it/s]
em: 0.0132, f1: 0.0134, loss: 5.2702 ||:  67%|######6   | 2744/4104 [08:29<04:12,  5.39it/s]
em: 0.0130, f1: 0.0133, loss: 5.2515 ||:  68%|######8   | 2798/4104 [08:40<04:02,  5.38it/s]
em: 0.0131, f1: 0.0133, loss: 5.2491 ||:  69%|######9   | 2852/4104 [08:50<03:53,  5.36it/s]
em: 0.0131, f1: 0.0133, loss: 5.2502 ||:  71%|#######   | 2906/4104 [09:00<03:44,  5.34it/s]
em: 0.0130, f1: 0.0133, loss: 5.2337 ||:  72%|#######2  | 2960/4104 [09:10<03:33,  5.36it/s]
em: 0.0130, f1: 0.0133, loss: 5.2429 ||:  73%|#######3  | 3014/4104 [09:20<03:26,  5.29it/s]
em: 0.0130, f1: 0.0132, loss: 5.2428 ||:  75%|#######4  | 3069/4104 [09:31<03:14,  5.32it/s]
em: 0.0130, f1: 0.0133, loss: 5.2445 ||:  76%|#######6  | 3124/4104 [09:41<03:03,  5.34it/s]
em: 0.0130, f1: 0.0132, loss: 5.2434 ||:  77%|#######7  | 3179/4104 [09:51<02:53,  5.34it/s]
em: 0.0129, f1: 0.0132, loss: 5.2603 ||:  79%|#######8  | 3234/4104 [10:01<02:41,  5.38it/s]
em: 0.0129, f1: 0.0131, loss: 5.2513 ||:  80%|########  | 3290/4104 [10:11<02:30,  5.42it/s]
em: 0.0129, f1: 0.0131, loss: 5.2563 ||:  82%|########1 | 3346/4104 [10:22<02:20,  5.41it/s]
em: 0.0130, f1: 0.0132, loss: 5.2605 ||:  83%|########2 | 3401/4104 [10:32<02:10,  5.40it/s]
em: 0.0131, f1: 0.0133, loss: 5.2602 ||:  84%|########4 | 3455/4104 [10:42<02:00,  5.38it/s]
em: 0.0131, f1: 0.0133, loss: 5.2666 ||:  86%|########5 | 3509/4104 [10:52<01:50,  5.37it/s]
em: 0.0131, f1: 0.0133, loss: 5.2539 ||:  87%|########6 | 3563/4104 [11:02<01:40,  5.37it/s]
em: 0.0130, f1: 0.0132, loss: 5.2538 ||:  88%|########8 | 3617/4104 [11:12<01:30,  5.38it/s]
em: 0.0130, f1: 0.0133, loss: 5.2677 ||:  89%|########9 | 3672/4104 [11:22<01:20,  5.40it/s]
em: 0.0129, f1: 0.0131, loss: 5.2619 ||:  91%|######### | 3727/4104 [11:33<01:10,  5.36it/s]
em: 0.0130, f1: 0.0133, loss: 5.2509 ||:  92%|#########2| 3781/4104 [11:43<01:00,  5.36it/s]
em: 0.0130, f1: 0.0133, loss: 5.2419 ||:  93%|#########3| 3835/4104 [11:53<00:50,  5.35it/s]
em: 0.0129, f1: 0.0132, loss: 5.2351 ||:  95%|#########4| 3889/4104 [12:03<00:40,  5.31it/s]
em: 0.0128, f1: 0.0130, loss: 5.2128 ||:  96%|#########6| 3945/4104 [12:13<00:29,  5.38it/s]
em: 0.0126, f1: 0.0129, loss: 5.1972 ||:  97%|#########7| 4001/4104 [12:24<00:19,  5.38it/s]
em: 0.0124, f1: 0.0127, loss: 5.1884 ||:  99%|#########8| 4056/4104 [12:34<00:08,  5.40it/s]
em: 0.0124, f1: 0.0126, loss: 5.1802 ||: : 4111it [12:44,  5.39it/s]                        
em: 0.0123, f1: 0.0125, loss: 5.1743 ||: : 4158it [12:53,  5.38it/s]

  0%|          | 0/376 [00:00<?, ?it/s]
em: 0.0160, f1: 0.0160, loss: 4.7745 ||:  31%|###       | 115/376 [00:10<00:22, 11.40it/s]
em: 0.0202, f1: 0.0202, loss: 5.8283 ||:  61%|######    | 229/376 [00:20<00:12, 11.34it/s]
em: 0.0156, f1: 0.0156, loss: 5.1773 ||:  94%|#########4| 354/376 [00:30<00:01, 11.65it/s]
em: 0.0148, f1: 0.0148, loss: 5.2882 ||: : 381it [00:32, 11.63it/s]                       

