2019-05-24 11:03:49,039 - INFO - allennlp.common.params - evaluate_on_test = False
2019-05-24 11:03:49,039 - INFO - allennlp.common.from_params - instantiating class <class 'allennlp.data.dataset_readers.dataset_reader.DatasetReader'> from params {'instance_format': 'drop', 'passage_length_limit': 200, 'question_length_limit': 50, 'skip_when_all_empty': ['passage_span', 'question_span', 'addition_subtraction', 'counting'], 'token_indexers': {'token_characters': {'min_padding_length': 5, 'type': 'characters'}, 'tokens': {'lowercase_tokens': True, 'type': 'single_id'}}, 'type': 'drop'} and extras set()
2019-05-24 11:03:49,040 - INFO - allennlp.common.params - dataset_reader.type = drop
2019-05-24 11:03:49,041 - INFO - allennlp.common.from_params - instantiating class <class 'allennlp.data.dataset_readers.reading_comprehension.drop.DropReader'> from params {'instance_format': 'drop', 'passage_length_limit': 200, 'question_length_limit': 50, 'skip_when_all_empty': ['passage_span', 'question_span', 'addition_subtraction', 'counting'], 'token_indexers': {'token_characters': {'min_padding_length': 5, 'type': 'characters'}, 'tokens': {'lowercase_tokens': True, 'type': 'single_id'}}} and extras set()
2019-05-24 11:03:49,041 - INFO - allennlp.common.from_params - instantiating class allennlp.data.token_indexers.token_indexer.TokenIndexer from params {'min_padding_length': 5, 'type': 'characters'} and extras set()
2019-05-24 11:03:49,041 - INFO - allennlp.common.params - dataset_reader.token_indexers.token_characters.type = characters
2019-05-24 11:03:49,042 - INFO - allennlp.common.from_params - instantiating class allennlp.data.token_indexers.token_characters_indexer.TokenCharactersIndexer from params {'min_padding_length': 5} and extras set()
2019-05-24 11:03:49,042 - INFO - allennlp.common.params - dataset_reader.token_indexers.token_characters.namespace = token_characters
2019-05-24 11:03:49,042 - INFO - allennlp.common.params - dataset_reader.token_indexers.token_characters.start_tokens = None
2019-05-24 11:03:49,042 - INFO - allennlp.common.params - dataset_reader.token_indexers.token_characters.end_tokens = None
2019-05-24 11:03:49,042 - INFO - allennlp.common.params - dataset_reader.token_indexers.token_characters.min_padding_length = 5
2019-05-24 11:03:49,043 - INFO - allennlp.common.from_params - instantiating class allennlp.data.token_indexers.token_indexer.TokenIndexer from params {'lowercase_tokens': True, 'type': 'single_id'} and extras set()
2019-05-24 11:03:49,043 - INFO - allennlp.common.params - dataset_reader.token_indexers.tokens.type = single_id
2019-05-24 11:03:49,043 - INFO - allennlp.common.from_params - instantiating class allennlp.data.token_indexers.single_id_token_indexer.SingleIdTokenIndexer from params {'lowercase_tokens': True} and extras set()
2019-05-24 11:03:49,043 - INFO - allennlp.common.params - dataset_reader.token_indexers.tokens.namespace = tokens
2019-05-24 11:03:49,044 - INFO - allennlp.common.params - dataset_reader.token_indexers.tokens.lowercase_tokens = True
2019-05-24 11:03:49,044 - INFO - allennlp.common.params - dataset_reader.token_indexers.tokens.start_tokens = None
2019-05-24 11:03:49,044 - INFO - allennlp.common.params - dataset_reader.token_indexers.tokens.end_tokens = None
2019-05-24 11:03:49,044 - INFO - allennlp.common.params - dataset_reader.lazy = False
2019-05-24 11:03:49,044 - INFO - allennlp.common.params - dataset_reader.passage_length_limit = 200
2019-05-24 11:03:49,044 - INFO - allennlp.common.params - dataset_reader.question_length_limit = 50
2019-05-24 11:03:49,045 - INFO - allennlp.common.params - dataset_reader.skip_when_all_empty = ['passage_span', 'question_span', 'addition_subtraction', 'counting']
2019-05-24 11:03:49,045 - INFO - allennlp.common.params - dataset_reader.instance_format = drop
2019-05-24 11:03:49,045 - INFO - allennlp.common.params - dataset_reader.relaxed_span_match_for_finding_labels = True
2019-05-24 11:03:49,435 - INFO - allennlp.training.util - Using a separate dataset reader to load validation and test data.
2019-05-24 11:03:49,435 - INFO - allennlp.common.from_params - instantiating class <class 'allennlp.data.dataset_readers.dataset_reader.DatasetReader'> from params {'instance_format': 'drop', 'passage_length_limit': 500, 'question_length_limit': 100, 'skip_when_all_empty': [], 'token_indexers': {'token_characters': {'min_padding_length': 5, 'type': 'characters'}, 'tokens': {'lowercase_tokens': True, 'type': 'single_id'}}, 'type': 'drop'} and extras set()
2019-05-24 11:03:49,435 - INFO - allennlp.common.params - validation_dataset_reader.type = drop
2019-05-24 11:03:49,435 - INFO - allennlp.common.from_params - instantiating class <class 'allennlp.data.dataset_readers.reading_comprehension.drop.DropReader'> from params {'instance_format': 'drop', 'passage_length_limit': 500, 'question_length_limit': 100, 'skip_when_all_empty': [], 'token_indexers': {'token_characters': {'min_padding_length': 5, 'type': 'characters'}, 'tokens': {'lowercase_tokens': True, 'type': 'single_id'}}} and extras set()
2019-05-24 11:03:49,435 - INFO - allennlp.common.from_params - instantiating class allennlp.data.token_indexers.token_indexer.TokenIndexer from params {'min_padding_length': 5, 'type': 'characters'} and extras set()
2019-05-24 11:03:49,436 - INFO - allennlp.common.params - validation_dataset_reader.token_indexers.token_characters.type = characters
2019-05-24 11:03:49,436 - INFO - allennlp.common.from_params - instantiating class allennlp.data.token_indexers.token_characters_indexer.TokenCharactersIndexer from params {'min_padding_length': 5} and extras set()
2019-05-24 11:03:49,436 - INFO - allennlp.common.params - validation_dataset_reader.token_indexers.token_characters.namespace = token_characters
2019-05-24 11:03:49,436 - INFO - allennlp.common.params - validation_dataset_reader.token_indexers.token_characters.start_tokens = None
2019-05-24 11:03:49,436 - INFO - allennlp.common.params - validation_dataset_reader.token_indexers.token_characters.end_tokens = None
2019-05-24 11:03:49,436 - INFO - allennlp.common.params - validation_dataset_reader.token_indexers.token_characters.min_padding_length = 5
2019-05-24 11:03:49,436 - INFO - allennlp.common.from_params - instantiating class allennlp.data.token_indexers.token_indexer.TokenIndexer from params {'lowercase_tokens': True, 'type': 'single_id'} and extras set()
2019-05-24 11:03:49,436 - INFO - allennlp.common.params - validation_dataset_reader.token_indexers.tokens.type = single_id
2019-05-24 11:03:49,436 - INFO - allennlp.common.from_params - instantiating class allennlp.data.token_indexers.single_id_token_indexer.SingleIdTokenIndexer from params {'lowercase_tokens': True} and extras set()
2019-05-24 11:03:49,436 - INFO - allennlp.common.params - validation_dataset_reader.token_indexers.tokens.namespace = tokens
2019-05-24 11:03:49,437 - INFO - allennlp.common.params - validation_dataset_reader.token_indexers.tokens.lowercase_tokens = True
2019-05-24 11:03:49,437 - INFO - allennlp.common.params - validation_dataset_reader.token_indexers.tokens.start_tokens = None
2019-05-24 11:03:49,437 - INFO - allennlp.common.params - validation_dataset_reader.token_indexers.tokens.end_tokens = None
2019-05-24 11:03:49,437 - INFO - allennlp.common.params - validation_dataset_reader.lazy = False
2019-05-24 11:03:49,437 - INFO - allennlp.common.params - validation_dataset_reader.passage_length_limit = 500
2019-05-24 11:03:49,437 - INFO - allennlp.common.params - validation_dataset_reader.question_length_limit = 100
2019-05-24 11:03:49,437 - INFO - allennlp.common.params - validation_dataset_reader.skip_when_all_empty = []
2019-05-24 11:03:49,437 - INFO - allennlp.common.params - validation_dataset_reader.instance_format = drop
2019-05-24 11:03:49,437 - INFO - allennlp.common.params - validation_dataset_reader.relaxed_span_match_for_finding_labels = True
2019-05-24 11:03:49,437 - INFO - allennlp.common.params - train_data_path = drop_dataset/drop_dataset_train.json
2019-05-24 11:03:49,437 - INFO - allennlp.training.util - Reading training data from drop_dataset/drop_dataset_train.json
2019-05-24 11:03:49,439 - INFO - allennlp.data.dataset_readers.reading_comprehension.drop - Reading file at drop_dataset/drop_dataset_train.json
2019-05-24 11:03:50,718 - INFO - allennlp.data.dataset_readers.reading_comprehension.drop - Reading the dataset
2019-05-24 11:05:49,849 - INFO - allennlp.data.dataset_readers.reading_comprehension.drop - Skipped 11757 questions, kept 65652 questions.
2019-05-24 11:05:49,868 - INFO - allennlp.common.params - validation_data_path = drop_dataset/drop_dataset_dev_no_span.json
2019-05-24 11:05:49,868 - INFO - allennlp.training.util - Reading validation data from drop_dataset/drop_dataset_dev_no_span.json
2019-05-24 11:05:49,869 - INFO - allennlp.data.dataset_readers.reading_comprehension.drop - Reading file at drop_dataset/drop_dataset_dev_no_span.json
2019-05-24 11:05:49,994 - INFO - allennlp.data.dataset_readers.reading_comprehension.drop - Reading the dataset
2019-05-24 11:06:01,111 - INFO - allennlp.data.dataset_readers.reading_comprehension.drop - Skipped 0 questions, kept 6007 questions.
2019-05-24 11:06:01,115 - INFO - allennlp.common.params - test_data_path = None
2019-05-24 11:06:01,115 - INFO - allennlp.training.trainer - From dataset instances, train, validation will be considered for vocabulary creation.
2019-05-24 11:06:01,115 - INFO - allennlp.common.params - vocabulary.type = None
2019-05-24 11:06:01,115 - INFO - allennlp.common.params - vocabulary.extend = False
2019-05-24 11:06:01,115 - INFO - allennlp.common.params - vocabulary.directory_path = None
2019-05-24 11:06:01,115 - INFO - allennlp.common.params - vocabulary.max_vocab_size = None
2019-05-24 11:06:01,115 - INFO - allennlp.common.params - vocabulary.non_padded_namespaces = ('*tags', '*labels')
2019-05-24 11:06:01,115 - INFO - allennlp.common.params - vocabulary.min_pretrained_embeddings = None
2019-05-24 11:06:01,115 - INFO - allennlp.common.params - vocabulary.only_include_pretrained_words = True
2019-05-24 11:06:01,115 - INFO - allennlp.common.params - vocabulary.tokens_to_add = None
2019-05-24 11:06:01,115 - INFO - allennlp.data.vocabulary - Fitting token dictionary from dataset.
2019-05-24 11:07:22,339 - INFO - allennlp.data.vocabulary - Reading pretrained tokens from: https://s3-us-west-2.amazonaws.com/allennlp/datasets/glove/glove.840B.300d.lower.converted.zip
2019-05-24 11:07:58,239 - INFO - allennlp.common.from_params - instantiating class <class 'allennlp.models.model.Model'> from params {'answering_abilities': ['counting'], 'dropout_prob': 0.1, 'matrix_attention_layer': {'combination': 'x,y,x*y', 'tensor_1_dim': 128, 'tensor_2_dim': 128, 'type': 'linear'}, 'modeling_layer': {'attention_dropout_prob': 0, 'attention_projection_dim': 128, 'conv_kernel_size': 5, 'dropout_prob': 0.1, 'feedforward_hidden_dim': 128, 'hidden_dim': 128, 'input_dim': 128, 'layer_dropout_undecayed_prob': 0.1, 'num_attention_heads': 8, 'num_blocks': 1, 'num_convs_per_block': 2, 'type': 'qanet_encoder'}, 'num_highway_layers': 2, 'phrase_layer': {'attention_dropout_prob': 0, 'attention_projection_dim': 128, 'conv_kernel_size': 7, 'dropout_prob': 0.1, 'feedforward_hidden_dim': 128, 'hidden_dim': 128, 'input_dim': 128, 'layer_dropout_undecayed_prob': 0.1, 'num_attention_heads': 8, 'num_blocks': 1, 'num_convs_per_block': 4, 'type': 'qanet_encoder'}, 'regularizer': [['.*', {'alpha': 1e-07, 'type': 'l2'}]], 'text_field_embedder': {'token_embedders': {'token_characters': {'embedding': {'embedding_dim': 64}, 'encoder': {'embedding_dim': 64, 'ngram_filter_sizes': [5], 'num_filters': 200, 'type': 'cnn'}, 'type': 'character_encoding'}, 'tokens': {'embedding_dim': 300, 'pretrained_file': 'https://s3-us-west-2.amazonaws.com/allennlp/datasets/glove/glove.840B.300d.lower.converted.zip', 'trainable': False, 'type': 'embedding'}}}, 'type': 'naqanetic_filtering'} and extras {'vocab'}
2019-05-24 11:07:58,241 - INFO - allennlp.common.params - model.type = naqanetic_filtering
2019-05-24 11:07:58,241 - INFO - allennlp.common.from_params - instantiating class <class 'drop_library.models.model_with_counting_filtering.NumericallyAugmentedQaNetImprovedCountingAndFiltering'> from params {'answering_abilities': ['counting'], 'dropout_prob': 0.1, 'matrix_attention_layer': {'combination': 'x,y,x*y', 'tensor_1_dim': 128, 'tensor_2_dim': 128, 'type': 'linear'}, 'modeling_layer': {'attention_dropout_prob': 0, 'attention_projection_dim': 128, 'conv_kernel_size': 5, 'dropout_prob': 0.1, 'feedforward_hidden_dim': 128, 'hidden_dim': 128, 'input_dim': 128, 'layer_dropout_undecayed_prob': 0.1, 'num_attention_heads': 8, 'num_blocks': 1, 'num_convs_per_block': 2, 'type': 'qanet_encoder'}, 'num_highway_layers': 2, 'phrase_layer': {'attention_dropout_prob': 0, 'attention_projection_dim': 128, 'conv_kernel_size': 7, 'dropout_prob': 0.1, 'feedforward_hidden_dim': 128, 'hidden_dim': 128, 'input_dim': 128, 'layer_dropout_undecayed_prob': 0.1, 'num_attention_heads': 8, 'num_blocks': 1, 'num_convs_per_block': 4, 'type': 'qanet_encoder'}, 'regularizer': [['.*', {'alpha': 1e-07, 'type': 'l2'}]], 'text_field_embedder': {'token_embedders': {'token_characters': {'embedding': {'embedding_dim': 64}, 'encoder': {'embedding_dim': 64, 'ngram_filter_sizes': [5], 'num_filters': 200, 'type': 'cnn'}, 'type': 'character_encoding'}, 'tokens': {'embedding_dim': 300, 'pretrained_file': 'https://s3-us-west-2.amazonaws.com/allennlp/datasets/glove/glove.840B.300d.lower.converted.zip', 'trainable': False, 'type': 'embedding'}}}} and extras {'vocab'}
2019-05-24 11:07:58,241 - INFO - allennlp.common.from_params - instantiating class <class 'allennlp.modules.text_field_embedders.text_field_embedder.TextFieldEmbedder'> from params {'token_embedders': {'token_characters': {'embedding': {'embedding_dim': 64}, 'encoder': {'embedding_dim': 64, 'ngram_filter_sizes': [5], 'num_filters': 200, 'type': 'cnn'}, 'type': 'character_encoding'}, 'tokens': {'embedding_dim': 300, 'pretrained_file': 'https://s3-us-west-2.amazonaws.com/allennlp/datasets/glove/glove.840B.300d.lower.converted.zip', 'trainable': False, 'type': 'embedding'}}} and extras {'vocab'}
2019-05-24 11:07:58,241 - INFO - allennlp.common.params - model.text_field_embedder.type = basic
2019-05-24 11:07:58,242 - INFO - allennlp.common.params - model.text_field_embedder.embedder_to_indexer_map = None
2019-05-24 11:07:58,242 - INFO - allennlp.common.params - model.text_field_embedder.allow_unmatched_keys = False
2019-05-24 11:07:58,242 - INFO - allennlp.common.from_params - instantiating class <class 'allennlp.modules.token_embedders.token_embedder.TokenEmbedder'> from params {'embedding': {'embedding_dim': 64}, 'encoder': {'embedding_dim': 64, 'ngram_filter_sizes': [5], 'num_filters': 200, 'type': 'cnn'}, 'type': 'character_encoding'} and extras {'vocab'}
2019-05-24 11:07:58,242 - INFO - allennlp.common.params - model.text_field_embedder.token_embedders.token_characters.type = character_encoding
2019-05-24 11:07:58,242 - INFO - allennlp.common.params - model.text_field_embedder.token_embedders.token_characters.embedding.num_embeddings = None
2019-05-24 11:07:58,242 - INFO - allennlp.common.params - model.text_field_embedder.token_embedders.token_characters.embedding.vocab_namespace = token_characters
2019-05-24 11:07:58,242 - INFO - allennlp.common.params - model.text_field_embedder.token_embedders.token_characters.embedding.embedding_dim = 64
2019-05-24 11:07:58,242 - INFO - allennlp.common.params - model.text_field_embedder.token_embedders.token_characters.embedding.pretrained_file = None
2019-05-24 11:07:58,242 - INFO - allennlp.common.params - model.text_field_embedder.token_embedders.token_characters.embedding.projection_dim = None
2019-05-24 11:07:58,242 - INFO - allennlp.common.params - model.text_field_embedder.token_embedders.token_characters.embedding.trainable = True
2019-05-24 11:07:58,242 - INFO - allennlp.common.params - model.text_field_embedder.token_embedders.token_characters.embedding.padding_index = None
2019-05-24 11:07:58,242 - INFO - allennlp.common.params - model.text_field_embedder.token_embedders.token_characters.embedding.max_norm = None
2019-05-24 11:07:58,243 - INFO - allennlp.common.params - model.text_field_embedder.token_embedders.token_characters.embedding.norm_type = 2.0
2019-05-24 11:07:58,243 - INFO - allennlp.common.params - model.text_field_embedder.token_embedders.token_characters.embedding.scale_grad_by_freq = False
2019-05-24 11:07:58,243 - INFO - allennlp.common.params - model.text_field_embedder.token_embedders.token_characters.embedding.sparse = False
2019-05-24 11:07:58,243 - INFO - allennlp.common.from_params - instantiating class <class 'allennlp.modules.seq2vec_encoders.seq2vec_encoder.Seq2VecEncoder'> from params {'embedding_dim': 64, 'ngram_filter_sizes': [5], 'num_filters': 200, 'type': 'cnn'} and extras set()
2019-05-24 11:07:58,243 - INFO - allennlp.common.params - model.text_field_embedder.token_embedders.token_characters.encoder.type = cnn
2019-05-24 11:07:58,243 - INFO - allennlp.common.from_params - instantiating class <class 'allennlp.modules.seq2vec_encoders.cnn_encoder.CnnEncoder'> from params {'embedding_dim': 64, 'ngram_filter_sizes': [5], 'num_filters': 200} and extras set()
2019-05-24 11:07:58,244 - INFO - allennlp.common.params - model.text_field_embedder.token_embedders.token_characters.encoder.embedding_dim = 64
2019-05-24 11:07:58,244 - INFO - allennlp.common.params - model.text_field_embedder.token_embedders.token_characters.encoder.num_filters = 200
2019-05-24 11:07:58,244 - INFO - allennlp.common.params - model.text_field_embedder.token_embedders.token_characters.encoder.ngram_filter_sizes = [5]
2019-05-24 11:07:58,244 - INFO - allennlp.common.params - model.text_field_embedder.token_embedders.token_characters.encoder.output_dim = None
2019-05-24 11:07:58,246 - INFO - allennlp.common.params - model.text_field_embedder.token_embedders.token_characters.dropout = 0.0
2019-05-24 11:07:58,247 - INFO - allennlp.common.from_params - instantiating class <class 'allennlp.modules.token_embedders.token_embedder.TokenEmbedder'> from params {'embedding_dim': 300, 'pretrained_file': 'https://s3-us-west-2.amazonaws.com/allennlp/datasets/glove/glove.840B.300d.lower.converted.zip', 'trainable': False, 'type': 'embedding'} and extras {'vocab'}
2019-05-24 11:07:58,247 - INFO - allennlp.common.params - model.text_field_embedder.token_embedders.tokens.type = embedding
2019-05-24 11:07:58,247 - INFO - allennlp.common.params - model.text_field_embedder.token_embedders.tokens.num_embeddings = None
2019-05-24 11:07:58,247 - INFO - allennlp.common.params - model.text_field_embedder.token_embedders.tokens.vocab_namespace = tokens
2019-05-24 11:07:58,247 - INFO - allennlp.common.params - model.text_field_embedder.token_embedders.tokens.embedding_dim = 300
2019-05-24 11:07:58,247 - INFO - allennlp.common.params - model.text_field_embedder.token_embedders.tokens.pretrained_file = https://s3-us-west-2.amazonaws.com/allennlp/datasets/glove/glove.840B.300d.lower.converted.zip
2019-05-24 11:07:58,247 - INFO - allennlp.common.params - model.text_field_embedder.token_embedders.tokens.projection_dim = None
2019-05-24 11:07:58,247 - INFO - allennlp.common.params - model.text_field_embedder.token_embedders.tokens.trainable = False
2019-05-24 11:07:58,247 - INFO - allennlp.common.params - model.text_field_embedder.token_embedders.tokens.padding_index = None
2019-05-24 11:07:58,247 - INFO - allennlp.common.params - model.text_field_embedder.token_embedders.tokens.max_norm = None
2019-05-24 11:07:58,247 - INFO - allennlp.common.params - model.text_field_embedder.token_embedders.tokens.norm_type = 2.0
2019-05-24 11:07:58,247 - INFO - allennlp.common.params - model.text_field_embedder.token_embedders.tokens.scale_grad_by_freq = False
2019-05-24 11:07:58,247 - INFO - allennlp.common.params - model.text_field_embedder.token_embedders.tokens.sparse = False
2019-05-24 11:07:58,250 - INFO - allennlp.modules.token_embedders.embedding - Reading pretrained embeddings from file
2019-05-24 11:08:36,813 - INFO - allennlp.modules.token_embedders.embedding - Initializing pre-trained embedding layer
2019-05-24 11:08:37,944 - INFO - allennlp.modules.token_embedders.embedding - Pretrained embeddings were found for 36655 out of 36657 tokens
2019-05-24 11:08:37,953 - INFO - allennlp.common.params - model.num_highway_layers = 2
2019-05-24 11:08:37,954 - INFO - allennlp.common.from_params - instantiating class <class 'allennlp.modules.seq2seq_encoders.seq2seq_encoder.Seq2SeqEncoder'> from params {'attention_dropout_prob': 0, 'attention_projection_dim': 128, 'conv_kernel_size': 7, 'dropout_prob': 0.1, 'feedforward_hidden_dim': 128, 'hidden_dim': 128, 'input_dim': 128, 'layer_dropout_undecayed_prob': 0.1, 'num_attention_heads': 8, 'num_blocks': 1, 'num_convs_per_block': 4, 'type': 'qanet_encoder'} and extras {'vocab'}
2019-05-24 11:08:37,954 - INFO - allennlp.common.params - model.phrase_layer.type = qanet_encoder
2019-05-24 11:08:37,954 - INFO - allennlp.common.from_params - instantiating class <class 'allennlp.modules.seq2seq_encoders.qanet_encoder.QaNetEncoder'> from params {'attention_dropout_prob': 0, 'attention_projection_dim': 128, 'conv_kernel_size': 7, 'dropout_prob': 0.1, 'feedforward_hidden_dim': 128, 'hidden_dim': 128, 'input_dim': 128, 'layer_dropout_undecayed_prob': 0.1, 'num_attention_heads': 8, 'num_blocks': 1, 'num_convs_per_block': 4} and extras {'vocab'}
2019-05-24 11:08:37,954 - INFO - allennlp.common.params - model.phrase_layer.input_dim = 128
2019-05-24 11:08:37,954 - INFO - allennlp.common.params - model.phrase_layer.hidden_dim = 128
2019-05-24 11:08:37,954 - INFO - allennlp.common.params - model.phrase_layer.attention_projection_dim = 128
2019-05-24 11:08:37,954 - INFO - allennlp.common.params - model.phrase_layer.feedforward_hidden_dim = 128
2019-05-24 11:08:37,954 - INFO - allennlp.common.params - model.phrase_layer.num_blocks = 1
2019-05-24 11:08:37,954 - INFO - allennlp.common.params - model.phrase_layer.num_convs_per_block = 4
2019-05-24 11:08:37,954 - INFO - allennlp.common.params - model.phrase_layer.conv_kernel_size = 7
2019-05-24 11:08:37,954 - INFO - allennlp.common.params - model.phrase_layer.num_attention_heads = 8
2019-05-24 11:08:37,955 - INFO - allennlp.common.params - model.phrase_layer.use_positional_encoding = True
2019-05-24 11:08:37,955 - INFO - allennlp.common.params - model.phrase_layer.dropout_prob = 0.1
2019-05-24 11:08:37,955 - INFO - allennlp.common.params - model.phrase_layer.layer_dropout_undecayed_prob = 0.1
2019-05-24 11:08:37,955 - INFO - allennlp.common.params - model.phrase_layer.attention_dropout_prob = 0
2019-05-24 11:08:37,959 - INFO - allennlp.common.from_params - instantiating class <class 'allennlp.modules.matrix_attention.matrix_attention.MatrixAttention'> from params {'combination': 'x,y,x*y', 'tensor_1_dim': 128, 'tensor_2_dim': 128, 'type': 'linear'} and extras {'vocab'}
2019-05-24 11:08:37,959 - INFO - allennlp.common.params - model.matrix_attention_layer.type = linear
2019-05-24 11:08:37,959 - INFO - allennlp.common.from_params - instantiating class <class 'allennlp.modules.matrix_attention.linear_matrix_attention.LinearMatrixAttention'> from params {'combination': 'x,y,x*y', 'tensor_1_dim': 128, 'tensor_2_dim': 128} and extras {'vocab'}
2019-05-24 11:08:37,960 - INFO - allennlp.common.params - model.matrix_attention_layer.tensor_1_dim = 128
2019-05-24 11:08:37,960 - INFO - allennlp.common.params - model.matrix_attention_layer.tensor_2_dim = 128
2019-05-24 11:08:37,960 - INFO - allennlp.common.params - model.matrix_attention_layer.combination = x,y,x*y
2019-05-24 11:08:37,960 - INFO - allennlp.common.from_params - instantiating class <class 'allennlp.modules.seq2seq_encoders.seq2seq_encoder.Seq2SeqEncoder'> from params {'attention_dropout_prob': 0, 'attention_projection_dim': 128, 'conv_kernel_size': 5, 'dropout_prob': 0.1, 'feedforward_hidden_dim': 128, 'hidden_dim': 128, 'input_dim': 128, 'layer_dropout_undecayed_prob': 0.1, 'num_attention_heads': 8, 'num_blocks': 1, 'num_convs_per_block': 2, 'type': 'qanet_encoder'} and extras {'vocab'}
2019-05-24 11:08:37,960 - INFO - allennlp.common.params - model.modeling_layer.type = qanet_encoder
2019-05-24 11:08:37,960 - INFO - allennlp.common.from_params - instantiating class <class 'allennlp.modules.seq2seq_encoders.qanet_encoder.QaNetEncoder'> from params {'attention_dropout_prob': 0, 'attention_projection_dim': 128, 'conv_kernel_size': 5, 'dropout_prob': 0.1, 'feedforward_hidden_dim': 128, 'hidden_dim': 128, 'input_dim': 128, 'layer_dropout_undecayed_prob': 0.1, 'num_attention_heads': 8, 'num_blocks': 1, 'num_convs_per_block': 2} and extras {'vocab'}
2019-05-24 11:08:37,960 - INFO - allennlp.common.params - model.modeling_layer.input_dim = 128
2019-05-24 11:08:37,960 - INFO - allennlp.common.params - model.modeling_layer.hidden_dim = 128
2019-05-24 11:08:37,961 - INFO - allennlp.common.params - model.modeling_layer.attention_projection_dim = 128
2019-05-24 11:08:37,961 - INFO - allennlp.common.params - model.modeling_layer.feedforward_hidden_dim = 128
2019-05-24 11:08:37,961 - INFO - allennlp.common.params - model.modeling_layer.num_blocks = 1
2019-05-24 11:08:37,961 - INFO - allennlp.common.params - model.modeling_layer.num_convs_per_block = 2
2019-05-24 11:08:37,961 - INFO - allennlp.common.params - model.modeling_layer.conv_kernel_size = 5
2019-05-24 11:08:37,961 - INFO - allennlp.common.params - model.modeling_layer.num_attention_heads = 8
2019-05-24 11:08:37,961 - INFO - allennlp.common.params - model.modeling_layer.use_positional_encoding = True
2019-05-24 11:08:37,961 - INFO - allennlp.common.params - model.modeling_layer.dropout_prob = 0.1
2019-05-24 11:08:37,961 - INFO - allennlp.common.params - model.modeling_layer.layer_dropout_undecayed_prob = 0.1
2019-05-24 11:08:37,961 - INFO - allennlp.common.params - model.modeling_layer.attention_dropout_prob = 0
2019-05-24 11:08:37,964 - INFO - allennlp.common.params - model.dropout_prob = 0.1
2019-05-24 11:08:37,964 - INFO - allennlp.common.params - model.threshold = 0.8
2019-05-24 11:08:37,964 - INFO - allennlp.common.params - model.regularizer = [['.*', {'alpha': 1e-07, 'type': 'l2'}]]
2019-05-24 11:08:37,965 - INFO - allennlp.common.params - model.regularizer.0.1.type = l2
2019-05-24 11:08:37,965 - INFO - allennlp.common.params - model.answering_abilities = ['counting']
2019-05-24 11:08:37,968 - INFO - allennlp.nn.initializers - Initializing parameters
2019-05-24 11:08:37,968 - INFO - allennlp.nn.initializers - Done initializing parameters; the following parameters are using their default initialization from their code
2019-05-24 11:08:37,969 - INFO - allennlp.nn.initializers -    _count_number_predictor._linear_layers.0.bias
2019-05-24 11:08:37,969 - INFO - allennlp.nn.initializers -    _count_number_predictor._linear_layers.0.weight
2019-05-24 11:08:37,969 - INFO - allennlp.nn.initializers -    _count_number_predictor._linear_layers.1.bias
2019-05-24 11:08:37,969 - INFO - allennlp.nn.initializers -    _count_number_predictor._linear_layers.1.weight
2019-05-24 11:08:37,969 - INFO - allennlp.nn.initializers -    _embedding_proj_layer.bias
2019-05-24 11:08:37,969 - INFO - allennlp.nn.initializers -    _embedding_proj_layer.weight
2019-05-24 11:08:37,969 - INFO - allennlp.nn.initializers -    _encoding_proj_layer.bias
2019-05-24 11:08:37,969 - INFO - allennlp.nn.initializers -    _encoding_proj_layer.weight
2019-05-24 11:08:37,969 - INFO - allennlp.nn.initializers -    _highway_layer._layers.0.bias
2019-05-24 11:08:37,969 - INFO - allennlp.nn.initializers -    _highway_layer._layers.0.weight
2019-05-24 11:08:37,969 - INFO - allennlp.nn.initializers -    _highway_layer._layers.1.bias
2019-05-24 11:08:37,969 - INFO - allennlp.nn.initializers -    _highway_layer._layers.1.weight
2019-05-24 11:08:37,969 - INFO - allennlp.nn.initializers -    _matrix_attention._bias
2019-05-24 11:08:37,969 - INFO - allennlp.nn.initializers -    _matrix_attention._weight_vector
2019-05-24 11:08:37,969 - INFO - allennlp.nn.initializers -    _modeling_layer.encoder_block_0._conv_layers.0.1.bias
2019-05-24 11:08:37,969 - INFO - allennlp.nn.initializers -    _modeling_layer.encoder_block_0._conv_layers.0.1.weight
2019-05-24 11:08:37,970 - INFO - allennlp.nn.initializers -    _modeling_layer.encoder_block_0._conv_layers.0.2.bias
2019-05-24 11:08:37,970 - INFO - allennlp.nn.initializers -    _modeling_layer.encoder_block_0._conv_layers.0.2.weight
2019-05-24 11:08:37,970 - INFO - allennlp.nn.initializers -    _modeling_layer.encoder_block_0._conv_layers.1.1.bias
2019-05-24 11:08:37,970 - INFO - allennlp.nn.initializers -    _modeling_layer.encoder_block_0._conv_layers.1.1.weight
2019-05-24 11:08:37,970 - INFO - allennlp.nn.initializers -    _modeling_layer.encoder_block_0._conv_layers.1.2.bias
2019-05-24 11:08:37,970 - INFO - allennlp.nn.initializers -    _modeling_layer.encoder_block_0._conv_layers.1.2.weight
2019-05-24 11:08:37,970 - INFO - allennlp.nn.initializers -    _modeling_layer.encoder_block_0._conv_norm_layers.0.bias
2019-05-24 11:08:37,970 - INFO - allennlp.nn.initializers -    _modeling_layer.encoder_block_0._conv_norm_layers.0.weight
2019-05-24 11:08:37,970 - INFO - allennlp.nn.initializers -    _modeling_layer.encoder_block_0._conv_norm_layers.1.bias
2019-05-24 11:08:37,970 - INFO - allennlp.nn.initializers -    _modeling_layer.encoder_block_0._conv_norm_layers.1.weight
2019-05-24 11:08:37,970 - INFO - allennlp.nn.initializers -    _modeling_layer.encoder_block_0.attention_layer._combined_projection.bias
2019-05-24 11:08:37,970 - INFO - allennlp.nn.initializers -    _modeling_layer.encoder_block_0.attention_layer._combined_projection.weight
2019-05-24 11:08:37,970 - INFO - allennlp.nn.initializers -    _modeling_layer.encoder_block_0.attention_layer._output_projection.bias
2019-05-24 11:08:37,970 - INFO - allennlp.nn.initializers -    _modeling_layer.encoder_block_0.attention_layer._output_projection.weight
2019-05-24 11:08:37,970 - INFO - allennlp.nn.initializers -    _modeling_layer.encoder_block_0.attention_norm_layer.bias
2019-05-24 11:08:37,970 - INFO - allennlp.nn.initializers -    _modeling_layer.encoder_block_0.attention_norm_layer.weight
2019-05-24 11:08:37,970 - INFO - allennlp.nn.initializers -    _modeling_layer.encoder_block_0.feedforward._linear_layers.0.bias
2019-05-24 11:08:37,971 - INFO - allennlp.nn.initializers -    _modeling_layer.encoder_block_0.feedforward._linear_layers.0.weight
2019-05-24 11:08:37,971 - INFO - allennlp.nn.initializers -    _modeling_layer.encoder_block_0.feedforward._linear_layers.1.bias
2019-05-24 11:08:37,971 - INFO - allennlp.nn.initializers -    _modeling_layer.encoder_block_0.feedforward._linear_layers.1.weight
2019-05-24 11:08:37,971 - INFO - allennlp.nn.initializers -    _modeling_layer.encoder_block_0.feedforward_norm_layer.bias
2019-05-24 11:08:37,971 - INFO - allennlp.nn.initializers -    _modeling_layer.encoder_block_0.feedforward_norm_layer.weight
2019-05-24 11:08:37,971 - INFO - allennlp.nn.initializers -    _modeling_proj_layer.bias
2019-05-24 11:08:37,971 - INFO - allennlp.nn.initializers -    _modeling_proj_layer.weight
2019-05-24 11:08:37,971 - INFO - allennlp.nn.initializers -    _passage_weights_predictor.bias
2019-05-24 11:08:37,971 - INFO - allennlp.nn.initializers -    _passage_weights_predictor.weight
2019-05-24 11:08:37,971 - INFO - allennlp.nn.initializers -    _phrase_layer.encoder_block_0._conv_layers.0.1.bias
2019-05-24 11:08:37,971 - INFO - allennlp.nn.initializers -    _phrase_layer.encoder_block_0._conv_layers.0.1.weight
2019-05-24 11:08:37,971 - INFO - allennlp.nn.initializers -    _phrase_layer.encoder_block_0._conv_layers.0.2.bias
2019-05-24 11:08:37,971 - INFO - allennlp.nn.initializers -    _phrase_layer.encoder_block_0._conv_layers.0.2.weight
2019-05-24 11:08:37,971 - INFO - allennlp.nn.initializers -    _phrase_layer.encoder_block_0._conv_layers.1.1.bias
2019-05-24 11:08:37,971 - INFO - allennlp.nn.initializers -    _phrase_layer.encoder_block_0._conv_layers.1.1.weight
2019-05-24 11:08:37,971 - INFO - allennlp.nn.initializers -    _phrase_layer.encoder_block_0._conv_layers.1.2.bias
2019-05-24 11:08:37,972 - INFO - allennlp.nn.initializers -    _phrase_layer.encoder_block_0._conv_layers.1.2.weight
2019-05-24 11:08:37,972 - INFO - allennlp.nn.initializers -    _phrase_layer.encoder_block_0._conv_layers.2.1.bias
2019-05-24 11:08:37,972 - INFO - allennlp.nn.initializers -    _phrase_layer.encoder_block_0._conv_layers.2.1.weight
2019-05-24 11:08:37,972 - INFO - allennlp.nn.initializers -    _phrase_layer.encoder_block_0._conv_layers.2.2.bias
2019-05-24 11:08:37,972 - INFO - allennlp.nn.initializers -    _phrase_layer.encoder_block_0._conv_layers.2.2.weight
2019-05-24 11:08:37,972 - INFO - allennlp.nn.initializers -    _phrase_layer.encoder_block_0._conv_layers.3.1.bias
2019-05-24 11:08:37,972 - INFO - allennlp.nn.initializers -    _phrase_layer.encoder_block_0._conv_layers.3.1.weight
2019-05-24 11:08:37,972 - INFO - allennlp.nn.initializers -    _phrase_layer.encoder_block_0._conv_layers.3.2.bias
2019-05-24 11:08:37,972 - INFO - allennlp.nn.initializers -    _phrase_layer.encoder_block_0._conv_layers.3.2.weight
2019-05-24 11:08:37,972 - INFO - allennlp.nn.initializers -    _phrase_layer.encoder_block_0._conv_norm_layers.0.bias
2019-05-24 11:08:37,972 - INFO - allennlp.nn.initializers -    _phrase_layer.encoder_block_0._conv_norm_layers.0.weight
2019-05-24 11:08:37,972 - INFO - allennlp.nn.initializers -    _phrase_layer.encoder_block_0._conv_norm_layers.1.bias
2019-05-24 11:08:37,972 - INFO - allennlp.nn.initializers -    _phrase_layer.encoder_block_0._conv_norm_layers.1.weight
2019-05-24 11:08:37,972 - INFO - allennlp.nn.initializers -    _phrase_layer.encoder_block_0._conv_norm_layers.2.bias
2019-05-24 11:08:37,972 - INFO - allennlp.nn.initializers -    _phrase_layer.encoder_block_0._conv_norm_layers.2.weight
2019-05-24 11:08:37,972 - INFO - allennlp.nn.initializers -    _phrase_layer.encoder_block_0._conv_norm_layers.3.bias
2019-05-24 11:08:37,972 - INFO - allennlp.nn.initializers -    _phrase_layer.encoder_block_0._conv_norm_layers.3.weight
2019-05-24 11:08:37,973 - INFO - allennlp.nn.initializers -    _phrase_layer.encoder_block_0.attention_layer._combined_projection.bias
2019-05-24 11:08:37,973 - INFO - allennlp.nn.initializers -    _phrase_layer.encoder_block_0.attention_layer._combined_projection.weight
2019-05-24 11:08:37,973 - INFO - allennlp.nn.initializers -    _phrase_layer.encoder_block_0.attention_layer._output_projection.bias
2019-05-24 11:08:37,973 - INFO - allennlp.nn.initializers -    _phrase_layer.encoder_block_0.attention_layer._output_projection.weight
2019-05-24 11:08:37,973 - INFO - allennlp.nn.initializers -    _phrase_layer.encoder_block_0.attention_norm_layer.bias
2019-05-24 11:08:37,973 - INFO - allennlp.nn.initializers -    _phrase_layer.encoder_block_0.attention_norm_layer.weight
2019-05-24 11:08:37,973 - INFO - allennlp.nn.initializers -    _phrase_layer.encoder_block_0.feedforward._linear_layers.0.bias
2019-05-24 11:08:37,973 - INFO - allennlp.nn.initializers -    _phrase_layer.encoder_block_0.feedforward._linear_layers.0.weight
2019-05-24 11:08:37,973 - INFO - allennlp.nn.initializers -    _phrase_layer.encoder_block_0.feedforward._linear_layers.1.bias
2019-05-24 11:08:37,973 - INFO - allennlp.nn.initializers -    _phrase_layer.encoder_block_0.feedforward._linear_layers.1.weight
2019-05-24 11:08:37,973 - INFO - allennlp.nn.initializers -    _phrase_layer.encoder_block_0.feedforward_norm_layer.bias
2019-05-24 11:08:37,973 - INFO - allennlp.nn.initializers -    _phrase_layer.encoder_block_0.feedforward_norm_layer.weight
2019-05-24 11:08:37,973 - INFO - allennlp.nn.initializers -    _question_weights_predictor.bias
2019-05-24 11:08:37,973 - INFO - allennlp.nn.initializers -    _question_weights_predictor.weight
2019-05-24 11:08:37,973 - INFO - allennlp.nn.initializers -    _text_field_embedder.token_embedder_token_characters._embedding._module.weight
2019-05-24 11:08:37,973 - INFO - allennlp.nn.initializers -    _text_field_embedder.token_embedder_token_characters._encoder._module.conv_layer_0.bias
2019-05-24 11:08:37,973 - INFO - allennlp.nn.initializers -    _text_field_embedder.token_embedder_token_characters._encoder._module.conv_layer_0.weight
2019-05-24 11:08:37,974 - INFO - allennlp.nn.initializers -    _text_field_embedder.token_embedder_tokens.weight
2019-05-24 11:08:38,165 - INFO - allennlp.common.from_params - instantiating class <class 'allennlp.data.iterators.data_iterator.DataIterator'> from params {'batch_size': 16, 'max_instances_in_memory': 600, 'sorting_keys': [['passage', 'num_tokens'], ['question', 'num_tokens']], 'type': 'bucket'} and extras set()
2019-05-24 11:08:38,165 - INFO - allennlp.common.params - iterator.type = bucket
2019-05-24 11:08:38,165 - INFO - allennlp.common.from_params - instantiating class <class 'allennlp.data.iterators.bucket_iterator.BucketIterator'> from params {'batch_size': 16, 'max_instances_in_memory': 600, 'sorting_keys': [['passage', 'num_tokens'], ['question', 'num_tokens']]} and extras set()
2019-05-24 11:08:38,165 - INFO - allennlp.common.params - iterator.sorting_keys = [['passage', 'num_tokens'], ['question', 'num_tokens']]
2019-05-24 11:08:38,166 - INFO - allennlp.common.params - iterator.padding_noise = 0.1
2019-05-24 11:08:38,166 - INFO - allennlp.common.params - iterator.biggest_batch_first = False
2019-05-24 11:08:38,166 - INFO - allennlp.common.params - iterator.batch_size = 16
2019-05-24 11:08:38,166 - INFO - allennlp.common.params - iterator.instances_per_epoch = None
2019-05-24 11:08:38,166 - INFO - allennlp.common.params - iterator.max_instances_in_memory = 600
2019-05-24 11:08:38,166 - INFO - allennlp.common.params - iterator.cache_instances = False
2019-05-24 11:08:38,166 - INFO - allennlp.common.params - iterator.track_epoch = False
2019-05-24 11:08:38,166 - INFO - allennlp.common.params - iterator.maximum_samples_per_batch = None
2019-05-24 11:08:38,167 - INFO - allennlp.common.params - validation_iterator = None
2019-05-24 11:08:38,167 - INFO - allennlp.common.params - trainer.no_grad = ()
2019-05-24 11:08:38,168 - INFO - allennlp.training.trainer - Following parameters are Frozen  (without gradient):
2019-05-24 11:08:38,168 - INFO - allennlp.training.trainer - _text_field_embedder.token_embedder_tokens.weight
2019-05-24 11:08:38,168 - INFO - allennlp.training.trainer - Following parameters are Tunable (with gradient):
2019-05-24 11:08:38,168 - INFO - allennlp.training.trainer - _text_field_embedder.token_embedder_token_characters._embedding._module.weight
2019-05-24 11:08:38,168 - INFO - allennlp.training.trainer - _text_field_embedder.token_embedder_token_characters._encoder._module.conv_layer_0.weight
2019-05-24 11:08:38,168 - INFO - allennlp.training.trainer - _text_field_embedder.token_embedder_token_characters._encoder._module.conv_layer_0.bias
2019-05-24 11:08:38,168 - INFO - allennlp.training.trainer - _embedding_proj_layer.weight
2019-05-24 11:08:38,168 - INFO - allennlp.training.trainer - _embedding_proj_layer.bias
2019-05-24 11:08:38,169 - INFO - allennlp.training.trainer - _highway_layer._layers.0.weight
2019-05-24 11:08:38,169 - INFO - allennlp.training.trainer - _highway_layer._layers.0.bias
2019-05-24 11:08:38,169 - INFO - allennlp.training.trainer - _highway_layer._layers.1.weight
2019-05-24 11:08:38,169 - INFO - allennlp.training.trainer - _highway_layer._layers.1.bias
2019-05-24 11:08:38,169 - INFO - allennlp.training.trainer - _encoding_proj_layer.weight
2019-05-24 11:08:38,169 - INFO - allennlp.training.trainer - _encoding_proj_layer.bias
2019-05-24 11:08:38,169 - INFO - allennlp.training.trainer - _phrase_layer.encoder_block_0._conv_norm_layers.0.weight
2019-05-24 11:08:38,169 - INFO - allennlp.training.trainer - _phrase_layer.encoder_block_0._conv_norm_layers.0.bias
2019-05-24 11:08:38,169 - INFO - allennlp.training.trainer - _phrase_layer.encoder_block_0._conv_norm_layers.1.weight
2019-05-24 11:08:38,169 - INFO - allennlp.training.trainer - _phrase_layer.encoder_block_0._conv_norm_layers.1.bias
2019-05-24 11:08:38,169 - INFO - allennlp.training.trainer - _phrase_layer.encoder_block_0._conv_norm_layers.2.weight
2019-05-24 11:08:38,169 - INFO - allennlp.training.trainer - _phrase_layer.encoder_block_0._conv_norm_layers.2.bias
2019-05-24 11:08:38,170 - INFO - allennlp.training.trainer - _phrase_layer.encoder_block_0._conv_norm_layers.3.weight
2019-05-24 11:08:38,170 - INFO - allennlp.training.trainer - _phrase_layer.encoder_block_0._conv_norm_layers.3.bias
2019-05-24 11:08:38,170 - INFO - allennlp.training.trainer - _phrase_layer.encoder_block_0._conv_layers.0.1.weight
2019-05-24 11:08:38,170 - INFO - allennlp.training.trainer - _phrase_layer.encoder_block_0._conv_layers.0.1.bias
2019-05-24 11:08:38,170 - INFO - allennlp.training.trainer - _phrase_layer.encoder_block_0._conv_layers.0.2.weight
2019-05-24 11:08:38,170 - INFO - allennlp.training.trainer - _phrase_layer.encoder_block_0._conv_layers.0.2.bias
2019-05-24 11:08:38,170 - INFO - allennlp.training.trainer - _phrase_layer.encoder_block_0._conv_layers.1.1.weight
2019-05-24 11:08:38,170 - INFO - allennlp.training.trainer - _phrase_layer.encoder_block_0._conv_layers.1.1.bias
2019-05-24 11:08:38,170 - INFO - allennlp.training.trainer - _phrase_layer.encoder_block_0._conv_layers.1.2.weight
2019-05-24 11:08:38,170 - INFO - allennlp.training.trainer - _phrase_layer.encoder_block_0._conv_layers.1.2.bias
2019-05-24 11:08:38,170 - INFO - allennlp.training.trainer - _phrase_layer.encoder_block_0._conv_layers.2.1.weight
2019-05-24 11:08:38,171 - INFO - allennlp.training.trainer - _phrase_layer.encoder_block_0._conv_layers.2.1.bias
2019-05-24 11:08:38,171 - INFO - allennlp.training.trainer - _phrase_layer.encoder_block_0._conv_layers.2.2.weight
2019-05-24 11:08:38,171 - INFO - allennlp.training.trainer - _phrase_layer.encoder_block_0._conv_layers.2.2.bias
2019-05-24 11:08:38,171 - INFO - allennlp.training.trainer - _phrase_layer.encoder_block_0._conv_layers.3.1.weight
2019-05-24 11:08:38,171 - INFO - allennlp.training.trainer - _phrase_layer.encoder_block_0._conv_layers.3.1.bias
2019-05-24 11:08:38,171 - INFO - allennlp.training.trainer - _phrase_layer.encoder_block_0._conv_layers.3.2.weight
2019-05-24 11:08:38,171 - INFO - allennlp.training.trainer - _phrase_layer.encoder_block_0._conv_layers.3.2.bias
2019-05-24 11:08:38,171 - INFO - allennlp.training.trainer - _phrase_layer.encoder_block_0.attention_norm_layer.weight
2019-05-24 11:08:38,171 - INFO - allennlp.training.trainer - _phrase_layer.encoder_block_0.attention_norm_layer.bias
2019-05-24 11:08:38,171 - INFO - allennlp.training.trainer - _phrase_layer.encoder_block_0.attention_layer._combined_projection.weight
2019-05-24 11:08:38,171 - INFO - allennlp.training.trainer - _phrase_layer.encoder_block_0.attention_layer._combined_projection.bias
2019-05-24 11:08:38,172 - INFO - allennlp.training.trainer - _phrase_layer.encoder_block_0.attention_layer._output_projection.weight
2019-05-24 11:08:38,172 - INFO - allennlp.training.trainer - _phrase_layer.encoder_block_0.attention_layer._output_projection.bias
2019-05-24 11:08:38,172 - INFO - allennlp.training.trainer - _phrase_layer.encoder_block_0.feedforward_norm_layer.weight
2019-05-24 11:08:38,172 - INFO - allennlp.training.trainer - _phrase_layer.encoder_block_0.feedforward_norm_layer.bias
2019-05-24 11:08:38,172 - INFO - allennlp.training.trainer - _phrase_layer.encoder_block_0.feedforward._linear_layers.0.weight
2019-05-24 11:08:38,172 - INFO - allennlp.training.trainer - _phrase_layer.encoder_block_0.feedforward._linear_layers.0.bias
2019-05-24 11:08:38,172 - INFO - allennlp.training.trainer - _phrase_layer.encoder_block_0.feedforward._linear_layers.1.weight
2019-05-24 11:08:38,172 - INFO - allennlp.training.trainer - _phrase_layer.encoder_block_0.feedforward._linear_layers.1.bias
2019-05-24 11:08:38,172 - INFO - allennlp.training.trainer - _matrix_attention._weight_vector
2019-05-24 11:08:38,172 - INFO - allennlp.training.trainer - _matrix_attention._bias
2019-05-24 11:08:38,172 - INFO - allennlp.training.trainer - _modeling_proj_layer.weight
2019-05-24 11:08:38,172 - INFO - allennlp.training.trainer - _modeling_proj_layer.bias
2019-05-24 11:08:38,173 - INFO - allennlp.training.trainer - _modeling_layer.encoder_block_0._conv_norm_layers.0.weight
2019-05-24 11:08:38,173 - INFO - allennlp.training.trainer - _modeling_layer.encoder_block_0._conv_norm_layers.0.bias
2019-05-24 11:08:38,173 - INFO - allennlp.training.trainer - _modeling_layer.encoder_block_0._conv_norm_layers.1.weight
2019-05-24 11:08:38,173 - INFO - allennlp.training.trainer - _modeling_layer.encoder_block_0._conv_norm_layers.1.bias
2019-05-24 11:08:38,173 - INFO - allennlp.training.trainer - _modeling_layer.encoder_block_0._conv_layers.0.1.weight
2019-05-24 11:08:38,173 - INFO - allennlp.training.trainer - _modeling_layer.encoder_block_0._conv_layers.0.1.bias
2019-05-24 11:08:38,173 - INFO - allennlp.training.trainer - _modeling_layer.encoder_block_0._conv_layers.0.2.weight
2019-05-24 11:08:38,173 - INFO - allennlp.training.trainer - _modeling_layer.encoder_block_0._conv_layers.0.2.bias
2019-05-24 11:08:38,173 - INFO - allennlp.training.trainer - _modeling_layer.encoder_block_0._conv_layers.1.1.weight
2019-05-24 11:08:38,173 - INFO - allennlp.training.trainer - _modeling_layer.encoder_block_0._conv_layers.1.1.bias
2019-05-24 11:08:38,173 - INFO - allennlp.training.trainer - _modeling_layer.encoder_block_0._conv_layers.1.2.weight
2019-05-24 11:08:38,174 - INFO - allennlp.training.trainer - _modeling_layer.encoder_block_0._conv_layers.1.2.bias
2019-05-24 11:08:38,174 - INFO - allennlp.training.trainer - _modeling_layer.encoder_block_0.attention_norm_layer.weight
2019-05-24 11:08:38,174 - INFO - allennlp.training.trainer - _modeling_layer.encoder_block_0.attention_norm_layer.bias
2019-05-24 11:08:38,174 - INFO - allennlp.training.trainer - _modeling_layer.encoder_block_0.attention_layer._combined_projection.weight
2019-05-24 11:08:38,174 - INFO - allennlp.training.trainer - _modeling_layer.encoder_block_0.attention_layer._combined_projection.bias
2019-05-24 11:08:38,174 - INFO - allennlp.training.trainer - _modeling_layer.encoder_block_0.attention_layer._output_projection.weight
2019-05-24 11:08:38,174 - INFO - allennlp.training.trainer - _modeling_layer.encoder_block_0.attention_layer._output_projection.bias
2019-05-24 11:08:38,174 - INFO - allennlp.training.trainer - _modeling_layer.encoder_block_0.feedforward_norm_layer.weight
2019-05-24 11:08:38,174 - INFO - allennlp.training.trainer - _modeling_layer.encoder_block_0.feedforward_norm_layer.bias
2019-05-24 11:08:38,174 - INFO - allennlp.training.trainer - _modeling_layer.encoder_block_0.feedforward._linear_layers.0.weight
2019-05-24 11:08:38,174 - INFO - allennlp.training.trainer - _modeling_layer.encoder_block_0.feedforward._linear_layers.0.bias
2019-05-24 11:08:38,175 - INFO - allennlp.training.trainer - _modeling_layer.encoder_block_0.feedforward._linear_layers.1.weight
2019-05-24 11:08:38,175 - INFO - allennlp.training.trainer - _modeling_layer.encoder_block_0.feedforward._linear_layers.1.bias
2019-05-24 11:08:38,175 - INFO - allennlp.training.trainer - _passage_weights_predictor.weight
2019-05-24 11:08:38,175 - INFO - allennlp.training.trainer - _passage_weights_predictor.bias
2019-05-24 11:08:38,175 - INFO - allennlp.training.trainer - _question_weights_predictor.weight
2019-05-24 11:08:38,175 - INFO - allennlp.training.trainer - _question_weights_predictor.bias
2019-05-24 11:08:38,175 - INFO - allennlp.training.trainer - _count_number_predictor._linear_layers.0.weight
2019-05-24 11:08:38,175 - INFO - allennlp.training.trainer - _count_number_predictor._linear_layers.0.bias
2019-05-24 11:08:38,175 - INFO - allennlp.training.trainer - _count_number_predictor._linear_layers.1.weight
2019-05-24 11:08:38,175 - INFO - allennlp.training.trainer - _count_number_predictor._linear_layers.1.bias
2019-05-24 11:08:38,175 - INFO - allennlp.common.params - trainer.patience = 10
2019-05-24 11:08:38,176 - INFO - allennlp.common.params - trainer.validation_metric = +f1
2019-05-24 11:08:38,176 - INFO - allennlp.common.params - trainer.shuffle = True
2019-05-24 11:08:38,176 - INFO - allennlp.common.params - trainer.num_epochs = 10
2019-05-24 11:08:38,176 - INFO - allennlp.common.params - trainer.cuda_device = 0
2019-05-24 11:08:38,176 - INFO - allennlp.common.params - trainer.grad_norm = 5
2019-05-24 11:08:38,176 - INFO - allennlp.common.params - trainer.grad_clipping = None
2019-05-24 11:08:38,176 - INFO - allennlp.common.params - trainer.learning_rate_scheduler = None
2019-05-24 11:08:38,176 - INFO - allennlp.common.params - trainer.momentum_scheduler = None
2019-05-24 11:08:44,884 - INFO - allennlp.common.params - trainer.optimizer.type = adam
2019-05-24 11:08:44,884 - INFO - allennlp.common.params - trainer.optimizer.parameter_groups = None
2019-05-24 11:08:44,884 - INFO - allennlp.training.optimizers - Number of trainable parameters: 670477
2019-05-24 11:08:44,885 - INFO - allennlp.common.params - trainer.optimizer.infer_type_and_cast = True
2019-05-24 11:08:44,885 - INFO - allennlp.common.params - Converting Params object to dict; logging of default values will not occur when dictionary parameters are used subsequently.
2019-05-24 11:08:44,885 - INFO - allennlp.common.params - CURRENTLY DEFINED PARAMETERS: 
2019-05-24 11:08:44,885 - INFO - allennlp.common.params - trainer.optimizer.betas = [0.8, 0.999]
2019-05-24 11:08:44,885 - INFO - allennlp.common.params - trainer.optimizer.eps = 1e-07
2019-05-24 11:08:44,885 - INFO - allennlp.common.params - trainer.optimizer.lr = 0.0005
2019-05-24 11:08:44,885 - INFO - allennlp.common.from_params - instantiating class <class 'allennlp.training.moving_average.MovingAverage'> from params {'decay': 0.9999, 'type': 'exponential'} and extras {'parameters'}
2019-05-24 11:08:44,885 - INFO - allennlp.common.params - trainer.moving_average.type = exponential
2019-05-24 11:08:44,885 - INFO - allennlp.common.from_params - instantiating class <class 'allennlp.training.moving_average.ExponentialMovingAverage'> from params {'decay': 0.9999} and extras {'parameters'}
2019-05-24 11:08:44,885 - INFO - allennlp.common.params - trainer.moving_average.decay = 0.9999
2019-05-24 11:08:44,885 - INFO - allennlp.common.params - trainer.moving_average.numerator = 1.0
2019-05-24 11:08:44,886 - INFO - allennlp.common.params - trainer.moving_average.denominator = 10.0
2019-05-24 11:08:44,889 - INFO - allennlp.common.params - trainer.num_serialized_models_to_keep = 1
2019-05-24 11:08:44,890 - INFO - allennlp.common.params - trainer.keep_serialized_model_every_num_seconds = None
2019-05-24 11:08:44,890 - INFO - allennlp.common.params - trainer.model_save_interval = None
2019-05-24 11:08:44,890 - INFO - allennlp.common.params - trainer.summary_interval = 100
2019-05-24 11:08:44,890 - INFO - allennlp.common.params - trainer.histogram_interval = None
2019-05-24 11:08:44,890 - INFO - allennlp.common.params - trainer.should_log_parameter_statistics = True
2019-05-24 11:08:44,890 - INFO - allennlp.common.params - trainer.should_log_learning_rate = False
2019-05-24 11:08:44,890 - INFO - allennlp.common.params - trainer.log_batch_size_period = None
2019-05-24 11:08:44,930 - INFO - allennlp.training.trainer - Beginning training.
2019-05-24 11:08:44,930 - INFO - allennlp.training.trainer - Epoch 0/9
2019-05-24 11:08:44,930 - INFO - allennlp.training.trainer - Peak CPU memory usage MB: 5315.94
2019-05-24 11:08:45,026 - INFO - allennlp.training.trainer - GPU 0 memory usage MB: 835
2019-05-24 11:08:45,028 - INFO - allennlp.training.trainer - Training
2019-05-24 11:23:43,048 - INFO - allennlp.training.trainer - Validating
2019-05-24 11:24:31,095 - INFO - allennlp.training.tensorboard_writer -                     Training |  Validation
2019-05-24 11:24:31,096 - INFO - allennlp.training.tensorboard_writer - cpu_memory_MB   |  5315.940  |       N/A
2019-05-24 11:24:31,096 - INFO - allennlp.training.tensorboard_writer - em              |     0.012  |     0.015
2019-05-24 11:24:31,097 - INFO - allennlp.training.tensorboard_writer - gpu_0_memory_MB |   835.000  |       N/A
2019-05-24 11:24:31,097 - INFO - allennlp.training.tensorboard_writer - f1              |     0.013  |     0.015
2019-05-24 11:24:31,097 - INFO - allennlp.training.tensorboard_writer - loss            |     5.173  |     5.318
2019-05-24 11:24:31,839 - INFO - allennlp.training.checkpointer - Best validation performance so far. Copying weights to 'out/counting_filtering_counting_only/best.th'.
2019-05-24 11:24:32,450 - INFO - allennlp.training.trainer - Epoch duration: 00:15:47
2019-05-24 11:24:32,450 - INFO - allennlp.training.trainer - Estimated training time remaining: 2:22:07
2019-05-24 11:24:32,451 - INFO - allennlp.training.trainer - Epoch 1/9
2019-05-24 11:24:32,451 - INFO - allennlp.training.trainer - Peak CPU memory usage MB: 7243.38
2019-05-24 11:24:32,574 - INFO - allennlp.training.trainer - GPU 0 memory usage MB: 4141
2019-05-24 11:24:32,576 - INFO - allennlp.training.trainer - Training
2019-05-24 11:37:34,467 - INFO - allennlp.training.trainer - Validating
2019-05-24 11:38:07,567 - INFO - allennlp.training.tensorboard_writer -                     Training |  Validation
2019-05-24 11:38:07,567 - INFO - allennlp.training.tensorboard_writer - cpu_memory_MB   |  7243.380  |       N/A
2019-05-24 11:38:07,568 - INFO - allennlp.training.tensorboard_writer - em              |     0.012  |     0.015
2019-05-24 11:38:07,568 - INFO - allennlp.training.tensorboard_writer - gpu_0_memory_MB |  4141.000  |       N/A
2019-05-24 11:38:07,568 - INFO - allennlp.training.tensorboard_writer - f1              |     0.013  |     0.015
2019-05-24 11:38:07,569 - INFO - allennlp.training.tensorboard_writer - loss            |     5.170  |     5.289
2019-05-24 11:38:08,432 - INFO - allennlp.training.trainer - Epoch duration: 00:13:35
2019-05-24 11:38:08,432 - INFO - allennlp.training.trainer - Estimated training time remaining: 1:57:34
2019-05-24 11:38:08,433 - INFO - allennlp.training.trainer - Epoch 2/9
2019-05-24 11:38:08,433 - INFO - allennlp.training.trainer - Peak CPU memory usage MB: 7246.176
2019-05-24 11:38:08,571 - INFO - allennlp.training.trainer - GPU 0 memory usage MB: 4142
2019-05-24 11:38:08,573 - INFO - allennlp.training.trainer - Training
2019-05-24 11:51:09,161 - INFO - allennlp.training.trainer - Validating
2019-05-24 11:51:42,207 - INFO - allennlp.training.tensorboard_writer -                     Training |  Validation
2019-05-24 11:51:42,208 - INFO - allennlp.training.tensorboard_writer - cpu_memory_MB   |  7246.176  |       N/A
2019-05-24 11:51:42,208 - INFO - allennlp.training.tensorboard_writer - em              |     0.012  |     0.015
2019-05-24 11:51:42,208 - INFO - allennlp.training.tensorboard_writer - gpu_0_memory_MB |  4142.000  |       N/A
2019-05-24 11:51:42,208 - INFO - allennlp.training.tensorboard_writer - f1              |     0.013  |     0.015
2019-05-24 11:51:42,209 - INFO - allennlp.training.tensorboard_writer - loss            |     5.165  |     5.289
2019-05-24 11:51:43,310 - INFO - allennlp.training.trainer - Epoch duration: 00:13:34
2019-05-24 11:51:43,312 - INFO - allennlp.training.trainer - Estimated training time remaining: 1:40:16
2019-05-24 11:51:43,312 - INFO - allennlp.training.trainer - Epoch 3/9
2019-05-24 11:51:43,312 - INFO - allennlp.training.trainer - Peak CPU memory usage MB: 7246.66
2019-05-24 11:51:43,457 - INFO - allennlp.training.trainer - GPU 0 memory usage MB: 4141
2019-05-24 11:51:43,459 - INFO - allennlp.training.trainer - Training
2019-05-24 12:04:42,301 - INFO - allennlp.training.trainer - Validating
2019-05-24 12:05:15,293 - INFO - allennlp.training.tensorboard_writer -                     Training |  Validation
2019-05-24 12:05:15,293 - INFO - allennlp.training.tensorboard_writer - cpu_memory_MB   |  7246.660  |       N/A
2019-05-24 12:05:15,293 - INFO - allennlp.training.tensorboard_writer - em              |     0.012  |     0.015
2019-05-24 12:05:15,294 - INFO - allennlp.training.tensorboard_writer - gpu_0_memory_MB |  4141.000  |       N/A
2019-05-24 12:05:15,294 - INFO - allennlp.training.tensorboard_writer - f1              |     0.013  |     0.015
2019-05-24 12:05:15,294 - INFO - allennlp.training.tensorboard_writer - loss            |     5.168  |     5.292
2019-05-24 12:05:16,020 - INFO - allennlp.training.trainer - Epoch duration: 00:13:32
2019-05-24 12:05:16,020 - INFO - allennlp.training.trainer - Estimated training time remaining: 1:24:46
2019-05-24 12:05:16,020 - INFO - allennlp.training.trainer - Epoch 4/9
2019-05-24 12:05:16,020 - INFO - allennlp.training.trainer - Peak CPU memory usage MB: 7246.66
2019-05-24 12:05:16,139 - INFO - allennlp.training.trainer - GPU 0 memory usage MB: 4144
2019-05-24 12:05:16,141 - INFO - allennlp.training.trainer - Training
2019-05-24 12:18:09,883 - INFO - allennlp.training.trainer - Validating
2019-05-24 12:18:42,653 - INFO - allennlp.training.tensorboard_writer -                     Training |  Validation
2019-05-24 12:18:42,653 - INFO - allennlp.training.tensorboard_writer - cpu_memory_MB   |  7246.660  |       N/A
2019-05-24 12:18:42,654 - INFO - allennlp.training.tensorboard_writer - em              |     0.012  |     0.015
2019-05-24 12:18:42,654 - INFO - allennlp.training.tensorboard_writer - gpu_0_memory_MB |  4144.000  |       N/A
2019-05-24 12:18:42,655 - INFO - allennlp.training.tensorboard_writer - f1              |     0.013  |     0.015
2019-05-24 12:18:42,655 - INFO - allennlp.training.tensorboard_writer - loss            |     5.169  |     5.255
2019-05-24 12:18:43,749 - INFO - allennlp.training.trainer - Epoch duration: 00:13:27
2019-05-24 12:18:43,750 - INFO - allennlp.training.trainer - Estimated training time remaining: 1:09:58
2019-05-24 12:18:43,750 - INFO - allennlp.training.trainer - Epoch 5/9
2019-05-24 12:18:43,750 - INFO - allennlp.training.trainer - Peak CPU memory usage MB: 7247.252
2019-05-24 12:18:43,866 - INFO - allennlp.training.trainer - GPU 0 memory usage MB: 4143
2019-05-24 12:18:43,869 - INFO - allennlp.training.trainer - Training
2019-05-24 12:31:31,054 - INFO - allennlp.training.trainer - Validating
2019-05-24 12:32:03,896 - INFO - allennlp.training.tensorboard_writer -                     Training |  Validation
2019-05-24 12:32:03,896 - INFO - allennlp.training.tensorboard_writer - cpu_memory_MB   |  7247.252  |       N/A
2019-05-24 12:32:03,896 - INFO - allennlp.training.tensorboard_writer - em              |     0.012  |     0.015
2019-05-24 12:32:03,896 - INFO - allennlp.training.tensorboard_writer - gpu_0_memory_MB |  4143.000  |       N/A
2019-05-24 12:32:03,897 - INFO - allennlp.training.tensorboard_writer - f1              |     0.013  |     0.015
2019-05-24 12:32:03,897 - INFO - allennlp.training.tensorboard_writer - loss            |     5.171  |     5.303
2019-05-24 12:32:05,315 - INFO - allennlp.training.trainer - Epoch duration: 00:13:21
2019-05-24 12:32:05,317 - INFO - allennlp.training.trainer - Estimated training time remaining: 0:55:33
2019-05-24 12:32:05,317 - INFO - allennlp.training.trainer - Epoch 6/9
2019-05-24 12:32:05,317 - INFO - allennlp.training.trainer - Peak CPU memory usage MB: 7247.564
2019-05-24 12:32:05,430 - INFO - allennlp.training.trainer - GPU 0 memory usage MB: 4144
2019-05-24 12:32:05,432 - INFO - allennlp.training.trainer - Training
2019-05-24 12:44:55,921 - INFO - allennlp.training.trainer - Validating
2019-05-24 12:45:28,718 - INFO - allennlp.training.tensorboard_writer -                     Training |  Validation
2019-05-24 12:45:28,720 - INFO - allennlp.training.tensorboard_writer - cpu_memory_MB   |  7247.564  |       N/A
2019-05-24 12:45:28,720 - INFO - allennlp.training.tensorboard_writer - em              |     0.012  |     0.015
2019-05-24 12:45:28,721 - INFO - allennlp.training.tensorboard_writer - gpu_0_memory_MB |  4144.000  |       N/A
2019-05-24 12:45:28,721 - INFO - allennlp.training.tensorboard_writer - f1              |     0.013  |     0.015
2019-05-24 12:45:28,721 - INFO - allennlp.training.tensorboard_writer - loss            |     5.175  |     5.273
2019-05-24 12:45:29,415 - INFO - allennlp.training.trainer - Epoch duration: 00:13:24
2019-05-24 12:45:29,416 - INFO - allennlp.training.trainer - Estimated training time remaining: 0:41:27
2019-05-24 12:45:29,416 - INFO - allennlp.training.trainer - Epoch 7/9
2019-05-24 12:45:29,416 - INFO - allennlp.training.trainer - Peak CPU memory usage MB: 7247.564
2019-05-24 12:45:29,527 - INFO - allennlp.training.trainer - GPU 0 memory usage MB: 4143
2019-05-24 12:45:29,529 - INFO - allennlp.training.trainer - Training
2019-05-24 12:58:19,517 - INFO - allennlp.training.trainer - Validating
2019-05-24 12:58:52,484 - INFO - allennlp.training.tensorboard_writer -                     Training |  Validation
2019-05-24 12:58:52,484 - INFO - allennlp.training.tensorboard_writer - cpu_memory_MB   |  7247.564  |       N/A
2019-05-24 12:58:52,485 - INFO - allennlp.training.tensorboard_writer - em              |     0.012  |     0.015
2019-05-24 12:58:52,485 - INFO - allennlp.training.tensorboard_writer - gpu_0_memory_MB |  4143.000  |       N/A
2019-05-24 12:58:52,486 - INFO - allennlp.training.tensorboard_writer - f1              |     0.013  |     0.015
2019-05-24 12:58:52,486 - INFO - allennlp.training.tensorboard_writer - loss            |     5.168  |     5.300
2019-05-24 12:58:53,165 - INFO - allennlp.training.trainer - Epoch duration: 00:13:23
2019-05-24 12:58:53,165 - INFO - allennlp.training.trainer - Estimated training time remaining: 0:27:32
2019-05-24 12:58:53,165 - INFO - allennlp.training.trainer - Epoch 8/9
2019-05-24 12:58:53,165 - INFO - allennlp.training.trainer - Peak CPU memory usage MB: 7247.564
2019-05-24 12:58:53,280 - INFO - allennlp.training.trainer - GPU 0 memory usage MB: 4143
2019-05-24 12:58:53,283 - INFO - allennlp.training.trainer - Training
2019-05-24 13:11:46,110 - INFO - allennlp.training.trainer - Validating
2019-05-24 13:12:18,943 - INFO - allennlp.training.tensorboard_writer -                     Training |  Validation
2019-05-24 13:12:18,943 - INFO - allennlp.training.tensorboard_writer - cpu_memory_MB   |  7247.564  |       N/A
2019-05-24 13:12:18,943 - INFO - allennlp.training.tensorboard_writer - em              |     0.012  |     0.015
2019-05-24 13:12:18,944 - INFO - allennlp.training.tensorboard_writer - gpu_0_memory_MB |  4143.000  |       N/A
2019-05-24 13:12:18,944 - INFO - allennlp.training.tensorboard_writer - f1              |     0.013  |     0.015
2019-05-24 13:12:18,944 - INFO - allennlp.training.tensorboard_writer - loss            |     5.167  |     5.276
2019-05-24 13:12:19,927 - INFO - allennlp.training.trainer - Epoch duration: 00:13:26
2019-05-24 13:12:19,927 - INFO - allennlp.training.trainer - Estimated training time remaining: 0:13:43
2019-05-24 13:12:19,927 - INFO - allennlp.training.trainer - Epoch 9/9
2019-05-24 13:12:19,927 - INFO - allennlp.training.trainer - Peak CPU memory usage MB: 7247.692
2019-05-24 13:12:20,043 - INFO - allennlp.training.trainer - GPU 0 memory usage MB: 4143
2019-05-24 13:12:20,045 - INFO - allennlp.training.trainer - Training
2019-05-24 13:25:13,598 - INFO - allennlp.training.trainer - Validating
2019-05-24 13:25:46,376 - INFO - allennlp.training.tensorboard_writer -                     Training |  Validation
2019-05-24 13:25:46,377 - INFO - allennlp.training.tensorboard_writer - cpu_memory_MB   |  7247.692  |       N/A
2019-05-24 13:25:46,378 - INFO - allennlp.training.tensorboard_writer - em              |     0.012  |     0.015
2019-05-24 13:25:46,378 - INFO - allennlp.training.tensorboard_writer - gpu_0_memory_MB |  4143.000  |       N/A
2019-05-24 13:25:46,378 - INFO - allennlp.training.tensorboard_writer - f1              |     0.013  |     0.015
2019-05-24 13:25:46,379 - INFO - allennlp.training.tensorboard_writer - loss            |     5.174  |     5.288
2019-05-24 13:25:48,219 - INFO - allennlp.training.trainer - Epoch duration: 00:13:28
2019-05-24 13:25:48,220 - INFO - allennlp.training.checkpointer - loading best weights
