0it [00:00, ?it/s]
8878it [00:10, 887.72it/s]
17773it [00:20, 888.24it/s]
26668it [00:30, 881.40it/s]
35471it [00:40, 881.06it/s]
44408it [00:50, 884.79it/s]
53345it [01:00, 884.85it/s]
62195it [01:10, 882.78it/s]
70975it [01:21, 865.67it/s]
71659it [01:21, 875.05it/s]

0it [00:00, ?it/s]
470737it [00:10, 47073.64it/s]
951507it [00:20, 47370.15it/s]
1432843it [00:30, 47596.46it/s]
1702926it [00:35, 47847.00it/s]

0it [00:00, ?it/s]
380349it [00:10, 38034.90it/s]
824677it [00:20, 39752.02it/s]
1294157it [00:30, 41668.02it/s]
1702926it [00:38, 44156.33it/s]

  0%|          | 0/4104 [00:00<?, ?it/s]
em: 0.0148, f1: 0.0148, loss: 477.2547 ||:   1%|1         | 47/4104 [00:10<14:30,  4.66it/s]
em: 0.0152, f1: 0.0152, loss: 236.7908 ||:   2%|2         | 100/4104 [00:20<13:51,  4.82it/s]
em: 0.0186, f1: 0.0186, loss: 162.8776 ||:   4%|3         | 153/4104 [00:34<14:57,  4.40it/s]
em: 0.0172, f1: 0.0173, loss: 126.7984 ||:   5%|5         | 206/4104 [00:44<14:04,  4.62it/s]
em: 0.0168, f1: 0.0169, loss: 105.0560 ||:   6%|6         | 259/4104 [00:54<13:21,  4.80it/s]
em: 0.0191, f1: 0.0191, loss: 92.8175 ||:   8%|7         | 312/4104 [01:06<13:27,  4.70it/s] 
em: 0.0183, f1: 0.0183, loss: 83.2274 ||:   9%|8         | 360/4104 [01:16<13:12,  4.72it/s]
em: 0.0180, f1: 0.0180, loss: 75.5552 ||:  10%|#         | 412/4104 [01:26<12:44,  4.83it/s]
em: 0.0176, f1: 0.0176, loss: 69.8188 ||:  11%|#1        | 464/4104 [01:38<12:41,  4.78it/s]
em: 0.0172, f1: 0.0172, loss: 65.5014 ||:  13%|#2        | 516/4104 [01:48<12:15,  4.88it/s]
em: 0.0173, f1: 0.0173, loss: 61.4523 ||:  14%|#3        | 568/4104 [01:58<11:56,  4.93it/s]
em: 0.0174, f1: 0.0174, loss: 58.0713 ||:  15%|#5        | 619/4104 [02:09<12:08,  4.79it/s]
em: 0.0169, f1: 0.0170, loss: 55.7560 ||:  16%|#6        | 671/4104 [02:20<11:42,  4.89it/s]
em: 0.0168, f1: 0.0169, loss: 53.3289 ||:  18%|#7        | 723/4104 [02:31<11:46,  4.79it/s]
em: 0.0170, f1: 0.0171, loss: 51.4338 ||:  19%|#8        | 775/4104 [02:41<11:21,  4.88it/s]
em: 0.0175, f1: 0.0177, loss: 49.7380 ||:  20%|##        | 827/4104 [02:51<11:03,  4.94it/s]
em: 0.0172, f1: 0.0174, loss: 48.2995 ||:  21%|##1       | 878/4104 [03:06<12:07,  4.44it/s]
em: 0.0173, f1: 0.0175, loss: 47.7711 ||:  23%|##2       | 929/4104 [03:16<11:30,  4.60it/s]
em: 0.0174, f1: 0.0175, loss: 46.1598 ||:  24%|##3       | 980/4104 [03:26<11:01,  4.72it/s]
em: 0.0173, f1: 0.0174, loss: 45.2785 ||:  25%|##5       | 1031/4104 [03:37<10:56,  4.68it/s]
em: 0.0170, f1: 0.0172, loss: 44.2395 ||:  26%|##6       | 1082/4104 [03:47<10:30,  4.79it/s]
em: 0.0166, f1: 0.0168, loss: 43.4540 ||:  28%|##7       | 1133/4104 [03:57<10:11,  4.86it/s]
em: 0.0168, f1: 0.0170, loss: 42.7044 ||:  29%|##8       | 1184/4104 [04:08<10:12,  4.77it/s]
em: 0.0166, f1: 0.0168, loss: 42.1294 ||:  30%|###       | 1234/4104 [04:18<09:54,  4.82it/s]
em: 0.0164, f1: 0.0166, loss: 41.4165 ||:  31%|###1      | 1286/4104 [04:29<09:34,  4.90it/s]
em: 0.0166, f1: 0.0168, loss: 40.5948 ||:  33%|###2      | 1338/4104 [04:40<09:37,  4.79it/s]
em: 0.0165, f1: 0.0167, loss: 39.9630 ||:  34%|###3      | 1388/4104 [04:50<09:21,  4.84it/s]
em: 0.0162, f1: 0.0164, loss: 39.4895 ||:  35%|###5      | 1438/4104 [05:00<09:10,  4.84it/s]
em: 0.0161, f1: 0.0163, loss: 38.9407 ||:  36%|###6      | 1487/4104 [05:12<09:17,  4.70it/s]
em: 0.0167, f1: 0.0169, loss: 38.1267 ||:  37%|###7      | 1537/4104 [05:22<08:57,  4.78it/s]
em: 0.0172, f1: 0.0174, loss: 37.6943 ||:  39%|###8      | 1590/4104 [05:32<08:31,  4.92it/s]
em: 0.0172, f1: 0.0174, loss: 37.1206 ||:  40%|####      | 1643/4104 [05:43<08:33,  4.79it/s]
em: 0.0172, f1: 0.0174, loss: 36.6464 ||:  41%|####1     | 1694/4104 [05:53<08:14,  4.87it/s]
em: 0.0172, f1: 0.0175, loss: 36.1812 ||:  43%|####2     | 1745/4104 [06:03<07:57,  4.94it/s]
em: 0.0174, f1: 0.0177, loss: 35.7456 ||:  44%|####3     | 1796/4104 [06:18<08:44,  4.40it/s]
em: 0.0174, f1: 0.0177, loss: 35.4272 ||:  45%|####4     | 1846/4104 [06:28<08:15,  4.56it/s]
em: 0.0174, f1: 0.0177, loss: 35.1559 ||:  46%|####6     | 1898/4104 [06:38<07:47,  4.72it/s]
em: 0.0172, f1: 0.0175, loss: 34.9568 ||:  48%|####7     | 1950/4104 [06:50<07:44,  4.64it/s]
em: 0.0172, f1: 0.0175, loss: 34.5993 ||:  49%|####8     | 2001/4104 [07:00<07:22,  4.75it/s]
em: 0.0172, f1: 0.0174, loss: 34.3950 ||:  50%|#####     | 2052/4104 [07:10<07:05,  4.82it/s]
em: 0.0171, f1: 0.0174, loss: 34.2759 ||:  51%|#####1    | 2102/4104 [07:21<07:04,  4.72it/s]
em: 0.0171, f1: 0.0174, loss: 33.9516 ||:  52%|#####2    | 2151/4104 [07:31<06:49,  4.76it/s]
em: 0.0173, f1: 0.0176, loss: 33.9211 ||:  54%|#####3    | 2203/4104 [07:41<06:29,  4.88it/s]
em: 0.0172, f1: 0.0175, loss: 33.7953 ||:  55%|#####4    | 2255/4104 [07:52<06:22,  4.83it/s]
em: 0.0172, f1: 0.0175, loss: 33.5796 ||:  56%|#####6    | 2306/4104 [08:02<06:07,  4.89it/s]
em: 0.0172, f1: 0.0175, loss: 33.4004 ||:  57%|#####7    | 2357/4104 [08:14<06:05,  4.78it/s]
em: 0.0171, f1: 0.0174, loss: 33.4942 ||:  59%|#####8    | 2409/4104 [08:24<05:47,  4.88it/s]
em: 0.0172, f1: 0.0175, loss: 33.2995 ||:  60%|#####9    | 2461/4104 [08:34<05:31,  4.96it/s]
em: 0.0173, f1: 0.0176, loss: 33.1981 ||:  61%|######1   | 2513/4104 [08:45<05:27,  4.86it/s]
em: 0.0173, f1: 0.0175, loss: 33.0174 ||:  62%|######2   | 2565/4104 [08:55<05:11,  4.94it/s]
em: 0.0172, f1: 0.0175, loss: 32.8737 ||:  64%|######3   | 2617/4104 [09:05<04:57,  5.00it/s]
em: 0.0174, f1: 0.0177, loss: 32.6270 ||:  65%|######5   | 2669/4104 [09:17<04:55,  4.86it/s]
em: 0.0176, f1: 0.0180, loss: 32.4379 ||:  66%|######6   | 2720/4104 [09:27<04:42,  4.90it/s]
em: 0.0174, f1: 0.0178, loss: 32.3077 ||:  68%|######7   | 2771/4104 [09:37<04:30,  4.93it/s]
em: 0.0173, f1: 0.0176, loss: 32.1252 ||:  69%|######8   | 2822/4104 [09:48<04:26,  4.82it/s]
em: 0.0172, f1: 0.0175, loss: 31.9327 ||:  70%|#######   | 2873/4104 [09:58<04:12,  4.88it/s]
em: 0.0170, f1: 0.0174, loss: 31.7635 ||:  71%|#######1  | 2924/4104 [10:13<04:26,  4.42it/s]
em: 0.0171, f1: 0.0174, loss: 31.5586 ||:  72%|#######2  | 2968/4104 [10:23<04:17,  4.42it/s]
em: 0.0172, f1: 0.0175, loss: 31.3156 ||:  73%|#######3  | 3016/4104 [10:33<04:01,  4.51it/s]
em: 0.0172, f1: 0.0175, loss: 31.2603 ||:  75%|#######4  | 3066/4104 [10:43<03:43,  4.64it/s]
em: 0.0171, f1: 0.0174, loss: 31.5229 ||:  76%|#######5  | 3117/4104 [10:54<03:33,  4.61it/s]
em: 0.0171, f1: 0.0174, loss: 31.3827 ||:  77%|#######7  | 3167/4104 [11:04<03:18,  4.71it/s]
em: 0.0170, f1: 0.0173, loss: 31.2746 ||:  78%|#######8  | 3218/4104 [11:14<03:03,  4.82it/s]
em: 0.0171, f1: 0.0175, loss: 31.3064 ||:  80%|#######9  | 3269/4104 [11:25<02:56,  4.74it/s]
em: 0.0171, f1: 0.0174, loss: 31.3161 ||:  81%|########  | 3321/4104 [11:35<02:41,  4.85it/s]
em: 0.0171, f1: 0.0174, loss: 31.0994 ||:  82%|########2 | 3373/4104 [11:46<02:28,  4.92it/s]
em: 0.0171, f1: 0.0175, loss: 31.0307 ||:  83%|########3 | 3424/4104 [11:57<02:22,  4.78it/s]
em: 0.0173, f1: 0.0176, loss: 30.8505 ||:  85%|########4 | 3474/4104 [12:07<02:10,  4.84it/s]
em: 0.0172, f1: 0.0175, loss: 30.7469 ||:  86%|########5 | 3525/4104 [12:17<01:58,  4.90it/s]
em: 0.0172, f1: 0.0175, loss: 30.5858 ||:  87%|########7 | 3576/4104 [12:28<01:50,  4.76it/s]
em: 0.0172, f1: 0.0175, loss: 30.4551 ||:  88%|########8 | 3628/4104 [12:39<01:37,  4.87it/s]
em: 0.0173, f1: 0.0176, loss: 30.4207 ||:  90%|########9 | 3680/4104 [12:49<01:25,  4.93it/s]
em: 0.0172, f1: 0.0176, loss: 30.3606 ||:  91%|######### | 3731/4104 [13:00<01:18,  4.77it/s]
em: 0.0173, f1: 0.0176, loss: 30.2026 ||:  92%|#########2| 3781/4104 [13:11<01:07,  4.82it/s]
em: 0.0172, f1: 0.0176, loss: 30.1263 ||:  93%|#########3| 3831/4104 [13:21<00:56,  4.86it/s]
em: 0.0171, f1: 0.0174, loss: 30.0820 ||:  95%|#########4| 3881/4104 [13:32<00:46,  4.75it/s]
em: 0.0169, f1: 0.0172, loss: 30.0816 ||:  96%|#########5| 3932/4104 [13:42<00:35,  4.85it/s]
em: 0.0168, f1: 0.0171, loss: 30.1763 ||:  97%|#########7| 3984/4104 [13:52<00:24,  4.93it/s]
em: 0.0167, f1: 0.0170, loss: 30.1583 ||:  98%|#########8| 4036/4104 [14:03<00:14,  4.79it/s]
em: 0.0166, f1: 0.0169, loss: 30.1117 ||: 100%|#########9| 4087/4104 [14:13<00:03,  4.88it/s]
em: 0.0165, f1: 0.0169, loss: 30.1467 ||: : 4138it [14:24,  4.89it/s]                        
em: 0.0165, f1: 0.0168, loss: 30.1508 ||: : 4158it [14:28,  4.79it/s]

  0%|          | 0/376 [00:00<?, ?it/s]
em: 0.0238, f1: 0.0238, loss: 136.5731 ||:  20%|##        | 77/376 [00:10<00:42,  7.06it/s]
em: 0.0269, f1: 0.0269, loss: 118.1054 ||:  39%|###9      | 148/376 [00:22<00:33,  6.76it/s]
em: 0.0244, f1: 0.0244, loss: 123.1089 ||:  59%|#####8    | 220/376 [00:32<00:22,  6.86it/s]
em: 0.0224, f1: 0.0224, loss: 118.3596 ||:  80%|#######9  | 299/376 [00:42<00:10,  7.13it/s]
em: 0.0196, f1: 0.0196, loss: 137.5997 ||: : 381it [00:52,  7.32it/s]                       

  0%|          | 0/4104 [00:00<?, ?it/s]
em: 0.0117, f1: 0.0117, loss: 25.1978 ||:   1%|1         | 54/4104 [00:10<12:36,  5.35it/s]
em: 0.0150, f1: 0.0150, loss: 30.0280 ||:   3%|2         | 110/4104 [00:20<12:20,  5.40it/s]
em: 0.0149, f1: 0.0150, loss: 27.9007 ||:   4%|4         | 166/4104 [00:30<12:09,  5.40it/s]
em: 0.0140, f1: 0.0141, loss: 25.6043 ||:   5%|5         | 222/4104 [00:40<11:51,  5.45it/s]
em: 0.0146, f1: 0.0147, loss: 25.4812 ||:   7%|6         | 278/4104 [00:50<11:38,  5.48it/s]
em: 0.0148, f1: 0.0148, loss: 26.0906 ||:   8%|8         | 334/4104 [01:01<11:30,  5.46it/s]
em: 0.0146, f1: 0.0147, loss: 25.5815 ||:   9%|9         | 389/4104 [01:11<11:19,  5.47it/s]
em: 0.0146, f1: 0.0147, loss: 24.6529 ||:  11%|#         | 446/4104 [01:21<11:04,  5.51it/s]
em: 0.0150, f1: 0.0151, loss: 25.2055 ||:  12%|#2        | 503/4104 [01:31<10:50,  5.54it/s]
em: 0.0152, f1: 0.0153, loss: 24.4516 ||:  14%|#3        | 560/4104 [01:41<10:40,  5.53it/s]
em: 0.0154, f1: 0.0155, loss: 24.5221 ||:  15%|#5        | 616/4104 [01:51<10:30,  5.53it/s]
em: 0.0158, f1: 0.0160, loss: 24.0971 ||:  16%|#6        | 672/4104 [02:02<10:19,  5.54it/s]
em: 0.0159, f1: 0.0161, loss: 24.1339 ||:  18%|#7        | 729/4104 [02:12<10:05,  5.57it/s]
em: 0.0162, f1: 0.0164, loss: 23.7431 ||:  19%|#9        | 786/4104 [02:22<09:59,  5.53it/s]
em: 0.0165, f1: 0.0168, loss: 23.8124 ||:  21%|##        | 843/4104 [02:32<09:46,  5.56it/s]
em: 0.0165, f1: 0.0168, loss: 23.6028 ||:  22%|##1       | 900/4104 [02:43<09:40,  5.52it/s]
em: 0.0167, f1: 0.0169, loss: 24.4171 ||:  23%|##3       | 956/4104 [02:53<09:29,  5.52it/s]
em: 0.0167, f1: 0.0169, loss: 24.2236 ||:  25%|##4       | 1013/4104 [03:03<09:17,  5.55it/s]
em: 0.0163, f1: 0.0165, loss: 24.7070 ||:  26%|##6       | 1070/4104 [03:13<09:09,  5.52it/s]
em: 0.0159, f1: 0.0161, loss: 24.5635 ||:  27%|##7       | 1126/4104 [03:24<08:58,  5.53it/s]
em: 0.0161, f1: 0.0164, loss: 24.3773 ||:  29%|##8       | 1182/4104 [03:34<08:49,  5.52it/s]
em: 0.0159, f1: 0.0161, loss: 24.7628 ||:  30%|###       | 1238/4104 [03:44<08:38,  5.52it/s]
em: 0.0158, f1: 0.0160, loss: 24.7051 ||:  32%|###1      | 1294/4104 [03:54<08:31,  5.50it/s]
em: 0.0158, f1: 0.0161, loss: 24.6857 ||:  33%|###2      | 1350/4104 [04:04<08:19,  5.51it/s]
em: 0.0156, f1: 0.0159, loss: 24.8093 ||:  34%|###4      | 1406/4104 [04:15<08:14,  5.46it/s]
em: 0.0156, f1: 0.0158, loss: 24.5820 ||:  36%|###5      | 1460/4104 [04:25<08:11,  5.37it/s]
em: 0.0156, f1: 0.0159, loss: 24.2622 ||:  37%|###6      | 1516/4104 [04:35<07:56,  5.43it/s]
em: 0.0162, f1: 0.0164, loss: 24.1933 ||:  38%|###8      | 1572/4104 [04:45<07:44,  5.45it/s]
em: 0.0163, f1: 0.0165, loss: 24.0614 ||:  40%|###9      | 1629/4104 [04:55<07:29,  5.51it/s]
em: 0.0163, f1: 0.0165, loss: 23.9573 ||:  41%|####1     | 1686/4104 [05:06<07:20,  5.49it/s]
em: 0.0164, f1: 0.0167, loss: 23.7548 ||:  42%|####2     | 1743/4104 [05:16<07:05,  5.54it/s]
em: 0.0168, f1: 0.0171, loss: 23.7487 ||:  44%|####3     | 1800/4104 [05:27<06:58,  5.50it/s]
em: 0.0165, f1: 0.0168, loss: 23.7568 ||:  45%|####5     | 1856/4104 [05:37<06:46,  5.52it/s]
em: 0.0167, f1: 0.0170, loss: 23.6249 ||:  47%|####6     | 1912/4104 [05:47<06:38,  5.50it/s]
em: 0.0165, f1: 0.0168, loss: 23.7472 ||:  48%|####7     | 1967/4104 [05:57<06:29,  5.48it/s]
em: 0.0168, f1: 0.0171, loss: 23.6407 ||:  49%|####9     | 2023/4104 [06:07<06:18,  5.49it/s]
em: 0.0169, f1: 0.0172, loss: 23.7391 ||:  51%|#####     | 2079/4104 [06:17<06:10,  5.47it/s]
em: 0.0169, f1: 0.0173, loss: 23.8930 ||:  52%|#####1    | 2134/4104 [06:28<06:02,  5.44it/s]
em: 0.0171, f1: 0.0174, loss: 23.8597 ||:  53%|#####3    | 2189/4104 [06:38<05:50,  5.46it/s]
em: 0.0171, f1: 0.0174, loss: 24.0613 ||:  55%|#####4    | 2246/4104 [06:48<05:37,  5.50it/s]
em: 0.0171, f1: 0.0175, loss: 24.1826 ||:  56%|#####6    | 2303/4104 [06:58<05:26,  5.51it/s]
em: 0.0173, f1: 0.0176, loss: 24.2549 ||:  57%|#####7    | 2359/4104 [07:08<05:16,  5.51it/s]
em: 0.0173, f1: 0.0176, loss: 24.3006 ||:  59%|#####8    | 2414/4104 [07:18<05:07,  5.50it/s]
em: 0.0174, f1: 0.0177, loss: 24.5206 ||:  60%|######    | 2471/4104 [07:29<04:56,  5.51it/s]
em: 0.0174, f1: 0.0177, loss: 24.6103 ||:  62%|######1   | 2529/4104 [07:39<04:41,  5.59it/s]
em: 0.0173, f1: 0.0176, loss: 24.5538 ||:  63%|######3   | 2587/4104 [07:49<04:32,  5.56it/s]
em: 0.0174, f1: 0.0177, loss: 24.3798 ||:  64%|######4   | 2643/4104 [07:59<04:22,  5.57it/s]
em: 0.0176, f1: 0.0179, loss: 24.3084 ||:  66%|######5   | 2699/4104 [08:09<04:13,  5.55it/s]
em: 0.0174, f1: 0.0177, loss: 24.2853 ||:  67%|######7   | 2754/4104 [08:20<04:05,  5.51it/s]
em: 0.0173, f1: 0.0176, loss: 24.2202 ||:  68%|######8   | 2810/4104 [08:30<03:54,  5.51it/s]
em: 0.0171, f1: 0.0175, loss: 24.1937 ||:  70%|######9   | 2866/4104 [08:40<03:44,  5.51it/s]
em: 0.0170, f1: 0.0173, loss: 24.1236 ||:  71%|#######1  | 2922/4104 [08:50<03:33,  5.54it/s]
em: 0.0170, f1: 0.0173, loss: 24.0390 ||:  73%|#######2  | 2978/4104 [09:00<03:25,  5.48it/s]
em: 0.0171, f1: 0.0175, loss: 23.9284 ||:  74%|#######3  | 3033/4104 [09:10<03:15,  5.47it/s]
em: 0.0171, f1: 0.0174, loss: 24.2850 ||:  75%|#######5  | 3089/4104 [09:21<03:04,  5.49it/s]
em: 0.0170, f1: 0.0173, loss: 24.3542 ||:  77%|#######6  | 3145/4104 [09:31<02:54,  5.50it/s]
em: 0.0169, f1: 0.0173, loss: 24.3858 ||:  78%|#######7  | 3201/4104 [09:41<02:43,  5.53it/s]
em: 0.0169, f1: 0.0172, loss: 24.3889 ||:  79%|#######9  | 3258/4104 [09:51<02:32,  5.55it/s]
em: 0.0168, f1: 0.0171, loss: 24.5302 ||:  81%|########  | 3315/4104 [10:01<02:21,  5.59it/s]
em: 0.0169, f1: 0.0172, loss: 24.4582 ||:  82%|########2 | 3372/4104 [10:11<02:11,  5.56it/s]
em: 0.0169, f1: 0.0173, loss: 24.5518 ||:  84%|########3 | 3427/4104 [10:22<02:03,  5.50it/s]
em: 0.0170, f1: 0.0173, loss: 24.4866 ||:  85%|########4 | 3482/4104 [10:32<01:53,  5.49it/s]
em: 0.0170, f1: 0.0174, loss: 24.4127 ||:  86%|########6 | 3538/4104 [10:42<01:42,  5.51it/s]
em: 0.0170, f1: 0.0173, loss: 24.3953 ||:  88%|########7 | 3594/4104 [10:52<01:32,  5.49it/s]
em: 0.0172, f1: 0.0175, loss: 24.4560 ||:  89%|########8 | 3650/4104 [11:02<01:22,  5.50it/s]
em: 0.0171, f1: 0.0175, loss: 24.4474 ||:  90%|######### | 3707/4104 [11:12<01:11,  5.54it/s]
em: 0.0171, f1: 0.0175, loss: 24.4124 ||:  92%|#########1| 3764/4104 [11:23<01:01,  5.51it/s]
em: 0.0172, f1: 0.0175, loss: 24.4150 ||:  93%|#########3| 3819/4104 [11:33<00:51,  5.50it/s]
em: 0.0172, f1: 0.0176, loss: 24.3984 ||:  94%|#########4| 3874/4104 [11:43<00:42,  5.47it/s]
em: 0.0170, f1: 0.0173, loss: 24.4919 ||:  96%|#########5| 3930/4104 [11:53<00:31,  5.49it/s]
em: 0.0168, f1: 0.0172, loss: 24.6418 ||:  97%|#########7| 3986/4104 [12:03<00:21,  5.51it/s]
em: 0.0167, f1: 0.0171, loss: 24.7643 ||:  98%|#########8| 4042/4104 [12:13<00:11,  5.50it/s]
em: 0.0166, f1: 0.0170, loss: 24.9095 ||: 100%|#########9| 4100/4104 [12:23<00:00,  5.57it/s]
em: 0.0165, f1: 0.0169, loss: 24.9662 ||: : 4158it [12:34,  5.52it/s]                        

  0%|          | 0/376 [00:00<?, ?it/s]
em: 0.0267, f1: 0.0267, loss: 127.3970 ||:  30%|##9       | 111/376 [00:10<00:24, 11.02it/s]
em: 0.0296, f1: 0.0296, loss: 128.0198 ||:  59%|#####9    | 222/376 [00:20<00:14, 10.97it/s]
em: 0.0246, f1: 0.0246, loss: 130.8604 ||:  89%|########8 | 334/376 [00:30<00:03, 11.01it/s]
em: 0.0240, f1: 0.0240, loss: 138.0387 ||: : 381it [00:34, 10.97it/s]                       

  0%|          | 0/4104 [00:00<?, ?it/s]
em: 0.0103, f1: 0.0103, loss: 22.8724 ||:   1%|1         | 55/4104 [00:10<12:28,  5.41it/s]
em: 0.0144, f1: 0.0151, loss: 29.2221 ||:   3%|2         | 110/4104 [00:20<12:18,  5.41it/s]
em: 0.0165, f1: 0.0170, loss: 26.0491 ||:   4%|4         | 165/4104 [00:30<12:11,  5.39it/s]
em: 0.0149, f1: 0.0153, loss: 24.9744 ||:   5%|5         | 221/4104 [00:40<11:55,  5.43it/s]
em: 0.0153, f1: 0.0156, loss: 24.5505 ||:   7%|6         | 278/4104 [00:50<11:37,  5.48it/s]
em: 0.0148, f1: 0.0150, loss: 24.0870 ||:   8%|8         | 335/4104 [01:01<11:33,  5.43it/s]
em: 0.0156, f1: 0.0158, loss: 24.6623 ||:  10%|9         | 390/4104 [01:11<11:24,  5.43it/s]
em: 0.0149, f1: 0.0151, loss: 24.5170 ||:  11%|#         | 446/4104 [01:21<11:07,  5.48it/s]
em: 0.0150, f1: 0.0152, loss: 24.7883 ||:  12%|#2        | 502/4104 [01:31<10:53,  5.51it/s]
em: 0.0154, f1: 0.0156, loss: 24.2639 ||:  14%|#3        | 558/4104 [01:42<10:45,  5.49it/s]
em: 0.0152, f1: 0.0153, loss: 24.3141 ||:  15%|#4        | 613/4104 [01:52<10:40,  5.45it/s]
em: 0.0157, f1: 0.0159, loss: 24.0186 ||:  16%|#6        | 669/4104 [02:02<10:27,  5.48it/s]
em: 0.0158, f1: 0.0160, loss: 23.9446 ||:  18%|#7        | 726/4104 [02:12<10:12,  5.52it/s]
em: 0.0163, f1: 0.0165, loss: 24.0599 ||:  19%|#9        | 783/4104 [02:22<09:59,  5.54it/s]
em: 0.0167, f1: 0.0170, loss: 23.7025 ||:  20%|##        | 840/4104 [02:32<09:46,  5.57it/s]
em: 0.0166, f1: 0.0169, loss: 23.6112 ||:  22%|##1       | 897/4104 [02:43<09:37,  5.55it/s]
em: 0.0168, f1: 0.0171, loss: 24.2833 ||:  23%|##3       | 953/4104 [02:53<09:30,  5.52it/s]
em: 0.0168, f1: 0.0171, loss: 23.9241 ||:  25%|##4       | 1008/4104 [03:03<09:23,  5.49it/s]
em: 0.0168, f1: 0.0171, loss: 24.3345 ||:  26%|##5       | 1063/4104 [03:13<09:14,  5.48it/s]
em: 0.0161, f1: 0.0164, loss: 24.1325 ||:  27%|##7       | 1118/4104 [03:24<09:10,  5.43it/s]
em: 0.0163, f1: 0.0167, loss: 24.0102 ||:  29%|##8       | 1174/4104 [03:34<08:55,  5.48it/s]
em: 0.0162, f1: 0.0165, loss: 23.8842 ||:  30%|##9       | 1230/4104 [03:44<08:49,  5.43it/s]
em: 0.0159, f1: 0.0162, loss: 24.0607 ||:  31%|###1      | 1287/4104 [03:54<08:33,  5.48it/s]
em: 0.0161, f1: 0.0164, loss: 23.9246 ||:  33%|###2      | 1344/4104 [04:05<08:21,  5.50it/s]
em: 0.0158, f1: 0.0161, loss: 23.9667 ||:  34%|###4      | 1400/4104 [04:15<08:12,  5.49it/s]
em: 0.0157, f1: 0.0160, loss: 23.6182 ||:  35%|###5      | 1455/4104 [04:25<08:04,  5.46it/s]
em: 0.0157, f1: 0.0160, loss: 23.5025 ||:  37%|###6      | 1510/4104 [04:35<07:55,  5.45it/s]
em: 0.0163, f1: 0.0166, loss: 23.4387 ||:  38%|###8      | 1566/4104 [04:45<07:44,  5.47it/s]
em: 0.0165, f1: 0.0168, loss: 23.4980 ||:  40%|###9      | 1623/4104 [04:55<07:29,  5.52it/s]
em: 0.0164, f1: 0.0168, loss: 23.5279 ||:  41%|####      | 1680/4104 [05:06<07:17,  5.54it/s]
em: 0.0166, f1: 0.0169, loss: 23.2307 ||:  42%|####2     | 1736/4104 [05:16<07:06,  5.56it/s]
em: 0.0169, f1: 0.0173, loss: 23.0584 ||:  44%|####3     | 1792/4104 [05:26<06:57,  5.54it/s]
em: 0.0169, f1: 0.0172, loss: 23.2951 ||:  45%|####5     | 1848/4104 [05:36<06:46,  5.55it/s]
em: 0.0169, f1: 0.0173, loss: 23.1982 ||:  46%|####6     | 1904/4104 [05:46<06:39,  5.51it/s]
em: 0.0168, f1: 0.0172, loss: 23.3092 ||:  48%|####7     | 1960/4104 [05:56<06:29,  5.51it/s]
em: 0.0170, f1: 0.0174, loss: 23.2041 ||:  49%|####9     | 2016/4104 [06:07<06:21,  5.47it/s]
em: 0.0169, f1: 0.0173, loss: 23.2899 ||:  50%|#####     | 2072/4104 [06:17<06:09,  5.49it/s]
em: 0.0168, f1: 0.0172, loss: 23.4852 ||:  52%|#####1    | 2128/4104 [06:27<06:02,  5.45it/s]
em: 0.0170, f1: 0.0173, loss: 23.4399 ||:  53%|#####3    | 2184/4104 [06:37<05:51,  5.46it/s]
em: 0.0168, f1: 0.0172, loss: 23.5787 ||:  55%|#####4    | 2241/4104 [06:48<05:36,  5.53it/s]
em: 0.0169, f1: 0.0173, loss: 23.7241 ||:  56%|#####5    | 2298/4104 [06:58<05:29,  5.48it/s]
em: 0.0169, f1: 0.0173, loss: 23.7178 ||:  57%|#####7    | 2354/4104 [07:08<05:18,  5.49it/s]
em: 0.0169, f1: 0.0173, loss: 24.1161 ||:  59%|#####8    | 2410/4104 [07:19<05:09,  5.47it/s]
em: 0.0169, f1: 0.0173, loss: 24.1170 ||:  60%|######    | 2466/4104 [07:29<04:58,  5.49it/s]
em: 0.0169, f1: 0.0172, loss: 24.2335 ||:  61%|######1   | 2522/4104 [07:39<04:47,  5.51it/s]
em: 0.0168, f1: 0.0172, loss: 24.3196 ||:  63%|######2   | 2579/4104 [07:49<04:34,  5.55it/s]
em: 0.0167, f1: 0.0171, loss: 24.2301 ||:  64%|######4   | 2636/4104 [07:59<04:25,  5.54it/s]
em: 0.0171, f1: 0.0175, loss: 24.1735 ||:  66%|######5   | 2692/4104 [08:09<04:14,  5.54it/s]
em: 0.0170, f1: 0.0174, loss: 24.1768 ||:  67%|######6   | 2748/4104 [08:20<04:06,  5.51it/s]
em: 0.0168, f1: 0.0172, loss: 24.1595 ||:  68%|######8   | 2803/4104 [08:30<03:56,  5.50it/s]
em: 0.0168, f1: 0.0172, loss: 24.1403 ||:  70%|######9   | 2860/4104 [08:40<03:44,  5.53it/s]
em: 0.0166, f1: 0.0170, loss: 24.0081 ||:  71%|#######1  | 2917/4104 [08:50<03:36,  5.49it/s]
em: 0.0166, f1: 0.0170, loss: 23.8820 ||:  72%|#######2  | 2972/4104 [09:01<03:26,  5.48it/s]
em: 0.0165, f1: 0.0169, loss: 23.9237 ||:  74%|#######3  | 3027/4104 [09:11<03:17,  5.46it/s]
em: 0.0166, f1: 0.0170, loss: 24.0760 ||:  75%|#######5  | 3083/4104 [09:21<03:06,  5.49it/s]
em: 0.0165, f1: 0.0169, loss: 24.4033 ||:  76%|#######6  | 3139/4104 [09:31<02:55,  5.49it/s]
em: 0.0166, f1: 0.0170, loss: 24.4194 ||:  78%|#######7  | 3194/4104 [09:41<02:45,  5.49it/s]
em: 0.0167, f1: 0.0171, loss: 24.4576 ||:  79%|#######9  | 3252/4104 [09:51<02:33,  5.56it/s]
em: 0.0167, f1: 0.0172, loss: 24.5339 ||:  81%|########  | 3310/4104 [10:01<02:21,  5.59it/s]
em: 0.0168, f1: 0.0173, loss: 24.4415 ||:  82%|########2 | 3367/4104 [10:11<02:11,  5.61it/s]
em: 0.0169, f1: 0.0173, loss: 24.4369 ||:  83%|########3 | 3424/4104 [10:22<02:02,  5.56it/s]
em: 0.0169, f1: 0.0173, loss: 24.3996 ||:  85%|########4 | 3480/4104 [10:32<01:52,  5.56it/s]
em: 0.0169, f1: 0.0173, loss: 24.3542 ||:  86%|########6 | 3536/4104 [10:42<01:42,  5.55it/s]
em: 0.0168, f1: 0.0172, loss: 24.4285 ||:  88%|########7 | 3592/4104 [10:52<01:32,  5.51it/s]
em: 0.0169, f1: 0.0174, loss: 24.3891 ||:  89%|########8 | 3649/4104 [11:03<01:22,  5.54it/s]
em: 0.0168, f1: 0.0173, loss: 24.3950 ||:  90%|######### | 3706/4104 [11:13<01:11,  5.54it/s]
em: 0.0169, f1: 0.0173, loss: 24.3358 ||:  92%|#########1| 3762/4104 [11:23<01:01,  5.53it/s]
em: 0.0169, f1: 0.0173, loss: 24.2761 ||:  93%|#########3| 3817/4104 [11:33<00:52,  5.48it/s]
em: 0.0168, f1: 0.0172, loss: 24.3042 ||:  94%|#########4| 3873/4104 [11:43<00:42,  5.50it/s]
em: 0.0166, f1: 0.0170, loss: 24.3827 ||:  96%|#########5| 3929/4104 [11:53<00:31,  5.51it/s]
em: 0.0164, f1: 0.0169, loss: 24.5722 ||:  97%|#########7| 3986/4104 [12:04<00:21,  5.56it/s]
em: 0.0163, f1: 0.0167, loss: 24.6963 ||:  99%|#########8| 4043/4104 [12:14<00:11,  5.53it/s]
em: 0.0163, f1: 0.0167, loss: 24.7934 ||: 100%|#########9| 4099/4104 [12:24<00:00,  5.54it/s]
em: 0.0161, f1: 0.0165, loss: 24.8669 ||: : 4155it [12:34,  5.53it/s]                        
em: 0.0161, f1: 0.0165, loss: 24.8649 ||: : 4158it [12:35,  5.51it/s]

  0%|          | 0/376 [00:00<?, ?it/s]
em: 0.0239, f1: 0.0239, loss: 136.4614 ||:  30%|##9       | 111/376 [00:10<00:23, 11.10it/s]
em: 0.0251, f1: 0.0251, loss: 129.0051 ||:  59%|#####9    | 222/376 [00:20<00:13, 11.04it/s]
em: 0.0230, f1: 0.0230, loss: 130.9497 ||:  89%|########9 | 335/376 [00:30<00:03, 11.10it/s]
em: 0.0213, f1: 0.0214, loss: 139.2879 ||: : 381it [00:34, 11.06it/s]                       

  0%|          | 0/4104 [00:00<?, ?it/s]
em: 0.0142, f1: 0.0142, loss: 25.8626 ||:   1%|1         | 54/4104 [00:10<12:41,  5.32it/s]
em: 0.0138, f1: 0.0143, loss: 26.3963 ||:   3%|2         | 110/4104 [00:20<12:20,  5.39it/s]
em: 0.0164, f1: 0.0167, loss: 23.5219 ||:   4%|4         | 166/4104 [00:30<12:08,  5.40it/s]
em: 0.0159, f1: 0.0161, loss: 23.2906 ||:   5%|5         | 223/4104 [00:40<11:48,  5.48it/s]
em: 0.0160, f1: 0.0162, loss: 23.0838 ||:   7%|6         | 280/4104 [00:50<11:36,  5.49it/s]
em: 0.0162, f1: 0.0164, loss: 24.6180 ||:   8%|8         | 336/4104 [01:01<11:28,  5.47it/s]
em: 0.0164, f1: 0.0165, loss: 23.9408 ||:  10%|9         | 391/4104 [01:11<11:20,  5.45it/s]
em: 0.0161, f1: 0.0162, loss: 23.2930 ||:  11%|#         | 448/4104 [01:21<11:05,  5.50it/s]
em: 0.0155, f1: 0.0156, loss: 23.9836 ||:  12%|#2        | 505/4104 [01:31<10:49,  5.54it/s]
em: 0.0152, f1: 0.0153, loss: 23.7926 ||:  14%|#3        | 562/4104 [01:42<10:40,  5.53it/s]
em: 0.0151, f1: 0.0151, loss: 23.6484 ||:  15%|#5        | 618/4104 [01:52<10:31,  5.52it/s]
em: 0.0152, f1: 0.0154, loss: 23.5285 ||:  16%|#6        | 673/4104 [02:02<10:23,  5.50it/s]
em: 0.0160, f1: 0.0161, loss: 23.5279 ||:  18%|#7        | 730/4104 [02:12<10:09,  5.53it/s]
em: 0.0159, f1: 0.0160, loss: 23.3665 ||:  19%|#9        | 787/4104 [02:22<09:56,  5.57it/s]
em: 0.0163, f1: 0.0165, loss: 23.3366 ||:  21%|##        | 844/4104 [02:32<09:43,  5.59it/s]
em: 0.0162, f1: 0.0165, loss: 23.2505 ||:  22%|##1       | 901/4104 [02:42<09:31,  5.60it/s]
em: 0.0159, f1: 0.0162, loss: 24.0513 ||:  23%|##3       | 958/4104 [02:53<09:24,  5.58it/s]
em: 0.0161, f1: 0.0164, loss: 23.8743 ||:  25%|##4       | 1015/4104 [03:03<09:10,  5.61it/s]
em: 0.0161, f1: 0.0163, loss: 24.1390 ||:  26%|##6       | 1072/4104 [03:13<09:00,  5.61it/s]
em: 0.0158, f1: 0.0161, loss: 23.8714 ||:  28%|##7       | 1129/4104 [03:23<08:52,  5.59it/s]
em: 0.0162, f1: 0.0165, loss: 23.6672 ||:  29%|##8       | 1185/4104 [03:34<08:49,  5.51it/s]
em: 0.0161, f1: 0.0164, loss: 23.6709 ||:  30%|###       | 1239/4104 [03:44<08:44,  5.46it/s]
em: 0.0161, f1: 0.0163, loss: 23.8402 ||:  32%|###1      | 1293/4104 [03:54<08:36,  5.44it/s]
em: 0.0162, f1: 0.0165, loss: 23.9724 ||:  33%|###2      | 1347/4104 [04:04<08:31,  5.39it/s]
em: 0.0159, f1: 0.0163, loss: 24.1409 ||:  34%|###4      | 1402/4104 [04:14<08:20,  5.40it/s]
em: 0.0157, f1: 0.0160, loss: 23.9295 ||:  36%|###5      | 1457/4104 [04:25<08:15,  5.34it/s]
em: 0.0161, f1: 0.0163, loss: 23.9101 ||:  37%|###6      | 1510/4104 [04:35<08:08,  5.31it/s]
em: 0.0161, f1: 0.0164, loss: 23.8459 ||:  38%|###8      | 1565/4104 [04:45<07:54,  5.35it/s]
em: 0.0164, f1: 0.0167, loss: 23.7636 ||:  39%|###9      | 1621/4104 [04:55<07:39,  5.40it/s]
em: 0.0165, f1: 0.0168, loss: 23.5676 ||:  41%|####      | 1677/4104 [05:06<07:34,  5.34it/s]
em: 0.0165, f1: 0.0168, loss: 23.5066 ||:  42%|####2     | 1733/4104 [05:16<07:18,  5.41it/s]
em: 0.0168, f1: 0.0171, loss: 23.3542 ||:  44%|####3     | 1789/4104 [05:26<07:08,  5.40it/s]
em: 0.0168, f1: 0.0171, loss: 23.4729 ||:  45%|####4     | 1844/4104 [05:36<06:57,  5.41it/s]
em: 0.0168, f1: 0.0171, loss: 23.4646 ||:  46%|####6     | 1899/4104 [05:46<06:46,  5.43it/s]
em: 0.0166, f1: 0.0170, loss: 23.5993 ||:  48%|####7     | 1954/4104 [05:57<06:42,  5.34it/s]
em: 0.0168, f1: 0.0172, loss: 23.5229 ||:  49%|####8     | 2009/4104 [06:07<06:29,  5.38it/s]
em: 0.0169, f1: 0.0173, loss: 23.4961 ||:  50%|#####     | 2064/4104 [06:17<06:18,  5.38it/s]
em: 0.0168, f1: 0.0172, loss: 23.6770 ||:  52%|#####1    | 2119/4104 [06:27<06:06,  5.41it/s]
em: 0.0169, f1: 0.0172, loss: 23.6928 ||:  53%|#####2    | 2175/4104 [06:37<05:54,  5.44it/s]
em: 0.0168, f1: 0.0171, loss: 23.8901 ||:  54%|#####4    | 2234/4104 [06:48<05:36,  5.56it/s]
em: 0.0169, f1: 0.0172, loss: 23.9408 ||:  56%|#####5    | 2293/4104 [06:58<05:25,  5.57it/s]
em: 0.0169, f1: 0.0172, loss: 23.9347 ||:  57%|#####7    | 2349/4104 [07:08<05:14,  5.57it/s]
em: 0.0169, f1: 0.0172, loss: 24.0434 ||:  59%|#####8    | 2405/4104 [07:18<05:05,  5.57it/s]
em: 0.0169, f1: 0.0172, loss: 24.3452 ||:  60%|######    | 2463/4104 [07:28<04:52,  5.60it/s]
em: 0.0169, f1: 0.0173, loss: 24.4181 ||:  61%|######1   | 2520/4104 [07:39<04:44,  5.58it/s]
em: 0.0169, f1: 0.0173, loss: 24.4170 ||:  63%|######2   | 2576/4104 [07:49<04:35,  5.54it/s]
em: 0.0168, f1: 0.0172, loss: 24.3482 ||:  64%|######4   | 2631/4104 [07:59<04:28,  5.49it/s]
em: 0.0171, f1: 0.0174, loss: 24.2391 ||:  65%|######5   | 2686/4104 [08:09<04:19,  5.47it/s]
em: 0.0171, f1: 0.0175, loss: 24.2660 ||:  67%|######6   | 2741/4104 [08:20<04:10,  5.44it/s]
em: 0.0169, f1: 0.0173, loss: 24.2313 ||:  68%|######8   | 2797/4104 [08:30<03:59,  5.46it/s]
em: 0.0170, f1: 0.0174, loss: 24.1902 ||:  70%|######9   | 2853/4104 [08:40<03:48,  5.47it/s]
em: 0.0168, f1: 0.0172, loss: 24.0956 ||:  71%|#######   | 2908/4104 [08:50<03:39,  5.45it/s]
em: 0.0166, f1: 0.0170, loss: 24.0446 ||:  72%|#######2  | 2963/4104 [09:00<03:29,  5.44it/s]
em: 0.0168, f1: 0.0172, loss: 23.9618 ||:  74%|#######3  | 3018/4104 [09:11<03:21,  5.40it/s]
em: 0.0169, f1: 0.0172, loss: 24.2328 ||:  75%|#######4  | 3074/4104 [09:21<03:09,  5.45it/s]
em: 0.0169, f1: 0.0173, loss: 24.4286 ||:  76%|#######6  | 3130/4104 [09:31<02:57,  5.48it/s]
em: 0.0169, f1: 0.0172, loss: 24.4966 ||:  78%|#######7  | 3186/4104 [09:41<02:46,  5.50it/s]
em: 0.0168, f1: 0.0172, loss: 24.5991 ||:  79%|#######8  | 3242/4104 [09:51<02:35,  5.53it/s]
em: 0.0168, f1: 0.0172, loss: 24.6823 ||:  80%|########  | 3299/4104 [10:01<02:24,  5.56it/s]
em: 0.0169, f1: 0.0172, loss: 24.6584 ||:  82%|########1 | 3356/4104 [10:11<02:14,  5.58it/s]
em: 0.0169, f1: 0.0173, loss: 24.6204 ||:  83%|########3 | 3413/4104 [10:21<02:03,  5.59it/s]
em: 0.0170, f1: 0.0173, loss: 24.5976 ||:  85%|########4 | 3469/4104 [10:32<01:55,  5.51it/s]
em: 0.0170, f1: 0.0173, loss: 24.4389 ||:  86%|########5 | 3526/4104 [10:42<01:44,  5.54it/s]
em: 0.0169, f1: 0.0173, loss: 24.4554 ||:  87%|########7 | 3583/4104 [10:52<01:33,  5.56it/s]
em: 0.0169, f1: 0.0173, loss: 24.5172 ||:  89%|########8 | 3639/4104 [11:02<01:23,  5.54it/s]
em: 0.0169, f1: 0.0173, loss: 24.6828 ||:  90%|######### | 3695/4104 [11:12<01:13,  5.55it/s]
em: 0.0169, f1: 0.0172, loss: 24.5399 ||:  91%|#########1| 3751/4104 [11:23<01:04,  5.45it/s]
em: 0.0170, f1: 0.0173, loss: 24.4856 ||:  93%|#########2| 3805/4104 [11:33<00:54,  5.44it/s]
em: 0.0168, f1: 0.0172, loss: 24.5327 ||:  94%|#########4| 3860/4104 [11:43<00:44,  5.45it/s]
em: 0.0167, f1: 0.0171, loss: 24.5958 ||:  95%|#########5| 3915/4104 [11:54<00:35,  5.40it/s]
em: 0.0165, f1: 0.0169, loss: 24.6885 ||:  97%|#########6| 3970/4104 [12:04<00:24,  5.40it/s]
em: 0.0164, f1: 0.0167, loss: 24.8287 ||:  98%|#########8| 4025/4104 [12:14<00:14,  5.38it/s]
em: 0.0163, f1: 0.0167, loss: 24.9223 ||:  99%|#########9| 4081/4104 [12:24<00:04,  5.41it/s]
em: 0.0162, f1: 0.0165, loss: 24.9727 ||: : 4136it [12:35,  5.39it/s]                        
em: 0.0162, f1: 0.0165, loss: 25.0338 ||: : 4158it [12:38,  5.48it/s]

  0%|          | 0/376 [00:00<?, ?it/s]
em: 0.0295, f1: 0.0295, loss: 123.3364 ||:  30%|##9       | 111/376 [00:10<00:23, 11.09it/s]
em: 0.0319, f1: 0.0322, loss: 125.3814 ||:  59%|#####9    | 222/376 [00:20<00:13, 11.03it/s]
em: 0.0264, f1: 0.0266, loss: 133.3542 ||:  89%|########9 | 335/376 [00:30<00:03, 11.08it/s]
em: 0.0251, f1: 0.0253, loss: 142.1814 ||: : 381it [00:34, 11.03it/s]                       

  0%|          | 0/4104 [00:00<?, ?it/s]
em: 0.0149, f1: 0.0149, loss: 21.6927 ||:   1%|1         | 55/4104 [00:10<12:20,  5.46it/s]
em: 0.0153, f1: 0.0157, loss: 26.2249 ||:   3%|2         | 112/4104 [00:20<12:02,  5.53it/s]
em: 0.0176, f1: 0.0179, loss: 25.5846 ||:   4%|4         | 169/4104 [00:30<11:52,  5.52it/s]
em: 0.0163, f1: 0.0164, loss: 23.4609 ||:   6%|5         | 226/4104 [00:40<11:38,  5.55it/s]
em: 0.0159, f1: 0.0161, loss: 23.4789 ||:   7%|6         | 283/4104 [00:50<11:26,  5.57it/s]
em: 0.0149, f1: 0.0150, loss: 24.7865 ||:   8%|8         | 340/4104 [01:01<11:23,  5.51it/s]
em: 0.0146, f1: 0.0147, loss: 24.9211 ||:  10%|9         | 395/4104 [01:11<11:14,  5.50it/s]
em: 0.0141, f1: 0.0142, loss: 25.0504 ||:  11%|#1        | 453/4104 [01:21<10:55,  5.57it/s]
em: 0.0149, f1: 0.0149, loss: 25.2936 ||:  12%|#2        | 511/4104 [01:31<10:46,  5.56it/s]
em: 0.0147, f1: 0.0148, loss: 24.7646 ||:  14%|#3        | 568/4104 [01:42<10:33,  5.58it/s]
em: 0.0144, f1: 0.0145, loss: 24.7021 ||:  15%|#5        | 625/4104 [01:52<10:30,  5.52it/s]
em: 0.0147, f1: 0.0148, loss: 24.5066 ||:  17%|#6        | 681/4104 [02:02<10:18,  5.53it/s]
em: 0.0149, f1: 0.0151, loss: 24.1790 ||:  18%|#7        | 738/4104 [02:12<10:05,  5.56it/s]
em: 0.0150, f1: 0.0151, loss: 24.4195 ||:  19%|#9        | 795/4104 [02:23<09:56,  5.55it/s]
em: 0.0155, f1: 0.0157, loss: 24.3372 ||:  21%|##        | 852/4104 [02:33<09:41,  5.59it/s]
em: 0.0155, f1: 0.0157, loss: 24.1564 ||:  22%|##2       | 909/4104 [02:43<09:35,  5.55it/s]
em: 0.0155, f1: 0.0157, loss: 24.7721 ||:  24%|##3       | 965/4104 [02:53<09:24,  5.56it/s]
em: 0.0155, f1: 0.0157, loss: 24.4199 ||:  25%|##4       | 1022/4104 [03:03<09:12,  5.57it/s]
em: 0.0153, f1: 0.0155, loss: 24.4683 ||:  26%|##6       | 1078/4104 [03:13<09:03,  5.56it/s]
em: 0.0150, f1: 0.0152, loss: 24.5363 ||:  28%|##7       | 1135/4104 [03:24<08:50,  5.59it/s]
em: 0.0154, f1: 0.0156, loss: 24.2635 ||:  29%|##9       | 1192/4104 [03:34<08:44,  5.55it/s]
em: 0.0153, f1: 0.0155, loss: 24.6433 ||:  30%|###       | 1247/4104 [03:44<08:38,  5.51it/s]
em: 0.0155, f1: 0.0158, loss: 24.8825 ||:  32%|###1      | 1302/4104 [03:54<08:29,  5.50it/s]
em: 0.0155, f1: 0.0158, loss: 24.8464 ||:  33%|###3      | 1359/4104 [04:04<08:16,  5.53it/s]
em: 0.0153, f1: 0.0155, loss: 24.8900 ||:  35%|###4      | 1416/4104 [04:15<08:08,  5.50it/s]
em: 0.0151, f1: 0.0154, loss: 24.5908 ||:  36%|###5      | 1471/4104 [04:25<07:59,  5.49it/s]
em: 0.0156, f1: 0.0158, loss: 24.4702 ||:  37%|###7      | 1527/4104 [04:35<07:47,  5.51it/s]
em: 0.0158, f1: 0.0161, loss: 24.2302 ||:  39%|###8      | 1584/4104 [04:45<07:33,  5.56it/s]
em: 0.0160, f1: 0.0162, loss: 24.2266 ||:  40%|###9      | 1641/4104 [04:55<07:22,  5.56it/s]
em: 0.0163, f1: 0.0165, loss: 24.1596 ||:  41%|####1     | 1698/4104 [05:05<07:11,  5.58it/s]
em: 0.0163, f1: 0.0166, loss: 23.9660 ||:  43%|####2     | 1755/4104 [05:16<07:01,  5.57it/s]
em: 0.0164, f1: 0.0168, loss: 24.0989 ||:  44%|####4     | 1811/4104 [05:26<06:53,  5.55it/s]
em: 0.0164, f1: 0.0167, loss: 24.1825 ||:  46%|####5     | 1868/4104 [05:36<06:40,  5.59it/s]
em: 0.0164, f1: 0.0167, loss: 24.1074 ||:  47%|####6     | 1925/4104 [05:46<06:30,  5.58it/s]
em: 0.0163, f1: 0.0167, loss: 24.0907 ||:  48%|####8     | 1981/4104 [05:56<06:21,  5.56it/s]
em: 0.0166, f1: 0.0170, loss: 24.0951 ||:  50%|####9     | 2037/4104 [06:06<06:12,  5.54it/s]
em: 0.0165, f1: 0.0169, loss: 24.0228 ||:  51%|#####     | 2093/4104 [06:17<06:06,  5.49it/s]
em: 0.0165, f1: 0.0168, loss: 24.1996 ||:  52%|#####2    | 2147/4104 [06:27<05:59,  5.44it/s]
em: 0.0166, f1: 0.0170, loss: 24.2841 ||:  54%|#####3    | 2202/4104 [06:37<05:49,  5.44it/s]
em: 0.0166, f1: 0.0169, loss: 24.3666 ||:  55%|#####5    | 2258/4104 [06:47<05:37,  5.48it/s]
em: 0.0167, f1: 0.0170, loss: 24.3949 ||:  56%|#####6    | 2314/4104 [06:58<05:27,  5.46it/s]
em: 0.0165, f1: 0.0168, loss: 24.4342 ||:  58%|#####7    | 2369/4104 [07:08<05:20,  5.41it/s]
em: 0.0165, f1: 0.0168, loss: 24.8086 ||:  59%|#####9    | 2424/4104 [07:18<05:10,  5.42it/s]
em: 0.0167, f1: 0.0170, loss: 24.8023 ||:  60%|######    | 2479/4104 [07:28<05:00,  5.40it/s]
em: 0.0166, f1: 0.0169, loss: 24.9231 ||:  62%|######1   | 2536/4104 [07:38<04:47,  5.46it/s]
em: 0.0165, f1: 0.0168, loss: 24.8592 ||:  63%|######3   | 2593/4104 [07:49<04:37,  5.44it/s]
em: 0.0165, f1: 0.0168, loss: 24.7097 ||:  65%|######4   | 2649/4104 [07:59<04:26,  5.46it/s]
em: 0.0169, f1: 0.0172, loss: 24.6203 ||:  66%|######5   | 2705/4104 [08:10<04:19,  5.39it/s]
em: 0.0167, f1: 0.0170, loss: 24.6057 ||:  67%|######7   | 2759/4104 [08:20<04:09,  5.38it/s]
em: 0.0165, f1: 0.0169, loss: 24.5154 ||:  69%|######8   | 2813/4104 [08:31<04:05,  5.27it/s]
em: 0.0164, f1: 0.0168, loss: 24.5471 ||:  70%|######9   | 2868/4104 [08:41<03:52,  5.32it/s]
em: 0.0163, f1: 0.0166, loss: 24.4054 ||:  71%|#######1  | 2925/4104 [08:51<03:38,  5.41it/s]
em: 0.0163, f1: 0.0166, loss: 24.3190 ||:  73%|#######2  | 2982/4104 [09:02<03:27,  5.41it/s]
em: 0.0164, f1: 0.0168, loss: 24.2369 ||:  74%|#######4  | 3037/4104 [09:12<03:17,  5.39it/s]
em: 0.0164, f1: 0.0167, loss: 24.5608 ||:  75%|#######5  | 3093/4104 [09:22<03:05,  5.44it/s]
em: 0.0165, f1: 0.0169, loss: 24.5878 ||:  77%|#######6  | 3150/4104 [09:32<02:53,  5.49it/s]
em: 0.0164, f1: 0.0167, loss: 24.6950 ||:  78%|#######8  | 3207/4104 [09:42<02:42,  5.52it/s]
em: 0.0164, f1: 0.0168, loss: 24.7790 ||:  80%|#######9  | 3264/4104 [09:52<02:30,  5.57it/s]
em: 0.0163, f1: 0.0167, loss: 24.8492 ||:  81%|########  | 3321/4104 [10:02<02:19,  5.60it/s]
em: 0.0163, f1: 0.0167, loss: 24.7850 ||:  82%|########2 | 3378/4104 [10:13<02:09,  5.59it/s]
em: 0.0165, f1: 0.0168, loss: 24.8312 ||:  84%|########3 | 3434/4104 [10:23<02:00,  5.55it/s]
em: 0.0164, f1: 0.0168, loss: 24.7790 ||:  85%|########5 | 3490/4104 [10:33<01:50,  5.56it/s]
em: 0.0165, f1: 0.0168, loss: 24.6454 ||:  86%|########6 | 3546/4104 [10:43<01:40,  5.56it/s]
em: 0.0164, f1: 0.0168, loss: 24.6982 ||:  88%|########7 | 3602/4104 [10:53<01:30,  5.55it/s]
em: 0.0164, f1: 0.0168, loss: 24.7706 ||:  89%|########9 | 3659/4104 [11:03<01:19,  5.56it/s]
em: 0.0164, f1: 0.0168, loss: 24.7560 ||:  91%|######### | 3715/4104 [11:14<01:10,  5.52it/s]
em: 0.0164, f1: 0.0168, loss: 24.7890 ||:  92%|#########1| 3770/4104 [11:24<01:00,  5.51it/s]
em: 0.0164, f1: 0.0168, loss: 24.7057 ||:  93%|#########3| 3825/4104 [11:34<00:50,  5.48it/s]
em: 0.0163, f1: 0.0167, loss: 24.6858 ||:  95%|#########4| 3880/4104 [11:44<00:40,  5.47it/s]
em: 0.0161, f1: 0.0165, loss: 24.8195 ||:  96%|#########5| 3935/4104 [11:54<00:30,  5.48it/s]
em: 0.0160, f1: 0.0164, loss: 24.9448 ||:  97%|#########7| 3991/4104 [12:04<00:20,  5.49it/s]
em: 0.0159, f1: 0.0163, loss: 25.0253 ||:  99%|#########8| 4048/4104 [12:14<00:10,  5.53it/s]
em: 0.0158, f1: 0.0162, loss: 25.0937 ||: : 4105it [12:25,  5.50it/s]                        
em: 0.0157, f1: 0.0161, loss: 25.2078 ||: : 4158it [12:34,  5.51it/s]

  0%|          | 0/376 [00:00<?, ?it/s]
em: 0.0259, f1: 0.0259, loss: 130.0823 ||:  30%|##9       | 112/376 [00:10<00:23, 11.09it/s]
em: 0.0278, f1: 0.0278, loss: 129.9467 ||:  59%|#####9    | 223/376 [00:20<00:13, 11.03it/s]
em: 0.0242, f1: 0.0243, loss: 136.7206 ||:  90%|########9 | 337/376 [00:30<00:03, 11.11it/s]
em: 0.0231, f1: 0.0232, loss: 144.3419 ||: : 381it [00:34, 11.07it/s]                       

  0%|          | 0/4104 [00:00<?, ?it/s]
em: 0.0118, f1: 0.0118, loss: 23.9872 ||:   1%|1         | 54/4104 [00:10<12:33,  5.37it/s]
em: 0.0154, f1: 0.0158, loss: 29.4338 ||:   3%|2         | 111/4104 [00:20<12:14,  5.44it/s]
em: 0.0162, f1: 0.0164, loss: 28.2521 ||:   4%|4         | 168/4104 [00:30<12:04,  5.43it/s]
em: 0.0153, f1: 0.0155, loss: 25.5102 ||:   5%|5         | 223/4104 [00:41<11:59,  5.39it/s]
em: 0.0144, f1: 0.0146, loss: 25.5453 ||:   7%|6         | 281/4104 [00:51<11:36,  5.49it/s]
em: 0.0144, f1: 0.0145, loss: 26.5476 ||:   8%|8         | 339/4104 [01:02<11:32,  5.44it/s]
em: 0.0145, f1: 0.0146, loss: 25.9143 ||:  10%|9         | 393/4104 [01:12<11:25,  5.41it/s]
em: 0.0140, f1: 0.0141, loss: 25.7725 ||:  11%|#         | 448/4104 [01:22<11:12,  5.43it/s]
em: 0.0144, f1: 0.0145, loss: 26.2276 ||:  12%|#2        | 505/4104 [01:32<10:55,  5.49it/s]
em: 0.0144, f1: 0.0145, loss: 25.4482 ||:  14%|#3        | 562/4104 [01:42<10:42,  5.51it/s]
em: 0.0144, f1: 0.0145, loss: 25.1618 ||:  15%|#5        | 618/4104 [01:52<10:34,  5.49it/s]
em: 0.0147, f1: 0.0149, loss: 25.1934 ||:  16%|#6        | 673/4104 [02:03<10:25,  5.48it/s]
em: 0.0145, f1: 0.0147, loss: 24.7953 ||:  18%|#7        | 728/4104 [02:13<10:15,  5.49it/s]
em: 0.0155, f1: 0.0157, loss: 24.7029 ||:  19%|#9        | 783/4104 [02:23<10:05,  5.48it/s]
em: 0.0161, f1: 0.0163, loss: 24.4682 ||:  20%|##        | 839/4104 [02:33<09:53,  5.50it/s]
em: 0.0161, f1: 0.0164, loss: 24.3720 ||:  22%|##1       | 895/4104 [02:43<09:41,  5.52it/s]
em: 0.0164, f1: 0.0167, loss: 24.8656 ||:  23%|##3       | 951/4104 [02:53<09:33,  5.50it/s]
em: 0.0162, f1: 0.0165, loss: 24.8915 ||:  25%|##4       | 1006/4104 [03:03<09:24,  5.49it/s]
em: 0.0163, f1: 0.0165, loss: 24.9231 ||:  26%|##5       | 1061/4104 [03:13<09:15,  5.48it/s]
em: 0.0159, f1: 0.0162, loss: 24.5449 ||:  27%|##7       | 1117/4104 [03:23<09:04,  5.49it/s]
em: 0.0161, f1: 0.0164, loss: 24.3025 ||:  29%|##8       | 1174/4104 [03:33<08:49,  5.54it/s]
em: 0.0160, f1: 0.0163, loss: 24.3454 ||:  30%|##9       | 1231/4104 [03:44<08:42,  5.50it/s]
em: 0.0162, f1: 0.0164, loss: 24.3407 ||:  31%|###1      | 1288/4104 [03:54<08:27,  5.55it/s]
em: 0.0164, f1: 0.0167, loss: 24.3080 ||:  33%|###2      | 1345/4104 [04:04<08:17,  5.55it/s]
em: 0.0161, f1: 0.0164, loss: 24.6338 ||:  34%|###4      | 1401/4104 [04:14<08:06,  5.55it/s]
em: 0.0160, f1: 0.0163, loss: 24.4649 ||:  36%|###5      | 1457/4104 [04:25<07:59,  5.52it/s]
em: 0.0161, f1: 0.0164, loss: 24.1291 ||:  37%|###6      | 1513/4104 [04:35<07:49,  5.52it/s]
em: 0.0166, f1: 0.0169, loss: 24.1838 ||:  38%|###8      | 1571/4104 [04:45<07:34,  5.58it/s]
em: 0.0170, f1: 0.0173, loss: 23.9761 ||:  40%|###9      | 1629/4104 [04:55<07:22,  5.59it/s]
em: 0.0171, f1: 0.0173, loss: 23.7917 ||:  41%|####1     | 1686/4104 [05:05<07:13,  5.58it/s]
em: 0.0171, f1: 0.0174, loss: 23.7367 ||:  42%|####2     | 1744/4104 [05:16<06:59,  5.63it/s]
em: 0.0175, f1: 0.0178, loss: 23.7223 ||:  44%|####3     | 1802/4104 [05:26<06:50,  5.61it/s]
em: 0.0174, f1: 0.0177, loss: 23.7489 ||:  45%|####5     | 1859/4104 [05:36<06:38,  5.64it/s]
em: 0.0175, f1: 0.0178, loss: 23.8018 ||:  47%|####6     | 1916/4104 [05:46<06:31,  5.59it/s]
em: 0.0174, f1: 0.0177, loss: 23.7141 ||:  48%|####8     | 1972/4104 [05:57<06:22,  5.57it/s]
em: 0.0178, f1: 0.0181, loss: 23.7594 ||:  49%|####9     | 2028/4104 [06:07<06:13,  5.56it/s]
em: 0.0176, f1: 0.0180, loss: 23.7076 ||:  51%|#####     | 2085/4104 [06:17<06:02,  5.57it/s]
em: 0.0176, f1: 0.0179, loss: 23.8927 ||:  52%|#####2    | 2142/4104 [06:27<05:55,  5.53it/s]
em: 0.0177, f1: 0.0180, loss: 23.9991 ||:  54%|#####3    | 2200/4104 [06:37<05:40,  5.59it/s]
em: 0.0176, f1: 0.0179, loss: 24.1451 ||:  55%|#####5    | 2258/4104 [06:48<05:28,  5.62it/s]
em: 0.0176, f1: 0.0179, loss: 24.1497 ||:  56%|#####6    | 2315/4104 [06:58<05:18,  5.62it/s]
em: 0.0176, f1: 0.0179, loss: 24.2831 ||:  58%|#####7    | 2372/4104 [07:08<05:07,  5.63it/s]
em: 0.0177, f1: 0.0180, loss: 24.4390 ||:  59%|#####9    | 2429/4104 [07:18<04:58,  5.61it/s]
em: 0.0177, f1: 0.0180, loss: 24.6073 ||:  61%|######    | 2487/4104 [07:28<04:45,  5.66it/s]
em: 0.0178, f1: 0.0181, loss: 24.5738 ||:  62%|######2   | 2545/4104 [07:38<04:35,  5.66it/s]
em: 0.0177, f1: 0.0180, loss: 24.5834 ||:  63%|######3   | 2602/4104 [07:48<04:25,  5.66it/s]
em: 0.0179, f1: 0.0182, loss: 24.4575 ||:  65%|######4   | 2659/4104 [07:59<04:17,  5.62it/s]
em: 0.0181, f1: 0.0184, loss: 24.3978 ||:  66%|######6   | 2715/4104 [08:09<04:08,  5.58it/s]
em: 0.0179, f1: 0.0182, loss: 24.4346 ||:  68%|######7   | 2772/4104 [08:19<03:58,  5.60it/s]
em: 0.0177, f1: 0.0180, loss: 24.4391 ||:  69%|######8   | 2829/4104 [08:29<03:48,  5.59it/s]
em: 0.0177, f1: 0.0179, loss: 24.2382 ||:  70%|#######   | 2885/4104 [08:39<03:38,  5.59it/s]
em: 0.0174, f1: 0.0177, loss: 24.1460 ||:  72%|#######1  | 2941/4104 [08:49<03:29,  5.56it/s]
em: 0.0175, f1: 0.0178, loss: 24.0786 ||:  73%|#######3  | 2997/4104 [09:00<03:19,  5.55it/s]
em: 0.0175, f1: 0.0178, loss: 24.2506 ||:  74%|#######4  | 3053/4104 [09:10<03:09,  5.55it/s]
em: 0.0175, f1: 0.0178, loss: 24.4230 ||:  76%|#######5  | 3110/4104 [09:20<02:58,  5.57it/s]
em: 0.0175, f1: 0.0178, loss: 24.3990 ||:  77%|#######7  | 3167/4104 [09:30<02:48,  5.57it/s]
em: 0.0173, f1: 0.0176, loss: 24.4715 ||:  79%|#######8  | 3224/4104 [09:40<02:37,  5.60it/s]
em: 0.0173, f1: 0.0176, loss: 24.4995 ||:  80%|#######9  | 3281/4104 [09:50<02:26,  5.61it/s]
em: 0.0175, f1: 0.0178, loss: 24.5674 ||:  81%|########1 | 3339/4104 [10:00<02:15,  5.66it/s]
em: 0.0174, f1: 0.0177, loss: 24.5473 ||:  83%|########2 | 3397/4104 [10:11<02:05,  5.63it/s]
em: 0.0176, f1: 0.0178, loss: 24.5105 ||:  84%|########4 | 3453/4104 [10:21<01:56,  5.59it/s]
em: 0.0174, f1: 0.0177, loss: 24.4169 ||:  86%|########5 | 3510/4104 [10:31<01:46,  5.60it/s]
em: 0.0174, f1: 0.0177, loss: 24.4173 ||:  87%|########6 | 3567/4104 [10:41<01:35,  5.60it/s]
em: 0.0174, f1: 0.0177, loss: 24.4347 ||:  88%|########8 | 3623/4104 [10:51<01:26,  5.59it/s]
em: 0.0174, f1: 0.0177, loss: 24.4218 ||:  90%|########9 | 3680/4104 [11:01<01:15,  5.62it/s]
em: 0.0173, f1: 0.0176, loss: 24.4763 ||:  91%|#########1| 3737/4104 [11:12<01:05,  5.58it/s]
em: 0.0174, f1: 0.0177, loss: 24.3545 ||:  92%|#########2| 3793/4104 [11:22<00:55,  5.56it/s]
em: 0.0174, f1: 0.0177, loss: 24.3355 ||:  94%|#########3| 3848/4104 [11:32<00:46,  5.53it/s]
em: 0.0172, f1: 0.0175, loss: 24.4824 ||:  95%|#########5| 3905/4104 [11:42<00:35,  5.58it/s]
em: 0.0170, f1: 0.0173, loss: 24.5713 ||:  97%|#########6| 3962/4104 [11:52<00:25,  5.57it/s]
em: 0.0169, f1: 0.0172, loss: 24.6810 ||:  98%|#########7| 4018/4104 [12:02<00:15,  5.57it/s]
em: 0.0168, f1: 0.0171, loss: 24.7584 ||:  99%|#########9| 4077/4104 [12:12<00:04,  5.64it/s]
em: 0.0167, f1: 0.0170, loss: 24.8749 ||: : 4136it [12:23,  5.59it/s]                        
em: 0.0166, f1: 0.0169, loss: 24.8827 ||: : 4158it [12:27,  5.56it/s]

  0%|          | 0/376 [00:00<?, ?it/s]
em: 0.0256, f1: 0.0256, loss: 135.6872 ||:  30%|##9       | 111/376 [00:10<00:24, 11.01it/s]
em: 0.0268, f1: 0.0268, loss: 131.9139 ||:  59%|#####9    | 222/376 [00:20<00:14, 10.98it/s]
em: 0.0235, f1: 0.0236, loss: 140.2764 ||:  89%|########8 | 334/376 [00:30<00:03, 11.04it/s]
em: 0.0215, f1: 0.0216, loss: 147.6135 ||: : 381it [00:34, 11.02it/s]                       

  0%|          | 0/4104 [00:00<?, ?it/s]
em: 0.0129, f1: 0.0129, loss: 24.7196 ||:   1%|1         | 54/4104 [00:10<12:33,  5.37it/s]
em: 0.0136, f1: 0.0143, loss: 26.3986 ||:   3%|2         | 112/4104 [00:20<12:08,  5.48it/s]
em: 0.0153, f1: 0.0158, loss: 26.3382 ||:   4%|4         | 170/4104 [00:30<11:53,  5.51it/s]
em: 0.0149, f1: 0.0152, loss: 24.5637 ||:   6%|5         | 226/4104 [00:40<11:41,  5.53it/s]
em: 0.0155, f1: 0.0158, loss: 24.7690 ||:   7%|6         | 283/4104 [00:50<11:24,  5.58it/s]
em: 0.0151, f1: 0.0153, loss: 24.3855 ||:   8%|8         | 340/4104 [01:01<11:20,  5.53it/s]
em: 0.0154, f1: 0.0156, loss: 25.7719 ||:  10%|9         | 396/4104 [01:11<11:08,  5.55it/s]
em: 0.0154, f1: 0.0156, loss: 24.8581 ||:  11%|#1        | 453/4104 [01:21<10:54,  5.58it/s]
em: 0.0154, f1: 0.0156, loss: 25.4063 ||:  12%|#2        | 510/4104 [01:31<10:45,  5.57it/s]
em: 0.0151, f1: 0.0153, loss: 25.0544 ||:  14%|#3        | 567/4104 [01:41<10:33,  5.58it/s]
em: 0.0154, f1: 0.0157, loss: 24.7464 ||:  15%|#5        | 624/4104 [01:51<10:25,  5.57it/s]
em: 0.0156, f1: 0.0158, loss: 24.4998 ||:  17%|#6        | 680/4104 [02:02<10:16,  5.55it/s]
em: 0.0158, f1: 0.0161, loss: 24.6980 ||:  18%|#7        | 738/4104 [02:12<10:01,  5.59it/s]
em: 0.0159, f1: 0.0162, loss: 24.4046 ||:  19%|#9        | 795/4104 [02:22<09:56,  5.55it/s]
em: 0.0166, f1: 0.0169, loss: 24.3483 ||:  21%|##        | 852/4104 [02:32<09:42,  5.58it/s]
em: 0.0169, f1: 0.0173, loss: 24.0551 ||:  22%|##2       | 909/4104 [02:43<09:37,  5.53it/s]
em: 0.0167, f1: 0.0170, loss: 24.9184 ||:  24%|##3       | 965/4104 [02:53<09:25,  5.55it/s]
em: 0.0166, f1: 0.0169, loss: 24.6868 ||:  25%|##4       | 1022/4104 [03:03<09:12,  5.58it/s]
em: 0.0164, f1: 0.0168, loss: 24.9297 ||:  26%|##6       | 1079/4104 [03:13<09:03,  5.57it/s]
em: 0.0161, f1: 0.0164, loss: 24.7960 ||:  28%|##7       | 1136/4104 [03:23<08:51,  5.59it/s]
em: 0.0166, f1: 0.0169, loss: 24.5657 ||:  29%|##9       | 1193/4104 [03:34<08:44,  5.55it/s]
em: 0.0163, f1: 0.0166, loss: 24.9239 ||:  30%|###       | 1250/4104 [03:44<08:32,  5.57it/s]
em: 0.0163, f1: 0.0166, loss: 24.7616 ||:  32%|###1      | 1307/4104 [03:54<08:25,  5.53it/s]
em: 0.0165, f1: 0.0169, loss: 24.9081 ||:  33%|###3      | 1364/4104 [04:05<08:13,  5.55it/s]
em: 0.0162, f1: 0.0165, loss: 24.6714 ||:  35%|###4      | 1421/4104 [04:15<08:04,  5.53it/s]
em: 0.0160, f1: 0.0164, loss: 24.3931 ||:  36%|###5      | 1476/4104 [04:25<07:59,  5.48it/s]
em: 0.0164, f1: 0.0167, loss: 24.0968 ||:  37%|###7      | 1533/4104 [04:35<07:46,  5.52it/s]
em: 0.0169, f1: 0.0172, loss: 23.9907 ||:  39%|###8      | 1590/4104 [04:46<07:35,  5.51it/s]
em: 0.0170, f1: 0.0173, loss: 23.9275 ||:  40%|####      | 1646/4104 [04:56<07:24,  5.53it/s]
em: 0.0171, f1: 0.0174, loss: 23.9561 ||:  41%|####1     | 1703/4104 [05:06<07:12,  5.55it/s]
em: 0.0172, f1: 0.0176, loss: 23.7452 ||:  43%|####2     | 1760/4104 [05:16<07:01,  5.56it/s]
em: 0.0173, f1: 0.0177, loss: 23.7491 ||:  44%|####4     | 1817/4104 [05:26<06:50,  5.57it/s]
em: 0.0171, f1: 0.0175, loss: 23.7544 ||:  46%|####5     | 1874/4104 [05:37<06:39,  5.58it/s]
em: 0.0171, f1: 0.0174, loss: 23.8547 ||:  47%|####7     | 1931/4104 [05:47<06:29,  5.58it/s]
em: 0.0169, f1: 0.0173, loss: 23.7845 ||:  48%|####8     | 1987/4104 [05:57<06:21,  5.55it/s]
em: 0.0171, f1: 0.0176, loss: 23.7534 ||:  50%|####9     | 2043/4104 [06:07<06:10,  5.56it/s]
em: 0.0171, f1: 0.0175, loss: 24.0982 ||:  51%|#####1    | 2099/4104 [06:17<06:01,  5.54it/s]
em: 0.0171, f1: 0.0175, loss: 23.9582 ||:  53%|#####2    | 2155/4104 [06:27<05:52,  5.52it/s]
em: 0.0173, f1: 0.0177, loss: 24.2506 ||:  54%|#####3    | 2211/4104 [06:37<05:41,  5.54it/s]
em: 0.0173, f1: 0.0177, loss: 24.3768 ||:  55%|#####5    | 2267/4104 [06:47<05:30,  5.56it/s]
em: 0.0173, f1: 0.0177, loss: 24.3496 ||:  57%|#####6    | 2323/4104 [06:58<05:21,  5.55it/s]
em: 0.0173, f1: 0.0177, loss: 24.4682 ||:  58%|#####7    | 2379/4104 [07:08<05:10,  5.55it/s]
em: 0.0174, f1: 0.0178, loss: 24.7079 ||:  59%|#####9    | 2435/4104 [07:18<05:00,  5.56it/s]
em: 0.0175, f1: 0.0179, loss: 24.7744 ||:  61%|######    | 2493/4104 [07:28<04:47,  5.61it/s]
em: 0.0175, f1: 0.0179, loss: 24.7528 ||:  62%|######2   | 2551/4104 [07:38<04:36,  5.63it/s]
em: 0.0174, f1: 0.0177, loss: 24.7556 ||:  64%|######3   | 2608/4104 [07:48<04:26,  5.62it/s]
em: 0.0175, f1: 0.0179, loss: 24.7507 ||:  65%|######4   | 2665/4104 [07:59<04:17,  5.60it/s]
em: 0.0177, f1: 0.0181, loss: 24.6416 ||:  66%|######6   | 2722/4104 [08:09<04:06,  5.61it/s]
em: 0.0175, f1: 0.0179, loss: 24.7386 ||:  68%|######7   | 2779/4104 [08:19<03:58,  5.57it/s]
em: 0.0173, f1: 0.0177, loss: 24.6346 ||:  69%|######9   | 2836/4104 [08:29<03:46,  5.60it/s]
em: 0.0172, f1: 0.0176, loss: 24.5197 ||:  70%|#######   | 2893/4104 [08:40<03:39,  5.51it/s]
em: 0.0170, f1: 0.0174, loss: 24.3651 ||:  72%|#######1  | 2950/4104 [08:50<03:28,  5.54it/s]
em: 0.0169, f1: 0.0173, loss: 24.3554 ||:  73%|#######3  | 3007/4104 [09:01<03:21,  5.44it/s]
em: 0.0170, f1: 0.0174, loss: 24.2785 ||:  75%|#######4  | 3061/4104 [09:11<03:12,  5.42it/s]
em: 0.0170, f1: 0.0174, loss: 24.7323 ||:  76%|#######5  | 3117/4104 [09:21<03:01,  5.45it/s]
em: 0.0170, f1: 0.0174, loss: 24.7006 ||:  77%|#######7  | 3173/4104 [09:31<02:50,  5.45it/s]
em: 0.0171, f1: 0.0175, loss: 24.7248 ||:  79%|#######8  | 3230/4104 [09:41<02:38,  5.52it/s]
em: 0.0171, f1: 0.0175, loss: 24.8394 ||:  80%|########  | 3287/4104 [09:51<02:26,  5.56it/s]
em: 0.0172, f1: 0.0176, loss: 24.7702 ||:  82%|########1 | 3345/4104 [10:02<02:15,  5.59it/s]
em: 0.0172, f1: 0.0176, loss: 24.7076 ||:  83%|########2 | 3402/4104 [10:12<02:06,  5.57it/s]
em: 0.0173, f1: 0.0177, loss: 24.6387 ||:  84%|########4 | 3458/4104 [10:22<01:56,  5.55it/s]
em: 0.0173, f1: 0.0177, loss: 24.6772 ||:  86%|########5 | 3514/4104 [10:32<01:46,  5.52it/s]
em: 0.0172, f1: 0.0176, loss: 24.5601 ||:  87%|########6 | 3569/4104 [10:43<01:37,  5.50it/s]
em: 0.0173, f1: 0.0177, loss: 24.5568 ||:  88%|########8 | 3625/4104 [10:53<01:26,  5.51it/s]
em: 0.0173, f1: 0.0177, loss: 24.6057 ||:  90%|########9 | 3681/4104 [11:03<01:16,  5.50it/s]
em: 0.0173, f1: 0.0177, loss: 24.5843 ||:  91%|#########1| 3736/4104 [11:13<01:06,  5.49it/s]
em: 0.0174, f1: 0.0178, loss: 24.5025 ||:  92%|#########2| 3791/4104 [11:23<00:57,  5.49it/s]
em: 0.0173, f1: 0.0177, loss: 24.5736 ||:  94%|#########3| 3847/4104 [11:33<00:46,  5.50it/s]
em: 0.0172, f1: 0.0176, loss: 24.6055 ||:  95%|#########5| 3903/4104 [11:43<00:36,  5.52it/s]
em: 0.0170, f1: 0.0174, loss: 24.7471 ||:  96%|#########6| 3959/4104 [11:53<00:26,  5.53it/s]
em: 0.0168, f1: 0.0172, loss: 24.8204 ||:  98%|#########7| 4016/4104 [12:03<00:15,  5.58it/s]
em: 0.0167, f1: 0.0171, loss: 24.9598 ||:  99%|#########9| 4073/4104 [12:13<00:05,  5.61it/s]
em: 0.0167, f1: 0.0171, loss: 25.0283 ||: : 4130it [12:24,  5.56it/s]                        
em: 0.0166, f1: 0.0170, loss: 25.0707 ||: : 4158it [12:29,  5.55it/s]

  0%|          | 0/376 [00:00<?, ?it/s]
em: 0.0276, f1: 0.0276, loss: 126.4554 ||:  30%|##9       | 112/376 [00:10<00:23, 11.08it/s]
em: 0.0266, f1: 0.0266, loss: 131.0397 ||:  59%|#####9    | 223/376 [00:20<00:13, 11.03it/s]
em: 0.0236, f1: 0.0237, loss: 133.3212 ||:  90%|########9 | 337/376 [00:30<00:03, 11.11it/s]
em: 0.0225, f1: 0.0225, loss: 141.5901 ||: : 381it [00:34, 11.08it/s]                       

  0%|          | 0/4104 [00:00<?, ?it/s]
em: 0.0125, f1: 0.0150, loss: 27.3054 ||:   1%|1         | 56/4104 [00:10<12:09,  5.55it/s]
em: 0.0147, f1: 0.0160, loss: 28.3422 ||:   3%|2         | 112/4104 [00:20<12:02,  5.53it/s]
em: 0.0154, f1: 0.0164, loss: 26.6123 ||:   4%|4         | 168/4104 [00:30<11:51,  5.53it/s]
em: 0.0153, f1: 0.0160, loss: 24.3927 ||:   5%|5         | 224/4104 [00:40<11:45,  5.50it/s]
em: 0.0150, f1: 0.0156, loss: 25.1149 ||:   7%|6         | 282/4104 [00:50<11:27,  5.56it/s]
em: 0.0147, f1: 0.0152, loss: 25.8465 ||:   8%|8         | 340/4104 [01:01<11:26,  5.49it/s]
em: 0.0152, f1: 0.0156, loss: 26.0485 ||:  10%|9         | 396/4104 [01:11<11:13,  5.50it/s]
em: 0.0150, f1: 0.0153, loss: 24.7694 ||:  11%|#1        | 453/4104 [01:21<10:57,  5.55it/s]
em: 0.0149, f1: 0.0152, loss: 25.0599 ||:  12%|#2        | 510/4104 [01:32<10:44,  5.58it/s]
em: 0.0146, f1: 0.0149, loss: 24.5971 ||:  14%|#3        | 567/4104 [01:42<10:29,  5.62it/s]
em: 0.0146, f1: 0.0149, loss: 24.0845 ||:  15%|#5        | 624/4104 [01:52<10:26,  5.55it/s]
em: 0.0151, f1: 0.0154, loss: 24.0732 ||:  17%|#6        | 681/4104 [02:02<10:12,  5.59it/s]
em: 0.0151, f1: 0.0154, loss: 23.9724 ||:  18%|#7        | 738/4104 [02:12<10:04,  5.57it/s]
em: 0.0156, f1: 0.0159, loss: 24.1419 ||:  19%|#9        | 794/4104 [02:23<09:57,  5.54it/s]
em: 0.0162, f1: 0.0166, loss: 24.0547 ||:  21%|##        | 851/4104 [02:33<09:43,  5.58it/s]
em: 0.0164, f1: 0.0167, loss: 23.8683 ||:  22%|##2       | 908/4104 [02:43<09:35,  5.56it/s]
em: 0.0160, f1: 0.0164, loss: 24.6898 ||:  23%|##3       | 964/4104 [02:53<09:26,  5.54it/s]
em: 0.0163, f1: 0.0166, loss: 24.3455 ||:  25%|##4       | 1020/4104 [03:03<09:15,  5.56it/s]
em: 0.0159, f1: 0.0163, loss: 24.4976 ||:  26%|##6       | 1076/4104 [03:14<09:08,  5.52it/s]
em: 0.0157, f1: 0.0161, loss: 24.3017 ||:  28%|##7       | 1131/4104 [03:24<09:00,  5.50it/s]
em: 0.0158, f1: 0.0162, loss: 24.6985 ||:  29%|##8       | 1188/4104 [03:34<08:46,  5.54it/s]
em: 0.0161, f1: 0.0165, loss: 24.9453 ||:  30%|###       | 1245/4104 [03:44<08:39,  5.51it/s]
em: 0.0159, f1: 0.0162, loss: 24.6028 ||:  32%|###1      | 1301/4104 [03:54<08:28,  5.52it/s]
em: 0.0161, f1: 0.0165, loss: 24.6097 ||:  33%|###3      | 1357/4104 [04:04<08:16,  5.53it/s]
em: 0.0157, f1: 0.0161, loss: 24.6593 ||:  34%|###4      | 1413/4104 [04:15<08:10,  5.49it/s]
em: 0.0157, f1: 0.0160, loss: 24.4140 ||:  36%|###5      | 1469/4104 [04:25<07:59,  5.50it/s]
em: 0.0159, f1: 0.0162, loss: 24.0493 ||:  37%|###7      | 1525/4104 [04:35<07:50,  5.48it/s]
em: 0.0164, f1: 0.0167, loss: 24.0760 ||:  39%|###8      | 1583/4104 [04:45<07:32,  5.57it/s]
em: 0.0165, f1: 0.0169, loss: 23.9085 ||:  40%|###9      | 1641/4104 [04:56<07:25,  5.53it/s]
em: 0.0166, f1: 0.0170, loss: 23.8754 ||:  41%|####1     | 1698/4104 [05:06<07:12,  5.56it/s]
em: 0.0168, f1: 0.0171, loss: 23.6577 ||:  43%|####2     | 1756/4104 [05:16<06:58,  5.61it/s]
em: 0.0169, f1: 0.0172, loss: 23.7410 ||:  44%|####4     | 1814/4104 [05:27<06:50,  5.58it/s]
em: 0.0166, f1: 0.0170, loss: 23.7356 ||:  46%|####5     | 1870/4104 [05:37<06:40,  5.58it/s]
em: 0.0166, f1: 0.0170, loss: 23.5872 ||:  47%|####6     | 1926/4104 [05:47<06:32,  5.54it/s]
em: 0.0166, f1: 0.0170, loss: 23.7218 ||:  48%|####8     | 1981/4104 [05:57<06:26,  5.49it/s]
em: 0.0167, f1: 0.0171, loss: 23.6207 ||:  50%|####9     | 2036/4104 [06:07<06:17,  5.47it/s]
em: 0.0166, f1: 0.0170, loss: 23.8591 ||:  51%|#####     | 2093/4104 [06:18<06:04,  5.51it/s]
em: 0.0165, f1: 0.0169, loss: 23.9853 ||:  52%|#####2    | 2150/4104 [06:28<05:57,  5.47it/s]
em: 0.0168, f1: 0.0172, loss: 24.0374 ||:  54%|#####3    | 2206/4104 [06:38<05:45,  5.49it/s]
em: 0.0167, f1: 0.0171, loss: 24.2788 ||:  55%|#####5    | 2263/4104 [06:48<05:31,  5.55it/s]
em: 0.0167, f1: 0.0171, loss: 24.1608 ||:  57%|#####6    | 2320/4104 [06:59<05:25,  5.48it/s]
em: 0.0165, f1: 0.0169, loss: 24.2936 ||:  58%|#####7    | 2377/4104 [07:09<05:11,  5.54it/s]
em: 0.0167, f1: 0.0170, loss: 24.5981 ||:  59%|#####9    | 2434/4104 [07:19<05:02,  5.51it/s]
em: 0.0169, f1: 0.0173, loss: 24.7375 ||:  61%|######    | 2493/4104 [07:30<04:47,  5.61it/s]
em: 0.0170, f1: 0.0174, loss: 24.6987 ||:  62%|######2   | 2552/4104 [07:40<04:37,  5.59it/s]
em: 0.0168, f1: 0.0172, loss: 24.6702 ||:  64%|######3   | 2610/4104 [07:50<04:25,  5.63it/s]
em: 0.0171, f1: 0.0175, loss: 24.5673 ||:  65%|######5   | 2668/4104 [08:01<04:17,  5.58it/s]
em: 0.0173, f1: 0.0176, loss: 24.6303 ||:  66%|######6   | 2724/4104 [08:11<04:07,  5.57it/s]
em: 0.0171, f1: 0.0175, loss: 24.5939 ||:  68%|######7   | 2780/4104 [08:21<03:59,  5.53it/s]
em: 0.0170, f1: 0.0174, loss: 24.4933 ||:  69%|######9   | 2837/4104 [08:31<03:48,  5.55it/s]
em: 0.0169, f1: 0.0172, loss: 24.4638 ||:  71%|#######   | 2894/4104 [08:42<03:39,  5.51it/s]
em: 0.0167, f1: 0.0171, loss: 24.4391 ||:  72%|#######1  | 2951/4104 [08:52<03:27,  5.55it/s]
em: 0.0168, f1: 0.0172, loss: 24.3872 ||:  73%|#######3  | 3008/4104 [09:03<03:20,  5.47it/s]
em: 0.0168, f1: 0.0172, loss: 24.2546 ||:  75%|#######4  | 3064/4104 [09:13<03:09,  5.48it/s]
em: 0.0168, f1: 0.0172, loss: 24.7039 ||:  76%|#######6  | 3120/4104 [09:23<02:58,  5.51it/s]
em: 0.0167, f1: 0.0171, loss: 24.7170 ||:  77%|#######7  | 3176/4104 [09:33<02:47,  5.53it/s]
em: 0.0168, f1: 0.0172, loss: 24.7422 ||:  79%|#######8  | 3232/4104 [09:43<02:37,  5.54it/s]
em: 0.0168, f1: 0.0172, loss: 24.9204 ||:  80%|########  | 3290/4104 [09:53<02:25,  5.59it/s]
em: 0.0169, f1: 0.0173, loss: 24.8482 ||:  82%|########1 | 3347/4104 [10:04<02:16,  5.54it/s]
em: 0.0168, f1: 0.0172, loss: 24.8414 ||:  83%|########2 | 3404/4104 [10:14<02:05,  5.56it/s]
em: 0.0168, f1: 0.0172, loss: 24.8320 ||:  84%|########4 | 3461/4104 [10:25<01:58,  5.44it/s]
em: 0.0168, f1: 0.0172, loss: 24.8004 ||:  86%|########5 | 3516/4104 [10:35<01:47,  5.46it/s]
em: 0.0169, f1: 0.0173, loss: 24.6954 ||:  87%|########7 | 3571/4104 [10:45<01:37,  5.44it/s]
em: 0.0169, f1: 0.0173, loss: 24.6892 ||:  88%|########8 | 3626/4104 [10:55<01:27,  5.46it/s]
em: 0.0169, f1: 0.0173, loss: 24.7104 ||:  90%|########9 | 3681/4104 [11:05<01:17,  5.42it/s]
em: 0.0169, f1: 0.0173, loss: 24.7416 ||:  91%|#########1| 3735/4104 [11:16<01:08,  5.40it/s]
em: 0.0170, f1: 0.0174, loss: 24.6702 ||:  92%|#########2| 3790/4104 [11:26<00:58,  5.40it/s]
em: 0.0169, f1: 0.0173, loss: 24.6759 ||:  94%|#########3| 3845/4104 [11:36<00:48,  5.37it/s]
em: 0.0168, f1: 0.0172, loss: 24.7277 ||:  95%|#########5| 3900/4104 [11:46<00:37,  5.38it/s]
em: 0.0167, f1: 0.0171, loss: 24.8486 ||:  96%|#########6| 3955/4104 [11:57<00:27,  5.37it/s]
em: 0.0165, f1: 0.0169, loss: 24.9882 ||:  98%|#########7| 4009/4104 [12:07<00:17,  5.33it/s]
em: 0.0164, f1: 0.0168, loss: 25.0763 ||:  99%|#########9| 4067/4104 [12:17<00:06,  5.43it/s]
em: 0.0162, f1: 0.0167, loss: 25.1539 ||: : 4124it [12:28,  5.41it/s]                        
em: 0.0161, f1: 0.0165, loss: 25.1738 ||: : 4158it [12:34,  5.51it/s]

  0%|          | 0/376 [00:00<?, ?it/s]
em: 0.0222, f1: 0.0222, loss: 129.8148 ||:  29%|##8       | 108/376 [00:10<00:25, 10.72it/s]
em: 0.0278, f1: 0.0278, loss: 124.6466 ||:  57%|#####7    | 216/376 [00:20<00:14, 10.69it/s]
em: 0.0243, f1: 0.0244, loss: 134.8452 ||:  86%|########5 | 323/376 [00:30<00:05, 10.54it/s]
em: 0.0216, f1: 0.0217, loss: 140.4938 ||: : 381it [00:36, 10.49it/s]                       

  0%|          | 0/4104 [00:00<?, ?it/s]
em: 0.0119, f1: 0.0119, loss: 21.2861 ||:   1%|1         | 53/4104 [00:10<12:53,  5.24it/s]
em: 0.0151, f1: 0.0151, loss: 24.8833 ||:   3%|2         | 109/4104 [00:20<12:29,  5.33it/s]
em: 0.0169, f1: 0.0169, loss: 27.4577 ||:   4%|4         | 165/4104 [00:30<12:14,  5.36it/s]
em: 0.0152, f1: 0.0152, loss: 24.7718 ||:   5%|5         | 220/4104 [00:40<12:03,  5.37it/s]
em: 0.0150, f1: 0.0150, loss: 24.9648 ||:   7%|6         | 275/4104 [00:50<11:52,  5.38it/s]
em: 0.0151, f1: 0.0151, loss: 25.6178 ||:   8%|8         | 330/4104 [01:01<11:49,  5.32it/s]
em: 0.0157, f1: 0.0157, loss: 24.9424 ||:   9%|9         | 383/4104 [01:11<11:43,  5.29it/s]
em: 0.0157, f1: 0.0157, loss: 24.8486 ||:  11%|#         | 436/4104 [01:21<11:35,  5.27it/s]
em: 0.0156, f1: 0.0156, loss: 24.9038 ||:  12%|#1        | 492/4104 [01:31<11:14,  5.36it/s]
em: 0.0154, f1: 0.0154, loss: 24.5532 ||:  13%|#3        | 548/4104 [01:42<11:04,  5.35it/s]
em: 0.0149, f1: 0.0149, loss: 24.2143 ||:  15%|#4        | 603/4104 [01:52<10:50,  5.38it/s]
em: 0.0148, f1: 0.0149, loss: 23.9586 ||:  16%|#6        | 658/4104 [02:03<10:53,  5.28it/s]
em: 0.0153, f1: 0.0154, loss: 23.8645 ||:  17%|#7        | 714/4104 [02:13<10:33,  5.35it/s]
em: 0.0160, f1: 0.0161, loss: 23.9003 ||:  19%|#8        | 770/4104 [02:24<10:25,  5.33it/s]
em: 0.0166, f1: 0.0168, loss: 23.8215 ||:  20%|##        | 826/4104 [02:34<10:08,  5.39it/s]
em: 0.0169, f1: 0.0171, loss: 24.2392 ||:  21%|##1       | 882/4104 [02:44<10:02,  5.34it/s]
em: 0.0167, f1: 0.0168, loss: 24.4865 ||:  23%|##2       | 935/4104 [02:54<09:56,  5.32it/s]
em: 0.0169, f1: 0.0170, loss: 24.2814 ||:  24%|##4       | 989/4104 [03:05<09:44,  5.33it/s]
em: 0.0168, f1: 0.0169, loss: 24.6063 ||:  25%|##5       | 1044/4104 [03:15<09:30,  5.36it/s]
em: 0.0165, f1: 0.0166, loss: 24.6143 ||:  27%|##6       | 1099/4104 [03:25<09:21,  5.35it/s]
em: 0.0166, f1: 0.0168, loss: 24.3662 ||:  28%|##8       | 1153/4104 [03:35<09:13,  5.33it/s]
em: 0.0166, f1: 0.0168, loss: 24.1203 ||:  29%|##9       | 1207/4104 [03:45<09:02,  5.34it/s]
em: 0.0164, f1: 0.0166, loss: 24.5093 ||:  31%|###       | 1261/4104 [03:55<08:52,  5.34it/s]
em: 0.0164, f1: 0.0166, loss: 24.4021 ||:  32%|###2      | 1319/4104 [04:05<08:30,  5.46it/s]
em: 0.0163, f1: 0.0165, loss: 24.4763 ||:  34%|###3      | 1377/4104 [04:16<08:20,  5.45it/s]
em: 0.0160, f1: 0.0162, loss: 24.6071 ||:  35%|###4      | 1433/4104 [04:26<08:06,  5.49it/s]
em: 0.0159, f1: 0.0161, loss: 24.3896 ||:  36%|###6      | 1489/4104 [04:37<07:59,  5.46it/s]
em: 0.0164, f1: 0.0166, loss: 24.2763 ||:  38%|###7      | 1546/4104 [04:47<07:43,  5.52it/s]
em: 0.0169, f1: 0.0170, loss: 24.0949 ||:  39%|###9      | 1604/4104 [04:57<07:28,  5.58it/s]
em: 0.0166, f1: 0.0168, loss: 24.0729 ||:  40%|####      | 1662/4104 [05:07<07:16,  5.60it/s]
em: 0.0167, f1: 0.0169, loss: 23.9559 ||:  42%|####1     | 1719/4104 [05:17<07:05,  5.60it/s]
em: 0.0168, f1: 0.0170, loss: 23.6982 ||:  43%|####3     | 1776/4104 [05:27<06:54,  5.62it/s]
em: 0.0169, f1: 0.0172, loss: 23.7572 ||:  45%|####4     | 1833/4104 [05:37<06:43,  5.62it/s]
em: 0.0169, f1: 0.0172, loss: 23.8615 ||:  46%|####6     | 1891/4104 [05:48<06:31,  5.65it/s]
em: 0.0167, f1: 0.0170, loss: 23.9135 ||:  47%|####7     | 1949/4104 [05:58<06:25,  5.59it/s]
em: 0.0168, f1: 0.0171, loss: 23.8885 ||:  49%|####8     | 2006/4104 [06:08<06:13,  5.62it/s]
em: 0.0169, f1: 0.0172, loss: 23.8563 ||:  50%|#####     | 2063/4104 [06:19<06:06,  5.57it/s]
em: 0.0167, f1: 0.0170, loss: 24.2008 ||:  52%|#####1    | 2119/4104 [06:29<05:56,  5.56it/s]
em: 0.0169, f1: 0.0172, loss: 24.0411 ||:  53%|#####2    | 2175/4104 [06:39<05:47,  5.56it/s]
em: 0.0169, f1: 0.0172, loss: 24.1728 ||:  54%|#####4    | 2234/4104 [06:49<05:31,  5.64it/s]
em: 0.0171, f1: 0.0174, loss: 24.2993 ||:  56%|#####5    | 2293/4104 [06:59<05:21,  5.64it/s]
em: 0.0170, f1: 0.0173, loss: 24.3832 ||:  57%|#####7    | 2350/4104 [07:10<05:11,  5.63it/s]
em: 0.0170, f1: 0.0173, loss: 24.6663 ||:  59%|#####8    | 2407/4104 [07:20<05:01,  5.62it/s]
em: 0.0171, f1: 0.0174, loss: 24.5965 ||:  60%|######    | 2464/4104 [07:30<04:50,  5.64it/s]
em: 0.0171, f1: 0.0174, loss: 24.5943 ||:  61%|######1   | 2522/4104 [07:40<04:39,  5.67it/s]
em: 0.0171, f1: 0.0174, loss: 24.5997 ||:  63%|######2   | 2580/4104 [07:50<04:29,  5.66it/s]
em: 0.0172, f1: 0.0175, loss: 24.4797 ||:  64%|######4   | 2637/4104 [08:00<04:19,  5.65it/s]
em: 0.0175, f1: 0.0178, loss: 24.4467 ||:  66%|######5   | 2694/4104 [08:10<04:09,  5.64it/s]
em: 0.0174, f1: 0.0177, loss: 24.4277 ||:  67%|######7   | 2751/4104 [08:21<04:01,  5.61it/s]
em: 0.0172, f1: 0.0175, loss: 24.3672 ||:  68%|######8   | 2807/4104 [08:31<03:51,  5.60it/s]
em: 0.0171, f1: 0.0174, loss: 24.2242 ||:  70%|######9   | 2863/4104 [08:41<03:42,  5.57it/s]
em: 0.0170, f1: 0.0173, loss: 24.1788 ||:  71%|#######1  | 2920/4104 [08:51<03:31,  5.60it/s]
em: 0.0171, f1: 0.0174, loss: 24.0530 ||:  73%|#######2  | 2977/4104 [09:02<03:23,  5.53it/s]
em: 0.0171, f1: 0.0174, loss: 24.0505 ||:  74%|#######3  | 3033/4104 [09:12<03:13,  5.53it/s]
em: 0.0171, f1: 0.0173, loss: 24.2596 ||:  75%|#######5  | 3089/4104 [09:22<03:04,  5.50it/s]
em: 0.0170, f1: 0.0173, loss: 24.3814 ||:  77%|#######6  | 3145/4104 [09:32<02:53,  5.52it/s]
em: 0.0169, f1: 0.0172, loss: 24.5058 ||:  78%|#######7  | 3201/4104 [09:42<02:43,  5.51it/s]
em: 0.0169, f1: 0.0172, loss: 24.5707 ||:  79%|#######9  | 3259/4104 [09:52<02:31,  5.57it/s]
em: 0.0169, f1: 0.0172, loss: 24.6876 ||:  81%|########  | 3317/4104 [10:03<02:20,  5.60it/s]
em: 0.0169, f1: 0.0172, loss: 24.6617 ||:  82%|########2 | 3374/4104 [10:13<02:11,  5.57it/s]
em: 0.0170, f1: 0.0173, loss: 24.6813 ||:  84%|########3 | 3430/4104 [10:23<02:01,  5.57it/s]
em: 0.0170, f1: 0.0173, loss: 24.5678 ||:  85%|########4 | 3486/4104 [10:33<01:51,  5.55it/s]
em: 0.0170, f1: 0.0173, loss: 24.5118 ||:  86%|########6 | 3542/4104 [10:43<01:41,  5.55it/s]
em: 0.0170, f1: 0.0173, loss: 24.4735 ||:  88%|########7 | 3598/4104 [10:53<01:31,  5.55it/s]
em: 0.0171, f1: 0.0174, loss: 24.5132 ||:  89%|########9 | 3655/4104 [11:04<01:20,  5.57it/s]
em: 0.0171, f1: 0.0174, loss: 24.6119 ||:  90%|######### | 3712/4104 [11:14<01:10,  5.57it/s]
em: 0.0171, f1: 0.0175, loss: 24.4718 ||:  92%|#########1| 3768/4104 [11:24<01:00,  5.53it/s]
em: 0.0170, f1: 0.0174, loss: 24.4186 ||:  93%|#########3| 3824/4104 [11:34<00:50,  5.53it/s]
em: 0.0170, f1: 0.0173, loss: 24.4775 ||:  95%|#########4| 3880/4104 [11:45<00:40,  5.49it/s]
em: 0.0168, f1: 0.0171, loss: 24.5482 ||:  96%|#########5| 3938/4104 [11:55<00:29,  5.55it/s]
em: 0.0166, f1: 0.0170, loss: 24.7569 ||:  97%|#########7| 3995/4104 [12:05<00:19,  5.55it/s]
em: 0.0165, f1: 0.0168, loss: 24.8532 ||:  99%|#########8| 4051/4104 [12:15<00:09,  5.55it/s]
em: 0.0164, f1: 0.0167, loss: 24.9702 ||: : 4107it [12:25,  5.57it/s]                        
em: 0.0164, f1: 0.0167, loss: 25.0382 ||: : 4158it [12:35,  5.51it/s]

  0%|          | 0/376 [00:00<?, ?it/s]
em: 0.0298, f1: 0.0301, loss: 127.0494 ||:  30%|##9       | 112/376 [00:10<00:23, 11.09it/s]
em: 0.0281, f1: 0.0283, loss: 133.9093 ||:  59%|#####9    | 223/376 [00:20<00:13, 11.03it/s]
em: 0.0236, f1: 0.0239, loss: 135.6852 ||:  90%|########9 | 337/376 [00:30<00:03, 11.12it/s]
em: 0.0231, f1: 0.0234, loss: 142.3984 ||: : 381it [00:34, 11.08it/s]                       

  0%|          | 0/4104 [00:00<?, ?it/s]
em: 0.0136, f1: 0.0144, loss: 21.6458 ||:   1%|1         | 56/4104 [00:10<12:14,  5.51it/s]
em: 0.0175, f1: 0.0179, loss: 26.9604 ||:   3%|2         | 112/4104 [00:20<12:03,  5.52it/s]
em: 0.0173, f1: 0.0176, loss: 25.6445 ||:   4%|4         | 168/4104 [00:30<11:52,  5.52it/s]
em: 0.0164, f1: 0.0166, loss: 24.6060 ||:   5%|5         | 224/4104 [00:40<11:39,  5.55it/s]
em: 0.0162, f1: 0.0163, loss: 25.8259 ||:   7%|6         | 282/4104 [00:50<11:20,  5.61it/s]
em: 0.0160, f1: 0.0161, loss: 25.9084 ||:   8%|8         | 340/4104 [01:01<11:19,  5.54it/s]
em: 0.0165, f1: 0.0166, loss: 25.5730 ||:  10%|9         | 396/4104 [01:11<11:07,  5.55it/s]
em: 0.0157, f1: 0.0158, loss: 24.6675 ||:  11%|#1        | 453/4104 [01:21<10:52,  5.59it/s]
em: 0.0151, f1: 0.0154, loss: 25.6090 ||:  12%|#2        | 510/4104 [01:31<10:42,  5.60it/s]
em: 0.0147, f1: 0.0150, loss: 24.9282 ||:  14%|#3        | 567/4104 [01:41<10:28,  5.63it/s]
em: 0.0153, f1: 0.0155, loss: 24.4364 ||:  15%|#5        | 624/4104 [01:51<10:25,  5.56it/s]
em: 0.0154, f1: 0.0156, loss: 24.2009 ||:  17%|#6        | 680/4104 [02:01<10:14,  5.57it/s]
em: 0.0156, f1: 0.0158, loss: 24.3553 ||:  18%|#7        | 736/4104 [02:12<10:06,  5.55it/s]
em: 0.0158, f1: 0.0160, loss: 24.1101 ||:  19%|#9        | 792/4104 [02:22<09:59,  5.53it/s]
em: 0.0162, f1: 0.0165, loss: 23.9298 ||:  21%|##        | 850/4104 [02:32<09:41,  5.60it/s]
em: 0.0163, f1: 0.0165, loss: 24.0540 ||:  22%|##2       | 908/4104 [02:43<09:35,  5.55it/s]
em: 0.0159, f1: 0.0162, loss: 24.4803 ||:  23%|##3       | 963/4104 [02:53<09:29,  5.52it/s]
em: 0.0160, f1: 0.0163, loss: 24.3100 ||:  25%|##4       | 1020/4104 [03:03<09:13,  5.57it/s]
em: 0.0159, f1: 0.0161, loss: 24.5913 ||:  26%|##6       | 1077/4104 [03:13<09:01,  5.59it/s]
em: 0.0157, f1: 0.0160, loss: 24.2188 ||:  28%|##7       | 1134/4104 [03:23<08:55,  5.54it/s]
em: 0.0161, f1: 0.0164, loss: 24.1237 ||:  29%|##8       | 1190/4104 [03:33<08:44,  5.55it/s]
em: 0.0158, f1: 0.0160, loss: 24.2246 ||:  30%|###       | 1246/4104 [03:43<08:34,  5.56it/s]
em: 0.0160, f1: 0.0162, loss: 24.2253 ||:  32%|###1      | 1302/4104 [03:53<08:24,  5.56it/s]
em: 0.0160, f1: 0.0163, loss: 24.2287 ||:  33%|###3      | 1359/4104 [04:04<08:11,  5.59it/s]
em: 0.0157, f1: 0.0159, loss: 24.2244 ||:  35%|###4      | 1416/4104 [04:14<08:05,  5.53it/s]
em: 0.0158, f1: 0.0160, loss: 24.0397 ||:  36%|###5      | 1471/4104 [04:24<07:57,  5.51it/s]
em: 0.0159, f1: 0.0162, loss: 23.8241 ||:  37%|###7      | 1526/4104 [04:34<07:50,  5.48it/s]
em: 0.0163, f1: 0.0165, loss: 23.7305 ||:  39%|###8      | 1583/4104 [04:44<07:34,  5.54it/s]
em: 0.0164, f1: 0.0166, loss: 23.6132 ||:  40%|###9      | 1640/4104 [04:54<07:22,  5.57it/s]
em: 0.0165, f1: 0.0168, loss: 23.6413 ||:  41%|####1     | 1697/4104 [05:05<07:10,  5.60it/s]
em: 0.0166, f1: 0.0169, loss: 23.5112 ||:  43%|####2     | 1754/4104 [05:15<07:01,  5.58it/s]
em: 0.0168, f1: 0.0171, loss: 23.3902 ||:  44%|####4     | 1810/4104 [05:25<06:52,  5.56it/s]
em: 0.0166, f1: 0.0169, loss: 23.5056 ||:  45%|####5     | 1867/4104 [05:35<06:41,  5.58it/s]
em: 0.0167, f1: 0.0170, loss: 23.4644 ||:  47%|####6     | 1924/4104 [05:46<06:33,  5.54it/s]
em: 0.0166, f1: 0.0169, loss: 23.3662 ||:  48%|####8     | 1980/4104 [05:56<06:22,  5.55it/s]
em: 0.0167, f1: 0.0170, loss: 23.1771 ||:  50%|####9     | 2036/4104 [06:06<06:13,  5.53it/s]
em: 0.0167, f1: 0.0170, loss: 23.2609 ||:  51%|#####     | 2093/4104 [06:16<06:02,  5.55it/s]
em: 0.0166, f1: 0.0170, loss: 23.4524 ||:  52%|#####2    | 2150/4104 [06:26<05:52,  5.55it/s]
em: 0.0167, f1: 0.0171, loss: 23.5017 ||:  54%|#####3    | 2207/4104 [06:36<05:39,  5.59it/s]
em: 0.0168, f1: 0.0171, loss: 23.6607 ||:  55%|#####5    | 2266/4104 [06:46<05:23,  5.67it/s]
em: 0.0168, f1: 0.0171, loss: 23.7057 ||:  57%|#####6    | 2325/4104 [06:57<05:18,  5.58it/s]
em: 0.0170, f1: 0.0174, loss: 23.7872 ||:  58%|#####8    | 2382/4104 [07:07<05:07,  5.60it/s]
em: 0.0171, f1: 0.0174, loss: 24.1214 ||:  59%|#####9    | 2439/4104 [07:18<04:57,  5.59it/s]
em: 0.0171, f1: 0.0174, loss: 24.1180 ||:  61%|######    | 2497/4104 [07:28<04:45,  5.64it/s]
em: 0.0170, f1: 0.0173, loss: 24.1767 ||:  62%|######2   | 2555/4104 [07:38<04:34,  5.64it/s]
em: 0.0169, f1: 0.0173, loss: 24.1073 ||:  64%|######3   | 2612/4104 [07:48<04:25,  5.61it/s]
em: 0.0171, f1: 0.0174, loss: 23.9943 ||:  65%|######5   | 2668/4104 [07:59<04:18,  5.56it/s]
em: 0.0173, f1: 0.0176, loss: 23.9217 ||:  66%|######6   | 2724/4104 [08:09<04:08,  5.55it/s]
em: 0.0171, f1: 0.0174, loss: 23.9162 ||:  68%|######7   | 2780/4104 [08:19<03:58,  5.54it/s]
em: 0.0170, f1: 0.0174, loss: 23.9648 ||:  69%|######9   | 2836/4104 [08:29<03:49,  5.53it/s]
em: 0.0169, f1: 0.0173, loss: 23.8989 ||:  70%|#######   | 2891/4104 [08:39<03:40,  5.51it/s]
em: 0.0168, f1: 0.0171, loss: 23.8015 ||:  72%|#######1  | 2947/4104 [08:49<03:29,  5.52it/s]
em: 0.0168, f1: 0.0171, loss: 23.7377 ||:  73%|#######3  | 3003/4104 [09:00<03:21,  5.46it/s]
em: 0.0169, f1: 0.0172, loss: 23.9341 ||:  75%|#######4  | 3060/4104 [09:10<03:09,  5.52it/s]
em: 0.0168, f1: 0.0172, loss: 24.1255 ||:  76%|#######5  | 3117/4104 [09:20<02:57,  5.55it/s]
em: 0.0168, f1: 0.0171, loss: 24.1283 ||:  77%|#######7  | 3174/4104 [09:30<02:46,  5.57it/s]
em: 0.0168, f1: 0.0171, loss: 24.1851 ||:  79%|#######8  | 3231/4104 [09:40<02:36,  5.59it/s]
em: 0.0168, f1: 0.0171, loss: 24.3008 ||:  80%|########  | 3289/4104 [09:50<02:24,  5.64it/s]
em: 0.0168, f1: 0.0171, loss: 24.2993 ||:  82%|########1 | 3347/4104 [10:01<02:14,  5.62it/s]
em: 0.0168, f1: 0.0172, loss: 24.2847 ||:  83%|########2 | 3403/4104 [10:11<02:05,  5.60it/s]
em: 0.0170, f1: 0.0173, loss: 24.2245 ||:  84%|########4 | 3459/4104 [10:21<01:56,  5.55it/s]
em: 0.0169, f1: 0.0172, loss: 24.2136 ||:  86%|########5 | 3516/4104 [10:31<01:45,  5.57it/s]
em: 0.0169, f1: 0.0172, loss: 24.0702 ||:  87%|########7 | 3573/4104 [10:41<01:35,  5.57it/s]
em: 0.0169, f1: 0.0173, loss: 24.1392 ||:  88%|########8 | 3630/4104 [10:52<01:24,  5.59it/s]
em: 0.0170, f1: 0.0173, loss: 24.1374 ||:  90%|########9 | 3687/4104 [11:02<01:14,  5.57it/s]
em: 0.0169, f1: 0.0173, loss: 24.1376 ||:  91%|#########1| 3743/4104 [11:12<01:05,  5.55it/s]
em: 0.0170, f1: 0.0174, loss: 24.0697 ||:  93%|#########2| 3798/4104 [11:22<00:55,  5.52it/s]
em: 0.0169, f1: 0.0173, loss: 24.1020 ||:  94%|#########3| 3854/4104 [11:32<00:45,  5.52it/s]
em: 0.0168, f1: 0.0171, loss: 24.2205 ||:  95%|#########5| 3911/4104 [11:42<00:34,  5.55it/s]
em: 0.0166, f1: 0.0170, loss: 24.3288 ||:  97%|#########6| 3968/4104 [11:53<00:24,  5.56it/s]
em: 0.0165, f1: 0.0168, loss: 24.4760 ||:  98%|#########8| 4025/4104 [12:03<00:14,  5.56it/s]
em: 0.0163, f1: 0.0167, loss: 24.5213 ||:  99%|#########9| 4082/4104 [12:13<00:03,  5.60it/s]
em: 0.0162, f1: 0.0166, loss: 24.5967 ||: : 4139it [12:23,  5.55it/s]                        
em: 0.0161, f1: 0.0165, loss: 24.6023 ||: : 4158it [12:27,  5.57it/s]

  0%|          | 0/376 [00:00<?, ?it/s]
em: 0.0276, f1: 0.0276, loss: 127.3136 ||:  30%|##9       | 112/376 [00:10<00:23, 11.12it/s]
em: 0.0285, f1: 0.0286, loss: 126.8994 ||:  60%|#####9    | 224/376 [00:20<00:13, 11.04it/s]
em: 0.0253, f1: 0.0255, loss: 134.6114 ||:  90%|########9 | 338/376 [00:30<00:03, 11.14it/s]
em: 0.0243, f1: 0.0245, loss: 141.9954 ||: : 381it [00:34, 11.10it/s]                       

