2019-05-24 11:01:06,426 - INFO - allennlp.common.params - evaluate_on_test = False
2019-05-24 11:01:06,426 - INFO - allennlp.common.from_params - instantiating class <class 'allennlp.data.dataset_readers.dataset_reader.DatasetReader'> from params {'instance_format': 'drop', 'passage_length_limit': 200, 'question_length_limit': 50, 'skip_when_all_empty': ['passage_span', 'question_span', 'addition_subtraction', 'counting'], 'token_indexers': {'token_characters': {'min_padding_length': 5, 'type': 'characters'}, 'tokens': {'lowercase_tokens': True, 'type': 'single_id'}}, 'type': 'drop'} and extras set()
2019-05-24 11:01:06,427 - INFO - allennlp.common.params - dataset_reader.type = drop
2019-05-24 11:01:06,427 - INFO - allennlp.common.from_params - instantiating class <class 'allennlp.data.dataset_readers.reading_comprehension.drop.DropReader'> from params {'instance_format': 'drop', 'passage_length_limit': 200, 'question_length_limit': 50, 'skip_when_all_empty': ['passage_span', 'question_span', 'addition_subtraction', 'counting'], 'token_indexers': {'token_characters': {'min_padding_length': 5, 'type': 'characters'}, 'tokens': {'lowercase_tokens': True, 'type': 'single_id'}}} and extras set()
2019-05-24 11:01:06,428 - INFO - allennlp.common.from_params - instantiating class allennlp.data.token_indexers.token_indexer.TokenIndexer from params {'min_padding_length': 5, 'type': 'characters'} and extras set()
2019-05-24 11:01:06,428 - INFO - allennlp.common.params - dataset_reader.token_indexers.token_characters.type = characters
2019-05-24 11:01:06,428 - INFO - allennlp.common.from_params - instantiating class allennlp.data.token_indexers.token_characters_indexer.TokenCharactersIndexer from params {'min_padding_length': 5} and extras set()
2019-05-24 11:01:06,429 - INFO - allennlp.common.params - dataset_reader.token_indexers.token_characters.namespace = token_characters
2019-05-24 11:01:06,429 - INFO - allennlp.common.params - dataset_reader.token_indexers.token_characters.start_tokens = None
2019-05-24 11:01:06,429 - INFO - allennlp.common.params - dataset_reader.token_indexers.token_characters.end_tokens = None
2019-05-24 11:01:06,429 - INFO - allennlp.common.params - dataset_reader.token_indexers.token_characters.min_padding_length = 5
2019-05-24 11:01:06,429 - INFO - allennlp.common.from_params - instantiating class allennlp.data.token_indexers.token_indexer.TokenIndexer from params {'lowercase_tokens': True, 'type': 'single_id'} and extras set()
2019-05-24 11:01:06,430 - INFO - allennlp.common.params - dataset_reader.token_indexers.tokens.type = single_id
2019-05-24 11:01:06,430 - INFO - allennlp.common.from_params - instantiating class allennlp.data.token_indexers.single_id_token_indexer.SingleIdTokenIndexer from params {'lowercase_tokens': True} and extras set()
2019-05-24 11:01:06,430 - INFO - allennlp.common.params - dataset_reader.token_indexers.tokens.namespace = tokens
2019-05-24 11:01:06,430 - INFO - allennlp.common.params - dataset_reader.token_indexers.tokens.lowercase_tokens = True
2019-05-24 11:01:06,430 - INFO - allennlp.common.params - dataset_reader.token_indexers.tokens.start_tokens = None
2019-05-24 11:01:06,431 - INFO - allennlp.common.params - dataset_reader.token_indexers.tokens.end_tokens = None
2019-05-24 11:01:06,431 - INFO - allennlp.common.params - dataset_reader.lazy = False
2019-05-24 11:01:06,431 - INFO - allennlp.common.params - dataset_reader.passage_length_limit = 200
2019-05-24 11:01:06,431 - INFO - allennlp.common.params - dataset_reader.question_length_limit = 50
2019-05-24 11:01:06,431 - INFO - allennlp.common.params - dataset_reader.skip_when_all_empty = ['passage_span', 'question_span', 'addition_subtraction', 'counting']
2019-05-24 11:01:06,431 - INFO - allennlp.common.params - dataset_reader.instance_format = drop
2019-05-24 11:01:06,432 - INFO - allennlp.common.params - dataset_reader.relaxed_span_match_for_finding_labels = True
2019-05-24 11:01:06,830 - INFO - allennlp.training.util - Using a separate dataset reader to load validation and test data.
2019-05-24 11:01:06,831 - INFO - allennlp.common.from_params - instantiating class <class 'allennlp.data.dataset_readers.dataset_reader.DatasetReader'> from params {'instance_format': 'drop', 'passage_length_limit': 500, 'question_length_limit': 100, 'skip_when_all_empty': [], 'token_indexers': {'token_characters': {'min_padding_length': 5, 'type': 'characters'}, 'tokens': {'lowercase_tokens': True, 'type': 'single_id'}}, 'type': 'drop'} and extras set()
2019-05-24 11:01:06,831 - INFO - allennlp.common.params - validation_dataset_reader.type = drop
2019-05-24 11:01:06,831 - INFO - allennlp.common.from_params - instantiating class <class 'allennlp.data.dataset_readers.reading_comprehension.drop.DropReader'> from params {'instance_format': 'drop', 'passage_length_limit': 500, 'question_length_limit': 100, 'skip_when_all_empty': [], 'token_indexers': {'token_characters': {'min_padding_length': 5, 'type': 'characters'}, 'tokens': {'lowercase_tokens': True, 'type': 'single_id'}}} and extras set()
2019-05-24 11:01:06,831 - INFO - allennlp.common.from_params - instantiating class allennlp.data.token_indexers.token_indexer.TokenIndexer from params {'min_padding_length': 5, 'type': 'characters'} and extras set()
2019-05-24 11:01:06,831 - INFO - allennlp.common.params - validation_dataset_reader.token_indexers.token_characters.type = characters
2019-05-24 11:01:06,831 - INFO - allennlp.common.from_params - instantiating class allennlp.data.token_indexers.token_characters_indexer.TokenCharactersIndexer from params {'min_padding_length': 5} and extras set()
2019-05-24 11:01:06,831 - INFO - allennlp.common.params - validation_dataset_reader.token_indexers.token_characters.namespace = token_characters
2019-05-24 11:01:06,831 - INFO - allennlp.common.params - validation_dataset_reader.token_indexers.token_characters.start_tokens = None
2019-05-24 11:01:06,832 - INFO - allennlp.common.params - validation_dataset_reader.token_indexers.token_characters.end_tokens = None
2019-05-24 11:01:06,832 - INFO - allennlp.common.params - validation_dataset_reader.token_indexers.token_characters.min_padding_length = 5
2019-05-24 11:01:06,832 - INFO - allennlp.common.from_params - instantiating class allennlp.data.token_indexers.token_indexer.TokenIndexer from params {'lowercase_tokens': True, 'type': 'single_id'} and extras set()
2019-05-24 11:01:06,832 - INFO - allennlp.common.params - validation_dataset_reader.token_indexers.tokens.type = single_id
2019-05-24 11:01:06,832 - INFO - allennlp.common.from_params - instantiating class allennlp.data.token_indexers.single_id_token_indexer.SingleIdTokenIndexer from params {'lowercase_tokens': True} and extras set()
2019-05-24 11:01:06,832 - INFO - allennlp.common.params - validation_dataset_reader.token_indexers.tokens.namespace = tokens
2019-05-24 11:01:06,832 - INFO - allennlp.common.params - validation_dataset_reader.token_indexers.tokens.lowercase_tokens = True
2019-05-24 11:01:06,832 - INFO - allennlp.common.params - validation_dataset_reader.token_indexers.tokens.start_tokens = None
2019-05-24 11:01:06,832 - INFO - allennlp.common.params - validation_dataset_reader.token_indexers.tokens.end_tokens = None
2019-05-24 11:01:06,832 - INFO - allennlp.common.params - validation_dataset_reader.lazy = False
2019-05-24 11:01:06,832 - INFO - allennlp.common.params - validation_dataset_reader.passage_length_limit = 500
2019-05-24 11:01:06,833 - INFO - allennlp.common.params - validation_dataset_reader.question_length_limit = 100
2019-05-24 11:01:06,833 - INFO - allennlp.common.params - validation_dataset_reader.skip_when_all_empty = []
2019-05-24 11:01:06,833 - INFO - allennlp.common.params - validation_dataset_reader.instance_format = drop
2019-05-24 11:01:06,833 - INFO - allennlp.common.params - validation_dataset_reader.relaxed_span_match_for_finding_labels = True
2019-05-24 11:01:06,833 - INFO - allennlp.common.params - train_data_path = drop_dataset/drop_dataset_train.json
2019-05-24 11:01:06,833 - INFO - allennlp.training.util - Reading training data from drop_dataset/drop_dataset_train.json
2019-05-24 11:01:06,834 - INFO - allennlp.data.dataset_readers.reading_comprehension.drop - Reading file at drop_dataset/drop_dataset_train.json
2019-05-24 11:01:08,084 - INFO - allennlp.data.dataset_readers.reading_comprehension.drop - Reading the dataset
2019-05-24 11:03:07,464 - INFO - allennlp.data.dataset_readers.reading_comprehension.drop - Skipped 11757 questions, kept 65652 questions.
2019-05-24 11:03:07,482 - INFO - allennlp.common.params - validation_data_path = drop_dataset/drop_dataset_dev_no_span.json
2019-05-24 11:03:07,483 - INFO - allennlp.training.util - Reading validation data from drop_dataset/drop_dataset_dev_no_span.json
2019-05-24 11:03:07,484 - INFO - allennlp.data.dataset_readers.reading_comprehension.drop - Reading file at drop_dataset/drop_dataset_dev_no_span.json
2019-05-24 11:03:07,595 - INFO - allennlp.data.dataset_readers.reading_comprehension.drop - Reading the dataset
2019-05-24 11:03:18,735 - INFO - allennlp.data.dataset_readers.reading_comprehension.drop - Skipped 0 questions, kept 6007 questions.
2019-05-24 11:03:18,738 - INFO - allennlp.common.params - test_data_path = None
2019-05-24 11:03:18,738 - INFO - allennlp.training.trainer - From dataset instances, train, validation will be considered for vocabulary creation.
2019-05-24 11:03:18,738 - INFO - allennlp.common.params - vocabulary.type = None
2019-05-24 11:03:18,738 - INFO - allennlp.common.params - vocabulary.extend = False
2019-05-24 11:03:18,738 - INFO - allennlp.common.params - vocabulary.directory_path = None
2019-05-24 11:03:18,739 - INFO - allennlp.common.params - vocabulary.max_vocab_size = None
2019-05-24 11:03:18,739 - INFO - allennlp.common.params - vocabulary.non_padded_namespaces = ('*tags', '*labels')
2019-05-24 11:03:18,739 - INFO - allennlp.common.params - vocabulary.min_pretrained_embeddings = None
2019-05-24 11:03:18,739 - INFO - allennlp.common.params - vocabulary.only_include_pretrained_words = True
2019-05-24 11:03:18,739 - INFO - allennlp.common.params - vocabulary.tokens_to_add = None
2019-05-24 11:03:18,739 - INFO - allennlp.data.vocabulary - Fitting token dictionary from dataset.
2019-05-24 11:04:40,632 - INFO - allennlp.data.vocabulary - Reading pretrained tokens from: https://s3-us-west-2.amazonaws.com/allennlp/datasets/glove/glove.840B.300d.lower.converted.zip
2019-05-24 11:05:17,000 - INFO - allennlp.common.from_params - instantiating class <class 'allennlp.models.model.Model'> from params {'answering_abilities': ['counting'], 'dropout_prob': 0.1, 'matrix_attention_layer': {'combination': 'x,y,x*y', 'tensor_1_dim': 128, 'tensor_2_dim': 128, 'type': 'linear'}, 'modeling_layer': {'attention_dropout_prob': 0, 'attention_projection_dim': 128, 'conv_kernel_size': 5, 'dropout_prob': 0.1, 'feedforward_hidden_dim': 128, 'hidden_dim': 128, 'input_dim': 128, 'layer_dropout_undecayed_prob': 0.1, 'num_attention_heads': 8, 'num_blocks': 1, 'num_convs_per_block': 2, 'type': 'qanet_encoder'}, 'num_highway_layers': 2, 'phrase_layer': {'attention_dropout_prob': 0, 'attention_projection_dim': 128, 'conv_kernel_size': 7, 'dropout_prob': 0.1, 'feedforward_hidden_dim': 128, 'hidden_dim': 128, 'input_dim': 128, 'layer_dropout_undecayed_prob': 0.1, 'num_attention_heads': 8, 'num_blocks': 1, 'num_convs_per_block': 4, 'type': 'qanet_encoder'}, 'regularizer': [['.*', {'alpha': 1e-07, 'type': 'l2'}]], 'text_field_embedder': {'token_embedders': {'token_characters': {'embedding': {'embedding_dim': 64}, 'encoder': {'embedding_dim': 64, 'ngram_filter_sizes': [5], 'num_filters': 200, 'type': 'cnn'}, 'type': 'character_encoding'}, 'tokens': {'embedding_dim': 300, 'pretrained_file': 'https://s3-us-west-2.amazonaws.com/allennlp/datasets/glove/glove.840B.300d.lower.converted.zip', 'trainable': False, 'type': 'embedding'}}}, 'type': 'naqanetic'} and extras {'vocab'}
2019-05-24 11:05:17,000 - INFO - allennlp.common.params - model.type = naqanetic
2019-05-24 11:05:17,000 - INFO - allennlp.common.from_params - instantiating class <class 'drop_library.models.model_with_counting.NumericallyAugmentedQaNetImprovedCounting'> from params {'answering_abilities': ['counting'], 'dropout_prob': 0.1, 'matrix_attention_layer': {'combination': 'x,y,x*y', 'tensor_1_dim': 128, 'tensor_2_dim': 128, 'type': 'linear'}, 'modeling_layer': {'attention_dropout_prob': 0, 'attention_projection_dim': 128, 'conv_kernel_size': 5, 'dropout_prob': 0.1, 'feedforward_hidden_dim': 128, 'hidden_dim': 128, 'input_dim': 128, 'layer_dropout_undecayed_prob': 0.1, 'num_attention_heads': 8, 'num_blocks': 1, 'num_convs_per_block': 2, 'type': 'qanet_encoder'}, 'num_highway_layers': 2, 'phrase_layer': {'attention_dropout_prob': 0, 'attention_projection_dim': 128, 'conv_kernel_size': 7, 'dropout_prob': 0.1, 'feedforward_hidden_dim': 128, 'hidden_dim': 128, 'input_dim': 128, 'layer_dropout_undecayed_prob': 0.1, 'num_attention_heads': 8, 'num_blocks': 1, 'num_convs_per_block': 4, 'type': 'qanet_encoder'}, 'regularizer': [['.*', {'alpha': 1e-07, 'type': 'l2'}]], 'text_field_embedder': {'token_embedders': {'token_characters': {'embedding': {'embedding_dim': 64}, 'encoder': {'embedding_dim': 64, 'ngram_filter_sizes': [5], 'num_filters': 200, 'type': 'cnn'}, 'type': 'character_encoding'}, 'tokens': {'embedding_dim': 300, 'pretrained_file': 'https://s3-us-west-2.amazonaws.com/allennlp/datasets/glove/glove.840B.300d.lower.converted.zip', 'trainable': False, 'type': 'embedding'}}}} and extras {'vocab'}
2019-05-24 11:05:17,000 - INFO - allennlp.common.from_params - instantiating class <class 'allennlp.modules.text_field_embedders.text_field_embedder.TextFieldEmbedder'> from params {'token_embedders': {'token_characters': {'embedding': {'embedding_dim': 64}, 'encoder': {'embedding_dim': 64, 'ngram_filter_sizes': [5], 'num_filters': 200, 'type': 'cnn'}, 'type': 'character_encoding'}, 'tokens': {'embedding_dim': 300, 'pretrained_file': 'https://s3-us-west-2.amazonaws.com/allennlp/datasets/glove/glove.840B.300d.lower.converted.zip', 'trainable': False, 'type': 'embedding'}}} and extras {'vocab'}
2019-05-24 11:05:17,000 - INFO - allennlp.common.params - model.text_field_embedder.type = basic
2019-05-24 11:05:17,000 - INFO - allennlp.common.params - model.text_field_embedder.embedder_to_indexer_map = None
2019-05-24 11:05:17,000 - INFO - allennlp.common.params - model.text_field_embedder.allow_unmatched_keys = False
2019-05-24 11:05:17,001 - INFO - allennlp.common.from_params - instantiating class <class 'allennlp.modules.token_embedders.token_embedder.TokenEmbedder'> from params {'embedding': {'embedding_dim': 64}, 'encoder': {'embedding_dim': 64, 'ngram_filter_sizes': [5], 'num_filters': 200, 'type': 'cnn'}, 'type': 'character_encoding'} and extras {'vocab'}
2019-05-24 11:05:17,001 - INFO - allennlp.common.params - model.text_field_embedder.token_embedders.token_characters.type = character_encoding
2019-05-24 11:05:17,001 - INFO - allennlp.common.params - model.text_field_embedder.token_embedders.token_characters.embedding.num_embeddings = None
2019-05-24 11:05:17,001 - INFO - allennlp.common.params - model.text_field_embedder.token_embedders.token_characters.embedding.vocab_namespace = token_characters
2019-05-24 11:05:17,001 - INFO - allennlp.common.params - model.text_field_embedder.token_embedders.token_characters.embedding.embedding_dim = 64
2019-05-24 11:05:17,001 - INFO - allennlp.common.params - model.text_field_embedder.token_embedders.token_characters.embedding.pretrained_file = None
2019-05-24 11:05:17,001 - INFO - allennlp.common.params - model.text_field_embedder.token_embedders.token_characters.embedding.projection_dim = None
2019-05-24 11:05:17,001 - INFO - allennlp.common.params - model.text_field_embedder.token_embedders.token_characters.embedding.trainable = True
2019-05-24 11:05:17,001 - INFO - allennlp.common.params - model.text_field_embedder.token_embedders.token_characters.embedding.padding_index = None
2019-05-24 11:05:17,001 - INFO - allennlp.common.params - model.text_field_embedder.token_embedders.token_characters.embedding.max_norm = None
2019-05-24 11:05:17,001 - INFO - allennlp.common.params - model.text_field_embedder.token_embedders.token_characters.embedding.norm_type = 2.0
2019-05-24 11:05:17,001 - INFO - allennlp.common.params - model.text_field_embedder.token_embedders.token_characters.embedding.scale_grad_by_freq = False
2019-05-24 11:05:17,001 - INFO - allennlp.common.params - model.text_field_embedder.token_embedders.token_characters.embedding.sparse = False
2019-05-24 11:05:17,002 - INFO - allennlp.common.from_params - instantiating class <class 'allennlp.modules.seq2vec_encoders.seq2vec_encoder.Seq2VecEncoder'> from params {'embedding_dim': 64, 'ngram_filter_sizes': [5], 'num_filters': 200, 'type': 'cnn'} and extras set()
2019-05-24 11:05:17,002 - INFO - allennlp.common.params - model.text_field_embedder.token_embedders.token_characters.encoder.type = cnn
2019-05-24 11:05:17,002 - INFO - allennlp.common.from_params - instantiating class <class 'allennlp.modules.seq2vec_encoders.cnn_encoder.CnnEncoder'> from params {'embedding_dim': 64, 'ngram_filter_sizes': [5], 'num_filters': 200} and extras set()
2019-05-24 11:05:17,002 - INFO - allennlp.common.params - model.text_field_embedder.token_embedders.token_characters.encoder.embedding_dim = 64
2019-05-24 11:05:17,002 - INFO - allennlp.common.params - model.text_field_embedder.token_embedders.token_characters.encoder.num_filters = 200
2019-05-24 11:05:17,002 - INFO - allennlp.common.params - model.text_field_embedder.token_embedders.token_characters.encoder.ngram_filter_sizes = [5]
2019-05-24 11:05:17,003 - INFO - allennlp.common.params - model.text_field_embedder.token_embedders.token_characters.encoder.output_dim = None
2019-05-24 11:05:17,005 - INFO - allennlp.common.params - model.text_field_embedder.token_embedders.token_characters.dropout = 0.0
2019-05-24 11:05:17,005 - INFO - allennlp.common.from_params - instantiating class <class 'allennlp.modules.token_embedders.token_embedder.TokenEmbedder'> from params {'embedding_dim': 300, 'pretrained_file': 'https://s3-us-west-2.amazonaws.com/allennlp/datasets/glove/glove.840B.300d.lower.converted.zip', 'trainable': False, 'type': 'embedding'} and extras {'vocab'}
2019-05-24 11:05:17,005 - INFO - allennlp.common.params - model.text_field_embedder.token_embedders.tokens.type = embedding
2019-05-24 11:05:17,005 - INFO - allennlp.common.params - model.text_field_embedder.token_embedders.tokens.num_embeddings = None
2019-05-24 11:05:17,006 - INFO - allennlp.common.params - model.text_field_embedder.token_embedders.tokens.vocab_namespace = tokens
2019-05-24 11:05:17,006 - INFO - allennlp.common.params - model.text_field_embedder.token_embedders.tokens.embedding_dim = 300
2019-05-24 11:05:17,006 - INFO - allennlp.common.params - model.text_field_embedder.token_embedders.tokens.pretrained_file = https://s3-us-west-2.amazonaws.com/allennlp/datasets/glove/glove.840B.300d.lower.converted.zip
2019-05-24 11:05:17,006 - INFO - allennlp.common.params - model.text_field_embedder.token_embedders.tokens.projection_dim = None
2019-05-24 11:05:17,006 - INFO - allennlp.common.params - model.text_field_embedder.token_embedders.tokens.trainable = False
2019-05-24 11:05:17,006 - INFO - allennlp.common.params - model.text_field_embedder.token_embedders.tokens.padding_index = None
2019-05-24 11:05:17,006 - INFO - allennlp.common.params - model.text_field_embedder.token_embedders.tokens.max_norm = None
2019-05-24 11:05:17,006 - INFO - allennlp.common.params - model.text_field_embedder.token_embedders.tokens.norm_type = 2.0
2019-05-24 11:05:17,006 - INFO - allennlp.common.params - model.text_field_embedder.token_embedders.tokens.scale_grad_by_freq = False
2019-05-24 11:05:17,006 - INFO - allennlp.common.params - model.text_field_embedder.token_embedders.tokens.sparse = False
2019-05-24 11:05:17,008 - INFO - allennlp.modules.token_embedders.embedding - Reading pretrained embeddings from file
2019-05-24 11:05:55,752 - INFO - allennlp.modules.token_embedders.embedding - Initializing pre-trained embedding layer
2019-05-24 11:05:56,881 - INFO - allennlp.modules.token_embedders.embedding - Pretrained embeddings were found for 36655 out of 36657 tokens
2019-05-24 11:05:56,890 - INFO - allennlp.common.params - model.num_highway_layers = 2
2019-05-24 11:05:56,891 - INFO - allennlp.common.from_params - instantiating class <class 'allennlp.modules.seq2seq_encoders.seq2seq_encoder.Seq2SeqEncoder'> from params {'attention_dropout_prob': 0, 'attention_projection_dim': 128, 'conv_kernel_size': 7, 'dropout_prob': 0.1, 'feedforward_hidden_dim': 128, 'hidden_dim': 128, 'input_dim': 128, 'layer_dropout_undecayed_prob': 0.1, 'num_attention_heads': 8, 'num_blocks': 1, 'num_convs_per_block': 4, 'type': 'qanet_encoder'} and extras {'vocab'}
2019-05-24 11:05:56,891 - INFO - allennlp.common.params - model.phrase_layer.type = qanet_encoder
2019-05-24 11:05:56,891 - INFO - allennlp.common.from_params - instantiating class <class 'allennlp.modules.seq2seq_encoders.qanet_encoder.QaNetEncoder'> from params {'attention_dropout_prob': 0, 'attention_projection_dim': 128, 'conv_kernel_size': 7, 'dropout_prob': 0.1, 'feedforward_hidden_dim': 128, 'hidden_dim': 128, 'input_dim': 128, 'layer_dropout_undecayed_prob': 0.1, 'num_attention_heads': 8, 'num_blocks': 1, 'num_convs_per_block': 4} and extras {'vocab'}
2019-05-24 11:05:56,891 - INFO - allennlp.common.params - model.phrase_layer.input_dim = 128
2019-05-24 11:05:56,891 - INFO - allennlp.common.params - model.phrase_layer.hidden_dim = 128
2019-05-24 11:05:56,891 - INFO - allennlp.common.params - model.phrase_layer.attention_projection_dim = 128
2019-05-24 11:05:56,891 - INFO - allennlp.common.params - model.phrase_layer.feedforward_hidden_dim = 128
2019-05-24 11:05:56,891 - INFO - allennlp.common.params - model.phrase_layer.num_blocks = 1
2019-05-24 11:05:56,891 - INFO - allennlp.common.params - model.phrase_layer.num_convs_per_block = 4
2019-05-24 11:05:56,891 - INFO - allennlp.common.params - model.phrase_layer.conv_kernel_size = 7
2019-05-24 11:05:56,891 - INFO - allennlp.common.params - model.phrase_layer.num_attention_heads = 8
2019-05-24 11:05:56,892 - INFO - allennlp.common.params - model.phrase_layer.use_positional_encoding = True
2019-05-24 11:05:56,892 - INFO - allennlp.common.params - model.phrase_layer.dropout_prob = 0.1
2019-05-24 11:05:56,892 - INFO - allennlp.common.params - model.phrase_layer.layer_dropout_undecayed_prob = 0.1
2019-05-24 11:05:56,892 - INFO - allennlp.common.params - model.phrase_layer.attention_dropout_prob = 0
2019-05-24 11:05:56,896 - INFO - allennlp.common.from_params - instantiating class <class 'allennlp.modules.matrix_attention.matrix_attention.MatrixAttention'> from params {'combination': 'x,y,x*y', 'tensor_1_dim': 128, 'tensor_2_dim': 128, 'type': 'linear'} and extras {'vocab'}
2019-05-24 11:05:56,896 - INFO - allennlp.common.params - model.matrix_attention_layer.type = linear
2019-05-24 11:05:56,896 - INFO - allennlp.common.from_params - instantiating class <class 'allennlp.modules.matrix_attention.linear_matrix_attention.LinearMatrixAttention'> from params {'combination': 'x,y,x*y', 'tensor_1_dim': 128, 'tensor_2_dim': 128} and extras {'vocab'}
2019-05-24 11:05:56,897 - INFO - allennlp.common.params - model.matrix_attention_layer.tensor_1_dim = 128
2019-05-24 11:05:56,897 - INFO - allennlp.common.params - model.matrix_attention_layer.tensor_2_dim = 128
2019-05-24 11:05:56,897 - INFO - allennlp.common.params - model.matrix_attention_layer.combination = x,y,x*y
2019-05-24 11:05:56,897 - INFO - allennlp.common.from_params - instantiating class <class 'allennlp.modules.seq2seq_encoders.seq2seq_encoder.Seq2SeqEncoder'> from params {'attention_dropout_prob': 0, 'attention_projection_dim': 128, 'conv_kernel_size': 5, 'dropout_prob': 0.1, 'feedforward_hidden_dim': 128, 'hidden_dim': 128, 'input_dim': 128, 'layer_dropout_undecayed_prob': 0.1, 'num_attention_heads': 8, 'num_blocks': 1, 'num_convs_per_block': 2, 'type': 'qanet_encoder'} and extras {'vocab'}
2019-05-24 11:05:56,897 - INFO - allennlp.common.params - model.modeling_layer.type = qanet_encoder
2019-05-24 11:05:56,897 - INFO - allennlp.common.from_params - instantiating class <class 'allennlp.modules.seq2seq_encoders.qanet_encoder.QaNetEncoder'> from params {'attention_dropout_prob': 0, 'attention_projection_dim': 128, 'conv_kernel_size': 5, 'dropout_prob': 0.1, 'feedforward_hidden_dim': 128, 'hidden_dim': 128, 'input_dim': 128, 'layer_dropout_undecayed_prob': 0.1, 'num_attention_heads': 8, 'num_blocks': 1, 'num_convs_per_block': 2} and extras {'vocab'}
2019-05-24 11:05:56,897 - INFO - allennlp.common.params - model.modeling_layer.input_dim = 128
2019-05-24 11:05:56,897 - INFO - allennlp.common.params - model.modeling_layer.hidden_dim = 128
2019-05-24 11:05:56,897 - INFO - allennlp.common.params - model.modeling_layer.attention_projection_dim = 128
2019-05-24 11:05:56,898 - INFO - allennlp.common.params - model.modeling_layer.feedforward_hidden_dim = 128
2019-05-24 11:05:56,898 - INFO - allennlp.common.params - model.modeling_layer.num_blocks = 1
2019-05-24 11:05:56,898 - INFO - allennlp.common.params - model.modeling_layer.num_convs_per_block = 2
2019-05-24 11:05:56,898 - INFO - allennlp.common.params - model.modeling_layer.conv_kernel_size = 5
2019-05-24 11:05:56,898 - INFO - allennlp.common.params - model.modeling_layer.num_attention_heads = 8
2019-05-24 11:05:56,898 - INFO - allennlp.common.params - model.modeling_layer.use_positional_encoding = True
2019-05-24 11:05:56,898 - INFO - allennlp.common.params - model.modeling_layer.dropout_prob = 0.1
2019-05-24 11:05:56,898 - INFO - allennlp.common.params - model.modeling_layer.layer_dropout_undecayed_prob = 0.1
2019-05-24 11:05:56,898 - INFO - allennlp.common.params - model.modeling_layer.attention_dropout_prob = 0
2019-05-24 11:05:56,901 - INFO - allennlp.common.params - model.dropout_prob = 0.1
2019-05-24 11:05:56,901 - INFO - allennlp.common.params - model.regularizer = [['.*', {'alpha': 1e-07, 'type': 'l2'}]]
2019-05-24 11:05:56,901 - INFO - allennlp.common.params - model.regularizer.0.1.type = l2
2019-05-24 11:05:56,901 - INFO - allennlp.common.params - model.answering_abilities = ['counting']
2019-05-24 11:05:56,905 - INFO - allennlp.nn.initializers - Initializing parameters
2019-05-24 11:05:56,905 - INFO - allennlp.nn.initializers - Done initializing parameters; the following parameters are using their default initialization from their code
2019-05-24 11:05:56,905 - INFO - allennlp.nn.initializers -    _count_number_predictor._linear_layers.0.bias
2019-05-24 11:05:56,905 - INFO - allennlp.nn.initializers -    _count_number_predictor._linear_layers.0.weight
2019-05-24 11:05:56,905 - INFO - allennlp.nn.initializers -    _count_number_predictor._linear_layers.1.bias
2019-05-24 11:05:56,905 - INFO - allennlp.nn.initializers -    _count_number_predictor._linear_layers.1.weight
2019-05-24 11:05:56,905 - INFO - allennlp.nn.initializers -    _embedding_proj_layer.bias
2019-05-24 11:05:56,906 - INFO - allennlp.nn.initializers -    _embedding_proj_layer.weight
2019-05-24 11:05:56,906 - INFO - allennlp.nn.initializers -    _encoding_proj_layer.bias
2019-05-24 11:05:56,906 - INFO - allennlp.nn.initializers -    _encoding_proj_layer.weight
2019-05-24 11:05:56,906 - INFO - allennlp.nn.initializers -    _highway_layer._layers.0.bias
2019-05-24 11:05:56,906 - INFO - allennlp.nn.initializers -    _highway_layer._layers.0.weight
2019-05-24 11:05:56,906 - INFO - allennlp.nn.initializers -    _highway_layer._layers.1.bias
2019-05-24 11:05:56,906 - INFO - allennlp.nn.initializers -    _highway_layer._layers.1.weight
2019-05-24 11:05:56,906 - INFO - allennlp.nn.initializers -    _matrix_attention._bias
2019-05-24 11:05:56,906 - INFO - allennlp.nn.initializers -    _matrix_attention._weight_vector
2019-05-24 11:05:56,906 - INFO - allennlp.nn.initializers -    _modeling_layer.encoder_block_0._conv_layers.0.1.bias
2019-05-24 11:05:56,906 - INFO - allennlp.nn.initializers -    _modeling_layer.encoder_block_0._conv_layers.0.1.weight
2019-05-24 11:05:56,906 - INFO - allennlp.nn.initializers -    _modeling_layer.encoder_block_0._conv_layers.0.2.bias
2019-05-24 11:05:56,906 - INFO - allennlp.nn.initializers -    _modeling_layer.encoder_block_0._conv_layers.0.2.weight
2019-05-24 11:05:56,906 - INFO - allennlp.nn.initializers -    _modeling_layer.encoder_block_0._conv_layers.1.1.bias
2019-05-24 11:05:56,906 - INFO - allennlp.nn.initializers -    _modeling_layer.encoder_block_0._conv_layers.1.1.weight
2019-05-24 11:05:56,906 - INFO - allennlp.nn.initializers -    _modeling_layer.encoder_block_0._conv_layers.1.2.bias
2019-05-24 11:05:56,906 - INFO - allennlp.nn.initializers -    _modeling_layer.encoder_block_0._conv_layers.1.2.weight
2019-05-24 11:05:56,907 - INFO - allennlp.nn.initializers -    _modeling_layer.encoder_block_0._conv_norm_layers.0.bias
2019-05-24 11:05:56,907 - INFO - allennlp.nn.initializers -    _modeling_layer.encoder_block_0._conv_norm_layers.0.weight
2019-05-24 11:05:56,907 - INFO - allennlp.nn.initializers -    _modeling_layer.encoder_block_0._conv_norm_layers.1.bias
2019-05-24 11:05:56,907 - INFO - allennlp.nn.initializers -    _modeling_layer.encoder_block_0._conv_norm_layers.1.weight
2019-05-24 11:05:56,907 - INFO - allennlp.nn.initializers -    _modeling_layer.encoder_block_0.attention_layer._combined_projection.bias
2019-05-24 11:05:56,907 - INFO - allennlp.nn.initializers -    _modeling_layer.encoder_block_0.attention_layer._combined_projection.weight
2019-05-24 11:05:56,907 - INFO - allennlp.nn.initializers -    _modeling_layer.encoder_block_0.attention_layer._output_projection.bias
2019-05-24 11:05:56,907 - INFO - allennlp.nn.initializers -    _modeling_layer.encoder_block_0.attention_layer._output_projection.weight
2019-05-24 11:05:56,907 - INFO - allennlp.nn.initializers -    _modeling_layer.encoder_block_0.attention_norm_layer.bias
2019-05-24 11:05:56,907 - INFO - allennlp.nn.initializers -    _modeling_layer.encoder_block_0.attention_norm_layer.weight
2019-05-24 11:05:56,907 - INFO - allennlp.nn.initializers -    _modeling_layer.encoder_block_0.feedforward._linear_layers.0.bias
2019-05-24 11:05:56,907 - INFO - allennlp.nn.initializers -    _modeling_layer.encoder_block_0.feedforward._linear_layers.0.weight
2019-05-24 11:05:56,907 - INFO - allennlp.nn.initializers -    _modeling_layer.encoder_block_0.feedforward._linear_layers.1.bias
2019-05-24 11:05:56,907 - INFO - allennlp.nn.initializers -    _modeling_layer.encoder_block_0.feedforward._linear_layers.1.weight
2019-05-24 11:05:56,907 - INFO - allennlp.nn.initializers -    _modeling_layer.encoder_block_0.feedforward_norm_layer.bias
2019-05-24 11:05:56,907 - INFO - allennlp.nn.initializers -    _modeling_layer.encoder_block_0.feedforward_norm_layer.weight
2019-05-24 11:05:56,907 - INFO - allennlp.nn.initializers -    _modeling_proj_layer.bias
2019-05-24 11:05:56,908 - INFO - allennlp.nn.initializers -    _modeling_proj_layer.weight
2019-05-24 11:05:56,908 - INFO - allennlp.nn.initializers -    _passage_weights_predictor.bias
2019-05-24 11:05:56,908 - INFO - allennlp.nn.initializers -    _passage_weights_predictor.weight
2019-05-24 11:05:56,908 - INFO - allennlp.nn.initializers -    _phrase_layer.encoder_block_0._conv_layers.0.1.bias
2019-05-24 11:05:56,908 - INFO - allennlp.nn.initializers -    _phrase_layer.encoder_block_0._conv_layers.0.1.weight
2019-05-24 11:05:56,908 - INFO - allennlp.nn.initializers -    _phrase_layer.encoder_block_0._conv_layers.0.2.bias
2019-05-24 11:05:56,908 - INFO - allennlp.nn.initializers -    _phrase_layer.encoder_block_0._conv_layers.0.2.weight
2019-05-24 11:05:56,908 - INFO - allennlp.nn.initializers -    _phrase_layer.encoder_block_0._conv_layers.1.1.bias
2019-05-24 11:05:56,908 - INFO - allennlp.nn.initializers -    _phrase_layer.encoder_block_0._conv_layers.1.1.weight
2019-05-24 11:05:56,908 - INFO - allennlp.nn.initializers -    _phrase_layer.encoder_block_0._conv_layers.1.2.bias
2019-05-24 11:05:56,908 - INFO - allennlp.nn.initializers -    _phrase_layer.encoder_block_0._conv_layers.1.2.weight
2019-05-24 11:05:56,908 - INFO - allennlp.nn.initializers -    _phrase_layer.encoder_block_0._conv_layers.2.1.bias
2019-05-24 11:05:56,908 - INFO - allennlp.nn.initializers -    _phrase_layer.encoder_block_0._conv_layers.2.1.weight
2019-05-24 11:05:56,908 - INFO - allennlp.nn.initializers -    _phrase_layer.encoder_block_0._conv_layers.2.2.bias
2019-05-24 11:05:56,908 - INFO - allennlp.nn.initializers -    _phrase_layer.encoder_block_0._conv_layers.2.2.weight
2019-05-24 11:05:56,908 - INFO - allennlp.nn.initializers -    _phrase_layer.encoder_block_0._conv_layers.3.1.bias
2019-05-24 11:05:56,908 - INFO - allennlp.nn.initializers -    _phrase_layer.encoder_block_0._conv_layers.3.1.weight
2019-05-24 11:05:56,909 - INFO - allennlp.nn.initializers -    _phrase_layer.encoder_block_0._conv_layers.3.2.bias
2019-05-24 11:05:56,909 - INFO - allennlp.nn.initializers -    _phrase_layer.encoder_block_0._conv_layers.3.2.weight
2019-05-24 11:05:56,909 - INFO - allennlp.nn.initializers -    _phrase_layer.encoder_block_0._conv_norm_layers.0.bias
2019-05-24 11:05:56,909 - INFO - allennlp.nn.initializers -    _phrase_layer.encoder_block_0._conv_norm_layers.0.weight
2019-05-24 11:05:56,909 - INFO - allennlp.nn.initializers -    _phrase_layer.encoder_block_0._conv_norm_layers.1.bias
2019-05-24 11:05:56,909 - INFO - allennlp.nn.initializers -    _phrase_layer.encoder_block_0._conv_norm_layers.1.weight
2019-05-24 11:05:56,909 - INFO - allennlp.nn.initializers -    _phrase_layer.encoder_block_0._conv_norm_layers.2.bias
2019-05-24 11:05:56,909 - INFO - allennlp.nn.initializers -    _phrase_layer.encoder_block_0._conv_norm_layers.2.weight
2019-05-24 11:05:56,909 - INFO - allennlp.nn.initializers -    _phrase_layer.encoder_block_0._conv_norm_layers.3.bias
2019-05-24 11:05:56,909 - INFO - allennlp.nn.initializers -    _phrase_layer.encoder_block_0._conv_norm_layers.3.weight
2019-05-24 11:05:56,909 - INFO - allennlp.nn.initializers -    _phrase_layer.encoder_block_0.attention_layer._combined_projection.bias
2019-05-24 11:05:56,909 - INFO - allennlp.nn.initializers -    _phrase_layer.encoder_block_0.attention_layer._combined_projection.weight
2019-05-24 11:05:56,909 - INFO - allennlp.nn.initializers -    _phrase_layer.encoder_block_0.attention_layer._output_projection.bias
2019-05-24 11:05:56,909 - INFO - allennlp.nn.initializers -    _phrase_layer.encoder_block_0.attention_layer._output_projection.weight
2019-05-24 11:05:56,909 - INFO - allennlp.nn.initializers -    _phrase_layer.encoder_block_0.attention_norm_layer.bias
2019-05-24 11:05:56,909 - INFO - allennlp.nn.initializers -    _phrase_layer.encoder_block_0.attention_norm_layer.weight
2019-05-24 11:05:56,909 - INFO - allennlp.nn.initializers -    _phrase_layer.encoder_block_0.feedforward._linear_layers.0.bias
2019-05-24 11:05:56,909 - INFO - allennlp.nn.initializers -    _phrase_layer.encoder_block_0.feedforward._linear_layers.0.weight
2019-05-24 11:05:56,910 - INFO - allennlp.nn.initializers -    _phrase_layer.encoder_block_0.feedforward._linear_layers.1.bias
2019-05-24 11:05:56,910 - INFO - allennlp.nn.initializers -    _phrase_layer.encoder_block_0.feedforward._linear_layers.1.weight
2019-05-24 11:05:56,910 - INFO - allennlp.nn.initializers -    _phrase_layer.encoder_block_0.feedforward_norm_layer.bias
2019-05-24 11:05:56,910 - INFO - allennlp.nn.initializers -    _phrase_layer.encoder_block_0.feedforward_norm_layer.weight
2019-05-24 11:05:56,910 - INFO - allennlp.nn.initializers -    _question_weights_predictor.bias
2019-05-24 11:05:56,910 - INFO - allennlp.nn.initializers -    _question_weights_predictor.weight
2019-05-24 11:05:56,910 - INFO - allennlp.nn.initializers -    _text_field_embedder.token_embedder_token_characters._embedding._module.weight
2019-05-24 11:05:56,910 - INFO - allennlp.nn.initializers -    _text_field_embedder.token_embedder_token_characters._encoder._module.conv_layer_0.bias
2019-05-24 11:05:56,910 - INFO - allennlp.nn.initializers -    _text_field_embedder.token_embedder_token_characters._encoder._module.conv_layer_0.weight
2019-05-24 11:05:56,910 - INFO - allennlp.nn.initializers -    _text_field_embedder.token_embedder_tokens.weight
2019-05-24 11:05:57,035 - INFO - allennlp.common.from_params - instantiating class <class 'allennlp.data.iterators.data_iterator.DataIterator'> from params {'batch_size': 16, 'max_instances_in_memory': 600, 'sorting_keys': [['passage', 'num_tokens'], ['question', 'num_tokens']], 'type': 'bucket'} and extras set()
2019-05-24 11:05:57,035 - INFO - allennlp.common.params - iterator.type = bucket
2019-05-24 11:05:57,035 - INFO - allennlp.common.from_params - instantiating class <class 'allennlp.data.iterators.bucket_iterator.BucketIterator'> from params {'batch_size': 16, 'max_instances_in_memory': 600, 'sorting_keys': [['passage', 'num_tokens'], ['question', 'num_tokens']]} and extras set()
2019-05-24 11:05:57,035 - INFO - allennlp.common.params - iterator.sorting_keys = [['passage', 'num_tokens'], ['question', 'num_tokens']]
2019-05-24 11:05:57,035 - INFO - allennlp.common.params - iterator.padding_noise = 0.1
2019-05-24 11:05:57,036 - INFO - allennlp.common.params - iterator.biggest_batch_first = False
2019-05-24 11:05:57,036 - INFO - allennlp.common.params - iterator.batch_size = 16
2019-05-24 11:05:57,036 - INFO - allennlp.common.params - iterator.instances_per_epoch = None
2019-05-24 11:05:57,036 - INFO - allennlp.common.params - iterator.max_instances_in_memory = 600
2019-05-24 11:05:57,036 - INFO - allennlp.common.params - iterator.cache_instances = False
2019-05-24 11:05:57,036 - INFO - allennlp.common.params - iterator.track_epoch = False
2019-05-24 11:05:57,036 - INFO - allennlp.common.params - iterator.maximum_samples_per_batch = None
2019-05-24 11:05:57,036 - INFO - allennlp.common.params - validation_iterator = None
2019-05-24 11:05:57,036 - INFO - allennlp.common.params - trainer.no_grad = ()
2019-05-24 11:05:57,037 - INFO - allennlp.training.trainer - Following parameters are Frozen  (without gradient):
2019-05-24 11:05:57,037 - INFO - allennlp.training.trainer - _text_field_embedder.token_embedder_tokens.weight
2019-05-24 11:05:57,037 - INFO - allennlp.training.trainer - Following parameters are Tunable (with gradient):
2019-05-24 11:05:57,037 - INFO - allennlp.training.trainer - _text_field_embedder.token_embedder_token_characters._embedding._module.weight
2019-05-24 11:05:57,037 - INFO - allennlp.training.trainer - _text_field_embedder.token_embedder_token_characters._encoder._module.conv_layer_0.weight
2019-05-24 11:05:57,037 - INFO - allennlp.training.trainer - _text_field_embedder.token_embedder_token_characters._encoder._module.conv_layer_0.bias
2019-05-24 11:05:57,037 - INFO - allennlp.training.trainer - _embedding_proj_layer.weight
2019-05-24 11:05:57,037 - INFO - allennlp.training.trainer - _embedding_proj_layer.bias
2019-05-24 11:05:57,037 - INFO - allennlp.training.trainer - _highway_layer._layers.0.weight
2019-05-24 11:05:57,037 - INFO - allennlp.training.trainer - _highway_layer._layers.0.bias
2019-05-24 11:05:57,038 - INFO - allennlp.training.trainer - _highway_layer._layers.1.weight
2019-05-24 11:05:57,038 - INFO - allennlp.training.trainer - _highway_layer._layers.1.bias
2019-05-24 11:05:57,038 - INFO - allennlp.training.trainer - _encoding_proj_layer.weight
2019-05-24 11:05:57,038 - INFO - allennlp.training.trainer - _encoding_proj_layer.bias
2019-05-24 11:05:57,038 - INFO - allennlp.training.trainer - _phrase_layer.encoder_block_0._conv_norm_layers.0.weight
2019-05-24 11:05:57,038 - INFO - allennlp.training.trainer - _phrase_layer.encoder_block_0._conv_norm_layers.0.bias
2019-05-24 11:05:57,038 - INFO - allennlp.training.trainer - _phrase_layer.encoder_block_0._conv_norm_layers.1.weight
2019-05-24 11:05:57,038 - INFO - allennlp.training.trainer - _phrase_layer.encoder_block_0._conv_norm_layers.1.bias
2019-05-24 11:05:57,038 - INFO - allennlp.training.trainer - _phrase_layer.encoder_block_0._conv_norm_layers.2.weight
2019-05-24 11:05:57,038 - INFO - allennlp.training.trainer - _phrase_layer.encoder_block_0._conv_norm_layers.2.bias
2019-05-24 11:05:57,038 - INFO - allennlp.training.trainer - _phrase_layer.encoder_block_0._conv_norm_layers.3.weight
2019-05-24 11:05:57,038 - INFO - allennlp.training.trainer - _phrase_layer.encoder_block_0._conv_norm_layers.3.bias
2019-05-24 11:05:57,038 - INFO - allennlp.training.trainer - _phrase_layer.encoder_block_0._conv_layers.0.1.weight
2019-05-24 11:05:57,038 - INFO - allennlp.training.trainer - _phrase_layer.encoder_block_0._conv_layers.0.1.bias
2019-05-24 11:05:57,038 - INFO - allennlp.training.trainer - _phrase_layer.encoder_block_0._conv_layers.0.2.weight
2019-05-24 11:05:57,038 - INFO - allennlp.training.trainer - _phrase_layer.encoder_block_0._conv_layers.0.2.bias
2019-05-24 11:05:57,038 - INFO - allennlp.training.trainer - _phrase_layer.encoder_block_0._conv_layers.1.1.weight
2019-05-24 11:05:57,039 - INFO - allennlp.training.trainer - _phrase_layer.encoder_block_0._conv_layers.1.1.bias
2019-05-24 11:05:57,039 - INFO - allennlp.training.trainer - _phrase_layer.encoder_block_0._conv_layers.1.2.weight
2019-05-24 11:05:57,039 - INFO - allennlp.training.trainer - _phrase_layer.encoder_block_0._conv_layers.1.2.bias
2019-05-24 11:05:57,039 - INFO - allennlp.training.trainer - _phrase_layer.encoder_block_0._conv_layers.2.1.weight
2019-05-24 11:05:57,039 - INFO - allennlp.training.trainer - _phrase_layer.encoder_block_0._conv_layers.2.1.bias
2019-05-24 11:05:57,039 - INFO - allennlp.training.trainer - _phrase_layer.encoder_block_0._conv_layers.2.2.weight
2019-05-24 11:05:57,039 - INFO - allennlp.training.trainer - _phrase_layer.encoder_block_0._conv_layers.2.2.bias
2019-05-24 11:05:57,039 - INFO - allennlp.training.trainer - _phrase_layer.encoder_block_0._conv_layers.3.1.weight
2019-05-24 11:05:57,039 - INFO - allennlp.training.trainer - _phrase_layer.encoder_block_0._conv_layers.3.1.bias
2019-05-24 11:05:57,039 - INFO - allennlp.training.trainer - _phrase_layer.encoder_block_0._conv_layers.3.2.weight
2019-05-24 11:05:57,039 - INFO - allennlp.training.trainer - _phrase_layer.encoder_block_0._conv_layers.3.2.bias
2019-05-24 11:05:57,039 - INFO - allennlp.training.trainer - _phrase_layer.encoder_block_0.attention_norm_layer.weight
2019-05-24 11:05:57,039 - INFO - allennlp.training.trainer - _phrase_layer.encoder_block_0.attention_norm_layer.bias
2019-05-24 11:05:57,039 - INFO - allennlp.training.trainer - _phrase_layer.encoder_block_0.attention_layer._combined_projection.weight
2019-05-24 11:05:57,039 - INFO - allennlp.training.trainer - _phrase_layer.encoder_block_0.attention_layer._combined_projection.bias
2019-05-24 11:05:57,039 - INFO - allennlp.training.trainer - _phrase_layer.encoder_block_0.attention_layer._output_projection.weight
2019-05-24 11:05:57,039 - INFO - allennlp.training.trainer - _phrase_layer.encoder_block_0.attention_layer._output_projection.bias
2019-05-24 11:05:57,040 - INFO - allennlp.training.trainer - _phrase_layer.encoder_block_0.feedforward_norm_layer.weight
2019-05-24 11:05:57,040 - INFO - allennlp.training.trainer - _phrase_layer.encoder_block_0.feedforward_norm_layer.bias
2019-05-24 11:05:57,040 - INFO - allennlp.training.trainer - _phrase_layer.encoder_block_0.feedforward._linear_layers.0.weight
2019-05-24 11:05:57,040 - INFO - allennlp.training.trainer - _phrase_layer.encoder_block_0.feedforward._linear_layers.0.bias
2019-05-24 11:05:57,040 - INFO - allennlp.training.trainer - _phrase_layer.encoder_block_0.feedforward._linear_layers.1.weight
2019-05-24 11:05:57,040 - INFO - allennlp.training.trainer - _phrase_layer.encoder_block_0.feedforward._linear_layers.1.bias
2019-05-24 11:05:57,040 - INFO - allennlp.training.trainer - _matrix_attention._weight_vector
2019-05-24 11:05:57,040 - INFO - allennlp.training.trainer - _matrix_attention._bias
2019-05-24 11:05:57,040 - INFO - allennlp.training.trainer - _modeling_proj_layer.weight
2019-05-24 11:05:57,040 - INFO - allennlp.training.trainer - _modeling_proj_layer.bias
2019-05-24 11:05:57,040 - INFO - allennlp.training.trainer - _modeling_layer.encoder_block_0._conv_norm_layers.0.weight
2019-05-24 11:05:57,040 - INFO - allennlp.training.trainer - _modeling_layer.encoder_block_0._conv_norm_layers.0.bias
2019-05-24 11:05:57,040 - INFO - allennlp.training.trainer - _modeling_layer.encoder_block_0._conv_norm_layers.1.weight
2019-05-24 11:05:57,040 - INFO - allennlp.training.trainer - _modeling_layer.encoder_block_0._conv_norm_layers.1.bias
2019-05-24 11:05:57,040 - INFO - allennlp.training.trainer - _modeling_layer.encoder_block_0._conv_layers.0.1.weight
2019-05-24 11:05:57,040 - INFO - allennlp.training.trainer - _modeling_layer.encoder_block_0._conv_layers.0.1.bias
2019-05-24 11:05:57,040 - INFO - allennlp.training.trainer - _modeling_layer.encoder_block_0._conv_layers.0.2.weight
2019-05-24 11:05:57,041 - INFO - allennlp.training.trainer - _modeling_layer.encoder_block_0._conv_layers.0.2.bias
2019-05-24 11:05:57,041 - INFO - allennlp.training.trainer - _modeling_layer.encoder_block_0._conv_layers.1.1.weight
2019-05-24 11:05:57,041 - INFO - allennlp.training.trainer - _modeling_layer.encoder_block_0._conv_layers.1.1.bias
2019-05-24 11:05:57,041 - INFO - allennlp.training.trainer - _modeling_layer.encoder_block_0._conv_layers.1.2.weight
2019-05-24 11:05:57,041 - INFO - allennlp.training.trainer - _modeling_layer.encoder_block_0._conv_layers.1.2.bias
2019-05-24 11:05:57,041 - INFO - allennlp.training.trainer - _modeling_layer.encoder_block_0.attention_norm_layer.weight
2019-05-24 11:05:57,041 - INFO - allennlp.training.trainer - _modeling_layer.encoder_block_0.attention_norm_layer.bias
2019-05-24 11:05:57,041 - INFO - allennlp.training.trainer - _modeling_layer.encoder_block_0.attention_layer._combined_projection.weight
2019-05-24 11:05:57,041 - INFO - allennlp.training.trainer - _modeling_layer.encoder_block_0.attention_layer._combined_projection.bias
2019-05-24 11:05:57,041 - INFO - allennlp.training.trainer - _modeling_layer.encoder_block_0.attention_layer._output_projection.weight
2019-05-24 11:05:57,041 - INFO - allennlp.training.trainer - _modeling_layer.encoder_block_0.attention_layer._output_projection.bias
2019-05-24 11:05:57,041 - INFO - allennlp.training.trainer - _modeling_layer.encoder_block_0.feedforward_norm_layer.weight
2019-05-24 11:05:57,041 - INFO - allennlp.training.trainer - _modeling_layer.encoder_block_0.feedforward_norm_layer.bias
2019-05-24 11:05:57,041 - INFO - allennlp.training.trainer - _modeling_layer.encoder_block_0.feedforward._linear_layers.0.weight
2019-05-24 11:05:57,041 - INFO - allennlp.training.trainer - _modeling_layer.encoder_block_0.feedforward._linear_layers.0.bias
2019-05-24 11:05:57,041 - INFO - allennlp.training.trainer - _modeling_layer.encoder_block_0.feedforward._linear_layers.1.weight
2019-05-24 11:05:57,041 - INFO - allennlp.training.trainer - _modeling_layer.encoder_block_0.feedforward._linear_layers.1.bias
2019-05-24 11:05:57,042 - INFO - allennlp.training.trainer - _passage_weights_predictor.weight
2019-05-24 11:05:57,042 - INFO - allennlp.training.trainer - _passage_weights_predictor.bias
2019-05-24 11:05:57,042 - INFO - allennlp.training.trainer - _question_weights_predictor.weight
2019-05-24 11:05:57,042 - INFO - allennlp.training.trainer - _question_weights_predictor.bias
2019-05-24 11:05:57,042 - INFO - allennlp.training.trainer - _count_number_predictor._linear_layers.0.weight
2019-05-24 11:05:57,042 - INFO - allennlp.training.trainer - _count_number_predictor._linear_layers.0.bias
2019-05-24 11:05:57,042 - INFO - allennlp.training.trainer - _count_number_predictor._linear_layers.1.weight
2019-05-24 11:05:57,042 - INFO - allennlp.training.trainer - _count_number_predictor._linear_layers.1.bias
2019-05-24 11:05:57,042 - INFO - allennlp.common.params - trainer.patience = 10
2019-05-24 11:05:57,042 - INFO - allennlp.common.params - trainer.validation_metric = +f1
2019-05-24 11:05:57,042 - INFO - allennlp.common.params - trainer.shuffle = True
2019-05-24 11:05:57,042 - INFO - allennlp.common.params - trainer.num_epochs = 10
2019-05-24 11:05:57,042 - INFO - allennlp.common.params - trainer.cuda_device = 0
2019-05-24 11:05:57,042 - INFO - allennlp.common.params - trainer.grad_norm = 5
2019-05-24 11:05:57,042 - INFO - allennlp.common.params - trainer.grad_clipping = None
2019-05-24 11:05:57,042 - INFO - allennlp.common.params - trainer.learning_rate_scheduler = None
2019-05-24 11:05:57,043 - INFO - allennlp.common.params - trainer.momentum_scheduler = None
2019-05-24 11:06:04,021 - INFO - allennlp.common.params - trainer.optimizer.type = adam
2019-05-24 11:06:04,022 - INFO - allennlp.common.params - trainer.optimizer.parameter_groups = None
2019-05-24 11:06:04,022 - INFO - allennlp.training.optimizers - Number of trainable parameters: 670477
2019-05-24 11:06:04,022 - INFO - allennlp.common.params - trainer.optimizer.infer_type_and_cast = True
2019-05-24 11:06:04,022 - INFO - allennlp.common.params - Converting Params object to dict; logging of default values will not occur when dictionary parameters are used subsequently.
2019-05-24 11:06:04,022 - INFO - allennlp.common.params - CURRENTLY DEFINED PARAMETERS: 
2019-05-24 11:06:04,022 - INFO - allennlp.common.params - trainer.optimizer.betas = [0.8, 0.999]
2019-05-24 11:06:04,023 - INFO - allennlp.common.params - trainer.optimizer.eps = 1e-07
2019-05-24 11:06:04,023 - INFO - allennlp.common.params - trainer.optimizer.lr = 0.0005
2019-05-24 11:06:04,023 - INFO - allennlp.common.from_params - instantiating class <class 'allennlp.training.moving_average.MovingAverage'> from params {'decay': 0.9999, 'type': 'exponential'} and extras {'parameters'}
2019-05-24 11:06:04,023 - INFO - allennlp.common.params - trainer.moving_average.type = exponential
2019-05-24 11:06:04,023 - INFO - allennlp.common.from_params - instantiating class <class 'allennlp.training.moving_average.ExponentialMovingAverage'> from params {'decay': 0.9999} and extras {'parameters'}
2019-05-24 11:06:04,023 - INFO - allennlp.common.params - trainer.moving_average.decay = 0.9999
2019-05-24 11:06:04,023 - INFO - allennlp.common.params - trainer.moving_average.numerator = 1.0
2019-05-24 11:06:04,023 - INFO - allennlp.common.params - trainer.moving_average.denominator = 10.0
2019-05-24 11:06:04,027 - INFO - allennlp.common.params - trainer.num_serialized_models_to_keep = 1
2019-05-24 11:06:04,027 - INFO - allennlp.common.params - trainer.keep_serialized_model_every_num_seconds = None
2019-05-24 11:06:04,027 - INFO - allennlp.common.params - trainer.model_save_interval = None
2019-05-24 11:06:04,027 - INFO - allennlp.common.params - trainer.summary_interval = 100
2019-05-24 11:06:04,027 - INFO - allennlp.common.params - trainer.histogram_interval = None
2019-05-24 11:06:04,028 - INFO - allennlp.common.params - trainer.should_log_parameter_statistics = True
2019-05-24 11:06:04,028 - INFO - allennlp.common.params - trainer.should_log_learning_rate = False
2019-05-24 11:06:04,028 - INFO - allennlp.common.params - trainer.log_batch_size_period = None
2019-05-24 11:06:04,036 - INFO - allennlp.training.trainer - Beginning training.
2019-05-24 11:06:04,037 - INFO - allennlp.training.trainer - Epoch 0/9
2019-05-24 11:06:04,037 - INFO - allennlp.training.trainer - Peak CPU memory usage MB: 5332.912
2019-05-24 11:06:04,124 - INFO - allennlp.training.trainer - GPU 0 memory usage MB: 802
2019-05-24 11:06:04,125 - INFO - allennlp.training.trainer - Training
2019-05-24 11:20:32,254 - INFO - allennlp.training.trainer - Validating
2019-05-24 11:21:24,296 - INFO - allennlp.training.tensorboard_writer -                     Training |  Validation
2019-05-24 11:21:24,297 - INFO - allennlp.training.tensorboard_writer - loss            |    30.151  |   137.600
2019-05-24 11:21:24,297 - INFO - allennlp.training.tensorboard_writer - gpu_0_memory_MB |   802.000  |       N/A
2019-05-24 11:21:24,298 - INFO - allennlp.training.tensorboard_writer - em              |     0.016  |     0.020
2019-05-24 11:21:24,298 - INFO - allennlp.training.tensorboard_writer - f1              |     0.017  |     0.020
2019-05-24 11:21:24,298 - INFO - allennlp.training.tensorboard_writer - cpu_memory_MB   |  5332.912  |       N/A
2019-05-24 11:21:24,994 - INFO - allennlp.training.checkpointer - Best validation performance so far. Copying weights to 'out/counting_counting_only/best.th'.
2019-05-24 11:21:25,559 - INFO - allennlp.training.trainer - Epoch duration: 00:15:21
2019-05-24 11:21:25,560 - INFO - allennlp.training.trainer - Estimated training time remaining: 2:18:13
2019-05-24 11:21:25,560 - INFO - allennlp.training.trainer - Epoch 1/9
2019-05-24 11:21:25,560 - INFO - allennlp.training.trainer - Peak CPU memory usage MB: 7247.772
2019-05-24 11:21:25,683 - INFO - allennlp.training.trainer - GPU 0 memory usage MB: 4108
2019-05-24 11:21:25,685 - INFO - allennlp.training.trainer - Training
2019-05-24 11:34:00,363 - INFO - allennlp.training.trainer - Validating
2019-05-24 11:34:35,093 - INFO - allennlp.training.tensorboard_writer -                     Training |  Validation
2019-05-24 11:34:35,094 - INFO - allennlp.training.tensorboard_writer - loss            |    24.966  |   138.039
2019-05-24 11:34:35,094 - INFO - allennlp.training.tensorboard_writer - gpu_0_memory_MB |  4108.000  |       N/A
2019-05-24 11:34:35,094 - INFO - allennlp.training.tensorboard_writer - em              |     0.017  |     0.024
2019-05-24 11:34:35,095 - INFO - allennlp.training.tensorboard_writer - f1              |     0.017  |     0.024
2019-05-24 11:34:35,095 - INFO - allennlp.training.tensorboard_writer - cpu_memory_MB   |  7247.772  |       N/A
2019-05-24 11:34:35,703 - INFO - allennlp.training.checkpointer - Best validation performance so far. Copying weights to 'out/counting_counting_only/best.th'.
2019-05-24 11:34:36,759 - INFO - allennlp.training.trainer - Epoch duration: 00:13:11
2019-05-24 11:34:36,759 - INFO - allennlp.training.trainer - Estimated training time remaining: 1:54:10
2019-05-24 11:34:36,759 - INFO - allennlp.training.trainer - Epoch 2/9
2019-05-24 11:34:36,759 - INFO - allennlp.training.trainer - Peak CPU memory usage MB: 7250.628
2019-05-24 11:34:36,893 - INFO - allennlp.training.trainer - GPU 0 memory usage MB: 4108
2019-05-24 11:34:36,895 - INFO - allennlp.training.trainer - Training
2019-05-24 11:47:12,171 - INFO - allennlp.training.trainer - Validating
2019-05-24 11:47:46,634 - INFO - allennlp.training.tensorboard_writer -                     Training |  Validation
2019-05-24 11:47:46,635 - INFO - allennlp.training.tensorboard_writer - loss            |    24.865  |   139.288
2019-05-24 11:47:46,635 - INFO - allennlp.training.tensorboard_writer - gpu_0_memory_MB |  4108.000  |       N/A
2019-05-24 11:47:46,635 - INFO - allennlp.training.tensorboard_writer - em              |     0.016  |     0.021
2019-05-24 11:47:46,635 - INFO - allennlp.training.tensorboard_writer - f1              |     0.017  |     0.021
2019-05-24 11:47:46,636 - INFO - allennlp.training.tensorboard_writer - cpu_memory_MB   |  7250.628  |       N/A
2019-05-24 11:47:47,522 - INFO - allennlp.training.trainer - Epoch duration: 00:13:10
2019-05-24 11:47:47,523 - INFO - allennlp.training.trainer - Estimated training time remaining: 1:37:21
2019-05-24 11:47:47,523 - INFO - allennlp.training.trainer - Epoch 3/9
2019-05-24 11:47:47,523 - INFO - allennlp.training.trainer - Peak CPU memory usage MB: 7251.136
2019-05-24 11:47:47,650 - INFO - allennlp.training.trainer - GPU 0 memory usage MB: 4108
2019-05-24 11:47:47,652 - INFO - allennlp.training.trainer - Training
2019-05-24 12:00:26,641 - INFO - allennlp.training.trainer - Validating
2019-05-24 12:01:01,189 - INFO - allennlp.training.tensorboard_writer -                     Training |  Validation
2019-05-24 12:01:01,189 - INFO - allennlp.training.tensorboard_writer - loss            |    25.034  |   142.181
2019-05-24 12:01:01,190 - INFO - allennlp.training.tensorboard_writer - gpu_0_memory_MB |  4108.000  |       N/A
2019-05-24 12:01:01,190 - INFO - allennlp.training.tensorboard_writer - em              |     0.016  |     0.025
2019-05-24 12:01:01,190 - INFO - allennlp.training.tensorboard_writer - f1              |     0.017  |     0.025
2019-05-24 12:01:01,190 - INFO - allennlp.training.tensorboard_writer - cpu_memory_MB   |  7251.136  |       N/A
2019-05-24 12:01:01,820 - INFO - allennlp.training.checkpointer - Best validation performance so far. Copying weights to 'out/counting_counting_only/best.th'.
2019-05-24 12:01:02,546 - INFO - allennlp.training.trainer - Epoch duration: 00:13:15
2019-05-24 12:01:02,547 - INFO - allennlp.training.trainer - Estimated training time remaining: 1:22:27
2019-05-24 12:01:02,547 - INFO - allennlp.training.trainer - Epoch 4/9
2019-05-24 12:01:02,547 - INFO - allennlp.training.trainer - Peak CPU memory usage MB: 7251.2
2019-05-24 12:01:02,652 - INFO - allennlp.training.trainer - GPU 0 memory usage MB: 4108
2019-05-24 12:01:02,655 - INFO - allennlp.training.trainer - Training
2019-05-24 12:13:37,545 - INFO - allennlp.training.trainer - Validating
2019-05-24 12:14:11,973 - INFO - allennlp.training.tensorboard_writer -                     Training |  Validation
2019-05-24 12:14:11,974 - INFO - allennlp.training.tensorboard_writer - loss            |    25.208  |   144.342
2019-05-24 12:14:11,975 - INFO - allennlp.training.tensorboard_writer - gpu_0_memory_MB |  4108.000  |       N/A
2019-05-24 12:14:11,975 - INFO - allennlp.training.tensorboard_writer - em              |     0.016  |     0.023
2019-05-24 12:14:11,975 - INFO - allennlp.training.tensorboard_writer - f1              |     0.016  |     0.023
2019-05-24 12:14:11,976 - INFO - allennlp.training.tensorboard_writer - cpu_memory_MB   |  7251.200  |       N/A
2019-05-24 12:14:12,630 - INFO - allennlp.training.trainer - Epoch duration: 00:13:10
2019-05-24 12:14:12,630 - INFO - allennlp.training.trainer - Estimated training time remaining: 1:08:08
2019-05-24 12:14:12,630 - INFO - allennlp.training.trainer - Epoch 5/9
2019-05-24 12:14:12,630 - INFO - allennlp.training.trainer - Peak CPU memory usage MB: 7251.388
2019-05-24 12:14:12,717 - INFO - allennlp.training.trainer - GPU 0 memory usage MB: 4108
2019-05-24 12:14:12,718 - INFO - allennlp.training.trainer - Training
2019-05-24 12:26:40,367 - INFO - allennlp.training.trainer - Validating
2019-05-24 12:27:14,957 - INFO - allennlp.training.tensorboard_writer -                     Training |  Validation
2019-05-24 12:27:14,958 - INFO - allennlp.training.tensorboard_writer - loss            |    24.883  |   147.613
2019-05-24 12:27:14,959 - INFO - allennlp.training.tensorboard_writer - gpu_0_memory_MB |  4108.000  |       N/A
2019-05-24 12:27:14,959 - INFO - allennlp.training.tensorboard_writer - em              |     0.017  |     0.021
2019-05-24 12:27:14,960 - INFO - allennlp.training.tensorboard_writer - f1              |     0.017  |     0.022
2019-05-24 12:27:14,960 - INFO - allennlp.training.tensorboard_writer - cpu_memory_MB   |  7251.388  |       N/A
2019-05-24 12:27:15,645 - INFO - allennlp.training.trainer - Epoch duration: 00:13:03
2019-05-24 12:27:15,645 - INFO - allennlp.training.trainer - Estimated training time remaining: 0:54:07
2019-05-24 12:27:15,645 - INFO - allennlp.training.trainer - Epoch 6/9
2019-05-24 12:27:15,645 - INFO - allennlp.training.trainer - Peak CPU memory usage MB: 7251.388
2019-05-24 12:27:15,730 - INFO - allennlp.training.trainer - GPU 0 memory usage MB: 4108
2019-05-24 12:27:15,733 - INFO - allennlp.training.trainer - Training
2019-05-24 12:39:44,911 - INFO - allennlp.training.trainer - Validating
2019-05-24 12:40:19,316 - INFO - allennlp.training.tensorboard_writer -                     Training |  Validation
2019-05-24 12:40:19,316 - INFO - allennlp.training.tensorboard_writer - loss            |    25.071  |   141.590
2019-05-24 12:40:19,316 - INFO - allennlp.training.tensorboard_writer - gpu_0_memory_MB |  4108.000  |       N/A
2019-05-24 12:40:19,316 - INFO - allennlp.training.tensorboard_writer - em              |     0.017  |     0.022
2019-05-24 12:40:19,316 - INFO - allennlp.training.tensorboard_writer - f1              |     0.017  |     0.023
2019-05-24 12:40:19,317 - INFO - allennlp.training.tensorboard_writer - cpu_memory_MB   |  7251.388  |       N/A
2019-05-24 12:40:20,132 - INFO - allennlp.training.trainer - Epoch duration: 00:13:04
2019-05-24 12:40:20,132 - INFO - allennlp.training.trainer - Estimated training time remaining: 0:40:24
2019-05-24 12:40:20,132 - INFO - allennlp.training.trainer - Epoch 7/9
2019-05-24 12:40:20,132 - INFO - allennlp.training.trainer - Peak CPU memory usage MB: 7251.388
2019-05-24 12:40:20,206 - INFO - allennlp.training.trainer - GPU 0 memory usage MB: 4111
2019-05-24 12:40:20,208 - INFO - allennlp.training.trainer - Training
2019-05-24 12:52:54,802 - INFO - allennlp.training.trainer - Validating
2019-05-24 12:53:31,123 - INFO - allennlp.training.tensorboard_writer -                     Training |  Validation
2019-05-24 12:53:31,124 - INFO - allennlp.training.tensorboard_writer - loss            |    25.174  |   140.494
2019-05-24 12:53:31,124 - INFO - allennlp.training.tensorboard_writer - gpu_0_memory_MB |  4111.000  |       N/A
2019-05-24 12:53:31,124 - INFO - allennlp.training.tensorboard_writer - em              |     0.016  |     0.022
2019-05-24 12:53:31,125 - INFO - allennlp.training.tensorboard_writer - f1              |     0.017  |     0.022
2019-05-24 12:53:31,125 - INFO - allennlp.training.tensorboard_writer - cpu_memory_MB   |  7251.388  |       N/A
2019-05-24 12:53:31,823 - INFO - allennlp.training.trainer - Epoch duration: 00:13:11
2019-05-24 12:53:31,823 - INFO - allennlp.training.trainer - Estimated training time remaining: 0:26:51
2019-05-24 12:53:31,824 - INFO - allennlp.training.trainer - Epoch 8/9
2019-05-24 12:53:31,824 - INFO - allennlp.training.trainer - Peak CPU memory usage MB: 7251.388
2019-05-24 12:53:31,901 - INFO - allennlp.training.trainer - GPU 0 memory usage MB: 4110
2019-05-24 12:53:31,904 - INFO - allennlp.training.trainer - Training
2019-05-24 13:06:06,987 - INFO - allennlp.training.trainer - Validating
2019-05-24 13:06:41,376 - INFO - allennlp.training.tensorboard_writer -                     Training |  Validation
2019-05-24 13:06:41,376 - INFO - allennlp.training.tensorboard_writer - loss            |    25.038  |   142.398
2019-05-24 13:06:41,377 - INFO - allennlp.training.tensorboard_writer - gpu_0_memory_MB |  4110.000  |       N/A
2019-05-24 13:06:41,377 - INFO - allennlp.training.tensorboard_writer - em              |     0.016  |     0.023
2019-05-24 13:06:41,377 - INFO - allennlp.training.tensorboard_writer - f1              |     0.017  |     0.023
2019-05-24 13:06:41,377 - INFO - allennlp.training.tensorboard_writer - cpu_memory_MB   |  7251.388  |       N/A
2019-05-24 13:06:42,079 - INFO - allennlp.training.trainer - Epoch duration: 00:13:10
2019-05-24 13:06:42,079 - INFO - allennlp.training.trainer - Estimated training time remaining: 0:13:24
2019-05-24 13:06:42,079 - INFO - allennlp.training.trainer - Epoch 9/9
2019-05-24 13:06:42,080 - INFO - allennlp.training.trainer - Peak CPU memory usage MB: 7251.388
2019-05-24 13:06:42,151 - INFO - allennlp.training.trainer - GPU 0 memory usage MB: 4110
2019-05-24 13:06:42,154 - INFO - allennlp.training.trainer - Training
2019-05-24 13:19:09,253 - INFO - allennlp.training.trainer - Validating
2019-05-24 13:19:43,587 - INFO - allennlp.training.tensorboard_writer -                     Training |  Validation
2019-05-24 13:19:43,588 - INFO - allennlp.training.tensorboard_writer - loss            |    24.602  |   141.995
2019-05-24 13:19:43,589 - INFO - allennlp.training.tensorboard_writer - gpu_0_memory_MB |  4110.000  |       N/A
2019-05-24 13:19:43,589 - INFO - allennlp.training.tensorboard_writer - em              |     0.016  |     0.024
2019-05-24 13:19:43,589 - INFO - allennlp.training.tensorboard_writer - f1              |     0.016  |     0.025
2019-05-24 13:19:43,590 - INFO - allennlp.training.tensorboard_writer - cpu_memory_MB   |  7251.388  |       N/A
2019-05-24 13:19:44,650 - INFO - allennlp.training.trainer - Epoch duration: 00:13:02
2019-05-24 13:19:44,650 - INFO - allennlp.training.checkpointer - loading best weights
